98.02.01 20:05 B D:\cdrom\grades\assn1.crs <-- www.vu.msu.edu /afs/msu/course/vu/egr124/cdrom/grades assn1.crs
98.02.01 20:05 B D:\cdrom\grades\assn1.htm <-- www.vu.msu.edu /afs/msu/course/vu/egr124/cdrom/grades assn1.htm
98.02.01 20:05 B D:\cdrom\grades\gaunt.crs <-- www.vu.msu.edu /afs/msu/course/vu/egr124/cdrom/grades gaunt.crs
98.02.01 20:05 B D:\cdrom\grades\gaunt.htm <-- www.vu.msu.edu /afs/msu/course/vu/egr124/cdrom/grades gaunt.htm
98.02.01 20:05 B D:\cdrom\grades\index.crs <-- www.vu.msu.edu /afs/msu/course/vu/egr124/cdrom/grades index.crs
98.02.01 20:05 B D:\cdrom\grades\index.htm <-- www.vu.msu.edu /afs/msu/course/vu/egr124/cdrom/grades index.htm
98.02.01 20:05 B D:\cdrom\grades\makeind.mnu <-- www.vu.msu.edu /afs/msu/course/vu/egr124/cdrom/grades makeind.mnu
98.02.01 20:05 B D:\cdrom\grades\makeind.sed <-- www.vu.msu.edu /afs/msu/course/vu/egr124/cdrom/grades makeind.sed
98.02.01 20:06 B D:\cdrom\grades\project.crs <-- www.vu.msu.edu /afs/msu/course/vu/egr124/cdrom/grades project.crs
98.02.01 20:06 B D:\cdrom\grades\project.htm <-- www.vu.msu.edu /afs/msu/course/vu/egr124/cdrom/grades project.htm
98.02.01 20:06 B D:\cdrom\grades\quiz1.htm <-- www.vu.msu.edu /afs/msu/course/vu/egr124/cdrom/grades quiz1.htm
98.02.01 20:06 B D:\cdrom\grades\quiz1f.htm <-- www.vu.msu.edu /afs/msu/course/vu/egr124/cdrom/grades quiz1f.htm
98.02.01 20:06 B D:\cdrom\grades\quiz2.htm <-- www.vu.msu.edu /afs/msu/course/vu/egr124/cdrom/grades quiz2.htm
98.02.01 20:06 B D:\cdrom\grades\top.htm <-- www.vu.msu.edu /afs/msu/course/vu/egr124/cdrom/grades top.htm
98.02.02 01:39 B D:\cdrom\grades\assn1.crs --> arctic.cps.msu.edu /user/cd/cps291/grades assn1.crs
98.02.02 01:39 B D:\cdrom\grades\assn1.htm --> arctic.cps.msu.edu /user/cd/cps291/grades assn1.htm
98.02.02 01:39 B D:\cdrom\grades\gaunt.crs --> arctic.cps.msu.edu /user/cd/cps291/grades gaunt.crs
98.02.02 01:39 B D:\cdrom\grades\gaunt.htm --> arctic.cps.msu.edu /user/cd/cps291/grades gaunt.htm
98.02.02 01:39 B D:\cdrom\grades\index.crs --> arctic.cps.msu.edu /user/cd/cps291/grades index.crs
98.02.02 01:39 B D:\cdrom\grades\index.htm --> arctic.cps.msu.edu /user/cd/cps291/grades index.htm
98.02.02 01:39 B D:\cdrom\grades\makeind.mnu --> arctic.cps.msu.edu /user/cd/cps291/grades makeind.mnu
98.02.02 01:39 B D:\cdrom\grades\makeind.sed --> arctic.cps.msu.edu /user/cd/cps291/grades makeind.sed
98.02.02 01:39 B D:\cdrom\grades\project.crs --> arctic.cps.msu.edu /user/cd/cps291/grades project.crs
98.02.02 01:39 B D:\cdrom\grades\project.htm --> arctic.cps.msu.edu /user/cd/cps291/grades project.htm
98.02.02 01:39 B D:\cdrom\grades\quiz1.htm --> arctic.cps.msu.edu /user/cd/cps291/grades quiz1.htm
98.02.02 01:39 B D:\cdrom\grades\quiz1f.htm --> arctic.cps.msu.edu /user/cd/cps291/grades quiz1f.htm
98.02.02 01:39 B D:\cdrom\grades\quiz2.htm --> arctic.cps.msu.edu /user/cd/cps291/grades quiz2.htm
98.02.02 01:39 B D:\cdrom\grades\top.htm --> arctic.cps.msu.edu /user/cd/cps291/grades top.htm
98.02.02 01:39 B D:\cdrom\grades\WS_FTP.LOG --> arctic.cps.msu.edu /user/cd/cps291/grades WS_FTP.LOG
98.02.02 09:23 B D:\cdrom\grades\assn1.crs <-- www.vu.msu.edu /afs/msu/course/vu/egr124/cdrom/grades assn1.crs
98.02.02 09:23 B D:\cdrom\grades\assn1.htm <-- www.vu.msu.edu /afs/msu/course/vu/egr124/cdrom/grades assn1.htm
98.02.02 09:23 B D:\cdrom\grades\gaunt.crs <-- www.vu.msu.edu /afs/msu/course/vu/egr124/cdrom/grades gaunt.crs
98.02.02 09:23 B D:\cdrom\grades\gaunt.htm <-- www.vu.msu.edu /afs/msu/course/vu/egr124/cdrom/grades gaunt.htm
98.02.02 09:23 B D:\cdrom\grades\index.crs <-- www.vu.msu.edu /afs/msu/course/vu/egr124/cdrom/grades index.crs
98.02.02 09:23 B D:\cdrom\grades\index.htm <-- www.vu.msu.edu /afs/msu/course/vu/egr124/cdrom/grades index.htm
98.02.02 09:23 B D:\cdrom\grades\makeind.mnu <-- www.vu.msu.edu /afs/msu/course/vu/egr124/cdrom/grades makeind.mnu
98.02.02 09:23 B D:\cdrom\grades\makeind.sed <-- www.vu.msu.edu /afs/msu/course/vu/egr124/cdrom/grades makeind.sed
98.02.02 09:23 B D:\cdrom\grades\project.crs <-- www.vu.msu.edu /afs/msu/course/vu/egr124/cdrom/grades project.crs
98.02.02 09:23 B D:\cdrom\grades\project.htm <-- www.vu.msu.edu /afs/msu/course/vu/egr124/cdrom/grades project.htm
98.02.02 09:23 B D:\cdrom\grades\quiz1.htm <-- www.vu.msu.edu /afs/msu/course/vu/egr124/cdrom/grades quiz1.htm
98.02.02 09:23 B D:\cdrom\grades\quiz1f.htm <-- www.vu.msu.edu /afs/msu/course/vu/egr124/cdrom/grades quiz1f.htm
98.02.02 09:23 B D:\cdrom\grades\quiz2.htm <-- www.vu.msu.edu /afs/msu/course/vu/egr124/cdrom/grades quiz2.htm
98.02.02 09:23 B D:\cdrom\grades\top.htm <-- www.vu.msu.edu /afs/msu/course/vu/egr124/cdrom/grades top.htm
98.02.02 09:31 B D:\cdrom\grades\assn1.htm <-- www.vu.msu.edu /afs/msu/course/vu/egr124/cdrom/grades assn1.htm
98.02.02 09:31 B D:\cdrom\grades\gaunt.crs <-- www.vu.msu.edu /afs/msu/course/vu/egr124/cdrom/grades gaunt.crs
98.02.02 09:31 B D:\cdrom\grades\gaunt.htm <-- www.vu.msu.edu /afs/msu/course/vu/egr124/cdrom/grades gaunt.htm
98.02.02 09:31 B D:\cdrom\grades\gtasks.crs <-- www.vu.msu.edu /afs/msu/course/vu/egr124/cdrom/grades gtasks.crs
98.02.02 09:31 B D:\cdrom\grades\gtasks.htm <-- www.vu.msu.edu /afs/msu/course/vu/egr124/cdrom/grades gtasks.htm
98.02.02 09:31 B D:\cdrom\grades\index.crs <-- www.vu.msu.edu /afs/msu/course/vu/egr124/cdrom/grades index.crs
98.02.02 09:31 B D:\cdrom\grades\index.htm <-- www.vu.msu.edu /afs/msu/course/vu/egr124/cdrom/grades index.htm
98.02.02 09:31 B D:\cdrom\grades\makeind.mnu <-- www.vu.msu.edu /afs/msu/course/vu/egr124/cdrom/grades makeind.mnu
98.02.02 09:31 B D:\cdrom\grades\makeind.sed <-- www.vu.msu.edu /afs/msu/course/vu/egr124/cdrom/grades makeind.sed
98.02.02 09:31 B D:\cdrom\grades\project.crs <-- www.vu.msu.edu /afs/msu/course/vu/egr124/cdrom/grades project.crs
98.02.02 09:31 B D:\cdrom\grades\project.htm <-- www.vu.msu.edu /afs/msu/course/vu/egr124/cdrom/grades project.htm
98.02.02 09:31 B D:\cdrom\grades\quiz1.htm <-- www.vu.msu.edu /afs/msu/course/vu/egr124/cdrom/grades quiz1.htm
98.02.02 09:31 B D:\cdrom\grades\quiz1f.htm <-- www.vu.msu.edu /afs/msu/course/vu/egr124/cdrom/grades quiz1f.htm
98.02.02 09:31 B D:\cdrom\grades\quiz2.htm <-- www.vu.msu.edu /afs/msu/course/vu/egr124/cdrom/grades quiz2.htm
98.02.02 09:31 B D:\cdrom\grades\top.htm <-- www.vu.msu.edu /afs/msu/course/vu/egr124/cdrom/grades top.htm
98.02.02 09:53 B D:\cdrom\grades\assn1.crs --> arctic.cps.msu.edu /user/cd/cps291/grades assn1.crs
98.02.02 09:53 B D:\cdrom\grades\assn1.htm --> arctic.cps.msu.edu /user/cd/cps291/grades assn1.htm
98.02.02 09:53 B D:\cdrom\grades\gaunt.crs --> arctic.cps.msu.edu /user/cd/cps291/grades gaunt.crs
98.02.02 09:53 B D:\cdrom\grades\gaunt.htm --> arctic.cps.msu.edu /user/cd/cps291/grades gaunt.htm
98.02.02 09:53 B D:\cdrom\grades\gtasks.crs --> arctic.cps.msu.edu /user/cd/cps291/grades gtasks.crs
98.02.02 09:53 B D:\cdrom\grades\gtasks.htm --> arctic.cps.msu.edu /user/cd/cps291/grades gtasks.htm
98.02.02 09:53 B D:\cdrom\grades\index.crs --> arctic.cps.msu.edu /user/cd/cps291/grades index.crs
98.02.02 09:53 B D:\cdrom\grades\index.htm --> arctic.cps.msu.edu /user/cd/cps291/grades index.htm
98.02.02 09:53 B D:\cdrom\grades\makeind.mnu --> arctic.cps.msu.edu /user/cd/cps291/grades makeind.mnu
98.02.02 09:53 B D:\cdrom\grades\makeind.sed --> arctic.cps.msu.edu /user/cd/cps291/grades makeind.sed
98.02.02 09:53 B D:\cdrom\grades\project.crs --> arctic.cps.msu.edu /user/cd/cps291/grades project.crs
98.02.02 09:53 B D:\cdrom\grades\project.htm --> arctic.cps.msu.edu /user/cd/cps291/grades project.htm
98.02.02 09:53 B D:\cdrom\grades\quiz1.htm --> arctic.cps.msu.edu /user/cd/cps291/grades quiz1.htm
98.02.02 09:53 B D:\cdrom\grades\quiz1f.htm --> arctic.cps.msu.edu /user/cd/cps291/grades quiz1f.htm
98.02.02 09:53 B D:\cdrom\grades\quiz2.htm --> arctic.cps.msu.edu /user/cd/cps291/grades quiz2.htm
98.02.02 09:53 B D:\cdrom\grades\top.htm --> arctic.cps.msu.edu /user/cd/cps291/grades top.htm
98.02.02 09:53 B D:\cdrom\grades\WS_FTP.LOG --> arctic.cps.msu.edu /user/cd/cps291/grades WS_FTP.LOG
98.03.12 22:30 B D:\cdrom\grades\assn1.htm <-- www.vu.msu.edu /afs/msu/course/vu/egr124/cdrom/grades assn1.htm
98.03.12 22:30 B D:\cdrom\grades\gaunt.crs <-- www.vu.msu.edu /afs/msu/course/vu/egr124/cdrom/grades gaunt.crs
98.03.12 22:30 B D:\cdrom\grades\gaunt.htm <-- www.vu.msu.edu /afs/msu/course/vu/egr124/cdrom/grades gaunt.htm
98.03.12 22:30 B D:\cdrom\grades\gtasks.crs <-- www.vu.msu.edu /afs/msu/course/vu/egr124/cdrom/grades gtasks.crs
98.03.12 22:30 B D:\cdrom\grades\gtasks.htm <-- www.vu.msu.edu /afs/msu/course/vu/egr124/cdrom/grades gtasks.htm
98.03.12 22:30 B D:\cdrom\grades\index.crs <-- www.vu.msu.edu /afs/msu/course/vu/egr124/cdrom/grades index.crs
98.03.12 22:30 B D:\cdrom\grades\index.htm <-- www.vu.msu.edu /afs/msu/course/vu/egr124/cdrom/grades index.htm
98.03.12 22:30 B D:\cdrom\grades\makeind.mnu <-- www.vu.msu.edu /afs/msu/course/vu/egr124/cdrom/grades makeind.mnu
98.03.12 22:30 B D:\cdrom\grades\makeind.sed <-- www.vu.msu.edu /afs/msu/course/vu/egr124/cdrom/grades makeind.sed
98.03.12 22:30 B D:\cdrom\grades\mid1.htm <-- www.vu.msu.edu /afs/msu/course/vu/egr124/cdrom/grades mid1.htm
98.03.12 22:30 B D:\cdrom\grades\project.crs <-- www.vu.msu.edu /afs/msu/course/vu/egr124/cdrom/grades project.crs
98.03.12 22:30 B D:\cdrom\grades\project.htm <-- www.vu.msu.edu /afs/msu/course/vu/egr124/cdrom/grades project.htm
98.03.12 22:30 B D:\cdrom\grades\quiz1.htm <-- www.vu.msu.edu /afs/msu/course/vu/egr124/cdrom/grades quiz1.htm
98.03.12 22:30 B D:\cdrom\grades\quiz1f.htm <-- www.vu.msu.edu /afs/msu/course/vu/egr124/cdrom/grades quiz1f.htm
98.03.12 22:30 B D:\cdrom\grades\quiz2.htm <-- www.vu.msu.edu /afs/msu/course/vu/egr124/cdrom/grades quiz2.htm
98.03.12 22:30 B D:\cdrom\grades\quiz3.htm <-- www.vu.msu.edu /afs/msu/course/vu/egr124/cdrom/grades quiz3.htm
98.03.12 22:30 B D:\cdrom\grades\quiz4.htm <-- www.vu.msu.edu /afs/msu/course/vu/egr124/cdrom/grades quiz4.htm
98.03.12 22:30 B D:\cdrom\grades\quiz5.htm <-- www.vu.msu.edu /afs/msu/course/vu/egr124/cdrom/grades quiz5.htm
98.03.12 22:30 B D:\cdrom\grades\top.htm <-- www.vu.msu.edu /afs/msu/course/vu/egr124/cdrom/grades top.htm
98.03.12 23:10 B D:\cdrom\grades\assn1.crs --> cps.msu.edu /user/cd/cps291/grades assn1.crs
98.03.12 23:10 B D:\cdrom\grades\assn1.htm --> cps.msu.edu /user/cd/cps291/grades assn1.htm
98.03.12 23:10 B D:\cdrom\grades\gaunt.crs --> cps.msu.edu /user/cd/cps291/grades gaunt.crs
98.03.12 23:10 B D:\cdrom\grades\gaunt.htm --> cps.msu.edu /user/cd/cps291/grades gaunt.htm
98.03.12 23:10 B D:\cdrom\grades\gtasks.crs --> cps.msu.edu /user/cd/cps291/grades gtasks.crs
98.03.12 23:10 B D:\cdrom\grades\gtasks.htm --> cps.msu.edu /user/cd/cps291/grades gtasks.htm
98.03.12 23:10 B D:\cdrom\grades\index.crs --> cps.msu.edu /user/cd/cps291/grades index.crs
98.03.12 23:10 B D:\cdrom\grades\index.htm --> cps.msu.edu /user/cd/cps291/grades index.htm
98.03.12 23:10 B D:\cdrom\grades\makeind.mnu --> cps.msu.edu /user/cd/cps291/grades makeind.mnu
98.03.12 23:10 B D:\cdrom\grades\makeind.sed --> cps.msu.edu /user/cd/cps291/grades makeind.sed
98.03.12 23:10 B D:\cdrom\grades\mid1.htm --> cps.msu.edu /user/cd/cps291/grades mid1.htm
98.03.12 23:10 B D:\cdrom\grades\project.crs --> cps.msu.edu /user/cd/cps291/grades project.crs
98.03.12 23:10 B D:\cdrom\grades\project.htm --> cps.msu.edu /user/cd/cps291/grades project.htm
98.03.12 23:10 B D:\cdrom\grades\quiz1.htm --> cps.msu.edu /user/cd/cps291/grades quiz1.htm
98.03.12 23:10 B D:\cdrom\grades\quiz1f.htm --> cps.msu.edu /user/cd/cps291/grades quiz1f.htm
98.03.12 23:10 B D:\cdrom\grades\quiz2.htm --> cps.msu.edu /user/cd/cps291/grades quiz2.htm
98.03.12 23:10 B D:\cdrom\grades\quiz3.htm --> cps.msu.edu /user/cd/cps291/grades quiz3.htm
98.03.12 23:10 B D:\cdrom\grades\quiz4.htm --> cps.msu.edu /user/cd/cps291/grades quiz4.htm
98.03.12 23:10 B D:\cdrom\grades\quiz5.htm --> cps.msu.edu /user/cd/cps291/grades quiz5.htm
98.03.12 23:10 B D:\cdrom\grades\top.htm --> cps.msu.edu /user/cd/cps291/grades top.htm
98.03.12 23:11 B D:\cdrom\grades\WS_FTP.LOG --> cps.msu.edu /user/cd/cps291/grades WS_FTP.LOG
98.03.13 00:01 B D:\cdrom\grades\assn1.crs --> cps.msu.edu /user/cd/cps291/grades assn1.crs
98.03.13 00:01 B D:\cdrom\grades\assn1.htm --> cps.msu.edu /user/cd/cps291/grades assn1.htm
98.03.13 00:01 B D:\cdrom\grades\gaunt.crs --> cps.msu.edu /user/cd/cps291/grades gaunt.crs
98.03.13 00:01 B D:\cdrom\grades\gaunt.htm --> cps.msu.edu /user/cd/cps291/grades gaunt.htm
98.03.13 00:01 B D:\cdrom\grades\gtasks.crs --> cps.msu.edu /user/cd/cps291/grades gtasks.crs
98.03.13 00:01 B D:\cdrom\grades\gtasks.htm --> cps.msu.edu /user/cd/cps291/grades gtasks.htm
98.03.13 00:01 B D:\cdrom\grades\index.crs --> cps.msu.edu /user/cd/cps291/grades index.crs
98.03.13 00:01 B D:\cdrom\grades\index.htm --> cps.msu.edu /user/cd/cps291/grades index.htm
98.03.13 00:01 B D:\cdrom\grades\makeind.mnu --> cps.msu.edu /user/cd/cps291/grades makeind.mnu
98.03.13 00:01 B D:\cdrom\grades\makeind.sed --> cps.msu.edu /user/cd/cps291/grades makeind.sed
98.03.13 00:01 B D:\cdrom\grades\mid1.htm --> cps.msu.edu /user/cd/cps291/grades mid1.htm
98.03.13 00:01 B D:\cdrom\grades\project.crs --> cps.msu.edu /user/cd/cps291/grades project.crs
98.03.13 00:01 B D:\cdrom\grades\project.htm --> cps.msu.edu /user/cd/cps291/grades project.htm
98.03.13 00:01 B D:\cdrom\grades\quiz1.htm --> cps.msu.edu /user/cd/cps291/grades quiz1.htm
98.03.13 00:01 B D:\cdrom\grades\quiz1f.htm --> cps.msu.edu /user/cd/cps291/grades quiz1f.htm
98.03.13 00:01 B D:\cdrom\grades\quiz2.htm --> cps.msu.edu /user/cd/cps291/grades quiz2.htm
98.03.13 00:01 B D:\cdrom\grades\quiz3.htm --> cps.msu.edu /user/cd/cps291/grades quiz3.htm
98.03.13 00:01 B D:\cdrom\grades\quiz4.htm --> cps.msu.edu /user/cd/cps291/grades quiz4.htm
98.03.13 00:01 B D:\cdrom\grades\quiz5.htm --> cps.msu.edu /user/cd/cps291/grades quiz5.htm
98.03.13 00:01 B D:\cdrom\grades\top.htm --> cps.msu.edu /user/cd/cps291/grades top.htm
98.03.13 00:01 B D:\cdrom\grades\WS_FTP.LOG --> cps.msu.edu /user/cd/cps291/grades WS_FTP.LOG
98.03.13 08:58 B D:\cdrom\grades\assn1.crs --> cps.msu.edu /user/cd/cps291/grades assn1.crs
98.03.13 08:58 B D:\cdrom\grades\assn1.htm --> cps.msu.edu /user/cd/cps291/grades assn1.htm
98.03.13 08:58 B D:\cdrom\grades\gaunt.crs --> cps.msu.edu /user/cd/cps291/grades gaunt.crs
98.03.13 08:58 B D:\cdrom\grades\gaunt.htm --> cps.msu.edu /user/cd/cps291/grades gaunt.htm
98.03.13 08:58 B D:\cdrom\grades\gtasks.crs --> cps.msu.edu /user/cd/cps291/grades gtasks.crs
98.03.13 08:58 B D:\cdrom\grades\gtasks.htm --> cps.msu.edu /user/cd/cps291/grades gtasks.htm
98.03.13 08:58 B D:\cdrom\grades\index.crs --> cps.msu.edu /user/cd/cps291/grades index.crs
98.03.13 08:58 B D:\cdrom\grades\index.htm --> cps.msu.edu /user/cd/cps291/grades index.htm
98.03.13 08:58 B D:\cdrom\grades\makeind.mnu --> cps.msu.edu /user/cd/cps291/grades makeind.mnu
98.03.13 08:58 B D:\cdrom\grades\makeind.sed --> cps.msu.edu /user/cd/cps291/grades makeind.sed
98.03.13 08:58 B D:\cdrom\grades\mid1.htm --> cps.msu.edu /user/cd/cps291/grades mid1.htm
98.03.13 08:58 B D:\cdrom\grades\project.crs --> cps.msu.edu /user/cd/cps291/grades project.crs
98.03.13 08:58 B D:\cdrom\grades\project.htm --> cps.msu.edu /user/cd/cps291/grades project.htm
98.03.13 08:58 B D:\cdrom\grades\quiz1.htm --> cps.msu.edu /user/cd/cps291/grades quiz1.htm
98.03.13 08:58 B D:\cdrom\grades\quiz1f.htm --> cps.msu.edu /user/cd/cps291/grades quiz1f.htm
98.03.13 08:58 B D:\cdrom\grades\quiz2.htm --> cps.msu.edu /user/cd/cps291/grades quiz2.htm
98.03.13 08:58 B D:\cdrom\grades\quiz3.htm --> cps.msu.edu /user/cd/cps291/grades quiz3.htm
98.03.13 08:58 B D:\cdrom\grades\quiz4.htm --> cps.msu.edu /user/cd/cps291/grades quiz4.htm
98.03.13 08:58 B D:\cdrom\grades\quiz5.htm --> cps.msu.edu /user/cd/cps291/grades quiz5.htm
98.03.13 08:58 B D:\cdrom\grades\top.htm --> cps.msu.edu /user/cd/cps291/grades top.htm
98.03.13 08:58 B D:\cdrom\grades\WS_FTP.LOG --> cps.msu.edu /user/cd/cps291/grades WS_FTP.LOG
