98.02.23 23:10 B C:\syncomat\copy\bnet\aaindex.crs <-- www.vu.msu.edu /home/egr124/stage aaindex.crs
98.02.23 23:10 B C:\syncomat\copy\bnet\index.htm <-- www.vu.msu.edu /home/egr124/stage index.htm
98.02.23 23:10 B C:\syncomat\copy\bnet\index.crs <-- www.vu.msu.edu /home/egr124/stage index.crs
98.03.12 23:18 B D:\cdrom\lectures\bnet\aaindex.crs --> cps.msu.edu /user/cd/cps291/lectures/bnet aaindex.crs
98.03.12 23:18 B D:\cdrom\lectures\bnet\aaindex.htm --> cps.msu.edu /user/cd/cps291/lectures/bnet aaindex.htm
98.03.12 23:18 B D:\cdrom\lectures\bnet\af001.htm --> cps.msu.edu /user/cd/cps291/lectures/bnet af001.htm
98.03.12 23:18 B D:\cdrom\lectures\bnet\af002.htm --> cps.msu.edu /user/cd/cps291/lectures/bnet af002.htm
98.03.12 23:18 B D:\cdrom\lectures\bnet\af003.htm --> cps.msu.edu /user/cd/cps291/lectures/bnet af003.htm
98.03.12 23:18 B D:\cdrom\lectures\bnet\af004.htm --> cps.msu.edu /user/cd/cps291/lectures/bnet af004.htm
98.03.12 23:18 B D:\cdrom\lectures\bnet\af005.htm --> cps.msu.edu /user/cd/cps291/lectures/bnet af005.htm
98.03.12 23:18 B D:\cdrom\lectures\bnet\af006.htm --> cps.msu.edu /user/cd/cps291/lectures/bnet af006.htm
98.03.12 23:18 B D:\cdrom\lectures\bnet\af007.htm --> cps.msu.edu /user/cd/cps291/lectures/bnet af007.htm
98.03.12 23:18 B D:\cdrom\lectures\bnet\af008.htm --> cps.msu.edu /user/cd/cps291/lectures/bnet af008.htm
98.03.12 23:18 B D:\cdrom\lectures\bnet\af009.htm --> cps.msu.edu /user/cd/cps291/lectures/bnet af009.htm
98.03.12 23:18 B D:\cdrom\lectures\bnet\af010.htm --> cps.msu.edu /user/cd/cps291/lectures/bnet af010.htm
98.03.12 23:18 B D:\cdrom\lectures\bnet\af011.htm --> cps.msu.edu /user/cd/cps291/lectures/bnet af011.htm
98.03.12 23:18 B D:\cdrom\lectures\bnet\af012.htm --> cps.msu.edu /user/cd/cps291/lectures/bnet af012.htm
98.03.12 23:18 B D:\cdrom\lectures\bnet\af013.htm --> cps.msu.edu /user/cd/cps291/lectures/bnet af013.htm
98.03.12 23:18 B D:\cdrom\lectures\bnet\af014.htm --> cps.msu.edu /user/cd/cps291/lectures/bnet af014.htm
98.03.12 23:18 B D:\cdrom\lectures\bnet\af015.htm --> cps.msu.edu /user/cd/cps291/lectures/bnet af015.htm
98.03.12 23:18 B D:\cdrom\lectures\bnet\af016.htm --> cps.msu.edu /user/cd/cps291/lectures/bnet af016.htm
98.03.12 23:18 B D:\cdrom\lectures\bnet\af017.htm --> cps.msu.edu /user/cd/cps291/lectures/bnet af017.htm
98.03.12 23:18 B D:\cdrom\lectures\bnet\af018.htm --> cps.msu.edu /user/cd/cps291/lectures/bnet af018.htm
98.03.12 23:18 B D:\cdrom\lectures\bnet\af019.htm --> cps.msu.edu /user/cd/cps291/lectures/bnet af019.htm
98.03.12 23:18 B D:\cdrom\lectures\bnet\af020.htm --> cps.msu.edu /user/cd/cps291/lectures/bnet af020.htm
98.03.12 23:18 B D:\cdrom\lectures\bnet\af021.htm --> cps.msu.edu /user/cd/cps291/lectures/bnet af021.htm
98.03.12 23:18 B D:\cdrom\lectures\bnet\af022.htm --> cps.msu.edu /user/cd/cps291/lectures/bnet af022.htm
98.03.12 23:18 B D:\cdrom\lectures\bnet\af023.htm --> cps.msu.edu /user/cd/cps291/lectures/bnet af023.htm
98.03.12 23:18 B D:\cdrom\lectures\bnet\af024.htm --> cps.msu.edu /user/cd/cps291/lectures/bnet af024.htm
98.03.12 23:18 B D:\cdrom\lectures\bnet\af025.htm --> cps.msu.edu /user/cd/cps291/lectures/bnet af025.htm
98.03.12 23:18 B D:\cdrom\lectures\bnet\af026.htm --> cps.msu.edu /user/cd/cps291/lectures/bnet af026.htm
98.03.12 23:18 B D:\cdrom\lectures\bnet\af027.htm --> cps.msu.edu /user/cd/cps291/lectures/bnet af027.htm
98.03.12 23:18 B D:\cdrom\lectures\bnet\af028.htm --> cps.msu.edu /user/cd/cps291/lectures/bnet af028.htm
98.03.12 23:18 B D:\cdrom\lectures\bnet\af029.htm --> cps.msu.edu /user/cd/cps291/lectures/bnet af029.htm
98.03.12 23:18 B D:\cdrom\lectures\bnet\af030.htm --> cps.msu.edu /user/cd/cps291/lectures/bnet af030.htm
98.03.12 23:18 B D:\cdrom\lectures\bnet\af031.htm --> cps.msu.edu /user/cd/cps291/lectures/bnet af031.htm
98.03.12 23:18 B D:\cdrom\lectures\bnet\af032.htm --> cps.msu.edu /user/cd/cps291/lectures/bnet af032.htm
98.03.12 23:18 B D:\cdrom\lectures\bnet\af033.htm --> cps.msu.edu /user/cd/cps291/lectures/bnet af033.htm
98.03.12 23:18 B D:\cdrom\lectures\bnet\af034.htm --> cps.msu.edu /user/cd/cps291/lectures/bnet af034.htm
98.03.12 23:18 B D:\cdrom\lectures\bnet\af035.htm --> cps.msu.edu /user/cd/cps291/lectures/bnet af035.htm
98.03.12 23:18 B D:\cdrom\lectures\bnet\af036.htm --> cps.msu.edu /user/cd/cps291/lectures/bnet af036.htm
98.03.12 23:18 B D:\cdrom\lectures\bnet\af037.htm --> cps.msu.edu /user/cd/cps291/lectures/bnet af037.htm
98.03.12 23:18 B D:\cdrom\lectures\bnet\af038.htm --> cps.msu.edu /user/cd/cps291/lectures/bnet af038.htm
98.03.12 23:18 B D:\cdrom\lectures\bnet\af039.htm --> cps.msu.edu /user/cd/cps291/lectures/bnet af039.htm
98.03.12 23:18 B D:\cdrom\lectures\bnet\af040.htm --> cps.msu.edu /user/cd/cps291/lectures/bnet af040.htm
98.03.12 23:18 B D:\cdrom\lectures\bnet\an001.htm --> cps.msu.edu /user/cd/cps291/lectures/bnet an001.htm
98.03.12 23:18 B D:\cdrom\lectures\bnet\an002.htm --> cps.msu.edu /user/cd/cps291/lectures/bnet an002.htm
98.03.12 23:18 B D:\cdrom\lectures\bnet\an003.htm --> cps.msu.edu /user/cd/cps291/lectures/bnet an003.htm
98.03.12 23:18 B D:\cdrom\lectures\bnet\an004.htm --> cps.msu.edu /user/cd/cps291/lectures/bnet an004.htm
98.03.12 23:18 B D:\cdrom\lectures\bnet\an005.htm --> cps.msu.edu /user/cd/cps291/lectures/bnet an005.htm
98.03.12 23:18 B D:\cdrom\lectures\bnet\an006.htm --> cps.msu.edu /user/cd/cps291/lectures/bnet an006.htm
98.03.12 23:18 B D:\cdrom\lectures\bnet\an007.htm --> cps.msu.edu /user/cd/cps291/lectures/bnet an007.htm
98.03.12 23:18 B D:\cdrom\lectures\bnet\an008.htm --> cps.msu.edu /user/cd/cps291/lectures/bnet an008.htm
98.03.12 23:18 B D:\cdrom\lectures\bnet\an009.htm --> cps.msu.edu /user/cd/cps291/lectures/bnet an009.htm
98.03.12 23:18 B D:\cdrom\lectures\bnet\an010.htm --> cps.msu.edu /user/cd/cps291/lectures/bnet an010.htm
98.03.12 23:18 B D:\cdrom\lectures\bnet\an011.htm --> cps.msu.edu /user/cd/cps291/lectures/bnet an011.htm
98.03.12 23:18 B D:\cdrom\lectures\bnet\an012.htm --> cps.msu.edu /user/cd/cps291/lectures/bnet an012.htm
98.03.12 23:18 B D:\cdrom\lectures\bnet\an013.htm --> cps.msu.edu /user/cd/cps291/lectures/bnet an013.htm
98.03.12 23:18 B D:\cdrom\lectures\bnet\an014.htm --> cps.msu.edu /user/cd/cps291/lectures/bnet an014.htm
98.03.12 23:18 B D:\cdrom\lectures\bnet\an015.htm --> cps.msu.edu /user/cd/cps291/lectures/bnet an015.htm
98.03.12 23:18 B D:\cdrom\lectures\bnet\an016.htm --> cps.msu.edu /user/cd/cps291/lectures/bnet an016.htm
98.03.12 23:18 B D:\cdrom\lectures\bnet\an017.htm --> cps.msu.edu /user/cd/cps291/lectures/bnet an017.htm
98.03.12 23:18 B D:\cdrom\lectures\bnet\an018.htm --> cps.msu.edu /user/cd/cps291/lectures/bnet an018.htm
98.03.12 23:18 B D:\cdrom\lectures\bnet\an019.htm --> cps.msu.edu /user/cd/cps291/lectures/bnet an019.htm
98.03.12 23:19 B D:\cdrom\lectures\bnet\an020.htm --> cps.msu.edu /user/cd/cps291/lectures/bnet an020.htm
98.03.12 23:19 B D:\cdrom\lectures\bnet\an021.htm --> cps.msu.edu /user/cd/cps291/lectures/bnet an021.htm
98.03.12 23:19 B D:\cdrom\lectures\bnet\an022.htm --> cps.msu.edu /user/cd/cps291/lectures/bnet an022.htm
98.03.12 23:19 B D:\cdrom\lectures\bnet\an023.htm --> cps.msu.edu /user/cd/cps291/lectures/bnet an023.htm
98.03.12 23:19 B D:\cdrom\lectures\bnet\an024.htm --> cps.msu.edu /user/cd/cps291/lectures/bnet an024.htm
98.03.12 23:19 B D:\cdrom\lectures\bnet\an025.htm --> cps.msu.edu /user/cd/cps291/lectures/bnet an025.htm
98.03.12 23:19 B D:\cdrom\lectures\bnet\an026.htm --> cps.msu.edu /user/cd/cps291/lectures/bnet an026.htm
98.03.12 23:19 B D:\cdrom\lectures\bnet\an027.htm --> cps.msu.edu /user/cd/cps291/lectures/bnet an027.htm
98.03.12 23:19 B D:\cdrom\lectures\bnet\an028.htm --> cps.msu.edu /user/cd/cps291/lectures/bnet an028.htm
98.03.12 23:19 B D:\cdrom\lectures\bnet\an029.htm --> cps.msu.edu /user/cd/cps291/lectures/bnet an029.htm
98.03.12 23:19 B D:\cdrom\lectures\bnet\an030.htm --> cps.msu.edu /user/cd/cps291/lectures/bnet an030.htm
98.03.12 23:19 B D:\cdrom\lectures\bnet\an031.htm --> cps.msu.edu /user/cd/cps291/lectures/bnet an031.htm
98.03.12 23:19 B D:\cdrom\lectures\bnet\an032.htm --> cps.msu.edu /user/cd/cps291/lectures/bnet an032.htm
98.03.12 23:19 B D:\cdrom\lectures\bnet\an033.htm --> cps.msu.edu /user/cd/cps291/lectures/bnet an033.htm
98.03.12 23:19 B D:\cdrom\lectures\bnet\an034.htm --> cps.msu.edu /user/cd/cps291/lectures/bnet an034.htm
98.03.12 23:19 B D:\cdrom\lectures\bnet\an035.htm --> cps.msu.edu /user/cd/cps291/lectures/bnet an035.htm
98.03.12 23:19 B D:\cdrom\lectures\bnet\an036.htm --> cps.msu.edu /user/cd/cps291/lectures/bnet an036.htm
98.03.12 23:19 B D:\cdrom\lectures\bnet\an037.htm --> cps.msu.edu /user/cd/cps291/lectures/bnet an037.htm
98.03.12 23:19 B D:\cdrom\lectures\bnet\an038.htm --> cps.msu.edu /user/cd/cps291/lectures/bnet an038.htm
98.03.12 23:19 B D:\cdrom\lectures\bnet\an039.htm --> cps.msu.edu /user/cd/cps291/lectures/bnet an039.htm
98.03.12 23:19 B D:\cdrom\lectures\bnet\an040.htm --> cps.msu.edu /user/cd/cps291/lectures/bnet an040.htm
98.03.12 23:19 B D:\cdrom\lectures\bnet\ar001.rpm --> cps.msu.edu /user/cd/cps291/lectures/bnet ar001.rpm
98.03.12 23:19 B D:\cdrom\lectures\bnet\ar002.rpm --> cps.msu.edu /user/cd/cps291/lectures/bnet ar002.rpm
98.03.12 23:19 B D:\cdrom\lectures\bnet\ar003.rpm --> cps.msu.edu /user/cd/cps291/lectures/bnet ar003.rpm
98.03.12 23:19 B D:\cdrom\lectures\bnet\ar004.rpm --> cps.msu.edu /user/cd/cps291/lectures/bnet ar004.rpm
98.03.12 23:19 B D:\cdrom\lectures\bnet\ar005.rpm --> cps.msu.edu /user/cd/cps291/lectures/bnet ar005.rpm
98.03.12 23:19 B D:\cdrom\lectures\bnet\ar006.rpm --> cps.msu.edu /user/cd/cps291/lectures/bnet ar006.rpm
98.03.12 23:19 B D:\cdrom\lectures\bnet\ar007.rpm --> cps.msu.edu /user/cd/cps291/lectures/bnet ar007.rpm
98.03.12 23:19 B D:\cdrom\lectures\bnet\ar008.rpm --> cps.msu.edu /user/cd/cps291/lectures/bnet ar008.rpm
98.03.12 23:19 B D:\cdrom\lectures\bnet\ar009.rpm --> cps.msu.edu /user/cd/cps291/lectures/bnet ar009.rpm
98.03.12 23:19 B D:\cdrom\lectures\bnet\ar010.rpm --> cps.msu.edu /user/cd/cps291/lectures/bnet ar010.rpm
98.03.12 23:19 B D:\cdrom\lectures\bnet\ar011.rpm --> cps.msu.edu /user/cd/cps291/lectures/bnet ar011.rpm
98.03.12 23:19 B D:\cdrom\lectures\bnet\ar012.rpm --> cps.msu.edu /user/cd/cps291/lectures/bnet ar012.rpm
98.03.12 23:19 B D:\cdrom\lectures\bnet\ar013.rpm --> cps.msu.edu /user/cd/cps291/lectures/bnet ar013.rpm
98.03.12 23:19 B D:\cdrom\lectures\bnet\ar014.rpm --> cps.msu.edu /user/cd/cps291/lectures/bnet ar014.rpm
98.03.12 23:19 B D:\cdrom\lectures\bnet\ar015.rpm --> cps.msu.edu /user/cd/cps291/lectures/bnet ar015.rpm
98.03.12 23:19 B D:\cdrom\lectures\bnet\ar016.rpm --> cps.msu.edu /user/cd/cps291/lectures/bnet ar016.rpm
98.03.12 23:19 B D:\cdrom\lectures\bnet\ar017.rpm --> cps.msu.edu /user/cd/cps291/lectures/bnet ar017.rpm
98.03.12 23:19 B D:\cdrom\lectures\bnet\ar018.rpm --> cps.msu.edu /user/cd/cps291/lectures/bnet ar018.rpm
98.03.12 23:19 B D:\cdrom\lectures\bnet\ar019.rpm --> cps.msu.edu /user/cd/cps291/lectures/bnet ar019.rpm
98.03.12 23:19 B D:\cdrom\lectures\bnet\ar020.rpm --> cps.msu.edu /user/cd/cps291/lectures/bnet ar020.rpm
98.03.12 23:19 B D:\cdrom\lectures\bnet\ar021.rpm --> cps.msu.edu /user/cd/cps291/lectures/bnet ar021.rpm
98.03.12 23:19 B D:\cdrom\lectures\bnet\ar022.rpm --> cps.msu.edu /user/cd/cps291/lectures/bnet ar022.rpm
98.03.12 23:19 B D:\cdrom\lectures\bnet\ar023.rpm --> cps.msu.edu /user/cd/cps291/lectures/bnet ar023.rpm
98.03.12 23:19 B D:\cdrom\lectures\bnet\ar024.rpm --> cps.msu.edu /user/cd/cps291/lectures/bnet ar024.rpm
98.03.12 23:19 B D:\cdrom\lectures\bnet\ar025.rpm --> cps.msu.edu /user/cd/cps291/lectures/bnet ar025.rpm
98.03.12 23:19 B D:\cdrom\lectures\bnet\ar026.rpm --> cps.msu.edu /user/cd/cps291/lectures/bnet ar026.rpm
98.03.12 23:19 B D:\cdrom\lectures\bnet\ar027.rpm --> cps.msu.edu /user/cd/cps291/lectures/bnet ar027.rpm
98.03.12 23:19 B D:\cdrom\lectures\bnet\ar028.rpm --> cps.msu.edu /user/cd/cps291/lectures/bnet ar028.rpm
98.03.12 23:19 B D:\cdrom\lectures\bnet\ar029.rpm --> cps.msu.edu /user/cd/cps291/lectures/bnet ar029.rpm
98.03.12 23:19 B D:\cdrom\lectures\bnet\ar030.rpm --> cps.msu.edu /user/cd/cps291/lectures/bnet ar030.rpm
98.03.12 23:19 B D:\cdrom\lectures\bnet\ar031.rpm --> cps.msu.edu /user/cd/cps291/lectures/bnet ar031.rpm
98.03.12 23:19 B D:\cdrom\lectures\bnet\ar032.rpm --> cps.msu.edu /user/cd/cps291/lectures/bnet ar032.rpm
98.03.12 23:19 B D:\cdrom\lectures\bnet\ar033.rpm --> cps.msu.edu /user/cd/cps291/lectures/bnet ar033.rpm
98.03.12 23:19 B D:\cdrom\lectures\bnet\ar034.rpm --> cps.msu.edu /user/cd/cps291/lectures/bnet ar034.rpm
98.03.12 23:19 B D:\cdrom\lectures\bnet\ar035.rpm --> cps.msu.edu /user/cd/cps291/lectures/bnet ar035.rpm
98.03.12 23:19 B D:\cdrom\lectures\bnet\ar036.rpm --> cps.msu.edu /user/cd/cps291/lectures/bnet ar036.rpm
98.03.12 23:19 B D:\cdrom\lectures\bnet\ar037.rpm --> cps.msu.edu /user/cd/cps291/lectures/bnet ar037.rpm
98.03.12 23:19 B D:\cdrom\lectures\bnet\ar038.rpm --> cps.msu.edu /user/cd/cps291/lectures/bnet ar038.rpm
98.03.12 23:19 B D:\cdrom\lectures\bnet\ar039.rpm --> cps.msu.edu /user/cd/cps291/lectures/bnet ar039.rpm
98.03.12 23:19 B D:\cdrom\lectures\bnet\ar040.rpm --> cps.msu.edu /user/cd/cps291/lectures/bnet ar040.rpm
98.03.12 23:19 B D:\cdrom\lectures\bnet\bnet1.ra --> cps.msu.edu /user/cd/cps291/lectures/bnet bnet1.ra
98.03.12 23:19 B D:\cdrom\lectures\bnet\bnet1.rat --> cps.msu.edu /user/cd/cps291/lectures/bnet bnet1.rat
98.03.12 23:19 B D:\cdrom\lectures\bnet\bnet1.rm --> cps.msu.edu /user/cd/cps291/lectures/bnet bnet1.rm
98.03.12 23:19 B D:\cdrom\lectures\bnet\bnet1a.ram --> cps.msu.edu /user/cd/cps291/lectures/bnet bnet1a.ram
98.03.12 23:19 B D:\cdrom\lectures\bnet\bnet1a.rpm --> cps.msu.edu /user/cd/cps291/lectures/bnet bnet1a.rpm
98.03.12 23:19 B D:\cdrom\lectures\bnet\bnet1af.htm --> cps.msu.edu /user/cd/cps291/lectures/bnet bnet1af.htm
98.03.12 23:19 B D:\cdrom\lectures\bnet\bnet1an.htm --> cps.msu.edu /user/cd/cps291/lectures/bnet bnet1an.htm
98.03.12 23:19 B D:\cdrom\lectures\bnet\bnet1ap.ram --> cps.msu.edu /user/cd/cps291/lectures/bnet bnet1ap.ram
98.03.12 23:19 B D:\cdrom\lectures\bnet\bnet1v.ram --> cps.msu.edu /user/cd/cps291/lectures/bnet bnet1v.ram
98.03.12 23:19 B D:\cdrom\lectures\bnet\bnet1v.rpm --> cps.msu.edu /user/cd/cps291/lectures/bnet bnet1v.rpm
98.03.12 23:19 B D:\cdrom\lectures\bnet\bnet1vf.htm --> cps.msu.edu /user/cd/cps291/lectures/bnet bnet1vf.htm
98.03.12 23:19 B D:\cdrom\lectures\bnet\bnet1vn.htm --> cps.msu.edu /user/cd/cps291/lectures/bnet bnet1vn.htm
98.03.12 23:19 B D:\cdrom\lectures\bnet\bnet1vp.ram --> cps.msu.edu /user/cd/cps291/lectures/bnet bnet1vp.ram
98.03.12 23:19 B D:\cdrom\lectures\bnet\bnet2.ra --> cps.msu.edu /user/cd/cps291/lectures/bnet bnet2.ra
98.03.12 23:19 B D:\cdrom\lectures\bnet\bnet2.rat --> cps.msu.edu /user/cd/cps291/lectures/bnet bnet2.rat
98.03.12 23:20 B D:\cdrom\lectures\bnet\bnet2.rm --> cps.msu.edu /user/cd/cps291/lectures/bnet bnet2.rm
98.03.12 23:20 B D:\cdrom\lectures\bnet\bnet2a.ram --> cps.msu.edu /user/cd/cps291/lectures/bnet bnet2a.ram
98.03.12 23:20 B D:\cdrom\lectures\bnet\bnet2a.rpm --> cps.msu.edu /user/cd/cps291/lectures/bnet bnet2a.rpm
98.03.12 23:20 B D:\cdrom\lectures\bnet\bnet2af.htm --> cps.msu.edu /user/cd/cps291/lectures/bnet bnet2af.htm
98.03.12 23:20 B D:\cdrom\lectures\bnet\bnet2an.htm --> cps.msu.edu /user/cd/cps291/lectures/bnet bnet2an.htm
98.03.12 23:20 B D:\cdrom\lectures\bnet\bnet2ap.ram --> cps.msu.edu /user/cd/cps291/lectures/bnet bnet2ap.ram
98.03.12 23:20 B D:\cdrom\lectures\bnet\bnet2v.ram --> cps.msu.edu /user/cd/cps291/lectures/bnet bnet2v.ram
98.03.12 23:20 B D:\cdrom\lectures\bnet\bnet2v.rpm --> cps.msu.edu /user/cd/cps291/lectures/bnet bnet2v.rpm
98.03.12 23:20 B D:\cdrom\lectures\bnet\bnet2vf.htm --> cps.msu.edu /user/cd/cps291/lectures/bnet bnet2vf.htm
98.03.12 23:20 B D:\cdrom\lectures\bnet\bnet2vn.htm --> cps.msu.edu /user/cd/cps291/lectures/bnet bnet2vn.htm
98.03.12 23:20 B D:\cdrom\lectures\bnet\bnet2vp.ram --> cps.msu.edu /user/cd/cps291/lectures/bnet bnet2vp.ram
98.03.12 23:20 B D:\cdrom\lectures\bnet\bnet3.ra --> cps.msu.edu /user/cd/cps291/lectures/bnet bnet3.ra
98.03.12 23:20 B D:\cdrom\lectures\bnet\bnet3.rat --> cps.msu.edu /user/cd/cps291/lectures/bnet bnet3.rat
98.03.12 23:20 B D:\cdrom\lectures\bnet\bnet3.rm --> cps.msu.edu /user/cd/cps291/lectures/bnet bnet3.rm
98.03.12 23:20 B D:\cdrom\lectures\bnet\bnet3a.ram --> cps.msu.edu /user/cd/cps291/lectures/bnet bnet3a.ram
98.03.12 23:20 B D:\cdrom\lectures\bnet\bnet3a.rpm --> cps.msu.edu /user/cd/cps291/lectures/bnet bnet3a.rpm
98.03.12 23:20 B D:\cdrom\lectures\bnet\bnet3af.htm --> cps.msu.edu /user/cd/cps291/lectures/bnet bnet3af.htm
98.03.12 23:20 B D:\cdrom\lectures\bnet\bnet3an.htm --> cps.msu.edu /user/cd/cps291/lectures/bnet bnet3an.htm
98.03.12 23:20 B D:\cdrom\lectures\bnet\bnet3ap.ram --> cps.msu.edu /user/cd/cps291/lectures/bnet bnet3ap.ram
98.03.12 23:20 B D:\cdrom\lectures\bnet\bnet3v.ram --> cps.msu.edu /user/cd/cps291/lectures/bnet bnet3v.ram
98.03.12 23:20 B D:\cdrom\lectures\bnet\bnet3v.rpm --> cps.msu.edu /user/cd/cps291/lectures/bnet bnet3v.rpm
98.03.12 23:20 B D:\cdrom\lectures\bnet\bnet3vf.htm --> cps.msu.edu /user/cd/cps291/lectures/bnet bnet3vf.htm
98.03.12 23:20 B D:\cdrom\lectures\bnet\bnet3vn.htm --> cps.msu.edu /user/cd/cps291/lectures/bnet bnet3vn.htm
98.03.12 23:20 B D:\cdrom\lectures\bnet\bnet3vp.ram --> cps.msu.edu /user/cd/cps291/lectures/bnet bnet3vp.ram
98.03.12 23:20 B D:\cdrom\lectures\bnet\cache.htm --> cps.msu.edu /user/cd/cps291/lectures/bnet cache.htm
98.03.12 23:20 B D:\cdrom\lectures\bnet\empty.rpm --> cps.msu.edu /user/cd/cps291/lectures/bnet empty.rpm
98.03.12 23:20 B D:\cdrom\lectures\bnet\getreal.jpg --> cps.msu.edu /user/cd/cps291/lectures/bnet getreal.jpg
98.03.12 23:20 B D:\cdrom\lectures\bnet\img001.gif --> cps.msu.edu /user/cd/cps291/lectures/bnet img001.gif
98.03.12 23:20 B D:\cdrom\lectures\bnet\img002.gif --> cps.msu.edu /user/cd/cps291/lectures/bnet img002.gif
98.03.12 23:20 B D:\cdrom\lectures\bnet\img003.gif --> cps.msu.edu /user/cd/cps291/lectures/bnet img003.gif
98.03.12 23:20 B D:\cdrom\lectures\bnet\img004.gif --> cps.msu.edu /user/cd/cps291/lectures/bnet img004.gif
98.03.12 23:20 B D:\cdrom\lectures\bnet\img005.gif --> cps.msu.edu /user/cd/cps291/lectures/bnet img005.gif
98.03.12 23:20 B D:\cdrom\lectures\bnet\img006.gif --> cps.msu.edu /user/cd/cps291/lectures/bnet img006.gif
98.03.12 23:20 B D:\cdrom\lectures\bnet\img007.gif --> cps.msu.edu /user/cd/cps291/lectures/bnet img007.gif
98.03.12 23:20 B D:\cdrom\lectures\bnet\img008.gif --> cps.msu.edu /user/cd/cps291/lectures/bnet img008.gif
98.03.12 23:20 B D:\cdrom\lectures\bnet\img009.gif --> cps.msu.edu /user/cd/cps291/lectures/bnet img009.gif
98.03.12 23:20 B D:\cdrom\lectures\bnet\img010.gif --> cps.msu.edu /user/cd/cps291/lectures/bnet img010.gif
98.03.12 23:20 B D:\cdrom\lectures\bnet\img011.gif --> cps.msu.edu /user/cd/cps291/lectures/bnet img011.gif
98.03.12 23:20 B D:\cdrom\lectures\bnet\img012.gif --> cps.msu.edu /user/cd/cps291/lectures/bnet img012.gif
98.03.12 23:20 B D:\cdrom\lectures\bnet\img013.gif --> cps.msu.edu /user/cd/cps291/lectures/bnet img013.gif
98.03.12 23:20 B D:\cdrom\lectures\bnet\img014.gif --> cps.msu.edu /user/cd/cps291/lectures/bnet img014.gif
98.03.12 23:20 B D:\cdrom\lectures\bnet\img015.gif --> cps.msu.edu /user/cd/cps291/lectures/bnet img015.gif
98.03.12 23:20 B D:\cdrom\lectures\bnet\img016.gif --> cps.msu.edu /user/cd/cps291/lectures/bnet img016.gif
98.03.12 23:20 B D:\cdrom\lectures\bnet\img017.gif --> cps.msu.edu /user/cd/cps291/lectures/bnet img017.gif
98.03.12 23:20 B D:\cdrom\lectures\bnet\img018.gif --> cps.msu.edu /user/cd/cps291/lectures/bnet img018.gif
98.03.12 23:20 B D:\cdrom\lectures\bnet\img019.gif --> cps.msu.edu /user/cd/cps291/lectures/bnet img019.gif
98.03.12 23:20 B D:\cdrom\lectures\bnet\img020.gif --> cps.msu.edu /user/cd/cps291/lectures/bnet img020.gif
98.03.12 23:20 B D:\cdrom\lectures\bnet\img021.gif --> cps.msu.edu /user/cd/cps291/lectures/bnet img021.gif
98.03.12 23:20 B D:\cdrom\lectures\bnet\img022.gif --> cps.msu.edu /user/cd/cps291/lectures/bnet img022.gif
98.03.12 23:20 B D:\cdrom\lectures\bnet\img023.gif --> cps.msu.edu /user/cd/cps291/lectures/bnet img023.gif
98.03.12 23:20 B D:\cdrom\lectures\bnet\img024.gif --> cps.msu.edu /user/cd/cps291/lectures/bnet img024.gif
98.03.12 23:20 B D:\cdrom\lectures\bnet\img025.gif --> cps.msu.edu /user/cd/cps291/lectures/bnet img025.gif
98.03.12 23:20 B D:\cdrom\lectures\bnet\img026.gif --> cps.msu.edu /user/cd/cps291/lectures/bnet img026.gif
98.03.12 23:20 B D:\cdrom\lectures\bnet\img027.gif --> cps.msu.edu /user/cd/cps291/lectures/bnet img027.gif
98.03.12 23:20 B D:\cdrom\lectures\bnet\img028.gif --> cps.msu.edu /user/cd/cps291/lectures/bnet img028.gif
98.03.12 23:20 B D:\cdrom\lectures\bnet\img029.gif --> cps.msu.edu /user/cd/cps291/lectures/bnet img029.gif
98.03.12 23:20 B D:\cdrom\lectures\bnet\img030.gif --> cps.msu.edu /user/cd/cps291/lectures/bnet img030.gif
98.03.12 23:20 B D:\cdrom\lectures\bnet\img031.gif --> cps.msu.edu /user/cd/cps291/lectures/bnet img031.gif
98.03.12 23:20 B D:\cdrom\lectures\bnet\img032.gif --> cps.msu.edu /user/cd/cps291/lectures/bnet img032.gif
98.03.12 23:20 B D:\cdrom\lectures\bnet\img033.gif --> cps.msu.edu /user/cd/cps291/lectures/bnet img033.gif
98.03.12 23:20 B D:\cdrom\lectures\bnet\img034.gif --> cps.msu.edu /user/cd/cps291/lectures/bnet img034.gif
98.03.12 23:20 B D:\cdrom\lectures\bnet\img035.gif --> cps.msu.edu /user/cd/cps291/lectures/bnet img035.gif
98.03.12 23:20 B D:\cdrom\lectures\bnet\img036.gif --> cps.msu.edu /user/cd/cps291/lectures/bnet img036.gif
98.03.12 23:20 B D:\cdrom\lectures\bnet\img037.gif --> cps.msu.edu /user/cd/cps291/lectures/bnet img037.gif
98.03.12 23:20 B D:\cdrom\lectures\bnet\img038.gif --> cps.msu.edu /user/cd/cps291/lectures/bnet img038.gif
98.03.12 23:20 B D:\cdrom\lectures\bnet\img039.gif --> cps.msu.edu /user/cd/cps291/lectures/bnet img039.gif
98.03.12 23:20 B D:\cdrom\lectures\bnet\img040.gif --> cps.msu.edu /user/cd/cps291/lectures/bnet img040.gif
98.03.12 23:20 B D:\cdrom\lectures\bnet\img1.jpg --> cps.msu.edu /user/cd/cps291/lectures/bnet img1.jpg
98.03.12 23:20 B D:\cdrom\lectures\bnet\img10.jpg --> cps.msu.edu /user/cd/cps291/lectures/bnet img10.jpg
98.03.12 23:20 B D:\cdrom\lectures\bnet\img11.jpg --> cps.msu.edu /user/cd/cps291/lectures/bnet img11.jpg
98.03.12 23:20 B D:\cdrom\lectures\bnet\img12.jpg --> cps.msu.edu /user/cd/cps291/lectures/bnet img12.jpg
98.03.12 23:20 B D:\cdrom\lectures\bnet\img13.jpg --> cps.msu.edu /user/cd/cps291/lectures/bnet img13.jpg
98.03.12 23:20 B D:\cdrom\lectures\bnet\img14.jpg --> cps.msu.edu /user/cd/cps291/lectures/bnet img14.jpg
98.03.12 23:20 B D:\cdrom\lectures\bnet\img15.jpg --> cps.msu.edu /user/cd/cps291/lectures/bnet img15.jpg
98.03.12 23:20 B D:\cdrom\lectures\bnet\img16.jpg --> cps.msu.edu /user/cd/cps291/lectures/bnet img16.jpg
98.03.12 23:20 B D:\cdrom\lectures\bnet\img17.jpg --> cps.msu.edu /user/cd/cps291/lectures/bnet img17.jpg
98.03.12 23:20 B D:\cdrom\lectures\bnet\img18.jpg --> cps.msu.edu /user/cd/cps291/lectures/bnet img18.jpg
98.03.12 23:20 B D:\cdrom\lectures\bnet\img19.jpg --> cps.msu.edu /user/cd/cps291/lectures/bnet img19.jpg
98.03.12 23:20 B D:\cdrom\lectures\bnet\img2.jpg --> cps.msu.edu /user/cd/cps291/lectures/bnet img2.jpg
98.03.12 23:20 B D:\cdrom\lectures\bnet\img20.jpg --> cps.msu.edu /user/cd/cps291/lectures/bnet img20.jpg
98.03.12 23:20 B D:\cdrom\lectures\bnet\img21.jpg --> cps.msu.edu /user/cd/cps291/lectures/bnet img21.jpg
98.03.12 23:21 B D:\cdrom\lectures\bnet\img22.jpg --> cps.msu.edu /user/cd/cps291/lectures/bnet img22.jpg
98.03.12 23:21 B D:\cdrom\lectures\bnet\img23.jpg --> cps.msu.edu /user/cd/cps291/lectures/bnet img23.jpg
98.03.12 23:21 B D:\cdrom\lectures\bnet\img24.jpg --> cps.msu.edu /user/cd/cps291/lectures/bnet img24.jpg
98.03.12 23:21 B D:\cdrom\lectures\bnet\img25.jpg --> cps.msu.edu /user/cd/cps291/lectures/bnet img25.jpg
98.03.12 23:21 B D:\cdrom\lectures\bnet\img26.jpg --> cps.msu.edu /user/cd/cps291/lectures/bnet img26.jpg
98.03.12 23:21 B D:\cdrom\lectures\bnet\img27.jpg --> cps.msu.edu /user/cd/cps291/lectures/bnet img27.jpg
98.03.12 23:21 B D:\cdrom\lectures\bnet\img28.jpg --> cps.msu.edu /user/cd/cps291/lectures/bnet img28.jpg
98.03.12 23:21 B D:\cdrom\lectures\bnet\img29.jpg --> cps.msu.edu /user/cd/cps291/lectures/bnet img29.jpg
98.03.12 23:21 B D:\cdrom\lectures\bnet\img3.jpg --> cps.msu.edu /user/cd/cps291/lectures/bnet img3.jpg
98.03.12 23:21 B D:\cdrom\lectures\bnet\img30.jpg --> cps.msu.edu /user/cd/cps291/lectures/bnet img30.jpg
98.03.12 23:21 B D:\cdrom\lectures\bnet\img31.jpg --> cps.msu.edu /user/cd/cps291/lectures/bnet img31.jpg
98.03.12 23:21 B D:\cdrom\lectures\bnet\img32.jpg --> cps.msu.edu /user/cd/cps291/lectures/bnet img32.jpg
98.03.12 23:21 B D:\cdrom\lectures\bnet\img33.jpg --> cps.msu.edu /user/cd/cps291/lectures/bnet img33.jpg
98.03.12 23:21 B D:\cdrom\lectures\bnet\img34.jpg --> cps.msu.edu /user/cd/cps291/lectures/bnet img34.jpg
98.03.12 23:21 B D:\cdrom\lectures\bnet\img35.jpg --> cps.msu.edu /user/cd/cps291/lectures/bnet img35.jpg
98.03.12 23:21 B D:\cdrom\lectures\bnet\img36.jpg --> cps.msu.edu /user/cd/cps291/lectures/bnet img36.jpg
98.03.12 23:21 B D:\cdrom\lectures\bnet\img37.jpg --> cps.msu.edu /user/cd/cps291/lectures/bnet img37.jpg
98.03.12 23:21 B D:\cdrom\lectures\bnet\img38.jpg --> cps.msu.edu /user/cd/cps291/lectures/bnet img38.jpg
98.03.12 23:21 B D:\cdrom\lectures\bnet\img39.jpg --> cps.msu.edu /user/cd/cps291/lectures/bnet img39.jpg
98.03.12 23:21 B D:\cdrom\lectures\bnet\img4.jpg --> cps.msu.edu /user/cd/cps291/lectures/bnet img4.jpg
98.03.12 23:21 B D:\cdrom\lectures\bnet\img40.jpg --> cps.msu.edu /user/cd/cps291/lectures/bnet img40.jpg
98.03.12 23:21 B D:\cdrom\lectures\bnet\img5.jpg --> cps.msu.edu /user/cd/cps291/lectures/bnet img5.jpg
98.03.12 23:21 B D:\cdrom\lectures\bnet\img6.jpg --> cps.msu.edu /user/cd/cps291/lectures/bnet img6.jpg
98.03.12 23:21 B D:\cdrom\lectures\bnet\img7.jpg --> cps.msu.edu /user/cd/cps291/lectures/bnet img7.jpg
98.03.12 23:21 B D:\cdrom\lectures\bnet\img8.jpg --> cps.msu.edu /user/cd/cps291/lectures/bnet img8.jpg
98.03.12 23:21 B D:\cdrom\lectures\bnet\img9.jpg --> cps.msu.edu /user/cd/cps291/lectures/bnet img9.jpg
98.03.12 23:21 B D:\cdrom\lectures\bnet\index.crs --> cps.msu.edu /user/cd/cps291/lectures/bnet index.crs
98.03.12 23:21 B D:\cdrom\lectures\bnet\index.htm --> cps.msu.edu /user/cd/cps291/lectures/bnet index.htm
98.03.12 23:21 B D:\cdrom\lectures\bnet\inst160.gif --> cps.msu.edu /user/cd/cps291/lectures/bnet inst160.gif
98.03.12 23:21 B D:\cdrom\lectures\bnet\jlist.htm --> cps.msu.edu /user/cd/cps291/lectures/bnet jlist.htm
98.03.12 23:21 B D:\cdrom\lectures\bnet\list.htm --> cps.msu.edu /user/cd/cps291/lectures/bnet list.htm
98.03.12 23:21 B D:\cdrom\lectures\bnet\log.log --> cps.msu.edu /user/cd/cps291/lectures/bnet log.log
98.03.12 23:21 B D:\cdrom\lectures\bnet\makeind.mnu --> cps.msu.edu /user/cd/cps291/lectures/bnet makeind.mnu
98.03.12 23:21 B D:\cdrom\lectures\bnet\makeind.sed --> cps.msu.edu /user/cd/cps291/lectures/bnet makeind.sed
98.03.12 23:21 B D:\cdrom\lectures\bnet\navcal.gif --> cps.msu.edu /user/cd/cps291/lectures/bnet navcal.gif
98.03.12 23:21 B D:\cdrom\lectures\bnet\process.bat --> cps.msu.edu /user/cd/cps291/lectures/bnet process.bat
98.03.12 23:21 B D:\cdrom\lectures\bnet\sld001.htm --> cps.msu.edu /user/cd/cps291/lectures/bnet sld001.htm
98.03.12 23:21 B D:\cdrom\lectures\bnet\sld002.htm --> cps.msu.edu /user/cd/cps291/lectures/bnet sld002.htm
98.03.12 23:21 B D:\cdrom\lectures\bnet\sld003.htm --> cps.msu.edu /user/cd/cps291/lectures/bnet sld003.htm
98.03.12 23:21 B D:\cdrom\lectures\bnet\sld004.htm --> cps.msu.edu /user/cd/cps291/lectures/bnet sld004.htm
98.03.12 23:21 B D:\cdrom\lectures\bnet\sld005.htm --> cps.msu.edu /user/cd/cps291/lectures/bnet sld005.htm
98.03.12 23:21 B D:\cdrom\lectures\bnet\sld006.htm --> cps.msu.edu /user/cd/cps291/lectures/bnet sld006.htm
98.03.12 23:21 B D:\cdrom\lectures\bnet\sld007.htm --> cps.msu.edu /user/cd/cps291/lectures/bnet sld007.htm
98.03.12 23:21 B D:\cdrom\lectures\bnet\sld008.htm --> cps.msu.edu /user/cd/cps291/lectures/bnet sld008.htm
98.03.12 23:21 B D:\cdrom\lectures\bnet\sld009.htm --> cps.msu.edu /user/cd/cps291/lectures/bnet sld009.htm
98.03.12 23:21 B D:\cdrom\lectures\bnet\sld010.htm --> cps.msu.edu /user/cd/cps291/lectures/bnet sld010.htm
98.03.12 23:21 B D:\cdrom\lectures\bnet\sld011.htm --> cps.msu.edu /user/cd/cps291/lectures/bnet sld011.htm
98.03.12 23:21 B D:\cdrom\lectures\bnet\sld012.htm --> cps.msu.edu /user/cd/cps291/lectures/bnet sld012.htm
98.03.12 23:21 B D:\cdrom\lectures\bnet\sld013.htm --> cps.msu.edu /user/cd/cps291/lectures/bnet sld013.htm
98.03.12 23:21 B D:\cdrom\lectures\bnet\sld014.htm --> cps.msu.edu /user/cd/cps291/lectures/bnet sld014.htm
98.03.12 23:21 B D:\cdrom\lectures\bnet\sld015.htm --> cps.msu.edu /user/cd/cps291/lectures/bnet sld015.htm
98.03.12 23:21 B D:\cdrom\lectures\bnet\sld016.htm --> cps.msu.edu /user/cd/cps291/lectures/bnet sld016.htm
98.03.12 23:21 B D:\cdrom\lectures\bnet\sld017.htm --> cps.msu.edu /user/cd/cps291/lectures/bnet sld017.htm
98.03.12 23:21 B D:\cdrom\lectures\bnet\sld018.htm --> cps.msu.edu /user/cd/cps291/lectures/bnet sld018.htm
98.03.12 23:21 B D:\cdrom\lectures\bnet\sld019.htm --> cps.msu.edu /user/cd/cps291/lectures/bnet sld019.htm
98.03.12 23:21 B D:\cdrom\lectures\bnet\sld020.htm --> cps.msu.edu /user/cd/cps291/lectures/bnet sld020.htm
98.03.12 23:21 B D:\cdrom\lectures\bnet\sld021.htm --> cps.msu.edu /user/cd/cps291/lectures/bnet sld021.htm
98.03.12 23:21 B D:\cdrom\lectures\bnet\sld022.htm --> cps.msu.edu /user/cd/cps291/lectures/bnet sld022.htm
98.03.12 23:21 B D:\cdrom\lectures\bnet\sld023.htm --> cps.msu.edu /user/cd/cps291/lectures/bnet sld023.htm
98.03.12 23:21 B D:\cdrom\lectures\bnet\sld024.htm --> cps.msu.edu /user/cd/cps291/lectures/bnet sld024.htm
98.03.12 23:21 B D:\cdrom\lectures\bnet\sld025.htm --> cps.msu.edu /user/cd/cps291/lectures/bnet sld025.htm
98.03.12 23:21 B D:\cdrom\lectures\bnet\sld026.htm --> cps.msu.edu /user/cd/cps291/lectures/bnet sld026.htm
98.03.12 23:21 B D:\cdrom\lectures\bnet\sld027.htm --> cps.msu.edu /user/cd/cps291/lectures/bnet sld027.htm
98.03.12 23:21 B D:\cdrom\lectures\bnet\sld028.htm --> cps.msu.edu /user/cd/cps291/lectures/bnet sld028.htm
98.03.12 23:21 B D:\cdrom\lectures\bnet\sld029.htm --> cps.msu.edu /user/cd/cps291/lectures/bnet sld029.htm
98.03.12 23:21 B D:\cdrom\lectures\bnet\sld030.htm --> cps.msu.edu /user/cd/cps291/lectures/bnet sld030.htm
98.03.12 23:21 B D:\cdrom\lectures\bnet\sld031.htm --> cps.msu.edu /user/cd/cps291/lectures/bnet sld031.htm
98.03.12 23:21 B D:\cdrom\lectures\bnet\sld032.htm --> cps.msu.edu /user/cd/cps291/lectures/bnet sld032.htm
98.03.12 23:21 B D:\cdrom\lectures\bnet\sld033.htm --> cps.msu.edu /user/cd/cps291/lectures/bnet sld033.htm
98.03.12 23:21 B D:\cdrom\lectures\bnet\sld034.htm --> cps.msu.edu /user/cd/cps291/lectures/bnet sld034.htm
98.03.12 23:21 B D:\cdrom\lectures\bnet\sld035.htm --> cps.msu.edu /user/cd/cps291/lectures/bnet sld035.htm
98.03.12 23:21 B D:\cdrom\lectures\bnet\sld036.htm --> cps.msu.edu /user/cd/cps291/lectures/bnet sld036.htm
98.03.12 23:21 B D:\cdrom\lectures\bnet\sld037.htm --> cps.msu.edu /user/cd/cps291/lectures/bnet sld037.htm
98.03.12 23:21 B D:\cdrom\lectures\bnet\sld038.htm --> cps.msu.edu /user/cd/cps291/lectures/bnet sld038.htm
98.03.12 23:21 B D:\cdrom\lectures\bnet\sld039.htm --> cps.msu.edu /user/cd/cps291/lectures/bnet sld039.htm
98.03.12 23:21 B D:\cdrom\lectures\bnet\sld040.htm --> cps.msu.edu /user/cd/cps291/lectures/bnet sld040.htm
98.03.12 23:21 B D:\cdrom\lectures\bnet\tlist.htm --> cps.msu.edu /user/cd/cps291/lectures/bnet tlist.htm
98.03.12 23:21 B D:\cdrom\lectures\bnet\tmp.tmp --> cps.msu.edu /user/cd/cps291/lectures/bnet tmp.tmp
98.03.12 23:21 B D:\cdrom\lectures\bnet\top.htm --> cps.msu.edu /user/cd/cps291/lectures/bnet top.htm
98.03.12 23:21 B D:\cdrom\lectures\bnet\tsld001.htm --> cps.msu.edu /user/cd/cps291/lectures/bnet tsld001.htm
98.03.12 23:21 B D:\cdrom\lectures\bnet\tsld002.htm --> cps.msu.edu /user/cd/cps291/lectures/bnet tsld002.htm
98.03.12 23:21 B D:\cdrom\lectures\bnet\tsld003.htm --> cps.msu.edu /user/cd/cps291/lectures/bnet tsld003.htm
98.03.12 23:21 B D:\cdrom\lectures\bnet\tsld004.htm --> cps.msu.edu /user/cd/cps291/lectures/bnet tsld004.htm
98.03.12 23:21 B D:\cdrom\lectures\bnet\tsld005.htm --> cps.msu.edu /user/cd/cps291/lectures/bnet tsld005.htm
98.03.12 23:21 B D:\cdrom\lectures\bnet\tsld006.htm --> cps.msu.edu /user/cd/cps291/lectures/bnet tsld006.htm
98.03.12 23:21 B D:\cdrom\lectures\bnet\tsld007.htm --> cps.msu.edu /user/cd/cps291/lectures/bnet tsld007.htm
98.03.12 23:21 B D:\cdrom\lectures\bnet\tsld008.htm --> cps.msu.edu /user/cd/cps291/lectures/bnet tsld008.htm
98.03.12 23:21 B D:\cdrom\lectures\bnet\tsld009.htm --> cps.msu.edu /user/cd/cps291/lectures/bnet tsld009.htm
98.03.12 23:21 B D:\cdrom\lectures\bnet\tsld010.htm --> cps.msu.edu /user/cd/cps291/lectures/bnet tsld010.htm
98.03.12 23:21 B D:\cdrom\lectures\bnet\tsld011.htm --> cps.msu.edu /user/cd/cps291/lectures/bnet tsld011.htm
98.03.12 23:21 B D:\cdrom\lectures\bnet\tsld012.htm --> cps.msu.edu /user/cd/cps291/lectures/bnet tsld012.htm
98.03.12 23:21 B D:\cdrom\lectures\bnet\tsld013.htm --> cps.msu.edu /user/cd/cps291/lectures/bnet tsld013.htm
98.03.12 23:21 B D:\cdrom\lectures\bnet\tsld014.htm --> cps.msu.edu /user/cd/cps291/lectures/bnet tsld014.htm
98.03.12 23:21 B D:\cdrom\lectures\bnet\tsld015.htm --> cps.msu.edu /user/cd/cps291/lectures/bnet tsld015.htm
98.03.12 23:21 B D:\cdrom\lectures\bnet\tsld016.htm --> cps.msu.edu /user/cd/cps291/lectures/bnet tsld016.htm
98.03.12 23:21 B D:\cdrom\lectures\bnet\tsld017.htm --> cps.msu.edu /user/cd/cps291/lectures/bnet tsld017.htm
98.03.12 23:21 B D:\cdrom\lectures\bnet\tsld018.htm --> cps.msu.edu /user/cd/cps291/lectures/bnet tsld018.htm
98.03.12 23:21 B D:\cdrom\lectures\bnet\tsld019.htm --> cps.msu.edu /user/cd/cps291/lectures/bnet tsld019.htm
98.03.12 23:21 B D:\cdrom\lectures\bnet\tsld020.htm --> cps.msu.edu /user/cd/cps291/lectures/bnet tsld020.htm
98.03.12 23:21 B D:\cdrom\lectures\bnet\tsld021.htm --> cps.msu.edu /user/cd/cps291/lectures/bnet tsld021.htm
98.03.12 23:21 B D:\cdrom\lectures\bnet\tsld022.htm --> cps.msu.edu /user/cd/cps291/lectures/bnet tsld022.htm
98.03.12 23:21 B D:\cdrom\lectures\bnet\tsld023.htm --> cps.msu.edu /user/cd/cps291/lectures/bnet tsld023.htm
98.03.12 23:21 B D:\cdrom\lectures\bnet\tsld024.htm --> cps.msu.edu /user/cd/cps291/lectures/bnet tsld024.htm
98.03.12 23:21 B D:\cdrom\lectures\bnet\tsld025.htm --> cps.msu.edu /user/cd/cps291/lectures/bnet tsld025.htm
98.03.12 23:21 B D:\cdrom\lectures\bnet\tsld026.htm --> cps.msu.edu /user/cd/cps291/lectures/bnet tsld026.htm
98.03.12 23:21 B D:\cdrom\lectures\bnet\tsld027.htm --> cps.msu.edu /user/cd/cps291/lectures/bnet tsld027.htm
98.03.12 23:21 B D:\cdrom\lectures\bnet\tsld028.htm --> cps.msu.edu /user/cd/cps291/lectures/bnet tsld028.htm
98.03.12 23:21 B D:\cdrom\lectures\bnet\tsld029.htm --> cps.msu.edu /user/cd/cps291/lectures/bnet tsld029.htm
98.03.12 23:21 B D:\cdrom\lectures\bnet\tsld030.htm --> cps.msu.edu /user/cd/cps291/lectures/bnet tsld030.htm
98.03.12 23:21 B D:\cdrom\lectures\bnet\tsld031.htm --> cps.msu.edu /user/cd/cps291/lectures/bnet tsld031.htm
98.03.12 23:21 B D:\cdrom\lectures\bnet\tsld032.htm --> cps.msu.edu /user/cd/cps291/lectures/bnet tsld032.htm
98.03.12 23:21 B D:\cdrom\lectures\bnet\tsld033.htm --> cps.msu.edu /user/cd/cps291/lectures/bnet tsld033.htm
98.03.12 23:21 B D:\cdrom\lectures\bnet\tsld034.htm --> cps.msu.edu /user/cd/cps291/lectures/bnet tsld034.htm
98.03.12 23:21 B D:\cdrom\lectures\bnet\tsld035.htm --> cps.msu.edu /user/cd/cps291/lectures/bnet tsld035.htm
98.03.12 23:21 B D:\cdrom\lectures\bnet\tsld036.htm --> cps.msu.edu /user/cd/cps291/lectures/bnet tsld036.htm
98.03.12 23:21 B D:\cdrom\lectures\bnet\tsld037.htm --> cps.msu.edu /user/cd/cps291/lectures/bnet tsld037.htm
98.03.12 23:21 B D:\cdrom\lectures\bnet\tsld038.htm --> cps.msu.edu /user/cd/cps291/lectures/bnet tsld038.htm
98.03.12 23:21 B D:\cdrom\lectures\bnet\tsld039.htm --> cps.msu.edu /user/cd/cps291/lectures/bnet tsld039.htm
98.03.12 23:21 B D:\cdrom\lectures\bnet\tsld040.htm --> cps.msu.edu /user/cd/cps291/lectures/bnet tsld040.htm
98.03.12 23:21 B D:\cdrom\lectures\bnet\vf001.htm --> cps.msu.edu /user/cd/cps291/lectures/bnet vf001.htm
98.03.12 23:21 B D:\cdrom\lectures\bnet\vf002.htm --> cps.msu.edu /user/cd/cps291/lectures/bnet vf002.htm
98.03.12 23:21 B D:\cdrom\lectures\bnet\vf003.htm --> cps.msu.edu /user/cd/cps291/lectures/bnet vf003.htm
98.03.12 23:21 B D:\cdrom\lectures\bnet\vf004.htm --> cps.msu.edu /user/cd/cps291/lectures/bnet vf004.htm
98.03.12 23:21 B D:\cdrom\lectures\bnet\vf005.htm --> cps.msu.edu /user/cd/cps291/lectures/bnet vf005.htm
98.03.12 23:21 B D:\cdrom\lectures\bnet\vf006.htm --> cps.msu.edu /user/cd/cps291/lectures/bnet vf006.htm
98.03.12 23:21 B D:\cdrom\lectures\bnet\vf007.htm --> cps.msu.edu /user/cd/cps291/lectures/bnet vf007.htm
98.03.12 23:21 B D:\cdrom\lectures\bnet\vf008.htm --> cps.msu.edu /user/cd/cps291/lectures/bnet vf008.htm
98.03.12 23:21 B D:\cdrom\lectures\bnet\vf009.htm --> cps.msu.edu /user/cd/cps291/lectures/bnet vf009.htm
98.03.12 23:21 B D:\cdrom\lectures\bnet\vf010.htm --> cps.msu.edu /user/cd/cps291/lectures/bnet vf010.htm
98.03.12 23:21 B D:\cdrom\lectures\bnet\vf011.htm --> cps.msu.edu /user/cd/cps291/lectures/bnet vf011.htm
98.03.12 23:21 B D:\cdrom\lectures\bnet\vf012.htm --> cps.msu.edu /user/cd/cps291/lectures/bnet vf012.htm
98.03.12 23:21 B D:\cdrom\lectures\bnet\vf013.htm --> cps.msu.edu /user/cd/cps291/lectures/bnet vf013.htm
98.03.12 23:21 B D:\cdrom\lectures\bnet\vf014.htm --> cps.msu.edu /user/cd/cps291/lectures/bnet vf014.htm
98.03.12 23:21 B D:\cdrom\lectures\bnet\vf015.htm --> cps.msu.edu /user/cd/cps291/lectures/bnet vf015.htm
98.03.12 23:21 B D:\cdrom\lectures\bnet\vf016.htm --> cps.msu.edu /user/cd/cps291/lectures/bnet vf016.htm
98.03.12 23:21 B D:\cdrom\lectures\bnet\vf017.htm --> cps.msu.edu /user/cd/cps291/lectures/bnet vf017.htm
98.03.12 23:21 B D:\cdrom\lectures\bnet\vf018.htm --> cps.msu.edu /user/cd/cps291/lectures/bnet vf018.htm
98.03.12 23:21 B D:\cdrom\lectures\bnet\vf019.htm --> cps.msu.edu /user/cd/cps291/lectures/bnet vf019.htm
98.03.12 23:21 B D:\cdrom\lectures\bnet\vf020.htm --> cps.msu.edu /user/cd/cps291/lectures/bnet vf020.htm
98.03.12 23:21 B D:\cdrom\lectures\bnet\vf021.htm --> cps.msu.edu /user/cd/cps291/lectures/bnet vf021.htm
98.03.12 23:21 B D:\cdrom\lectures\bnet\vf022.htm --> cps.msu.edu /user/cd/cps291/lectures/bnet vf022.htm
98.03.12 23:21 B D:\cdrom\lectures\bnet\vf023.htm --> cps.msu.edu /user/cd/cps291/lectures/bnet vf023.htm
98.03.12 23:21 B D:\cdrom\lectures\bnet\vf024.htm --> cps.msu.edu /user/cd/cps291/lectures/bnet vf024.htm
98.03.12 23:21 B D:\cdrom\lectures\bnet\vf025.htm --> cps.msu.edu /user/cd/cps291/lectures/bnet vf025.htm
98.03.12 23:21 B D:\cdrom\lectures\bnet\vf026.htm --> cps.msu.edu /user/cd/cps291/lectures/bnet vf026.htm
98.03.12 23:21 B D:\cdrom\lectures\bnet\vf027.htm --> cps.msu.edu /user/cd/cps291/lectures/bnet vf027.htm
98.03.12 23:21 B D:\cdrom\lectures\bnet\vf028.htm --> cps.msu.edu /user/cd/cps291/lectures/bnet vf028.htm
98.03.12 23:21 B D:\cdrom\lectures\bnet\vf029.htm --> cps.msu.edu /user/cd/cps291/lectures/bnet vf029.htm
98.03.12 23:21 B D:\cdrom\lectures\bnet\vf030.htm --> cps.msu.edu /user/cd/cps291/lectures/bnet vf030.htm
98.03.12 23:21 B D:\cdrom\lectures\bnet\vf031.htm --> cps.msu.edu /user/cd/cps291/lectures/bnet vf031.htm
98.03.12 23:21 B D:\cdrom\lectures\bnet\vf032.htm --> cps.msu.edu /user/cd/cps291/lectures/bnet vf032.htm
98.03.12 23:21 B D:\cdrom\lectures\bnet\vf033.htm --> cps.msu.edu /user/cd/cps291/lectures/bnet vf033.htm
98.03.12 23:21 B D:\cdrom\lectures\bnet\vf034.htm --> cps.msu.edu /user/cd/cps291/lectures/bnet vf034.htm
98.03.12 23:21 B D:\cdrom\lectures\bnet\vf035.htm --> cps.msu.edu /user/cd/cps291/lectures/bnet vf035.htm
98.03.12 23:21 B D:\cdrom\lectures\bnet\vf036.htm --> cps.msu.edu /user/cd/cps291/lectures/bnet vf036.htm
98.03.12 23:21 B D:\cdrom\lectures\bnet\vf037.htm --> cps.msu.edu /user/cd/cps291/lectures/bnet vf037.htm
98.03.12 23:21 B D:\cdrom\lectures\bnet\vf038.htm --> cps.msu.edu /user/cd/cps291/lectures/bnet vf038.htm
98.03.12 23:21 B D:\cdrom\lectures\bnet\vf039.htm --> cps.msu.edu /user/cd/cps291/lectures/bnet vf039.htm
98.03.12 23:21 B D:\cdrom\lectures\bnet\vf040.htm --> cps.msu.edu /user/cd/cps291/lectures/bnet vf040.htm
98.03.12 23:21 B D:\cdrom\lectures\bnet\vn001.htm --> cps.msu.edu /user/cd/cps291/lectures/bnet vn001.htm
98.03.12 23:21 B D:\cdrom\lectures\bnet\vn002.htm --> cps.msu.edu /user/cd/cps291/lectures/bnet vn002.htm
98.03.12 23:21 B D:\cdrom\lectures\bnet\vn003.htm --> cps.msu.edu /user/cd/cps291/lectures/bnet vn003.htm
98.03.12 23:21 B D:\cdrom\lectures\bnet\vn004.htm --> cps.msu.edu /user/cd/cps291/lectures/bnet vn004.htm
98.03.12 23:21 B D:\cdrom\lectures\bnet\vn005.htm --> cps.msu.edu /user/cd/cps291/lectures/bnet vn005.htm
98.03.12 23:21 B D:\cdrom\lectures\bnet\vn006.htm --> cps.msu.edu /user/cd/cps291/lectures/bnet vn006.htm
98.03.12 23:21 B D:\cdrom\lectures\bnet\vn007.htm --> cps.msu.edu /user/cd/cps291/lectures/bnet vn007.htm
98.03.12 23:21 B D:\cdrom\lectures\bnet\vn008.htm --> cps.msu.edu /user/cd/cps291/lectures/bnet vn008.htm
98.03.12 23:21 B D:\cdrom\lectures\bnet\vn009.htm --> cps.msu.edu /user/cd/cps291/lectures/bnet vn009.htm
98.03.12 23:21 B D:\cdrom\lectures\bnet\vn010.htm --> cps.msu.edu /user/cd/cps291/lectures/bnet vn010.htm
98.03.12 23:21 B D:\cdrom\lectures\bnet\vn011.htm --> cps.msu.edu /user/cd/cps291/lectures/bnet vn011.htm
98.03.12 23:21 B D:\cdrom\lectures\bnet\vn012.htm --> cps.msu.edu /user/cd/cps291/lectures/bnet vn012.htm
98.03.12 23:21 B D:\cdrom\lectures\bnet\vn013.htm --> cps.msu.edu /user/cd/cps291/lectures/bnet vn013.htm
98.03.12 23:21 B D:\cdrom\lectures\bnet\vn014.htm --> cps.msu.edu /user/cd/cps291/lectures/bnet vn014.htm
98.03.12 23:21 B D:\cdrom\lectures\bnet\vn015.htm --> cps.msu.edu /user/cd/cps291/lectures/bnet vn015.htm
98.03.12 23:21 B D:\cdrom\lectures\bnet\vn016.htm --> cps.msu.edu /user/cd/cps291/lectures/bnet vn016.htm
98.03.12 23:21 B D:\cdrom\lectures\bnet\vn017.htm --> cps.msu.edu /user/cd/cps291/lectures/bnet vn017.htm
98.03.12 23:21 B D:\cdrom\lectures\bnet\vn018.htm --> cps.msu.edu /user/cd/cps291/lectures/bnet vn018.htm
98.03.12 23:21 B D:\cdrom\lectures\bnet\vn019.htm --> cps.msu.edu /user/cd/cps291/lectures/bnet vn019.htm
98.03.12 23:21 B D:\cdrom\lectures\bnet\vn020.htm --> cps.msu.edu /user/cd/cps291/lectures/bnet vn020.htm
98.03.12 23:21 B D:\cdrom\lectures\bnet\vn021.htm --> cps.msu.edu /user/cd/cps291/lectures/bnet vn021.htm
98.03.12 23:21 B D:\cdrom\lectures\bnet\vn022.htm --> cps.msu.edu /user/cd/cps291/lectures/bnet vn022.htm
98.03.12 23:21 B D:\cdrom\lectures\bnet\vn023.htm --> cps.msu.edu /user/cd/cps291/lectures/bnet vn023.htm
98.03.12 23:21 B D:\cdrom\lectures\bnet\vn024.htm --> cps.msu.edu /user/cd/cps291/lectures/bnet vn024.htm
98.03.12 23:21 B D:\cdrom\lectures\bnet\vn025.htm --> cps.msu.edu /user/cd/cps291/lectures/bnet vn025.htm
98.03.12 23:21 B D:\cdrom\lectures\bnet\vn026.htm --> cps.msu.edu /user/cd/cps291/lectures/bnet vn026.htm
98.03.12 23:21 B D:\cdrom\lectures\bnet\vn027.htm --> cps.msu.edu /user/cd/cps291/lectures/bnet vn027.htm
98.03.12 23:21 B D:\cdrom\lectures\bnet\vn028.htm --> cps.msu.edu /user/cd/cps291/lectures/bnet vn028.htm
98.03.12 23:21 B D:\cdrom\lectures\bnet\vn029.htm --> cps.msu.edu /user/cd/cps291/lectures/bnet vn029.htm
98.03.12 23:21 B D:\cdrom\lectures\bnet\vn030.htm --> cps.msu.edu /user/cd/cps291/lectures/bnet vn030.htm
98.03.12 23:21 B D:\cdrom\lectures\bnet\vn031.htm --> cps.msu.edu /user/cd/cps291/lectures/bnet vn031.htm
98.03.12 23:21 B D:\cdrom\lectures\bnet\vn032.htm --> cps.msu.edu /user/cd/cps291/lectures/bnet vn032.htm
98.03.12 23:21 B D:\cdrom\lectures\bnet\vn033.htm --> cps.msu.edu /user/cd/cps291/lectures/bnet vn033.htm
98.03.12 23:21 B D:\cdrom\lectures\bnet\vn034.htm --> cps.msu.edu /user/cd/cps291/lectures/bnet vn034.htm
98.03.12 23:21 B D:\cdrom\lectures\bnet\vn035.htm --> cps.msu.edu /user/cd/cps291/lectures/bnet vn035.htm
98.03.12 23:21 B D:\cdrom\lectures\bnet\vn036.htm --> cps.msu.edu /user/cd/cps291/lectures/bnet vn036.htm
98.03.12 23:21 B D:\cdrom\lectures\bnet\vn037.htm --> cps.msu.edu /user/cd/cps291/lectures/bnet vn037.htm
98.03.12 23:21 B D:\cdrom\lectures\bnet\vn038.htm --> cps.msu.edu /user/cd/cps291/lectures/bnet vn038.htm
98.03.12 23:21 B D:\cdrom\lectures\bnet\vn039.htm --> cps.msu.edu /user/cd/cps291/lectures/bnet vn039.htm
98.03.12 23:21 B D:\cdrom\lectures\bnet\vn040.htm --> cps.msu.edu /user/cd/cps291/lectures/bnet vn040.htm
98.03.12 23:21 B D:\cdrom\lectures\bnet\vr001.rpm --> cps.msu.edu /user/cd/cps291/lectures/bnet vr001.rpm
98.03.12 23:21 B D:\cdrom\lectures\bnet\vr002.rpm --> cps.msu.edu /user/cd/cps291/lectures/bnet vr002.rpm
98.03.12 23:21 B D:\cdrom\lectures\bnet\vr003.rpm --> cps.msu.edu /user/cd/cps291/lectures/bnet vr003.rpm
98.03.12 23:21 B D:\cdrom\lectures\bnet\vr004.rpm --> cps.msu.edu /user/cd/cps291/lectures/bnet vr004.rpm
98.03.12 23:21 B D:\cdrom\lectures\bnet\vr005.rpm --> cps.msu.edu /user/cd/cps291/lectures/bnet vr005.rpm
98.03.12 23:21 B D:\cdrom\lectures\bnet\vr006.rpm --> cps.msu.edu /user/cd/cps291/lectures/bnet vr006.rpm
98.03.12 23:21 B D:\cdrom\lectures\bnet\vr007.rpm --> cps.msu.edu /user/cd/cps291/lectures/bnet vr007.rpm
98.03.12 23:21 B D:\cdrom\lectures\bnet\vr008.rpm --> cps.msu.edu /user/cd/cps291/lectures/bnet vr008.rpm
98.03.12 23:21 B D:\cdrom\lectures\bnet\vr009.rpm --> cps.msu.edu /user/cd/cps291/lectures/bnet vr009.rpm
98.03.12 23:21 B D:\cdrom\lectures\bnet\vr010.rpm --> cps.msu.edu /user/cd/cps291/lectures/bnet vr010.rpm
98.03.12 23:21 B D:\cdrom\lectures\bnet\vr011.rpm --> cps.msu.edu /user/cd/cps291/lectures/bnet vr011.rpm
98.03.12 23:21 B D:\cdrom\lectures\bnet\vr012.rpm --> cps.msu.edu /user/cd/cps291/lectures/bnet vr012.rpm
98.03.12 23:21 B D:\cdrom\lectures\bnet\vr013.rpm --> cps.msu.edu /user/cd/cps291/lectures/bnet vr013.rpm
98.03.12 23:21 B D:\cdrom\lectures\bnet\vr014.rpm --> cps.msu.edu /user/cd/cps291/lectures/bnet vr014.rpm
98.03.12 23:21 B D:\cdrom\lectures\bnet\vr015.rpm --> cps.msu.edu /user/cd/cps291/lectures/bnet vr015.rpm
98.03.12 23:21 B D:\cdrom\lectures\bnet\vr016.rpm --> cps.msu.edu /user/cd/cps291/lectures/bnet vr016.rpm
98.03.12 23:21 B D:\cdrom\lectures\bnet\vr017.rpm --> cps.msu.edu /user/cd/cps291/lectures/bnet vr017.rpm
98.03.12 23:21 B D:\cdrom\lectures\bnet\vr018.rpm --> cps.msu.edu /user/cd/cps291/lectures/bnet vr018.rpm
98.03.12 23:21 B D:\cdrom\lectures\bnet\vr019.rpm --> cps.msu.edu /user/cd/cps291/lectures/bnet vr019.rpm
98.03.12 23:21 B D:\cdrom\lectures\bnet\vr020.rpm --> cps.msu.edu /user/cd/cps291/lectures/bnet vr020.rpm
98.03.12 23:21 B D:\cdrom\lectures\bnet\vr021.rpm --> cps.msu.edu /user/cd/cps291/lectures/bnet vr021.rpm
98.03.12 23:21 B D:\cdrom\lectures\bnet\vr022.rpm --> cps.msu.edu /user/cd/cps291/lectures/bnet vr022.rpm
98.03.12 23:21 B D:\cdrom\lectures\bnet\vr023.rpm --> cps.msu.edu /user/cd/cps291/lectures/bnet vr023.rpm
98.03.12 23:22 B D:\cdrom\lectures\bnet\vr024.rpm --> cps.msu.edu /user/cd/cps291/lectures/bnet vr024.rpm
98.03.12 23:22 B D:\cdrom\lectures\bnet\vr025.rpm --> cps.msu.edu /user/cd/cps291/lectures/bnet vr025.rpm
98.03.12 23:22 B D:\cdrom\lectures\bnet\vr026.rpm --> cps.msu.edu /user/cd/cps291/lectures/bnet vr026.rpm
98.03.12 23:22 B D:\cdrom\lectures\bnet\vr027.rpm --> cps.msu.edu /user/cd/cps291/lectures/bnet vr027.rpm
98.03.12 23:22 B D:\cdrom\lectures\bnet\vr028.rpm --> cps.msu.edu /user/cd/cps291/lectures/bnet vr028.rpm
98.03.12 23:22 B D:\cdrom\lectures\bnet\vr029.rpm --> cps.msu.edu /user/cd/cps291/lectures/bnet vr029.rpm
98.03.12 23:22 B D:\cdrom\lectures\bnet\vr030.rpm --> cps.msu.edu /user/cd/cps291/lectures/bnet vr030.rpm
98.03.12 23:22 B D:\cdrom\lectures\bnet\vr031.rpm --> cps.msu.edu /user/cd/cps291/lectures/bnet vr031.rpm
98.03.12 23:22 B D:\cdrom\lectures\bnet\vr032.rpm --> cps.msu.edu /user/cd/cps291/lectures/bnet vr032.rpm
98.03.12 23:22 B D:\cdrom\lectures\bnet\vr033.rpm --> cps.msu.edu /user/cd/cps291/lectures/bnet vr033.rpm
98.03.12 23:22 B D:\cdrom\lectures\bnet\vr034.rpm --> cps.msu.edu /user/cd/cps291/lectures/bnet vr034.rpm
98.03.12 23:22 B D:\cdrom\lectures\bnet\vr035.rpm --> cps.msu.edu /user/cd/cps291/lectures/bnet vr035.rpm
98.03.12 23:22 B D:\cdrom\lectures\bnet\vr036.rpm --> cps.msu.edu /user/cd/cps291/lectures/bnet vr036.rpm
98.03.12 23:22 B D:\cdrom\lectures\bnet\vr037.rpm --> cps.msu.edu /user/cd/cps291/lectures/bnet vr037.rpm
98.03.12 23:22 B D:\cdrom\lectures\bnet\vr038.rpm --> cps.msu.edu /user/cd/cps291/lectures/bnet vr038.rpm
98.03.12 23:22 B D:\cdrom\lectures\bnet\vr039.rpm --> cps.msu.edu /user/cd/cps291/lectures/bnet vr039.rpm
98.03.12 23:22 B D:\cdrom\lectures\bnet\vr040.rpm --> cps.msu.edu /user/cd/cps291/lectures/bnet vr040.rpm
98.03.12 23:22 B D:\cdrom\lectures\bnet\WS_FTP.LOG --> cps.msu.edu /user/cd/cps291/lectures/bnet WS_FTP.LOG
98.03.13 09:04 B D:\cdrom\lectures\bnet\aaindex.crs --> cps.msu.edu /user/cd/cps291/lectures/bnet aaindex.crs
98.03.13 09:04 B D:\cdrom\lectures\bnet\aaindex.htm --> cps.msu.edu /user/cd/cps291/lectures/bnet aaindex.htm
98.03.13 09:04 B D:\cdrom\lectures\bnet\af001.htm --> cps.msu.edu /user/cd/cps291/lectures/bnet af001.htm
98.03.13 09:04 B D:\cdrom\lectures\bnet\af002.htm --> cps.msu.edu /user/cd/cps291/lectures/bnet af002.htm
98.03.13 09:04 B D:\cdrom\lectures\bnet\af003.htm --> cps.msu.edu /user/cd/cps291/lectures/bnet af003.htm
98.03.13 09:04 B D:\cdrom\lectures\bnet\af004.htm --> cps.msu.edu /user/cd/cps291/lectures/bnet af004.htm
98.03.13 09:04 B D:\cdrom\lectures\bnet\af005.htm --> cps.msu.edu /user/cd/cps291/lectures/bnet af005.htm
98.03.13 09:04 B D:\cdrom\lectures\bnet\af006.htm --> cps.msu.edu /user/cd/cps291/lectures/bnet af006.htm
98.03.13 09:04 B D:\cdrom\lectures\bnet\af007.htm --> cps.msu.edu /user/cd/cps291/lectures/bnet af007.htm
98.03.13 09:04 B D:\cdrom\lectures\bnet\af008.htm --> cps.msu.edu /user/cd/cps291/lectures/bnet af008.htm
98.03.13 09:04 B D:\cdrom\lectures\bnet\af009.htm --> cps.msu.edu /user/cd/cps291/lectures/bnet af009.htm
98.03.13 09:04 B D:\cdrom\lectures\bnet\af010.htm --> cps.msu.edu /user/cd/cps291/lectures/bnet af010.htm
98.03.13 09:04 B D:\cdrom\lectures\bnet\af011.htm --> cps.msu.edu /user/cd/cps291/lectures/bnet af011.htm
98.03.13 09:04 B D:\cdrom\lectures\bnet\af012.htm --> cps.msu.edu /user/cd/cps291/lectures/bnet af012.htm
98.03.13 09:04 B D:\cdrom\lectures\bnet\af013.htm --> cps.msu.edu /user/cd/cps291/lectures/bnet af013.htm
98.03.13 09:04 B D:\cdrom\lectures\bnet\af014.htm --> cps.msu.edu /user/cd/cps291/lectures/bnet af014.htm
98.03.13 09:04 B D:\cdrom\lectures\bnet\af015.htm --> cps.msu.edu /user/cd/cps291/lectures/bnet af015.htm
98.03.13 09:04 B D:\cdrom\lectures\bnet\af016.htm --> cps.msu.edu /user/cd/cps291/lectures/bnet af016.htm
98.03.13 09:04 B D:\cdrom\lectures\bnet\af017.htm --> cps.msu.edu /user/cd/cps291/lectures/bnet af017.htm
98.03.13 09:04 B D:\cdrom\lectures\bnet\af018.htm --> cps.msu.edu /user/cd/cps291/lectures/bnet af018.htm
98.03.13 09:04 B D:\cdrom\lectures\bnet\af019.htm --> cps.msu.edu /user/cd/cps291/lectures/bnet af019.htm
98.03.13 09:04 B D:\cdrom\lectures\bnet\af020.htm --> cps.msu.edu /user/cd/cps291/lectures/bnet af020.htm
98.03.13 09:04 B D:\cdrom\lectures\bnet\af021.htm --> cps.msu.edu /user/cd/cps291/lectures/bnet af021.htm
98.03.13 09:04 B D:\cdrom\lectures\bnet\af022.htm --> cps.msu.edu /user/cd/cps291/lectures/bnet af022.htm
98.03.13 09:04 B D:\cdrom\lectures\bnet\af023.htm --> cps.msu.edu /user/cd/cps291/lectures/bnet af023.htm
98.03.13 09:04 B D:\cdrom\lectures\bnet\af024.htm --> cps.msu.edu /user/cd/cps291/lectures/bnet af024.htm
98.03.13 09:04 B D:\cdrom\lectures\bnet\af025.htm --> cps.msu.edu /user/cd/cps291/lectures/bnet af025.htm
98.03.13 09:04 B D:\cdrom\lectures\bnet\af026.htm --> cps.msu.edu /user/cd/cps291/lectures/bnet af026.htm
98.03.13 09:04 B D:\cdrom\lectures\bnet\af027.htm --> cps.msu.edu /user/cd/cps291/lectures/bnet af027.htm
98.03.13 09:04 B D:\cdrom\lectures\bnet\af028.htm --> cps.msu.edu /user/cd/cps291/lectures/bnet af028.htm
98.03.13 09:04 B D:\cdrom\lectures\bnet\af029.htm --> cps.msu.edu /user/cd/cps291/lectures/bnet af029.htm
98.03.13 09:04 B D:\cdrom\lectures\bnet\af030.htm --> cps.msu.edu /user/cd/cps291/lectures/bnet af030.htm
98.03.13 09:04 B D:\cdrom\lectures\bnet\af031.htm --> cps.msu.edu /user/cd/cps291/lectures/bnet af031.htm
98.03.13 09:04 B D:\cdrom\lectures\bnet\af032.htm --> cps.msu.edu /user/cd/cps291/lectures/bnet af032.htm
98.03.13 09:04 B D:\cdrom\lectures\bnet\af033.htm --> cps.msu.edu /user/cd/cps291/lectures/bnet af033.htm
98.03.13 09:04 B D:\cdrom\lectures\bnet\af034.htm --> cps.msu.edu /user/cd/cps291/lectures/bnet af034.htm
98.03.13 09:04 B D:\cdrom\lectures\bnet\af035.htm --> cps.msu.edu /user/cd/cps291/lectures/bnet af035.htm
98.03.13 09:04 B D:\cdrom\lectures\bnet\af036.htm --> cps.msu.edu /user/cd/cps291/lectures/bnet af036.htm
98.03.13 09:04 B D:\cdrom\lectures\bnet\af037.htm --> cps.msu.edu /user/cd/cps291/lectures/bnet af037.htm
98.03.13 09:04 B D:\cdrom\lectures\bnet\af038.htm --> cps.msu.edu /user/cd/cps291/lectures/bnet af038.htm
98.03.13 09:04 B D:\cdrom\lectures\bnet\af039.htm --> cps.msu.edu /user/cd/cps291/lectures/bnet af039.htm
98.03.13 09:04 B D:\cdrom\lectures\bnet\af040.htm --> cps.msu.edu /user/cd/cps291/lectures/bnet af040.htm
98.03.13 09:04 B D:\cdrom\lectures\bnet\an001.htm --> cps.msu.edu /user/cd/cps291/lectures/bnet an001.htm
98.03.13 09:04 B D:\cdrom\lectures\bnet\an002.htm --> cps.msu.edu /user/cd/cps291/lectures/bnet an002.htm
98.03.13 09:04 B D:\cdrom\lectures\bnet\an003.htm --> cps.msu.edu /user/cd/cps291/lectures/bnet an003.htm
98.03.13 09:04 B D:\cdrom\lectures\bnet\an004.htm --> cps.msu.edu /user/cd/cps291/lectures/bnet an004.htm
98.03.13 09:04 B D:\cdrom\lectures\bnet\an005.htm --> cps.msu.edu /user/cd/cps291/lectures/bnet an005.htm
98.03.13 09:04 B D:\cdrom\lectures\bnet\an006.htm --> cps.msu.edu /user/cd/cps291/lectures/bnet an006.htm
98.03.13 09:04 B D:\cdrom\lectures\bnet\an007.htm --> cps.msu.edu /user/cd/cps291/lectures/bnet an007.htm
98.03.13 09:04 B D:\cdrom\lectures\bnet\an008.htm --> cps.msu.edu /user/cd/cps291/lectures/bnet an008.htm
98.03.13 09:04 B D:\cdrom\lectures\bnet\an009.htm --> cps.msu.edu /user/cd/cps291/lectures/bnet an009.htm
98.03.13 09:04 B D:\cdrom\lectures\bnet\an010.htm --> cps.msu.edu /user/cd/cps291/lectures/bnet an010.htm
98.03.13 09:04 B D:\cdrom\lectures\bnet\an011.htm --> cps.msu.edu /user/cd/cps291/lectures/bnet an011.htm
98.03.13 09:04 B D:\cdrom\lectures\bnet\an012.htm --> cps.msu.edu /user/cd/cps291/lectures/bnet an012.htm
98.03.13 09:04 B D:\cdrom\lectures\bnet\an013.htm --> cps.msu.edu /user/cd/cps291/lectures/bnet an013.htm
98.03.13 09:04 B D:\cdrom\lectures\bnet\an014.htm --> cps.msu.edu /user/cd/cps291/lectures/bnet an014.htm
98.03.13 09:04 B D:\cdrom\lectures\bnet\an015.htm --> cps.msu.edu /user/cd/cps291/lectures/bnet an015.htm
98.03.13 09:04 B D:\cdrom\lectures\bnet\an016.htm --> cps.msu.edu /user/cd/cps291/lectures/bnet an016.htm
98.03.13 09:04 B D:\cdrom\lectures\bnet\an017.htm --> cps.msu.edu /user/cd/cps291/lectures/bnet an017.htm
98.03.13 09:04 B D:\cdrom\lectures\bnet\an018.htm --> cps.msu.edu /user/cd/cps291/lectures/bnet an018.htm
98.03.13 09:04 B D:\cdrom\lectures\bnet\an019.htm --> cps.msu.edu /user/cd/cps291/lectures/bnet an019.htm
98.03.13 09:04 B D:\cdrom\lectures\bnet\an020.htm --> cps.msu.edu /user/cd/cps291/lectures/bnet an020.htm
98.03.13 09:04 B D:\cdrom\lectures\bnet\an021.htm --> cps.msu.edu /user/cd/cps291/lectures/bnet an021.htm
98.03.13 09:04 B D:\cdrom\lectures\bnet\an022.htm --> cps.msu.edu /user/cd/cps291/lectures/bnet an022.htm
98.03.13 09:04 B D:\cdrom\lectures\bnet\an023.htm --> cps.msu.edu /user/cd/cps291/lectures/bnet an023.htm
98.03.13 09:04 B D:\cdrom\lectures\bnet\an024.htm --> cps.msu.edu /user/cd/cps291/lectures/bnet an024.htm
98.03.13 09:04 B D:\cdrom\lectures\bnet\an025.htm --> cps.msu.edu /user/cd/cps291/lectures/bnet an025.htm
98.03.13 09:04 B D:\cdrom\lectures\bnet\an026.htm --> cps.msu.edu /user/cd/cps291/lectures/bnet an026.htm
98.03.13 09:04 B D:\cdrom\lectures\bnet\an027.htm --> cps.msu.edu /user/cd/cps291/lectures/bnet an027.htm
98.03.13 09:04 B D:\cdrom\lectures\bnet\an028.htm --> cps.msu.edu /user/cd/cps291/lectures/bnet an028.htm
98.03.13 09:04 B D:\cdrom\lectures\bnet\an029.htm --> cps.msu.edu /user/cd/cps291/lectures/bnet an029.htm
98.03.13 09:04 B D:\cdrom\lectures\bnet\an030.htm --> cps.msu.edu /user/cd/cps291/lectures/bnet an030.htm
98.03.13 09:04 B D:\cdrom\lectures\bnet\an031.htm --> cps.msu.edu /user/cd/cps291/lectures/bnet an031.htm
98.03.13 09:04 B D:\cdrom\lectures\bnet\an032.htm --> cps.msu.edu /user/cd/cps291/lectures/bnet an032.htm
98.03.13 09:04 B D:\cdrom\lectures\bnet\an033.htm --> cps.msu.edu /user/cd/cps291/lectures/bnet an033.htm
98.03.13 09:04 B D:\cdrom\lectures\bnet\an034.htm --> cps.msu.edu /user/cd/cps291/lectures/bnet an034.htm
98.03.13 09:04 B D:\cdrom\lectures\bnet\an035.htm --> cps.msu.edu /user/cd/cps291/lectures/bnet an035.htm
98.03.13 09:04 B D:\cdrom\lectures\bnet\an036.htm --> cps.msu.edu /user/cd/cps291/lectures/bnet an036.htm
98.03.13 09:04 B D:\cdrom\lectures\bnet\an037.htm --> cps.msu.edu /user/cd/cps291/lectures/bnet an037.htm
98.03.13 09:04 B D:\cdrom\lectures\bnet\an038.htm --> cps.msu.edu /user/cd/cps291/lectures/bnet an038.htm
98.03.13 09:04 B D:\cdrom\lectures\bnet\an039.htm --> cps.msu.edu /user/cd/cps291/lectures/bnet an039.htm
98.03.13 09:04 B D:\cdrom\lectures\bnet\an040.htm --> cps.msu.edu /user/cd/cps291/lectures/bnet an040.htm
98.03.13 09:04 B D:\cdrom\lectures\bnet\ar001.rpm --> cps.msu.edu /user/cd/cps291/lectures/bnet ar001.rpm
98.03.13 09:04 B D:\cdrom\lectures\bnet\ar002.rpm --> cps.msu.edu /user/cd/cps291/lectures/bnet ar002.rpm
98.03.13 09:04 B D:\cdrom\lectures\bnet\ar003.rpm --> cps.msu.edu /user/cd/cps291/lectures/bnet ar003.rpm
98.03.13 09:04 B D:\cdrom\lectures\bnet\ar004.rpm --> cps.msu.edu /user/cd/cps291/lectures/bnet ar004.rpm
98.03.13 09:04 B D:\cdrom\lectures\bnet\ar005.rpm --> cps.msu.edu /user/cd/cps291/lectures/bnet ar005.rpm
98.03.13 09:04 B D:\cdrom\lectures\bnet\ar006.rpm --> cps.msu.edu /user/cd/cps291/lectures/bnet ar006.rpm
98.03.13 09:04 B D:\cdrom\lectures\bnet\ar007.rpm --> cps.msu.edu /user/cd/cps291/lectures/bnet ar007.rpm
98.03.13 09:04 B D:\cdrom\lectures\bnet\ar008.rpm --> cps.msu.edu /user/cd/cps291/lectures/bnet ar008.rpm
98.03.13 09:04 B D:\cdrom\lectures\bnet\ar009.rpm --> cps.msu.edu /user/cd/cps291/lectures/bnet ar009.rpm
98.03.13 09:04 B D:\cdrom\lectures\bnet\ar010.rpm --> cps.msu.edu /user/cd/cps291/lectures/bnet ar010.rpm
98.03.13 09:05 B D:\cdrom\lectures\bnet\ar011.rpm --> cps.msu.edu /user/cd/cps291/lectures/bnet ar011.rpm
98.03.13 09:05 B D:\cdrom\lectures\bnet\ar012.rpm --> cps.msu.edu /user/cd/cps291/lectures/bnet ar012.rpm
98.03.13 09:05 B D:\cdrom\lectures\bnet\ar013.rpm --> cps.msu.edu /user/cd/cps291/lectures/bnet ar013.rpm
98.03.13 09:05 B D:\cdrom\lectures\bnet\ar014.rpm --> cps.msu.edu /user/cd/cps291/lectures/bnet ar014.rpm
98.03.13 09:05 B D:\cdrom\lectures\bnet\ar015.rpm --> cps.msu.edu /user/cd/cps291/lectures/bnet ar015.rpm
98.03.13 09:05 B D:\cdrom\lectures\bnet\ar016.rpm --> cps.msu.edu /user/cd/cps291/lectures/bnet ar016.rpm
98.03.13 09:05 B D:\cdrom\lectures\bnet\ar017.rpm --> cps.msu.edu /user/cd/cps291/lectures/bnet ar017.rpm
98.03.13 09:05 B D:\cdrom\lectures\bnet\ar018.rpm --> cps.msu.edu /user/cd/cps291/lectures/bnet ar018.rpm
98.03.13 09:05 B D:\cdrom\lectures\bnet\ar019.rpm --> cps.msu.edu /user/cd/cps291/lectures/bnet ar019.rpm
98.03.13 09:05 B D:\cdrom\lectures\bnet\ar020.rpm --> cps.msu.edu /user/cd/cps291/lectures/bnet ar020.rpm
98.03.13 09:05 B D:\cdrom\lectures\bnet\ar021.rpm --> cps.msu.edu /user/cd/cps291/lectures/bnet ar021.rpm
98.03.13 09:05 B D:\cdrom\lectures\bnet\ar022.rpm --> cps.msu.edu /user/cd/cps291/lectures/bnet ar022.rpm
98.03.13 09:05 B D:\cdrom\lectures\bnet\ar023.rpm --> cps.msu.edu /user/cd/cps291/lectures/bnet ar023.rpm
98.03.13 09:05 B D:\cdrom\lectures\bnet\ar024.rpm --> cps.msu.edu /user/cd/cps291/lectures/bnet ar024.rpm
98.03.13 09:05 B D:\cdrom\lectures\bnet\ar025.rpm --> cps.msu.edu /user/cd/cps291/lectures/bnet ar025.rpm
98.03.13 09:05 B D:\cdrom\lectures\bnet\ar026.rpm --> cps.msu.edu /user/cd/cps291/lectures/bnet ar026.rpm
98.03.13 09:05 B D:\cdrom\lectures\bnet\ar027.rpm --> cps.msu.edu /user/cd/cps291/lectures/bnet ar027.rpm
98.03.13 09:05 B D:\cdrom\lectures\bnet\ar028.rpm --> cps.msu.edu /user/cd/cps291/lectures/bnet ar028.rpm
98.03.13 09:05 B D:\cdrom\lectures\bnet\ar029.rpm --> cps.msu.edu /user/cd/cps291/lectures/bnet ar029.rpm
98.03.13 09:05 B D:\cdrom\lectures\bnet\ar030.rpm --> cps.msu.edu /user/cd/cps291/lectures/bnet ar030.rpm
98.03.13 09:05 B D:\cdrom\lectures\bnet\ar031.rpm --> cps.msu.edu /user/cd/cps291/lectures/bnet ar031.rpm
98.03.13 09:05 B D:\cdrom\lectures\bnet\ar032.rpm --> cps.msu.edu /user/cd/cps291/lectures/bnet ar032.rpm
98.03.13 09:05 B D:\cdrom\lectures\bnet\ar033.rpm --> cps.msu.edu /user/cd/cps291/lectures/bnet ar033.rpm
98.03.13 09:05 B D:\cdrom\lectures\bnet\ar034.rpm --> cps.msu.edu /user/cd/cps291/lectures/bnet ar034.rpm
98.03.13 09:05 B D:\cdrom\lectures\bnet\ar035.rpm --> cps.msu.edu /user/cd/cps291/lectures/bnet ar035.rpm
98.03.13 09:05 B D:\cdrom\lectures\bnet\ar036.rpm --> cps.msu.edu /user/cd/cps291/lectures/bnet ar036.rpm
98.03.13 09:05 B D:\cdrom\lectures\bnet\ar037.rpm --> cps.msu.edu /user/cd/cps291/lectures/bnet ar037.rpm
98.03.13 09:05 B D:\cdrom\lectures\bnet\ar038.rpm --> cps.msu.edu /user/cd/cps291/lectures/bnet ar038.rpm
98.03.13 09:05 B D:\cdrom\lectures\bnet\ar039.rpm --> cps.msu.edu /user/cd/cps291/lectures/bnet ar039.rpm
98.03.13 09:05 B D:\cdrom\lectures\bnet\ar040.rpm --> cps.msu.edu /user/cd/cps291/lectures/bnet ar040.rpm
98.03.13 09:05 B D:\cdrom\lectures\bnet\bnet1.ra --> cps.msu.edu /user/cd/cps291/lectures/bnet bnet1.ra
98.03.13 09:05 B D:\cdrom\lectures\bnet\bnet1.rat --> cps.msu.edu /user/cd/cps291/lectures/bnet bnet1.rat
98.03.13 09:05 B D:\cdrom\lectures\bnet\bnet1.rm --> cps.msu.edu /user/cd/cps291/lectures/bnet bnet1.rm
98.03.13 09:05 B D:\cdrom\lectures\bnet\bnet1a.ram --> cps.msu.edu /user/cd/cps291/lectures/bnet bnet1a.ram
98.03.13 09:05 B D:\cdrom\lectures\bnet\bnet1a.rpm --> cps.msu.edu /user/cd/cps291/lectures/bnet bnet1a.rpm
98.03.13 09:05 B D:\cdrom\lectures\bnet\bnet1af.htm --> cps.msu.edu /user/cd/cps291/lectures/bnet bnet1af.htm
98.03.13 09:05 B D:\cdrom\lectures\bnet\bnet1an.htm --> cps.msu.edu /user/cd/cps291/lectures/bnet bnet1an.htm
98.03.13 09:05 B D:\cdrom\lectures\bnet\bnet1ap.ram --> cps.msu.edu /user/cd/cps291/lectures/bnet bnet1ap.ram
98.03.13 09:05 B D:\cdrom\lectures\bnet\bnet1v.ram --> cps.msu.edu /user/cd/cps291/lectures/bnet bnet1v.ram
98.03.13 09:05 B D:\cdrom\lectures\bnet\bnet1v.rpm --> cps.msu.edu /user/cd/cps291/lectures/bnet bnet1v.rpm
98.03.13 09:05 B D:\cdrom\lectures\bnet\bnet1vf.htm --> cps.msu.edu /user/cd/cps291/lectures/bnet bnet1vf.htm
98.03.13 09:05 B D:\cdrom\lectures\bnet\bnet1vn.htm --> cps.msu.edu /user/cd/cps291/lectures/bnet bnet1vn.htm
98.03.13 09:05 B D:\cdrom\lectures\bnet\bnet1vp.ram --> cps.msu.edu /user/cd/cps291/lectures/bnet bnet1vp.ram
98.03.13 09:05 B D:\cdrom\lectures\bnet\bnet2.ra --> cps.msu.edu /user/cd/cps291/lectures/bnet bnet2.ra
98.03.13 09:05 B D:\cdrom\lectures\bnet\bnet2.rat --> cps.msu.edu /user/cd/cps291/lectures/bnet bnet2.rat
98.03.13 09:06 B D:\cdrom\lectures\bnet\bnet2.rm --> cps.msu.edu /user/cd/cps291/lectures/bnet bnet2.rm
98.03.13 09:06 B D:\cdrom\lectures\bnet\bnet2a.ram --> cps.msu.edu /user/cd/cps291/lectures/bnet bnet2a.ram
98.03.13 09:06 B D:\cdrom\lectures\bnet\bnet2a.rpm --> cps.msu.edu /user/cd/cps291/lectures/bnet bnet2a.rpm
98.03.13 09:06 B D:\cdrom\lectures\bnet\bnet2af.htm --> cps.msu.edu /user/cd/cps291/lectures/bnet bnet2af.htm
98.03.13 09:06 B D:\cdrom\lectures\bnet\bnet2an.htm --> cps.msu.edu /user/cd/cps291/lectures/bnet bnet2an.htm
98.03.13 09:06 B D:\cdrom\lectures\bnet\bnet2ap.ram --> cps.msu.edu /user/cd/cps291/lectures/bnet bnet2ap.ram
98.03.13 09:06 B D:\cdrom\lectures\bnet\bnet2v.ram --> cps.msu.edu /user/cd/cps291/lectures/bnet bnet2v.ram
98.03.13 09:06 B D:\cdrom\lectures\bnet\bnet2v.rpm --> cps.msu.edu /user/cd/cps291/lectures/bnet bnet2v.rpm
98.03.13 09:06 B D:\cdrom\lectures\bnet\bnet2vf.htm --> cps.msu.edu /user/cd/cps291/lectures/bnet bnet2vf.htm
98.03.13 09:06 B D:\cdrom\lectures\bnet\bnet2vn.htm --> cps.msu.edu /user/cd/cps291/lectures/bnet bnet2vn.htm
98.03.13 09:06 B D:\cdrom\lectures\bnet\bnet2vp.ram --> cps.msu.edu /user/cd/cps291/lectures/bnet bnet2vp.ram
98.03.13 09:06 B D:\cdrom\lectures\bnet\bnet3.ra --> cps.msu.edu /user/cd/cps291/lectures/bnet bnet3.ra
98.03.13 09:06 B D:\cdrom\lectures\bnet\bnet3.rat --> cps.msu.edu /user/cd/cps291/lectures/bnet bnet3.rat
98.03.13 09:06 B D:\cdrom\lectures\bnet\bnet3.rm --> cps.msu.edu /user/cd/cps291/lectures/bnet bnet3.rm
98.03.13 09:06 B D:\cdrom\lectures\bnet\bnet3a.ram --> cps.msu.edu /user/cd/cps291/lectures/bnet bnet3a.ram
98.03.13 09:06 B D:\cdrom\lectures\bnet\bnet3a.rpm --> cps.msu.edu /user/cd/cps291/lectures/bnet bnet3a.rpm
98.03.13 09:06 B D:\cdrom\lectures\bnet\bnet3af.htm --> cps.msu.edu /user/cd/cps291/lectures/bnet bnet3af.htm
98.03.13 09:06 B D:\cdrom\lectures\bnet\bnet3an.htm --> cps.msu.edu /user/cd/cps291/lectures/bnet bnet3an.htm
98.03.13 09:06 B D:\cdrom\lectures\bnet\bnet3ap.ram --> cps.msu.edu /user/cd/cps291/lectures/bnet bnet3ap.ram
98.03.13 09:06 B D:\cdrom\lectures\bnet\bnet3v.ram --> cps.msu.edu /user/cd/cps291/lectures/bnet bnet3v.ram
98.03.13 09:06 B D:\cdrom\lectures\bnet\bnet3v.rpm --> cps.msu.edu /user/cd/cps291/lectures/bnet bnet3v.rpm
98.03.13 09:06 B D:\cdrom\lectures\bnet\bnet3vf.htm --> cps.msu.edu /user/cd/cps291/lectures/bnet bnet3vf.htm
98.03.13 09:06 B D:\cdrom\lectures\bnet\bnet3vn.htm --> cps.msu.edu /user/cd/cps291/lectures/bnet bnet3vn.htm
98.03.13 09:06 B D:\cdrom\lectures\bnet\bnet3vp.ram --> cps.msu.edu /user/cd/cps291/lectures/bnet bnet3vp.ram
98.03.13 09:06 B D:\cdrom\lectures\bnet\cache.htm --> cps.msu.edu /user/cd/cps291/lectures/bnet cache.htm
98.03.13 09:06 B D:\cdrom\lectures\bnet\empty.rpm --> cps.msu.edu /user/cd/cps291/lectures/bnet empty.rpm
98.03.13 09:06 B D:\cdrom\lectures\bnet\getreal.jpg --> cps.msu.edu /user/cd/cps291/lectures/bnet getreal.jpg
98.03.13 09:06 B D:\cdrom\lectures\bnet\img001.gif --> cps.msu.edu /user/cd/cps291/lectures/bnet img001.gif
98.03.13 09:06 B D:\cdrom\lectures\bnet\img002.gif --> cps.msu.edu /user/cd/cps291/lectures/bnet img002.gif
98.03.13 09:06 B D:\cdrom\lectures\bnet\img003.gif --> cps.msu.edu /user/cd/cps291/lectures/bnet img003.gif
98.03.13 09:06 B D:\cdrom\lectures\bnet\img004.gif --> cps.msu.edu /user/cd/cps291/lectures/bnet img004.gif
98.03.13 09:06 B D:\cdrom\lectures\bnet\img005.gif --> cps.msu.edu /user/cd/cps291/lectures/bnet img005.gif
98.03.13 09:06 B D:\cdrom\lectures\bnet\img006.gif --> cps.msu.edu /user/cd/cps291/lectures/bnet img006.gif
98.03.13 09:06 B D:\cdrom\lectures\bnet\img007.gif --> cps.msu.edu /user/cd/cps291/lectures/bnet img007.gif
98.03.13 09:06 B D:\cdrom\lectures\bnet\img008.gif --> cps.msu.edu /user/cd/cps291/lectures/bnet img008.gif
98.03.13 09:06 B D:\cdrom\lectures\bnet\img009.gif --> cps.msu.edu /user/cd/cps291/lectures/bnet img009.gif
98.03.13 09:06 B D:\cdrom\lectures\bnet\img010.gif --> cps.msu.edu /user/cd/cps291/lectures/bnet img010.gif
98.03.13 09:06 B D:\cdrom\lectures\bnet\img011.gif --> cps.msu.edu /user/cd/cps291/lectures/bnet img011.gif
98.03.13 09:06 B D:\cdrom\lectures\bnet\img012.gif --> cps.msu.edu /user/cd/cps291/lectures/bnet img012.gif
98.03.13 09:06 B D:\cdrom\lectures\bnet\img013.gif --> cps.msu.edu /user/cd/cps291/lectures/bnet img013.gif
98.03.13 09:06 B D:\cdrom\lectures\bnet\img014.gif --> cps.msu.edu /user/cd/cps291/lectures/bnet img014.gif
98.03.13 09:06 B D:\cdrom\lectures\bnet\img015.gif --> cps.msu.edu /user/cd/cps291/lectures/bnet img015.gif
98.03.13 09:06 B D:\cdrom\lectures\bnet\img016.gif --> cps.msu.edu /user/cd/cps291/lectures/bnet img016.gif
98.03.13 09:06 B D:\cdrom\lectures\bnet\img017.gif --> cps.msu.edu /user/cd/cps291/lectures/bnet img017.gif
98.03.13 09:06 B D:\cdrom\lectures\bnet\img018.gif --> cps.msu.edu /user/cd/cps291/lectures/bnet img018.gif
98.03.13 09:06 B D:\cdrom\lectures\bnet\img019.gif --> cps.msu.edu /user/cd/cps291/lectures/bnet img019.gif
98.03.13 09:06 B D:\cdrom\lectures\bnet\img020.gif --> cps.msu.edu /user/cd/cps291/lectures/bnet img020.gif
98.03.13 09:06 B D:\cdrom\lectures\bnet\img021.gif --> cps.msu.edu /user/cd/cps291/lectures/bnet img021.gif
98.03.13 09:06 B D:\cdrom\lectures\bnet\img022.gif --> cps.msu.edu /user/cd/cps291/lectures/bnet img022.gif
98.03.13 09:06 B D:\cdrom\lectures\bnet\img023.gif --> cps.msu.edu /user/cd/cps291/lectures/bnet img023.gif
98.03.13 09:06 B D:\cdrom\lectures\bnet\img024.gif --> cps.msu.edu /user/cd/cps291/lectures/bnet img024.gif
98.03.13 09:06 B D:\cdrom\lectures\bnet\img025.gif --> cps.msu.edu /user/cd/cps291/lectures/bnet img025.gif
98.03.13 09:06 B D:\cdrom\lectures\bnet\img026.gif --> cps.msu.edu /user/cd/cps291/lectures/bnet img026.gif
98.03.13 09:06 B D:\cdrom\lectures\bnet\img027.gif --> cps.msu.edu /user/cd/cps291/lectures/bnet img027.gif
98.03.13 09:06 B D:\cdrom\lectures\bnet\img028.gif --> cps.msu.edu /user/cd/cps291/lectures/bnet img028.gif
98.03.13 09:06 B D:\cdrom\lectures\bnet\img029.gif --> cps.msu.edu /user/cd/cps291/lectures/bnet img029.gif
98.03.13 09:06 B D:\cdrom\lectures\bnet\img030.gif --> cps.msu.edu /user/cd/cps291/lectures/bnet img030.gif
98.03.13 09:06 B D:\cdrom\lectures\bnet\img031.gif --> cps.msu.edu /user/cd/cps291/lectures/bnet img031.gif
98.03.13 09:06 B D:\cdrom\lectures\bnet\img032.gif --> cps.msu.edu /user/cd/cps291/lectures/bnet img032.gif
98.03.13 09:06 B D:\cdrom\lectures\bnet\img033.gif --> cps.msu.edu /user/cd/cps291/lectures/bnet img033.gif
98.03.13 09:06 B D:\cdrom\lectures\bnet\img034.gif --> cps.msu.edu /user/cd/cps291/lectures/bnet img034.gif
98.03.13 09:06 B D:\cdrom\lectures\bnet\img035.gif --> cps.msu.edu /user/cd/cps291/lectures/bnet img035.gif
98.03.13 09:06 B D:\cdrom\lectures\bnet\img036.gif --> cps.msu.edu /user/cd/cps291/lectures/bnet img036.gif
98.03.13 09:06 B D:\cdrom\lectures\bnet\img037.gif --> cps.msu.edu /user/cd/cps291/lectures/bnet img037.gif
98.03.13 09:06 B D:\cdrom\lectures\bnet\img038.gif --> cps.msu.edu /user/cd/cps291/lectures/bnet img038.gif
98.03.13 09:06 B D:\cdrom\lectures\bnet\img039.gif --> cps.msu.edu /user/cd/cps291/lectures/bnet img039.gif
98.03.13 09:06 B D:\cdrom\lectures\bnet\img040.gif --> cps.msu.edu /user/cd/cps291/lectures/bnet img040.gif
98.03.13 09:06 B D:\cdrom\lectures\bnet\img1.jpg --> cps.msu.edu /user/cd/cps291/lectures/bnet img1.jpg
98.03.13 09:06 B D:\cdrom\lectures\bnet\img10.jpg --> cps.msu.edu /user/cd/cps291/lectures/bnet img10.jpg
98.03.13 09:06 B D:\cdrom\lectures\bnet\img11.jpg --> cps.msu.edu /user/cd/cps291/lectures/bnet img11.jpg
98.03.13 09:06 B D:\cdrom\lectures\bnet\img12.jpg --> cps.msu.edu /user/cd/cps291/lectures/bnet img12.jpg
98.03.13 09:06 B D:\cdrom\lectures\bnet\img13.jpg --> cps.msu.edu /user/cd/cps291/lectures/bnet img13.jpg
98.03.13 09:06 B D:\cdrom\lectures\bnet\img14.jpg --> cps.msu.edu /user/cd/cps291/lectures/bnet img14.jpg
98.03.13 09:06 B D:\cdrom\lectures\bnet\img15.jpg --> cps.msu.edu /user/cd/cps291/lectures/bnet img15.jpg
98.03.13 09:06 B D:\cdrom\lectures\bnet\img16.jpg --> cps.msu.edu /user/cd/cps291/lectures/bnet img16.jpg
98.03.13 09:06 B D:\cdrom\lectures\bnet\img17.jpg --> cps.msu.edu /user/cd/cps291/lectures/bnet img17.jpg
98.03.13 09:06 B D:\cdrom\lectures\bnet\img18.jpg --> cps.msu.edu /user/cd/cps291/lectures/bnet img18.jpg
98.03.13 09:06 B D:\cdrom\lectures\bnet\img19.jpg --> cps.msu.edu /user/cd/cps291/lectures/bnet img19.jpg
98.03.13 09:06 B D:\cdrom\lectures\bnet\img2.jpg --> cps.msu.edu /user/cd/cps291/lectures/bnet img2.jpg
98.03.13 09:06 B D:\cdrom\lectures\bnet\img20.jpg --> cps.msu.edu /user/cd/cps291/lectures/bnet img20.jpg
98.03.13 09:06 B D:\cdrom\lectures\bnet\img21.jpg --> cps.msu.edu /user/cd/cps291/lectures/bnet img21.jpg
98.03.13 09:06 B D:\cdrom\lectures\bnet\img22.jpg --> cps.msu.edu /user/cd/cps291/lectures/bnet img22.jpg
98.03.13 09:06 B D:\cdrom\lectures\bnet\img23.jpg --> cps.msu.edu /user/cd/cps291/lectures/bnet img23.jpg
98.03.13 09:06 B D:\cdrom\lectures\bnet\img24.jpg --> cps.msu.edu /user/cd/cps291/lectures/bnet img24.jpg
98.03.13 09:06 B D:\cdrom\lectures\bnet\img25.jpg --> cps.msu.edu /user/cd/cps291/lectures/bnet img25.jpg
98.03.13 09:06 B D:\cdrom\lectures\bnet\img26.jpg --> cps.msu.edu /user/cd/cps291/lectures/bnet img26.jpg
98.03.13 09:06 B D:\cdrom\lectures\bnet\img27.jpg --> cps.msu.edu /user/cd/cps291/lectures/bnet img27.jpg
98.03.13 09:06 B D:\cdrom\lectures\bnet\img28.jpg --> cps.msu.edu /user/cd/cps291/lectures/bnet img28.jpg
98.03.13 09:06 B D:\cdrom\lectures\bnet\img29.jpg --> cps.msu.edu /user/cd/cps291/lectures/bnet img29.jpg
98.03.13 09:06 B D:\cdrom\lectures\bnet\img3.jpg --> cps.msu.edu /user/cd/cps291/lectures/bnet img3.jpg
98.03.13 09:06 B D:\cdrom\lectures\bnet\img30.jpg --> cps.msu.edu /user/cd/cps291/lectures/bnet img30.jpg
98.03.13 09:06 B D:\cdrom\lectures\bnet\img31.jpg --> cps.msu.edu /user/cd/cps291/lectures/bnet img31.jpg
98.03.13 09:06 B D:\cdrom\lectures\bnet\img32.jpg --> cps.msu.edu /user/cd/cps291/lectures/bnet img32.jpg
98.03.13 09:06 B D:\cdrom\lectures\bnet\img33.jpg --> cps.msu.edu /user/cd/cps291/lectures/bnet img33.jpg
98.03.13 09:06 B D:\cdrom\lectures\bnet\img34.jpg --> cps.msu.edu /user/cd/cps291/lectures/bnet img34.jpg
98.03.13 09:06 B D:\cdrom\lectures\bnet\img35.jpg --> cps.msu.edu /user/cd/cps291/lectures/bnet img35.jpg
98.03.13 09:06 B D:\cdrom\lectures\bnet\img36.jpg --> cps.msu.edu /user/cd/cps291/lectures/bnet img36.jpg
98.03.13 09:06 B D:\cdrom\lectures\bnet\img37.jpg --> cps.msu.edu /user/cd/cps291/lectures/bnet img37.jpg
98.03.13 09:06 B D:\cdrom\lectures\bnet\img38.jpg --> cps.msu.edu /user/cd/cps291/lectures/bnet img38.jpg
98.03.13 09:06 B D:\cdrom\lectures\bnet\img39.jpg --> cps.msu.edu /user/cd/cps291/lectures/bnet img39.jpg
98.03.13 09:06 B D:\cdrom\lectures\bnet\img4.jpg --> cps.msu.edu /user/cd/cps291/lectures/bnet img4.jpg
98.03.13 09:06 B D:\cdrom\lectures\bnet\img40.jpg --> cps.msu.edu /user/cd/cps291/lectures/bnet img40.jpg
98.03.13 09:06 B D:\cdrom\lectures\bnet\img5.jpg --> cps.msu.edu /user/cd/cps291/lectures/bnet img5.jpg
98.03.13 09:06 B D:\cdrom\lectures\bnet\img6.jpg --> cps.msu.edu /user/cd/cps291/lectures/bnet img6.jpg
98.03.13 09:06 B D:\cdrom\lectures\bnet\img7.jpg --> cps.msu.edu /user/cd/cps291/lectures/bnet img7.jpg
98.03.13 09:06 B D:\cdrom\lectures\bnet\img8.jpg --> cps.msu.edu /user/cd/cps291/lectures/bnet img8.jpg
98.03.13 09:06 B D:\cdrom\lectures\bnet\img9.jpg --> cps.msu.edu /user/cd/cps291/lectures/bnet img9.jpg
98.03.13 09:06 B D:\cdrom\lectures\bnet\index.crs --> cps.msu.edu /user/cd/cps291/lectures/bnet index.crs
98.03.13 09:06 B D:\cdrom\lectures\bnet\index.htm --> cps.msu.edu /user/cd/cps291/lectures/bnet index.htm
98.03.13 09:06 B D:\cdrom\lectures\bnet\inst160.gif --> cps.msu.edu /user/cd/cps291/lectures/bnet inst160.gif
98.03.13 09:06 B D:\cdrom\lectures\bnet\jlist.htm --> cps.msu.edu /user/cd/cps291/lectures/bnet jlist.htm
98.03.13 09:06 B D:\cdrom\lectures\bnet\list.htm --> cps.msu.edu /user/cd/cps291/lectures/bnet list.htm
98.03.13 09:06 B D:\cdrom\lectures\bnet\log.log --> cps.msu.edu /user/cd/cps291/lectures/bnet log.log
98.03.13 09:07 B D:\cdrom\lectures\bnet\makeind.mnu --> cps.msu.edu /user/cd/cps291/lectures/bnet makeind.mnu
98.03.13 09:07 B D:\cdrom\lectures\bnet\makeind.sed --> cps.msu.edu /user/cd/cps291/lectures/bnet makeind.sed
98.03.13 09:07 B D:\cdrom\lectures\bnet\navcal.gif --> cps.msu.edu /user/cd/cps291/lectures/bnet navcal.gif
98.03.13 09:07 B D:\cdrom\lectures\bnet\process.bat --> cps.msu.edu /user/cd/cps291/lectures/bnet process.bat
98.03.13 09:07 B D:\cdrom\lectures\bnet\sld001.htm --> cps.msu.edu /user/cd/cps291/lectures/bnet sld001.htm
98.03.13 09:07 B D:\cdrom\lectures\bnet\sld002.htm --> cps.msu.edu /user/cd/cps291/lectures/bnet sld002.htm
98.03.13 09:07 B D:\cdrom\lectures\bnet\sld003.htm --> cps.msu.edu /user/cd/cps291/lectures/bnet sld003.htm
98.03.13 09:07 B D:\cdrom\lectures\bnet\sld004.htm --> cps.msu.edu /user/cd/cps291/lectures/bnet sld004.htm
98.03.13 09:07 B D:\cdrom\lectures\bnet\sld005.htm --> cps.msu.edu /user/cd/cps291/lectures/bnet sld005.htm
98.03.13 09:07 B D:\cdrom\lectures\bnet\sld006.htm --> cps.msu.edu /user/cd/cps291/lectures/bnet sld006.htm
98.03.13 09:07 B D:\cdrom\lectures\bnet\sld007.htm --> cps.msu.edu /user/cd/cps291/lectures/bnet sld007.htm
98.03.13 09:07 B D:\cdrom\lectures\bnet\sld008.htm --> cps.msu.edu /user/cd/cps291/lectures/bnet sld008.htm
98.03.13 09:07 B D:\cdrom\lectures\bnet\sld009.htm --> cps.msu.edu /user/cd/cps291/lectures/bnet sld009.htm
98.03.13 09:07 B D:\cdrom\lectures\bnet\sld010.htm --> cps.msu.edu /user/cd/cps291/lectures/bnet sld010.htm
98.03.13 09:07 B D:\cdrom\lectures\bnet\sld011.htm --> cps.msu.edu /user/cd/cps291/lectures/bnet sld011.htm
98.03.13 09:07 B D:\cdrom\lectures\bnet\sld012.htm --> cps.msu.edu /user/cd/cps291/lectures/bnet sld012.htm
98.03.13 09:07 B D:\cdrom\lectures\bnet\sld013.htm --> cps.msu.edu /user/cd/cps291/lectures/bnet sld013.htm
98.03.13 09:07 B D:\cdrom\lectures\bnet\sld014.htm --> cps.msu.edu /user/cd/cps291/lectures/bnet sld014.htm
98.03.13 09:07 B D:\cdrom\lectures\bnet\sld015.htm --> cps.msu.edu /user/cd/cps291/lectures/bnet sld015.htm
98.03.13 09:07 B D:\cdrom\lectures\bnet\sld016.htm --> cps.msu.edu /user/cd/cps291/lectures/bnet sld016.htm
98.03.13 09:07 B D:\cdrom\lectures\bnet\sld017.htm --> cps.msu.edu /user/cd/cps291/lectures/bnet sld017.htm
98.03.13 09:07 B D:\cdrom\lectures\bnet\sld018.htm --> cps.msu.edu /user/cd/cps291/lectures/bnet sld018.htm
98.03.13 09:07 B D:\cdrom\lectures\bnet\sld019.htm --> cps.msu.edu /user/cd/cps291/lectures/bnet sld019.htm
98.03.13 09:07 B D:\cdrom\lectures\bnet\sld020.htm --> cps.msu.edu /user/cd/cps291/lectures/bnet sld020.htm
98.03.13 09:07 B D:\cdrom\lectures\bnet\sld021.htm --> cps.msu.edu /user/cd/cps291/lectures/bnet sld021.htm
98.03.13 09:07 B D:\cdrom\lectures\bnet\sld022.htm --> cps.msu.edu /user/cd/cps291/lectures/bnet sld022.htm
98.03.13 09:07 B D:\cdrom\lectures\bnet\sld023.htm --> cps.msu.edu /user/cd/cps291/lectures/bnet sld023.htm
98.03.13 09:07 B D:\cdrom\lectures\bnet\sld024.htm --> cps.msu.edu /user/cd/cps291/lectures/bnet sld024.htm
98.03.13 09:07 B D:\cdrom\lectures\bnet\sld025.htm --> cps.msu.edu /user/cd/cps291/lectures/bnet sld025.htm
98.03.13 09:07 B D:\cdrom\lectures\bnet\sld026.htm --> cps.msu.edu /user/cd/cps291/lectures/bnet sld026.htm
98.03.13 09:07 B D:\cdrom\lectures\bnet\sld027.htm --> cps.msu.edu /user/cd/cps291/lectures/bnet sld027.htm
98.03.13 09:07 B D:\cdrom\lectures\bnet\sld028.htm --> cps.msu.edu /user/cd/cps291/lectures/bnet sld028.htm
98.03.13 09:07 B D:\cdrom\lectures\bnet\sld029.htm --> cps.msu.edu /user/cd/cps291/lectures/bnet sld029.htm
98.03.13 09:07 B D:\cdrom\lectures\bnet\sld030.htm --> cps.msu.edu /user/cd/cps291/lectures/bnet sld030.htm
98.03.13 09:07 B D:\cdrom\lectures\bnet\sld031.htm --> cps.msu.edu /user/cd/cps291/lectures/bnet sld031.htm
98.03.13 09:07 B D:\cdrom\lectures\bnet\sld032.htm --> cps.msu.edu /user/cd/cps291/lectures/bnet sld032.htm
98.03.13 09:07 B D:\cdrom\lectures\bnet\sld033.htm --> cps.msu.edu /user/cd/cps291/lectures/bnet sld033.htm
98.03.13 09:07 B D:\cdrom\lectures\bnet\sld034.htm --> cps.msu.edu /user/cd/cps291/lectures/bnet sld034.htm
98.03.13 09:07 B D:\cdrom\lectures\bnet\sld035.htm --> cps.msu.edu /user/cd/cps291/lectures/bnet sld035.htm
98.03.13 09:07 B D:\cdrom\lectures\bnet\sld036.htm --> cps.msu.edu /user/cd/cps291/lectures/bnet sld036.htm
98.03.13 09:07 B D:\cdrom\lectures\bnet\sld037.htm --> cps.msu.edu /user/cd/cps291/lectures/bnet sld037.htm
98.03.13 09:07 B D:\cdrom\lectures\bnet\sld038.htm --> cps.msu.edu /user/cd/cps291/lectures/bnet sld038.htm
98.03.13 09:07 B D:\cdrom\lectures\bnet\sld039.htm --> cps.msu.edu /user/cd/cps291/lectures/bnet sld039.htm
98.03.13 09:07 B D:\cdrom\lectures\bnet\sld040.htm --> cps.msu.edu /user/cd/cps291/lectures/bnet sld040.htm
98.03.13 09:07 B D:\cdrom\lectures\bnet\tlist.htm --> cps.msu.edu /user/cd/cps291/lectures/bnet tlist.htm
98.03.13 09:07 B D:\cdrom\lectures\bnet\tmp.tmp --> cps.msu.edu /user/cd/cps291/lectures/bnet tmp.tmp
98.03.13 09:07 B D:\cdrom\lectures\bnet\top.htm --> cps.msu.edu /user/cd/cps291/lectures/bnet top.htm
98.03.13 09:07 B D:\cdrom\lectures\bnet\tsld001.htm --> cps.msu.edu /user/cd/cps291/lectures/bnet tsld001.htm
98.03.13 09:07 B D:\cdrom\lectures\bnet\tsld002.htm --> cps.msu.edu /user/cd/cps291/lectures/bnet tsld002.htm
98.03.13 09:07 B D:\cdrom\lectures\bnet\tsld003.htm --> cps.msu.edu /user/cd/cps291/lectures/bnet tsld003.htm
98.03.13 09:07 B D:\cdrom\lectures\bnet\tsld004.htm --> cps.msu.edu /user/cd/cps291/lectures/bnet tsld004.htm
98.03.13 09:07 B D:\cdrom\lectures\bnet\tsld005.htm --> cps.msu.edu /user/cd/cps291/lectures/bnet tsld005.htm
98.03.13 09:07 B D:\cdrom\lectures\bnet\tsld006.htm --> cps.msu.edu /user/cd/cps291/lectures/bnet tsld006.htm
98.03.13 09:07 B D:\cdrom\lectures\bnet\tsld007.htm --> cps.msu.edu /user/cd/cps291/lectures/bnet tsld007.htm
98.03.13 09:07 B D:\cdrom\lectures\bnet\tsld008.htm --> cps.msu.edu /user/cd/cps291/lectures/bnet tsld008.htm
98.03.13 09:07 B D:\cdrom\lectures\bnet\tsld009.htm --> cps.msu.edu /user/cd/cps291/lectures/bnet tsld009.htm
98.03.13 09:07 B D:\cdrom\lectures\bnet\tsld010.htm --> cps.msu.edu /user/cd/cps291/lectures/bnet tsld010.htm
98.03.13 09:07 B D:\cdrom\lectures\bnet\tsld011.htm --> cps.msu.edu /user/cd/cps291/lectures/bnet tsld011.htm
98.03.13 09:07 B D:\cdrom\lectures\bnet\tsld012.htm --> cps.msu.edu /user/cd/cps291/lectures/bnet tsld012.htm
98.03.13 09:07 B D:\cdrom\lectures\bnet\tsld013.htm --> cps.msu.edu /user/cd/cps291/lectures/bnet tsld013.htm
98.03.13 09:07 B D:\cdrom\lectures\bnet\tsld014.htm --> cps.msu.edu /user/cd/cps291/lectures/bnet tsld014.htm
98.03.13 09:07 B D:\cdrom\lectures\bnet\tsld015.htm --> cps.msu.edu /user/cd/cps291/lectures/bnet tsld015.htm
98.03.13 09:07 B D:\cdrom\lectures\bnet\tsld016.htm --> cps.msu.edu /user/cd/cps291/lectures/bnet tsld016.htm
98.03.13 09:07 B D:\cdrom\lectures\bnet\tsld017.htm --> cps.msu.edu /user/cd/cps291/lectures/bnet tsld017.htm
98.03.13 09:07 B D:\cdrom\lectures\bnet\tsld018.htm --> cps.msu.edu /user/cd/cps291/lectures/bnet tsld018.htm
98.03.13 09:07 B D:\cdrom\lectures\bnet\tsld019.htm --> cps.msu.edu /user/cd/cps291/lectures/bnet tsld019.htm
98.03.13 09:07 B D:\cdrom\lectures\bnet\tsld020.htm --> cps.msu.edu /user/cd/cps291/lectures/bnet tsld020.htm
98.03.13 09:07 B D:\cdrom\lectures\bnet\tsld021.htm --> cps.msu.edu /user/cd/cps291/lectures/bnet tsld021.htm
98.03.13 09:07 B D:\cdrom\lectures\bnet\tsld022.htm --> cps.msu.edu /user/cd/cps291/lectures/bnet tsld022.htm
98.03.13 09:07 B D:\cdrom\lectures\bnet\tsld023.htm --> cps.msu.edu /user/cd/cps291/lectures/bnet tsld023.htm
98.03.13 09:07 B D:\cdrom\lectures\bnet\tsld024.htm --> cps.msu.edu /user/cd/cps291/lectures/bnet tsld024.htm
98.03.13 09:07 B D:\cdrom\lectures\bnet\tsld025.htm --> cps.msu.edu /user/cd/cps291/lectures/bnet tsld025.htm
98.03.13 09:07 B D:\cdrom\lectures\bnet\tsld026.htm --> cps.msu.edu /user/cd/cps291/lectures/bnet tsld026.htm
98.03.13 09:07 B D:\cdrom\lectures\bnet\tsld027.htm --> cps.msu.edu /user/cd/cps291/lectures/bnet tsld027.htm
98.03.13 09:07 B D:\cdrom\lectures\bnet\tsld028.htm --> cps.msu.edu /user/cd/cps291/lectures/bnet tsld028.htm
98.03.13 09:07 B D:\cdrom\lectures\bnet\tsld029.htm --> cps.msu.edu /user/cd/cps291/lectures/bnet tsld029.htm
98.03.13 09:07 B D:\cdrom\lectures\bnet\tsld030.htm --> cps.msu.edu /user/cd/cps291/lectures/bnet tsld030.htm
98.03.13 09:07 B D:\cdrom\lectures\bnet\tsld031.htm --> cps.msu.edu /user/cd/cps291/lectures/bnet tsld031.htm
98.03.13 09:07 B D:\cdrom\lectures\bnet\tsld032.htm --> cps.msu.edu /user/cd/cps291/lectures/bnet tsld032.htm
98.03.13 09:07 B D:\cdrom\lectures\bnet\tsld033.htm --> cps.msu.edu /user/cd/cps291/lectures/bnet tsld033.htm
98.03.13 09:07 B D:\cdrom\lectures\bnet\tsld034.htm --> cps.msu.edu /user/cd/cps291/lectures/bnet tsld034.htm
98.03.13 09:07 B D:\cdrom\lectures\bnet\tsld035.htm --> cps.msu.edu /user/cd/cps291/lectures/bnet tsld035.htm
98.03.13 09:07 B D:\cdrom\lectures\bnet\tsld036.htm --> cps.msu.edu /user/cd/cps291/lectures/bnet tsld036.htm
98.03.13 09:07 B D:\cdrom\lectures\bnet\tsld037.htm --> cps.msu.edu /user/cd/cps291/lectures/bnet tsld037.htm
98.03.13 09:07 B D:\cdrom\lectures\bnet\tsld038.htm --> cps.msu.edu /user/cd/cps291/lectures/bnet tsld038.htm
98.03.13 09:07 B D:\cdrom\lectures\bnet\tsld039.htm --> cps.msu.edu /user/cd/cps291/lectures/bnet tsld039.htm
98.03.13 09:07 B D:\cdrom\lectures\bnet\tsld040.htm --> cps.msu.edu /user/cd/cps291/lectures/bnet tsld040.htm
98.03.13 09:07 B D:\cdrom\lectures\bnet\vf001.htm --> cps.msu.edu /user/cd/cps291/lectures/bnet vf001.htm
98.03.13 09:07 B D:\cdrom\lectures\bnet\vf002.htm --> cps.msu.edu /user/cd/cps291/lectures/bnet vf002.htm
98.03.13 09:07 B D:\cdrom\lectures\bnet\vf003.htm --> cps.msu.edu /user/cd/cps291/lectures/bnet vf003.htm
98.03.13 09:07 B D:\cdrom\lectures\bnet\vf004.htm --> cps.msu.edu /user/cd/cps291/lectures/bnet vf004.htm
98.03.13 09:07 B D:\cdrom\lectures\bnet\vf005.htm --> cps.msu.edu /user/cd/cps291/lectures/bnet vf005.htm
98.03.13 09:07 B D:\cdrom\lectures\bnet\vf006.htm --> cps.msu.edu /user/cd/cps291/lectures/bnet vf006.htm
98.03.13 09:07 B D:\cdrom\lectures\bnet\vf007.htm --> cps.msu.edu /user/cd/cps291/lectures/bnet vf007.htm
98.03.13 09:07 B D:\cdrom\lectures\bnet\vf008.htm --> cps.msu.edu /user/cd/cps291/lectures/bnet vf008.htm
98.03.13 09:07 B D:\cdrom\lectures\bnet\vf009.htm --> cps.msu.edu /user/cd/cps291/lectures/bnet vf009.htm
98.03.13 09:07 B D:\cdrom\lectures\bnet\vf010.htm --> cps.msu.edu /user/cd/cps291/lectures/bnet vf010.htm
98.03.13 09:07 B D:\cdrom\lectures\bnet\vf011.htm --> cps.msu.edu /user/cd/cps291/lectures/bnet vf011.htm
98.03.13 09:07 B D:\cdrom\lectures\bnet\vf012.htm --> cps.msu.edu /user/cd/cps291/lectures/bnet vf012.htm
98.03.13 09:07 B D:\cdrom\lectures\bnet\vf013.htm --> cps.msu.edu /user/cd/cps291/lectures/bnet vf013.htm
98.03.13 09:07 B D:\cdrom\lectures\bnet\vf014.htm --> cps.msu.edu /user/cd/cps291/lectures/bnet vf014.htm
98.03.13 09:07 B D:\cdrom\lectures\bnet\vf015.htm --> cps.msu.edu /user/cd/cps291/lectures/bnet vf015.htm
98.03.13 09:07 B D:\cdrom\lectures\bnet\vf016.htm --> cps.msu.edu /user/cd/cps291/lectures/bnet vf016.htm
98.03.13 09:07 B D:\cdrom\lectures\bnet\vf017.htm --> cps.msu.edu /user/cd/cps291/lectures/bnet vf017.htm
98.03.13 09:07 B D:\cdrom\lectures\bnet\vf018.htm --> cps.msu.edu /user/cd/cps291/lectures/bnet vf018.htm
98.03.13 09:07 B D:\cdrom\lectures\bnet\vf019.htm --> cps.msu.edu /user/cd/cps291/lectures/bnet vf019.htm
98.03.13 09:07 B D:\cdrom\lectures\bnet\vf020.htm --> cps.msu.edu /user/cd/cps291/lectures/bnet vf020.htm
98.03.13 09:07 B D:\cdrom\lectures\bnet\vf021.htm --> cps.msu.edu /user/cd/cps291/lectures/bnet vf021.htm
98.03.13 09:07 B D:\cdrom\lectures\bnet\vf022.htm --> cps.msu.edu /user/cd/cps291/lectures/bnet vf022.htm
98.03.13 09:07 B D:\cdrom\lectures\bnet\vf023.htm --> cps.msu.edu /user/cd/cps291/lectures/bnet vf023.htm
98.03.13 09:07 B D:\cdrom\lectures\bnet\vf024.htm --> cps.msu.edu /user/cd/cps291/lectures/bnet vf024.htm
98.03.13 09:07 B D:\cdrom\lectures\bnet\vf025.htm --> cps.msu.edu /user/cd/cps291/lectures/bnet vf025.htm
98.03.13 09:07 B D:\cdrom\lectures\bnet\vf026.htm --> cps.msu.edu /user/cd/cps291/lectures/bnet vf026.htm
98.03.13 09:07 B D:\cdrom\lectures\bnet\vf027.htm --> cps.msu.edu /user/cd/cps291/lectures/bnet vf027.htm
98.03.13 09:07 B D:\cdrom\lectures\bnet\vf028.htm --> cps.msu.edu /user/cd/cps291/lectures/bnet vf028.htm
98.03.13 09:07 B D:\cdrom\lectures\bnet\vf029.htm --> cps.msu.edu /user/cd/cps291/lectures/bnet vf029.htm
98.03.13 09:07 B D:\cdrom\lectures\bnet\vf030.htm --> cps.msu.edu /user/cd/cps291/lectures/bnet vf030.htm
98.03.13 09:07 B D:\cdrom\lectures\bnet\vf031.htm --> cps.msu.edu /user/cd/cps291/lectures/bnet vf031.htm
98.03.13 09:07 B D:\cdrom\lectures\bnet\vf032.htm --> cps.msu.edu /user/cd/cps291/lectures/bnet vf032.htm
98.03.13 09:07 B D:\cdrom\lectures\bnet\vf033.htm --> cps.msu.edu /user/cd/cps291/lectures/bnet vf033.htm
98.03.13 09:07 B D:\cdrom\lectures\bnet\vf034.htm --> cps.msu.edu /user/cd/cps291/lectures/bnet vf034.htm
98.03.13 09:07 B D:\cdrom\lectures\bnet\vf035.htm --> cps.msu.edu /user/cd/cps291/lectures/bnet vf035.htm
98.03.13 09:07 B D:\cdrom\lectures\bnet\vf036.htm --> cps.msu.edu /user/cd/cps291/lectures/bnet vf036.htm
98.03.13 09:07 B D:\cdrom\lectures\bnet\vf037.htm --> cps.msu.edu /user/cd/cps291/lectures/bnet vf037.htm
98.03.13 09:07 B D:\cdrom\lectures\bnet\vf038.htm --> cps.msu.edu /user/cd/cps291/lectures/bnet vf038.htm
98.03.13 09:07 B D:\cdrom\lectures\bnet\vf039.htm --> cps.msu.edu /user/cd/cps291/lectures/bnet vf039.htm
98.03.13 09:07 B D:\cdrom\lectures\bnet\vf040.htm --> cps.msu.edu /user/cd/cps291/lectures/bnet vf040.htm
98.03.13 09:07 B D:\cdrom\lectures\bnet\vn001.htm --> cps.msu.edu /user/cd/cps291/lectures/bnet vn001.htm
98.03.13 09:07 B D:\cdrom\lectures\bnet\vn002.htm --> cps.msu.edu /user/cd/cps291/lectures/bnet vn002.htm
98.03.13 09:07 B D:\cdrom\lectures\bnet\vn003.htm --> cps.msu.edu /user/cd/cps291/lectures/bnet vn003.htm
98.03.13 09:07 B D:\cdrom\lectures\bnet\vn004.htm --> cps.msu.edu /user/cd/cps291/lectures/bnet vn004.htm
98.03.13 09:07 B D:\cdrom\lectures\bnet\vn005.htm --> cps.msu.edu /user/cd/cps291/lectures/bnet vn005.htm
98.03.13 09:07 B D:\cdrom\lectures\bnet\vn006.htm --> cps.msu.edu /user/cd/cps291/lectures/bnet vn006.htm
98.03.13 09:07 B D:\cdrom\lectures\bnet\vn007.htm --> cps.msu.edu /user/cd/cps291/lectures/bnet vn007.htm
98.03.13 09:07 B D:\cdrom\lectures\bnet\vn008.htm --> cps.msu.edu /user/cd/cps291/lectures/bnet vn008.htm
98.03.13 09:07 B D:\cdrom\lectures\bnet\vn009.htm --> cps.msu.edu /user/cd/cps291/lectures/bnet vn009.htm
98.03.13 09:07 B D:\cdrom\lectures\bnet\vn010.htm --> cps.msu.edu /user/cd/cps291/lectures/bnet vn010.htm
98.03.13 09:07 B D:\cdrom\lectures\bnet\vn011.htm --> cps.msu.edu /user/cd/cps291/lectures/bnet vn011.htm
98.03.13 09:07 B D:\cdrom\lectures\bnet\vn012.htm --> cps.msu.edu /user/cd/cps291/lectures/bnet vn012.htm
98.03.13 09:07 B D:\cdrom\lectures\bnet\vn013.htm --> cps.msu.edu /user/cd/cps291/lectures/bnet vn013.htm
98.03.13 09:07 B D:\cdrom\lectures\bnet\vn014.htm --> cps.msu.edu /user/cd/cps291/lectures/bnet vn014.htm
98.03.13 09:07 B D:\cdrom\lectures\bnet\vn015.htm --> cps.msu.edu /user/cd/cps291/lectures/bnet vn015.htm
98.03.13 09:07 B D:\cdrom\lectures\bnet\vn016.htm --> cps.msu.edu /user/cd/cps291/lectures/bnet vn016.htm
98.03.13 09:07 B D:\cdrom\lectures\bnet\vn017.htm --> cps.msu.edu /user/cd/cps291/lectures/bnet vn017.htm
98.03.13 09:07 B D:\cdrom\lectures\bnet\vn018.htm --> cps.msu.edu /user/cd/cps291/lectures/bnet vn018.htm
98.03.13 09:07 B D:\cdrom\lectures\bnet\vn019.htm --> cps.msu.edu /user/cd/cps291/lectures/bnet vn019.htm
98.03.13 09:07 B D:\cdrom\lectures\bnet\vn020.htm --> cps.msu.edu /user/cd/cps291/lectures/bnet vn020.htm
98.03.13 09:07 B D:\cdrom\lectures\bnet\vn021.htm --> cps.msu.edu /user/cd/cps291/lectures/bnet vn021.htm
98.03.13 09:07 B D:\cdrom\lectures\bnet\vn022.htm --> cps.msu.edu /user/cd/cps291/lectures/bnet vn022.htm
98.03.13 09:07 B D:\cdrom\lectures\bnet\vn023.htm --> cps.msu.edu /user/cd/cps291/lectures/bnet vn023.htm
98.03.13 09:07 B D:\cdrom\lectures\bnet\vn024.htm --> cps.msu.edu /user/cd/cps291/lectures/bnet vn024.htm
98.03.13 09:07 B D:\cdrom\lectures\bnet\vn025.htm --> cps.msu.edu /user/cd/cps291/lectures/bnet vn025.htm
98.03.13 09:07 B D:\cdrom\lectures\bnet\vn026.htm --> cps.msu.edu /user/cd/cps291/lectures/bnet vn026.htm
98.03.13 09:07 B D:\cdrom\lectures\bnet\vn027.htm --> cps.msu.edu /user/cd/cps291/lectures/bnet vn027.htm
98.03.13 09:07 B D:\cdrom\lectures\bnet\vn028.htm --> cps.msu.edu /user/cd/cps291/lectures/bnet vn028.htm
98.03.13 09:07 B D:\cdrom\lectures\bnet\vn029.htm --> cps.msu.edu /user/cd/cps291/lectures/bnet vn029.htm
98.03.13 09:07 B D:\cdrom\lectures\bnet\vn030.htm --> cps.msu.edu /user/cd/cps291/lectures/bnet vn030.htm
98.03.13 09:07 B D:\cdrom\lectures\bnet\vn031.htm --> cps.msu.edu /user/cd/cps291/lectures/bnet vn031.htm
98.03.13 09:07 B D:\cdrom\lectures\bnet\vn032.htm --> cps.msu.edu /user/cd/cps291/lectures/bnet vn032.htm
98.03.13 09:07 B D:\cdrom\lectures\bnet\vn033.htm --> cps.msu.edu /user/cd/cps291/lectures/bnet vn033.htm
98.03.13 09:07 B D:\cdrom\lectures\bnet\vn034.htm --> cps.msu.edu /user/cd/cps291/lectures/bnet vn034.htm
98.03.13 09:07 B D:\cdrom\lectures\bnet\vn035.htm --> cps.msu.edu /user/cd/cps291/lectures/bnet vn035.htm
98.03.13 09:07 B D:\cdrom\lectures\bnet\vn036.htm --> cps.msu.edu /user/cd/cps291/lectures/bnet vn036.htm
98.03.13 09:07 B D:\cdrom\lectures\bnet\vn037.htm --> cps.msu.edu /user/cd/cps291/lectures/bnet vn037.htm
98.03.13 09:07 B D:\cdrom\lectures\bnet\vn038.htm --> cps.msu.edu /user/cd/cps291/lectures/bnet vn038.htm
98.03.13 09:07 B D:\cdrom\lectures\bnet\vn039.htm --> cps.msu.edu /user/cd/cps291/lectures/bnet vn039.htm
98.03.13 09:07 B D:\cdrom\lectures\bnet\vn040.htm --> cps.msu.edu /user/cd/cps291/lectures/bnet vn040.htm
98.03.13 09:07 B D:\cdrom\lectures\bnet\vr001.rpm --> cps.msu.edu /user/cd/cps291/lectures/bnet vr001.rpm
98.03.13 09:07 B D:\cdrom\lectures\bnet\vr002.rpm --> cps.msu.edu /user/cd/cps291/lectures/bnet vr002.rpm
98.03.13 09:07 B D:\cdrom\lectures\bnet\vr003.rpm --> cps.msu.edu /user/cd/cps291/lectures/bnet vr003.rpm
98.03.13 09:07 B D:\cdrom\lectures\bnet\vr004.rpm --> cps.msu.edu /user/cd/cps291/lectures/bnet vr004.rpm
98.03.13 09:07 B D:\cdrom\lectures\bnet\vr005.rpm --> cps.msu.edu /user/cd/cps291/lectures/bnet vr005.rpm
98.03.13 09:07 B D:\cdrom\lectures\bnet\vr006.rpm --> cps.msu.edu /user/cd/cps291/lectures/bnet vr006.rpm
98.03.13 09:07 B D:\cdrom\lectures\bnet\vr007.rpm --> cps.msu.edu /user/cd/cps291/lectures/bnet vr007.rpm
98.03.13 09:07 B D:\cdrom\lectures\bnet\vr008.rpm --> cps.msu.edu /user/cd/cps291/lectures/bnet vr008.rpm
98.03.13 09:07 B D:\cdrom\lectures\bnet\vr009.rpm --> cps.msu.edu /user/cd/cps291/lectures/bnet vr009.rpm
98.03.13 09:07 B D:\cdrom\lectures\bnet\vr010.rpm --> cps.msu.edu /user/cd/cps291/lectures/bnet vr010.rpm
98.03.13 09:07 B D:\cdrom\lectures\bnet\vr011.rpm --> cps.msu.edu /user/cd/cps291/lectures/bnet vr011.rpm
98.03.13 09:07 B D:\cdrom\lectures\bnet\vr012.rpm --> cps.msu.edu /user/cd/cps291/lectures/bnet vr012.rpm
98.03.13 09:07 B D:\cdrom\lectures\bnet\vr013.rpm --> cps.msu.edu /user/cd/cps291/lectures/bnet vr013.rpm
98.03.13 09:07 B D:\cdrom\lectures\bnet\vr014.rpm --> cps.msu.edu /user/cd/cps291/lectures/bnet vr014.rpm
98.03.13 09:07 B D:\cdrom\lectures\bnet\vr015.rpm --> cps.msu.edu /user/cd/cps291/lectures/bnet vr015.rpm
98.03.13 09:07 B D:\cdrom\lectures\bnet\vr016.rpm --> cps.msu.edu /user/cd/cps291/lectures/bnet vr016.rpm
98.03.13 09:07 B D:\cdrom\lectures\bnet\vr017.rpm --> cps.msu.edu /user/cd/cps291/lectures/bnet vr017.rpm
98.03.13 09:07 B D:\cdrom\lectures\bnet\vr018.rpm --> cps.msu.edu /user/cd/cps291/lectures/bnet vr018.rpm
98.03.13 09:07 B D:\cdrom\lectures\bnet\vr019.rpm --> cps.msu.edu /user/cd/cps291/lectures/bnet vr019.rpm
98.03.13 09:07 B D:\cdrom\lectures\bnet\vr020.rpm --> cps.msu.edu /user/cd/cps291/lectures/bnet vr020.rpm
98.03.13 09:07 B D:\cdrom\lectures\bnet\vr021.rpm --> cps.msu.edu /user/cd/cps291/lectures/bnet vr021.rpm
98.03.13 09:07 B D:\cdrom\lectures\bnet\vr022.rpm --> cps.msu.edu /user/cd/cps291/lectures/bnet vr022.rpm
98.03.13 09:07 B D:\cdrom\lectures\bnet\vr023.rpm --> cps.msu.edu /user/cd/cps291/lectures/bnet vr023.rpm
98.03.13 09:07 B D:\cdrom\lectures\bnet\vr024.rpm --> cps.msu.edu /user/cd/cps291/lectures/bnet vr024.rpm
98.03.13 09:07 B D:\cdrom\lectures\bnet\vr025.rpm --> cps.msu.edu /user/cd/cps291/lectures/bnet vr025.rpm
98.03.13 09:07 B D:\cdrom\lectures\bnet\vr026.rpm --> cps.msu.edu /user/cd/cps291/lectures/bnet vr026.rpm
98.03.13 09:07 B D:\cdrom\lectures\bnet\vr027.rpm --> cps.msu.edu /user/cd/cps291/lectures/bnet vr027.rpm
98.03.13 09:07 B D:\cdrom\lectures\bnet\vr028.rpm --> cps.msu.edu /user/cd/cps291/lectures/bnet vr028.rpm
98.03.13 09:07 B D:\cdrom\lectures\bnet\vr029.rpm --> cps.msu.edu /user/cd/cps291/lectures/bnet vr029.rpm
98.03.13 09:07 B D:\cdrom\lectures\bnet\vr030.rpm --> cps.msu.edu /user/cd/cps291/lectures/bnet vr030.rpm
98.03.13 09:07 B D:\cdrom\lectures\bnet\vr031.rpm --> cps.msu.edu /user/cd/cps291/lectures/bnet vr031.rpm
98.03.13 09:07 B D:\cdrom\lectures\bnet\vr032.rpm --> cps.msu.edu /user/cd/cps291/lectures/bnet vr032.rpm
98.03.13 09:07 B D:\cdrom\lectures\bnet\vr033.rpm --> cps.msu.edu /user/cd/cps291/lectures/bnet vr033.rpm
98.03.13 09:07 B D:\cdrom\lectures\bnet\vr034.rpm --> cps.msu.edu /user/cd/cps291/lectures/bnet vr034.rpm
98.03.13 09:07 B D:\cdrom\lectures\bnet\vr035.rpm --> cps.msu.edu /user/cd/cps291/lectures/bnet vr035.rpm
98.03.13 09:07 B D:\cdrom\lectures\bnet\vr036.rpm --> cps.msu.edu /user/cd/cps291/lectures/bnet vr036.rpm
98.03.13 09:07 B D:\cdrom\lectures\bnet\vr037.rpm --> cps.msu.edu /user/cd/cps291/lectures/bnet vr037.rpm
98.03.13 09:07 B D:\cdrom\lectures\bnet\vr038.rpm --> cps.msu.edu /user/cd/cps291/lectures/bnet vr038.rpm
98.03.13 09:07 B D:\cdrom\lectures\bnet\vr039.rpm --> cps.msu.edu /user/cd/cps291/lectures/bnet vr039.rpm
98.03.13 09:07 B D:\cdrom\lectures\bnet\vr040.rpm --> cps.msu.edu /user/cd/cps291/lectures/bnet vr040.rpm
98.03.13 09:07 B D:\cdrom\lectures\bnet\WS_FTP.LOG --> cps.msu.edu /user/cd/cps291/lectures/bnet WS_FTP.LOG
