97.12.10 03:09 B C:\doit\slides\intp\ielogo.gif --> arctic.cps.msu.edu /user/cd/cps291/src/doit/slides/intp ielogo.gif
97.12.10 03:09 B C:\doit\slides\intp\img001.GIF --> arctic.cps.msu.edu /user/cd/cps291/src/doit/slides/intp img001.GIF
97.12.10 03:09 B C:\doit\slides\intp\img002.GIF --> arctic.cps.msu.edu /user/cd/cps291/src/doit/slides/intp img002.GIF
97.12.10 03:09 B C:\doit\slides\intp\img003.GIF --> arctic.cps.msu.edu /user/cd/cps291/src/doit/slides/intp img003.GIF
97.12.10 03:09 B C:\doit\slides\intp\img004.GIF --> arctic.cps.msu.edu /user/cd/cps291/src/doit/slides/intp img004.GIF
97.12.10 03:09 B C:\doit\slides\intp\img005.GIF --> arctic.cps.msu.edu /user/cd/cps291/src/doit/slides/intp img005.GIF
97.12.10 03:09 B C:\doit\slides\intp\img006.GIF --> arctic.cps.msu.edu /user/cd/cps291/src/doit/slides/intp img006.GIF
97.12.10 03:09 B C:\doit\slides\intp\img007.GIF --> arctic.cps.msu.edu /user/cd/cps291/src/doit/slides/intp img007.GIF
97.12.10 03:09 B C:\doit\slides\intp\img008.GIF --> arctic.cps.msu.edu /user/cd/cps291/src/doit/slides/intp img008.GIF
97.12.10 03:09 B C:\doit\slides\intp\img009.GIF --> arctic.cps.msu.edu /user/cd/cps291/src/doit/slides/intp img009.GIF
97.12.10 03:09 B C:\doit\slides\intp\img010.GIF --> arctic.cps.msu.edu /user/cd/cps291/src/doit/slides/intp img010.GIF
97.12.10 03:09 B C:\doit\slides\intp\img011.GIF --> arctic.cps.msu.edu /user/cd/cps291/src/doit/slides/intp img011.GIF
97.12.10 03:09 B C:\doit\slides\intp\img012.GIF --> arctic.cps.msu.edu /user/cd/cps291/src/doit/slides/intp img012.GIF
97.12.10 03:09 B C:\doit\slides\intp\img013.GIF --> arctic.cps.msu.edu /user/cd/cps291/src/doit/slides/intp img013.GIF
97.12.10 03:09 B C:\doit\slides\intp\img014.GIF --> arctic.cps.msu.edu /user/cd/cps291/src/doit/slides/intp img014.GIF
97.12.10 03:09 B C:\doit\slides\intp\img015.GIF --> arctic.cps.msu.edu /user/cd/cps291/src/doit/slides/intp img015.GIF
97.12.10 03:09 B C:\doit\slides\intp\img016.GIF --> arctic.cps.msu.edu /user/cd/cps291/src/doit/slides/intp img016.GIF
97.12.10 03:09 B C:\doit\slides\intp\img017.GIF --> arctic.cps.msu.edu /user/cd/cps291/src/doit/slides/intp img017.GIF
97.12.10 03:09 B C:\doit\slides\intp\img018.GIF --> arctic.cps.msu.edu /user/cd/cps291/src/doit/slides/intp img018.GIF
97.12.10 03:09 B C:\doit\slides\intp\img019.GIF --> arctic.cps.msu.edu /user/cd/cps291/src/doit/slides/intp img019.GIF
97.12.10 03:09 B C:\doit\slides\intp\img020.GIF --> arctic.cps.msu.edu /user/cd/cps291/src/doit/slides/intp img020.GIF
97.12.10 03:09 B C:\doit\slides\intp\img021.GIF --> arctic.cps.msu.edu /user/cd/cps291/src/doit/slides/intp img021.GIF
97.12.10 03:09 B C:\doit\slides\intp\img022.GIF --> arctic.cps.msu.edu /user/cd/cps291/src/doit/slides/intp img022.GIF
97.12.10 03:09 B C:\doit\slides\intp\img023.GIF --> arctic.cps.msu.edu /user/cd/cps291/src/doit/slides/intp img023.GIF
97.12.10 03:09 B C:\doit\slides\intp\img024.GIF --> arctic.cps.msu.edu /user/cd/cps291/src/doit/slides/intp img024.GIF
97.12.10 03:09 B C:\doit\slides\intp\img025.GIF --> arctic.cps.msu.edu /user/cd/cps291/src/doit/slides/intp img025.GIF
97.12.10 03:09 B C:\doit\slides\intp\img026.GIF --> arctic.cps.msu.edu /user/cd/cps291/src/doit/slides/intp img026.GIF
97.12.10 03:09 B C:\doit\slides\intp\img027.GIF --> arctic.cps.msu.edu /user/cd/cps291/src/doit/slides/intp img027.GIF
97.12.10 03:09 B C:\doit\slides\intp\img028.GIF --> arctic.cps.msu.edu /user/cd/cps291/src/doit/slides/intp img028.GIF
97.12.10 03:09 B C:\doit\slides\intp\img029.GIF --> arctic.cps.msu.edu /user/cd/cps291/src/doit/slides/intp img029.GIF
97.12.10 03:09 B C:\doit\slides\intp\img030.GIF --> arctic.cps.msu.edu /user/cd/cps291/src/doit/slides/intp img030.GIF
97.12.10 03:09 B C:\doit\slides\intp\img031.GIF --> arctic.cps.msu.edu /user/cd/cps291/src/doit/slides/intp img031.GIF
97.12.10 03:09 B C:\doit\slides\intp\img032.GIF --> arctic.cps.msu.edu /user/cd/cps291/src/doit/slides/intp img032.GIF
97.12.10 03:09 B C:\doit\slides\intp\img033.GIF --> arctic.cps.msu.edu /user/cd/cps291/src/doit/slides/intp img033.GIF
97.12.10 03:09 B C:\doit\slides\intp\img034.GIF --> arctic.cps.msu.edu /user/cd/cps291/src/doit/slides/intp img034.GIF
97.12.10 03:09 B C:\doit\slides\intp\img035.GIF --> arctic.cps.msu.edu /user/cd/cps291/src/doit/slides/intp img035.GIF
97.12.10 03:09 B C:\doit\slides\intp\img036.GIF --> arctic.cps.msu.edu /user/cd/cps291/src/doit/slides/intp img036.GIF
97.12.10 03:09 B C:\doit\slides\intp\img037.GIF --> arctic.cps.msu.edu /user/cd/cps291/src/doit/slides/intp img037.GIF
97.12.10 03:09 B C:\doit\slides\intp\img038.GIF --> arctic.cps.msu.edu /user/cd/cps291/src/doit/slides/intp img038.GIF
97.12.10 03:09 B C:\doit\slides\intp\img039.GIF --> arctic.cps.msu.edu /user/cd/cps291/src/doit/slides/intp img039.GIF
97.12.10 03:09 B C:\doit\slides\intp\img040.GIF --> arctic.cps.msu.edu /user/cd/cps291/src/doit/slides/intp img040.GIF
97.12.10 03:09 B C:\doit\slides\intp\img041.GIF --> arctic.cps.msu.edu /user/cd/cps291/src/doit/slides/intp img041.GIF
97.12.10 03:10 B C:\doit\slides\intp\img042.GIF --> arctic.cps.msu.edu /user/cd/cps291/src/doit/slides/intp img042.GIF
97.12.10 03:10 B C:\doit\slides\intp\img043.GIF --> arctic.cps.msu.edu /user/cd/cps291/src/doit/slides/intp img043.GIF
97.12.10 03:10 B C:\doit\slides\intp\img044.GIF --> arctic.cps.msu.edu /user/cd/cps291/src/doit/slides/intp img044.GIF
97.12.10 03:10 B C:\doit\slides\intp\index.htm --> arctic.cps.msu.edu /user/cd/cps291/src/doit/slides/intp index.htm
97.12.10 03:10 B C:\doit\slides\intp\pptani.gif --> arctic.cps.msu.edu /user/cd/cps291/src/doit/slides/intp pptani.gif
97.12.10 03:10 B C:\doit\slides\intp\sld001.htm --> arctic.cps.msu.edu /user/cd/cps291/src/doit/slides/intp sld001.htm
97.12.10 03:10 B C:\doit\slides\intp\sld002.htm --> arctic.cps.msu.edu /user/cd/cps291/src/doit/slides/intp sld002.htm
97.12.10 03:10 B C:\doit\slides\intp\sld003.htm --> arctic.cps.msu.edu /user/cd/cps291/src/doit/slides/intp sld003.htm
97.12.10 03:10 B C:\doit\slides\intp\sld004.htm --> arctic.cps.msu.edu /user/cd/cps291/src/doit/slides/intp sld004.htm
97.12.10 03:10 B C:\doit\slides\intp\sld005.htm --> arctic.cps.msu.edu /user/cd/cps291/src/doit/slides/intp sld005.htm
97.12.10 03:10 B C:\doit\slides\intp\sld006.htm --> arctic.cps.msu.edu /user/cd/cps291/src/doit/slides/intp sld006.htm
97.12.10 03:10 B C:\doit\slides\intp\sld007.htm --> arctic.cps.msu.edu /user/cd/cps291/src/doit/slides/intp sld007.htm
97.12.10 03:10 B C:\doit\slides\intp\sld008.htm --> arctic.cps.msu.edu /user/cd/cps291/src/doit/slides/intp sld008.htm
97.12.10 03:10 B C:\doit\slides\intp\sld009.htm --> arctic.cps.msu.edu /user/cd/cps291/src/doit/slides/intp sld009.htm
97.12.10 03:10 B C:\doit\slides\intp\sld010.htm --> arctic.cps.msu.edu /user/cd/cps291/src/doit/slides/intp sld010.htm
97.12.10 03:10 B C:\doit\slides\intp\sld011.htm --> arctic.cps.msu.edu /user/cd/cps291/src/doit/slides/intp sld011.htm
97.12.10 03:10 B C:\doit\slides\intp\sld012.htm --> arctic.cps.msu.edu /user/cd/cps291/src/doit/slides/intp sld012.htm
97.12.10 03:10 B C:\doit\slides\intp\sld013.htm --> arctic.cps.msu.edu /user/cd/cps291/src/doit/slides/intp sld013.htm
97.12.10 03:10 B C:\doit\slides\intp\sld014.htm --> arctic.cps.msu.edu /user/cd/cps291/src/doit/slides/intp sld014.htm
97.12.10 03:10 B C:\doit\slides\intp\sld015.htm --> arctic.cps.msu.edu /user/cd/cps291/src/doit/slides/intp sld015.htm
97.12.10 03:10 B C:\doit\slides\intp\sld016.htm --> arctic.cps.msu.edu /user/cd/cps291/src/doit/slides/intp sld016.htm
97.12.10 03:10 B C:\doit\slides\intp\sld017.htm --> arctic.cps.msu.edu /user/cd/cps291/src/doit/slides/intp sld017.htm
97.12.10 03:10 B C:\doit\slides\intp\sld018.htm --> arctic.cps.msu.edu /user/cd/cps291/src/doit/slides/intp sld018.htm
97.12.10 03:10 B C:\doit\slides\intp\sld019.htm --> arctic.cps.msu.edu /user/cd/cps291/src/doit/slides/intp sld019.htm
97.12.10 03:10 B C:\doit\slides\intp\sld020.htm --> arctic.cps.msu.edu /user/cd/cps291/src/doit/slides/intp sld020.htm
97.12.10 03:10 B C:\doit\slides\intp\sld021.htm --> arctic.cps.msu.edu /user/cd/cps291/src/doit/slides/intp sld021.htm
97.12.10 03:10 B C:\doit\slides\intp\sld022.htm --> arctic.cps.msu.edu /user/cd/cps291/src/doit/slides/intp sld022.htm
97.12.10 03:10 B C:\doit\slides\intp\sld023.htm --> arctic.cps.msu.edu /user/cd/cps291/src/doit/slides/intp sld023.htm
97.12.10 03:10 B C:\doit\slides\intp\sld024.htm --> arctic.cps.msu.edu /user/cd/cps291/src/doit/slides/intp sld024.htm
97.12.10 03:10 B C:\doit\slides\intp\sld025.htm --> arctic.cps.msu.edu /user/cd/cps291/src/doit/slides/intp sld025.htm
97.12.10 03:10 B C:\doit\slides\intp\sld026.htm --> arctic.cps.msu.edu /user/cd/cps291/src/doit/slides/intp sld026.htm
97.12.10 03:10 B C:\doit\slides\intp\sld027.htm --> arctic.cps.msu.edu /user/cd/cps291/src/doit/slides/intp sld027.htm
97.12.10 03:10 B C:\doit\slides\intp\sld028.htm --> arctic.cps.msu.edu /user/cd/cps291/src/doit/slides/intp sld028.htm
97.12.10 03:10 B C:\doit\slides\intp\sld029.htm --> arctic.cps.msu.edu /user/cd/cps291/src/doit/slides/intp sld029.htm
97.12.10 03:10 B C:\doit\slides\intp\sld030.htm --> arctic.cps.msu.edu /user/cd/cps291/src/doit/slides/intp sld030.htm
97.12.10 03:10 B C:\doit\slides\intp\sld031.htm --> arctic.cps.msu.edu /user/cd/cps291/src/doit/slides/intp sld031.htm
97.12.10 03:10 B C:\doit\slides\intp\sld032.htm --> arctic.cps.msu.edu /user/cd/cps291/src/doit/slides/intp sld032.htm
97.12.10 03:10 B C:\doit\slides\intp\sld033.htm --> arctic.cps.msu.edu /user/cd/cps291/src/doit/slides/intp sld033.htm
97.12.10 03:10 B C:\doit\slides\intp\sld034.htm --> arctic.cps.msu.edu /user/cd/cps291/src/doit/slides/intp sld034.htm
97.12.10 03:10 B C:\doit\slides\intp\sld035.htm --> arctic.cps.msu.edu /user/cd/cps291/src/doit/slides/intp sld035.htm
97.12.10 03:10 B C:\doit\slides\intp\sld036.htm --> arctic.cps.msu.edu /user/cd/cps291/src/doit/slides/intp sld036.htm
97.12.10 03:10 B C:\doit\slides\intp\sld037.htm --> arctic.cps.msu.edu /user/cd/cps291/src/doit/slides/intp sld037.htm
97.12.10 03:10 B C:\doit\slides\intp\sld038.htm --> arctic.cps.msu.edu /user/cd/cps291/src/doit/slides/intp sld038.htm
97.12.10 03:10 B C:\doit\slides\intp\sld039.htm --> arctic.cps.msu.edu /user/cd/cps291/src/doit/slides/intp sld039.htm
97.12.10 03:10 B C:\doit\slides\intp\sld040.htm --> arctic.cps.msu.edu /user/cd/cps291/src/doit/slides/intp sld040.htm
97.12.10 03:10 B C:\doit\slides\intp\sld041.htm --> arctic.cps.msu.edu /user/cd/cps291/src/doit/slides/intp sld041.htm
97.12.10 03:10 B C:\doit\slides\intp\sld042.htm --> arctic.cps.msu.edu /user/cd/cps291/src/doit/slides/intp sld042.htm
97.12.10 03:10 B C:\doit\slides\intp\sld043.htm --> arctic.cps.msu.edu /user/cd/cps291/src/doit/slides/intp sld043.htm
97.12.10 03:10 B C:\doit\slides\intp\sld044.htm --> arctic.cps.msu.edu /user/cd/cps291/src/doit/slides/intp sld044.htm
97.12.10 03:10 B C:\doit\slides\intp\space.gif --> arctic.cps.msu.edu /user/cd/cps291/src/doit/slides/intp space.gif
97.12.10 03:10 B C:\doit\slides\intp\tsld001.htm --> arctic.cps.msu.edu /user/cd/cps291/src/doit/slides/intp tsld001.htm
97.12.10 03:10 B C:\doit\slides\intp\tsld002.htm --> arctic.cps.msu.edu /user/cd/cps291/src/doit/slides/intp tsld002.htm
97.12.10 03:10 B C:\doit\slides\intp\tsld003.htm --> arctic.cps.msu.edu /user/cd/cps291/src/doit/slides/intp tsld003.htm
97.12.10 03:10 B C:\doit\slides\intp\tsld004.htm --> arctic.cps.msu.edu /user/cd/cps291/src/doit/slides/intp tsld004.htm
97.12.10 03:10 B C:\doit\slides\intp\tsld005.htm --> arctic.cps.msu.edu /user/cd/cps291/src/doit/slides/intp tsld005.htm
97.12.10 03:10 B C:\doit\slides\intp\tsld006.htm --> arctic.cps.msu.edu /user/cd/cps291/src/doit/slides/intp tsld006.htm
97.12.10 03:10 B C:\doit\slides\intp\tsld007.htm --> arctic.cps.msu.edu /user/cd/cps291/src/doit/slides/intp tsld007.htm
97.12.10 03:10 B C:\doit\slides\intp\tsld008.htm --> arctic.cps.msu.edu /user/cd/cps291/src/doit/slides/intp tsld008.htm
97.12.10 03:10 B C:\doit\slides\intp\tsld009.htm --> arctic.cps.msu.edu /user/cd/cps291/src/doit/slides/intp tsld009.htm
97.12.10 03:10 B C:\doit\slides\intp\tsld010.htm --> arctic.cps.msu.edu /user/cd/cps291/src/doit/slides/intp tsld010.htm
97.12.10 03:10 B C:\doit\slides\intp\tsld011.htm --> arctic.cps.msu.edu /user/cd/cps291/src/doit/slides/intp tsld011.htm
97.12.10 03:10 B C:\doit\slides\intp\tsld012.htm --> arctic.cps.msu.edu /user/cd/cps291/src/doit/slides/intp tsld012.htm
97.12.10 03:10 B C:\doit\slides\intp\tsld013.htm --> arctic.cps.msu.edu /user/cd/cps291/src/doit/slides/intp tsld013.htm
97.12.10 03:10 B C:\doit\slides\intp\tsld014.htm --> arctic.cps.msu.edu /user/cd/cps291/src/doit/slides/intp tsld014.htm
97.12.10 03:10 B C:\doit\slides\intp\tsld015.htm --> arctic.cps.msu.edu /user/cd/cps291/src/doit/slides/intp tsld015.htm
97.12.10 03:10 B C:\doit\slides\intp\tsld016.htm --> arctic.cps.msu.edu /user/cd/cps291/src/doit/slides/intp tsld016.htm
97.12.10 03:10 B C:\doit\slides\intp\tsld017.htm --> arctic.cps.msu.edu /user/cd/cps291/src/doit/slides/intp tsld017.htm
97.12.10 03:10 B C:\doit\slides\intp\tsld018.htm --> arctic.cps.msu.edu /user/cd/cps291/src/doit/slides/intp tsld018.htm
97.12.10 03:10 B C:\doit\slides\intp\tsld019.htm --> arctic.cps.msu.edu /user/cd/cps291/src/doit/slides/intp tsld019.htm
97.12.10 03:10 B C:\doit\slides\intp\tsld020.htm --> arctic.cps.msu.edu /user/cd/cps291/src/doit/slides/intp tsld020.htm
97.12.10 03:10 B C:\doit\slides\intp\tsld021.htm --> arctic.cps.msu.edu /user/cd/cps291/src/doit/slides/intp tsld021.htm
97.12.10 03:10 B C:\doit\slides\intp\tsld022.htm --> arctic.cps.msu.edu /user/cd/cps291/src/doit/slides/intp tsld022.htm
97.12.10 03:10 B C:\doit\slides\intp\tsld023.htm --> arctic.cps.msu.edu /user/cd/cps291/src/doit/slides/intp tsld023.htm
97.12.10 03:10 B C:\doit\slides\intp\tsld024.htm --> arctic.cps.msu.edu /user/cd/cps291/src/doit/slides/intp tsld024.htm
97.12.10 03:10 B C:\doit\slides\intp\tsld025.htm --> arctic.cps.msu.edu /user/cd/cps291/src/doit/slides/intp tsld025.htm
97.12.10 03:10 B C:\doit\slides\intp\tsld026.htm --> arctic.cps.msu.edu /user/cd/cps291/src/doit/slides/intp tsld026.htm
97.12.10 03:10 B C:\doit\slides\intp\tsld027.htm --> arctic.cps.msu.edu /user/cd/cps291/src/doit/slides/intp tsld027.htm
97.12.10 03:10 B C:\doit\slides\intp\tsld028.htm --> arctic.cps.msu.edu /user/cd/cps291/src/doit/slides/intp tsld028.htm
97.12.10 03:10 B C:\doit\slides\intp\tsld029.htm --> arctic.cps.msu.edu /user/cd/cps291/src/doit/slides/intp tsld029.htm
97.12.10 03:10 B C:\doit\slides\intp\tsld030.htm --> arctic.cps.msu.edu /user/cd/cps291/src/doit/slides/intp tsld030.htm
97.12.10 03:10 B C:\doit\slides\intp\tsld031.htm --> arctic.cps.msu.edu /user/cd/cps291/src/doit/slides/intp tsld031.htm
97.12.10 03:10 B C:\doit\slides\intp\tsld032.htm --> arctic.cps.msu.edu /user/cd/cps291/src/doit/slides/intp tsld032.htm
97.12.10 03:10 B C:\doit\slides\intp\tsld033.htm --> arctic.cps.msu.edu /user/cd/cps291/src/doit/slides/intp tsld033.htm
97.12.10 03:10 B C:\doit\slides\intp\tsld034.htm --> arctic.cps.msu.edu /user/cd/cps291/src/doit/slides/intp tsld034.htm
97.12.10 03:10 B C:\doit\slides\intp\tsld035.htm --> arctic.cps.msu.edu /user/cd/cps291/src/doit/slides/intp tsld035.htm
97.12.10 03:10 B C:\doit\slides\intp\tsld036.htm --> arctic.cps.msu.edu /user/cd/cps291/src/doit/slides/intp tsld036.htm
97.12.10 03:10 B C:\doit\slides\intp\tsld037.htm --> arctic.cps.msu.edu /user/cd/cps291/src/doit/slides/intp tsld037.htm
97.12.10 03:10 B C:\doit\slides\intp\tsld038.htm --> arctic.cps.msu.edu /user/cd/cps291/src/doit/slides/intp tsld038.htm
97.12.10 03:10 B C:\doit\slides\intp\tsld039.htm --> arctic.cps.msu.edu /user/cd/cps291/src/doit/slides/intp tsld039.htm
97.12.10 03:10 B C:\doit\slides\intp\tsld040.htm --> arctic.cps.msu.edu /user/cd/cps291/src/doit/slides/intp tsld040.htm
97.12.10 03:10 B C:\doit\slides\intp\tsld041.htm --> arctic.cps.msu.edu /user/cd/cps291/src/doit/slides/intp tsld041.htm
97.12.10 03:10 B C:\doit\slides\intp\tsld042.htm --> arctic.cps.msu.edu /user/cd/cps291/src/doit/slides/intp tsld042.htm
97.12.10 03:10 B C:\doit\slides\intp\tsld043.htm --> arctic.cps.msu.edu /user/cd/cps291/src/doit/slides/intp tsld043.htm
97.12.10 03:10 B C:\doit\slides\intp\tsld044.htm --> arctic.cps.msu.edu /user/cd/cps291/src/doit/slides/intp tsld044.htm
98.03.12 23:01 B D:\syncomat\htm_sld\intp\ielogo.gif --> cps.msu.edu /user/cd/cps291/syncomat/htm_sld/intp ielogo.gif
98.03.12 23:01 B D:\syncomat\htm_sld\intp\img001.GIF --> cps.msu.edu /user/cd/cps291/syncomat/htm_sld/intp img001.GIF
98.03.12 23:01 B D:\syncomat\htm_sld\intp\img002.GIF --> cps.msu.edu /user/cd/cps291/syncomat/htm_sld/intp img002.GIF
98.03.12 23:01 B D:\syncomat\htm_sld\intp\img003.GIF --> cps.msu.edu /user/cd/cps291/syncomat/htm_sld/intp img003.GIF
98.03.12 23:01 B D:\syncomat\htm_sld\intp\img004.GIF --> cps.msu.edu /user/cd/cps291/syncomat/htm_sld/intp img004.GIF
98.03.12 23:01 B D:\syncomat\htm_sld\intp\img005.GIF --> cps.msu.edu /user/cd/cps291/syncomat/htm_sld/intp img005.GIF
98.03.12 23:01 B D:\syncomat\htm_sld\intp\img006.GIF --> cps.msu.edu /user/cd/cps291/syncomat/htm_sld/intp img006.GIF
98.03.12 23:01 B D:\syncomat\htm_sld\intp\img007.GIF --> cps.msu.edu /user/cd/cps291/syncomat/htm_sld/intp img007.GIF
98.03.12 23:01 B D:\syncomat\htm_sld\intp\img008.GIF --> cps.msu.edu /user/cd/cps291/syncomat/htm_sld/intp img008.GIF
98.03.12 23:01 B D:\syncomat\htm_sld\intp\img009.GIF --> cps.msu.edu /user/cd/cps291/syncomat/htm_sld/intp img009.GIF
98.03.12 23:01 B D:\syncomat\htm_sld\intp\img010.GIF --> cps.msu.edu /user/cd/cps291/syncomat/htm_sld/intp img010.GIF
98.03.12 23:01 B D:\syncomat\htm_sld\intp\img011.GIF --> cps.msu.edu /user/cd/cps291/syncomat/htm_sld/intp img011.GIF
98.03.12 23:01 B D:\syncomat\htm_sld\intp\img012.GIF --> cps.msu.edu /user/cd/cps291/syncomat/htm_sld/intp img012.GIF
98.03.12 23:01 B D:\syncomat\htm_sld\intp\img013.GIF --> cps.msu.edu /user/cd/cps291/syncomat/htm_sld/intp img013.GIF
98.03.12 23:01 B D:\syncomat\htm_sld\intp\img014.GIF --> cps.msu.edu /user/cd/cps291/syncomat/htm_sld/intp img014.GIF
98.03.12 23:01 B D:\syncomat\htm_sld\intp\img015.GIF --> cps.msu.edu /user/cd/cps291/syncomat/htm_sld/intp img015.GIF
98.03.12 23:01 B D:\syncomat\htm_sld\intp\img016.GIF --> cps.msu.edu /user/cd/cps291/syncomat/htm_sld/intp img016.GIF
98.03.12 23:01 B D:\syncomat\htm_sld\intp\img017.GIF --> cps.msu.edu /user/cd/cps291/syncomat/htm_sld/intp img017.GIF
98.03.12 23:01 B D:\syncomat\htm_sld\intp\img018.GIF --> cps.msu.edu /user/cd/cps291/syncomat/htm_sld/intp img018.GIF
98.03.12 23:01 B D:\syncomat\htm_sld\intp\img019.GIF --> cps.msu.edu /user/cd/cps291/syncomat/htm_sld/intp img019.GIF
98.03.12 23:01 B D:\syncomat\htm_sld\intp\img020.GIF --> cps.msu.edu /user/cd/cps291/syncomat/htm_sld/intp img020.GIF
98.03.12 23:01 B D:\syncomat\htm_sld\intp\img021.GIF --> cps.msu.edu /user/cd/cps291/syncomat/htm_sld/intp img021.GIF
98.03.12 23:01 B D:\syncomat\htm_sld\intp\img022.GIF --> cps.msu.edu /user/cd/cps291/syncomat/htm_sld/intp img022.GIF
98.03.12 23:01 B D:\syncomat\htm_sld\intp\img023.GIF --> cps.msu.edu /user/cd/cps291/syncomat/htm_sld/intp img023.GIF
98.03.12 23:01 B D:\syncomat\htm_sld\intp\img024.GIF --> cps.msu.edu /user/cd/cps291/syncomat/htm_sld/intp img024.GIF
98.03.12 23:01 B D:\syncomat\htm_sld\intp\img025.GIF --> cps.msu.edu /user/cd/cps291/syncomat/htm_sld/intp img025.GIF
98.03.12 23:01 B D:\syncomat\htm_sld\intp\img026.GIF --> cps.msu.edu /user/cd/cps291/syncomat/htm_sld/intp img026.GIF
98.03.12 23:01 B D:\syncomat\htm_sld\intp\img027.GIF --> cps.msu.edu /user/cd/cps291/syncomat/htm_sld/intp img027.GIF
98.03.12 23:01 B D:\syncomat\htm_sld\intp\img028.GIF --> cps.msu.edu /user/cd/cps291/syncomat/htm_sld/intp img028.GIF
98.03.12 23:01 B D:\syncomat\htm_sld\intp\img029.GIF --> cps.msu.edu /user/cd/cps291/syncomat/htm_sld/intp img029.GIF
98.03.12 23:01 B D:\syncomat\htm_sld\intp\img030.GIF --> cps.msu.edu /user/cd/cps291/syncomat/htm_sld/intp img030.GIF
98.03.12 23:01 B D:\syncomat\htm_sld\intp\img031.GIF --> cps.msu.edu /user/cd/cps291/syncomat/htm_sld/intp img031.GIF
98.03.12 23:01 B D:\syncomat\htm_sld\intp\img032.GIF --> cps.msu.edu /user/cd/cps291/syncomat/htm_sld/intp img032.GIF
98.03.12 23:01 B D:\syncomat\htm_sld\intp\img033.GIF --> cps.msu.edu /user/cd/cps291/syncomat/htm_sld/intp img033.GIF
98.03.12 23:01 B D:\syncomat\htm_sld\intp\img034.GIF --> cps.msu.edu /user/cd/cps291/syncomat/htm_sld/intp img034.GIF
98.03.12 23:01 B D:\syncomat\htm_sld\intp\img035.GIF --> cps.msu.edu /user/cd/cps291/syncomat/htm_sld/intp img035.GIF
98.03.12 23:01 B D:\syncomat\htm_sld\intp\img036.GIF --> cps.msu.edu /user/cd/cps291/syncomat/htm_sld/intp img036.GIF
98.03.12 23:01 B D:\syncomat\htm_sld\intp\img037.GIF --> cps.msu.edu /user/cd/cps291/syncomat/htm_sld/intp img037.GIF
98.03.12 23:01 B D:\syncomat\htm_sld\intp\img038.GIF --> cps.msu.edu /user/cd/cps291/syncomat/htm_sld/intp img038.GIF
98.03.12 23:01 B D:\syncomat\htm_sld\intp\img039.GIF --> cps.msu.edu /user/cd/cps291/syncomat/htm_sld/intp img039.GIF
98.03.12 23:01 B D:\syncomat\htm_sld\intp\img040.GIF --> cps.msu.edu /user/cd/cps291/syncomat/htm_sld/intp img040.GIF
98.03.12 23:01 B D:\syncomat\htm_sld\intp\img041.GIF --> cps.msu.edu /user/cd/cps291/syncomat/htm_sld/intp img041.GIF
98.03.12 23:01 B D:\syncomat\htm_sld\intp\img042.GIF --> cps.msu.edu /user/cd/cps291/syncomat/htm_sld/intp img042.GIF
98.03.12 23:01 B D:\syncomat\htm_sld\intp\img043.GIF --> cps.msu.edu /user/cd/cps291/syncomat/htm_sld/intp img043.GIF
98.03.12 23:01 B D:\syncomat\htm_sld\intp\img044.GIF --> cps.msu.edu /user/cd/cps291/syncomat/htm_sld/intp img044.GIF
98.03.12 23:01 B D:\syncomat\htm_sld\intp\img045.GIF --> cps.msu.edu /user/cd/cps291/syncomat/htm_sld/intp img045.GIF
98.03.12 23:01 B D:\syncomat\htm_sld\intp\img046.GIF --> cps.msu.edu /user/cd/cps291/syncomat/htm_sld/intp img046.GIF
98.03.12 23:01 B D:\syncomat\htm_sld\intp\img047.GIF --> cps.msu.edu /user/cd/cps291/syncomat/htm_sld/intp img047.GIF
98.03.12 23:01 B D:\syncomat\htm_sld\intp\img048.GIF --> cps.msu.edu /user/cd/cps291/syncomat/htm_sld/intp img048.GIF
98.03.12 23:01 B D:\syncomat\htm_sld\intp\img049.GIF --> cps.msu.edu /user/cd/cps291/syncomat/htm_sld/intp img049.GIF
98.03.12 23:01 B D:\syncomat\htm_sld\intp\img050.GIF --> cps.msu.edu /user/cd/cps291/syncomat/htm_sld/intp img050.GIF
98.03.12 23:01 B D:\syncomat\htm_sld\intp\img051.GIF --> cps.msu.edu /user/cd/cps291/syncomat/htm_sld/intp img051.GIF
98.03.12 23:01 B D:\syncomat\htm_sld\intp\index.htm --> cps.msu.edu /user/cd/cps291/syncomat/htm_sld/intp index.htm
98.03.12 23:01 B D:\syncomat\htm_sld\intp\pptani.gif --> cps.msu.edu /user/cd/cps291/syncomat/htm_sld/intp pptani.gif
98.03.12 23:01 B D:\syncomat\htm_sld\intp\sld001.htm --> cps.msu.edu /user/cd/cps291/syncomat/htm_sld/intp sld001.htm
98.03.12 23:01 B D:\syncomat\htm_sld\intp\sld002.htm --> cps.msu.edu /user/cd/cps291/syncomat/htm_sld/intp sld002.htm
98.03.12 23:01 B D:\syncomat\htm_sld\intp\sld003.htm --> cps.msu.edu /user/cd/cps291/syncomat/htm_sld/intp sld003.htm
98.03.12 23:01 B D:\syncomat\htm_sld\intp\sld004.htm --> cps.msu.edu /user/cd/cps291/syncomat/htm_sld/intp sld004.htm
98.03.12 23:01 B D:\syncomat\htm_sld\intp\sld005.htm --> cps.msu.edu /user/cd/cps291/syncomat/htm_sld/intp sld005.htm
98.03.12 23:01 B D:\syncomat\htm_sld\intp\sld006.htm --> cps.msu.edu /user/cd/cps291/syncomat/htm_sld/intp sld006.htm
98.03.12 23:01 B D:\syncomat\htm_sld\intp\sld007.htm --> cps.msu.edu /user/cd/cps291/syncomat/htm_sld/intp sld007.htm
98.03.12 23:01 B D:\syncomat\htm_sld\intp\sld008.htm --> cps.msu.edu /user/cd/cps291/syncomat/htm_sld/intp sld008.htm
98.03.12 23:01 B D:\syncomat\htm_sld\intp\sld009.htm --> cps.msu.edu /user/cd/cps291/syncomat/htm_sld/intp sld009.htm
98.03.12 23:01 B D:\syncomat\htm_sld\intp\sld010.htm --> cps.msu.edu /user/cd/cps291/syncomat/htm_sld/intp sld010.htm
98.03.12 23:01 B D:\syncomat\htm_sld\intp\sld011.htm --> cps.msu.edu /user/cd/cps291/syncomat/htm_sld/intp sld011.htm
98.03.12 23:01 B D:\syncomat\htm_sld\intp\sld012.htm --> cps.msu.edu /user/cd/cps291/syncomat/htm_sld/intp sld012.htm
98.03.12 23:01 B D:\syncomat\htm_sld\intp\sld013.htm --> cps.msu.edu /user/cd/cps291/syncomat/htm_sld/intp sld013.htm
98.03.12 23:01 B D:\syncomat\htm_sld\intp\sld014.htm --> cps.msu.edu /user/cd/cps291/syncomat/htm_sld/intp sld014.htm
98.03.12 23:01 B D:\syncomat\htm_sld\intp\sld015.htm --> cps.msu.edu /user/cd/cps291/syncomat/htm_sld/intp sld015.htm
98.03.12 23:01 B D:\syncomat\htm_sld\intp\sld016.htm --> cps.msu.edu /user/cd/cps291/syncomat/htm_sld/intp sld016.htm
98.03.12 23:01 B D:\syncomat\htm_sld\intp\sld017.htm --> cps.msu.edu /user/cd/cps291/syncomat/htm_sld/intp sld017.htm
98.03.12 23:01 B D:\syncomat\htm_sld\intp\sld018.htm --> cps.msu.edu /user/cd/cps291/syncomat/htm_sld/intp sld018.htm
98.03.12 23:01 B D:\syncomat\htm_sld\intp\sld019.htm --> cps.msu.edu /user/cd/cps291/syncomat/htm_sld/intp sld019.htm
98.03.12 23:01 B D:\syncomat\htm_sld\intp\sld020.htm --> cps.msu.edu /user/cd/cps291/syncomat/htm_sld/intp sld020.htm
98.03.12 23:01 B D:\syncomat\htm_sld\intp\sld021.htm --> cps.msu.edu /user/cd/cps291/syncomat/htm_sld/intp sld021.htm
98.03.12 23:01 B D:\syncomat\htm_sld\intp\sld022.htm --> cps.msu.edu /user/cd/cps291/syncomat/htm_sld/intp sld022.htm
98.03.12 23:01 B D:\syncomat\htm_sld\intp\sld023.htm --> cps.msu.edu /user/cd/cps291/syncomat/htm_sld/intp sld023.htm
98.03.12 23:01 B D:\syncomat\htm_sld\intp\sld024.htm --> cps.msu.edu /user/cd/cps291/syncomat/htm_sld/intp sld024.htm
98.03.12 23:01 B D:\syncomat\htm_sld\intp\sld025.htm --> cps.msu.edu /user/cd/cps291/syncomat/htm_sld/intp sld025.htm
98.03.12 23:01 B D:\syncomat\htm_sld\intp\sld026.htm --> cps.msu.edu /user/cd/cps291/syncomat/htm_sld/intp sld026.htm
98.03.12 23:01 B D:\syncomat\htm_sld\intp\sld027.htm --> cps.msu.edu /user/cd/cps291/syncomat/htm_sld/intp sld027.htm
98.03.12 23:01 B D:\syncomat\htm_sld\intp\sld028.htm --> cps.msu.edu /user/cd/cps291/syncomat/htm_sld/intp sld028.htm
98.03.12 23:01 B D:\syncomat\htm_sld\intp\sld029.htm --> cps.msu.edu /user/cd/cps291/syncomat/htm_sld/intp sld029.htm
98.03.12 23:01 B D:\syncomat\htm_sld\intp\sld030.htm --> cps.msu.edu /user/cd/cps291/syncomat/htm_sld/intp sld030.htm
98.03.12 23:01 B D:\syncomat\htm_sld\intp\sld031.htm --> cps.msu.edu /user/cd/cps291/syncomat/htm_sld/intp sld031.htm
98.03.12 23:01 B D:\syncomat\htm_sld\intp\sld032.htm --> cps.msu.edu /user/cd/cps291/syncomat/htm_sld/intp sld032.htm
98.03.12 23:01 B D:\syncomat\htm_sld\intp\sld033.htm --> cps.msu.edu /user/cd/cps291/syncomat/htm_sld/intp sld033.htm
98.03.12 23:01 B D:\syncomat\htm_sld\intp\sld034.htm --> cps.msu.edu /user/cd/cps291/syncomat/htm_sld/intp sld034.htm
98.03.12 23:01 B D:\syncomat\htm_sld\intp\sld035.htm --> cps.msu.edu /user/cd/cps291/syncomat/htm_sld/intp sld035.htm
98.03.12 23:01 B D:\syncomat\htm_sld\intp\sld036.htm --> cps.msu.edu /user/cd/cps291/syncomat/htm_sld/intp sld036.htm
98.03.12 23:01 B D:\syncomat\htm_sld\intp\sld037.htm --> cps.msu.edu /user/cd/cps291/syncomat/htm_sld/intp sld037.htm
98.03.12 23:01 B D:\syncomat\htm_sld\intp\sld038.htm --> cps.msu.edu /user/cd/cps291/syncomat/htm_sld/intp sld038.htm
98.03.12 23:01 B D:\syncomat\htm_sld\intp\sld039.htm --> cps.msu.edu /user/cd/cps291/syncomat/htm_sld/intp sld039.htm
98.03.12 23:01 B D:\syncomat\htm_sld\intp\sld040.htm --> cps.msu.edu /user/cd/cps291/syncomat/htm_sld/intp sld040.htm
98.03.12 23:01 B D:\syncomat\htm_sld\intp\sld041.htm --> cps.msu.edu /user/cd/cps291/syncomat/htm_sld/intp sld041.htm
98.03.12 23:01 B D:\syncomat\htm_sld\intp\sld042.htm --> cps.msu.edu /user/cd/cps291/syncomat/htm_sld/intp sld042.htm
98.03.12 23:01 B D:\syncomat\htm_sld\intp\sld043.htm --> cps.msu.edu /user/cd/cps291/syncomat/htm_sld/intp sld043.htm
98.03.12 23:01 B D:\syncomat\htm_sld\intp\sld044.htm --> cps.msu.edu /user/cd/cps291/syncomat/htm_sld/intp sld044.htm
98.03.12 23:01 B D:\syncomat\htm_sld\intp\sld045.htm --> cps.msu.edu /user/cd/cps291/syncomat/htm_sld/intp sld045.htm
98.03.12 23:01 B D:\syncomat\htm_sld\intp\sld046.htm --> cps.msu.edu /user/cd/cps291/syncomat/htm_sld/intp sld046.htm
98.03.12 23:01 B D:\syncomat\htm_sld\intp\sld047.htm --> cps.msu.edu /user/cd/cps291/syncomat/htm_sld/intp sld047.htm
98.03.12 23:01 B D:\syncomat\htm_sld\intp\sld048.htm --> cps.msu.edu /user/cd/cps291/syncomat/htm_sld/intp sld048.htm
98.03.12 23:01 B D:\syncomat\htm_sld\intp\sld049.htm --> cps.msu.edu /user/cd/cps291/syncomat/htm_sld/intp sld049.htm
98.03.12 23:01 B D:\syncomat\htm_sld\intp\sld050.htm --> cps.msu.edu /user/cd/cps291/syncomat/htm_sld/intp sld050.htm
98.03.12 23:01 B D:\syncomat\htm_sld\intp\sld051.htm --> cps.msu.edu /user/cd/cps291/syncomat/htm_sld/intp sld051.htm
98.03.12 23:01 B D:\syncomat\htm_sld\intp\space.gif --> cps.msu.edu /user/cd/cps291/syncomat/htm_sld/intp space.gif
98.03.12 23:01 B D:\syncomat\htm_sld\intp\tsld001.htm --> cps.msu.edu /user/cd/cps291/syncomat/htm_sld/intp tsld001.htm
98.03.12 23:01 B D:\syncomat\htm_sld\intp\tsld002.htm --> cps.msu.edu /user/cd/cps291/syncomat/htm_sld/intp tsld002.htm
98.03.12 23:01 B D:\syncomat\htm_sld\intp\tsld003.htm --> cps.msu.edu /user/cd/cps291/syncomat/htm_sld/intp tsld003.htm
98.03.12 23:01 B D:\syncomat\htm_sld\intp\tsld004.htm --> cps.msu.edu /user/cd/cps291/syncomat/htm_sld/intp tsld004.htm
98.03.12 23:01 B D:\syncomat\htm_sld\intp\tsld005.htm --> cps.msu.edu /user/cd/cps291/syncomat/htm_sld/intp tsld005.htm
98.03.12 23:01 B D:\syncomat\htm_sld\intp\tsld006.htm --> cps.msu.edu /user/cd/cps291/syncomat/htm_sld/intp tsld006.htm
98.03.12 23:01 B D:\syncomat\htm_sld\intp\tsld007.htm --> cps.msu.edu /user/cd/cps291/syncomat/htm_sld/intp tsld007.htm
98.03.12 23:01 B D:\syncomat\htm_sld\intp\tsld008.htm --> cps.msu.edu /user/cd/cps291/syncomat/htm_sld/intp tsld008.htm
98.03.12 23:01 B D:\syncomat\htm_sld\intp\tsld009.htm --> cps.msu.edu /user/cd/cps291/syncomat/htm_sld/intp tsld009.htm
98.03.12 23:01 B D:\syncomat\htm_sld\intp\tsld010.htm --> cps.msu.edu /user/cd/cps291/syncomat/htm_sld/intp tsld010.htm
98.03.12 23:01 B D:\syncomat\htm_sld\intp\tsld011.htm --> cps.msu.edu /user/cd/cps291/syncomat/htm_sld/intp tsld011.htm
98.03.12 23:01 B D:\syncomat\htm_sld\intp\tsld012.htm --> cps.msu.edu /user/cd/cps291/syncomat/htm_sld/intp tsld012.htm
98.03.12 23:01 B D:\syncomat\htm_sld\intp\tsld013.htm --> cps.msu.edu /user/cd/cps291/syncomat/htm_sld/intp tsld013.htm
98.03.12 23:01 B D:\syncomat\htm_sld\intp\tsld014.htm --> cps.msu.edu /user/cd/cps291/syncomat/htm_sld/intp tsld014.htm
98.03.12 23:01 B D:\syncomat\htm_sld\intp\tsld015.htm --> cps.msu.edu /user/cd/cps291/syncomat/htm_sld/intp tsld015.htm
98.03.12 23:01 B D:\syncomat\htm_sld\intp\tsld016.htm --> cps.msu.edu /user/cd/cps291/syncomat/htm_sld/intp tsld016.htm
98.03.12 23:01 B D:\syncomat\htm_sld\intp\tsld017.htm --> cps.msu.edu /user/cd/cps291/syncomat/htm_sld/intp tsld017.htm
98.03.12 23:01 B D:\syncomat\htm_sld\intp\tsld018.htm --> cps.msu.edu /user/cd/cps291/syncomat/htm_sld/intp tsld018.htm
98.03.12 23:01 B D:\syncomat\htm_sld\intp\tsld019.htm --> cps.msu.edu /user/cd/cps291/syncomat/htm_sld/intp tsld019.htm
98.03.12 23:01 B D:\syncomat\htm_sld\intp\tsld020.htm --> cps.msu.edu /user/cd/cps291/syncomat/htm_sld/intp tsld020.htm
98.03.12 23:01 B D:\syncomat\htm_sld\intp\tsld021.htm --> cps.msu.edu /user/cd/cps291/syncomat/htm_sld/intp tsld021.htm
98.03.12 23:01 B D:\syncomat\htm_sld\intp\tsld022.htm --> cps.msu.edu /user/cd/cps291/syncomat/htm_sld/intp tsld022.htm
98.03.12 23:01 B D:\syncomat\htm_sld\intp\tsld023.htm --> cps.msu.edu /user/cd/cps291/syncomat/htm_sld/intp tsld023.htm
98.03.12 23:01 B D:\syncomat\htm_sld\intp\tsld024.htm --> cps.msu.edu /user/cd/cps291/syncomat/htm_sld/intp tsld024.htm
98.03.12 23:01 B D:\syncomat\htm_sld\intp\tsld025.htm --> cps.msu.edu /user/cd/cps291/syncomat/htm_sld/intp tsld025.htm
98.03.12 23:01 B D:\syncomat\htm_sld\intp\tsld026.htm --> cps.msu.edu /user/cd/cps291/syncomat/htm_sld/intp tsld026.htm
98.03.12 23:01 B D:\syncomat\htm_sld\intp\tsld027.htm --> cps.msu.edu /user/cd/cps291/syncomat/htm_sld/intp tsld027.htm
98.03.12 23:01 B D:\syncomat\htm_sld\intp\tsld028.htm --> cps.msu.edu /user/cd/cps291/syncomat/htm_sld/intp tsld028.htm
98.03.12 23:01 B D:\syncomat\htm_sld\intp\tsld029.htm --> cps.msu.edu /user/cd/cps291/syncomat/htm_sld/intp tsld029.htm
98.03.12 23:01 B D:\syncomat\htm_sld\intp\tsld030.htm --> cps.msu.edu /user/cd/cps291/syncomat/htm_sld/intp tsld030.htm
98.03.12 23:01 B D:\syncomat\htm_sld\intp\tsld031.htm --> cps.msu.edu /user/cd/cps291/syncomat/htm_sld/intp tsld031.htm
98.03.12 23:01 B D:\syncomat\htm_sld\intp\tsld032.htm --> cps.msu.edu /user/cd/cps291/syncomat/htm_sld/intp tsld032.htm
98.03.12 23:01 B D:\syncomat\htm_sld\intp\tsld033.htm --> cps.msu.edu /user/cd/cps291/syncomat/htm_sld/intp tsld033.htm
98.03.12 23:01 B D:\syncomat\htm_sld\intp\tsld034.htm --> cps.msu.edu /user/cd/cps291/syncomat/htm_sld/intp tsld034.htm
98.03.12 23:01 B D:\syncomat\htm_sld\intp\tsld035.htm --> cps.msu.edu /user/cd/cps291/syncomat/htm_sld/intp tsld035.htm
98.03.12 23:01 B D:\syncomat\htm_sld\intp\tsld036.htm --> cps.msu.edu /user/cd/cps291/syncomat/htm_sld/intp tsld036.htm
98.03.12 23:01 B D:\syncomat\htm_sld\intp\tsld037.htm --> cps.msu.edu /user/cd/cps291/syncomat/htm_sld/intp tsld037.htm
98.03.12 23:01 B D:\syncomat\htm_sld\intp\tsld038.htm --> cps.msu.edu /user/cd/cps291/syncomat/htm_sld/intp tsld038.htm
98.03.12 23:01 B D:\syncomat\htm_sld\intp\tsld039.htm --> cps.msu.edu /user/cd/cps291/syncomat/htm_sld/intp tsld039.htm
98.03.12 23:01 B D:\syncomat\htm_sld\intp\tsld040.htm --> cps.msu.edu /user/cd/cps291/syncomat/htm_sld/intp tsld040.htm
98.03.12 23:01 B D:\syncomat\htm_sld\intp\tsld041.htm --> cps.msu.edu /user/cd/cps291/syncomat/htm_sld/intp tsld041.htm
98.03.12 23:01 B D:\syncomat\htm_sld\intp\tsld042.htm --> cps.msu.edu /user/cd/cps291/syncomat/htm_sld/intp tsld042.htm
98.03.12 23:01 B D:\syncomat\htm_sld\intp\tsld043.htm --> cps.msu.edu /user/cd/cps291/syncomat/htm_sld/intp tsld043.htm
98.03.12 23:01 B D:\syncomat\htm_sld\intp\tsld044.htm --> cps.msu.edu /user/cd/cps291/syncomat/htm_sld/intp tsld044.htm
98.03.12 23:01 B D:\syncomat\htm_sld\intp\tsld045.htm --> cps.msu.edu /user/cd/cps291/syncomat/htm_sld/intp tsld045.htm
98.03.12 23:01 B D:\syncomat\htm_sld\intp\tsld046.htm --> cps.msu.edu /user/cd/cps291/syncomat/htm_sld/intp tsld046.htm
98.03.12 23:01 B D:\syncomat\htm_sld\intp\tsld047.htm --> cps.msu.edu /user/cd/cps291/syncomat/htm_sld/intp tsld047.htm
98.03.12 23:01 B D:\syncomat\htm_sld\intp\tsld048.htm --> cps.msu.edu /user/cd/cps291/syncomat/htm_sld/intp tsld048.htm
98.03.12 23:01 B D:\syncomat\htm_sld\intp\tsld049.htm --> cps.msu.edu /user/cd/cps291/syncomat/htm_sld/intp tsld049.htm
98.03.12 23:01 B D:\syncomat\htm_sld\intp\tsld050.htm --> cps.msu.edu /user/cd/cps291/syncomat/htm_sld/intp tsld050.htm
98.03.12 23:01 B D:\syncomat\htm_sld\intp\tsld051.htm --> cps.msu.edu /user/cd/cps291/syncomat/htm_sld/intp tsld051.htm
98.03.12 23:01 B D:\syncomat\htm_sld\intp\WS_FTP.LOG --> cps.msu.edu /user/cd/cps291/syncomat/htm_sld/intp WS_FTP.LOG
