98.02.01 20:02 B D:\cdrom\help\pilotnew\index.htm <-- www.vu.msu.edu /afs/msu/course/vu/egr124/cdrom/help/pilotnew index.htm
98.02.01 20:02 B D:\cdrom\help\pilotnew\pilotlog.gif <-- www.vu.msu.edu /afs/msu/course/vu/egr124/cdrom/help/pilotnew pilotlog.gif
98.02.01 20:02 B D:\cdrom\help\pilotnew\pin.gif <-- www.vu.msu.edu /afs/msu/course/vu/egr124/cdrom/help/pilotnew pin.gif
98.02.01 20:02 B D:\cdrom\help\pilotnew\setpw.gif <-- www.vu.msu.edu /afs/msu/course/vu/egr124/cdrom/help/pilotnew setpw.gif
98.02.01 20:02 B D:\cdrom\help\pilotnew\setup.gif <-- www.vu.msu.edu /afs/msu/course/vu/egr124/cdrom/help/pilotnew setup.gif
98.02.01 20:18 B D:\cdrom\help\pilotnew\index.htm <-- www.vu.msu.edu /afs/msu/course/vu/egr124/cdrom/help/pilotnew index.htm
98.02.01 20:18 B D:\cdrom\help\pilotnew\pilotlog.gif <-- www.vu.msu.edu /afs/msu/course/vu/egr124/cdrom/help/pilotnew pilotlog.gif
98.02.01 20:18 B D:\cdrom\help\pilotnew\pin.gif <-- www.vu.msu.edu /afs/msu/course/vu/egr124/cdrom/help/pilotnew pin.gif
98.02.01 20:18 B D:\cdrom\help\pilotnew\setpw.gif <-- www.vu.msu.edu /afs/msu/course/vu/egr124/cdrom/help/pilotnew setpw.gif
98.02.01 20:18 B D:\cdrom\help\pilotnew\setup.gif <-- www.vu.msu.edu /afs/msu/course/vu/egr124/cdrom/help/pilotnew setup.gif
98.02.02 01:40 B D:\cdrom\help\pilotnew\index.htm --> arctic.cps.msu.edu /user/cd/cps291/help/pilotnew index.htm
98.02.02 01:40 B D:\cdrom\help\pilotnew\pilotlog.gif --> arctic.cps.msu.edu /user/cd/cps291/help/pilotnew pilotlog.gif
98.02.02 01:40 B D:\cdrom\help\pilotnew\pin.gif --> arctic.cps.msu.edu /user/cd/cps291/help/pilotnew pin.gif
98.02.02 01:40 B D:\cdrom\help\pilotnew\setpw.gif --> arctic.cps.msu.edu /user/cd/cps291/help/pilotnew setpw.gif
98.02.02 01:40 B D:\cdrom\help\pilotnew\setup.gif --> arctic.cps.msu.edu /user/cd/cps291/help/pilotnew setup.gif
98.02.02 01:40 B D:\cdrom\help\pilotnew\WS_FTP.LOG --> arctic.cps.msu.edu /user/cd/cps291/help/pilotnew WS_FTP.LOG
98.03.12 22:31 B D:\cdrom\help\pilotnew\index.htm <-- www.vu.msu.edu /afs/msu/course/vu/egr124/cdrom/help/pilotnew index.htm
98.03.12 22:31 B D:\cdrom\help\pilotnew\pilotlog.gif <-- www.vu.msu.edu /afs/msu/course/vu/egr124/cdrom/help/pilotnew pilotlog.gif
98.03.12 22:31 B D:\cdrom\help\pilotnew\pin.gif <-- www.vu.msu.edu /afs/msu/course/vu/egr124/cdrom/help/pilotnew pin.gif
98.03.12 22:31 B D:\cdrom\help\pilotnew\setpw.gif <-- www.vu.msu.edu /afs/msu/course/vu/egr124/cdrom/help/pilotnew setpw.gif
98.03.12 22:31 B D:\cdrom\help\pilotnew\setup.gif <-- www.vu.msu.edu /afs/msu/course/vu/egr124/cdrom/help/pilotnew setup.gif
98.03.12 23:11 B D:\cdrom\help\pilotnew\index.htm --> cps.msu.edu /user/cd/cps291/help/pilotnew index.htm
98.03.12 23:11 B D:\cdrom\help\pilotnew\pilotlog.gif --> cps.msu.edu /user/cd/cps291/help/pilotnew pilotlog.gif
98.03.12 23:11 B D:\cdrom\help\pilotnew\pin.gif --> cps.msu.edu /user/cd/cps291/help/pilotnew pin.gif
98.03.12 23:11 B D:\cdrom\help\pilotnew\setpw.gif --> cps.msu.edu /user/cd/cps291/help/pilotnew setpw.gif
98.03.12 23:11 B D:\cdrom\help\pilotnew\setup.gif --> cps.msu.edu /user/cd/cps291/help/pilotnew setup.gif
98.03.12 23:11 B D:\cdrom\help\pilotnew\WS_FTP.LOG --> cps.msu.edu /user/cd/cps291/help/pilotnew WS_FTP.LOG
98.03.13 00:01 B D:\cdrom\help\pilotnew\index.htm --> cps.msu.edu /user/cd/cps291/help/pilotnew index.htm
98.03.13 00:01 B D:\cdrom\help\pilotnew\pilotlog.gif --> cps.msu.edu /user/cd/cps291/help/pilotnew pilotlog.gif
98.03.13 00:01 B D:\cdrom\help\pilotnew\pin.gif --> cps.msu.edu /user/cd/cps291/help/pilotnew pin.gif
98.03.13 00:01 B D:\cdrom\help\pilotnew\setpw.gif --> cps.msu.edu /user/cd/cps291/help/pilotnew setpw.gif
98.03.13 00:01 B D:\cdrom\help\pilotnew\setup.gif --> cps.msu.edu /user/cd/cps291/help/pilotnew setup.gif
98.03.13 00:01 B D:\cdrom\help\pilotnew\WS_FTP.LOG --> cps.msu.edu /user/cd/cps291/help/pilotnew WS_FTP.LOG
98.03.13 08:58 B D:\cdrom\help\pilotnew\index.htm --> cps.msu.edu /user/cd/cps291/help/pilotnew index.htm
98.03.13 08:58 B D:\cdrom\help\pilotnew\pilotlog.gif --> cps.msu.edu /user/cd/cps291/help/pilotnew pilotlog.gif
98.03.13 08:58 B D:\cdrom\help\pilotnew\pin.gif --> cps.msu.edu /user/cd/cps291/help/pilotnew pin.gif
98.03.13 08:58 B D:\cdrom\help\pilotnew\setpw.gif --> cps.msu.edu /user/cd/cps291/help/pilotnew setpw.gif
98.03.13 08:58 B D:\cdrom\help\pilotnew\setup.gif --> cps.msu.edu /user/cd/cps291/help/pilotnew setup.gif
98.03.13 08:58 B D:\cdrom\help\pilotnew\WS_FTP.LOG --> cps.msu.edu /user/cd/cps291/help/pilotnew WS_FTP.LOG
