98.03.12 23:02 B D:\syncomat\htm_sld\project1\ielogo.gif --> cps.msu.edu /user/cd/cps291/syncomat/htm_sld/project1 ielogo.gif
98.03.12 23:02 B D:\syncomat\htm_sld\project1\img001.GIF --> cps.msu.edu /user/cd/cps291/syncomat/htm_sld/project1 img001.GIF
98.03.12 23:02 B D:\syncomat\htm_sld\project1\img002.GIF --> cps.msu.edu /user/cd/cps291/syncomat/htm_sld/project1 img002.GIF
98.03.12 23:02 B D:\syncomat\htm_sld\project1\img003.GIF --> cps.msu.edu /user/cd/cps291/syncomat/htm_sld/project1 img003.GIF
98.03.12 23:02 B D:\syncomat\htm_sld\project1\img004.GIF --> cps.msu.edu /user/cd/cps291/syncomat/htm_sld/project1 img004.GIF
98.03.12 23:02 B D:\syncomat\htm_sld\project1\img005.GIF --> cps.msu.edu /user/cd/cps291/syncomat/htm_sld/project1 img005.GIF
98.03.12 23:02 B D:\syncomat\htm_sld\project1\img006.GIF --> cps.msu.edu /user/cd/cps291/syncomat/htm_sld/project1 img006.GIF
98.03.12 23:02 B D:\syncomat\htm_sld\project1\img007.GIF --> cps.msu.edu /user/cd/cps291/syncomat/htm_sld/project1 img007.GIF
98.03.12 23:02 B D:\syncomat\htm_sld\project1\img008.GIF --> cps.msu.edu /user/cd/cps291/syncomat/htm_sld/project1 img008.GIF
98.03.12 23:02 B D:\syncomat\htm_sld\project1\img009.GIF --> cps.msu.edu /user/cd/cps291/syncomat/htm_sld/project1 img009.GIF
98.03.12 23:02 B D:\syncomat\htm_sld\project1\img010.GIF --> cps.msu.edu /user/cd/cps291/syncomat/htm_sld/project1 img010.GIF
98.03.12 23:02 B D:\syncomat\htm_sld\project1\img011.GIF --> cps.msu.edu /user/cd/cps291/syncomat/htm_sld/project1 img011.GIF
98.03.12 23:02 B D:\syncomat\htm_sld\project1\img012.GIF --> cps.msu.edu /user/cd/cps291/syncomat/htm_sld/project1 img012.GIF
98.03.12 23:02 B D:\syncomat\htm_sld\project1\img013.GIF --> cps.msu.edu /user/cd/cps291/syncomat/htm_sld/project1 img013.GIF
98.03.12 23:02 B D:\syncomat\htm_sld\project1\img014.GIF --> cps.msu.edu /user/cd/cps291/syncomat/htm_sld/project1 img014.GIF
98.03.12 23:02 B D:\syncomat\htm_sld\project1\img015.GIF --> cps.msu.edu /user/cd/cps291/syncomat/htm_sld/project1 img015.GIF
98.03.12 23:02 B D:\syncomat\htm_sld\project1\img016.GIF --> cps.msu.edu /user/cd/cps291/syncomat/htm_sld/project1 img016.GIF
98.03.12 23:02 B D:\syncomat\htm_sld\project1\index.htm --> cps.msu.edu /user/cd/cps291/syncomat/htm_sld/project1 index.htm
98.03.12 23:02 B D:\syncomat\htm_sld\project1\pptani.gif --> cps.msu.edu /user/cd/cps291/syncomat/htm_sld/project1 pptani.gif
98.03.12 23:02 B D:\syncomat\htm_sld\project1\sld001.htm --> cps.msu.edu /user/cd/cps291/syncomat/htm_sld/project1 sld001.htm
98.03.12 23:02 B D:\syncomat\htm_sld\project1\sld002.htm --> cps.msu.edu /user/cd/cps291/syncomat/htm_sld/project1 sld002.htm
98.03.12 23:02 B D:\syncomat\htm_sld\project1\sld003.htm --> cps.msu.edu /user/cd/cps291/syncomat/htm_sld/project1 sld003.htm
98.03.12 23:02 B D:\syncomat\htm_sld\project1\sld004.htm --> cps.msu.edu /user/cd/cps291/syncomat/htm_sld/project1 sld004.htm
98.03.12 23:02 B D:\syncomat\htm_sld\project1\sld005.htm --> cps.msu.edu /user/cd/cps291/syncomat/htm_sld/project1 sld005.htm
98.03.12 23:02 B D:\syncomat\htm_sld\project1\sld006.htm --> cps.msu.edu /user/cd/cps291/syncomat/htm_sld/project1 sld006.htm
98.03.12 23:02 B D:\syncomat\htm_sld\project1\sld007.htm --> cps.msu.edu /user/cd/cps291/syncomat/htm_sld/project1 sld007.htm
98.03.12 23:02 B D:\syncomat\htm_sld\project1\sld008.htm --> cps.msu.edu /user/cd/cps291/syncomat/htm_sld/project1 sld008.htm
98.03.12 23:02 B D:\syncomat\htm_sld\project1\sld009.htm --> cps.msu.edu /user/cd/cps291/syncomat/htm_sld/project1 sld009.htm
98.03.12 23:02 B D:\syncomat\htm_sld\project1\sld010.htm --> cps.msu.edu /user/cd/cps291/syncomat/htm_sld/project1 sld010.htm
98.03.12 23:02 B D:\syncomat\htm_sld\project1\sld011.htm --> cps.msu.edu /user/cd/cps291/syncomat/htm_sld/project1 sld011.htm
98.03.12 23:02 B D:\syncomat\htm_sld\project1\sld012.htm --> cps.msu.edu /user/cd/cps291/syncomat/htm_sld/project1 sld012.htm
98.03.12 23:02 B D:\syncomat\htm_sld\project1\sld013.htm --> cps.msu.edu /user/cd/cps291/syncomat/htm_sld/project1 sld013.htm
98.03.12 23:02 B D:\syncomat\htm_sld\project1\sld014.htm --> cps.msu.edu /user/cd/cps291/syncomat/htm_sld/project1 sld014.htm
98.03.12 23:02 B D:\syncomat\htm_sld\project1\sld015.htm --> cps.msu.edu /user/cd/cps291/syncomat/htm_sld/project1 sld015.htm
98.03.12 23:02 B D:\syncomat\htm_sld\project1\sld016.htm --> cps.msu.edu /user/cd/cps291/syncomat/htm_sld/project1 sld016.htm
98.03.12 23:02 B D:\syncomat\htm_sld\project1\space.gif --> cps.msu.edu /user/cd/cps291/syncomat/htm_sld/project1 space.gif
98.03.12 23:02 B D:\syncomat\htm_sld\project1\tsld001.htm --> cps.msu.edu /user/cd/cps291/syncomat/htm_sld/project1 tsld001.htm
98.03.12 23:02 B D:\syncomat\htm_sld\project1\tsld002.htm --> cps.msu.edu /user/cd/cps291/syncomat/htm_sld/project1 tsld002.htm
98.03.12 23:02 B D:\syncomat\htm_sld\project1\tsld003.htm --> cps.msu.edu /user/cd/cps291/syncomat/htm_sld/project1 tsld003.htm
98.03.12 23:02 B D:\syncomat\htm_sld\project1\tsld004.htm --> cps.msu.edu /user/cd/cps291/syncomat/htm_sld/project1 tsld004.htm
98.03.12 23:02 B D:\syncomat\htm_sld\project1\tsld005.htm --> cps.msu.edu /user/cd/cps291/syncomat/htm_sld/project1 tsld005.htm
98.03.12 23:02 B D:\syncomat\htm_sld\project1\tsld006.htm --> cps.msu.edu /user/cd/cps291/syncomat/htm_sld/project1 tsld006.htm
98.03.12 23:02 B D:\syncomat\htm_sld\project1\tsld007.htm --> cps.msu.edu /user/cd/cps291/syncomat/htm_sld/project1 tsld007.htm
98.03.12 23:02 B D:\syncomat\htm_sld\project1\tsld008.htm --> cps.msu.edu /user/cd/cps291/syncomat/htm_sld/project1 tsld008.htm
98.03.12 23:02 B D:\syncomat\htm_sld\project1\tsld009.htm --> cps.msu.edu /user/cd/cps291/syncomat/htm_sld/project1 tsld009.htm
98.03.12 23:02 B D:\syncomat\htm_sld\project1\tsld010.htm --> cps.msu.edu /user/cd/cps291/syncomat/htm_sld/project1 tsld010.htm
98.03.12 23:02 B D:\syncomat\htm_sld\project1\tsld011.htm --> cps.msu.edu /user/cd/cps291/syncomat/htm_sld/project1 tsld011.htm
98.03.12 23:02 B D:\syncomat\htm_sld\project1\tsld012.htm --> cps.msu.edu /user/cd/cps291/syncomat/htm_sld/project1 tsld012.htm
98.03.12 23:02 B D:\syncomat\htm_sld\project1\tsld013.htm --> cps.msu.edu /user/cd/cps291/syncomat/htm_sld/project1 tsld013.htm
98.03.12 23:02 B D:\syncomat\htm_sld\project1\tsld014.htm --> cps.msu.edu /user/cd/cps291/syncomat/htm_sld/project1 tsld014.htm
98.03.12 23:02 B D:\syncomat\htm_sld\project1\tsld015.htm --> cps.msu.edu /user/cd/cps291/syncomat/htm_sld/project1 tsld015.htm
98.03.12 23:02 B D:\syncomat\htm_sld\project1\tsld016.htm --> cps.msu.edu /user/cd/cps291/syncomat/htm_sld/project1 tsld016.htm
