98.02.01 20:06 B D:\cdrom\refer\index.crs <-- www.vu.msu.edu /afs/msu/course/vu/egr124/cdrom/refer index.crs
98.02.01 20:06 B D:\cdrom\refer\index.htm <-- www.vu.msu.edu /afs/msu/course/vu/egr124/cdrom/refer index.htm
98.02.01 20:06 B D:\cdrom\refer\makeind.mnu <-- www.vu.msu.edu /afs/msu/course/vu/egr124/cdrom/refer makeind.mnu
98.02.01 20:06 B D:\cdrom\refer\makeind.sed <-- www.vu.msu.edu /afs/msu/course/vu/egr124/cdrom/refer makeind.sed
98.02.01 20:06 B D:\cdrom\refer\other.crs <-- www.vu.msu.edu /afs/msu/course/vu/egr124/cdrom/refer other.crs
98.02.01 20:06 B D:\cdrom\refer\other.htm <-- www.vu.msu.edu /afs/msu/course/vu/egr124/cdrom/refer other.htm
98.02.02 03:57 B D:\cdrom\refer\index.crs --> arctic.cps.msu.edu /user/cd/cps291/refer index.crs
98.02.02 03:57 B D:\cdrom\refer\index.htm --> arctic.cps.msu.edu /user/cd/cps291/refer index.htm
98.02.02 03:57 B D:\cdrom\refer\makeind.mnu --> arctic.cps.msu.edu /user/cd/cps291/refer makeind.mnu
98.02.02 03:57 B D:\cdrom\refer\makeind.sed --> arctic.cps.msu.edu /user/cd/cps291/refer makeind.sed
98.02.02 03:57 B D:\cdrom\refer\other.crs --> arctic.cps.msu.edu /user/cd/cps291/refer other.crs
98.02.02 03:57 B D:\cdrom\refer\other.htm --> arctic.cps.msu.edu /user/cd/cps291/refer other.htm
98.02.02 03:57 B D:\cdrom\refer\WS_FTP.LOG --> arctic.cps.msu.edu /user/cd/cps291/refer WS_FTP.LOG
98.03.12 22:36 B D:\cdrom\refer\index.crs <-- www.vu.msu.edu /afs/msu/course/vu/egr124/cdrom/refer index.crs
98.03.12 22:36 B D:\cdrom\refer\index.htm <-- www.vu.msu.edu /afs/msu/course/vu/egr124/cdrom/refer index.htm
98.03.12 22:36 B D:\cdrom\refer\makeind.mnu <-- www.vu.msu.edu /afs/msu/course/vu/egr124/cdrom/refer makeind.mnu
98.03.12 22:36 B D:\cdrom\refer\makeind.sed <-- www.vu.msu.edu /afs/msu/course/vu/egr124/cdrom/refer makeind.sed
98.03.12 22:36 B D:\cdrom\refer\other.crs <-- www.vu.msu.edu /afs/msu/course/vu/egr124/cdrom/refer other.crs
98.03.12 22:36 B D:\cdrom\refer\other.htm <-- www.vu.msu.edu /afs/msu/course/vu/egr124/cdrom/refer other.htm
98.03.13 09:41 B D:\cdrom\refer\index.crs --> cps.msu.edu /user/cd/cps291/refer index.crs
98.03.13 09:41 B D:\cdrom\refer\index.htm --> cps.msu.edu /user/cd/cps291/refer index.htm
98.03.13 09:41 B D:\cdrom\refer\makeind.mnu --> cps.msu.edu /user/cd/cps291/refer makeind.mnu
98.03.13 09:41 B D:\cdrom\refer\makeind.sed --> cps.msu.edu /user/cd/cps291/refer makeind.sed
98.03.13 09:41 B D:\cdrom\refer\other.crs --> cps.msu.edu /user/cd/cps291/refer other.crs
98.03.13 09:42 B D:\cdrom\refer\other.htm --> cps.msu.edu /user/cd/cps291/refer other.htm
98.03.13 09:42 B D:\cdrom\refer\WS_FTP.LOG --> cps.msu.edu /user/cd/cps291/refer WS_FTP.LOG
