97.11.27 02:29 B C:\doit\media\tcp\tcp1.ra --> www.vu.msu.edu /home/cps291/stage/doit/media/tcp tcp1.ra
97.11.27 02:29 B C:\doit\media\tcp\tcp1.rm --> www.vu.msu.edu /home/cps291/stage/doit/media/tcp tcp1.rm
97.11.27 02:29 B C:\doit\media\tcp\tcp1.txt --> www.vu.msu.edu /home/cps291/stage/doit/media/tcp tcp1.txt
97.11.27 02:29 B C:\doit\media\tcp\tcp2.ra --> www.vu.msu.edu /home/cps291/stage/doit/media/tcp tcp2.ra
97.11.27 02:29 B C:\doit\media\tcp\tcp2.rm --> www.vu.msu.edu /home/cps291/stage/doit/media/tcp tcp2.rm
97.11.27 02:29 B C:\doit\media\tcp\tcp2.txt --> www.vu.msu.edu /home/cps291/stage/doit/media/tcp tcp2.txt
97.11.27 02:29 B C:\doit\media\tcp\tcp3.ra --> www.vu.msu.edu /home/cps291/stage/doit/media/tcp tcp3.ra
97.11.27 02:30 B C:\doit\media\tcp\tcp3.rm --> www.vu.msu.edu /home/cps291/stage/doit/media/tcp tcp3.rm
97.11.27 02:30 B C:\doit\media\tcp\tcp3.txt --> www.vu.msu.edu /home/cps291/stage/doit/media/tcp tcp3.txt
97.11.27 02:45 B C:\doit\media\tcp\tcp1.ra --> www.vu.msu.edu /home/cps291/stage/doit/media/tcp tcp1.ra
97.11.27 02:45 B C:\doit\media\tcp\tcp1.rm --> www.vu.msu.edu /home/cps291/stage/doit/media/tcp tcp1.rm
97.11.27 02:45 B C:\doit\media\tcp\tcp1.txt --> www.vu.msu.edu /home/cps291/stage/doit/media/tcp tcp1.txt
97.11.27 02:45 B C:\doit\media\tcp\tcp2.ra --> www.vu.msu.edu /home/cps291/stage/doit/media/tcp tcp2.ra
97.11.27 02:45 B C:\doit\media\tcp\tcp2.rm --> www.vu.msu.edu /home/cps291/stage/doit/media/tcp tcp2.rm
97.11.27 02:45 B C:\doit\media\tcp\tcp2.txt --> www.vu.msu.edu /home/cps291/stage/doit/media/tcp tcp2.txt
97.11.27 02:45 B C:\doit\media\tcp\tcp3.ra --> www.vu.msu.edu /home/cps291/stage/doit/media/tcp tcp3.ra
97.11.27 02:46 B C:\doit\media\tcp\tcp3.rm --> www.vu.msu.edu /home/cps291/stage/doit/media/tcp tcp3.rm
97.11.27 02:46 B C:\doit\media\tcp\tcp3.txt --> www.vu.msu.edu /home/cps291/stage/doit/media/tcp tcp3.txt
97.11.27 02:46 B C:\doit\media\tcp\WS_FTP.LOG --> www.vu.msu.edu /home/cps291/stage/doit/media/tcp WS_FTP.LOG
97.12.09 10:13 B C:\doit\media\tcp\tcp1.ra --> arctic.cps.msu.edu /user/cd/cps291/doit/media/tcp tcp1.ra
97.12.09 10:14 B C:\doit\media\tcp\tcp1.rm --> arctic.cps.msu.edu /user/cd/cps291/doit/media/tcp tcp1.rm
97.12.09 10:14 B C:\doit\media\tcp\tcp1.txt --> arctic.cps.msu.edu /user/cd/cps291/doit/media/tcp tcp1.txt
97.12.09 10:14 B C:\doit\media\tcp\tcp2.ra --> arctic.cps.msu.edu /user/cd/cps291/doit/media/tcp tcp2.ra
97.12.09 10:14 B C:\doit\media\tcp\tcp2.rm --> arctic.cps.msu.edu /user/cd/cps291/doit/media/tcp tcp2.rm
97.12.09 10:14 B C:\doit\media\tcp\tcp2.txt --> arctic.cps.msu.edu /user/cd/cps291/doit/media/tcp tcp2.txt
97.12.09 10:14 B C:\doit\media\tcp\tcp3.ra --> arctic.cps.msu.edu /user/cd/cps291/doit/media/tcp tcp3.ra
97.12.09 10:14 B C:\doit\media\tcp\tcp3.rm --> arctic.cps.msu.edu /user/cd/cps291/doit/media/tcp tcp3.rm
97.12.09 10:14 B C:\doit\media\tcp\tcp3.txt --> arctic.cps.msu.edu /user/cd/cps291/doit/media/tcp tcp3.txt
97.12.09 10:14 B C:\doit\media\tcp\WS_FTP.LOG --> arctic.cps.msu.edu /user/cd/cps291/doit/media/tcp WS_FTP.LOG
97.12.10 03:01 B C:\doit\media\tcp\tcp1.ra --> arctic.cps.msu.edu /user/cd/cps291/src/doit/media/tcp tcp1.ra
97.12.10 03:01 B C:\doit\media\tcp\tcp1.rm --> arctic.cps.msu.edu /user/cd/cps291/src/doit/media/tcp tcp1.rm
97.12.10 03:01 B C:\doit\media\tcp\tcp1.txt --> arctic.cps.msu.edu /user/cd/cps291/src/doit/media/tcp tcp1.txt
97.12.10 03:02 B C:\doit\media\tcp\tcp2.ra --> arctic.cps.msu.edu /user/cd/cps291/src/doit/media/tcp tcp2.ra
97.12.10 03:02 B C:\doit\media\tcp\tcp2.rm --> arctic.cps.msu.edu /user/cd/cps291/src/doit/media/tcp tcp2.rm
97.12.10 03:02 B C:\doit\media\tcp\tcp2.txt --> arctic.cps.msu.edu /user/cd/cps291/src/doit/media/tcp tcp2.txt
97.12.10 03:02 B C:\doit\media\tcp\tcp3.ra --> arctic.cps.msu.edu /user/cd/cps291/src/doit/media/tcp tcp3.ra
97.12.10 03:02 B C:\doit\media\tcp\tcp3.rm --> arctic.cps.msu.edu /user/cd/cps291/src/doit/media/tcp tcp3.rm
97.12.10 03:02 B C:\doit\media\tcp\tcp3.txt --> arctic.cps.msu.edu /user/cd/cps291/src/doit/media/tcp tcp3.txt
97.12.10 03:02 B C:\doit\media\tcp\WS_FTP.LOG --> arctic.cps.msu.edu /user/cd/cps291/src/doit/media/tcp WS_FTP.LOG
98.02.02 10:17 B D:\syncomat\media\tcp\tcp1.ra --> arctic.cps.msu.edu /user/cd/cps291/syncomat/media/tcp tcp1.ra
98.02.02 10:18 B D:\syncomat\media\tcp\tcp1.rm --> arctic.cps.msu.edu /user/cd/cps291/syncomat/media/tcp tcp1.rm
98.02.02 10:18 B D:\syncomat\media\tcp\tcp1.txt --> arctic.cps.msu.edu /user/cd/cps291/syncomat/media/tcp tcp1.txt
98.02.02 10:18 B D:\syncomat\media\tcp\tcp2.ra --> arctic.cps.msu.edu /user/cd/cps291/syncomat/media/tcp tcp2.ra
98.02.02 10:19 B D:\syncomat\media\tcp\tcp2.rm --> arctic.cps.msu.edu /user/cd/cps291/syncomat/media/tcp tcp2.rm
98.02.02 10:19 B D:\syncomat\media\tcp\tcp2.txt --> arctic.cps.msu.edu /user/cd/cps291/syncomat/media/tcp tcp2.txt
