98.01.14 22:35 B C:\syncomat\htm_sld\welc\ielogo.gif --> www.vu.msu.edu /home/egr124/stage/welc ielogo.gif
98.01.14 22:35 B C:\syncomat\htm_sld\welc\img001.GIF --> www.vu.msu.edu /home/egr124/stage/welc img001.GIF
98.01.14 22:35 B C:\syncomat\htm_sld\welc\img002.GIF --> www.vu.msu.edu /home/egr124/stage/welc img002.GIF
98.01.14 22:35 B C:\syncomat\htm_sld\welc\img003.GIF --> www.vu.msu.edu /home/egr124/stage/welc img003.GIF
98.01.14 22:35 B C:\syncomat\htm_sld\welc\img004.GIF --> www.vu.msu.edu /home/egr124/stage/welc img004.GIF
98.01.14 22:35 B C:\syncomat\htm_sld\welc\img005.GIF --> www.vu.msu.edu /home/egr124/stage/welc img005.GIF
98.01.14 22:35 B C:\syncomat\htm_sld\welc\img006.GIF --> www.vu.msu.edu /home/egr124/stage/welc img006.GIF
98.01.14 22:35 B C:\syncomat\htm_sld\welc\img007.GIF --> www.vu.msu.edu /home/egr124/stage/welc img007.GIF
98.01.14 22:35 B C:\syncomat\htm_sld\welc\img008.GIF --> www.vu.msu.edu /home/egr124/stage/welc img008.GIF
98.01.14 22:35 B C:\syncomat\htm_sld\welc\img009.GIF --> www.vu.msu.edu /home/egr124/stage/welc img009.GIF
98.01.14 22:35 B C:\syncomat\htm_sld\welc\img010.GIF --> www.vu.msu.edu /home/egr124/stage/welc img010.GIF
98.01.14 22:35 B C:\syncomat\htm_sld\welc\img011.GIF --> www.vu.msu.edu /home/egr124/stage/welc img011.GIF
98.01.14 22:35 B C:\syncomat\htm_sld\welc\img012.GIF --> www.vu.msu.edu /home/egr124/stage/welc img012.GIF
98.01.14 22:35 B C:\syncomat\htm_sld\welc\img013.GIF --> www.vu.msu.edu /home/egr124/stage/welc img013.GIF
98.01.14 22:35 B C:\syncomat\htm_sld\welc\img014.GIF --> www.vu.msu.edu /home/egr124/stage/welc img014.GIF
98.01.14 22:35 B C:\syncomat\htm_sld\welc\img015.GIF --> www.vu.msu.edu /home/egr124/stage/welc img015.GIF
98.01.14 22:35 B C:\syncomat\htm_sld\welc\img016.GIF --> www.vu.msu.edu /home/egr124/stage/welc img016.GIF
98.01.14 22:35 B C:\syncomat\htm_sld\welc\img017.GIF --> www.vu.msu.edu /home/egr124/stage/welc img017.GIF
98.01.14 22:35 B C:\syncomat\htm_sld\welc\img018.GIF --> www.vu.msu.edu /home/egr124/stage/welc img018.GIF
98.01.14 22:35 B C:\syncomat\htm_sld\welc\img019.GIF --> www.vu.msu.edu /home/egr124/stage/welc img019.GIF
98.01.14 22:35 B C:\syncomat\htm_sld\welc\img020.GIF --> www.vu.msu.edu /home/egr124/stage/welc img020.GIF
98.01.14 22:35 B C:\syncomat\htm_sld\welc\img021.GIF --> www.vu.msu.edu /home/egr124/stage/welc img021.GIF
98.01.14 22:35 B C:\syncomat\htm_sld\welc\img022.GIF --> www.vu.msu.edu /home/egr124/stage/welc img022.GIF
98.01.14 22:35 B C:\syncomat\htm_sld\welc\img023.GIF --> www.vu.msu.edu /home/egr124/stage/welc img023.GIF
98.01.14 22:35 B C:\syncomat\htm_sld\welc\img024.GIF --> www.vu.msu.edu /home/egr124/stage/welc img024.GIF
98.01.14 22:35 B C:\syncomat\htm_sld\welc\img025.GIF --> www.vu.msu.edu /home/egr124/stage/welc img025.GIF
98.01.14 22:35 B C:\syncomat\htm_sld\welc\img026.GIF --> www.vu.msu.edu /home/egr124/stage/welc img026.GIF
98.01.14 22:35 B C:\syncomat\htm_sld\welc\img027.GIF --> www.vu.msu.edu /home/egr124/stage/welc img027.GIF
98.01.14 22:35 B C:\syncomat\htm_sld\welc\img028.GIF --> www.vu.msu.edu /home/egr124/stage/welc img028.GIF
98.01.14 22:35 B C:\syncomat\htm_sld\welc\img029.GIF --> www.vu.msu.edu /home/egr124/stage/welc img029.GIF
98.01.14 22:35 B C:\syncomat\htm_sld\welc\img030.GIF --> www.vu.msu.edu /home/egr124/stage/welc img030.GIF
98.01.14 22:35 B C:\syncomat\htm_sld\welc\img031.GIF --> www.vu.msu.edu /home/egr124/stage/welc img031.GIF
98.01.14 22:35 B C:\syncomat\htm_sld\welc\img032.GIF --> www.vu.msu.edu /home/egr124/stage/welc img032.GIF
98.01.14 22:35 B C:\syncomat\htm_sld\welc\img033.GIF --> www.vu.msu.edu /home/egr124/stage/welc img033.GIF
98.01.14 22:35 B C:\syncomat\htm_sld\welc\img034.GIF --> www.vu.msu.edu /home/egr124/stage/welc img034.GIF
98.01.14 22:35 B C:\syncomat\htm_sld\welc\img035.GIF --> www.vu.msu.edu /home/egr124/stage/welc img035.GIF
98.01.14 22:35 B C:\syncomat\htm_sld\welc\img036.GIF --> www.vu.msu.edu /home/egr124/stage/welc img036.GIF
98.01.14 22:35 B C:\syncomat\htm_sld\welc\img037.GIF --> www.vu.msu.edu /home/egr124/stage/welc img037.GIF
98.01.14 22:35 B C:\syncomat\htm_sld\welc\img038.GIF --> www.vu.msu.edu /home/egr124/stage/welc img038.GIF
98.01.14 22:35 B C:\syncomat\htm_sld\welc\img039.GIF --> www.vu.msu.edu /home/egr124/stage/welc img039.GIF
98.01.14 22:35 B C:\syncomat\htm_sld\welc\img040.GIF --> www.vu.msu.edu /home/egr124/stage/welc img040.GIF
98.01.14 22:35 B C:\syncomat\htm_sld\welc\img041.GIF --> www.vu.msu.edu /home/egr124/stage/welc img041.GIF
98.01.14 22:35 B C:\syncomat\htm_sld\welc\img042.GIF --> www.vu.msu.edu /home/egr124/stage/welc img042.GIF
98.01.14 22:35 B C:\syncomat\htm_sld\welc\img043.GIF --> www.vu.msu.edu /home/egr124/stage/welc img043.GIF
98.01.14 22:35 B C:\syncomat\htm_sld\welc\img044.GIF --> www.vu.msu.edu /home/egr124/stage/welc img044.GIF
98.01.14 22:35 B C:\syncomat\htm_sld\welc\img045.GIF --> www.vu.msu.edu /home/egr124/stage/welc img045.GIF
98.01.14 22:35 B C:\syncomat\htm_sld\welc\img046.GIF --> www.vu.msu.edu /home/egr124/stage/welc img046.GIF
98.01.14 22:35 B C:\syncomat\htm_sld\welc\img047.GIF --> www.vu.msu.edu /home/egr124/stage/welc img047.GIF
98.01.14 22:35 B C:\syncomat\htm_sld\welc\img048.GIF --> www.vu.msu.edu /home/egr124/stage/welc img048.GIF
98.01.14 22:35 B C:\syncomat\htm_sld\welc\img049.GIF --> www.vu.msu.edu /home/egr124/stage/welc img049.GIF
98.01.14 22:35 B C:\syncomat\htm_sld\welc\img050.GIF --> www.vu.msu.edu /home/egr124/stage/welc img050.GIF
98.01.14 22:35 B C:\syncomat\htm_sld\welc\img051.GIF --> www.vu.msu.edu /home/egr124/stage/welc img051.GIF
98.01.14 22:35 B C:\syncomat\htm_sld\welc\img052.GIF --> www.vu.msu.edu /home/egr124/stage/welc img052.GIF
98.01.14 22:35 B C:\syncomat\htm_sld\welc\img053.GIF --> www.vu.msu.edu /home/egr124/stage/welc img053.GIF
98.01.14 22:35 B C:\syncomat\htm_sld\welc\img054.GIF --> www.vu.msu.edu /home/egr124/stage/welc img054.GIF
98.01.14 22:35 B C:\syncomat\htm_sld\welc\img055.GIF --> www.vu.msu.edu /home/egr124/stage/welc img055.GIF
98.01.14 22:35 B C:\syncomat\htm_sld\welc\img056.GIF --> www.vu.msu.edu /home/egr124/stage/welc img056.GIF
98.01.14 22:35 B C:\syncomat\htm_sld\welc\img057.GIF --> www.vu.msu.edu /home/egr124/stage/welc img057.GIF
98.01.14 22:35 B C:\syncomat\htm_sld\welc\img058.GIF --> www.vu.msu.edu /home/egr124/stage/welc img058.GIF
98.01.14 22:35 B C:\syncomat\htm_sld\welc\img059.GIF --> www.vu.msu.edu /home/egr124/stage/welc img059.GIF
98.01.14 22:35 B C:\syncomat\htm_sld\welc\img060.GIF --> www.vu.msu.edu /home/egr124/stage/welc img060.GIF
98.01.14 22:35 B C:\syncomat\htm_sld\welc\img061.GIF --> www.vu.msu.edu /home/egr124/stage/welc img061.GIF
98.01.14 22:35 B C:\syncomat\htm_sld\welc\img062.GIF --> www.vu.msu.edu /home/egr124/stage/welc img062.GIF
98.01.14 22:35 B C:\syncomat\htm_sld\welc\img063.GIF --> www.vu.msu.edu /home/egr124/stage/welc img063.GIF
98.01.14 22:35 B C:\syncomat\htm_sld\welc\img064.GIF --> www.vu.msu.edu /home/egr124/stage/welc img064.GIF
98.01.14 22:35 B C:\syncomat\htm_sld\welc\img065.GIF --> www.vu.msu.edu /home/egr124/stage/welc img065.GIF
98.01.14 22:35 B C:\syncomat\htm_sld\welc\img066.GIF --> www.vu.msu.edu /home/egr124/stage/welc img066.GIF
98.01.14 22:35 B C:\syncomat\htm_sld\welc\img067.GIF --> www.vu.msu.edu /home/egr124/stage/welc img067.GIF
98.01.14 22:35 B C:\syncomat\htm_sld\welc\img068.GIF --> www.vu.msu.edu /home/egr124/stage/welc img068.GIF
98.01.14 22:35 B C:\syncomat\htm_sld\welc\img069.GIF --> www.vu.msu.edu /home/egr124/stage/welc img069.GIF
98.01.14 22:35 B C:\syncomat\htm_sld\welc\img070.GIF --> www.vu.msu.edu /home/egr124/stage/welc img070.GIF
98.01.14 22:35 B C:\syncomat\htm_sld\welc\img071.GIF --> www.vu.msu.edu /home/egr124/stage/welc img071.GIF
98.01.14 22:35 B C:\syncomat\htm_sld\welc\img072.GIF --> www.vu.msu.edu /home/egr124/stage/welc img072.GIF
98.01.14 22:35 B C:\syncomat\htm_sld\welc\img073.GIF --> www.vu.msu.edu /home/egr124/stage/welc img073.GIF
98.01.14 22:35 B C:\syncomat\htm_sld\welc\img074.GIF --> www.vu.msu.edu /home/egr124/stage/welc img074.GIF
98.01.14 22:35 B C:\syncomat\htm_sld\welc\img075.GIF --> www.vu.msu.edu /home/egr124/stage/welc img075.GIF
98.01.14 22:35 B C:\syncomat\htm_sld\welc\img076.GIF --> www.vu.msu.edu /home/egr124/stage/welc img076.GIF
98.01.14 22:35 B C:\syncomat\htm_sld\welc\img077.GIF --> www.vu.msu.edu /home/egr124/stage/welc img077.GIF
98.01.14 22:35 B C:\syncomat\htm_sld\welc\img078.GIF --> www.vu.msu.edu /home/egr124/stage/welc img078.GIF
98.01.14 22:35 B C:\syncomat\htm_sld\welc\index.htm --> www.vu.msu.edu /home/egr124/stage/welc index.htm
98.01.14 22:35 B C:\syncomat\htm_sld\welc\pptani.gif --> www.vu.msu.edu /home/egr124/stage/welc pptani.gif
98.01.14 22:35 B C:\syncomat\htm_sld\welc\sld001.htm --> www.vu.msu.edu /home/egr124/stage/welc sld001.htm
98.01.14 22:35 B C:\syncomat\htm_sld\welc\sld002.htm --> www.vu.msu.edu /home/egr124/stage/welc sld002.htm
98.01.14 22:35 B C:\syncomat\htm_sld\welc\sld003.htm --> www.vu.msu.edu /home/egr124/stage/welc sld003.htm
98.01.14 22:35 B C:\syncomat\htm_sld\welc\sld004.htm --> www.vu.msu.edu /home/egr124/stage/welc sld004.htm
98.01.14 22:35 B C:\syncomat\htm_sld\welc\sld005.htm --> www.vu.msu.edu /home/egr124/stage/welc sld005.htm
98.01.14 22:35 B C:\syncomat\htm_sld\welc\sld006.htm --> www.vu.msu.edu /home/egr124/stage/welc sld006.htm
98.01.14 22:35 B C:\syncomat\htm_sld\welc\sld007.htm --> www.vu.msu.edu /home/egr124/stage/welc sld007.htm
98.01.14 22:35 B C:\syncomat\htm_sld\welc\sld008.htm --> www.vu.msu.edu /home/egr124/stage/welc sld008.htm
98.01.14 22:35 B C:\syncomat\htm_sld\welc\sld009.htm --> www.vu.msu.edu /home/egr124/stage/welc sld009.htm
98.01.14 22:35 B C:\syncomat\htm_sld\welc\sld010.htm --> www.vu.msu.edu /home/egr124/stage/welc sld010.htm
98.01.14 22:35 B C:\syncomat\htm_sld\welc\sld011.htm --> www.vu.msu.edu /home/egr124/stage/welc sld011.htm
98.01.14 22:35 B C:\syncomat\htm_sld\welc\sld012.htm --> www.vu.msu.edu /home/egr124/stage/welc sld012.htm
98.01.14 22:35 B C:\syncomat\htm_sld\welc\sld013.htm --> www.vu.msu.edu /home/egr124/stage/welc sld013.htm
98.01.14 22:35 B C:\syncomat\htm_sld\welc\sld014.htm --> www.vu.msu.edu /home/egr124/stage/welc sld014.htm
98.01.14 22:35 B C:\syncomat\htm_sld\welc\sld015.htm --> www.vu.msu.edu /home/egr124/stage/welc sld015.htm
98.01.14 22:35 B C:\syncomat\htm_sld\welc\sld016.htm --> www.vu.msu.edu /home/egr124/stage/welc sld016.htm
98.01.14 22:35 B C:\syncomat\htm_sld\welc\sld017.htm --> www.vu.msu.edu /home/egr124/stage/welc sld017.htm
98.01.14 22:35 B C:\syncomat\htm_sld\welc\sld018.htm --> www.vu.msu.edu /home/egr124/stage/welc sld018.htm
98.01.14 22:35 B C:\syncomat\htm_sld\welc\sld019.htm --> www.vu.msu.edu /home/egr124/stage/welc sld019.htm
98.01.14 22:35 B C:\syncomat\htm_sld\welc\sld020.htm --> www.vu.msu.edu /home/egr124/stage/welc sld020.htm
98.01.14 22:35 B C:\syncomat\htm_sld\welc\sld021.htm --> www.vu.msu.edu /home/egr124/stage/welc sld021.htm
98.01.14 22:35 B C:\syncomat\htm_sld\welc\sld022.htm --> www.vu.msu.edu /home/egr124/stage/welc sld022.htm
98.01.14 22:35 B C:\syncomat\htm_sld\welc\sld023.htm --> www.vu.msu.edu /home/egr124/stage/welc sld023.htm
98.01.14 22:35 B C:\syncomat\htm_sld\welc\sld024.htm --> www.vu.msu.edu /home/egr124/stage/welc sld024.htm
98.01.14 22:35 B C:\syncomat\htm_sld\welc\sld025.htm --> www.vu.msu.edu /home/egr124/stage/welc sld025.htm
98.01.14 22:35 B C:\syncomat\htm_sld\welc\sld026.htm --> www.vu.msu.edu /home/egr124/stage/welc sld026.htm
98.01.14 22:35 B C:\syncomat\htm_sld\welc\sld027.htm --> www.vu.msu.edu /home/egr124/stage/welc sld027.htm
98.01.14 22:35 B C:\syncomat\htm_sld\welc\sld028.htm --> www.vu.msu.edu /home/egr124/stage/welc sld028.htm
98.01.14 22:35 B C:\syncomat\htm_sld\welc\sld029.htm --> www.vu.msu.edu /home/egr124/stage/welc sld029.htm
98.01.14 22:35 B C:\syncomat\htm_sld\welc\sld030.htm --> www.vu.msu.edu /home/egr124/stage/welc sld030.htm
98.01.14 22:35 B C:\syncomat\htm_sld\welc\sld031.htm --> www.vu.msu.edu /home/egr124/stage/welc sld031.htm
98.01.14 22:35 B C:\syncomat\htm_sld\welc\sld032.htm --> www.vu.msu.edu /home/egr124/stage/welc sld032.htm
98.01.14 22:35 B C:\syncomat\htm_sld\welc\sld033.htm --> www.vu.msu.edu /home/egr124/stage/welc sld033.htm
98.01.14 22:35 B C:\syncomat\htm_sld\welc\sld034.htm --> www.vu.msu.edu /home/egr124/stage/welc sld034.htm
98.01.14 22:35 B C:\syncomat\htm_sld\welc\sld035.htm --> www.vu.msu.edu /home/egr124/stage/welc sld035.htm
98.01.14 22:35 B C:\syncomat\htm_sld\welc\sld036.htm --> www.vu.msu.edu /home/egr124/stage/welc sld036.htm
98.01.14 22:35 B C:\syncomat\htm_sld\welc\sld037.htm --> www.vu.msu.edu /home/egr124/stage/welc sld037.htm
98.01.14 22:35 B C:\syncomat\htm_sld\welc\sld038.htm --> www.vu.msu.edu /home/egr124/stage/welc sld038.htm
98.01.14 22:35 B C:\syncomat\htm_sld\welc\sld039.htm --> www.vu.msu.edu /home/egr124/stage/welc sld039.htm
98.01.14 22:35 B C:\syncomat\htm_sld\welc\sld040.htm --> www.vu.msu.edu /home/egr124/stage/welc sld040.htm
98.01.14 22:35 B C:\syncomat\htm_sld\welc\sld041.htm --> www.vu.msu.edu /home/egr124/stage/welc sld041.htm
98.01.14 22:35 B C:\syncomat\htm_sld\welc\sld042.htm --> www.vu.msu.edu /home/egr124/stage/welc sld042.htm
98.01.14 22:35 B C:\syncomat\htm_sld\welc\sld043.htm --> www.vu.msu.edu /home/egr124/stage/welc sld043.htm
98.01.14 22:35 B C:\syncomat\htm_sld\welc\sld044.htm --> www.vu.msu.edu /home/egr124/stage/welc sld044.htm
98.01.14 22:35 B C:\syncomat\htm_sld\welc\sld045.htm --> www.vu.msu.edu /home/egr124/stage/welc sld045.htm
98.01.14 22:35 B C:\syncomat\htm_sld\welc\sld046.htm --> www.vu.msu.edu /home/egr124/stage/welc sld046.htm
98.01.14 22:35 B C:\syncomat\htm_sld\welc\sld047.htm --> www.vu.msu.edu /home/egr124/stage/welc sld047.htm
98.01.14 22:35 B C:\syncomat\htm_sld\welc\sld048.htm --> www.vu.msu.edu /home/egr124/stage/welc sld048.htm
98.01.14 22:35 B C:\syncomat\htm_sld\welc\sld049.htm --> www.vu.msu.edu /home/egr124/stage/welc sld049.htm
98.01.14 22:35 B C:\syncomat\htm_sld\welc\sld050.htm --> www.vu.msu.edu /home/egr124/stage/welc sld050.htm
98.01.14 22:35 B C:\syncomat\htm_sld\welc\sld051.htm --> www.vu.msu.edu /home/egr124/stage/welc sld051.htm
98.01.14 22:35 B C:\syncomat\htm_sld\welc\sld052.htm --> www.vu.msu.edu /home/egr124/stage/welc sld052.htm
98.01.14 22:35 B C:\syncomat\htm_sld\welc\sld053.htm --> www.vu.msu.edu /home/egr124/stage/welc sld053.htm
98.01.14 22:35 B C:\syncomat\htm_sld\welc\sld054.htm --> www.vu.msu.edu /home/egr124/stage/welc sld054.htm
98.01.14 22:35 B C:\syncomat\htm_sld\welc\sld055.htm --> www.vu.msu.edu /home/egr124/stage/welc sld055.htm
98.01.14 22:35 B C:\syncomat\htm_sld\welc\sld056.htm --> www.vu.msu.edu /home/egr124/stage/welc sld056.htm
98.01.14 22:35 B C:\syncomat\htm_sld\welc\sld057.htm --> www.vu.msu.edu /home/egr124/stage/welc sld057.htm
98.01.14 22:35 B C:\syncomat\htm_sld\welc\sld058.htm --> www.vu.msu.edu /home/egr124/stage/welc sld058.htm
98.01.14 22:35 B C:\syncomat\htm_sld\welc\sld059.htm --> www.vu.msu.edu /home/egr124/stage/welc sld059.htm
98.01.14 22:35 B C:\syncomat\htm_sld\welc\sld060.htm --> www.vu.msu.edu /home/egr124/stage/welc sld060.htm
98.01.14 22:35 B C:\syncomat\htm_sld\welc\sld061.htm --> www.vu.msu.edu /home/egr124/stage/welc sld061.htm
98.01.14 22:35 B C:\syncomat\htm_sld\welc\sld062.htm --> www.vu.msu.edu /home/egr124/stage/welc sld062.htm
98.01.14 22:35 B C:\syncomat\htm_sld\welc\sld063.htm --> www.vu.msu.edu /home/egr124/stage/welc sld063.htm
98.01.14 22:35 B C:\syncomat\htm_sld\welc\sld064.htm --> www.vu.msu.edu /home/egr124/stage/welc sld064.htm
98.01.14 22:35 B C:\syncomat\htm_sld\welc\sld065.htm --> www.vu.msu.edu /home/egr124/stage/welc sld065.htm
98.01.14 22:35 B C:\syncomat\htm_sld\welc\sld066.htm --> www.vu.msu.edu /home/egr124/stage/welc sld066.htm
98.01.14 22:35 B C:\syncomat\htm_sld\welc\sld067.htm --> www.vu.msu.edu /home/egr124/stage/welc sld067.htm
98.01.14 22:35 B C:\syncomat\htm_sld\welc\sld068.htm --> www.vu.msu.edu /home/egr124/stage/welc sld068.htm
98.01.14 22:35 B C:\syncomat\htm_sld\welc\sld069.htm --> www.vu.msu.edu /home/egr124/stage/welc sld069.htm
98.01.14 22:35 B C:\syncomat\htm_sld\welc\sld070.htm --> www.vu.msu.edu /home/egr124/stage/welc sld070.htm
98.01.14 22:35 B C:\syncomat\htm_sld\welc\sld071.htm --> www.vu.msu.edu /home/egr124/stage/welc sld071.htm
98.01.14 22:35 B C:\syncomat\htm_sld\welc\sld072.htm --> www.vu.msu.edu /home/egr124/stage/welc sld072.htm
98.01.14 22:35 B C:\syncomat\htm_sld\welc\sld073.htm --> www.vu.msu.edu /home/egr124/stage/welc sld073.htm
98.01.14 22:35 B C:\syncomat\htm_sld\welc\sld074.htm --> www.vu.msu.edu /home/egr124/stage/welc sld074.htm
98.01.14 22:35 B C:\syncomat\htm_sld\welc\sld075.htm --> www.vu.msu.edu /home/egr124/stage/welc sld075.htm
98.01.14 22:35 B C:\syncomat\htm_sld\welc\sld076.htm --> www.vu.msu.edu /home/egr124/stage/welc sld076.htm
98.01.14 22:35 B C:\syncomat\htm_sld\welc\sld077.htm --> www.vu.msu.edu /home/egr124/stage/welc sld077.htm
98.01.14 22:35 B C:\syncomat\htm_sld\welc\sld078.htm --> www.vu.msu.edu /home/egr124/stage/welc sld078.htm
98.01.14 22:35 B C:\syncomat\htm_sld\welc\space.gif --> www.vu.msu.edu /home/egr124/stage/welc space.gif
98.01.14 22:35 B C:\syncomat\htm_sld\welc\tsld001.htm --> www.vu.msu.edu /home/egr124/stage/welc tsld001.htm
98.01.14 22:35 B C:\syncomat\htm_sld\welc\tsld002.htm --> www.vu.msu.edu /home/egr124/stage/welc tsld002.htm
98.01.14 22:35 B C:\syncomat\htm_sld\welc\tsld003.htm --> www.vu.msu.edu /home/egr124/stage/welc tsld003.htm
98.01.14 22:35 B C:\syncomat\htm_sld\welc\tsld004.htm --> www.vu.msu.edu /home/egr124/stage/welc tsld004.htm
98.01.14 22:35 B C:\syncomat\htm_sld\welc\tsld005.htm --> www.vu.msu.edu /home/egr124/stage/welc tsld005.htm
98.01.14 22:35 B C:\syncomat\htm_sld\welc\tsld006.htm --> www.vu.msu.edu /home/egr124/stage/welc tsld006.htm
98.01.14 22:35 B C:\syncomat\htm_sld\welc\tsld007.htm --> www.vu.msu.edu /home/egr124/stage/welc tsld007.htm
98.01.14 22:35 B C:\syncomat\htm_sld\welc\tsld008.htm --> www.vu.msu.edu /home/egr124/stage/welc tsld008.htm
98.01.14 22:35 B C:\syncomat\htm_sld\welc\tsld009.htm --> www.vu.msu.edu /home/egr124/stage/welc tsld009.htm
98.01.14 22:35 B C:\syncomat\htm_sld\welc\tsld010.htm --> www.vu.msu.edu /home/egr124/stage/welc tsld010.htm
98.01.14 22:35 B C:\syncomat\htm_sld\welc\tsld011.htm --> www.vu.msu.edu /home/egr124/stage/welc tsld011.htm
98.01.14 22:35 B C:\syncomat\htm_sld\welc\tsld012.htm --> www.vu.msu.edu /home/egr124/stage/welc tsld012.htm
98.01.14 22:35 B C:\syncomat\htm_sld\welc\tsld013.htm --> www.vu.msu.edu /home/egr124/stage/welc tsld013.htm
98.01.14 22:35 B C:\syncomat\htm_sld\welc\tsld014.htm --> www.vu.msu.edu /home/egr124/stage/welc tsld014.htm
98.01.14 22:35 B C:\syncomat\htm_sld\welc\tsld015.htm --> www.vu.msu.edu /home/egr124/stage/welc tsld015.htm
98.01.14 22:35 B C:\syncomat\htm_sld\welc\tsld016.htm --> www.vu.msu.edu /home/egr124/stage/welc tsld016.htm
98.01.14 22:35 B C:\syncomat\htm_sld\welc\tsld017.htm --> www.vu.msu.edu /home/egr124/stage/welc tsld017.htm
98.01.14 22:35 B C:\syncomat\htm_sld\welc\tsld018.htm --> www.vu.msu.edu /home/egr124/stage/welc tsld018.htm
98.01.14 22:35 B C:\syncomat\htm_sld\welc\tsld019.htm --> www.vu.msu.edu /home/egr124/stage/welc tsld019.htm
98.01.14 22:35 B C:\syncomat\htm_sld\welc\tsld020.htm --> www.vu.msu.edu /home/egr124/stage/welc tsld020.htm
98.01.14 22:35 B C:\syncomat\htm_sld\welc\tsld021.htm --> www.vu.msu.edu /home/egr124/stage/welc tsld021.htm
98.01.14 22:35 B C:\syncomat\htm_sld\welc\tsld022.htm --> www.vu.msu.edu /home/egr124/stage/welc tsld022.htm
98.01.14 22:35 B C:\syncomat\htm_sld\welc\tsld023.htm --> www.vu.msu.edu /home/egr124/stage/welc tsld023.htm
98.01.14 22:35 B C:\syncomat\htm_sld\welc\tsld024.htm --> www.vu.msu.edu /home/egr124/stage/welc tsld024.htm
98.01.14 22:35 B C:\syncomat\htm_sld\welc\tsld025.htm --> www.vu.msu.edu /home/egr124/stage/welc tsld025.htm
98.01.14 22:35 B C:\syncomat\htm_sld\welc\tsld026.htm --> www.vu.msu.edu /home/egr124/stage/welc tsld026.htm
98.01.14 22:35 B C:\syncomat\htm_sld\welc\tsld027.htm --> www.vu.msu.edu /home/egr124/stage/welc tsld027.htm
98.01.14 22:35 B C:\syncomat\htm_sld\welc\tsld028.htm --> www.vu.msu.edu /home/egr124/stage/welc tsld028.htm
98.01.14 22:35 B C:\syncomat\htm_sld\welc\tsld029.htm --> www.vu.msu.edu /home/egr124/stage/welc tsld029.htm
98.01.14 22:35 B C:\syncomat\htm_sld\welc\tsld030.htm --> www.vu.msu.edu /home/egr124/stage/welc tsld030.htm
98.01.14 22:35 B C:\syncomat\htm_sld\welc\tsld031.htm --> www.vu.msu.edu /home/egr124/stage/welc tsld031.htm
98.01.14 22:35 B C:\syncomat\htm_sld\welc\tsld032.htm --> www.vu.msu.edu /home/egr124/stage/welc tsld032.htm
98.01.14 22:35 B C:\syncomat\htm_sld\welc\tsld033.htm --> www.vu.msu.edu /home/egr124/stage/welc tsld033.htm
98.01.14 22:35 B C:\syncomat\htm_sld\welc\tsld034.htm --> www.vu.msu.edu /home/egr124/stage/welc tsld034.htm
98.01.14 22:35 B C:\syncomat\htm_sld\welc\tsld035.htm --> www.vu.msu.edu /home/egr124/stage/welc tsld035.htm
98.01.14 22:35 B C:\syncomat\htm_sld\welc\tsld036.htm --> www.vu.msu.edu /home/egr124/stage/welc tsld036.htm
98.01.14 22:35 B C:\syncomat\htm_sld\welc\tsld037.htm --> www.vu.msu.edu /home/egr124/stage/welc tsld037.htm
98.01.14 22:35 B C:\syncomat\htm_sld\welc\tsld038.htm --> www.vu.msu.edu /home/egr124/stage/welc tsld038.htm
98.01.14 22:35 B C:\syncomat\htm_sld\welc\tsld039.htm --> www.vu.msu.edu /home/egr124/stage/welc tsld039.htm
98.01.14 22:35 B C:\syncomat\htm_sld\welc\tsld040.htm --> www.vu.msu.edu /home/egr124/stage/welc tsld040.htm
98.01.14 22:35 B C:\syncomat\htm_sld\welc\tsld041.htm --> www.vu.msu.edu /home/egr124/stage/welc tsld041.htm
98.01.14 22:35 B C:\syncomat\htm_sld\welc\tsld042.htm --> www.vu.msu.edu /home/egr124/stage/welc tsld042.htm
98.01.14 22:35 B C:\syncomat\htm_sld\welc\tsld043.htm --> www.vu.msu.edu /home/egr124/stage/welc tsld043.htm
98.01.14 22:35 B C:\syncomat\htm_sld\welc\tsld044.htm --> www.vu.msu.edu /home/egr124/stage/welc tsld044.htm
98.01.14 22:35 B C:\syncomat\htm_sld\welc\tsld045.htm --> www.vu.msu.edu /home/egr124/stage/welc tsld045.htm
98.01.14 22:35 B C:\syncomat\htm_sld\welc\tsld046.htm --> www.vu.msu.edu /home/egr124/stage/welc tsld046.htm
98.01.14 22:35 B C:\syncomat\htm_sld\welc\tsld047.htm --> www.vu.msu.edu /home/egr124/stage/welc tsld047.htm
98.01.14 22:35 B C:\syncomat\htm_sld\welc\tsld048.htm --> www.vu.msu.edu /home/egr124/stage/welc tsld048.htm
98.01.14 22:35 B C:\syncomat\htm_sld\welc\tsld049.htm --> www.vu.msu.edu /home/egr124/stage/welc tsld049.htm
98.01.14 22:35 B C:\syncomat\htm_sld\welc\tsld050.htm --> www.vu.msu.edu /home/egr124/stage/welc tsld050.htm
98.01.14 22:35 B C:\syncomat\htm_sld\welc\tsld051.htm --> www.vu.msu.edu /home/egr124/stage/welc tsld051.htm
98.01.14 22:35 B C:\syncomat\htm_sld\welc\tsld052.htm --> www.vu.msu.edu /home/egr124/stage/welc tsld052.htm
98.01.14 22:35 B C:\syncomat\htm_sld\welc\tsld053.htm --> www.vu.msu.edu /home/egr124/stage/welc tsld053.htm
98.01.14 22:36 B C:\syncomat\htm_sld\welc\tsld054.htm --> www.vu.msu.edu /home/egr124/stage/welc tsld054.htm
98.01.14 22:36 B C:\syncomat\htm_sld\welc\tsld055.htm --> www.vu.msu.edu /home/egr124/stage/welc tsld055.htm
98.01.14 22:36 B C:\syncomat\htm_sld\welc\tsld056.htm --> www.vu.msu.edu /home/egr124/stage/welc tsld056.htm
98.01.14 22:36 B C:\syncomat\htm_sld\welc\tsld057.htm --> www.vu.msu.edu /home/egr124/stage/welc tsld057.htm
98.01.14 22:36 B C:\syncomat\htm_sld\welc\tsld058.htm --> www.vu.msu.edu /home/egr124/stage/welc tsld058.htm
98.01.14 22:36 B C:\syncomat\htm_sld\welc\tsld059.htm --> www.vu.msu.edu /home/egr124/stage/welc tsld059.htm
98.01.14 22:36 B C:\syncomat\htm_sld\welc\tsld060.htm --> www.vu.msu.edu /home/egr124/stage/welc tsld060.htm
98.01.14 22:36 B C:\syncomat\htm_sld\welc\tsld061.htm --> www.vu.msu.edu /home/egr124/stage/welc tsld061.htm
98.01.14 22:36 B C:\syncomat\htm_sld\welc\tsld062.htm --> www.vu.msu.edu /home/egr124/stage/welc tsld062.htm
98.01.14 22:36 B C:\syncomat\htm_sld\welc\tsld063.htm --> www.vu.msu.edu /home/egr124/stage/welc tsld063.htm
98.01.14 22:36 B C:\syncomat\htm_sld\welc\tsld064.htm --> www.vu.msu.edu /home/egr124/stage/welc tsld064.htm
98.01.14 22:36 B C:\syncomat\htm_sld\welc\tsld065.htm --> www.vu.msu.edu /home/egr124/stage/welc tsld065.htm
98.01.14 22:36 B C:\syncomat\htm_sld\welc\tsld066.htm --> www.vu.msu.edu /home/egr124/stage/welc tsld066.htm
98.01.14 22:36 B C:\syncomat\htm_sld\welc\tsld067.htm --> www.vu.msu.edu /home/egr124/stage/welc tsld067.htm
98.01.14 22:36 B C:\syncomat\htm_sld\welc\tsld068.htm --> www.vu.msu.edu /home/egr124/stage/welc tsld068.htm
98.01.14 22:36 B C:\syncomat\htm_sld\welc\tsld069.htm --> www.vu.msu.edu /home/egr124/stage/welc tsld069.htm
98.01.14 22:36 B C:\syncomat\htm_sld\welc\tsld070.htm --> www.vu.msu.edu /home/egr124/stage/welc tsld070.htm
98.01.14 22:36 B C:\syncomat\htm_sld\welc\tsld071.htm --> www.vu.msu.edu /home/egr124/stage/welc tsld071.htm
98.01.14 22:36 B C:\syncomat\htm_sld\welc\tsld072.htm --> www.vu.msu.edu /home/egr124/stage/welc tsld072.htm
98.01.14 22:36 B C:\syncomat\htm_sld\welc\tsld073.htm --> www.vu.msu.edu /home/egr124/stage/welc tsld073.htm
98.01.14 22:36 B C:\syncomat\htm_sld\welc\tsld074.htm --> www.vu.msu.edu /home/egr124/stage/welc tsld074.htm
98.01.14 22:36 B C:\syncomat\htm_sld\welc\tsld075.htm --> www.vu.msu.edu /home/egr124/stage/welc tsld075.htm
98.01.14 22:36 B C:\syncomat\htm_sld\welc\tsld076.htm --> www.vu.msu.edu /home/egr124/stage/welc tsld076.htm
98.01.14 22:36 B C:\syncomat\htm_sld\welc\tsld077.htm --> www.vu.msu.edu /home/egr124/stage/welc tsld077.htm
98.01.14 22:36 B C:\syncomat\htm_sld\welc\tsld078.htm --> www.vu.msu.edu /home/egr124/stage/welc tsld078.htm
98.03.12 23:04 B D:\syncomat\htm_sld\welc\ielogo.gif --> cps.msu.edu /user/cd/cps291/syncomat/htm_sld/welc ielogo.gif
98.03.12 23:04 B D:\syncomat\htm_sld\welc\img001.GIF --> cps.msu.edu /user/cd/cps291/syncomat/htm_sld/welc img001.GIF
98.03.12 23:04 B D:\syncomat\htm_sld\welc\img002.GIF --> cps.msu.edu /user/cd/cps291/syncomat/htm_sld/welc img002.GIF
98.03.12 23:04 B D:\syncomat\htm_sld\welc\img003.GIF --> cps.msu.edu /user/cd/cps291/syncomat/htm_sld/welc img003.GIF
98.03.12 23:04 B D:\syncomat\htm_sld\welc\img004.GIF --> cps.msu.edu /user/cd/cps291/syncomat/htm_sld/welc img004.GIF
98.03.12 23:04 B D:\syncomat\htm_sld\welc\img005.GIF --> cps.msu.edu /user/cd/cps291/syncomat/htm_sld/welc img005.GIF
98.03.12 23:04 B D:\syncomat\htm_sld\welc\img006.GIF --> cps.msu.edu /user/cd/cps291/syncomat/htm_sld/welc img006.GIF
98.03.12 23:04 B D:\syncomat\htm_sld\welc\img007.GIF --> cps.msu.edu /user/cd/cps291/syncomat/htm_sld/welc img007.GIF
98.03.12 23:04 B D:\syncomat\htm_sld\welc\img008.GIF --> cps.msu.edu /user/cd/cps291/syncomat/htm_sld/welc img008.GIF
98.03.12 23:04 B D:\syncomat\htm_sld\welc\img009.GIF --> cps.msu.edu /user/cd/cps291/syncomat/htm_sld/welc img009.GIF
98.03.12 23:04 B D:\syncomat\htm_sld\welc\img010.GIF --> cps.msu.edu /user/cd/cps291/syncomat/htm_sld/welc img010.GIF
98.03.12 23:04 B D:\syncomat\htm_sld\welc\img011.GIF --> cps.msu.edu /user/cd/cps291/syncomat/htm_sld/welc img011.GIF
98.03.12 23:04 B D:\syncomat\htm_sld\welc\img012.GIF --> cps.msu.edu /user/cd/cps291/syncomat/htm_sld/welc img012.GIF
98.03.12 23:04 B D:\syncomat\htm_sld\welc\img013.GIF --> cps.msu.edu /user/cd/cps291/syncomat/htm_sld/welc img013.GIF
98.03.12 23:04 B D:\syncomat\htm_sld\welc\img014.GIF --> cps.msu.edu /user/cd/cps291/syncomat/htm_sld/welc img014.GIF
98.03.12 23:04 B D:\syncomat\htm_sld\welc\img015.GIF --> cps.msu.edu /user/cd/cps291/syncomat/htm_sld/welc img015.GIF
98.03.12 23:04 B D:\syncomat\htm_sld\welc\img016.GIF --> cps.msu.edu /user/cd/cps291/syncomat/htm_sld/welc img016.GIF
98.03.12 23:04 B D:\syncomat\htm_sld\welc\img017.GIF --> cps.msu.edu /user/cd/cps291/syncomat/htm_sld/welc img017.GIF
98.03.12 23:04 B D:\syncomat\htm_sld\welc\img018.GIF --> cps.msu.edu /user/cd/cps291/syncomat/htm_sld/welc img018.GIF
98.03.12 23:04 B D:\syncomat\htm_sld\welc\img019.GIF --> cps.msu.edu /user/cd/cps291/syncomat/htm_sld/welc img019.GIF
98.03.12 23:04 B D:\syncomat\htm_sld\welc\img020.GIF --> cps.msu.edu /user/cd/cps291/syncomat/htm_sld/welc img020.GIF
98.03.12 23:04 B D:\syncomat\htm_sld\welc\img021.GIF --> cps.msu.edu /user/cd/cps291/syncomat/htm_sld/welc img021.GIF
98.03.12 23:04 B D:\syncomat\htm_sld\welc\img022.GIF --> cps.msu.edu /user/cd/cps291/syncomat/htm_sld/welc img022.GIF
98.03.12 23:04 B D:\syncomat\htm_sld\welc\img023.GIF --> cps.msu.edu /user/cd/cps291/syncomat/htm_sld/welc img023.GIF
98.03.12 23:04 B D:\syncomat\htm_sld\welc\img024.GIF --> cps.msu.edu /user/cd/cps291/syncomat/htm_sld/welc img024.GIF
98.03.12 23:04 B D:\syncomat\htm_sld\welc\img025.GIF --> cps.msu.edu /user/cd/cps291/syncomat/htm_sld/welc img025.GIF
98.03.12 23:04 B D:\syncomat\htm_sld\welc\img026.GIF --> cps.msu.edu /user/cd/cps291/syncomat/htm_sld/welc img026.GIF
98.03.12 23:04 B D:\syncomat\htm_sld\welc\img027.GIF --> cps.msu.edu /user/cd/cps291/syncomat/htm_sld/welc img027.GIF
98.03.12 23:04 B D:\syncomat\htm_sld\welc\img028.GIF --> cps.msu.edu /user/cd/cps291/syncomat/htm_sld/welc img028.GIF
98.03.12 23:04 B D:\syncomat\htm_sld\welc\img029.GIF --> cps.msu.edu /user/cd/cps291/syncomat/htm_sld/welc img029.GIF
98.03.12 23:04 B D:\syncomat\htm_sld\welc\img030.GIF --> cps.msu.edu /user/cd/cps291/syncomat/htm_sld/welc img030.GIF
98.03.12 23:04 B D:\syncomat\htm_sld\welc\img031.GIF --> cps.msu.edu /user/cd/cps291/syncomat/htm_sld/welc img031.GIF
98.03.12 23:04 B D:\syncomat\htm_sld\welc\img032.GIF --> cps.msu.edu /user/cd/cps291/syncomat/htm_sld/welc img032.GIF
98.03.12 23:04 B D:\syncomat\htm_sld\welc\img033.GIF --> cps.msu.edu /user/cd/cps291/syncomat/htm_sld/welc img033.GIF
98.03.12 23:04 B D:\syncomat\htm_sld\welc\img034.GIF --> cps.msu.edu /user/cd/cps291/syncomat/htm_sld/welc img034.GIF
98.03.12 23:04 B D:\syncomat\htm_sld\welc\img035.GIF --> cps.msu.edu /user/cd/cps291/syncomat/htm_sld/welc img035.GIF
98.03.12 23:04 B D:\syncomat\htm_sld\welc\img036.GIF --> cps.msu.edu /user/cd/cps291/syncomat/htm_sld/welc img036.GIF
98.03.12 23:04 B D:\syncomat\htm_sld\welc\img037.GIF --> cps.msu.edu /user/cd/cps291/syncomat/htm_sld/welc img037.GIF
98.03.12 23:04 B D:\syncomat\htm_sld\welc\img038.GIF --> cps.msu.edu /user/cd/cps291/syncomat/htm_sld/welc img038.GIF
98.03.12 23:04 B D:\syncomat\htm_sld\welc\img039.GIF --> cps.msu.edu /user/cd/cps291/syncomat/htm_sld/welc img039.GIF
98.03.12 23:04 B D:\syncomat\htm_sld\welc\img040.GIF --> cps.msu.edu /user/cd/cps291/syncomat/htm_sld/welc img040.GIF
98.03.12 23:04 B D:\syncomat\htm_sld\welc\img041.GIF --> cps.msu.edu /user/cd/cps291/syncomat/htm_sld/welc img041.GIF
98.03.12 23:04 B D:\syncomat\htm_sld\welc\img042.GIF --> cps.msu.edu /user/cd/cps291/syncomat/htm_sld/welc img042.GIF
98.03.12 23:04 B D:\syncomat\htm_sld\welc\img043.GIF --> cps.msu.edu /user/cd/cps291/syncomat/htm_sld/welc img043.GIF
98.03.12 23:04 B D:\syncomat\htm_sld\welc\img044.GIF --> cps.msu.edu /user/cd/cps291/syncomat/htm_sld/welc img044.GIF
98.03.12 23:04 B D:\syncomat\htm_sld\welc\img045.GIF --> cps.msu.edu /user/cd/cps291/syncomat/htm_sld/welc img045.GIF
98.03.12 23:04 B D:\syncomat\htm_sld\welc\img046.GIF --> cps.msu.edu /user/cd/cps291/syncomat/htm_sld/welc img046.GIF
98.03.12 23:04 B D:\syncomat\htm_sld\welc\img047.GIF --> cps.msu.edu /user/cd/cps291/syncomat/htm_sld/welc img047.GIF
98.03.12 23:04 B D:\syncomat\htm_sld\welc\img048.GIF --> cps.msu.edu /user/cd/cps291/syncomat/htm_sld/welc img048.GIF
98.03.12 23:04 B D:\syncomat\htm_sld\welc\img049.GIF --> cps.msu.edu /user/cd/cps291/syncomat/htm_sld/welc img049.GIF
98.03.12 23:04 B D:\syncomat\htm_sld\welc\img050.GIF --> cps.msu.edu /user/cd/cps291/syncomat/htm_sld/welc img050.GIF
98.03.12 23:04 B D:\syncomat\htm_sld\welc\img051.GIF --> cps.msu.edu /user/cd/cps291/syncomat/htm_sld/welc img051.GIF
98.03.12 23:04 B D:\syncomat\htm_sld\welc\img052.GIF --> cps.msu.edu /user/cd/cps291/syncomat/htm_sld/welc img052.GIF
98.03.12 23:04 B D:\syncomat\htm_sld\welc\img053.GIF --> cps.msu.edu /user/cd/cps291/syncomat/htm_sld/welc img053.GIF
98.03.12 23:04 B D:\syncomat\htm_sld\welc\img054.GIF --> cps.msu.edu /user/cd/cps291/syncomat/htm_sld/welc img054.GIF
98.03.12 23:04 B D:\syncomat\htm_sld\welc\img055.GIF --> cps.msu.edu /user/cd/cps291/syncomat/htm_sld/welc img055.GIF
98.03.12 23:04 B D:\syncomat\htm_sld\welc\img056.GIF --> cps.msu.edu /user/cd/cps291/syncomat/htm_sld/welc img056.GIF
98.03.12 23:04 B D:\syncomat\htm_sld\welc\img057.GIF --> cps.msu.edu /user/cd/cps291/syncomat/htm_sld/welc img057.GIF
98.03.12 23:04 B D:\syncomat\htm_sld\welc\img058.GIF --> cps.msu.edu /user/cd/cps291/syncomat/htm_sld/welc img058.GIF
98.03.12 23:04 B D:\syncomat\htm_sld\welc\img059.GIF --> cps.msu.edu /user/cd/cps291/syncomat/htm_sld/welc img059.GIF
98.03.12 23:04 B D:\syncomat\htm_sld\welc\img060.GIF --> cps.msu.edu /user/cd/cps291/syncomat/htm_sld/welc img060.GIF
98.03.12 23:04 B D:\syncomat\htm_sld\welc\img061.GIF --> cps.msu.edu /user/cd/cps291/syncomat/htm_sld/welc img061.GIF
98.03.12 23:04 B D:\syncomat\htm_sld\welc\img062.GIF --> cps.msu.edu /user/cd/cps291/syncomat/htm_sld/welc img062.GIF
98.03.12 23:04 B D:\syncomat\htm_sld\welc\img063.GIF --> cps.msu.edu /user/cd/cps291/syncomat/htm_sld/welc img063.GIF
98.03.12 23:04 B D:\syncomat\htm_sld\welc\img064.GIF --> cps.msu.edu /user/cd/cps291/syncomat/htm_sld/welc img064.GIF
98.03.12 23:04 B D:\syncomat\htm_sld\welc\img065.GIF --> cps.msu.edu /user/cd/cps291/syncomat/htm_sld/welc img065.GIF
98.03.12 23:04 B D:\syncomat\htm_sld\welc\img066.GIF --> cps.msu.edu /user/cd/cps291/syncomat/htm_sld/welc img066.GIF
98.03.12 23:04 B D:\syncomat\htm_sld\welc\img067.GIF --> cps.msu.edu /user/cd/cps291/syncomat/htm_sld/welc img067.GIF
98.03.12 23:04 B D:\syncomat\htm_sld\welc\img068.GIF --> cps.msu.edu /user/cd/cps291/syncomat/htm_sld/welc img068.GIF
98.03.12 23:04 B D:\syncomat\htm_sld\welc\img069.GIF --> cps.msu.edu /user/cd/cps291/syncomat/htm_sld/welc img069.GIF
98.03.12 23:04 B D:\syncomat\htm_sld\welc\img070.GIF --> cps.msu.edu /user/cd/cps291/syncomat/htm_sld/welc img070.GIF
98.03.12 23:04 B D:\syncomat\htm_sld\welc\img071.GIF --> cps.msu.edu /user/cd/cps291/syncomat/htm_sld/welc img071.GIF
98.03.12 23:04 B D:\syncomat\htm_sld\welc\img072.GIF --> cps.msu.edu /user/cd/cps291/syncomat/htm_sld/welc img072.GIF
98.03.12 23:04 B D:\syncomat\htm_sld\welc\img073.GIF --> cps.msu.edu /user/cd/cps291/syncomat/htm_sld/welc img073.GIF
98.03.12 23:04 B D:\syncomat\htm_sld\welc\img074.GIF --> cps.msu.edu /user/cd/cps291/syncomat/htm_sld/welc img074.GIF
98.03.12 23:04 B D:\syncomat\htm_sld\welc\img075.GIF --> cps.msu.edu /user/cd/cps291/syncomat/htm_sld/welc img075.GIF
98.03.12 23:04 B D:\syncomat\htm_sld\welc\img076.GIF --> cps.msu.edu /user/cd/cps291/syncomat/htm_sld/welc img076.GIF
98.03.12 23:04 B D:\syncomat\htm_sld\welc\img077.GIF --> cps.msu.edu /user/cd/cps291/syncomat/htm_sld/welc img077.GIF
98.03.12 23:04 B D:\syncomat\htm_sld\welc\img078.GIF --> cps.msu.edu /user/cd/cps291/syncomat/htm_sld/welc img078.GIF
98.03.12 23:04 B D:\syncomat\htm_sld\welc\index.htm --> cps.msu.edu /user/cd/cps291/syncomat/htm_sld/welc index.htm
98.03.12 23:04 B D:\syncomat\htm_sld\welc\pptani.gif --> cps.msu.edu /user/cd/cps291/syncomat/htm_sld/welc pptani.gif
98.03.12 23:04 B D:\syncomat\htm_sld\welc\sld001.htm --> cps.msu.edu /user/cd/cps291/syncomat/htm_sld/welc sld001.htm
98.03.12 23:04 B D:\syncomat\htm_sld\welc\sld002.htm --> cps.msu.edu /user/cd/cps291/syncomat/htm_sld/welc sld002.htm
98.03.12 23:04 B D:\syncomat\htm_sld\welc\sld003.htm --> cps.msu.edu /user/cd/cps291/syncomat/htm_sld/welc sld003.htm
98.03.12 23:04 B D:\syncomat\htm_sld\welc\sld004.htm --> cps.msu.edu /user/cd/cps291/syncomat/htm_sld/welc sld004.htm
98.03.12 23:04 B D:\syncomat\htm_sld\welc\sld005.htm --> cps.msu.edu /user/cd/cps291/syncomat/htm_sld/welc sld005.htm
98.03.12 23:04 B D:\syncomat\htm_sld\welc\sld006.htm --> cps.msu.edu /user/cd/cps291/syncomat/htm_sld/welc sld006.htm
98.03.12 23:04 B D:\syncomat\htm_sld\welc\sld007.htm --> cps.msu.edu /user/cd/cps291/syncomat/htm_sld/welc sld007.htm
98.03.12 23:04 B D:\syncomat\htm_sld\welc\sld008.htm --> cps.msu.edu /user/cd/cps291/syncomat/htm_sld/welc sld008.htm
98.03.12 23:04 B D:\syncomat\htm_sld\welc\sld009.htm --> cps.msu.edu /user/cd/cps291/syncomat/htm_sld/welc sld009.htm
98.03.12 23:04 B D:\syncomat\htm_sld\welc\sld010.htm --> cps.msu.edu /user/cd/cps291/syncomat/htm_sld/welc sld010.htm
98.03.12 23:04 B D:\syncomat\htm_sld\welc\sld011.htm --> cps.msu.edu /user/cd/cps291/syncomat/htm_sld/welc sld011.htm
98.03.12 23:04 B D:\syncomat\htm_sld\welc\sld012.htm --> cps.msu.edu /user/cd/cps291/syncomat/htm_sld/welc sld012.htm
98.03.12 23:04 B D:\syncomat\htm_sld\welc\sld013.htm --> cps.msu.edu /user/cd/cps291/syncomat/htm_sld/welc sld013.htm
98.03.12 23:04 B D:\syncomat\htm_sld\welc\sld014.htm --> cps.msu.edu /user/cd/cps291/syncomat/htm_sld/welc sld014.htm
98.03.12 23:04 B D:\syncomat\htm_sld\welc\sld015.htm --> cps.msu.edu /user/cd/cps291/syncomat/htm_sld/welc sld015.htm
98.03.12 23:04 B D:\syncomat\htm_sld\welc\sld016.htm --> cps.msu.edu /user/cd/cps291/syncomat/htm_sld/welc sld016.htm
98.03.12 23:04 B D:\syncomat\htm_sld\welc\sld017.htm --> cps.msu.edu /user/cd/cps291/syncomat/htm_sld/welc sld017.htm
98.03.12 23:04 B D:\syncomat\htm_sld\welc\sld018.htm --> cps.msu.edu /user/cd/cps291/syncomat/htm_sld/welc sld018.htm
98.03.12 23:04 B D:\syncomat\htm_sld\welc\sld019.htm --> cps.msu.edu /user/cd/cps291/syncomat/htm_sld/welc sld019.htm
98.03.12 23:04 B D:\syncomat\htm_sld\welc\sld020.htm --> cps.msu.edu /user/cd/cps291/syncomat/htm_sld/welc sld020.htm
98.03.12 23:04 B D:\syncomat\htm_sld\welc\sld021.htm --> cps.msu.edu /user/cd/cps291/syncomat/htm_sld/welc sld021.htm
98.03.12 23:04 B D:\syncomat\htm_sld\welc\sld022.htm --> cps.msu.edu /user/cd/cps291/syncomat/htm_sld/welc sld022.htm
98.03.12 23:04 B D:\syncomat\htm_sld\welc\sld023.htm --> cps.msu.edu /user/cd/cps291/syncomat/htm_sld/welc sld023.htm
98.03.12 23:04 B D:\syncomat\htm_sld\welc\sld024.htm --> cps.msu.edu /user/cd/cps291/syncomat/htm_sld/welc sld024.htm
98.03.12 23:04 B D:\syncomat\htm_sld\welc\sld025.htm --> cps.msu.edu /user/cd/cps291/syncomat/htm_sld/welc sld025.htm
98.03.12 23:04 B D:\syncomat\htm_sld\welc\sld026.htm --> cps.msu.edu /user/cd/cps291/syncomat/htm_sld/welc sld026.htm
98.03.12 23:04 B D:\syncomat\htm_sld\welc\sld027.htm --> cps.msu.edu /user/cd/cps291/syncomat/htm_sld/welc sld027.htm
98.03.12 23:04 B D:\syncomat\htm_sld\welc\sld028.htm --> cps.msu.edu /user/cd/cps291/syncomat/htm_sld/welc sld028.htm
98.03.12 23:04 B D:\syncomat\htm_sld\welc\sld029.htm --> cps.msu.edu /user/cd/cps291/syncomat/htm_sld/welc sld029.htm
98.03.12 23:04 B D:\syncomat\htm_sld\welc\sld030.htm --> cps.msu.edu /user/cd/cps291/syncomat/htm_sld/welc sld030.htm
98.03.12 23:04 B D:\syncomat\htm_sld\welc\sld031.htm --> cps.msu.edu /user/cd/cps291/syncomat/htm_sld/welc sld031.htm
98.03.12 23:04 B D:\syncomat\htm_sld\welc\sld032.htm --> cps.msu.edu /user/cd/cps291/syncomat/htm_sld/welc sld032.htm
98.03.12 23:04 B D:\syncomat\htm_sld\welc\sld033.htm --> cps.msu.edu /user/cd/cps291/syncomat/htm_sld/welc sld033.htm
98.03.12 23:04 B D:\syncomat\htm_sld\welc\sld034.htm --> cps.msu.edu /user/cd/cps291/syncomat/htm_sld/welc sld034.htm
98.03.12 23:05 B D:\syncomat\htm_sld\welc\sld035.htm --> cps.msu.edu /user/cd/cps291/syncomat/htm_sld/welc sld035.htm
98.03.12 23:05 B D:\syncomat\htm_sld\welc\sld036.htm --> cps.msu.edu /user/cd/cps291/syncomat/htm_sld/welc sld036.htm
98.03.12 23:05 B D:\syncomat\htm_sld\welc\sld037.htm --> cps.msu.edu /user/cd/cps291/syncomat/htm_sld/welc sld037.htm
98.03.12 23:05 B D:\syncomat\htm_sld\welc\sld038.htm --> cps.msu.edu /user/cd/cps291/syncomat/htm_sld/welc sld038.htm
98.03.12 23:05 B D:\syncomat\htm_sld\welc\sld039.htm --> cps.msu.edu /user/cd/cps291/syncomat/htm_sld/welc sld039.htm
98.03.12 23:05 B D:\syncomat\htm_sld\welc\sld040.htm --> cps.msu.edu /user/cd/cps291/syncomat/htm_sld/welc sld040.htm
98.03.12 23:05 B D:\syncomat\htm_sld\welc\sld041.htm --> cps.msu.edu /user/cd/cps291/syncomat/htm_sld/welc sld041.htm
98.03.12 23:05 B D:\syncomat\htm_sld\welc\sld042.htm --> cps.msu.edu /user/cd/cps291/syncomat/htm_sld/welc sld042.htm
98.03.12 23:05 B D:\syncomat\htm_sld\welc\sld043.htm --> cps.msu.edu /user/cd/cps291/syncomat/htm_sld/welc sld043.htm
98.03.12 23:05 B D:\syncomat\htm_sld\welc\sld044.htm --> cps.msu.edu /user/cd/cps291/syncomat/htm_sld/welc sld044.htm
98.03.12 23:05 B D:\syncomat\htm_sld\welc\sld045.htm --> cps.msu.edu /user/cd/cps291/syncomat/htm_sld/welc sld045.htm
98.03.12 23:05 B D:\syncomat\htm_sld\welc\sld046.htm --> cps.msu.edu /user/cd/cps291/syncomat/htm_sld/welc sld046.htm
98.03.12 23:05 B D:\syncomat\htm_sld\welc\sld047.htm --> cps.msu.edu /user/cd/cps291/syncomat/htm_sld/welc sld047.htm
98.03.12 23:05 B D:\syncomat\htm_sld\welc\sld048.htm --> cps.msu.edu /user/cd/cps291/syncomat/htm_sld/welc sld048.htm
98.03.12 23:05 B D:\syncomat\htm_sld\welc\sld049.htm --> cps.msu.edu /user/cd/cps291/syncomat/htm_sld/welc sld049.htm
98.03.12 23:05 B D:\syncomat\htm_sld\welc\sld050.htm --> cps.msu.edu /user/cd/cps291/syncomat/htm_sld/welc sld050.htm
98.03.12 23:05 B D:\syncomat\htm_sld\welc\sld051.htm --> cps.msu.edu /user/cd/cps291/syncomat/htm_sld/welc sld051.htm
98.03.12 23:05 B D:\syncomat\htm_sld\welc\sld052.htm --> cps.msu.edu /user/cd/cps291/syncomat/htm_sld/welc sld052.htm
98.03.12 23:05 B D:\syncomat\htm_sld\welc\sld053.htm --> cps.msu.edu /user/cd/cps291/syncomat/htm_sld/welc sld053.htm
98.03.12 23:05 B D:\syncomat\htm_sld\welc\sld054.htm --> cps.msu.edu /user/cd/cps291/syncomat/htm_sld/welc sld054.htm
98.03.12 23:05 B D:\syncomat\htm_sld\welc\sld055.htm --> cps.msu.edu /user/cd/cps291/syncomat/htm_sld/welc sld055.htm
98.03.12 23:05 B D:\syncomat\htm_sld\welc\sld056.htm --> cps.msu.edu /user/cd/cps291/syncomat/htm_sld/welc sld056.htm
98.03.12 23:05 B D:\syncomat\htm_sld\welc\sld057.htm --> cps.msu.edu /user/cd/cps291/syncomat/htm_sld/welc sld057.htm
98.03.12 23:05 B D:\syncomat\htm_sld\welc\sld058.htm --> cps.msu.edu /user/cd/cps291/syncomat/htm_sld/welc sld058.htm
98.03.12 23:05 B D:\syncomat\htm_sld\welc\sld059.htm --> cps.msu.edu /user/cd/cps291/syncomat/htm_sld/welc sld059.htm
98.03.12 23:05 B D:\syncomat\htm_sld\welc\sld060.htm --> cps.msu.edu /user/cd/cps291/syncomat/htm_sld/welc sld060.htm
98.03.12 23:05 B D:\syncomat\htm_sld\welc\sld061.htm --> cps.msu.edu /user/cd/cps291/syncomat/htm_sld/welc sld061.htm
98.03.12 23:05 B D:\syncomat\htm_sld\welc\sld062.htm --> cps.msu.edu /user/cd/cps291/syncomat/htm_sld/welc sld062.htm
98.03.12 23:05 B D:\syncomat\htm_sld\welc\sld063.htm --> cps.msu.edu /user/cd/cps291/syncomat/htm_sld/welc sld063.htm
98.03.12 23:05 B D:\syncomat\htm_sld\welc\sld064.htm --> cps.msu.edu /user/cd/cps291/syncomat/htm_sld/welc sld064.htm
98.03.12 23:05 B D:\syncomat\htm_sld\welc\sld065.htm --> cps.msu.edu /user/cd/cps291/syncomat/htm_sld/welc sld065.htm
98.03.12 23:05 B D:\syncomat\htm_sld\welc\sld066.htm --> cps.msu.edu /user/cd/cps291/syncomat/htm_sld/welc sld066.htm
98.03.12 23:05 B D:\syncomat\htm_sld\welc\sld067.htm --> cps.msu.edu /user/cd/cps291/syncomat/htm_sld/welc sld067.htm
98.03.12 23:05 B D:\syncomat\htm_sld\welc\sld068.htm --> cps.msu.edu /user/cd/cps291/syncomat/htm_sld/welc sld068.htm
98.03.12 23:05 B D:\syncomat\htm_sld\welc\sld069.htm --> cps.msu.edu /user/cd/cps291/syncomat/htm_sld/welc sld069.htm
98.03.12 23:05 B D:\syncomat\htm_sld\welc\sld070.htm --> cps.msu.edu /user/cd/cps291/syncomat/htm_sld/welc sld070.htm
98.03.12 23:05 B D:\syncomat\htm_sld\welc\sld071.htm --> cps.msu.edu /user/cd/cps291/syncomat/htm_sld/welc sld071.htm
98.03.12 23:05 B D:\syncomat\htm_sld\welc\sld072.htm --> cps.msu.edu /user/cd/cps291/syncomat/htm_sld/welc sld072.htm
98.03.12 23:05 B D:\syncomat\htm_sld\welc\sld073.htm --> cps.msu.edu /user/cd/cps291/syncomat/htm_sld/welc sld073.htm
98.03.12 23:05 B D:\syncomat\htm_sld\welc\sld074.htm --> cps.msu.edu /user/cd/cps291/syncomat/htm_sld/welc sld074.htm
98.03.12 23:05 B D:\syncomat\htm_sld\welc\sld075.htm --> cps.msu.edu /user/cd/cps291/syncomat/htm_sld/welc sld075.htm
98.03.12 23:05 B D:\syncomat\htm_sld\welc\sld076.htm --> cps.msu.edu /user/cd/cps291/syncomat/htm_sld/welc sld076.htm
98.03.12 23:05 B D:\syncomat\htm_sld\welc\sld077.htm --> cps.msu.edu /user/cd/cps291/syncomat/htm_sld/welc sld077.htm
98.03.12 23:05 B D:\syncomat\htm_sld\welc\sld078.htm --> cps.msu.edu /user/cd/cps291/syncomat/htm_sld/welc sld078.htm
98.03.12 23:05 B D:\syncomat\htm_sld\welc\space.gif --> cps.msu.edu /user/cd/cps291/syncomat/htm_sld/welc space.gif
98.03.12 23:05 B D:\syncomat\htm_sld\welc\tsld001.htm --> cps.msu.edu /user/cd/cps291/syncomat/htm_sld/welc tsld001.htm
98.03.12 23:05 B D:\syncomat\htm_sld\welc\tsld002.htm --> cps.msu.edu /user/cd/cps291/syncomat/htm_sld/welc tsld002.htm
98.03.12 23:05 B D:\syncomat\htm_sld\welc\tsld003.htm --> cps.msu.edu /user/cd/cps291/syncomat/htm_sld/welc tsld003.htm
98.03.12 23:05 B D:\syncomat\htm_sld\welc\tsld004.htm --> cps.msu.edu /user/cd/cps291/syncomat/htm_sld/welc tsld004.htm
98.03.12 23:05 B D:\syncomat\htm_sld\welc\tsld005.htm --> cps.msu.edu /user/cd/cps291/syncomat/htm_sld/welc tsld005.htm
98.03.12 23:05 B D:\syncomat\htm_sld\welc\tsld006.htm --> cps.msu.edu /user/cd/cps291/syncomat/htm_sld/welc tsld006.htm
98.03.12 23:05 B D:\syncomat\htm_sld\welc\tsld007.htm --> cps.msu.edu /user/cd/cps291/syncomat/htm_sld/welc tsld007.htm
98.03.12 23:05 B D:\syncomat\htm_sld\welc\tsld008.htm --> cps.msu.edu /user/cd/cps291/syncomat/htm_sld/welc tsld008.htm
98.03.12 23:05 B D:\syncomat\htm_sld\welc\tsld009.htm --> cps.msu.edu /user/cd/cps291/syncomat/htm_sld/welc tsld009.htm
98.03.12 23:05 B D:\syncomat\htm_sld\welc\tsld010.htm --> cps.msu.edu /user/cd/cps291/syncomat/htm_sld/welc tsld010.htm
98.03.12 23:05 B D:\syncomat\htm_sld\welc\tsld011.htm --> cps.msu.edu /user/cd/cps291/syncomat/htm_sld/welc tsld011.htm
98.03.12 23:05 B D:\syncomat\htm_sld\welc\tsld012.htm --> cps.msu.edu /user/cd/cps291/syncomat/htm_sld/welc tsld012.htm
98.03.12 23:05 B D:\syncomat\htm_sld\welc\tsld013.htm --> cps.msu.edu /user/cd/cps291/syncomat/htm_sld/welc tsld013.htm
98.03.12 23:05 B D:\syncomat\htm_sld\welc\tsld014.htm --> cps.msu.edu /user/cd/cps291/syncomat/htm_sld/welc tsld014.htm
98.03.12 23:05 B D:\syncomat\htm_sld\welc\tsld015.htm --> cps.msu.edu /user/cd/cps291/syncomat/htm_sld/welc tsld015.htm
98.03.12 23:05 B D:\syncomat\htm_sld\welc\tsld016.htm --> cps.msu.edu /user/cd/cps291/syncomat/htm_sld/welc tsld016.htm
98.03.12 23:05 B D:\syncomat\htm_sld\welc\tsld017.htm --> cps.msu.edu /user/cd/cps291/syncomat/htm_sld/welc tsld017.htm
98.03.12 23:05 B D:\syncomat\htm_sld\welc\tsld018.htm --> cps.msu.edu /user/cd/cps291/syncomat/htm_sld/welc tsld018.htm
98.03.12 23:05 B D:\syncomat\htm_sld\welc\tsld019.htm --> cps.msu.edu /user/cd/cps291/syncomat/htm_sld/welc tsld019.htm
98.03.12 23:05 B D:\syncomat\htm_sld\welc\tsld020.htm --> cps.msu.edu /user/cd/cps291/syncomat/htm_sld/welc tsld020.htm
98.03.12 23:05 B D:\syncomat\htm_sld\welc\tsld021.htm --> cps.msu.edu /user/cd/cps291/syncomat/htm_sld/welc tsld021.htm
98.03.12 23:05 B D:\syncomat\htm_sld\welc\tsld022.htm --> cps.msu.edu /user/cd/cps291/syncomat/htm_sld/welc tsld022.htm
98.03.12 23:05 B D:\syncomat\htm_sld\welc\tsld023.htm --> cps.msu.edu /user/cd/cps291/syncomat/htm_sld/welc tsld023.htm
98.03.12 23:05 B D:\syncomat\htm_sld\welc\tsld024.htm --> cps.msu.edu /user/cd/cps291/syncomat/htm_sld/welc tsld024.htm
98.03.12 23:05 B D:\syncomat\htm_sld\welc\tsld025.htm --> cps.msu.edu /user/cd/cps291/syncomat/htm_sld/welc tsld025.htm
98.03.12 23:05 B D:\syncomat\htm_sld\welc\tsld026.htm --> cps.msu.edu /user/cd/cps291/syncomat/htm_sld/welc tsld026.htm
98.03.12 23:05 B D:\syncomat\htm_sld\welc\tsld027.htm --> cps.msu.edu /user/cd/cps291/syncomat/htm_sld/welc tsld027.htm
98.03.12 23:05 B D:\syncomat\htm_sld\welc\tsld028.htm --> cps.msu.edu /user/cd/cps291/syncomat/htm_sld/welc tsld028.htm
98.03.12 23:05 B D:\syncomat\htm_sld\welc\tsld029.htm --> cps.msu.edu /user/cd/cps291/syncomat/htm_sld/welc tsld029.htm
98.03.12 23:05 B D:\syncomat\htm_sld\welc\tsld030.htm --> cps.msu.edu /user/cd/cps291/syncomat/htm_sld/welc tsld030.htm
98.03.12 23:05 B D:\syncomat\htm_sld\welc\tsld031.htm --> cps.msu.edu /user/cd/cps291/syncomat/htm_sld/welc tsld031.htm
98.03.12 23:05 B D:\syncomat\htm_sld\welc\tsld032.htm --> cps.msu.edu /user/cd/cps291/syncomat/htm_sld/welc tsld032.htm
98.03.12 23:05 B D:\syncomat\htm_sld\welc\tsld033.htm --> cps.msu.edu /user/cd/cps291/syncomat/htm_sld/welc tsld033.htm
98.03.12 23:05 B D:\syncomat\htm_sld\welc\tsld034.htm --> cps.msu.edu /user/cd/cps291/syncomat/htm_sld/welc tsld034.htm
98.03.12 23:05 B D:\syncomat\htm_sld\welc\tsld035.htm --> cps.msu.edu /user/cd/cps291/syncomat/htm_sld/welc tsld035.htm
98.03.12 23:05 B D:\syncomat\htm_sld\welc\tsld036.htm --> cps.msu.edu /user/cd/cps291/syncomat/htm_sld/welc tsld036.htm
98.03.12 23:05 B D:\syncomat\htm_sld\welc\tsld037.htm --> cps.msu.edu /user/cd/cps291/syncomat/htm_sld/welc tsld037.htm
98.03.12 23:05 B D:\syncomat\htm_sld\welc\tsld038.htm --> cps.msu.edu /user/cd/cps291/syncomat/htm_sld/welc tsld038.htm
98.03.12 23:05 B D:\syncomat\htm_sld\welc\tsld039.htm --> cps.msu.edu /user/cd/cps291/syncomat/htm_sld/welc tsld039.htm
98.03.12 23:05 B D:\syncomat\htm_sld\welc\tsld040.htm --> cps.msu.edu /user/cd/cps291/syncomat/htm_sld/welc tsld040.htm
98.03.12 23:05 B D:\syncomat\htm_sld\welc\tsld041.htm --> cps.msu.edu /user/cd/cps291/syncomat/htm_sld/welc tsld041.htm
98.03.12 23:05 B D:\syncomat\htm_sld\welc\tsld042.htm --> cps.msu.edu /user/cd/cps291/syncomat/htm_sld/welc tsld042.htm
98.03.12 23:05 B D:\syncomat\htm_sld\welc\tsld043.htm --> cps.msu.edu /user/cd/cps291/syncomat/htm_sld/welc tsld043.htm
98.03.12 23:05 B D:\syncomat\htm_sld\welc\tsld044.htm --> cps.msu.edu /user/cd/cps291/syncomat/htm_sld/welc tsld044.htm
98.03.12 23:05 B D:\syncomat\htm_sld\welc\tsld045.htm --> cps.msu.edu /user/cd/cps291/syncomat/htm_sld/welc tsld045.htm
98.03.12 23:05 B D:\syncomat\htm_sld\welc\tsld046.htm --> cps.msu.edu /user/cd/cps291/syncomat/htm_sld/welc tsld046.htm
98.03.12 23:05 B D:\syncomat\htm_sld\welc\tsld047.htm --> cps.msu.edu /user/cd/cps291/syncomat/htm_sld/welc tsld047.htm
98.03.12 23:05 B D:\syncomat\htm_sld\welc\tsld048.htm --> cps.msu.edu /user/cd/cps291/syncomat/htm_sld/welc tsld048.htm
98.03.12 23:05 B D:\syncomat\htm_sld\welc\tsld049.htm --> cps.msu.edu /user/cd/cps291/syncomat/htm_sld/welc tsld049.htm
98.03.12 23:05 B D:\syncomat\htm_sld\welc\tsld050.htm --> cps.msu.edu /user/cd/cps291/syncomat/htm_sld/welc tsld050.htm
98.03.12 23:05 B D:\syncomat\htm_sld\welc\tsld051.htm --> cps.msu.edu /user/cd/cps291/syncomat/htm_sld/welc tsld051.htm
98.03.12 23:05 B D:\syncomat\htm_sld\welc\tsld052.htm --> cps.msu.edu /user/cd/cps291/syncomat/htm_sld/welc tsld052.htm
98.03.12 23:05 B D:\syncomat\htm_sld\welc\tsld053.htm --> cps.msu.edu /user/cd/cps291/syncomat/htm_sld/welc tsld053.htm
98.03.12 23:05 B D:\syncomat\htm_sld\welc\tsld054.htm --> cps.msu.edu /user/cd/cps291/syncomat/htm_sld/welc tsld054.htm
98.03.12 23:05 B D:\syncomat\htm_sld\welc\tsld055.htm --> cps.msu.edu /user/cd/cps291/syncomat/htm_sld/welc tsld055.htm
98.03.12 23:05 B D:\syncomat\htm_sld\welc\tsld056.htm --> cps.msu.edu /user/cd/cps291/syncomat/htm_sld/welc tsld056.htm
98.03.12 23:05 B D:\syncomat\htm_sld\welc\tsld057.htm --> cps.msu.edu /user/cd/cps291/syncomat/htm_sld/welc tsld057.htm
98.03.12 23:05 B D:\syncomat\htm_sld\welc\tsld058.htm --> cps.msu.edu /user/cd/cps291/syncomat/htm_sld/welc tsld058.htm
98.03.12 23:05 B D:\syncomat\htm_sld\welc\tsld059.htm --> cps.msu.edu /user/cd/cps291/syncomat/htm_sld/welc tsld059.htm
98.03.12 23:05 B D:\syncomat\htm_sld\welc\tsld060.htm --> cps.msu.edu /user/cd/cps291/syncomat/htm_sld/welc tsld060.htm
98.03.12 23:05 B D:\syncomat\htm_sld\welc\tsld061.htm --> cps.msu.edu /user/cd/cps291/syncomat/htm_sld/welc tsld061.htm
98.03.12 23:05 B D:\syncomat\htm_sld\welc\tsld062.htm --> cps.msu.edu /user/cd/cps291/syncomat/htm_sld/welc tsld062.htm
98.03.12 23:05 B D:\syncomat\htm_sld\welc\tsld063.htm --> cps.msu.edu /user/cd/cps291/syncomat/htm_sld/welc tsld063.htm
98.03.12 23:05 B D:\syncomat\htm_sld\welc\tsld064.htm --> cps.msu.edu /user/cd/cps291/syncomat/htm_sld/welc tsld064.htm
98.03.12 23:05 B D:\syncomat\htm_sld\welc\tsld065.htm --> cps.msu.edu /user/cd/cps291/syncomat/htm_sld/welc tsld065.htm
98.03.12 23:05 B D:\syncomat\htm_sld\welc\tsld066.htm --> cps.msu.edu /user/cd/cps291/syncomat/htm_sld/welc tsld066.htm
98.03.12 23:05 B D:\syncomat\htm_sld\welc\tsld067.htm --> cps.msu.edu /user/cd/cps291/syncomat/htm_sld/welc tsld067.htm
98.03.12 23:05 B D:\syncomat\htm_sld\welc\tsld068.htm --> cps.msu.edu /user/cd/cps291/syncomat/htm_sld/welc tsld068.htm
98.03.12 23:05 B D:\syncomat\htm_sld\welc\tsld069.htm --> cps.msu.edu /user/cd/cps291/syncomat/htm_sld/welc tsld069.htm
98.03.12 23:05 B D:\syncomat\htm_sld\welc\tsld070.htm --> cps.msu.edu /user/cd/cps291/syncomat/htm_sld/welc tsld070.htm
98.03.12 23:05 B D:\syncomat\htm_sld\welc\tsld071.htm --> cps.msu.edu /user/cd/cps291/syncomat/htm_sld/welc tsld071.htm
98.03.12 23:05 B D:\syncomat\htm_sld\welc\tsld072.htm --> cps.msu.edu /user/cd/cps291/syncomat/htm_sld/welc tsld072.htm
98.03.12 23:05 B D:\syncomat\htm_sld\welc\tsld073.htm --> cps.msu.edu /user/cd/cps291/syncomat/htm_sld/welc tsld073.htm
98.03.12 23:05 B D:\syncomat\htm_sld\welc\tsld074.htm --> cps.msu.edu /user/cd/cps291/syncomat/htm_sld/welc tsld074.htm
98.03.12 23:05 B D:\syncomat\htm_sld\welc\tsld075.htm --> cps.msu.edu /user/cd/cps291/syncomat/htm_sld/welc tsld075.htm
98.03.12 23:05 B D:\syncomat\htm_sld\welc\tsld076.htm --> cps.msu.edu /user/cd/cps291/syncomat/htm_sld/welc tsld076.htm
98.03.12 23:05 B D:\syncomat\htm_sld\welc\tsld077.htm --> cps.msu.edu /user/cd/cps291/syncomat/htm_sld/welc tsld077.htm
98.03.12 23:05 B D:\syncomat\htm_sld\welc\tsld078.htm --> cps.msu.edu /user/cd/cps291/syncomat/htm_sld/welc tsld078.htm
98.03.12 23:05 B D:\syncomat\htm_sld\welc\WS_FTP.LOG --> cps.msu.edu /user/cd/cps291/syncomat/htm_sld/welc WS_FTP.LOG
