98.03.12 22:32 B D:\cdrom\multi\local\anet.htm <-- www.vu.msu.edu /afs/msu/course/vu/egr124/cdrom/multi/local anet.htm
98.03.12 22:32 B D:\cdrom\multi\local\anet.ram <-- www.vu.msu.edu /afs/msu/course/vu/egr124/cdrom/multi/local anet.ram
98.03.12 22:32 B D:\cdrom\multi\local\aneta.htm <-- www.vu.msu.edu /afs/msu/course/vu/egr124/cdrom/multi/local aneta.htm
98.03.12 22:32 B D:\cdrom\multi\local\aneta.ram <-- www.vu.msu.edu /afs/msu/course/vu/egr124/cdrom/multi/local aneta.ram
98.03.12 22:32 B D:\cdrom\multi\local\bern.htm <-- www.vu.msu.edu /afs/msu/course/vu/egr124/cdrom/multi/local bern.htm
98.03.12 22:32 B D:\cdrom\multi\local\bern.ram <-- www.vu.msu.edu /afs/msu/course/vu/egr124/cdrom/multi/local bern.ram
98.03.12 22:32 B D:\cdrom\multi\local\berna.htm <-- www.vu.msu.edu /afs/msu/course/vu/egr124/cdrom/multi/local berna.htm
98.03.12 22:32 B D:\cdrom\multi\local\berna.ram <-- www.vu.msu.edu /afs/msu/course/vu/egr124/cdrom/multi/local berna.ram
98.03.12 22:32 B D:\cdrom\multi\local\davis.htm <-- www.vu.msu.edu /afs/msu/course/vu/egr124/cdrom/multi/local davis.htm
98.03.12 22:32 B D:\cdrom\multi\local\davis.ram <-- www.vu.msu.edu /afs/msu/course/vu/egr124/cdrom/multi/local davis.ram
98.03.12 22:32 B D:\cdrom\multi\local\davisa.htm <-- www.vu.msu.edu /afs/msu/course/vu/egr124/cdrom/multi/local davisa.htm
98.03.12 22:32 B D:\cdrom\multi\local\davisa.ram <-- www.vu.msu.edu /afs/msu/course/vu/egr124/cdrom/multi/local davisa.ram
98.03.12 22:32 B D:\cdrom\multi\local\farley.htm <-- www.vu.msu.edu /afs/msu/course/vu/egr124/cdrom/multi/local farley.htm
98.03.12 22:32 B D:\cdrom\multi\local\farley.ram <-- www.vu.msu.edu /afs/msu/course/vu/egr124/cdrom/multi/local farley.ram
98.03.12 22:32 B D:\cdrom\multi\local\farleya.htm <-- www.vu.msu.edu /afs/msu/course/vu/egr124/cdrom/multi/local farleya.htm
98.03.12 22:32 B D:\cdrom\multi\local\farleya.ram <-- www.vu.msu.edu /afs/msu/course/vu/egr124/cdrom/multi/local farleya.ram
98.03.12 22:32 B D:\cdrom\multi\local\hughes.htm <-- www.vu.msu.edu /afs/msu/course/vu/egr124/cdrom/multi/local hughes.htm
98.03.12 22:32 B D:\cdrom\multi\local\hughes.ram <-- www.vu.msu.edu /afs/msu/course/vu/egr124/cdrom/multi/local hughes.ram
98.03.12 22:32 B D:\cdrom\multi\local\hughesa.htm <-- www.vu.msu.edu /afs/msu/course/vu/egr124/cdrom/multi/local hughesa.htm
98.03.12 22:32 B D:\cdrom\multi\local\hughesa.ram <-- www.vu.msu.edu /afs/msu/course/vu/egr124/cdrom/multi/local hughesa.ram
98.03.12 22:32 B D:\cdrom\multi\local\index.htm <-- www.vu.msu.edu /afs/msu/course/vu/egr124/cdrom/multi/local index.htm
98.03.12 22:32 B D:\cdrom\multi\local\isaak.htm <-- www.vu.msu.edu /afs/msu/course/vu/egr124/cdrom/multi/local isaak.htm
98.03.12 22:32 B D:\cdrom\multi\local\isaak.ram <-- www.vu.msu.edu /afs/msu/course/vu/egr124/cdrom/multi/local isaak.ram
98.03.12 22:32 B D:\cdrom\multi\local\isaaka.htm <-- www.vu.msu.edu /afs/msu/course/vu/egr124/cdrom/multi/local isaaka.htm
98.03.12 22:32 B D:\cdrom\multi\local\isaaka.ram <-- www.vu.msu.edu /afs/msu/course/vu/egr124/cdrom/multi/local isaaka.ram
98.03.12 22:32 B D:\cdrom\multi\local\jenes.htm <-- www.vu.msu.edu /afs/msu/course/vu/egr124/cdrom/multi/local jenes.htm
98.03.12 22:32 B D:\cdrom\multi\local\jenes.ram <-- www.vu.msu.edu /afs/msu/course/vu/egr124/cdrom/multi/local jenes.ram
98.03.12 22:32 B D:\cdrom\multi\local\jenesa.htm <-- www.vu.msu.edu /afs/msu/course/vu/egr124/cdrom/multi/local jenesa.htm
98.03.12 22:32 B D:\cdrom\multi\local\jenesa.ram <-- www.vu.msu.edu /afs/msu/course/vu/egr124/cdrom/multi/local jenesa.ram
98.03.12 22:32 B D:\cdrom\multi\local\lebow.htm <-- www.vu.msu.edu /afs/msu/course/vu/egr124/cdrom/multi/local lebow.htm
98.03.12 22:32 B D:\cdrom\multi\local\lebow.ram <-- www.vu.msu.edu /afs/msu/course/vu/egr124/cdrom/multi/local lebow.ram
98.03.12 22:32 B D:\cdrom\multi\local\lebowa.htm <-- www.vu.msu.edu /afs/msu/course/vu/egr124/cdrom/multi/local lebowa.htm
98.03.12 22:32 B D:\cdrom\multi\local\lebowa.ram <-- www.vu.msu.edu /afs/msu/course/vu/egr124/cdrom/multi/local lebowa.ram
98.03.12 22:32 B D:\cdrom\multi\local\lindow.htm <-- www.vu.msu.edu /afs/msu/course/vu/egr124/cdrom/multi/local lindow.htm
98.03.12 22:32 B D:\cdrom\multi\local\lindow.ram <-- www.vu.msu.edu /afs/msu/course/vu/egr124/cdrom/multi/local lindow.ram
98.03.12 22:32 B D:\cdrom\multi\local\lindowa.htm <-- www.vu.msu.edu /afs/msu/course/vu/egr124/cdrom/multi/local lindowa.htm
98.03.12 22:32 B D:\cdrom\multi\local\lindowa.ram <-- www.vu.msu.edu /afs/msu/course/vu/egr124/cdrom/multi/local lindowa.ram
98.03.12 22:32 B D:\cdrom\multi\local\nando.htm <-- www.vu.msu.edu /afs/msu/course/vu/egr124/cdrom/multi/local nando.htm
98.03.12 22:32 B D:\cdrom\multi\local\nando.ram <-- www.vu.msu.edu /afs/msu/course/vu/egr124/cdrom/multi/local nando.ram
98.03.12 22:32 B D:\cdrom\multi\local\nandoa.htm <-- www.vu.msu.edu /afs/msu/course/vu/egr124/cdrom/multi/local nandoa.htm
98.03.12 22:32 B D:\cdrom\multi\local\nandoa.ram <-- www.vu.msu.edu /afs/msu/course/vu/egr124/cdrom/multi/local nandoa.ram
98.03.12 22:32 B D:\cdrom\multi\local\sher.htm <-- www.vu.msu.edu /afs/msu/course/vu/egr124/cdrom/multi/local sher.htm
98.03.12 22:32 B D:\cdrom\multi\local\sher.ram <-- www.vu.msu.edu /afs/msu/course/vu/egr124/cdrom/multi/local sher.ram
98.03.12 22:32 B D:\cdrom\multi\local\shera.htm <-- www.vu.msu.edu /afs/msu/course/vu/egr124/cdrom/multi/local shera.htm
98.03.12 22:32 B D:\cdrom\multi\local\shera.ram <-- www.vu.msu.edu /afs/msu/course/vu/egr124/cdrom/multi/local shera.ram
98.03.12 22:32 B D:\cdrom\multi\local\skel.htm <-- www.vu.msu.edu /afs/msu/course/vu/egr124/cdrom/multi/local skel.htm
98.03.12 22:32 B D:\cdrom\multi\local\skela.htm <-- www.vu.msu.edu /afs/msu/course/vu/egr124/cdrom/multi/local skela.htm
98.03.12 22:32 B D:\cdrom\multi\local\smarr28.htm <-- www.vu.msu.edu /afs/msu/course/vu/egr124/cdrom/multi/local smarr28.htm
98.03.12 22:32 B D:\cdrom\multi\local\smarr28.ram <-- www.vu.msu.edu /afs/msu/course/vu/egr124/cdrom/multi/local smarr28.ram
98.03.12 22:32 B D:\cdrom\multi\local\smarr56.htm <-- www.vu.msu.edu /afs/msu/course/vu/egr124/cdrom/multi/local smarr56.htm
98.03.12 22:32 B D:\cdrom\multi\local\smarr56.ram <-- www.vu.msu.edu /afs/msu/course/vu/egr124/cdrom/multi/local smarr56.ram
98.03.12 22:32 B D:\cdrom\multi\local\stand.htm <-- www.vu.msu.edu /afs/msu/course/vu/egr124/cdrom/multi/local stand.htm
98.03.12 22:32 B D:\cdrom\multi\local\stand.ram <-- www.vu.msu.edu /afs/msu/course/vu/egr124/cdrom/multi/local stand.ram
98.03.12 22:32 B D:\cdrom\multi\local\standa.htm <-- www.vu.msu.edu /afs/msu/course/vu/egr124/cdrom/multi/local standa.htm
98.03.12 22:32 B D:\cdrom\multi\local\standa.ram <-- www.vu.msu.edu /afs/msu/course/vu/egr124/cdrom/multi/local standa.ram
98.03.12 22:32 B D:\cdrom\multi\local\stoug.htm <-- www.vu.msu.edu /afs/msu/course/vu/egr124/cdrom/multi/local stoug.htm
98.03.12 22:32 B D:\cdrom\multi\local\stoug.ram <-- www.vu.msu.edu /afs/msu/course/vu/egr124/cdrom/multi/local stoug.ram
98.03.12 22:32 B D:\cdrom\multi\local\stouga.htm <-- www.vu.msu.edu /afs/msu/course/vu/egr124/cdrom/multi/local stouga.htm
98.03.12 22:32 B D:\cdrom\multi\local\stouga.ram <-- www.vu.msu.edu /afs/msu/course/vu/egr124/cdrom/multi/local stouga.ram
98.03.12 22:32 B D:\cdrom\multi\local\worlds.htm <-- www.vu.msu.edu /afs/msu/course/vu/egr124/cdrom/multi/local worlds.htm
98.03.12 22:32 B D:\cdrom\multi\local\worlds.ram <-- www.vu.msu.edu /afs/msu/course/vu/egr124/cdrom/multi/local worlds.ram
98.03.12 22:32 B D:\cdrom\multi\local\worldsa.htm <-- www.vu.msu.edu /afs/msu/course/vu/egr124/cdrom/multi/local worldsa.htm
98.03.12 22:32 B D:\cdrom\multi\local\worldsa.ram <-- www.vu.msu.edu /afs/msu/course/vu/egr124/cdrom/multi/local worldsa.ram
98.03.12 22:42 B D:\cdrom\multi\index.htm <-- www.vu.msu.edu /afs/msu/course/vu/egr124/cdrom/multi index.htm
98.03.13 09:36 B D:\cdrom\multi\anet.htm --> cps.msu.edu /user/cd/cps291/multi anet.htm
98.03.13 09:36 B D:\cdrom\multi\anet.ram --> cps.msu.edu /user/cd/cps291/multi anet.ram
98.03.13 09:36 B D:\cdrom\multi\anet.rm --> cps.msu.edu /user/cd/cps291/multi anet.rm
98.03.13 09:36 B D:\cdrom\multi\anet.rpm --> cps.msu.edu /user/cd/cps291/multi anet.rpm
98.03.13 09:36 B D:\cdrom\multi\aneta.htm --> cps.msu.edu /user/cd/cps291/multi aneta.htm
98.03.13 09:37 B D:\cdrom\multi\aneta.ra --> cps.msu.edu /user/cd/cps291/multi aneta.ra
98.03.13 09:37 B D:\cdrom\multi\aneta.ram --> cps.msu.edu /user/cd/cps291/multi aneta.ram
98.03.13 09:37 B D:\cdrom\multi\aneta.rpm --> cps.msu.edu /user/cd/cps291/multi aneta.rpm
98.03.13 09:37 B D:\cdrom\multi\bern.htm --> cps.msu.edu /user/cd/cps291/multi bern.htm
98.03.13 09:37 B D:\cdrom\multi\bern.ram --> cps.msu.edu /user/cd/cps291/multi bern.ram
98.03.13 09:37 B D:\cdrom\multi\bern.rm --> cps.msu.edu /user/cd/cps291/multi bern.rm
98.03.13 09:37 B D:\cdrom\multi\bern.rpm --> cps.msu.edu /user/cd/cps291/multi bern.rpm
98.03.13 09:37 B D:\cdrom\multi\berna.htm --> cps.msu.edu /user/cd/cps291/multi berna.htm
98.03.13 09:37 B D:\cdrom\multi\berna.ra --> cps.msu.edu /user/cd/cps291/multi berna.ra
98.03.13 09:37 B D:\cdrom\multi\berna.ram --> cps.msu.edu /user/cd/cps291/multi berna.ram
98.03.13 09:37 B D:\cdrom\multi\berna.rpm --> cps.msu.edu /user/cd/cps291/multi berna.rpm
98.03.13 09:37 B D:\cdrom\multi\bob --> cps.msu.edu /user/cd/cps291/multi bob
98.03.13 09:37 B D:\cdrom\multi\davis.htm --> cps.msu.edu /user/cd/cps291/multi davis.htm
98.03.13 09:37 B D:\cdrom\multi\davis.ram --> cps.msu.edu /user/cd/cps291/multi davis.ram
98.03.13 09:37 B D:\cdrom\multi\davis.rm --> cps.msu.edu /user/cd/cps291/multi davis.rm
98.03.13 09:37 B D:\cdrom\multi\davis.rpm --> cps.msu.edu /user/cd/cps291/multi davis.rpm
98.03.13 09:37 B D:\cdrom\multi\davisa.htm --> cps.msu.edu /user/cd/cps291/multi davisa.htm
98.03.13 09:37 B D:\cdrom\multi\davisa.ra --> cps.msu.edu /user/cd/cps291/multi davisa.ra
98.03.13 09:37 B D:\cdrom\multi\davisa.ram --> cps.msu.edu /user/cd/cps291/multi davisa.ram
98.03.13 09:37 B D:\cdrom\multi\davisa.rpm --> cps.msu.edu /user/cd/cps291/multi davisa.rpm
98.03.13 09:37 B D:\cdrom\multi\dosrpm.bat --> cps.msu.edu /user/cd/cps291/multi dosrpm.bat
98.03.13 09:37 B D:\cdrom\multi\empty.rpm --> cps.msu.edu /user/cd/cps291/multi empty.rpm
98.03.13 09:37 B D:\cdrom\multi\farley.htm --> cps.msu.edu /user/cd/cps291/multi farley.htm
98.03.13 09:37 B D:\cdrom\multi\farley.ram --> cps.msu.edu /user/cd/cps291/multi farley.ram
98.03.13 09:37 B D:\cdrom\multi\farley.rm --> cps.msu.edu /user/cd/cps291/multi farley.rm
98.03.13 09:37 B D:\cdrom\multi\farley.rpm --> cps.msu.edu /user/cd/cps291/multi farley.rpm
98.03.13 09:37 B D:\cdrom\multi\farleya.htm --> cps.msu.edu /user/cd/cps291/multi farleya.htm
98.03.13 09:37 B D:\cdrom\multi\farleya.ra --> cps.msu.edu /user/cd/cps291/multi farleya.ra
98.03.13 09:37 B D:\cdrom\multi\farleya.ram --> cps.msu.edu /user/cd/cps291/multi farleya.ram
98.03.13 09:37 B D:\cdrom\multi\farleya.rpm --> cps.msu.edu /user/cd/cps291/multi farleya.rpm
98.03.13 09:37 B D:\cdrom\multi\hughes.htm --> cps.msu.edu /user/cd/cps291/multi hughes.htm
98.03.13 09:37 B D:\cdrom\multi\hughes.ram --> cps.msu.edu /user/cd/cps291/multi hughes.ram
98.03.13 09:37 B D:\cdrom\multi\hughes.rm --> cps.msu.edu /user/cd/cps291/multi hughes.rm
98.03.13 09:37 B D:\cdrom\multi\hughes.rpm --> cps.msu.edu /user/cd/cps291/multi hughes.rpm
98.03.13 09:37 B D:\cdrom\multi\hughesa.htm --> cps.msu.edu /user/cd/cps291/multi hughesa.htm
98.03.13 09:37 B D:\cdrom\multi\hughesa.ra --> cps.msu.edu /user/cd/cps291/multi hughesa.ra
98.03.13 09:37 B D:\cdrom\multi\hughesa.ram --> cps.msu.edu /user/cd/cps291/multi hughesa.ram
98.03.13 09:37 B D:\cdrom\multi\hughesa.rpm --> cps.msu.edu /user/cd/cps291/multi hughesa.rpm
98.03.13 09:37 B D:\cdrom\multi\index.crs --> cps.msu.edu /user/cd/cps291/multi index.crs
98.03.13 09:37 B D:\cdrom\multi\index.htm --> cps.msu.edu /user/cd/cps291/multi index.htm
98.03.13 09:37 B D:\cdrom\multi\index.net --> cps.msu.edu /user/cd/cps291/multi index.net
98.03.13 09:37 B D:\cdrom\multi\isaak.htm --> cps.msu.edu /user/cd/cps291/multi isaak.htm
98.03.13 09:37 B D:\cdrom\multi\isaak.ram --> cps.msu.edu /user/cd/cps291/multi isaak.ram
98.03.13 09:37 B D:\cdrom\multi\isaak.rm --> cps.msu.edu /user/cd/cps291/multi isaak.rm
98.03.13 09:37 B D:\cdrom\multi\isaak.rpm --> cps.msu.edu /user/cd/cps291/multi isaak.rpm
98.03.13 09:37 B D:\cdrom\multi\isaaka.htm --> cps.msu.edu /user/cd/cps291/multi isaaka.htm
98.03.13 09:37 B D:\cdrom\multi\isaaka.ra --> cps.msu.edu /user/cd/cps291/multi isaaka.ra
98.03.13 09:37 B D:\cdrom\multi\isaaka.ram --> cps.msu.edu /user/cd/cps291/multi isaaka.ram
98.03.13 09:37 B D:\cdrom\multi\isaaka.rpm --> cps.msu.edu /user/cd/cps291/multi isaaka.rpm
98.03.13 09:37 B D:\cdrom\multi\itv.htm --> cps.msu.edu /user/cd/cps291/multi itv.htm
98.03.13 09:38 B D:\cdrom\multi\itv.ram --> cps.msu.edu /user/cd/cps291/multi itv.ram
98.03.13 09:38 B D:\cdrom\multi\itv.rm --> cps.msu.edu /user/cd/cps291/multi itv.rm
98.03.13 09:38 B D:\cdrom\multi\itv.rpm --> cps.msu.edu /user/cd/cps291/multi itv.rpm
98.03.13 09:38 B D:\cdrom\multi\jenes.htm --> cps.msu.edu /user/cd/cps291/multi jenes.htm
98.03.13 09:38 B D:\cdrom\multi\jenes.ram --> cps.msu.edu /user/cd/cps291/multi jenes.ram
98.03.13 09:38 B D:\cdrom\multi\jenes.rm --> cps.msu.edu /user/cd/cps291/multi jenes.rm
98.03.13 09:38 B D:\cdrom\multi\jenes.rpm --> cps.msu.edu /user/cd/cps291/multi jenes.rpm
98.03.13 09:38 B D:\cdrom\multi\jenesa.htm --> cps.msu.edu /user/cd/cps291/multi jenesa.htm
98.03.13 09:38 B D:\cdrom\multi\jenesa.ra --> cps.msu.edu /user/cd/cps291/multi jenesa.ra
98.03.13 09:38 B D:\cdrom\multi\jenesa.ram --> cps.msu.edu /user/cd/cps291/multi jenesa.ram
98.03.13 09:38 B D:\cdrom\multi\jenesa.rpm --> cps.msu.edu /user/cd/cps291/multi jenesa.rpm
98.03.13 09:38 B D:\cdrom\multi\lebow.htm --> cps.msu.edu /user/cd/cps291/multi lebow.htm
98.03.13 09:38 B D:\cdrom\multi\lebow.ram --> cps.msu.edu /user/cd/cps291/multi lebow.ram
98.03.13 09:38 B D:\cdrom\multi\lebow.rm --> cps.msu.edu /user/cd/cps291/multi lebow.rm
98.03.13 09:38 B D:\cdrom\multi\lebow.rpm --> cps.msu.edu /user/cd/cps291/multi lebow.rpm
98.03.13 09:38 B D:\cdrom\multi\lebowa.htm --> cps.msu.edu /user/cd/cps291/multi lebowa.htm
98.03.13 09:38 B D:\cdrom\multi\lebowa.ra --> cps.msu.edu /user/cd/cps291/multi lebowa.ra
98.03.13 09:38 B D:\cdrom\multi\lebowa.ram --> cps.msu.edu /user/cd/cps291/multi lebowa.ram
98.03.13 09:38 B D:\cdrom\multi\lebowa.rpm --> cps.msu.edu /user/cd/cps291/multi lebowa.rpm
98.03.13 09:38 B D:\cdrom\multi\lindow.htm --> cps.msu.edu /user/cd/cps291/multi lindow.htm
98.03.13 09:38 B D:\cdrom\multi\lindow.ram --> cps.msu.edu /user/cd/cps291/multi lindow.ram
98.03.13 09:38 B D:\cdrom\multi\lindow.rm --> cps.msu.edu /user/cd/cps291/multi lindow.rm
98.03.13 09:38 B D:\cdrom\multi\lindow.rpm --> cps.msu.edu /user/cd/cps291/multi lindow.rpm
98.03.13 09:38 B D:\cdrom\multi\lindowa.htm --> cps.msu.edu /user/cd/cps291/multi lindowa.htm
98.03.13 09:38 B D:\cdrom\multi\lindowa.ra --> cps.msu.edu /user/cd/cps291/multi lindowa.ra
98.03.13 09:38 B D:\cdrom\multi\lindowa.ram --> cps.msu.edu /user/cd/cps291/multi lindowa.ram
98.03.13 09:38 B D:\cdrom\multi\lindowa.rpm --> cps.msu.edu /user/cd/cps291/multi lindowa.rpm
98.03.13 09:38 B D:\cdrom\multi\makeind.mnu --> cps.msu.edu /user/cd/cps291/multi makeind.mnu
98.03.13 09:38 B D:\cdrom\multi\makeind.sed --> cps.msu.edu /user/cd/cps291/multi makeind.sed
98.03.13 09:38 B D:\cdrom\multi\makeram --> cps.msu.edu /user/cd/cps291/multi makeram
98.03.13 09:38 B D:\cdrom\multi\nando.htm --> cps.msu.edu /user/cd/cps291/multi nando.htm
98.03.13 09:38 B D:\cdrom\multi\nando.ram --> cps.msu.edu /user/cd/cps291/multi nando.ram
98.03.13 09:38 B D:\cdrom\multi\nando.rm --> cps.msu.edu /user/cd/cps291/multi nando.rm
98.03.13 09:38 B D:\cdrom\multi\nando.rpm --> cps.msu.edu /user/cd/cps291/multi nando.rpm
98.03.13 09:38 B D:\cdrom\multi\nandoa.htm --> cps.msu.edu /user/cd/cps291/multi nandoa.htm
98.03.13 09:38 B D:\cdrom\multi\nandoa.ra --> cps.msu.edu /user/cd/cps291/multi nandoa.ra
98.03.13 09:38 B D:\cdrom\multi\nandoa.ram --> cps.msu.edu /user/cd/cps291/multi nandoa.ram
98.03.13 09:38 B D:\cdrom\multi\nandoa.rpm --> cps.msu.edu /user/cd/cps291/multi nandoa.rpm
98.03.13 09:38 B D:\cdrom\multi\sher.htm --> cps.msu.edu /user/cd/cps291/multi sher.htm
98.03.13 09:38 B D:\cdrom\multi\sher.ram --> cps.msu.edu /user/cd/cps291/multi sher.ram
98.03.13 09:38 B D:\cdrom\multi\sher.rm --> cps.msu.edu /user/cd/cps291/multi sher.rm
98.03.13 09:38 B D:\cdrom\multi\sher.rpm --> cps.msu.edu /user/cd/cps291/multi sher.rpm
98.03.13 09:38 B D:\cdrom\multi\shera.htm --> cps.msu.edu /user/cd/cps291/multi shera.htm
98.03.13 09:38 B D:\cdrom\multi\shera.ra --> cps.msu.edu /user/cd/cps291/multi shera.ra
98.03.13 09:38 B D:\cdrom\multi\shera.ram --> cps.msu.edu /user/cd/cps291/multi shera.ram
98.03.13 09:38 B D:\cdrom\multi\shera.rpm --> cps.msu.edu /user/cd/cps291/multi shera.rpm
98.03.13 09:38 B D:\cdrom\multi\skel.htm --> cps.msu.edu /user/cd/cps291/multi skel.htm
98.03.13 09:39 B D:\cdrom\multi\skela.htm --> cps.msu.edu /user/cd/cps291/multi skela.htm
98.03.13 09:39 B D:\cdrom\multi\smarr28.htm --> cps.msu.edu /user/cd/cps291/multi smarr28.htm
98.03.13 09:39 B D:\cdrom\multi\smarr28.ram --> cps.msu.edu /user/cd/cps291/multi smarr28.ram
98.03.13 09:39 B D:\cdrom\multi\smarr28.rm --> cps.msu.edu /user/cd/cps291/multi smarr28.rm
98.03.13 09:39 B D:\cdrom\multi\smarr28.rpm --> cps.msu.edu /user/cd/cps291/multi smarr28.rpm
98.03.13 09:39 B D:\cdrom\multi\smarr56.htm --> cps.msu.edu /user/cd/cps291/multi smarr56.htm
98.03.13 09:39 B D:\cdrom\multi\smarr56.ram --> cps.msu.edu /user/cd/cps291/multi smarr56.ram
98.03.13 09:41 B D:\cdrom\multi\smarr56.rm --> cps.msu.edu /user/cd/cps291/multi smarr56.rm
98.03.13 09:41 B D:\cdrom\multi\smarr56.rpm --> cps.msu.edu /user/cd/cps291/multi smarr56.rpm
98.03.13 09:41 B D:\cdrom\multi\stand.htm --> cps.msu.edu /user/cd/cps291/multi stand.htm
98.03.13 09:41 B D:\cdrom\multi\stand.ram --> cps.msu.edu /user/cd/cps291/multi stand.ram
98.03.13 09:41 B D:\cdrom\multi\stand.rm --> cps.msu.edu /user/cd/cps291/multi stand.rm
98.03.13 09:41 B D:\cdrom\multi\stand.rpm --> cps.msu.edu /user/cd/cps291/multi stand.rpm
98.03.13 09:41 B D:\cdrom\multi\standa.htm --> cps.msu.edu /user/cd/cps291/multi standa.htm
98.03.13 09:41 B D:\cdrom\multi\standa.ra --> cps.msu.edu /user/cd/cps291/multi standa.ra
98.03.13 09:41 B D:\cdrom\multi\standa.ram --> cps.msu.edu /user/cd/cps291/multi standa.ram
98.03.13 09:41 B D:\cdrom\multi\standa.rpm --> cps.msu.edu /user/cd/cps291/multi standa.rpm
98.03.13 09:41 B D:\cdrom\multi\stoug.htm --> cps.msu.edu /user/cd/cps291/multi stoug.htm
98.03.13 09:41 B D:\cdrom\multi\stoug.ram --> cps.msu.edu /user/cd/cps291/multi stoug.ram
98.03.13 09:41 B D:\cdrom\multi\stoug.rm --> cps.msu.edu /user/cd/cps291/multi stoug.rm
98.03.13 09:41 B D:\cdrom\multi\stoug.rpm --> cps.msu.edu /user/cd/cps291/multi stoug.rpm
98.03.13 09:41 B D:\cdrom\multi\stouga.htm --> cps.msu.edu /user/cd/cps291/multi stouga.htm
98.03.13 09:41 B D:\cdrom\multi\stouga.ra --> cps.msu.edu /user/cd/cps291/multi stouga.ra
98.03.13 09:41 B D:\cdrom\multi\stouga.ram --> cps.msu.edu /user/cd/cps291/multi stouga.ram
98.03.13 09:41 B D:\cdrom\multi\stouga.rpm --> cps.msu.edu /user/cd/cps291/multi stouga.rpm
98.03.13 09:41 B D:\cdrom\multi\worlds.htm --> cps.msu.edu /user/cd/cps291/multi worlds.htm
98.03.13 09:41 B D:\cdrom\multi\worlds.ram --> cps.msu.edu /user/cd/cps291/multi worlds.ram
98.03.13 09:41 B D:\cdrom\multi\worlds.rm --> cps.msu.edu /user/cd/cps291/multi worlds.rm
98.03.13 09:41 B D:\cdrom\multi\worlds.rpm --> cps.msu.edu /user/cd/cps291/multi worlds.rpm
98.03.13 09:41 B D:\cdrom\multi\worldsa.htm --> cps.msu.edu /user/cd/cps291/multi worldsa.htm
98.03.13 09:41 B D:\cdrom\multi\worldsa.ra --> cps.msu.edu /user/cd/cps291/multi worldsa.ra
98.03.13 09:41 B D:\cdrom\multi\worldsa.ram --> cps.msu.edu /user/cd/cps291/multi worldsa.ram
98.03.13 09:41 B D:\cdrom\multi\worldsa.rpm --> cps.msu.edu /user/cd/cps291/multi worldsa.rpm
98.03.13 09:41 B D:\cdrom\multi\WS_FTP.LOG --> cps.msu.edu /user/cd/cps291/multi WS_FTP.LOG
