98.02.02 09:55 B D:\syncomat\htm_sld\food\ielogo.gif --> arctic.cps.msu.edu /user/cd/cps291/syncomat/htm_sld/food ielogo.gif
98.02.02 09:55 B D:\syncomat\htm_sld\food\img001.GIF --> arctic.cps.msu.edu /user/cd/cps291/syncomat/htm_sld/food img001.GIF
98.02.02 09:55 B D:\syncomat\htm_sld\food\img002.GIF --> arctic.cps.msu.edu /user/cd/cps291/syncomat/htm_sld/food img002.GIF
98.02.02 09:55 B D:\syncomat\htm_sld\food\img003.GIF --> arctic.cps.msu.edu /user/cd/cps291/syncomat/htm_sld/food img003.GIF
98.02.02 09:55 B D:\syncomat\htm_sld\food\img004.GIF --> arctic.cps.msu.edu /user/cd/cps291/syncomat/htm_sld/food img004.GIF
98.02.02 09:55 B D:\syncomat\htm_sld\food\index.htm --> arctic.cps.msu.edu /user/cd/cps291/syncomat/htm_sld/food index.htm
98.02.02 09:55 B D:\syncomat\htm_sld\food\pptani.gif --> arctic.cps.msu.edu /user/cd/cps291/syncomat/htm_sld/food pptani.gif
98.02.02 09:55 B D:\syncomat\htm_sld\food\sld001.htm --> arctic.cps.msu.edu /user/cd/cps291/syncomat/htm_sld/food sld001.htm
98.02.02 09:55 B D:\syncomat\htm_sld\food\sld002.htm --> arctic.cps.msu.edu /user/cd/cps291/syncomat/htm_sld/food sld002.htm
98.02.02 09:55 B D:\syncomat\htm_sld\food\sld003.htm --> arctic.cps.msu.edu /user/cd/cps291/syncomat/htm_sld/food sld003.htm
98.02.02 09:55 B D:\syncomat\htm_sld\food\sld004.htm --> arctic.cps.msu.edu /user/cd/cps291/syncomat/htm_sld/food sld004.htm
98.02.02 09:55 B D:\syncomat\htm_sld\food\space.gif --> arctic.cps.msu.edu /user/cd/cps291/syncomat/htm_sld/food space.gif
98.02.02 09:55 B D:\syncomat\htm_sld\food\tsld001.htm --> arctic.cps.msu.edu /user/cd/cps291/syncomat/htm_sld/food tsld001.htm
98.02.02 09:55 B D:\syncomat\htm_sld\food\tsld002.htm --> arctic.cps.msu.edu /user/cd/cps291/syncomat/htm_sld/food tsld002.htm
98.02.02 09:55 B D:\syncomat\htm_sld\food\tsld003.htm --> arctic.cps.msu.edu /user/cd/cps291/syncomat/htm_sld/food tsld003.htm
98.02.02 09:55 B D:\syncomat\htm_sld\food\tsld004.htm --> arctic.cps.msu.edu /user/cd/cps291/syncomat/htm_sld/food tsld004.htm
98.03.12 22:59 B D:\syncomat\htm_sld\food\ielogo.gif --> cps.msu.edu /user/cd/cps291/syncomat/htm_sld/food ielogo.gif
98.03.12 22:59 B D:\syncomat\htm_sld\food\img001.GIF --> cps.msu.edu /user/cd/cps291/syncomat/htm_sld/food img001.GIF
98.03.12 22:59 B D:\syncomat\htm_sld\food\img002.GIF --> cps.msu.edu /user/cd/cps291/syncomat/htm_sld/food img002.GIF
98.03.12 22:59 B D:\syncomat\htm_sld\food\img003.GIF --> cps.msu.edu /user/cd/cps291/syncomat/htm_sld/food img003.GIF
98.03.12 22:59 B D:\syncomat\htm_sld\food\img004.GIF --> cps.msu.edu /user/cd/cps291/syncomat/htm_sld/food img004.GIF
98.03.12 22:59 B D:\syncomat\htm_sld\food\index.htm --> cps.msu.edu /user/cd/cps291/syncomat/htm_sld/food index.htm
98.03.12 22:59 B D:\syncomat\htm_sld\food\pptani.gif --> cps.msu.edu /user/cd/cps291/syncomat/htm_sld/food pptani.gif
98.03.12 22:59 B D:\syncomat\htm_sld\food\sld001.htm --> cps.msu.edu /user/cd/cps291/syncomat/htm_sld/food sld001.htm
98.03.12 22:59 B D:\syncomat\htm_sld\food\sld002.htm --> cps.msu.edu /user/cd/cps291/syncomat/htm_sld/food sld002.htm
98.03.12 22:59 B D:\syncomat\htm_sld\food\sld003.htm --> cps.msu.edu /user/cd/cps291/syncomat/htm_sld/food sld003.htm
98.03.12 22:59 B D:\syncomat\htm_sld\food\sld004.htm --> cps.msu.edu /user/cd/cps291/syncomat/htm_sld/food sld004.htm
98.03.12 22:59 B D:\syncomat\htm_sld\food\space.gif --> cps.msu.edu /user/cd/cps291/syncomat/htm_sld/food space.gif
98.03.12 22:59 B D:\syncomat\htm_sld\food\tsld001.htm --> cps.msu.edu /user/cd/cps291/syncomat/htm_sld/food tsld001.htm
98.03.12 22:59 B D:\syncomat\htm_sld\food\tsld002.htm --> cps.msu.edu /user/cd/cps291/syncomat/htm_sld/food tsld002.htm
98.03.12 22:59 B D:\syncomat\htm_sld\food\tsld003.htm --> cps.msu.edu /user/cd/cps291/syncomat/htm_sld/food tsld003.htm
98.03.12 22:59 B D:\syncomat\htm_sld\food\tsld004.htm --> cps.msu.edu /user/cd/cps291/syncomat/htm_sld/food tsld004.htm
98.03.12 22:59 B D:\syncomat\htm_sld\food\WS_FTP.LOG --> cps.msu.edu /user/cd/cps291/syncomat/htm_sld/food WS_FTP.LOG
