98.06.25 06:10 B d:\syncomat\syncweb\html\af001.htm --> pilot.msu.edu /msu/course/vu/egr124/preview/lectures/html af001.htm
98.06.25 06:10 B d:\syncomat\syncweb\html\af002.htm --> pilot.msu.edu /msu/course/vu/egr124/preview/lectures/html af002.htm
98.06.25 06:10 B d:\syncomat\syncweb\html\af003.htm --> pilot.msu.edu /msu/course/vu/egr124/preview/lectures/html af003.htm
98.06.25 06:10 B d:\syncomat\syncweb\html\af004.htm --> pilot.msu.edu /msu/course/vu/egr124/preview/lectures/html af004.htm
98.06.25 06:10 B d:\syncomat\syncweb\html\af005.htm --> pilot.msu.edu /msu/course/vu/egr124/preview/lectures/html af005.htm
98.06.25 06:10 B d:\syncomat\syncweb\html\af006.htm --> pilot.msu.edu /msu/course/vu/egr124/preview/lectures/html af006.htm
98.06.25 06:10 B d:\syncomat\syncweb\html\af007.htm --> pilot.msu.edu /msu/course/vu/egr124/preview/lectures/html af007.htm
98.06.25 06:10 B d:\syncomat\syncweb\html\af008.htm --> pilot.msu.edu /msu/course/vu/egr124/preview/lectures/html af008.htm
98.06.25 06:10 B d:\syncomat\syncweb\html\af009.htm --> pilot.msu.edu /msu/course/vu/egr124/preview/lectures/html af009.htm
98.06.25 06:10 B d:\syncomat\syncweb\html\af010.htm --> pilot.msu.edu /msu/course/vu/egr124/preview/lectures/html af010.htm
98.06.25 06:10 B d:\syncomat\syncweb\html\af011.htm --> pilot.msu.edu /msu/course/vu/egr124/preview/lectures/html af011.htm
98.06.25 06:10 B d:\syncomat\syncweb\html\af012.htm --> pilot.msu.edu /msu/course/vu/egr124/preview/lectures/html af012.htm
98.06.25 06:10 B d:\syncomat\syncweb\html\af013.htm --> pilot.msu.edu /msu/course/vu/egr124/preview/lectures/html af013.htm
98.06.25 06:10 B d:\syncomat\syncweb\html\af014.htm --> pilot.msu.edu /msu/course/vu/egr124/preview/lectures/html af014.htm
98.06.25 06:10 B d:\syncomat\syncweb\html\af015.htm --> pilot.msu.edu /msu/course/vu/egr124/preview/lectures/html af015.htm
98.06.25 06:10 B d:\syncomat\syncweb\html\af016.htm --> pilot.msu.edu /msu/course/vu/egr124/preview/lectures/html af016.htm
98.06.25 06:10 B d:\syncomat\syncweb\html\af017.htm --> pilot.msu.edu /msu/course/vu/egr124/preview/lectures/html af017.htm
98.06.25 06:10 B d:\syncomat\syncweb\html\af018.htm --> pilot.msu.edu /msu/course/vu/egr124/preview/lectures/html af018.htm
98.06.25 06:10 B d:\syncomat\syncweb\html\af019.htm --> pilot.msu.edu /msu/course/vu/egr124/preview/lectures/html af019.htm
98.06.25 06:10 B d:\syncomat\syncweb\html\af020.htm --> pilot.msu.edu /msu/course/vu/egr124/preview/lectures/html af020.htm
98.06.25 06:10 B d:\syncomat\syncweb\html\af021.htm --> pilot.msu.edu /msu/course/vu/egr124/preview/lectures/html af021.htm
98.06.25 06:10 B d:\syncomat\syncweb\html\af022.htm --> pilot.msu.edu /msu/course/vu/egr124/preview/lectures/html af022.htm
98.06.25 06:10 B d:\syncomat\syncweb\html\af023.htm --> pilot.msu.edu /msu/course/vu/egr124/preview/lectures/html af023.htm
98.06.25 06:10 B d:\syncomat\syncweb\html\af024.htm --> pilot.msu.edu /msu/course/vu/egr124/preview/lectures/html af024.htm
98.06.25 06:10 B d:\syncomat\syncweb\html\af025.htm --> pilot.msu.edu /msu/course/vu/egr124/preview/lectures/html af025.htm
98.06.25 06:10 B d:\syncomat\syncweb\html\af026.htm --> pilot.msu.edu /msu/course/vu/egr124/preview/lectures/html af026.htm
98.06.25 06:10 B d:\syncomat\syncweb\html\af027.htm --> pilot.msu.edu /msu/course/vu/egr124/preview/lectures/html af027.htm
98.06.25 06:10 B d:\syncomat\syncweb\html\af028.htm --> pilot.msu.edu /msu/course/vu/egr124/preview/lectures/html af028.htm
98.06.25 06:10 B d:\syncomat\syncweb\html\af029.htm --> pilot.msu.edu /msu/course/vu/egr124/preview/lectures/html af029.htm
98.06.25 06:10 B d:\syncomat\syncweb\html\af030.htm --> pilot.msu.edu /msu/course/vu/egr124/preview/lectures/html af030.htm
98.06.25 06:10 B d:\syncomat\syncweb\html\af031.htm --> pilot.msu.edu /msu/course/vu/egr124/preview/lectures/html af031.htm
98.06.25 06:10 B d:\syncomat\syncweb\html\af032.htm --> pilot.msu.edu /msu/course/vu/egr124/preview/lectures/html af032.htm
98.06.25 06:10 B d:\syncomat\syncweb\html\af033.htm --> pilot.msu.edu /msu/course/vu/egr124/preview/lectures/html af033.htm
98.06.25 06:10 B d:\syncomat\syncweb\html\af034.htm --> pilot.msu.edu /msu/course/vu/egr124/preview/lectures/html af034.htm
98.06.25 06:10 B d:\syncomat\syncweb\html\af035.htm --> pilot.msu.edu /msu/course/vu/egr124/preview/lectures/html af035.htm
98.06.25 06:10 B d:\syncomat\syncweb\html\af036.htm --> pilot.msu.edu /msu/course/vu/egr124/preview/lectures/html af036.htm
98.06.25 06:10 B d:\syncomat\syncweb\html\af037.htm --> pilot.msu.edu /msu/course/vu/egr124/preview/lectures/html af037.htm
98.06.25 06:10 B d:\syncomat\syncweb\html\af038.htm --> pilot.msu.edu /msu/course/vu/egr124/preview/lectures/html af038.htm
98.06.25 06:10 B d:\syncomat\syncweb\html\af039.htm --> pilot.msu.edu /msu/course/vu/egr124/preview/lectures/html af039.htm
98.06.25 06:10 B d:\syncomat\syncweb\html\af040.htm --> pilot.msu.edu /msu/course/vu/egr124/preview/lectures/html af040.htm
98.06.25 06:10 B d:\syncomat\syncweb\html\af041.htm --> pilot.msu.edu /msu/course/vu/egr124/preview/lectures/html af041.htm
98.06.25 06:10 B d:\syncomat\syncweb\html\af042.htm --> pilot.msu.edu /msu/course/vu/egr124/preview/lectures/html af042.htm
98.06.25 06:10 B d:\syncomat\syncweb\html\af043.htm --> pilot.msu.edu /msu/course/vu/egr124/preview/lectures/html af043.htm
98.06.25 06:10 B d:\syncomat\syncweb\html\af044.htm --> pilot.msu.edu /msu/course/vu/egr124/preview/lectures/html af044.htm
98.06.25 06:11 B d:\syncomat\syncweb\html\af045.htm --> pilot.msu.edu /msu/course/vu/egr124/preview/lectures/html af045.htm
98.06.25 06:11 B d:\syncomat\syncweb\html\af046.htm --> pilot.msu.edu /msu/course/vu/egr124/preview/lectures/html af046.htm
98.06.25 06:11 B d:\syncomat\syncweb\html\an001.htm --> pilot.msu.edu /msu/course/vu/egr124/preview/lectures/html an001.htm
98.06.25 06:11 B d:\syncomat\syncweb\html\an002.htm --> pilot.msu.edu /msu/course/vu/egr124/preview/lectures/html an002.htm
98.06.25 06:11 B d:\syncomat\syncweb\html\an003.htm --> pilot.msu.edu /msu/course/vu/egr124/preview/lectures/html an003.htm
98.06.25 06:11 B d:\syncomat\syncweb\html\an004.htm --> pilot.msu.edu /msu/course/vu/egr124/preview/lectures/html an004.htm
98.06.25 06:11 B d:\syncomat\syncweb\html\an005.htm --> pilot.msu.edu /msu/course/vu/egr124/preview/lectures/html an005.htm
98.06.25 06:11 B d:\syncomat\syncweb\html\an006.htm --> pilot.msu.edu /msu/course/vu/egr124/preview/lectures/html an006.htm
98.06.25 06:11 B d:\syncomat\syncweb\html\an007.htm --> pilot.msu.edu /msu/course/vu/egr124/preview/lectures/html an007.htm
98.06.25 06:11 B d:\syncomat\syncweb\html\an008.htm --> pilot.msu.edu /msu/course/vu/egr124/preview/lectures/html an008.htm
98.06.25 06:11 B d:\syncomat\syncweb\html\an009.htm --> pilot.msu.edu /msu/course/vu/egr124/preview/lectures/html an009.htm
98.06.25 06:11 B d:\syncomat\syncweb\html\an010.htm --> pilot.msu.edu /msu/course/vu/egr124/preview/lectures/html an010.htm
98.06.25 06:11 B d:\syncomat\syncweb\html\an011.htm --> pilot.msu.edu /msu/course/vu/egr124/preview/lectures/html an011.htm
98.06.25 06:11 B d:\syncomat\syncweb\html\an012.htm --> pilot.msu.edu /msu/course/vu/egr124/preview/lectures/html an012.htm
98.06.25 06:11 B d:\syncomat\syncweb\html\an013.htm --> pilot.msu.edu /msu/course/vu/egr124/preview/lectures/html an013.htm
98.06.25 06:11 B d:\syncomat\syncweb\html\an014.htm --> pilot.msu.edu /msu/course/vu/egr124/preview/lectures/html an014.htm
98.06.25 06:11 B d:\syncomat\syncweb\html\an015.htm --> pilot.msu.edu /msu/course/vu/egr124/preview/lectures/html an015.htm
98.06.25 06:11 B d:\syncomat\syncweb\html\an016.htm --> pilot.msu.edu /msu/course/vu/egr124/preview/lectures/html an016.htm
98.06.25 06:11 B d:\syncomat\syncweb\html\an017.htm --> pilot.msu.edu /msu/course/vu/egr124/preview/lectures/html an017.htm
98.06.25 06:11 B d:\syncomat\syncweb\html\an018.htm --> pilot.msu.edu /msu/course/vu/egr124/preview/lectures/html an018.htm
98.06.25 06:11 B d:\syncomat\syncweb\html\an019.htm --> pilot.msu.edu /msu/course/vu/egr124/preview/lectures/html an019.htm
98.06.25 06:11 B d:\syncomat\syncweb\html\an020.htm --> pilot.msu.edu /msu/course/vu/egr124/preview/lectures/html an020.htm
98.06.25 06:11 B d:\syncomat\syncweb\html\an021.htm --> pilot.msu.edu /msu/course/vu/egr124/preview/lectures/html an021.htm
98.06.25 06:11 B d:\syncomat\syncweb\html\an022.htm --> pilot.msu.edu /msu/course/vu/egr124/preview/lectures/html an022.htm
98.06.25 06:11 B d:\syncomat\syncweb\html\an023.htm --> pilot.msu.edu /msu/course/vu/egr124/preview/lectures/html an023.htm
98.06.25 06:11 B d:\syncomat\syncweb\html\an024.htm --> pilot.msu.edu /msu/course/vu/egr124/preview/lectures/html an024.htm
98.06.25 06:11 B d:\syncomat\syncweb\html\an025.htm --> pilot.msu.edu /msu/course/vu/egr124/preview/lectures/html an025.htm
98.06.25 06:11 B d:\syncomat\syncweb\html\an026.htm --> pilot.msu.edu /msu/course/vu/egr124/preview/lectures/html an026.htm
98.06.25 06:11 B d:\syncomat\syncweb\html\an027.htm --> pilot.msu.edu /msu/course/vu/egr124/preview/lectures/html an027.htm
98.06.25 06:11 B d:\syncomat\syncweb\html\an028.htm --> pilot.msu.edu /msu/course/vu/egr124/preview/lectures/html an028.htm
98.06.25 06:11 B d:\syncomat\syncweb\html\an029.htm --> pilot.msu.edu /msu/course/vu/egr124/preview/lectures/html an029.htm
98.06.25 06:11 B d:\syncomat\syncweb\html\an030.htm --> pilot.msu.edu /msu/course/vu/egr124/preview/lectures/html an030.htm
98.06.25 06:11 B d:\syncomat\syncweb\html\an031.htm --> pilot.msu.edu /msu/course/vu/egr124/preview/lectures/html an031.htm
98.06.25 06:11 B d:\syncomat\syncweb\html\an032.htm --> pilot.msu.edu /msu/course/vu/egr124/preview/lectures/html an032.htm
98.06.25 06:11 B d:\syncomat\syncweb\html\an033.htm --> pilot.msu.edu /msu/course/vu/egr124/preview/lectures/html an033.htm
98.06.25 06:11 B d:\syncomat\syncweb\html\an034.htm --> pilot.msu.edu /msu/course/vu/egr124/preview/lectures/html an034.htm
98.06.25 06:11 B d:\syncomat\syncweb\html\an035.htm --> pilot.msu.edu /msu/course/vu/egr124/preview/lectures/html an035.htm
98.06.25 06:11 B d:\syncomat\syncweb\html\an036.htm --> pilot.msu.edu /msu/course/vu/egr124/preview/lectures/html an036.htm
98.06.25 06:11 B d:\syncomat\syncweb\html\an037.htm --> pilot.msu.edu /msu/course/vu/egr124/preview/lectures/html an037.htm
98.06.25 06:11 B d:\syncomat\syncweb\html\an038.htm --> pilot.msu.edu /msu/course/vu/egr124/preview/lectures/html an038.htm
98.06.25 06:11 B d:\syncomat\syncweb\html\an039.htm --> pilot.msu.edu /msu/course/vu/egr124/preview/lectures/html an039.htm
98.06.25 06:11 B d:\syncomat\syncweb\html\an040.htm --> pilot.msu.edu /msu/course/vu/egr124/preview/lectures/html an040.htm
98.06.25 06:11 B d:\syncomat\syncweb\html\an041.htm --> pilot.msu.edu /msu/course/vu/egr124/preview/lectures/html an041.htm
98.06.25 06:11 B d:\syncomat\syncweb\html\an042.htm --> pilot.msu.edu /msu/course/vu/egr124/preview/lectures/html an042.htm
98.06.25 06:11 B d:\syncomat\syncweb\html\an043.htm --> pilot.msu.edu /msu/course/vu/egr124/preview/lectures/html an043.htm
98.06.25 06:11 B d:\syncomat\syncweb\html\an044.htm --> pilot.msu.edu /msu/course/vu/egr124/preview/lectures/html an044.htm
98.06.25 06:11 B d:\syncomat\syncweb\html\an045.htm --> pilot.msu.edu /msu/course/vu/egr124/preview/lectures/html an045.htm
98.06.25 06:11 B d:\syncomat\syncweb\html\an046.htm --> pilot.msu.edu /msu/course/vu/egr124/preview/lectures/html an046.htm
98.06.25 06:11 B d:\syncomat\syncweb\html\ar001.ram --> pilot.msu.edu /msu/course/vu/egr124/preview/lectures/html ar001.ram
98.06.25 06:11 B d:\syncomat\syncweb\html\ar001.rpm --> pilot.msu.edu /msu/course/vu/egr124/preview/lectures/html ar001.rpm
98.06.25 06:11 B d:\syncomat\syncweb\html\ar002.ram --> pilot.msu.edu /msu/course/vu/egr124/preview/lectures/html ar002.ram
98.06.25 06:11 B d:\syncomat\syncweb\html\ar002.rpm --> pilot.msu.edu /msu/course/vu/egr124/preview/lectures/html ar002.rpm
98.06.25 06:11 B d:\syncomat\syncweb\html\ar003.ram --> pilot.msu.edu /msu/course/vu/egr124/preview/lectures/html ar003.ram
98.06.25 06:11 B d:\syncomat\syncweb\html\ar003.rpm --> pilot.msu.edu /msu/course/vu/egr124/preview/lectures/html ar003.rpm
98.06.25 06:11 B d:\syncomat\syncweb\html\ar004.ram --> pilot.msu.edu /msu/course/vu/egr124/preview/lectures/html ar004.ram
98.06.25 06:11 B d:\syncomat\syncweb\html\ar004.rpm --> pilot.msu.edu /msu/course/vu/egr124/preview/lectures/html ar004.rpm
98.06.25 06:11 B d:\syncomat\syncweb\html\ar005.ram --> pilot.msu.edu /msu/course/vu/egr124/preview/lectures/html ar005.ram
98.06.25 06:11 B d:\syncomat\syncweb\html\ar005.rpm --> pilot.msu.edu /msu/course/vu/egr124/preview/lectures/html ar005.rpm
98.06.25 06:11 B d:\syncomat\syncweb\html\ar006.ram --> pilot.msu.edu /msu/course/vu/egr124/preview/lectures/html ar006.ram
98.06.25 06:11 B d:\syncomat\syncweb\html\ar006.rpm --> pilot.msu.edu /msu/course/vu/egr124/preview/lectures/html ar006.rpm
98.06.25 06:11 B d:\syncomat\syncweb\html\ar007.ram --> pilot.msu.edu /msu/course/vu/egr124/preview/lectures/html ar007.ram
98.06.25 06:11 B d:\syncomat\syncweb\html\ar007.rpm --> pilot.msu.edu /msu/course/vu/egr124/preview/lectures/html ar007.rpm
98.06.25 06:11 B d:\syncomat\syncweb\html\ar008.ram --> pilot.msu.edu /msu/course/vu/egr124/preview/lectures/html ar008.ram
98.06.25 06:11 B d:\syncomat\syncweb\html\ar008.rpm --> pilot.msu.edu /msu/course/vu/egr124/preview/lectures/html ar008.rpm
98.06.25 06:11 B d:\syncomat\syncweb\html\ar009.ram --> pilot.msu.edu /msu/course/vu/egr124/preview/lectures/html ar009.ram
98.06.25 06:11 B d:\syncomat\syncweb\html\ar009.rpm --> pilot.msu.edu /msu/course/vu/egr124/preview/lectures/html ar009.rpm
98.06.25 06:11 B d:\syncomat\syncweb\html\ar010.ram --> pilot.msu.edu /msu/course/vu/egr124/preview/lectures/html ar010.ram
98.06.25 06:11 B d:\syncomat\syncweb\html\ar010.rpm --> pilot.msu.edu /msu/course/vu/egr124/preview/lectures/html ar010.rpm
98.06.25 06:11 B d:\syncomat\syncweb\html\ar011.ram --> pilot.msu.edu /msu/course/vu/egr124/preview/lectures/html ar011.ram
98.06.25 06:11 B d:\syncomat\syncweb\html\ar011.rpm --> pilot.msu.edu /msu/course/vu/egr124/preview/lectures/html ar011.rpm
98.06.25 06:11 B d:\syncomat\syncweb\html\ar012.ram --> pilot.msu.edu /msu/course/vu/egr124/preview/lectures/html ar012.ram
98.06.25 06:11 B d:\syncomat\syncweb\html\ar012.rpm --> pilot.msu.edu /msu/course/vu/egr124/preview/lectures/html ar012.rpm
98.06.25 06:11 B d:\syncomat\syncweb\html\ar013.ram --> pilot.msu.edu /msu/course/vu/egr124/preview/lectures/html ar013.ram
98.06.25 06:11 B d:\syncomat\syncweb\html\ar013.rpm --> pilot.msu.edu /msu/course/vu/egr124/preview/lectures/html ar013.rpm
98.06.25 06:11 B d:\syncomat\syncweb\html\ar014.ram --> pilot.msu.edu /msu/course/vu/egr124/preview/lectures/html ar014.ram
98.06.25 06:11 B d:\syncomat\syncweb\html\ar014.rpm --> pilot.msu.edu /msu/course/vu/egr124/preview/lectures/html ar014.rpm
98.06.25 06:11 B d:\syncomat\syncweb\html\ar015.ram --> pilot.msu.edu /msu/course/vu/egr124/preview/lectures/html ar015.ram
98.06.25 06:11 B d:\syncomat\syncweb\html\ar015.rpm --> pilot.msu.edu /msu/course/vu/egr124/preview/lectures/html ar015.rpm
98.06.25 06:11 B d:\syncomat\syncweb\html\ar016.ram --> pilot.msu.edu /msu/course/vu/egr124/preview/lectures/html ar016.ram
98.06.25 06:11 B d:\syncomat\syncweb\html\ar016.rpm --> pilot.msu.edu /msu/course/vu/egr124/preview/lectures/html ar016.rpm
98.06.25 06:11 B d:\syncomat\syncweb\html\ar017.ram --> pilot.msu.edu /msu/course/vu/egr124/preview/lectures/html ar017.ram
98.06.25 06:11 B d:\syncomat\syncweb\html\ar017.rpm --> pilot.msu.edu /msu/course/vu/egr124/preview/lectures/html ar017.rpm
98.06.25 06:11 B d:\syncomat\syncweb\html\ar018.ram --> pilot.msu.edu /msu/course/vu/egr124/preview/lectures/html ar018.ram
98.06.25 06:11 B d:\syncomat\syncweb\html\ar018.rpm --> pilot.msu.edu /msu/course/vu/egr124/preview/lectures/html ar018.rpm
98.06.25 06:11 B d:\syncomat\syncweb\html\ar019.ram --> pilot.msu.edu /msu/course/vu/egr124/preview/lectures/html ar019.ram
98.06.25 06:11 B d:\syncomat\syncweb\html\ar019.rpm --> pilot.msu.edu /msu/course/vu/egr124/preview/lectures/html ar019.rpm
98.06.25 06:11 B d:\syncomat\syncweb\html\ar020.ram --> pilot.msu.edu /msu/course/vu/egr124/preview/lectures/html ar020.ram
98.06.25 06:11 B d:\syncomat\syncweb\html\ar020.rpm --> pilot.msu.edu /msu/course/vu/egr124/preview/lectures/html ar020.rpm
98.06.25 06:11 B d:\syncomat\syncweb\html\ar021.ram --> pilot.msu.edu /msu/course/vu/egr124/preview/lectures/html ar021.ram
98.06.25 06:11 B d:\syncomat\syncweb\html\ar021.rpm --> pilot.msu.edu /msu/course/vu/egr124/preview/lectures/html ar021.rpm
98.06.25 06:11 B d:\syncomat\syncweb\html\ar022.ram --> pilot.msu.edu /msu/course/vu/egr124/preview/lectures/html ar022.ram
98.06.25 06:11 B d:\syncomat\syncweb\html\ar022.rpm --> pilot.msu.edu /msu/course/vu/egr124/preview/lectures/html ar022.rpm
98.06.25 06:11 B d:\syncomat\syncweb\html\ar023.ram --> pilot.msu.edu /msu/course/vu/egr124/preview/lectures/html ar023.ram
98.06.25 06:11 B d:\syncomat\syncweb\html\ar023.rpm --> pilot.msu.edu /msu/course/vu/egr124/preview/lectures/html ar023.rpm
98.06.25 06:11 B d:\syncomat\syncweb\html\ar024.ram --> pilot.msu.edu /msu/course/vu/egr124/preview/lectures/html ar024.ram
98.06.25 06:11 B d:\syncomat\syncweb\html\ar024.rpm --> pilot.msu.edu /msu/course/vu/egr124/preview/lectures/html ar024.rpm
98.06.25 06:11 B d:\syncomat\syncweb\html\ar025.ram --> pilot.msu.edu /msu/course/vu/egr124/preview/lectures/html ar025.ram
98.06.25 06:11 B d:\syncomat\syncweb\html\ar025.rpm --> pilot.msu.edu /msu/course/vu/egr124/preview/lectures/html ar025.rpm
98.06.25 06:11 B d:\syncomat\syncweb\html\ar026.ram --> pilot.msu.edu /msu/course/vu/egr124/preview/lectures/html ar026.ram
98.06.25 06:11 B d:\syncomat\syncweb\html\ar026.rpm --> pilot.msu.edu /msu/course/vu/egr124/preview/lectures/html ar026.rpm
98.06.25 06:11 B d:\syncomat\syncweb\html\ar027.ram --> pilot.msu.edu /msu/course/vu/egr124/preview/lectures/html ar027.ram
98.06.25 06:11 B d:\syncomat\syncweb\html\ar027.rpm --> pilot.msu.edu /msu/course/vu/egr124/preview/lectures/html ar027.rpm
98.06.25 06:11 B d:\syncomat\syncweb\html\ar028.ram --> pilot.msu.edu /msu/course/vu/egr124/preview/lectures/html ar028.ram
98.06.25 06:11 B d:\syncomat\syncweb\html\ar028.rpm --> pilot.msu.edu /msu/course/vu/egr124/preview/lectures/html ar028.rpm
98.06.25 06:11 B d:\syncomat\syncweb\html\ar029.ram --> pilot.msu.edu /msu/course/vu/egr124/preview/lectures/html ar029.ram
98.06.25 06:11 B d:\syncomat\syncweb\html\ar029.rpm --> pilot.msu.edu /msu/course/vu/egr124/preview/lectures/html ar029.rpm
98.06.25 06:11 B d:\syncomat\syncweb\html\ar030.ram --> pilot.msu.edu /msu/course/vu/egr124/preview/lectures/html ar030.ram
98.06.25 06:11 B d:\syncomat\syncweb\html\ar030.rpm --> pilot.msu.edu /msu/course/vu/egr124/preview/lectures/html ar030.rpm
98.06.25 06:11 B d:\syncomat\syncweb\html\ar031.ram --> pilot.msu.edu /msu/course/vu/egr124/preview/lectures/html ar031.ram
98.06.25 06:11 B d:\syncomat\syncweb\html\ar031.rpm --> pilot.msu.edu /msu/course/vu/egr124/preview/lectures/html ar031.rpm
98.06.25 06:11 B d:\syncomat\syncweb\html\ar032.ram --> pilot.msu.edu /msu/course/vu/egr124/preview/lectures/html ar032.ram
98.06.25 06:11 B d:\syncomat\syncweb\html\ar032.rpm --> pilot.msu.edu /msu/course/vu/egr124/preview/lectures/html ar032.rpm
98.06.25 06:11 B d:\syncomat\syncweb\html\ar033.ram --> pilot.msu.edu /msu/course/vu/egr124/preview/lectures/html ar033.ram
98.06.25 06:11 B d:\syncomat\syncweb\html\ar033.rpm --> pilot.msu.edu /msu/course/vu/egr124/preview/lectures/html ar033.rpm
98.06.25 06:11 B d:\syncomat\syncweb\html\ar034.ram --> pilot.msu.edu /msu/course/vu/egr124/preview/lectures/html ar034.ram
98.06.25 06:11 B d:\syncomat\syncweb\html\ar034.rpm --> pilot.msu.edu /msu/course/vu/egr124/preview/lectures/html ar034.rpm
98.06.25 06:11 B d:\syncomat\syncweb\html\ar035.ram --> pilot.msu.edu /msu/course/vu/egr124/preview/lectures/html ar035.ram
98.06.25 06:11 B d:\syncomat\syncweb\html\ar035.rpm --> pilot.msu.edu /msu/course/vu/egr124/preview/lectures/html ar035.rpm
98.06.25 06:11 B d:\syncomat\syncweb\html\ar036.ram --> pilot.msu.edu /msu/course/vu/egr124/preview/lectures/html ar036.ram
98.06.25 06:11 B d:\syncomat\syncweb\html\ar036.rpm --> pilot.msu.edu /msu/course/vu/egr124/preview/lectures/html ar036.rpm
98.06.25 06:11 B d:\syncomat\syncweb\html\ar037.ram --> pilot.msu.edu /msu/course/vu/egr124/preview/lectures/html ar037.ram
98.06.25 06:11 B d:\syncomat\syncweb\html\ar037.rpm --> pilot.msu.edu /msu/course/vu/egr124/preview/lectures/html ar037.rpm
98.06.25 06:11 B d:\syncomat\syncweb\html\ar038.ram --> pilot.msu.edu /msu/course/vu/egr124/preview/lectures/html ar038.ram
98.06.25 06:11 B d:\syncomat\syncweb\html\ar038.rpm --> pilot.msu.edu /msu/course/vu/egr124/preview/lectures/html ar038.rpm
98.06.25 06:11 B d:\syncomat\syncweb\html\ar039.ram --> pilot.msu.edu /msu/course/vu/egr124/preview/lectures/html ar039.ram
98.06.25 06:11 B d:\syncomat\syncweb\html\ar039.rpm --> pilot.msu.edu /msu/course/vu/egr124/preview/lectures/html ar039.rpm
98.06.25 06:11 B d:\syncomat\syncweb\html\ar040.ram --> pilot.msu.edu /msu/course/vu/egr124/preview/lectures/html ar040.ram
98.06.25 06:11 B d:\syncomat\syncweb\html\ar040.rpm --> pilot.msu.edu /msu/course/vu/egr124/preview/lectures/html ar040.rpm
98.06.25 06:11 B d:\syncomat\syncweb\html\ar041.ram --> pilot.msu.edu /msu/course/vu/egr124/preview/lectures/html ar041.ram
98.06.25 06:11 B d:\syncomat\syncweb\html\ar041.rpm --> pilot.msu.edu /msu/course/vu/egr124/preview/lectures/html ar041.rpm
98.06.25 06:11 B d:\syncomat\syncweb\html\ar042.ram --> pilot.msu.edu /msu/course/vu/egr124/preview/lectures/html ar042.ram
98.06.25 06:11 B d:\syncomat\syncweb\html\ar042.rpm --> pilot.msu.edu /msu/course/vu/egr124/preview/lectures/html ar042.rpm
98.06.25 06:11 B d:\syncomat\syncweb\html\ar043.ram --> pilot.msu.edu /msu/course/vu/egr124/preview/lectures/html ar043.ram
98.06.25 06:11 B d:\syncomat\syncweb\html\ar043.rpm --> pilot.msu.edu /msu/course/vu/egr124/preview/lectures/html ar043.rpm
98.06.25 06:11 B d:\syncomat\syncweb\html\ar044.ram --> pilot.msu.edu /msu/course/vu/egr124/preview/lectures/html ar044.ram
98.06.25 06:11 B d:\syncomat\syncweb\html\ar044.rpm --> pilot.msu.edu /msu/course/vu/egr124/preview/lectures/html ar044.rpm
98.06.25 06:11 B d:\syncomat\syncweb\html\ar045.ram --> pilot.msu.edu /msu/course/vu/egr124/preview/lectures/html ar045.ram
98.06.25 06:11 B d:\syncomat\syncweb\html\ar045.rpm --> pilot.msu.edu /msu/course/vu/egr124/preview/lectures/html ar045.rpm
98.06.25 06:11 B d:\syncomat\syncweb\html\ar046.ram --> pilot.msu.edu /msu/course/vu/egr124/preview/lectures/html ar046.ram
98.06.25 06:11 B d:\syncomat\syncweb\html\ar046.rpm --> pilot.msu.edu /msu/course/vu/egr124/preview/lectures/html ar046.rpm
98.06.25 06:11 B d:\syncomat\syncweb\html\astr1.ram --> pilot.msu.edu /msu/course/vu/egr124/preview/lectures/html astr1.ram
98.06.25 06:11 B d:\syncomat\syncweb\html\astr2.ram --> pilot.msu.edu /msu/course/vu/egr124/preview/lectures/html astr2.ram
98.06.25 06:11 B d:\syncomat\syncweb\html\astr3.ram --> pilot.msu.edu /msu/course/vu/egr124/preview/lectures/html astr3.ram
98.06.25 06:11 B d:\syncomat\syncweb\html\astr4.ram --> pilot.msu.edu /msu/course/vu/egr124/preview/lectures/html astr4.ram
98.06.25 06:11 B d:\syncomat\syncweb\html\athumb.htm --> pilot.msu.edu /msu/course/vu/egr124/preview/lectures/html athumb.htm
98.06.25 06:11 B d:\syncomat\syncweb\html\cache.htm --> pilot.msu.edu /msu/course/vu/egr124/preview/lectures/html cache.htm
98.06.25 06:11 B d:\syncomat\syncweb\html\empty.rpm --> pilot.msu.edu /msu/course/vu/egr124/preview/lectures/html empty.rpm
98.06.25 06:11 B d:\syncomat\syncweb\html\getreal.jpg --> pilot.msu.edu /msu/course/vu/egr124/preview/lectures/html getreal.jpg
98.06.25 06:11 B d:\syncomat\syncweb\html\html1.ra --> pilot.msu.edu /msu/course/vu/egr124/preview/lectures/html html1.ra
98.06.25 06:11 B d:\syncomat\syncweb\html\html1.rat --> pilot.msu.edu /msu/course/vu/egr124/preview/lectures/html html1.rat
98.06.25 06:12 B d:\syncomat\syncweb\html\html1.rm --> pilot.msu.edu /msu/course/vu/egr124/preview/lectures/html html1.rm
98.06.25 06:12 B d:\syncomat\syncweb\html\html2.ra --> pilot.msu.edu /msu/course/vu/egr124/preview/lectures/html html2.ra
98.06.25 06:12 B d:\syncomat\syncweb\html\html2.rat --> pilot.msu.edu /msu/course/vu/egr124/preview/lectures/html html2.rat
98.06.25 06:12 B d:\syncomat\syncweb\html\html2.rm --> pilot.msu.edu /msu/course/vu/egr124/preview/lectures/html html2.rm
98.06.25 06:12 B d:\syncomat\syncweb\html\html3.ra --> pilot.msu.edu /msu/course/vu/egr124/preview/lectures/html html3.ra
98.06.25 06:12 B d:\syncomat\syncweb\html\html3.rat --> pilot.msu.edu /msu/course/vu/egr124/preview/lectures/html html3.rat
98.06.25 06:12 B d:\syncomat\syncweb\html\html3.rm --> pilot.msu.edu /msu/course/vu/egr124/preview/lectures/html html3.rm
98.06.25 06:12 B d:\syncomat\syncweb\html\html4.ra --> pilot.msu.edu /msu/course/vu/egr124/preview/lectures/html html4.ra
98.06.25 06:12 B d:\syncomat\syncweb\html\html4.rat --> pilot.msu.edu /msu/course/vu/egr124/preview/lectures/html html4.rat
98.06.25 06:12 B d:\syncomat\syncweb\html\html4.rm --> pilot.msu.edu /msu/course/vu/egr124/preview/lectures/html html4.rm
98.06.25 06:12 B d:\syncomat\syncweb\html\img001.gif --> pilot.msu.edu /msu/course/vu/egr124/preview/lectures/html img001.gif
98.06.25 06:12 B d:\syncomat\syncweb\html\img002.gif --> pilot.msu.edu /msu/course/vu/egr124/preview/lectures/html img002.gif
98.06.25 06:12 B d:\syncomat\syncweb\html\img003.gif --> pilot.msu.edu /msu/course/vu/egr124/preview/lectures/html img003.gif
98.06.25 06:12 B d:\syncomat\syncweb\html\img004.gif --> pilot.msu.edu /msu/course/vu/egr124/preview/lectures/html img004.gif
98.06.25 06:13 B d:\syncomat\syncweb\html\img005.gif --> pilot.msu.edu /msu/course/vu/egr124/preview/lectures/html img005.gif
98.06.25 06:13 B d:\syncomat\syncweb\html\img006.gif --> pilot.msu.edu /msu/course/vu/egr124/preview/lectures/html img006.gif
98.06.25 06:13 B d:\syncomat\syncweb\html\img007.gif --> pilot.msu.edu /msu/course/vu/egr124/preview/lectures/html img007.gif
98.06.25 06:13 B d:\syncomat\syncweb\html\img008.gif --> pilot.msu.edu /msu/course/vu/egr124/preview/lectures/html img008.gif
98.06.25 06:13 B d:\syncomat\syncweb\html\img009.gif --> pilot.msu.edu /msu/course/vu/egr124/preview/lectures/html img009.gif
98.06.25 06:13 B d:\syncomat\syncweb\html\img010.gif --> pilot.msu.edu /msu/course/vu/egr124/preview/lectures/html img010.gif
98.06.25 06:13 B d:\syncomat\syncweb\html\img011.gif --> pilot.msu.edu /msu/course/vu/egr124/preview/lectures/html img011.gif
98.06.25 06:13 B d:\syncomat\syncweb\html\img012.gif --> pilot.msu.edu /msu/course/vu/egr124/preview/lectures/html img012.gif
98.06.25 06:13 B d:\syncomat\syncweb\html\img013.gif --> pilot.msu.edu /msu/course/vu/egr124/preview/lectures/html img013.gif
98.06.25 06:13 B d:\syncomat\syncweb\html\img014.gif --> pilot.msu.edu /msu/course/vu/egr124/preview/lectures/html img014.gif
98.06.25 06:13 B d:\syncomat\syncweb\html\img015.gif --> pilot.msu.edu /msu/course/vu/egr124/preview/lectures/html img015.gif
98.06.25 06:13 B d:\syncomat\syncweb\html\img016.gif --> pilot.msu.edu /msu/course/vu/egr124/preview/lectures/html img016.gif
98.06.25 06:13 B d:\syncomat\syncweb\html\img017.gif --> pilot.msu.edu /msu/course/vu/egr124/preview/lectures/html img017.gif
98.06.25 06:13 B d:\syncomat\syncweb\html\img018.gif --> pilot.msu.edu /msu/course/vu/egr124/preview/lectures/html img018.gif
98.06.25 06:13 B d:\syncomat\syncweb\html\img019.gif --> pilot.msu.edu /msu/course/vu/egr124/preview/lectures/html img019.gif
98.06.25 06:13 B d:\syncomat\syncweb\html\img020.gif --> pilot.msu.edu /msu/course/vu/egr124/preview/lectures/html img020.gif
98.06.25 06:13 B d:\syncomat\syncweb\html\img021.gif --> pilot.msu.edu /msu/course/vu/egr124/preview/lectures/html img021.gif
98.06.25 06:13 B d:\syncomat\syncweb\html\img022.gif --> pilot.msu.edu /msu/course/vu/egr124/preview/lectures/html img022.gif
98.06.25 06:13 B d:\syncomat\syncweb\html\img023.gif --> pilot.msu.edu /msu/course/vu/egr124/preview/lectures/html img023.gif
98.06.25 06:13 B d:\syncomat\syncweb\html\img024.gif --> pilot.msu.edu /msu/course/vu/egr124/preview/lectures/html img024.gif
98.06.25 06:13 B d:\syncomat\syncweb\html\img025.gif --> pilot.msu.edu /msu/course/vu/egr124/preview/lectures/html img025.gif
98.06.25 06:13 B d:\syncomat\syncweb\html\img026.gif --> pilot.msu.edu /msu/course/vu/egr124/preview/lectures/html img026.gif
98.06.25 06:13 B d:\syncomat\syncweb\html\img027.gif --> pilot.msu.edu /msu/course/vu/egr124/preview/lectures/html img027.gif
98.06.25 06:13 B d:\syncomat\syncweb\html\img028.gif --> pilot.msu.edu /msu/course/vu/egr124/preview/lectures/html img028.gif
98.06.25 06:13 B d:\syncomat\syncweb\html\img029.gif --> pilot.msu.edu /msu/course/vu/egr124/preview/lectures/html img029.gif
98.06.25 06:13 B d:\syncomat\syncweb\html\img030.gif --> pilot.msu.edu /msu/course/vu/egr124/preview/lectures/html img030.gif
98.06.25 06:13 B d:\syncomat\syncweb\html\img031.gif --> pilot.msu.edu /msu/course/vu/egr124/preview/lectures/html img031.gif
98.06.25 06:13 B d:\syncomat\syncweb\html\img032.gif --> pilot.msu.edu /msu/course/vu/egr124/preview/lectures/html img032.gif
98.06.25 06:13 B d:\syncomat\syncweb\html\img033.gif --> pilot.msu.edu /msu/course/vu/egr124/preview/lectures/html img033.gif
98.06.25 06:13 B d:\syncomat\syncweb\html\img034.gif --> pilot.msu.edu /msu/course/vu/egr124/preview/lectures/html img034.gif
98.06.25 06:13 B d:\syncomat\syncweb\html\img035.gif --> pilot.msu.edu /msu/course/vu/egr124/preview/lectures/html img035.gif
98.06.25 06:13 B d:\syncomat\syncweb\html\img036.gif --> pilot.msu.edu /msu/course/vu/egr124/preview/lectures/html img036.gif
98.06.25 06:13 B d:\syncomat\syncweb\html\img037.gif --> pilot.msu.edu /msu/course/vu/egr124/preview/lectures/html img037.gif
98.06.25 06:13 B d:\syncomat\syncweb\html\img038.gif --> pilot.msu.edu /msu/course/vu/egr124/preview/lectures/html img038.gif
98.06.25 06:13 B d:\syncomat\syncweb\html\img039.gif --> pilot.msu.edu /msu/course/vu/egr124/preview/lectures/html img039.gif
98.06.25 06:13 B d:\syncomat\syncweb\html\img040.gif --> pilot.msu.edu /msu/course/vu/egr124/preview/lectures/html img040.gif
98.06.25 06:13 B d:\syncomat\syncweb\html\img041.gif --> pilot.msu.edu /msu/course/vu/egr124/preview/lectures/html img041.gif
98.06.25 06:13 B d:\syncomat\syncweb\html\img042.gif --> pilot.msu.edu /msu/course/vu/egr124/preview/lectures/html img042.gif
98.06.25 06:13 B d:\syncomat\syncweb\html\img043.gif --> pilot.msu.edu /msu/course/vu/egr124/preview/lectures/html img043.gif
98.06.25 06:13 B d:\syncomat\syncweb\html\img044.gif --> pilot.msu.edu /msu/course/vu/egr124/preview/lectures/html img044.gif
98.06.25 06:13 B d:\syncomat\syncweb\html\img045.gif --> pilot.msu.edu /msu/course/vu/egr124/preview/lectures/html img045.gif
98.06.25 06:13 B d:\syncomat\syncweb\html\img046.gif --> pilot.msu.edu /msu/course/vu/egr124/preview/lectures/html img046.gif
98.06.25 06:13 B d:\syncomat\syncweb\html\index.crs --> pilot.msu.edu /msu/course/vu/egr124/preview/lectures/html index.crs
98.06.25 06:13 B d:\syncomat\syncweb\html\index.htm --> pilot.msu.edu /msu/course/vu/egr124/preview/lectures/html index.htm
98.06.25 06:13 B d:\syncomat\syncweb\html\inst160.gif --> pilot.msu.edu /msu/course/vu/egr124/preview/lectures/html inst160.gif
98.06.25 06:13 B d:\syncomat\syncweb\html\log.log --> pilot.msu.edu /msu/course/vu/egr124/preview/lectures/html log.log
98.06.25 06:13 B d:\syncomat\syncweb\html\makeind.mnu --> pilot.msu.edu /msu/course/vu/egr124/preview/lectures/html makeind.mnu
98.06.25 06:13 B d:\syncomat\syncweb\html\makeind.sed --> pilot.msu.edu /msu/course/vu/egr124/preview/lectures/html makeind.sed
98.06.25 06:13 B d:\syncomat\syncweb\html\navcal.gif --> pilot.msu.edu /msu/course/vu/egr124/preview/lectures/html navcal.gif
98.06.25 06:13 B d:\syncomat\syncweb\html\process.bat --> pilot.msu.edu /msu/course/vu/egr124/preview/lectures/html process.bat
98.06.25 06:13 B d:\syncomat\syncweb\html\sld001.htm --> pilot.msu.edu /msu/course/vu/egr124/preview/lectures/html sld001.htm
98.06.25 06:13 B d:\syncomat\syncweb\html\sld002.htm --> pilot.msu.edu /msu/course/vu/egr124/preview/lectures/html sld002.htm
98.06.25 06:13 B d:\syncomat\syncweb\html\sld003.htm --> pilot.msu.edu /msu/course/vu/egr124/preview/lectures/html sld003.htm
98.06.25 06:13 B d:\syncomat\syncweb\html\sld004.htm --> pilot.msu.edu /msu/course/vu/egr124/preview/lectures/html sld004.htm
98.06.25 06:13 B d:\syncomat\syncweb\html\sld005.htm --> pilot.msu.edu /msu/course/vu/egr124/preview/lectures/html sld005.htm
98.06.25 06:13 B d:\syncomat\syncweb\html\sld006.htm --> pilot.msu.edu /msu/course/vu/egr124/preview/lectures/html sld006.htm
98.06.25 06:13 B d:\syncomat\syncweb\html\sld007.htm --> pilot.msu.edu /msu/course/vu/egr124/preview/lectures/html sld007.htm
98.06.25 06:13 B d:\syncomat\syncweb\html\sld008.htm --> pilot.msu.edu /msu/course/vu/egr124/preview/lectures/html sld008.htm
98.06.25 06:13 B d:\syncomat\syncweb\html\sld009.htm --> pilot.msu.edu /msu/course/vu/egr124/preview/lectures/html sld009.htm
98.06.25 06:13 B d:\syncomat\syncweb\html\sld010.htm --> pilot.msu.edu /msu/course/vu/egr124/preview/lectures/html sld010.htm
98.06.25 06:13 B d:\syncomat\syncweb\html\sld011.htm --> pilot.msu.edu /msu/course/vu/egr124/preview/lectures/html sld011.htm
98.06.25 06:13 B d:\syncomat\syncweb\html\sld012.htm --> pilot.msu.edu /msu/course/vu/egr124/preview/lectures/html sld012.htm
98.06.25 06:13 B d:\syncomat\syncweb\html\sld013.htm --> pilot.msu.edu /msu/course/vu/egr124/preview/lectures/html sld013.htm
98.06.25 06:13 B d:\syncomat\syncweb\html\sld014.htm --> pilot.msu.edu /msu/course/vu/egr124/preview/lectures/html sld014.htm
98.06.25 06:13 B d:\syncomat\syncweb\html\sld015.htm --> pilot.msu.edu /msu/course/vu/egr124/preview/lectures/html sld015.htm
98.06.25 06:13 B d:\syncomat\syncweb\html\sld016.htm --> pilot.msu.edu /msu/course/vu/egr124/preview/lectures/html sld016.htm
98.06.25 06:13 B d:\syncomat\syncweb\html\sld017.htm --> pilot.msu.edu /msu/course/vu/egr124/preview/lectures/html sld017.htm
98.06.25 06:13 B d:\syncomat\syncweb\html\sld018.htm --> pilot.msu.edu /msu/course/vu/egr124/preview/lectures/html sld018.htm
98.06.25 06:13 B d:\syncomat\syncweb\html\sld019.htm --> pilot.msu.edu /msu/course/vu/egr124/preview/lectures/html sld019.htm
98.06.25 06:13 B d:\syncomat\syncweb\html\sld020.htm --> pilot.msu.edu /msu/course/vu/egr124/preview/lectures/html sld020.htm
98.06.25 06:13 B d:\syncomat\syncweb\html\sld021.htm --> pilot.msu.edu /msu/course/vu/egr124/preview/lectures/html sld021.htm
98.06.25 06:13 B d:\syncomat\syncweb\html\sld022.htm --> pilot.msu.edu /msu/course/vu/egr124/preview/lectures/html sld022.htm
98.06.25 06:13 B d:\syncomat\syncweb\html\sld023.htm --> pilot.msu.edu /msu/course/vu/egr124/preview/lectures/html sld023.htm
98.06.25 06:13 B d:\syncomat\syncweb\html\sld024.htm --> pilot.msu.edu /msu/course/vu/egr124/preview/lectures/html sld024.htm
98.06.25 06:13 B d:\syncomat\syncweb\html\sld025.htm --> pilot.msu.edu /msu/course/vu/egr124/preview/lectures/html sld025.htm
98.06.25 06:13 B d:\syncomat\syncweb\html\sld026.htm --> pilot.msu.edu /msu/course/vu/egr124/preview/lectures/html sld026.htm
98.06.25 06:13 B d:\syncomat\syncweb\html\sld027.htm --> pilot.msu.edu /msu/course/vu/egr124/preview/lectures/html sld027.htm
98.06.25 06:13 B d:\syncomat\syncweb\html\sld028.htm --> pilot.msu.edu /msu/course/vu/egr124/preview/lectures/html sld028.htm
98.06.25 06:13 B d:\syncomat\syncweb\html\sld029.htm --> pilot.msu.edu /msu/course/vu/egr124/preview/lectures/html sld029.htm
98.06.25 06:13 B d:\syncomat\syncweb\html\sld030.htm --> pilot.msu.edu /msu/course/vu/egr124/preview/lectures/html sld030.htm
98.06.25 06:13 B d:\syncomat\syncweb\html\sld031.htm --> pilot.msu.edu /msu/course/vu/egr124/preview/lectures/html sld031.htm
98.06.25 06:13 B d:\syncomat\syncweb\html\sld032.htm --> pilot.msu.edu /msu/course/vu/egr124/preview/lectures/html sld032.htm
98.06.25 06:13 B d:\syncomat\syncweb\html\sld033.htm --> pilot.msu.edu /msu/course/vu/egr124/preview/lectures/html sld033.htm
98.06.25 06:13 B d:\syncomat\syncweb\html\sld034.htm --> pilot.msu.edu /msu/course/vu/egr124/preview/lectures/html sld034.htm
98.06.25 06:13 B d:\syncomat\syncweb\html\sld035.htm --> pilot.msu.edu /msu/course/vu/egr124/preview/lectures/html sld035.htm
98.06.25 06:13 B d:\syncomat\syncweb\html\sld036.htm --> pilot.msu.edu /msu/course/vu/egr124/preview/lectures/html sld036.htm
98.06.25 06:13 B d:\syncomat\syncweb\html\sld037.htm --> pilot.msu.edu /msu/course/vu/egr124/preview/lectures/html sld037.htm
98.06.25 06:13 B d:\syncomat\syncweb\html\sld038.htm --> pilot.msu.edu /msu/course/vu/egr124/preview/lectures/html sld038.htm
98.06.25 06:13 B d:\syncomat\syncweb\html\sld039.htm --> pilot.msu.edu /msu/course/vu/egr124/preview/lectures/html sld039.htm
98.06.25 06:13 B d:\syncomat\syncweb\html\sld040.htm --> pilot.msu.edu /msu/course/vu/egr124/preview/lectures/html sld040.htm
98.06.25 06:13 B d:\syncomat\syncweb\html\sld041.htm --> pilot.msu.edu /msu/course/vu/egr124/preview/lectures/html sld041.htm
98.06.25 06:13 B d:\syncomat\syncweb\html\sld042.htm --> pilot.msu.edu /msu/course/vu/egr124/preview/lectures/html sld042.htm
98.06.25 06:13 B d:\syncomat\syncweb\html\sld043.htm --> pilot.msu.edu /msu/course/vu/egr124/preview/lectures/html sld043.htm
98.06.25 06:13 B d:\syncomat\syncweb\html\sld044.htm --> pilot.msu.edu /msu/course/vu/egr124/preview/lectures/html sld044.htm
98.06.25 06:13 B d:\syncomat\syncweb\html\sld045.htm --> pilot.msu.edu /msu/course/vu/egr124/preview/lectures/html sld045.htm
98.06.25 06:13 B d:\syncomat\syncweb\html\sld046.htm --> pilot.msu.edu /msu/course/vu/egr124/preview/lectures/html sld046.htm
98.06.25 06:13 B d:\syncomat\syncweb\html\tlist.htm --> pilot.msu.edu /msu/course/vu/egr124/preview/lectures/html tlist.htm
98.06.25 06:13 B d:\syncomat\syncweb\html\top.htm --> pilot.msu.edu /msu/course/vu/egr124/preview/lectures/html top.htm
98.06.25 06:13 B d:\syncomat\syncweb\html\tsld001.htm --> pilot.msu.edu /msu/course/vu/egr124/preview/lectures/html tsld001.htm
98.06.25 06:13 B d:\syncomat\syncweb\html\tsld002.htm --> pilot.msu.edu /msu/course/vu/egr124/preview/lectures/html tsld002.htm
98.06.25 06:13 B d:\syncomat\syncweb\html\tsld003.htm --> pilot.msu.edu /msu/course/vu/egr124/preview/lectures/html tsld003.htm
98.06.25 06:13 B d:\syncomat\syncweb\html\tsld004.htm --> pilot.msu.edu /msu/course/vu/egr124/preview/lectures/html tsld004.htm
98.06.25 06:13 B d:\syncomat\syncweb\html\tsld005.htm --> pilot.msu.edu /msu/course/vu/egr124/preview/lectures/html tsld005.htm
98.06.25 06:13 B d:\syncomat\syncweb\html\tsld006.htm --> pilot.msu.edu /msu/course/vu/egr124/preview/lectures/html tsld006.htm
98.06.25 06:13 B d:\syncomat\syncweb\html\tsld007.htm --> pilot.msu.edu /msu/course/vu/egr124/preview/lectures/html tsld007.htm
98.06.25 06:13 B d:\syncomat\syncweb\html\tsld008.htm --> pilot.msu.edu /msu/course/vu/egr124/preview/lectures/html tsld008.htm
98.06.25 06:13 B d:\syncomat\syncweb\html\tsld009.htm --> pilot.msu.edu /msu/course/vu/egr124/preview/lectures/html tsld009.htm
98.06.25 06:13 B d:\syncomat\syncweb\html\tsld010.htm --> pilot.msu.edu /msu/course/vu/egr124/preview/lectures/html tsld010.htm
98.06.25 06:13 B d:\syncomat\syncweb\html\tsld011.htm --> pilot.msu.edu /msu/course/vu/egr124/preview/lectures/html tsld011.htm
98.06.25 06:13 B d:\syncomat\syncweb\html\tsld012.htm --> pilot.msu.edu /msu/course/vu/egr124/preview/lectures/html tsld012.htm
98.06.25 06:13 B d:\syncomat\syncweb\html\tsld013.htm --> pilot.msu.edu /msu/course/vu/egr124/preview/lectures/html tsld013.htm
98.06.25 06:13 B d:\syncomat\syncweb\html\tsld014.htm --> pilot.msu.edu /msu/course/vu/egr124/preview/lectures/html tsld014.htm
98.06.25 06:13 B d:\syncomat\syncweb\html\tsld015.htm --> pilot.msu.edu /msu/course/vu/egr124/preview/lectures/html tsld015.htm
98.06.25 06:13 B d:\syncomat\syncweb\html\tsld016.htm --> pilot.msu.edu /msu/course/vu/egr124/preview/lectures/html tsld016.htm
98.06.25 06:13 B d:\syncomat\syncweb\html\tsld017.htm --> pilot.msu.edu /msu/course/vu/egr124/preview/lectures/html tsld017.htm
98.06.25 06:13 B d:\syncomat\syncweb\html\tsld018.htm --> pilot.msu.edu /msu/course/vu/egr124/preview/lectures/html tsld018.htm
98.06.25 06:13 B d:\syncomat\syncweb\html\tsld019.htm --> pilot.msu.edu /msu/course/vu/egr124/preview/lectures/html tsld019.htm
98.06.25 06:13 B d:\syncomat\syncweb\html\tsld020.htm --> pilot.msu.edu /msu/course/vu/egr124/preview/lectures/html tsld020.htm
98.06.25 06:13 B d:\syncomat\syncweb\html\tsld021.htm --> pilot.msu.edu /msu/course/vu/egr124/preview/lectures/html tsld021.htm
98.06.25 06:13 B d:\syncomat\syncweb\html\tsld022.htm --> pilot.msu.edu /msu/course/vu/egr124/preview/lectures/html tsld022.htm
98.06.25 06:13 B d:\syncomat\syncweb\html\tsld023.htm --> pilot.msu.edu /msu/course/vu/egr124/preview/lectures/html tsld023.htm
98.06.25 06:13 B d:\syncomat\syncweb\html\tsld024.htm --> pilot.msu.edu /msu/course/vu/egr124/preview/lectures/html tsld024.htm
98.06.25 06:13 B d:\syncomat\syncweb\html\tsld025.htm --> pilot.msu.edu /msu/course/vu/egr124/preview/lectures/html tsld025.htm
98.06.25 06:13 B d:\syncomat\syncweb\html\tsld026.htm --> pilot.msu.edu /msu/course/vu/egr124/preview/lectures/html tsld026.htm
98.06.25 06:13 B d:\syncomat\syncweb\html\tsld027.htm --> pilot.msu.edu /msu/course/vu/egr124/preview/lectures/html tsld027.htm
98.06.25 06:13 B d:\syncomat\syncweb\html\tsld028.htm --> pilot.msu.edu /msu/course/vu/egr124/preview/lectures/html tsld028.htm
98.06.25 06:13 B d:\syncomat\syncweb\html\tsld029.htm --> pilot.msu.edu /msu/course/vu/egr124/preview/lectures/html tsld029.htm
98.06.25 06:13 B d:\syncomat\syncweb\html\tsld030.htm --> pilot.msu.edu /msu/course/vu/egr124/preview/lectures/html tsld030.htm
98.06.25 06:13 B d:\syncomat\syncweb\html\tsld031.htm --> pilot.msu.edu /msu/course/vu/egr124/preview/lectures/html tsld031.htm
98.06.25 06:13 B d:\syncomat\syncweb\html\tsld032.htm --> pilot.msu.edu /msu/course/vu/egr124/preview/lectures/html tsld032.htm
98.06.25 06:13 B d:\syncomat\syncweb\html\tsld033.htm --> pilot.msu.edu /msu/course/vu/egr124/preview/lectures/html tsld033.htm
98.06.25 06:13 B d:\syncomat\syncweb\html\tsld034.htm --> pilot.msu.edu /msu/course/vu/egr124/preview/lectures/html tsld034.htm
98.06.25 06:13 B d:\syncomat\syncweb\html\tsld035.htm --> pilot.msu.edu /msu/course/vu/egr124/preview/lectures/html tsld035.htm
98.06.25 06:13 B d:\syncomat\syncweb\html\tsld036.htm --> pilot.msu.edu /msu/course/vu/egr124/preview/lectures/html tsld036.htm
98.06.25 06:13 B d:\syncomat\syncweb\html\tsld037.htm --> pilot.msu.edu /msu/course/vu/egr124/preview/lectures/html tsld037.htm
98.06.25 06:13 B d:\syncomat\syncweb\html\tsld038.htm --> pilot.msu.edu /msu/course/vu/egr124/preview/lectures/html tsld038.htm
98.06.25 06:13 B d:\syncomat\syncweb\html\tsld039.htm --> pilot.msu.edu /msu/course/vu/egr124/preview/lectures/html tsld039.htm
98.06.25 06:13 B d:\syncomat\syncweb\html\tsld040.htm --> pilot.msu.edu /msu/course/vu/egr124/preview/lectures/html tsld040.htm
98.06.25 06:13 B d:\syncomat\syncweb\html\tsld041.htm --> pilot.msu.edu /msu/course/vu/egr124/preview/lectures/html tsld041.htm
98.06.25 06:13 B d:\syncomat\syncweb\html\tsld042.htm --> pilot.msu.edu /msu/course/vu/egr124/preview/lectures/html tsld042.htm
98.06.25 06:13 B d:\syncomat\syncweb\html\tsld043.htm --> pilot.msu.edu /msu/course/vu/egr124/preview/lectures/html tsld043.htm
98.06.25 06:13 B d:\syncomat\syncweb\html\tsld044.htm --> pilot.msu.edu /msu/course/vu/egr124/preview/lectures/html tsld044.htm
98.06.25 06:13 B d:\syncomat\syncweb\html\tsld045.htm --> pilot.msu.edu /msu/course/vu/egr124/preview/lectures/html tsld045.htm
98.06.25 06:13 B d:\syncomat\syncweb\html\tsld046.htm --> pilot.msu.edu /msu/course/vu/egr124/preview/lectures/html tsld046.htm
98.06.25 06:13 B d:\syncomat\syncweb\html\vf001.htm --> pilot.msu.edu /msu/course/vu/egr124/preview/lectures/html vf001.htm
98.06.25 06:13 B d:\syncomat\syncweb\html\vf002.htm --> pilot.msu.edu /msu/course/vu/egr124/preview/lectures/html vf002.htm
98.06.25 06:13 B d:\syncomat\syncweb\html\vf003.htm --> pilot.msu.edu /msu/course/vu/egr124/preview/lectures/html vf003.htm
98.06.25 06:13 B d:\syncomat\syncweb\html\vf004.htm --> pilot.msu.edu /msu/course/vu/egr124/preview/lectures/html vf004.htm
98.06.25 06:13 B d:\syncomat\syncweb\html\vf005.htm --> pilot.msu.edu /msu/course/vu/egr124/preview/lectures/html vf005.htm
98.06.25 06:13 B d:\syncomat\syncweb\html\vf006.htm --> pilot.msu.edu /msu/course/vu/egr124/preview/lectures/html vf006.htm
98.06.25 06:13 B d:\syncomat\syncweb\html\vf007.htm --> pilot.msu.edu /msu/course/vu/egr124/preview/lectures/html vf007.htm
98.06.25 06:13 B d:\syncomat\syncweb\html\vf008.htm --> pilot.msu.edu /msu/course/vu/egr124/preview/lectures/html vf008.htm
98.06.25 06:13 B d:\syncomat\syncweb\html\vf009.htm --> pilot.msu.edu /msu/course/vu/egr124/preview/lectures/html vf009.htm
98.06.25 06:13 B d:\syncomat\syncweb\html\vf010.htm --> pilot.msu.edu /msu/course/vu/egr124/preview/lectures/html vf010.htm
98.06.25 06:13 B d:\syncomat\syncweb\html\vf011.htm --> pilot.msu.edu /msu/course/vu/egr124/preview/lectures/html vf011.htm
98.06.25 06:13 B d:\syncomat\syncweb\html\vf012.htm --> pilot.msu.edu /msu/course/vu/egr124/preview/lectures/html vf012.htm
98.06.25 06:13 B d:\syncomat\syncweb\html\vf013.htm --> pilot.msu.edu /msu/course/vu/egr124/preview/lectures/html vf013.htm
98.06.25 06:13 B d:\syncomat\syncweb\html\vf014.htm --> pilot.msu.edu /msu/course/vu/egr124/preview/lectures/html vf014.htm
98.06.25 06:13 B d:\syncomat\syncweb\html\vf015.htm --> pilot.msu.edu /msu/course/vu/egr124/preview/lectures/html vf015.htm
98.06.25 06:13 B d:\syncomat\syncweb\html\vf016.htm --> pilot.msu.edu /msu/course/vu/egr124/preview/lectures/html vf016.htm
98.06.25 06:13 B d:\syncomat\syncweb\html\vf017.htm --> pilot.msu.edu /msu/course/vu/egr124/preview/lectures/html vf017.htm
98.06.25 06:13 B d:\syncomat\syncweb\html\vf018.htm --> pilot.msu.edu /msu/course/vu/egr124/preview/lectures/html vf018.htm
98.06.25 06:13 B d:\syncomat\syncweb\html\vf019.htm --> pilot.msu.edu /msu/course/vu/egr124/preview/lectures/html vf019.htm
98.06.25 06:13 B d:\syncomat\syncweb\html\vf020.htm --> pilot.msu.edu /msu/course/vu/egr124/preview/lectures/html vf020.htm
98.06.25 06:13 B d:\syncomat\syncweb\html\vf021.htm --> pilot.msu.edu /msu/course/vu/egr124/preview/lectures/html vf021.htm
98.06.25 06:13 B d:\syncomat\syncweb\html\vf022.htm --> pilot.msu.edu /msu/course/vu/egr124/preview/lectures/html vf022.htm
98.06.25 06:13 B d:\syncomat\syncweb\html\vf023.htm --> pilot.msu.edu /msu/course/vu/egr124/preview/lectures/html vf023.htm
98.06.25 06:13 B d:\syncomat\syncweb\html\vf024.htm --> pilot.msu.edu /msu/course/vu/egr124/preview/lectures/html vf024.htm
98.06.25 06:13 B d:\syncomat\syncweb\html\vf025.htm --> pilot.msu.edu /msu/course/vu/egr124/preview/lectures/html vf025.htm
98.06.25 06:13 B d:\syncomat\syncweb\html\vf026.htm --> pilot.msu.edu /msu/course/vu/egr124/preview/lectures/html vf026.htm
98.06.25 06:13 B d:\syncomat\syncweb\html\vf027.htm --> pilot.msu.edu /msu/course/vu/egr124/preview/lectures/html vf027.htm
98.06.25 06:13 B d:\syncomat\syncweb\html\vf028.htm --> pilot.msu.edu /msu/course/vu/egr124/preview/lectures/html vf028.htm
98.06.25 06:13 B d:\syncomat\syncweb\html\vf029.htm --> pilot.msu.edu /msu/course/vu/egr124/preview/lectures/html vf029.htm
98.06.25 06:13 B d:\syncomat\syncweb\html\vf030.htm --> pilot.msu.edu /msu/course/vu/egr124/preview/lectures/html vf030.htm
98.06.25 06:13 B d:\syncomat\syncweb\html\vf031.htm --> pilot.msu.edu /msu/course/vu/egr124/preview/lectures/html vf031.htm
98.06.25 06:13 B d:\syncomat\syncweb\html\vf032.htm --> pilot.msu.edu /msu/course/vu/egr124/preview/lectures/html vf032.htm
98.06.25 06:13 B d:\syncomat\syncweb\html\vf033.htm --> pilot.msu.edu /msu/course/vu/egr124/preview/lectures/html vf033.htm
98.06.25 06:13 B d:\syncomat\syncweb\html\vf034.htm --> pilot.msu.edu /msu/course/vu/egr124/preview/lectures/html vf034.htm
98.06.25 06:13 B d:\syncomat\syncweb\html\vf035.htm --> pilot.msu.edu /msu/course/vu/egr124/preview/lectures/html vf035.htm
98.06.25 06:13 B d:\syncomat\syncweb\html\vf036.htm --> pilot.msu.edu /msu/course/vu/egr124/preview/lectures/html vf036.htm
98.06.25 06:13 B d:\syncomat\syncweb\html\vf037.htm --> pilot.msu.edu /msu/course/vu/egr124/preview/lectures/html vf037.htm
98.06.25 06:13 B d:\syncomat\syncweb\html\vf038.htm --> pilot.msu.edu /msu/course/vu/egr124/preview/lectures/html vf038.htm
98.06.25 06:13 B d:\syncomat\syncweb\html\vf039.htm --> pilot.msu.edu /msu/course/vu/egr124/preview/lectures/html vf039.htm
98.06.25 06:13 B d:\syncomat\syncweb\html\vf040.htm --> pilot.msu.edu /msu/course/vu/egr124/preview/lectures/html vf040.htm
98.06.25 06:13 B d:\syncomat\syncweb\html\vf041.htm --> pilot.msu.edu /msu/course/vu/egr124/preview/lectures/html vf041.htm
98.06.25 06:13 B d:\syncomat\syncweb\html\vf042.htm --> pilot.msu.edu /msu/course/vu/egr124/preview/lectures/html vf042.htm
98.06.25 06:13 B d:\syncomat\syncweb\html\vf043.htm --> pilot.msu.edu /msu/course/vu/egr124/preview/lectures/html vf043.htm
98.06.25 06:13 B d:\syncomat\syncweb\html\vf044.htm --> pilot.msu.edu /msu/course/vu/egr124/preview/lectures/html vf044.htm
98.06.25 06:13 B d:\syncomat\syncweb\html\vf045.htm --> pilot.msu.edu /msu/course/vu/egr124/preview/lectures/html vf045.htm
98.06.25 06:13 B d:\syncomat\syncweb\html\vf046.htm --> pilot.msu.edu /msu/course/vu/egr124/preview/lectures/html vf046.htm
98.06.25 06:13 B d:\syncomat\syncweb\html\vn001.htm --> pilot.msu.edu /msu/course/vu/egr124/preview/lectures/html vn001.htm
98.06.25 06:13 B d:\syncomat\syncweb\html\vn002.htm --> pilot.msu.edu /msu/course/vu/egr124/preview/lectures/html vn002.htm
98.06.25 06:13 B d:\syncomat\syncweb\html\vn003.htm --> pilot.msu.edu /msu/course/vu/egr124/preview/lectures/html vn003.htm
98.06.25 06:13 B d:\syncomat\syncweb\html\vn004.htm --> pilot.msu.edu /msu/course/vu/egr124/preview/lectures/html vn004.htm
98.06.25 06:13 B d:\syncomat\syncweb\html\vn005.htm --> pilot.msu.edu /msu/course/vu/egr124/preview/lectures/html vn005.htm
98.06.25 06:13 B d:\syncomat\syncweb\html\vn006.htm --> pilot.msu.edu /msu/course/vu/egr124/preview/lectures/html vn006.htm
98.06.25 06:13 B d:\syncomat\syncweb\html\vn007.htm --> pilot.msu.edu /msu/course/vu/egr124/preview/lectures/html vn007.htm
98.06.25 06:13 B d:\syncomat\syncweb\html\vn008.htm --> pilot.msu.edu /msu/course/vu/egr124/preview/lectures/html vn008.htm
98.06.25 06:13 B d:\syncomat\syncweb\html\vn009.htm --> pilot.msu.edu /msu/course/vu/egr124/preview/lectures/html vn009.htm
98.06.25 06:13 B d:\syncomat\syncweb\html\vn010.htm --> pilot.msu.edu /msu/course/vu/egr124/preview/lectures/html vn010.htm
98.06.25 06:13 B d:\syncomat\syncweb\html\vn011.htm --> pilot.msu.edu /msu/course/vu/egr124/preview/lectures/html vn011.htm
98.06.25 06:13 B d:\syncomat\syncweb\html\vn012.htm --> pilot.msu.edu /msu/course/vu/egr124/preview/lectures/html vn012.htm
98.06.25 06:13 B d:\syncomat\syncweb\html\vn013.htm --> pilot.msu.edu /msu/course/vu/egr124/preview/lectures/html vn013.htm
98.06.25 06:13 B d:\syncomat\syncweb\html\vn014.htm --> pilot.msu.edu /msu/course/vu/egr124/preview/lectures/html vn014.htm
98.06.25 06:13 B d:\syncomat\syncweb\html\vn015.htm --> pilot.msu.edu /msu/course/vu/egr124/preview/lectures/html vn015.htm
98.06.25 06:13 B d:\syncomat\syncweb\html\vn016.htm --> pilot.msu.edu /msu/course/vu/egr124/preview/lectures/html vn016.htm
98.06.25 06:13 B d:\syncomat\syncweb\html\vn017.htm --> pilot.msu.edu /msu/course/vu/egr124/preview/lectures/html vn017.htm
98.06.25 06:13 B d:\syncomat\syncweb\html\vn018.htm --> pilot.msu.edu /msu/course/vu/egr124/preview/lectures/html vn018.htm
98.06.25 06:13 B d:\syncomat\syncweb\html\vn019.htm --> pilot.msu.edu /msu/course/vu/egr124/preview/lectures/html vn019.htm
98.06.25 06:13 B d:\syncomat\syncweb\html\vn020.htm --> pilot.msu.edu /msu/course/vu/egr124/preview/lectures/html vn020.htm
98.06.25 06:13 B d:\syncomat\syncweb\html\vn021.htm --> pilot.msu.edu /msu/course/vu/egr124/preview/lectures/html vn021.htm
98.06.25 06:13 B d:\syncomat\syncweb\html\vn022.htm --> pilot.msu.edu /msu/course/vu/egr124/preview/lectures/html vn022.htm
98.06.25 06:13 B d:\syncomat\syncweb\html\vn023.htm --> pilot.msu.edu /msu/course/vu/egr124/preview/lectures/html vn023.htm
98.06.25 06:13 B d:\syncomat\syncweb\html\vn024.htm --> pilot.msu.edu /msu/course/vu/egr124/preview/lectures/html vn024.htm
98.06.25 06:13 B d:\syncomat\syncweb\html\vn025.htm --> pilot.msu.edu /msu/course/vu/egr124/preview/lectures/html vn025.htm
98.06.25 06:13 B d:\syncomat\syncweb\html\vn026.htm --> pilot.msu.edu /msu/course/vu/egr124/preview/lectures/html vn026.htm
98.06.25 06:13 B d:\syncomat\syncweb\html\vn027.htm --> pilot.msu.edu /msu/course/vu/egr124/preview/lectures/html vn027.htm
98.06.25 06:13 B d:\syncomat\syncweb\html\vn028.htm --> pilot.msu.edu /msu/course/vu/egr124/preview/lectures/html vn028.htm
98.06.25 06:13 B d:\syncomat\syncweb\html\vn029.htm --> pilot.msu.edu /msu/course/vu/egr124/preview/lectures/html vn029.htm
98.06.25 06:13 B d:\syncomat\syncweb\html\vn030.htm --> pilot.msu.edu /msu/course/vu/egr124/preview/lectures/html vn030.htm
98.06.25 06:13 B d:\syncomat\syncweb\html\vn031.htm --> pilot.msu.edu /msu/course/vu/egr124/preview/lectures/html vn031.htm
98.06.25 06:13 B d:\syncomat\syncweb\html\vn032.htm --> pilot.msu.edu /msu/course/vu/egr124/preview/lectures/html vn032.htm
98.06.25 06:13 B d:\syncomat\syncweb\html\vn033.htm --> pilot.msu.edu /msu/course/vu/egr124/preview/lectures/html vn033.htm
98.06.25 06:13 B d:\syncomat\syncweb\html\vn034.htm --> pilot.msu.edu /msu/course/vu/egr124/preview/lectures/html vn034.htm
98.06.25 06:13 B d:\syncomat\syncweb\html\vn035.htm --> pilot.msu.edu /msu/course/vu/egr124/preview/lectures/html vn035.htm
98.06.25 06:13 B d:\syncomat\syncweb\html\vn036.htm --> pilot.msu.edu /msu/course/vu/egr124/preview/lectures/html vn036.htm
98.06.25 06:13 B d:\syncomat\syncweb\html\vn037.htm --> pilot.msu.edu /msu/course/vu/egr124/preview/lectures/html vn037.htm
98.06.25 06:13 B d:\syncomat\syncweb\html\vn038.htm --> pilot.msu.edu /msu/course/vu/egr124/preview/lectures/html vn038.htm
98.06.25 06:13 B d:\syncomat\syncweb\html\vn039.htm --> pilot.msu.edu /msu/course/vu/egr124/preview/lectures/html vn039.htm
98.06.25 06:13 B d:\syncomat\syncweb\html\vn040.htm --> pilot.msu.edu /msu/course/vu/egr124/preview/lectures/html vn040.htm
98.06.25 06:13 B d:\syncomat\syncweb\html\vn041.htm --> pilot.msu.edu /msu/course/vu/egr124/preview/lectures/html vn041.htm
98.06.25 06:13 B d:\syncomat\syncweb\html\vn042.htm --> pilot.msu.edu /msu/course/vu/egr124/preview/lectures/html vn042.htm
98.06.25 06:13 B d:\syncomat\syncweb\html\vn043.htm --> pilot.msu.edu /msu/course/vu/egr124/preview/lectures/html vn043.htm
98.06.25 06:13 B d:\syncomat\syncweb\html\vn044.htm --> pilot.msu.edu /msu/course/vu/egr124/preview/lectures/html vn044.htm
98.06.25 06:13 B d:\syncomat\syncweb\html\vn045.htm --> pilot.msu.edu /msu/course/vu/egr124/preview/lectures/html vn045.htm
98.06.25 06:13 B d:\syncomat\syncweb\html\vn046.htm --> pilot.msu.edu /msu/course/vu/egr124/preview/lectures/html vn046.htm
98.06.25 06:13 B d:\syncomat\syncweb\html\vr001.ram --> pilot.msu.edu /msu/course/vu/egr124/preview/lectures/html vr001.ram
98.06.25 06:13 B d:\syncomat\syncweb\html\vr001.rpm --> pilot.msu.edu /msu/course/vu/egr124/preview/lectures/html vr001.rpm
98.06.25 06:13 B d:\syncomat\syncweb\html\vr002.ram --> pilot.msu.edu /msu/course/vu/egr124/preview/lectures/html vr002.ram
98.06.25 06:13 B d:\syncomat\syncweb\html\vr002.rpm --> pilot.msu.edu /msu/course/vu/egr124/preview/lectures/html vr002.rpm
98.06.25 06:13 B d:\syncomat\syncweb\html\vr003.ram --> pilot.msu.edu /msu/course/vu/egr124/preview/lectures/html vr003.ram
98.06.25 06:13 B d:\syncomat\syncweb\html\vr003.rpm --> pilot.msu.edu /msu/course/vu/egr124/preview/lectures/html vr003.rpm
98.06.25 06:13 B d:\syncomat\syncweb\html\vr004.ram --> pilot.msu.edu /msu/course/vu/egr124/preview/lectures/html vr004.ram
98.06.25 06:13 B d:\syncomat\syncweb\html\vr004.rpm --> pilot.msu.edu /msu/course/vu/egr124/preview/lectures/html vr004.rpm
98.06.25 06:13 B d:\syncomat\syncweb\html\vr005.ram --> pilot.msu.edu /msu/course/vu/egr124/preview/lectures/html vr005.ram
98.06.25 06:13 B d:\syncomat\syncweb\html\vr005.rpm --> pilot.msu.edu /msu/course/vu/egr124/preview/lectures/html vr005.rpm
98.06.25 06:13 B d:\syncomat\syncweb\html\vr006.ram --> pilot.msu.edu /msu/course/vu/egr124/preview/lectures/html vr006.ram
98.06.25 06:13 B d:\syncomat\syncweb\html\vr006.rpm --> pilot.msu.edu /msu/course/vu/egr124/preview/lectures/html vr006.rpm
98.06.25 06:14 B d:\syncomat\syncweb\html\vr007.ram --> pilot.msu.edu /msu/course/vu/egr124/preview/lectures/html vr007.ram
98.06.25 06:14 B d:\syncomat\syncweb\html\vr007.rpm --> pilot.msu.edu /msu/course/vu/egr124/preview/lectures/html vr007.rpm
98.06.25 06:14 B d:\syncomat\syncweb\html\vr008.ram --> pilot.msu.edu /msu/course/vu/egr124/preview/lectures/html vr008.ram
98.06.25 06:14 B d:\syncomat\syncweb\html\vr008.rpm --> pilot.msu.edu /msu/course/vu/egr124/preview/lectures/html vr008.rpm
98.06.25 06:14 B d:\syncomat\syncweb\html\vr009.ram --> pilot.msu.edu /msu/course/vu/egr124/preview/lectures/html vr009.ram
98.06.25 06:14 B d:\syncomat\syncweb\html\vr009.rpm --> pilot.msu.edu /msu/course/vu/egr124/preview/lectures/html vr009.rpm
98.06.25 06:14 B d:\syncomat\syncweb\html\vr010.ram --> pilot.msu.edu /msu/course/vu/egr124/preview/lectures/html vr010.ram
98.06.25 06:14 B d:\syncomat\syncweb\html\vr010.rpm --> pilot.msu.edu /msu/course/vu/egr124/preview/lectures/html vr010.rpm
98.06.25 06:14 B d:\syncomat\syncweb\html\vr011.ram --> pilot.msu.edu /msu/course/vu/egr124/preview/lectures/html vr011.ram
98.06.25 06:14 B d:\syncomat\syncweb\html\vr011.rpm --> pilot.msu.edu /msu/course/vu/egr124/preview/lectures/html vr011.rpm
98.06.25 06:14 B d:\syncomat\syncweb\html\vr012.ram --> pilot.msu.edu /msu/course/vu/egr124/preview/lectures/html vr012.ram
98.06.25 06:14 B d:\syncomat\syncweb\html\vr012.rpm --> pilot.msu.edu /msu/course/vu/egr124/preview/lectures/html vr012.rpm
98.06.25 06:14 B d:\syncomat\syncweb\html\vr013.ram --> pilot.msu.edu /msu/course/vu/egr124/preview/lectures/html vr013.ram
98.06.25 06:14 B d:\syncomat\syncweb\html\vr013.rpm --> pilot.msu.edu /msu/course/vu/egr124/preview/lectures/html vr013.rpm
98.06.25 06:14 B d:\syncomat\syncweb\html\vr014.ram --> pilot.msu.edu /msu/course/vu/egr124/preview/lectures/html vr014.ram
98.06.25 06:14 B d:\syncomat\syncweb\html\vr014.rpm --> pilot.msu.edu /msu/course/vu/egr124/preview/lectures/html vr014.rpm
98.06.25 06:14 B d:\syncomat\syncweb\html\vr015.ram --> pilot.msu.edu /msu/course/vu/egr124/preview/lectures/html vr015.ram
98.06.25 06:14 B d:\syncomat\syncweb\html\vr015.rpm --> pilot.msu.edu /msu/course/vu/egr124/preview/lectures/html vr015.rpm
98.06.25 06:14 B d:\syncomat\syncweb\html\vr016.ram --> pilot.msu.edu /msu/course/vu/egr124/preview/lectures/html vr016.ram
98.06.25 06:14 B d:\syncomat\syncweb\html\vr016.rpm --> pilot.msu.edu /msu/course/vu/egr124/preview/lectures/html vr016.rpm
98.06.25 06:14 B d:\syncomat\syncweb\html\vr017.ram --> pilot.msu.edu /msu/course/vu/egr124/preview/lectures/html vr017.ram
98.06.25 06:14 B d:\syncomat\syncweb\html\vr017.rpm --> pilot.msu.edu /msu/course/vu/egr124/preview/lectures/html vr017.rpm
98.06.25 06:14 B d:\syncomat\syncweb\html\vr018.ram --> pilot.msu.edu /msu/course/vu/egr124/preview/lectures/html vr018.ram
98.06.25 06:14 B d:\syncomat\syncweb\html\vr018.rpm --> pilot.msu.edu /msu/course/vu/egr124/preview/lectures/html vr018.rpm
98.06.25 06:14 B d:\syncomat\syncweb\html\vr019.ram --> pilot.msu.edu /msu/course/vu/egr124/preview/lectures/html vr019.ram
98.06.25 06:14 B d:\syncomat\syncweb\html\vr019.rpm --> pilot.msu.edu /msu/course/vu/egr124/preview/lectures/html vr019.rpm
98.06.25 06:14 B d:\syncomat\syncweb\html\vr020.ram --> pilot.msu.edu /msu/course/vu/egr124/preview/lectures/html vr020.ram
98.06.25 06:14 B d:\syncomat\syncweb\html\vr020.rpm --> pilot.msu.edu /msu/course/vu/egr124/preview/lectures/html vr020.rpm
98.06.25 06:14 B d:\syncomat\syncweb\html\vr021.ram --> pilot.msu.edu /msu/course/vu/egr124/preview/lectures/html vr021.ram
98.06.25 06:14 B d:\syncomat\syncweb\html\vr021.rpm --> pilot.msu.edu /msu/course/vu/egr124/preview/lectures/html vr021.rpm
98.06.25 06:14 B d:\syncomat\syncweb\html\vr022.ram --> pilot.msu.edu /msu/course/vu/egr124/preview/lectures/html vr022.ram
98.06.25 06:14 B d:\syncomat\syncweb\html\vr022.rpm --> pilot.msu.edu /msu/course/vu/egr124/preview/lectures/html vr022.rpm
98.06.25 06:14 B d:\syncomat\syncweb\html\vr023.ram --> pilot.msu.edu /msu/course/vu/egr124/preview/lectures/html vr023.ram
98.06.25 06:14 B d:\syncomat\syncweb\html\vr023.rpm --> pilot.msu.edu /msu/course/vu/egr124/preview/lectures/html vr023.rpm
98.06.25 06:14 B d:\syncomat\syncweb\html\vr024.ram --> pilot.msu.edu /msu/course/vu/egr124/preview/lectures/html vr024.ram
98.06.25 06:14 B d:\syncomat\syncweb\html\vr024.rpm --> pilot.msu.edu /msu/course/vu/egr124/preview/lectures/html vr024.rpm
98.06.25 06:14 B d:\syncomat\syncweb\html\vr025.ram --> pilot.msu.edu /msu/course/vu/egr124/preview/lectures/html vr025.ram
98.06.25 06:14 B d:\syncomat\syncweb\html\vr025.rpm --> pilot.msu.edu /msu/course/vu/egr124/preview/lectures/html vr025.rpm
98.06.25 06:14 B d:\syncomat\syncweb\html\vr026.ram --> pilot.msu.edu /msu/course/vu/egr124/preview/lectures/html vr026.ram
98.06.25 06:14 B d:\syncomat\syncweb\html\vr026.rpm --> pilot.msu.edu /msu/course/vu/egr124/preview/lectures/html vr026.rpm
98.06.25 06:14 B d:\syncomat\syncweb\html\vr027.ram --> pilot.msu.edu /msu/course/vu/egr124/preview/lectures/html vr027.ram
98.06.25 06:14 B d:\syncomat\syncweb\html\vr027.rpm --> pilot.msu.edu /msu/course/vu/egr124/preview/lectures/html vr027.rpm
98.06.25 06:14 B d:\syncomat\syncweb\html\vr028.ram --> pilot.msu.edu /msu/course/vu/egr124/preview/lectures/html vr028.ram
98.06.25 06:14 B d:\syncomat\syncweb\html\vr028.rpm --> pilot.msu.edu /msu/course/vu/egr124/preview/lectures/html vr028.rpm
98.06.25 06:14 B d:\syncomat\syncweb\html\vr029.ram --> pilot.msu.edu /msu/course/vu/egr124/preview/lectures/html vr029.ram
98.06.25 06:14 B d:\syncomat\syncweb\html\vr029.rpm --> pilot.msu.edu /msu/course/vu/egr124/preview/lectures/html vr029.rpm
98.06.25 06:14 B d:\syncomat\syncweb\html\vr030.ram --> pilot.msu.edu /msu/course/vu/egr124/preview/lectures/html vr030.ram
98.06.25 06:14 B d:\syncomat\syncweb\html\vr030.rpm --> pilot.msu.edu /msu/course/vu/egr124/preview/lectures/html vr030.rpm
98.06.25 06:14 B d:\syncomat\syncweb\html\vr031.ram --> pilot.msu.edu /msu/course/vu/egr124/preview/lectures/html vr031.ram
98.06.25 06:14 B d:\syncomat\syncweb\html\vr031.rpm --> pilot.msu.edu /msu/course/vu/egr124/preview/lectures/html vr031.rpm
98.06.25 06:14 B d:\syncomat\syncweb\html\vr032.ram --> pilot.msu.edu /msu/course/vu/egr124/preview/lectures/html vr032.ram
98.06.25 06:14 B d:\syncomat\syncweb\html\vr032.rpm --> pilot.msu.edu /msu/course/vu/egr124/preview/lectures/html vr032.rpm
98.06.25 06:14 B d:\syncomat\syncweb\html\vr033.ram --> pilot.msu.edu /msu/course/vu/egr124/preview/lectures/html vr033.ram
98.06.25 06:14 B d:\syncomat\syncweb\html\vr033.rpm --> pilot.msu.edu /msu/course/vu/egr124/preview/lectures/html vr033.rpm
98.06.25 06:14 B d:\syncomat\syncweb\html\vr034.ram --> pilot.msu.edu /msu/course/vu/egr124/preview/lectures/html vr034.ram
98.06.25 06:14 B d:\syncomat\syncweb\html\vr034.rpm --> pilot.msu.edu /msu/course/vu/egr124/preview/lectures/html vr034.rpm
98.06.25 06:14 B d:\syncomat\syncweb\html\vr035.ram --> pilot.msu.edu /msu/course/vu/egr124/preview/lectures/html vr035.ram
98.06.25 06:14 B d:\syncomat\syncweb\html\vr035.rpm --> pilot.msu.edu /msu/course/vu/egr124/preview/lectures/html vr035.rpm
98.06.25 06:14 B d:\syncomat\syncweb\html\vr036.ram --> pilot.msu.edu /msu/course/vu/egr124/preview/lectures/html vr036.ram
98.06.25 06:14 B d:\syncomat\syncweb\html\vr036.rpm --> pilot.msu.edu /msu/course/vu/egr124/preview/lectures/html vr036.rpm
98.06.25 06:14 B d:\syncomat\syncweb\html\vr037.ram --> pilot.msu.edu /msu/course/vu/egr124/preview/lectures/html vr037.ram
98.06.25 06:14 B d:\syncomat\syncweb\html\vr037.rpm --> pilot.msu.edu /msu/course/vu/egr124/preview/lectures/html vr037.rpm
98.06.25 06:14 B d:\syncomat\syncweb\html\vr038.ram --> pilot.msu.edu /msu/course/vu/egr124/preview/lectures/html vr038.ram
98.06.25 06:14 B d:\syncomat\syncweb\html\vr038.rpm --> pilot.msu.edu /msu/course/vu/egr124/preview/lectures/html vr038.rpm
98.06.25 06:14 B d:\syncomat\syncweb\html\vr039.ram --> pilot.msu.edu /msu/course/vu/egr124/preview/lectures/html vr039.ram
98.06.25 06:14 B d:\syncomat\syncweb\html\vr039.rpm --> pilot.msu.edu /msu/course/vu/egr124/preview/lectures/html vr039.rpm
98.06.25 06:14 B d:\syncomat\syncweb\html\vr040.ram --> pilot.msu.edu /msu/course/vu/egr124/preview/lectures/html vr040.ram
98.06.25 06:14 B d:\syncomat\syncweb\html\vr040.rpm --> pilot.msu.edu /msu/course/vu/egr124/preview/lectures/html vr040.rpm
98.06.25 06:14 B d:\syncomat\syncweb\html\vr041.ram --> pilot.msu.edu /msu/course/vu/egr124/preview/lectures/html vr041.ram
98.06.25 06:14 B d:\syncomat\syncweb\html\vr041.rpm --> pilot.msu.edu /msu/course/vu/egr124/preview/lectures/html vr041.rpm
98.06.25 06:14 B d:\syncomat\syncweb\html\vr042.ram --> pilot.msu.edu /msu/course/vu/egr124/preview/lectures/html vr042.ram
98.06.25 06:14 B d:\syncomat\syncweb\html\vr042.rpm --> pilot.msu.edu /msu/course/vu/egr124/preview/lectures/html vr042.rpm
98.06.25 06:14 B d:\syncomat\syncweb\html\vr043.ram --> pilot.msu.edu /msu/course/vu/egr124/preview/lectures/html vr043.ram
98.06.25 06:14 B d:\syncomat\syncweb\html\vr043.rpm --> pilot.msu.edu /msu/course/vu/egr124/preview/lectures/html vr043.rpm
98.06.25 06:14 B d:\syncomat\syncweb\html\vr044.ram --> pilot.msu.edu /msu/course/vu/egr124/preview/lectures/html vr044.ram
98.06.25 06:14 B d:\syncomat\syncweb\html\vr044.rpm --> pilot.msu.edu /msu/course/vu/egr124/preview/lectures/html vr044.rpm
98.06.25 06:14 B d:\syncomat\syncweb\html\vr045.ram --> pilot.msu.edu /msu/course/vu/egr124/preview/lectures/html vr045.ram
98.06.25 06:14 B d:\syncomat\syncweb\html\vr045.rpm --> pilot.msu.edu /msu/course/vu/egr124/preview/lectures/html vr045.rpm
98.06.25 06:14 B d:\syncomat\syncweb\html\vr046.ram --> pilot.msu.edu /msu/course/vu/egr124/preview/lectures/html vr046.ram
98.06.25 06:14 B d:\syncomat\syncweb\html\vr046.rpm --> pilot.msu.edu /msu/course/vu/egr124/preview/lectures/html vr046.rpm
98.06.25 06:14 B d:\syncomat\syncweb\html\vstr1.ram --> pilot.msu.edu /msu/course/vu/egr124/preview/lectures/html vstr1.ram
98.06.25 06:14 B d:\syncomat\syncweb\html\vstr2.ram --> pilot.msu.edu /msu/course/vu/egr124/preview/lectures/html vstr2.ram
98.06.25 06:14 B d:\syncomat\syncweb\html\vstr3.ram --> pilot.msu.edu /msu/course/vu/egr124/preview/lectures/html vstr3.ram
98.06.25 06:14 B d:\syncomat\syncweb\html\vstr4.ram --> pilot.msu.edu /msu/course/vu/egr124/preview/lectures/html vstr4.ram
98.06.25 06:14 B d:\syncomat\syncweb\html\vthumb.htm --> pilot.msu.edu /msu/course/vu/egr124/preview/lectures/html vthumb.htm
98.06.25 06:14 B d:\syncomat\syncweb\html\xrecur1 --> pilot.msu.edu /msu/course/vu/egr124/preview/lectures/html xrecur1
