97.11.27 02:36 B C:\doit\slides\hist\ielogo.gif --> www.vu.msu.edu /home/cps291/stage/doit/slides/hist ielogo.gif
97.11.27 02:36 B C:\doit\slides\hist\img001.GIF --> www.vu.msu.edu /home/cps291/stage/doit/slides/hist img001.GIF
97.11.27 02:36 B C:\doit\slides\hist\img002.GIF --> www.vu.msu.edu /home/cps291/stage/doit/slides/hist img002.GIF
97.11.27 02:36 B C:\doit\slides\hist\img003.GIF --> www.vu.msu.edu /home/cps291/stage/doit/slides/hist img003.GIF
97.11.27 02:36 B C:\doit\slides\hist\img004.GIF --> www.vu.msu.edu /home/cps291/stage/doit/slides/hist img004.GIF
97.11.27 02:36 B C:\doit\slides\hist\img005.GIF --> www.vu.msu.edu /home/cps291/stage/doit/slides/hist img005.GIF
97.11.27 02:36 B C:\doit\slides\hist\img006.GIF --> www.vu.msu.edu /home/cps291/stage/doit/slides/hist img006.GIF
97.11.27 02:36 B C:\doit\slides\hist\img007.GIF --> www.vu.msu.edu /home/cps291/stage/doit/slides/hist img007.GIF
97.11.27 02:36 B C:\doit\slides\hist\img008.GIF --> www.vu.msu.edu /home/cps291/stage/doit/slides/hist img008.GIF
97.11.27 02:36 B C:\doit\slides\hist\img009.GIF --> www.vu.msu.edu /home/cps291/stage/doit/slides/hist img009.GIF
97.11.27 02:36 B C:\doit\slides\hist\img010.GIF --> www.vu.msu.edu /home/cps291/stage/doit/slides/hist img010.GIF
97.11.27 02:36 B C:\doit\slides\hist\img011.GIF --> www.vu.msu.edu /home/cps291/stage/doit/slides/hist img011.GIF
97.11.27 02:36 B C:\doit\slides\hist\img012.GIF --> www.vu.msu.edu /home/cps291/stage/doit/slides/hist img012.GIF
97.11.27 02:36 B C:\doit\slides\hist\img013.GIF --> www.vu.msu.edu /home/cps291/stage/doit/slides/hist img013.GIF
97.11.27 02:36 B C:\doit\slides\hist\img014.GIF --> www.vu.msu.edu /home/cps291/stage/doit/slides/hist img014.GIF
97.11.27 02:36 B C:\doit\slides\hist\img015.GIF --> www.vu.msu.edu /home/cps291/stage/doit/slides/hist img015.GIF
97.11.27 02:36 B C:\doit\slides\hist\img016.GIF --> www.vu.msu.edu /home/cps291/stage/doit/slides/hist img016.GIF
97.11.27 02:36 B C:\doit\slides\hist\img017.GIF --> www.vu.msu.edu /home/cps291/stage/doit/slides/hist img017.GIF
97.11.27 02:36 B C:\doit\slides\hist\img018.GIF --> www.vu.msu.edu /home/cps291/stage/doit/slides/hist img018.GIF
97.11.27 02:36 B C:\doit\slides\hist\img019.GIF --> www.vu.msu.edu /home/cps291/stage/doit/slides/hist img019.GIF
97.11.27 02:36 B C:\doit\slides\hist\img020.GIF --> www.vu.msu.edu /home/cps291/stage/doit/slides/hist img020.GIF
97.11.27 02:36 B C:\doit\slides\hist\img021.GIF --> www.vu.msu.edu /home/cps291/stage/doit/slides/hist img021.GIF
97.11.27 02:36 B C:\doit\slides\hist\img022.GIF --> www.vu.msu.edu /home/cps291/stage/doit/slides/hist img022.GIF
97.11.27 02:36 B C:\doit\slides\hist\img023.GIF --> www.vu.msu.edu /home/cps291/stage/doit/slides/hist img023.GIF
97.11.27 02:36 B C:\doit\slides\hist\img024.GIF --> www.vu.msu.edu /home/cps291/stage/doit/slides/hist img024.GIF
97.11.27 02:36 B C:\doit\slides\hist\img025.GIF --> www.vu.msu.edu /home/cps291/stage/doit/slides/hist img025.GIF
97.11.27 02:36 B C:\doit\slides\hist\img026.GIF --> www.vu.msu.edu /home/cps291/stage/doit/slides/hist img026.GIF
97.11.27 02:36 B C:\doit\slides\hist\img027.GIF --> www.vu.msu.edu /home/cps291/stage/doit/slides/hist img027.GIF
97.11.27 02:36 B C:\doit\slides\hist\img028.GIF --> www.vu.msu.edu /home/cps291/stage/doit/slides/hist img028.GIF
97.11.27 02:36 B C:\doit\slides\hist\img029.GIF --> www.vu.msu.edu /home/cps291/stage/doit/slides/hist img029.GIF
97.11.27 02:36 B C:\doit\slides\hist\img030.GIF --> www.vu.msu.edu /home/cps291/stage/doit/slides/hist img030.GIF
97.11.27 02:36 B C:\doit\slides\hist\img031.GIF --> www.vu.msu.edu /home/cps291/stage/doit/slides/hist img031.GIF
97.11.27 02:36 B C:\doit\slides\hist\img032.GIF --> www.vu.msu.edu /home/cps291/stage/doit/slides/hist img032.GIF
97.11.27 02:36 B C:\doit\slides\hist\img033.GIF --> www.vu.msu.edu /home/cps291/stage/doit/slides/hist img033.GIF
97.11.27 02:36 B C:\doit\slides\hist\img034.GIF --> www.vu.msu.edu /home/cps291/stage/doit/slides/hist img034.GIF
97.11.27 02:36 B C:\doit\slides\hist\img035.GIF --> www.vu.msu.edu /home/cps291/stage/doit/slides/hist img035.GIF
97.11.27 02:36 B C:\doit\slides\hist\img036.GIF --> www.vu.msu.edu /home/cps291/stage/doit/slides/hist img036.GIF
97.11.27 02:36 B C:\doit\slides\hist\img037.GIF --> www.vu.msu.edu /home/cps291/stage/doit/slides/hist img037.GIF
97.11.27 02:36 B C:\doit\slides\hist\img038.GIF --> www.vu.msu.edu /home/cps291/stage/doit/slides/hist img038.GIF
97.11.27 02:36 B C:\doit\slides\hist\index.htm --> www.vu.msu.edu /home/cps291/stage/doit/slides/hist index.htm
97.11.27 02:36 B C:\doit\slides\hist\pptani.gif --> www.vu.msu.edu /home/cps291/stage/doit/slides/hist pptani.gif
97.11.27 02:36 B C:\doit\slides\hist\sld001.htm --> www.vu.msu.edu /home/cps291/stage/doit/slides/hist sld001.htm
97.11.27 02:36 B C:\doit\slides\hist\sld002.htm --> www.vu.msu.edu /home/cps291/stage/doit/slides/hist sld002.htm
97.11.27 02:36 B C:\doit\slides\hist\sld003.htm --> www.vu.msu.edu /home/cps291/stage/doit/slides/hist sld003.htm
97.11.27 02:36 B C:\doit\slides\hist\sld004.htm --> www.vu.msu.edu /home/cps291/stage/doit/slides/hist sld004.htm
97.11.27 02:36 B C:\doit\slides\hist\sld005.htm --> www.vu.msu.edu /home/cps291/stage/doit/slides/hist sld005.htm
97.11.27 02:36 B C:\doit\slides\hist\sld006.htm --> www.vu.msu.edu /home/cps291/stage/doit/slides/hist sld006.htm
97.11.27 02:36 B C:\doit\slides\hist\sld007.htm --> www.vu.msu.edu /home/cps291/stage/doit/slides/hist sld007.htm
97.11.27 02:36 B C:\doit\slides\hist\sld008.htm --> www.vu.msu.edu /home/cps291/stage/doit/slides/hist sld008.htm
97.11.27 02:36 B C:\doit\slides\hist\sld009.htm --> www.vu.msu.edu /home/cps291/stage/doit/slides/hist sld009.htm
97.11.27 02:36 B C:\doit\slides\hist\sld010.htm --> www.vu.msu.edu /home/cps291/stage/doit/slides/hist sld010.htm
97.11.27 02:36 B C:\doit\slides\hist\sld011.htm --> www.vu.msu.edu /home/cps291/stage/doit/slides/hist sld011.htm
97.11.27 02:36 B C:\doit\slides\hist\sld012.htm --> www.vu.msu.edu /home/cps291/stage/doit/slides/hist sld012.htm
97.11.27 02:36 B C:\doit\slides\hist\sld013.htm --> www.vu.msu.edu /home/cps291/stage/doit/slides/hist sld013.htm
97.11.27 02:36 B C:\doit\slides\hist\sld014.htm --> www.vu.msu.edu /home/cps291/stage/doit/slides/hist sld014.htm
97.11.27 02:36 B C:\doit\slides\hist\sld015.htm --> www.vu.msu.edu /home/cps291/stage/doit/slides/hist sld015.htm
97.11.27 02:36 B C:\doit\slides\hist\sld016.htm --> www.vu.msu.edu /home/cps291/stage/doit/slides/hist sld016.htm
97.11.27 02:36 B C:\doit\slides\hist\sld017.htm --> www.vu.msu.edu /home/cps291/stage/doit/slides/hist sld017.htm
97.11.27 02:36 B C:\doit\slides\hist\sld018.htm --> www.vu.msu.edu /home/cps291/stage/doit/slides/hist sld018.htm
97.11.27 02:36 B C:\doit\slides\hist\sld019.htm --> www.vu.msu.edu /home/cps291/stage/doit/slides/hist sld019.htm
97.11.27 02:36 B C:\doit\slides\hist\sld020.htm --> www.vu.msu.edu /home/cps291/stage/doit/slides/hist sld020.htm
97.11.27 02:36 B C:\doit\slides\hist\sld021.htm --> www.vu.msu.edu /home/cps291/stage/doit/slides/hist sld021.htm
97.11.27 02:36 B C:\doit\slides\hist\sld022.htm --> www.vu.msu.edu /home/cps291/stage/doit/slides/hist sld022.htm
97.11.27 02:36 B C:\doit\slides\hist\sld023.htm --> www.vu.msu.edu /home/cps291/stage/doit/slides/hist sld023.htm
97.11.27 02:36 B C:\doit\slides\hist\sld024.htm --> www.vu.msu.edu /home/cps291/stage/doit/slides/hist sld024.htm
97.11.27 02:36 B C:\doit\slides\hist\sld025.htm --> www.vu.msu.edu /home/cps291/stage/doit/slides/hist sld025.htm
97.11.27 02:36 B C:\doit\slides\hist\sld026.htm --> www.vu.msu.edu /home/cps291/stage/doit/slides/hist sld026.htm
97.11.27 02:36 B C:\doit\slides\hist\sld027.htm --> www.vu.msu.edu /home/cps291/stage/doit/slides/hist sld027.htm
97.11.27 02:36 B C:\doit\slides\hist\sld028.htm --> www.vu.msu.edu /home/cps291/stage/doit/slides/hist sld028.htm
97.11.27 02:36 B C:\doit\slides\hist\sld029.htm --> www.vu.msu.edu /home/cps291/stage/doit/slides/hist sld029.htm
97.11.27 02:36 B C:\doit\slides\hist\sld030.htm --> www.vu.msu.edu /home/cps291/stage/doit/slides/hist sld030.htm
97.11.27 02:36 B C:\doit\slides\hist\sld031.htm --> www.vu.msu.edu /home/cps291/stage/doit/slides/hist sld031.htm
97.11.27 02:36 B C:\doit\slides\hist\sld032.htm --> www.vu.msu.edu /home/cps291/stage/doit/slides/hist sld032.htm
97.11.27 02:36 B C:\doit\slides\hist\sld033.htm --> www.vu.msu.edu /home/cps291/stage/doit/slides/hist sld033.htm
97.11.27 02:36 B C:\doit\slides\hist\sld034.htm --> www.vu.msu.edu /home/cps291/stage/doit/slides/hist sld034.htm
97.11.27 02:36 B C:\doit\slides\hist\sld035.htm --> www.vu.msu.edu /home/cps291/stage/doit/slides/hist sld035.htm
97.11.27 02:36 B C:\doit\slides\hist\sld036.htm --> www.vu.msu.edu /home/cps291/stage/doit/slides/hist sld036.htm
97.11.27 02:36 B C:\doit\slides\hist\sld037.htm --> www.vu.msu.edu /home/cps291/stage/doit/slides/hist sld037.htm
97.11.27 02:36 B C:\doit\slides\hist\sld038.htm --> www.vu.msu.edu /home/cps291/stage/doit/slides/hist sld038.htm
97.11.27 02:36 B C:\doit\slides\hist\space.gif --> www.vu.msu.edu /home/cps291/stage/doit/slides/hist space.gif
97.11.27 02:36 B C:\doit\slides\hist\tsld001.htm --> www.vu.msu.edu /home/cps291/stage/doit/slides/hist tsld001.htm
97.11.27 02:36 B C:\doit\slides\hist\tsld002.htm --> www.vu.msu.edu /home/cps291/stage/doit/slides/hist tsld002.htm
97.11.27 02:36 B C:\doit\slides\hist\tsld003.htm --> www.vu.msu.edu /home/cps291/stage/doit/slides/hist tsld003.htm
97.11.27 02:36 B C:\doit\slides\hist\tsld004.htm --> www.vu.msu.edu /home/cps291/stage/doit/slides/hist tsld004.htm
97.11.27 02:36 B C:\doit\slides\hist\tsld005.htm --> www.vu.msu.edu /home/cps291/stage/doit/slides/hist tsld005.htm
97.11.27 02:36 B C:\doit\slides\hist\tsld006.htm --> www.vu.msu.edu /home/cps291/stage/doit/slides/hist tsld006.htm
97.11.27 02:36 B C:\doit\slides\hist\tsld007.htm --> www.vu.msu.edu /home/cps291/stage/doit/slides/hist tsld007.htm
97.11.27 02:36 B C:\doit\slides\hist\tsld008.htm --> www.vu.msu.edu /home/cps291/stage/doit/slides/hist tsld008.htm
97.11.27 02:36 B C:\doit\slides\hist\tsld009.htm --> www.vu.msu.edu /home/cps291/stage/doit/slides/hist tsld009.htm
97.11.27 02:36 B C:\doit\slides\hist\tsld010.htm --> www.vu.msu.edu /home/cps291/stage/doit/slides/hist tsld010.htm
97.11.27 02:36 B C:\doit\slides\hist\tsld011.htm --> www.vu.msu.edu /home/cps291/stage/doit/slides/hist tsld011.htm
97.11.27 02:36 B C:\doit\slides\hist\tsld012.htm --> www.vu.msu.edu /home/cps291/stage/doit/slides/hist tsld012.htm
97.11.27 02:36 B C:\doit\slides\hist\tsld013.htm --> www.vu.msu.edu /home/cps291/stage/doit/slides/hist tsld013.htm
97.11.27 02:36 B C:\doit\slides\hist\tsld014.htm --> www.vu.msu.edu /home/cps291/stage/doit/slides/hist tsld014.htm
97.11.27 02:36 B C:\doit\slides\hist\tsld015.htm --> www.vu.msu.edu /home/cps291/stage/doit/slides/hist tsld015.htm
97.11.27 02:36 B C:\doit\slides\hist\tsld016.htm --> www.vu.msu.edu /home/cps291/stage/doit/slides/hist tsld016.htm
97.11.27 02:36 B C:\doit\slides\hist\tsld017.htm --> www.vu.msu.edu /home/cps291/stage/doit/slides/hist tsld017.htm
97.11.27 02:36 B C:\doit\slides\hist\tsld018.htm --> www.vu.msu.edu /home/cps291/stage/doit/slides/hist tsld018.htm
97.11.27 02:36 B C:\doit\slides\hist\tsld019.htm --> www.vu.msu.edu /home/cps291/stage/doit/slides/hist tsld019.htm
97.11.27 02:36 B C:\doit\slides\hist\tsld020.htm --> www.vu.msu.edu /home/cps291/stage/doit/slides/hist tsld020.htm
97.11.27 02:36 B C:\doit\slides\hist\tsld021.htm --> www.vu.msu.edu /home/cps291/stage/doit/slides/hist tsld021.htm
97.11.27 02:36 B C:\doit\slides\hist\tsld022.htm --> www.vu.msu.edu /home/cps291/stage/doit/slides/hist tsld022.htm
97.11.27 02:36 B C:\doit\slides\hist\tsld023.htm --> www.vu.msu.edu /home/cps291/stage/doit/slides/hist tsld023.htm
97.11.27 02:36 B C:\doit\slides\hist\tsld024.htm --> www.vu.msu.edu /home/cps291/stage/doit/slides/hist tsld024.htm
97.11.27 02:36 B C:\doit\slides\hist\tsld025.htm --> www.vu.msu.edu /home/cps291/stage/doit/slides/hist tsld025.htm
97.11.27 02:36 B C:\doit\slides\hist\tsld026.htm --> www.vu.msu.edu /home/cps291/stage/doit/slides/hist tsld026.htm
97.11.27 02:36 B C:\doit\slides\hist\tsld027.htm --> www.vu.msu.edu /home/cps291/stage/doit/slides/hist tsld027.htm
97.11.27 02:36 B C:\doit\slides\hist\tsld028.htm --> www.vu.msu.edu /home/cps291/stage/doit/slides/hist tsld028.htm
97.11.27 02:36 B C:\doit\slides\hist\tsld029.htm --> www.vu.msu.edu /home/cps291/stage/doit/slides/hist tsld029.htm
97.11.27 02:36 B C:\doit\slides\hist\tsld030.htm --> www.vu.msu.edu /home/cps291/stage/doit/slides/hist tsld030.htm
97.11.27 02:37 B C:\doit\slides\hist\tsld031.htm --> www.vu.msu.edu /home/cps291/stage/doit/slides/hist tsld031.htm
97.11.27 02:37 B C:\doit\slides\hist\tsld032.htm --> www.vu.msu.edu /home/cps291/stage/doit/slides/hist tsld032.htm
97.11.27 02:37 B C:\doit\slides\hist\tsld033.htm --> www.vu.msu.edu /home/cps291/stage/doit/slides/hist tsld033.htm
97.11.27 02:37 B C:\doit\slides\hist\tsld034.htm --> www.vu.msu.edu /home/cps291/stage/doit/slides/hist tsld034.htm
97.11.27 02:37 B C:\doit\slides\hist\tsld035.htm --> www.vu.msu.edu /home/cps291/stage/doit/slides/hist tsld035.htm
97.11.27 02:37 B C:\doit\slides\hist\tsld036.htm --> www.vu.msu.edu /home/cps291/stage/doit/slides/hist tsld036.htm
97.11.27 02:37 B C:\doit\slides\hist\tsld037.htm --> www.vu.msu.edu /home/cps291/stage/doit/slides/hist tsld037.htm
97.11.27 02:37 B C:\doit\slides\hist\tsld038.htm --> www.vu.msu.edu /home/cps291/stage/doit/slides/hist tsld038.htm
97.11.27 02:52 B C:\doit\slides\hist\ielogo.gif --> www.vu.msu.edu /home/cps291/stage/doit/slides/hist ielogo.gif
97.11.27 02:52 B C:\doit\slides\hist\img001.GIF --> www.vu.msu.edu /home/cps291/stage/doit/slides/hist img001.GIF
97.11.27 02:52 B C:\doit\slides\hist\img002.GIF --> www.vu.msu.edu /home/cps291/stage/doit/slides/hist img002.GIF
97.11.27 02:52 B C:\doit\slides\hist\img003.GIF --> www.vu.msu.edu /home/cps291/stage/doit/slides/hist img003.GIF
97.11.27 02:52 B C:\doit\slides\hist\img004.GIF --> www.vu.msu.edu /home/cps291/stage/doit/slides/hist img004.GIF
97.11.27 02:52 B C:\doit\slides\hist\img005.GIF --> www.vu.msu.edu /home/cps291/stage/doit/slides/hist img005.GIF
97.11.27 02:52 B C:\doit\slides\hist\img006.GIF --> www.vu.msu.edu /home/cps291/stage/doit/slides/hist img006.GIF
97.11.27 02:52 B C:\doit\slides\hist\img007.GIF --> www.vu.msu.edu /home/cps291/stage/doit/slides/hist img007.GIF
97.11.27 02:52 B C:\doit\slides\hist\img008.GIF --> www.vu.msu.edu /home/cps291/stage/doit/slides/hist img008.GIF
97.11.27 02:52 B C:\doit\slides\hist\img009.GIF --> www.vu.msu.edu /home/cps291/stage/doit/slides/hist img009.GIF
97.11.27 02:52 B C:\doit\slides\hist\img010.GIF --> www.vu.msu.edu /home/cps291/stage/doit/slides/hist img010.GIF
97.11.27 02:52 B C:\doit\slides\hist\img011.GIF --> www.vu.msu.edu /home/cps291/stage/doit/slides/hist img011.GIF
97.11.27 02:52 B C:\doit\slides\hist\img012.GIF --> www.vu.msu.edu /home/cps291/stage/doit/slides/hist img012.GIF
97.11.27 02:52 B C:\doit\slides\hist\img013.GIF --> www.vu.msu.edu /home/cps291/stage/doit/slides/hist img013.GIF
97.11.27 02:52 B C:\doit\slides\hist\img014.GIF --> www.vu.msu.edu /home/cps291/stage/doit/slides/hist img014.GIF
97.11.27 02:52 B C:\doit\slides\hist\img015.GIF --> www.vu.msu.edu /home/cps291/stage/doit/slides/hist img015.GIF
97.11.27 02:52 B C:\doit\slides\hist\img016.GIF --> www.vu.msu.edu /home/cps291/stage/doit/slides/hist img016.GIF
97.11.27 02:52 B C:\doit\slides\hist\img017.GIF --> www.vu.msu.edu /home/cps291/stage/doit/slides/hist img017.GIF
97.11.27 02:52 B C:\doit\slides\hist\img018.GIF --> www.vu.msu.edu /home/cps291/stage/doit/slides/hist img018.GIF
97.11.27 02:52 B C:\doit\slides\hist\img019.GIF --> www.vu.msu.edu /home/cps291/stage/doit/slides/hist img019.GIF
97.11.27 02:52 B C:\doit\slides\hist\img020.GIF --> www.vu.msu.edu /home/cps291/stage/doit/slides/hist img020.GIF
97.11.27 02:52 B C:\doit\slides\hist\img021.GIF --> www.vu.msu.edu /home/cps291/stage/doit/slides/hist img021.GIF
97.11.27 02:52 B C:\doit\slides\hist\img022.GIF --> www.vu.msu.edu /home/cps291/stage/doit/slides/hist img022.GIF
97.11.27 02:52 B C:\doit\slides\hist\img023.GIF --> www.vu.msu.edu /home/cps291/stage/doit/slides/hist img023.GIF
97.11.27 02:52 B C:\doit\slides\hist\img024.GIF --> www.vu.msu.edu /home/cps291/stage/doit/slides/hist img024.GIF
97.11.27 02:52 B C:\doit\slides\hist\img025.GIF --> www.vu.msu.edu /home/cps291/stage/doit/slides/hist img025.GIF
97.11.27 02:52 B C:\doit\slides\hist\img026.GIF --> www.vu.msu.edu /home/cps291/stage/doit/slides/hist img026.GIF
97.11.27 02:52 B C:\doit\slides\hist\img027.GIF --> www.vu.msu.edu /home/cps291/stage/doit/slides/hist img027.GIF
97.11.27 02:52 B C:\doit\slides\hist\img028.GIF --> www.vu.msu.edu /home/cps291/stage/doit/slides/hist img028.GIF
97.11.27 02:52 B C:\doit\slides\hist\img029.GIF --> www.vu.msu.edu /home/cps291/stage/doit/slides/hist img029.GIF
97.11.27 02:52 B C:\doit\slides\hist\img030.GIF --> www.vu.msu.edu /home/cps291/stage/doit/slides/hist img030.GIF
97.11.27 02:52 B C:\doit\slides\hist\img031.GIF --> www.vu.msu.edu /home/cps291/stage/doit/slides/hist img031.GIF
97.11.27 02:52 B C:\doit\slides\hist\img032.GIF --> www.vu.msu.edu /home/cps291/stage/doit/slides/hist img032.GIF
97.11.27 02:52 B C:\doit\slides\hist\img033.GIF --> www.vu.msu.edu /home/cps291/stage/doit/slides/hist img033.GIF
97.11.27 02:52 B C:\doit\slides\hist\img034.GIF --> www.vu.msu.edu /home/cps291/stage/doit/slides/hist img034.GIF
97.11.27 02:52 B C:\doit\slides\hist\img035.GIF --> www.vu.msu.edu /home/cps291/stage/doit/slides/hist img035.GIF
97.11.27 02:52 B C:\doit\slides\hist\img036.GIF --> www.vu.msu.edu /home/cps291/stage/doit/slides/hist img036.GIF
97.11.27 02:52 B C:\doit\slides\hist\img037.GIF --> www.vu.msu.edu /home/cps291/stage/doit/slides/hist img037.GIF
97.11.27 02:52 B C:\doit\slides\hist\img038.GIF --> www.vu.msu.edu /home/cps291/stage/doit/slides/hist img038.GIF
97.11.27 02:52 B C:\doit\slides\hist\index.htm --> www.vu.msu.edu /home/cps291/stage/doit/slides/hist index.htm
97.11.27 02:52 B C:\doit\slides\hist\pptani.gif --> www.vu.msu.edu /home/cps291/stage/doit/slides/hist pptani.gif
97.11.27 02:52 B C:\doit\slides\hist\sld001.htm --> www.vu.msu.edu /home/cps291/stage/doit/slides/hist sld001.htm
97.11.27 02:52 B C:\doit\slides\hist\sld002.htm --> www.vu.msu.edu /home/cps291/stage/doit/slides/hist sld002.htm
97.11.27 02:52 B C:\doit\slides\hist\sld003.htm --> www.vu.msu.edu /home/cps291/stage/doit/slides/hist sld003.htm
97.11.27 02:52 B C:\doit\slides\hist\sld004.htm --> www.vu.msu.edu /home/cps291/stage/doit/slides/hist sld004.htm
97.11.27 02:52 B C:\doit\slides\hist\sld005.htm --> www.vu.msu.edu /home/cps291/stage/doit/slides/hist sld005.htm
97.11.27 02:52 B C:\doit\slides\hist\sld006.htm --> www.vu.msu.edu /home/cps291/stage/doit/slides/hist sld006.htm
97.11.27 02:52 B C:\doit\slides\hist\sld007.htm --> www.vu.msu.edu /home/cps291/stage/doit/slides/hist sld007.htm
97.11.27 02:52 B C:\doit\slides\hist\sld008.htm --> www.vu.msu.edu /home/cps291/stage/doit/slides/hist sld008.htm
97.11.27 02:52 B C:\doit\slides\hist\sld009.htm --> www.vu.msu.edu /home/cps291/stage/doit/slides/hist sld009.htm
97.11.27 02:52 B C:\doit\slides\hist\sld010.htm --> www.vu.msu.edu /home/cps291/stage/doit/slides/hist sld010.htm
97.11.27 02:52 B C:\doit\slides\hist\sld011.htm --> www.vu.msu.edu /home/cps291/stage/doit/slides/hist sld011.htm
97.11.27 02:52 B C:\doit\slides\hist\sld012.htm --> www.vu.msu.edu /home/cps291/stage/doit/slides/hist sld012.htm
97.11.27 02:52 B C:\doit\slides\hist\sld013.htm --> www.vu.msu.edu /home/cps291/stage/doit/slides/hist sld013.htm
97.11.27 02:52 B C:\doit\slides\hist\sld014.htm --> www.vu.msu.edu /home/cps291/stage/doit/slides/hist sld014.htm
97.11.27 02:52 B C:\doit\slides\hist\sld015.htm --> www.vu.msu.edu /home/cps291/stage/doit/slides/hist sld015.htm
97.11.27 02:52 B C:\doit\slides\hist\sld016.htm --> www.vu.msu.edu /home/cps291/stage/doit/slides/hist sld016.htm
97.11.27 02:52 B C:\doit\slides\hist\sld017.htm --> www.vu.msu.edu /home/cps291/stage/doit/slides/hist sld017.htm
97.11.27 02:52 B C:\doit\slides\hist\sld018.htm --> www.vu.msu.edu /home/cps291/stage/doit/slides/hist sld018.htm
97.11.27 02:52 B C:\doit\slides\hist\sld019.htm --> www.vu.msu.edu /home/cps291/stage/doit/slides/hist sld019.htm
97.11.27 02:52 B C:\doit\slides\hist\sld020.htm --> www.vu.msu.edu /home/cps291/stage/doit/slides/hist sld020.htm
97.11.27 02:52 B C:\doit\slides\hist\sld021.htm --> www.vu.msu.edu /home/cps291/stage/doit/slides/hist sld021.htm
97.11.27 02:52 B C:\doit\slides\hist\sld022.htm --> www.vu.msu.edu /home/cps291/stage/doit/slides/hist sld022.htm
97.11.27 02:52 B C:\doit\slides\hist\sld023.htm --> www.vu.msu.edu /home/cps291/stage/doit/slides/hist sld023.htm
97.11.27 02:52 B C:\doit\slides\hist\sld024.htm --> www.vu.msu.edu /home/cps291/stage/doit/slides/hist sld024.htm
97.11.27 02:52 B C:\doit\slides\hist\sld025.htm --> www.vu.msu.edu /home/cps291/stage/doit/slides/hist sld025.htm
97.11.27 02:52 B C:\doit\slides\hist\sld026.htm --> www.vu.msu.edu /home/cps291/stage/doit/slides/hist sld026.htm
97.11.27 02:52 B C:\doit\slides\hist\sld027.htm --> www.vu.msu.edu /home/cps291/stage/doit/slides/hist sld027.htm
97.11.27 02:52 B C:\doit\slides\hist\sld028.htm --> www.vu.msu.edu /home/cps291/stage/doit/slides/hist sld028.htm
97.11.27 02:52 B C:\doit\slides\hist\sld029.htm --> www.vu.msu.edu /home/cps291/stage/doit/slides/hist sld029.htm
97.11.27 02:52 B C:\doit\slides\hist\sld030.htm --> www.vu.msu.edu /home/cps291/stage/doit/slides/hist sld030.htm
97.11.27 02:52 B C:\doit\slides\hist\sld031.htm --> www.vu.msu.edu /home/cps291/stage/doit/slides/hist sld031.htm
97.11.27 02:52 B C:\doit\slides\hist\sld032.htm --> www.vu.msu.edu /home/cps291/stage/doit/slides/hist sld032.htm
97.11.27 02:52 B C:\doit\slides\hist\sld033.htm --> www.vu.msu.edu /home/cps291/stage/doit/slides/hist sld033.htm
97.11.27 02:52 B C:\doit\slides\hist\sld034.htm --> www.vu.msu.edu /home/cps291/stage/doit/slides/hist sld034.htm
97.11.27 02:52 B C:\doit\slides\hist\sld035.htm --> www.vu.msu.edu /home/cps291/stage/doit/slides/hist sld035.htm
97.11.27 02:52 B C:\doit\slides\hist\sld036.htm --> www.vu.msu.edu /home/cps291/stage/doit/slides/hist sld036.htm
97.11.27 02:52 B C:\doit\slides\hist\sld037.htm --> www.vu.msu.edu /home/cps291/stage/doit/slides/hist sld037.htm
97.11.27 02:52 B C:\doit\slides\hist\sld038.htm --> www.vu.msu.edu /home/cps291/stage/doit/slides/hist sld038.htm
97.11.27 02:52 B C:\doit\slides\hist\space.gif --> www.vu.msu.edu /home/cps291/stage/doit/slides/hist space.gif
97.11.27 02:52 B C:\doit\slides\hist\tsld001.htm --> www.vu.msu.edu /home/cps291/stage/doit/slides/hist tsld001.htm
97.11.27 02:52 B C:\doit\slides\hist\tsld002.htm --> www.vu.msu.edu /home/cps291/stage/doit/slides/hist tsld002.htm
97.11.27 02:52 B C:\doit\slides\hist\tsld003.htm --> www.vu.msu.edu /home/cps291/stage/doit/slides/hist tsld003.htm
97.11.27 02:52 B C:\doit\slides\hist\tsld004.htm --> www.vu.msu.edu /home/cps291/stage/doit/slides/hist tsld004.htm
97.11.27 02:52 B C:\doit\slides\hist\tsld005.htm --> www.vu.msu.edu /home/cps291/stage/doit/slides/hist tsld005.htm
97.11.27 02:52 B C:\doit\slides\hist\tsld006.htm --> www.vu.msu.edu /home/cps291/stage/doit/slides/hist tsld006.htm
97.11.27 02:52 B C:\doit\slides\hist\tsld007.htm --> www.vu.msu.edu /home/cps291/stage/doit/slides/hist tsld007.htm
97.11.27 02:52 B C:\doit\slides\hist\tsld008.htm --> www.vu.msu.edu /home/cps291/stage/doit/slides/hist tsld008.htm
97.11.27 02:52 B C:\doit\slides\hist\tsld009.htm --> www.vu.msu.edu /home/cps291/stage/doit/slides/hist tsld009.htm
97.11.27 02:52 B C:\doit\slides\hist\tsld010.htm --> www.vu.msu.edu /home/cps291/stage/doit/slides/hist tsld010.htm
97.11.27 02:52 B C:\doit\slides\hist\tsld011.htm --> www.vu.msu.edu /home/cps291/stage/doit/slides/hist tsld011.htm
97.11.27 02:52 B C:\doit\slides\hist\tsld012.htm --> www.vu.msu.edu /home/cps291/stage/doit/slides/hist tsld012.htm
97.11.27 02:52 B C:\doit\slides\hist\tsld013.htm --> www.vu.msu.edu /home/cps291/stage/doit/slides/hist tsld013.htm
97.11.27 02:52 B C:\doit\slides\hist\tsld014.htm --> www.vu.msu.edu /home/cps291/stage/doit/slides/hist tsld014.htm
97.11.27 02:52 B C:\doit\slides\hist\tsld015.htm --> www.vu.msu.edu /home/cps291/stage/doit/slides/hist tsld015.htm
97.11.27 02:52 B C:\doit\slides\hist\tsld016.htm --> www.vu.msu.edu /home/cps291/stage/doit/slides/hist tsld016.htm
97.11.27 02:52 B C:\doit\slides\hist\tsld017.htm --> www.vu.msu.edu /home/cps291/stage/doit/slides/hist tsld017.htm
97.11.27 02:53 B C:\doit\slides\hist\tsld018.htm --> www.vu.msu.edu /home/cps291/stage/doit/slides/hist tsld018.htm
97.11.27 02:53 B C:\doit\slides\hist\tsld019.htm --> www.vu.msu.edu /home/cps291/stage/doit/slides/hist tsld019.htm
97.11.27 02:53 B C:\doit\slides\hist\tsld020.htm --> www.vu.msu.edu /home/cps291/stage/doit/slides/hist tsld020.htm
97.11.27 02:53 B C:\doit\slides\hist\tsld021.htm --> www.vu.msu.edu /home/cps291/stage/doit/slides/hist tsld021.htm
97.11.27 02:53 B C:\doit\slides\hist\tsld022.htm --> www.vu.msu.edu /home/cps291/stage/doit/slides/hist tsld022.htm
97.11.27 02:53 B C:\doit\slides\hist\tsld023.htm --> www.vu.msu.edu /home/cps291/stage/doit/slides/hist tsld023.htm
97.11.27 02:53 B C:\doit\slides\hist\tsld024.htm --> www.vu.msu.edu /home/cps291/stage/doit/slides/hist tsld024.htm
97.11.27 02:53 B C:\doit\slides\hist\tsld025.htm --> www.vu.msu.edu /home/cps291/stage/doit/slides/hist tsld025.htm
97.11.27 02:53 B C:\doit\slides\hist\tsld026.htm --> www.vu.msu.edu /home/cps291/stage/doit/slides/hist tsld026.htm
97.11.27 02:53 B C:\doit\slides\hist\tsld027.htm --> www.vu.msu.edu /home/cps291/stage/doit/slides/hist tsld027.htm
97.11.27 02:53 B C:\doit\slides\hist\tsld028.htm --> www.vu.msu.edu /home/cps291/stage/doit/slides/hist tsld028.htm
97.11.27 02:53 B C:\doit\slides\hist\tsld029.htm --> www.vu.msu.edu /home/cps291/stage/doit/slides/hist tsld029.htm
97.11.27 02:53 B C:\doit\slides\hist\tsld030.htm --> www.vu.msu.edu /home/cps291/stage/doit/slides/hist tsld030.htm
97.11.27 02:53 B C:\doit\slides\hist\tsld031.htm --> www.vu.msu.edu /home/cps291/stage/doit/slides/hist tsld031.htm
97.11.27 02:53 B C:\doit\slides\hist\tsld032.htm --> www.vu.msu.edu /home/cps291/stage/doit/slides/hist tsld032.htm
97.11.27 02:53 B C:\doit\slides\hist\tsld033.htm --> www.vu.msu.edu /home/cps291/stage/doit/slides/hist tsld033.htm
97.11.27 02:53 B C:\doit\slides\hist\tsld034.htm --> www.vu.msu.edu /home/cps291/stage/doit/slides/hist tsld034.htm
97.11.27 02:53 B C:\doit\slides\hist\tsld035.htm --> www.vu.msu.edu /home/cps291/stage/doit/slides/hist tsld035.htm
97.11.27 02:53 B C:\doit\slides\hist\tsld036.htm --> www.vu.msu.edu /home/cps291/stage/doit/slides/hist tsld036.htm
97.11.27 02:53 B C:\doit\slides\hist\tsld037.htm --> www.vu.msu.edu /home/cps291/stage/doit/slides/hist tsld037.htm
97.11.27 02:53 B C:\doit\slides\hist\tsld038.htm --> www.vu.msu.edu /home/cps291/stage/doit/slides/hist tsld038.htm
97.11.27 02:53 B C:\doit\slides\hist\WS_FTP.LOG --> www.vu.msu.edu /home/cps291/stage/doit/slides/hist WS_FTP.LOG
97.12.09 10:22 B C:\doit\slides\hist\ielogo.gif --> arctic.cps.msu.edu /user/cd/cps291/doit/slides/hist ielogo.gif
97.12.09 10:22 B C:\doit\slides\hist\img001.GIF --> arctic.cps.msu.edu /user/cd/cps291/doit/slides/hist img001.GIF
97.12.09 10:22 B C:\doit\slides\hist\img002.GIF --> arctic.cps.msu.edu /user/cd/cps291/doit/slides/hist img002.GIF
97.12.09 10:22 B C:\doit\slides\hist\img003.GIF --> arctic.cps.msu.edu /user/cd/cps291/doit/slides/hist img003.GIF
97.12.09 10:22 B C:\doit\slides\hist\img004.GIF --> arctic.cps.msu.edu /user/cd/cps291/doit/slides/hist img004.GIF
97.12.09 10:22 B C:\doit\slides\hist\img005.GIF --> arctic.cps.msu.edu /user/cd/cps291/doit/slides/hist img005.GIF
97.12.09 10:22 B C:\doit\slides\hist\img006.GIF --> arctic.cps.msu.edu /user/cd/cps291/doit/slides/hist img006.GIF
97.12.09 10:22 B C:\doit\slides\hist\img007.GIF --> arctic.cps.msu.edu /user/cd/cps291/doit/slides/hist img007.GIF
97.12.09 10:22 B C:\doit\slides\hist\img008.GIF --> arctic.cps.msu.edu /user/cd/cps291/doit/slides/hist img008.GIF
97.12.09 10:22 B C:\doit\slides\hist\img009.GIF --> arctic.cps.msu.edu /user/cd/cps291/doit/slides/hist img009.GIF
97.12.09 10:22 B C:\doit\slides\hist\img010.GIF --> arctic.cps.msu.edu /user/cd/cps291/doit/slides/hist img010.GIF
97.12.09 10:22 B C:\doit\slides\hist\img011.GIF --> arctic.cps.msu.edu /user/cd/cps291/doit/slides/hist img011.GIF
97.12.09 10:22 B C:\doit\slides\hist\img012.GIF --> arctic.cps.msu.edu /user/cd/cps291/doit/slides/hist img012.GIF
97.12.09 10:22 B C:\doit\slides\hist\img013.GIF --> arctic.cps.msu.edu /user/cd/cps291/doit/slides/hist img013.GIF
97.12.09 10:22 B C:\doit\slides\hist\img014.GIF --> arctic.cps.msu.edu /user/cd/cps291/doit/slides/hist img014.GIF
97.12.09 10:22 B C:\doit\slides\hist\img015.GIF --> arctic.cps.msu.edu /user/cd/cps291/doit/slides/hist img015.GIF
97.12.09 10:22 B C:\doit\slides\hist\img016.GIF --> arctic.cps.msu.edu /user/cd/cps291/doit/slides/hist img016.GIF
97.12.09 10:22 B C:\doit\slides\hist\img017.GIF --> arctic.cps.msu.edu /user/cd/cps291/doit/slides/hist img017.GIF
97.12.09 10:22 B C:\doit\slides\hist\img018.GIF --> arctic.cps.msu.edu /user/cd/cps291/doit/slides/hist img018.GIF
97.12.09 10:22 B C:\doit\slides\hist\img019.GIF --> arctic.cps.msu.edu /user/cd/cps291/doit/slides/hist img019.GIF
97.12.09 10:22 B C:\doit\slides\hist\img020.GIF --> arctic.cps.msu.edu /user/cd/cps291/doit/slides/hist img020.GIF
97.12.09 10:22 B C:\doit\slides\hist\img021.GIF --> arctic.cps.msu.edu /user/cd/cps291/doit/slides/hist img021.GIF
97.12.09 10:22 B C:\doit\slides\hist\img022.GIF --> arctic.cps.msu.edu /user/cd/cps291/doit/slides/hist img022.GIF
97.12.09 10:22 B C:\doit\slides\hist\img023.GIF --> arctic.cps.msu.edu /user/cd/cps291/doit/slides/hist img023.GIF
97.12.09 10:22 B C:\doit\slides\hist\img024.GIF --> arctic.cps.msu.edu /user/cd/cps291/doit/slides/hist img024.GIF
97.12.09 10:22 B C:\doit\slides\hist\img025.GIF --> arctic.cps.msu.edu /user/cd/cps291/doit/slides/hist img025.GIF
97.12.09 10:22 B C:\doit\slides\hist\img026.GIF --> arctic.cps.msu.edu /user/cd/cps291/doit/slides/hist img026.GIF
97.12.09 10:22 B C:\doit\slides\hist\img027.GIF --> arctic.cps.msu.edu /user/cd/cps291/doit/slides/hist img027.GIF
97.12.09 10:22 B C:\doit\slides\hist\img028.GIF --> arctic.cps.msu.edu /user/cd/cps291/doit/slides/hist img028.GIF
97.12.09 10:22 B C:\doit\slides\hist\img029.GIF --> arctic.cps.msu.edu /user/cd/cps291/doit/slides/hist img029.GIF
97.12.09 10:22 B C:\doit\slides\hist\img030.GIF --> arctic.cps.msu.edu /user/cd/cps291/doit/slides/hist img030.GIF
97.12.09 10:22 B C:\doit\slides\hist\img031.GIF --> arctic.cps.msu.edu /user/cd/cps291/doit/slides/hist img031.GIF
97.12.09 10:22 B C:\doit\slides\hist\img032.GIF --> arctic.cps.msu.edu /user/cd/cps291/doit/slides/hist img032.GIF
97.12.09 10:22 B C:\doit\slides\hist\img033.GIF --> arctic.cps.msu.edu /user/cd/cps291/doit/slides/hist img033.GIF
97.12.09 10:22 B C:\doit\slides\hist\img034.GIF --> arctic.cps.msu.edu /user/cd/cps291/doit/slides/hist img034.GIF
97.12.09 10:22 B C:\doit\slides\hist\img035.GIF --> arctic.cps.msu.edu /user/cd/cps291/doit/slides/hist img035.GIF
97.12.09 10:22 B C:\doit\slides\hist\img036.GIF --> arctic.cps.msu.edu /user/cd/cps291/doit/slides/hist img036.GIF
97.12.09 10:22 B C:\doit\slides\hist\img037.GIF --> arctic.cps.msu.edu /user/cd/cps291/doit/slides/hist img037.GIF
97.12.09 10:22 B C:\doit\slides\hist\img038.GIF --> arctic.cps.msu.edu /user/cd/cps291/doit/slides/hist img038.GIF
97.12.09 10:22 B C:\doit\slides\hist\index.htm --> arctic.cps.msu.edu /user/cd/cps291/doit/slides/hist index.htm
97.12.09 10:22 B C:\doit\slides\hist\pptani.gif --> arctic.cps.msu.edu /user/cd/cps291/doit/slides/hist pptani.gif
97.12.09 10:22 B C:\doit\slides\hist\sld001.htm --> arctic.cps.msu.edu /user/cd/cps291/doit/slides/hist sld001.htm
97.12.09 10:22 B C:\doit\slides\hist\sld002.htm --> arctic.cps.msu.edu /user/cd/cps291/doit/slides/hist sld002.htm
97.12.09 10:22 B C:\doit\slides\hist\sld003.htm --> arctic.cps.msu.edu /user/cd/cps291/doit/slides/hist sld003.htm
97.12.09 10:22 B C:\doit\slides\hist\sld004.htm --> arctic.cps.msu.edu /user/cd/cps291/doit/slides/hist sld004.htm
97.12.09 10:22 B C:\doit\slides\hist\sld005.htm --> arctic.cps.msu.edu /user/cd/cps291/doit/slides/hist sld005.htm
97.12.09 10:22 B C:\doit\slides\hist\sld006.htm --> arctic.cps.msu.edu /user/cd/cps291/doit/slides/hist sld006.htm
97.12.09 10:22 B C:\doit\slides\hist\sld007.htm --> arctic.cps.msu.edu /user/cd/cps291/doit/slides/hist sld007.htm
97.12.09 10:22 B C:\doit\slides\hist\sld008.htm --> arctic.cps.msu.edu /user/cd/cps291/doit/slides/hist sld008.htm
97.12.09 10:22 B C:\doit\slides\hist\sld009.htm --> arctic.cps.msu.edu /user/cd/cps291/doit/slides/hist sld009.htm
97.12.09 10:22 B C:\doit\slides\hist\sld010.htm --> arctic.cps.msu.edu /user/cd/cps291/doit/slides/hist sld010.htm
97.12.09 10:22 B C:\doit\slides\hist\sld011.htm --> arctic.cps.msu.edu /user/cd/cps291/doit/slides/hist sld011.htm
97.12.09 10:22 B C:\doit\slides\hist\sld012.htm --> arctic.cps.msu.edu /user/cd/cps291/doit/slides/hist sld012.htm
97.12.09 10:22 B C:\doit\slides\hist\sld013.htm --> arctic.cps.msu.edu /user/cd/cps291/doit/slides/hist sld013.htm
97.12.09 10:22 B C:\doit\slides\hist\sld014.htm --> arctic.cps.msu.edu /user/cd/cps291/doit/slides/hist sld014.htm
97.12.09 10:22 B C:\doit\slides\hist\sld015.htm --> arctic.cps.msu.edu /user/cd/cps291/doit/slides/hist sld015.htm
97.12.09 10:22 B C:\doit\slides\hist\sld016.htm --> arctic.cps.msu.edu /user/cd/cps291/doit/slides/hist sld016.htm
97.12.09 10:22 B C:\doit\slides\hist\sld017.htm --> arctic.cps.msu.edu /user/cd/cps291/doit/slides/hist sld017.htm
97.12.09 10:22 B C:\doit\slides\hist\sld018.htm --> arctic.cps.msu.edu /user/cd/cps291/doit/slides/hist sld018.htm
97.12.09 10:22 B C:\doit\slides\hist\sld019.htm --> arctic.cps.msu.edu /user/cd/cps291/doit/slides/hist sld019.htm
97.12.09 10:22 B C:\doit\slides\hist\sld020.htm --> arctic.cps.msu.edu /user/cd/cps291/doit/slides/hist sld020.htm
97.12.09 10:22 B C:\doit\slides\hist\sld021.htm --> arctic.cps.msu.edu /user/cd/cps291/doit/slides/hist sld021.htm
97.12.09 10:22 B C:\doit\slides\hist\sld022.htm --> arctic.cps.msu.edu /user/cd/cps291/doit/slides/hist sld022.htm
97.12.09 10:22 B C:\doit\slides\hist\sld023.htm --> arctic.cps.msu.edu /user/cd/cps291/doit/slides/hist sld023.htm
97.12.09 10:22 B C:\doit\slides\hist\sld024.htm --> arctic.cps.msu.edu /user/cd/cps291/doit/slides/hist sld024.htm
97.12.09 10:22 B C:\doit\slides\hist\sld025.htm --> arctic.cps.msu.edu /user/cd/cps291/doit/slides/hist sld025.htm
97.12.09 10:22 B C:\doit\slides\hist\sld026.htm --> arctic.cps.msu.edu /user/cd/cps291/doit/slides/hist sld026.htm
97.12.09 10:22 B C:\doit\slides\hist\sld027.htm --> arctic.cps.msu.edu /user/cd/cps291/doit/slides/hist sld027.htm
97.12.09 10:22 B C:\doit\slides\hist\sld028.htm --> arctic.cps.msu.edu /user/cd/cps291/doit/slides/hist sld028.htm
97.12.09 10:22 B C:\doit\slides\hist\sld029.htm --> arctic.cps.msu.edu /user/cd/cps291/doit/slides/hist sld029.htm
97.12.09 10:22 B C:\doit\slides\hist\sld030.htm --> arctic.cps.msu.edu /user/cd/cps291/doit/slides/hist sld030.htm
97.12.09 10:22 B C:\doit\slides\hist\sld031.htm --> arctic.cps.msu.edu /user/cd/cps291/doit/slides/hist sld031.htm
97.12.09 10:22 B C:\doit\slides\hist\sld032.htm --> arctic.cps.msu.edu /user/cd/cps291/doit/slides/hist sld032.htm
97.12.09 10:22 B C:\doit\slides\hist\sld033.htm --> arctic.cps.msu.edu /user/cd/cps291/doit/slides/hist sld033.htm
97.12.09 10:22 B C:\doit\slides\hist\sld034.htm --> arctic.cps.msu.edu /user/cd/cps291/doit/slides/hist sld034.htm
97.12.09 10:22 B C:\doit\slides\hist\sld035.htm --> arctic.cps.msu.edu /user/cd/cps291/doit/slides/hist sld035.htm
97.12.09 10:22 B C:\doit\slides\hist\sld036.htm --> arctic.cps.msu.edu /user/cd/cps291/doit/slides/hist sld036.htm
97.12.09 10:22 B C:\doit\slides\hist\sld037.htm --> arctic.cps.msu.edu /user/cd/cps291/doit/slides/hist sld037.htm
97.12.09 10:22 B C:\doit\slides\hist\sld038.htm --> arctic.cps.msu.edu /user/cd/cps291/doit/slides/hist sld038.htm
97.12.09 10:22 B C:\doit\slides\hist\space.gif --> arctic.cps.msu.edu /user/cd/cps291/doit/slides/hist space.gif
97.12.09 10:22 B C:\doit\slides\hist\tsld001.htm --> arctic.cps.msu.edu /user/cd/cps291/doit/slides/hist tsld001.htm
97.12.09 10:22 B C:\doit\slides\hist\tsld002.htm --> arctic.cps.msu.edu /user/cd/cps291/doit/slides/hist tsld002.htm
97.12.09 10:22 B C:\doit\slides\hist\tsld003.htm --> arctic.cps.msu.edu /user/cd/cps291/doit/slides/hist tsld003.htm
97.12.09 10:22 B C:\doit\slides\hist\tsld004.htm --> arctic.cps.msu.edu /user/cd/cps291/doit/slides/hist tsld004.htm
97.12.09 10:22 B C:\doit\slides\hist\tsld005.htm --> arctic.cps.msu.edu /user/cd/cps291/doit/slides/hist tsld005.htm
97.12.09 10:22 B C:\doit\slides\hist\tsld006.htm --> arctic.cps.msu.edu /user/cd/cps291/doit/slides/hist tsld006.htm
97.12.09 10:22 B C:\doit\slides\hist\tsld007.htm --> arctic.cps.msu.edu /user/cd/cps291/doit/slides/hist tsld007.htm
97.12.09 10:22 B C:\doit\slides\hist\tsld008.htm --> arctic.cps.msu.edu /user/cd/cps291/doit/slides/hist tsld008.htm
97.12.09 10:22 B C:\doit\slides\hist\tsld009.htm --> arctic.cps.msu.edu /user/cd/cps291/doit/slides/hist tsld009.htm
97.12.09 10:22 B C:\doit\slides\hist\tsld010.htm --> arctic.cps.msu.edu /user/cd/cps291/doit/slides/hist tsld010.htm
97.12.09 10:22 B C:\doit\slides\hist\tsld011.htm --> arctic.cps.msu.edu /user/cd/cps291/doit/slides/hist tsld011.htm
97.12.09 10:22 B C:\doit\slides\hist\tsld012.htm --> arctic.cps.msu.edu /user/cd/cps291/doit/slides/hist tsld012.htm
97.12.09 10:22 B C:\doit\slides\hist\tsld013.htm --> arctic.cps.msu.edu /user/cd/cps291/doit/slides/hist tsld013.htm
97.12.09 10:22 B C:\doit\slides\hist\tsld014.htm --> arctic.cps.msu.edu /user/cd/cps291/doit/slides/hist tsld014.htm
97.12.09 10:22 B C:\doit\slides\hist\tsld015.htm --> arctic.cps.msu.edu /user/cd/cps291/doit/slides/hist tsld015.htm
97.12.09 10:22 B C:\doit\slides\hist\tsld016.htm --> arctic.cps.msu.edu /user/cd/cps291/doit/slides/hist tsld016.htm
97.12.09 10:22 B C:\doit\slides\hist\tsld017.htm --> arctic.cps.msu.edu /user/cd/cps291/doit/slides/hist tsld017.htm
97.12.09 10:22 B C:\doit\slides\hist\tsld018.htm --> arctic.cps.msu.edu /user/cd/cps291/doit/slides/hist tsld018.htm
97.12.09 10:22 B C:\doit\slides\hist\tsld019.htm --> arctic.cps.msu.edu /user/cd/cps291/doit/slides/hist tsld019.htm
97.12.09 10:22 B C:\doit\slides\hist\tsld020.htm --> arctic.cps.msu.edu /user/cd/cps291/doit/slides/hist tsld020.htm
97.12.09 10:22 B C:\doit\slides\hist\tsld021.htm --> arctic.cps.msu.edu /user/cd/cps291/doit/slides/hist tsld021.htm
97.12.09 10:22 B C:\doit\slides\hist\tsld022.htm --> arctic.cps.msu.edu /user/cd/cps291/doit/slides/hist tsld022.htm
97.12.09 10:22 B C:\doit\slides\hist\tsld023.htm --> arctic.cps.msu.edu /user/cd/cps291/doit/slides/hist tsld023.htm
97.12.09 10:22 B C:\doit\slides\hist\tsld024.htm --> arctic.cps.msu.edu /user/cd/cps291/doit/slides/hist tsld024.htm
97.12.09 10:22 B C:\doit\slides\hist\tsld025.htm --> arctic.cps.msu.edu /user/cd/cps291/doit/slides/hist tsld025.htm
97.12.09 10:22 B C:\doit\slides\hist\tsld026.htm --> arctic.cps.msu.edu /user/cd/cps291/doit/slides/hist tsld026.htm
97.12.09 10:22 B C:\doit\slides\hist\tsld027.htm --> arctic.cps.msu.edu /user/cd/cps291/doit/slides/hist tsld027.htm
97.12.09 10:22 B C:\doit\slides\hist\tsld028.htm --> arctic.cps.msu.edu /user/cd/cps291/doit/slides/hist tsld028.htm
97.12.09 10:22 B C:\doit\slides\hist\tsld029.htm --> arctic.cps.msu.edu /user/cd/cps291/doit/slides/hist tsld029.htm
97.12.09 10:22 B C:\doit\slides\hist\tsld030.htm --> arctic.cps.msu.edu /user/cd/cps291/doit/slides/hist tsld030.htm
97.12.09 10:22 B C:\doit\slides\hist\tsld031.htm --> arctic.cps.msu.edu /user/cd/cps291/doit/slides/hist tsld031.htm
97.12.09 10:22 B C:\doit\slides\hist\tsld032.htm --> arctic.cps.msu.edu /user/cd/cps291/doit/slides/hist tsld032.htm
97.12.09 10:22 B C:\doit\slides\hist\tsld033.htm --> arctic.cps.msu.edu /user/cd/cps291/doit/slides/hist tsld033.htm
97.12.09 10:22 B C:\doit\slides\hist\tsld034.htm --> arctic.cps.msu.edu /user/cd/cps291/doit/slides/hist tsld034.htm
97.12.09 10:22 B C:\doit\slides\hist\tsld035.htm --> arctic.cps.msu.edu /user/cd/cps291/doit/slides/hist tsld035.htm
97.12.09 10:22 B C:\doit\slides\hist\tsld036.htm --> arctic.cps.msu.edu /user/cd/cps291/doit/slides/hist tsld036.htm
97.12.09 10:22 B C:\doit\slides\hist\tsld037.htm --> arctic.cps.msu.edu /user/cd/cps291/doit/slides/hist tsld037.htm
97.12.09 10:22 B C:\doit\slides\hist\tsld038.htm --> arctic.cps.msu.edu /user/cd/cps291/doit/slides/hist tsld038.htm
97.12.09 10:22 B C:\doit\slides\hist\WS_FTP.LOG --> arctic.cps.msu.edu /user/cd/cps291/doit/slides/hist WS_FTP.LOG
97.12.10 03:08 B C:\doit\slides\hist\ielogo.gif --> arctic.cps.msu.edu /user/cd/cps291/src/doit/slides/hist ielogo.gif
97.12.10 03:08 B C:\doit\slides\hist\img001.GIF --> arctic.cps.msu.edu /user/cd/cps291/src/doit/slides/hist img001.GIF
97.12.10 03:08 B C:\doit\slides\hist\img002.GIF --> arctic.cps.msu.edu /user/cd/cps291/src/doit/slides/hist img002.GIF
97.12.10 03:08 B C:\doit\slides\hist\img003.GIF --> arctic.cps.msu.edu /user/cd/cps291/src/doit/slides/hist img003.GIF
97.12.10 03:08 B C:\doit\slides\hist\img004.GIF --> arctic.cps.msu.edu /user/cd/cps291/src/doit/slides/hist img004.GIF
97.12.10 03:08 B C:\doit\slides\hist\img005.GIF --> arctic.cps.msu.edu /user/cd/cps291/src/doit/slides/hist img005.GIF
97.12.10 03:08 B C:\doit\slides\hist\img006.GIF --> arctic.cps.msu.edu /user/cd/cps291/src/doit/slides/hist img006.GIF
97.12.10 03:08 B C:\doit\slides\hist\img007.GIF --> arctic.cps.msu.edu /user/cd/cps291/src/doit/slides/hist img007.GIF
97.12.10 03:08 B C:\doit\slides\hist\img008.GIF --> arctic.cps.msu.edu /user/cd/cps291/src/doit/slides/hist img008.GIF
97.12.10 03:08 B C:\doit\slides\hist\img009.GIF --> arctic.cps.msu.edu /user/cd/cps291/src/doit/slides/hist img009.GIF
97.12.10 03:08 B C:\doit\slides\hist\img010.GIF --> arctic.cps.msu.edu /user/cd/cps291/src/doit/slides/hist img010.GIF
97.12.10 03:08 B C:\doit\slides\hist\img011.GIF --> arctic.cps.msu.edu /user/cd/cps291/src/doit/slides/hist img011.GIF
97.12.10 03:08 B C:\doit\slides\hist\img012.GIF --> arctic.cps.msu.edu /user/cd/cps291/src/doit/slides/hist img012.GIF
97.12.10 03:08 B C:\doit\slides\hist\img013.GIF --> arctic.cps.msu.edu /user/cd/cps291/src/doit/slides/hist img013.GIF
97.12.10 03:08 B C:\doit\slides\hist\img014.GIF --> arctic.cps.msu.edu /user/cd/cps291/src/doit/slides/hist img014.GIF
97.12.10 03:08 B C:\doit\slides\hist\img015.GIF --> arctic.cps.msu.edu /user/cd/cps291/src/doit/slides/hist img015.GIF
97.12.10 03:08 B C:\doit\slides\hist\img016.GIF --> arctic.cps.msu.edu /user/cd/cps291/src/doit/slides/hist img016.GIF
97.12.10 03:08 B C:\doit\slides\hist\img017.GIF --> arctic.cps.msu.edu /user/cd/cps291/src/doit/slides/hist img017.GIF
97.12.10 03:08 B C:\doit\slides\hist\img018.GIF --> arctic.cps.msu.edu /user/cd/cps291/src/doit/slides/hist img018.GIF
97.12.10 03:08 B C:\doit\slides\hist\img019.GIF --> arctic.cps.msu.edu /user/cd/cps291/src/doit/slides/hist img019.GIF
97.12.10 03:08 B C:\doit\slides\hist\img020.GIF --> arctic.cps.msu.edu /user/cd/cps291/src/doit/slides/hist img020.GIF
97.12.10 03:08 B C:\doit\slides\hist\img021.GIF --> arctic.cps.msu.edu /user/cd/cps291/src/doit/slides/hist img021.GIF
97.12.10 03:08 B C:\doit\slides\hist\img022.GIF --> arctic.cps.msu.edu /user/cd/cps291/src/doit/slides/hist img022.GIF
97.12.10 03:08 B C:\doit\slides\hist\img023.GIF --> arctic.cps.msu.edu /user/cd/cps291/src/doit/slides/hist img023.GIF
97.12.10 03:08 B C:\doit\slides\hist\img024.GIF --> arctic.cps.msu.edu /user/cd/cps291/src/doit/slides/hist img024.GIF
97.12.10 03:08 B C:\doit\slides\hist\img025.GIF --> arctic.cps.msu.edu /user/cd/cps291/src/doit/slides/hist img025.GIF
97.12.10 03:08 B C:\doit\slides\hist\img026.GIF --> arctic.cps.msu.edu /user/cd/cps291/src/doit/slides/hist img026.GIF
97.12.10 03:08 B C:\doit\slides\hist\img027.GIF --> arctic.cps.msu.edu /user/cd/cps291/src/doit/slides/hist img027.GIF
97.12.10 03:08 B C:\doit\slides\hist\img028.GIF --> arctic.cps.msu.edu /user/cd/cps291/src/doit/slides/hist img028.GIF
97.12.10 03:08 B C:\doit\slides\hist\img029.GIF --> arctic.cps.msu.edu /user/cd/cps291/src/doit/slides/hist img029.GIF
97.12.10 03:08 B C:\doit\slides\hist\img030.GIF --> arctic.cps.msu.edu /user/cd/cps291/src/doit/slides/hist img030.GIF
97.12.10 03:08 B C:\doit\slides\hist\img031.GIF --> arctic.cps.msu.edu /user/cd/cps291/src/doit/slides/hist img031.GIF
97.12.10 03:08 B C:\doit\slides\hist\img032.GIF --> arctic.cps.msu.edu /user/cd/cps291/src/doit/slides/hist img032.GIF
97.12.10 03:08 B C:\doit\slides\hist\img033.GIF --> arctic.cps.msu.edu /user/cd/cps291/src/doit/slides/hist img033.GIF
97.12.10 03:08 B C:\doit\slides\hist\img034.GIF --> arctic.cps.msu.edu /user/cd/cps291/src/doit/slides/hist img034.GIF
97.12.10 03:08 B C:\doit\slides\hist\img035.GIF --> arctic.cps.msu.edu /user/cd/cps291/src/doit/slides/hist img035.GIF
97.12.10 03:08 B C:\doit\slides\hist\img036.GIF --> arctic.cps.msu.edu /user/cd/cps291/src/doit/slides/hist img036.GIF
97.12.10 03:08 B C:\doit\slides\hist\img037.GIF --> arctic.cps.msu.edu /user/cd/cps291/src/doit/slides/hist img037.GIF
97.12.10 03:08 B C:\doit\slides\hist\img038.GIF --> arctic.cps.msu.edu /user/cd/cps291/src/doit/slides/hist img038.GIF
97.12.10 03:08 B C:\doit\slides\hist\index.htm --> arctic.cps.msu.edu /user/cd/cps291/src/doit/slides/hist index.htm
97.12.10 03:08 B C:\doit\slides\hist\pptani.gif --> arctic.cps.msu.edu /user/cd/cps291/src/doit/slides/hist pptani.gif
97.12.10 03:08 B C:\doit\slides\hist\sld001.htm --> arctic.cps.msu.edu /user/cd/cps291/src/doit/slides/hist sld001.htm
97.12.10 03:08 B C:\doit\slides\hist\sld002.htm --> arctic.cps.msu.edu /user/cd/cps291/src/doit/slides/hist sld002.htm
97.12.10 03:08 B C:\doit\slides\hist\sld003.htm --> arctic.cps.msu.edu /user/cd/cps291/src/doit/slides/hist sld003.htm
97.12.10 03:08 B C:\doit\slides\hist\sld004.htm --> arctic.cps.msu.edu /user/cd/cps291/src/doit/slides/hist sld004.htm
97.12.10 03:08 B C:\doit\slides\hist\sld005.htm --> arctic.cps.msu.edu /user/cd/cps291/src/doit/slides/hist sld005.htm
97.12.10 03:08 B C:\doit\slides\hist\sld006.htm --> arctic.cps.msu.edu /user/cd/cps291/src/doit/slides/hist sld006.htm
97.12.10 03:08 B C:\doit\slides\hist\sld007.htm --> arctic.cps.msu.edu /user/cd/cps291/src/doit/slides/hist sld007.htm
97.12.10 03:08 B C:\doit\slides\hist\sld008.htm --> arctic.cps.msu.edu /user/cd/cps291/src/doit/slides/hist sld008.htm
97.12.10 03:08 B C:\doit\slides\hist\sld009.htm --> arctic.cps.msu.edu /user/cd/cps291/src/doit/slides/hist sld009.htm
97.12.10 03:08 B C:\doit\slides\hist\sld010.htm --> arctic.cps.msu.edu /user/cd/cps291/src/doit/slides/hist sld010.htm
97.12.10 03:08 B C:\doit\slides\hist\sld011.htm --> arctic.cps.msu.edu /user/cd/cps291/src/doit/slides/hist sld011.htm
97.12.10 03:08 B C:\doit\slides\hist\sld012.htm --> arctic.cps.msu.edu /user/cd/cps291/src/doit/slides/hist sld012.htm
97.12.10 03:08 B C:\doit\slides\hist\sld013.htm --> arctic.cps.msu.edu /user/cd/cps291/src/doit/slides/hist sld013.htm
97.12.10 03:08 B C:\doit\slides\hist\sld014.htm --> arctic.cps.msu.edu /user/cd/cps291/src/doit/slides/hist sld014.htm
97.12.10 03:08 B C:\doit\slides\hist\sld015.htm --> arctic.cps.msu.edu /user/cd/cps291/src/doit/slides/hist sld015.htm
97.12.10 03:08 B C:\doit\slides\hist\sld016.htm --> arctic.cps.msu.edu /user/cd/cps291/src/doit/slides/hist sld016.htm
97.12.10 03:08 B C:\doit\slides\hist\sld017.htm --> arctic.cps.msu.edu /user/cd/cps291/src/doit/slides/hist sld017.htm
97.12.10 03:08 B C:\doit\slides\hist\sld018.htm --> arctic.cps.msu.edu /user/cd/cps291/src/doit/slides/hist sld018.htm
97.12.10 03:08 B C:\doit\slides\hist\sld019.htm --> arctic.cps.msu.edu /user/cd/cps291/src/doit/slides/hist sld019.htm
97.12.10 03:08 B C:\doit\slides\hist\sld020.htm --> arctic.cps.msu.edu /user/cd/cps291/src/doit/slides/hist sld020.htm
97.12.10 03:08 B C:\doit\slides\hist\sld021.htm --> arctic.cps.msu.edu /user/cd/cps291/src/doit/slides/hist sld021.htm
97.12.10 03:08 B C:\doit\slides\hist\sld022.htm --> arctic.cps.msu.edu /user/cd/cps291/src/doit/slides/hist sld022.htm
97.12.10 03:08 B C:\doit\slides\hist\sld023.htm --> arctic.cps.msu.edu /user/cd/cps291/src/doit/slides/hist sld023.htm
97.12.10 03:08 B C:\doit\slides\hist\sld024.htm --> arctic.cps.msu.edu /user/cd/cps291/src/doit/slides/hist sld024.htm
97.12.10 03:08 B C:\doit\slides\hist\sld025.htm --> arctic.cps.msu.edu /user/cd/cps291/src/doit/slides/hist sld025.htm
97.12.10 03:08 B C:\doit\slides\hist\sld026.htm --> arctic.cps.msu.edu /user/cd/cps291/src/doit/slides/hist sld026.htm
97.12.10 03:08 B C:\doit\slides\hist\sld027.htm --> arctic.cps.msu.edu /user/cd/cps291/src/doit/slides/hist sld027.htm
97.12.10 03:08 B C:\doit\slides\hist\sld028.htm --> arctic.cps.msu.edu /user/cd/cps291/src/doit/slides/hist sld028.htm
97.12.10 03:08 B C:\doit\slides\hist\sld029.htm --> arctic.cps.msu.edu /user/cd/cps291/src/doit/slides/hist sld029.htm
97.12.10 03:08 B C:\doit\slides\hist\sld030.htm --> arctic.cps.msu.edu /user/cd/cps291/src/doit/slides/hist sld030.htm
97.12.10 03:08 B C:\doit\slides\hist\sld031.htm --> arctic.cps.msu.edu /user/cd/cps291/src/doit/slides/hist sld031.htm
97.12.10 03:08 B C:\doit\slides\hist\sld032.htm --> arctic.cps.msu.edu /user/cd/cps291/src/doit/slides/hist sld032.htm
97.12.10 03:08 B C:\doit\slides\hist\sld033.htm --> arctic.cps.msu.edu /user/cd/cps291/src/doit/slides/hist sld033.htm
97.12.10 03:08 B C:\doit\slides\hist\sld034.htm --> arctic.cps.msu.edu /user/cd/cps291/src/doit/slides/hist sld034.htm
97.12.10 03:08 B C:\doit\slides\hist\sld035.htm --> arctic.cps.msu.edu /user/cd/cps291/src/doit/slides/hist sld035.htm
97.12.10 03:08 B C:\doit\slides\hist\sld036.htm --> arctic.cps.msu.edu /user/cd/cps291/src/doit/slides/hist sld036.htm
97.12.10 03:08 B C:\doit\slides\hist\sld037.htm --> arctic.cps.msu.edu /user/cd/cps291/src/doit/slides/hist sld037.htm
97.12.10 03:08 B C:\doit\slides\hist\sld038.htm --> arctic.cps.msu.edu /user/cd/cps291/src/doit/slides/hist sld038.htm
97.12.10 03:09 B C:\doit\slides\hist\space.gif --> arctic.cps.msu.edu /user/cd/cps291/src/doit/slides/hist space.gif
97.12.10 03:09 B C:\doit\slides\hist\tsld001.htm --> arctic.cps.msu.edu /user/cd/cps291/src/doit/slides/hist tsld001.htm
97.12.10 03:09 B C:\doit\slides\hist\tsld002.htm --> arctic.cps.msu.edu /user/cd/cps291/src/doit/slides/hist tsld002.htm
97.12.10 03:09 B C:\doit\slides\hist\tsld003.htm --> arctic.cps.msu.edu /user/cd/cps291/src/doit/slides/hist tsld003.htm
97.12.10 03:09 B C:\doit\slides\hist\tsld004.htm --> arctic.cps.msu.edu /user/cd/cps291/src/doit/slides/hist tsld004.htm
97.12.10 03:09 B C:\doit\slides\hist\tsld005.htm --> arctic.cps.msu.edu /user/cd/cps291/src/doit/slides/hist tsld005.htm
97.12.10 03:09 B C:\doit\slides\hist\tsld006.htm --> arctic.cps.msu.edu /user/cd/cps291/src/doit/slides/hist tsld006.htm
97.12.10 03:09 B C:\doit\slides\hist\tsld007.htm --> arctic.cps.msu.edu /user/cd/cps291/src/doit/slides/hist tsld007.htm
97.12.10 03:09 B C:\doit\slides\hist\tsld008.htm --> arctic.cps.msu.edu /user/cd/cps291/src/doit/slides/hist tsld008.htm
97.12.10 03:09 B C:\doit\slides\hist\tsld009.htm --> arctic.cps.msu.edu /user/cd/cps291/src/doit/slides/hist tsld009.htm
97.12.10 03:09 B C:\doit\slides\hist\tsld010.htm --> arctic.cps.msu.edu /user/cd/cps291/src/doit/slides/hist tsld010.htm
97.12.10 03:09 B C:\doit\slides\hist\tsld011.htm --> arctic.cps.msu.edu /user/cd/cps291/src/doit/slides/hist tsld011.htm
97.12.10 03:09 B C:\doit\slides\hist\tsld012.htm --> arctic.cps.msu.edu /user/cd/cps291/src/doit/slides/hist tsld012.htm
97.12.10 03:09 B C:\doit\slides\hist\tsld013.htm --> arctic.cps.msu.edu /user/cd/cps291/src/doit/slides/hist tsld013.htm
97.12.10 03:09 B C:\doit\slides\hist\tsld014.htm --> arctic.cps.msu.edu /user/cd/cps291/src/doit/slides/hist tsld014.htm
97.12.10 03:09 B C:\doit\slides\hist\tsld015.htm --> arctic.cps.msu.edu /user/cd/cps291/src/doit/slides/hist tsld015.htm
97.12.10 03:09 B C:\doit\slides\hist\tsld016.htm --> arctic.cps.msu.edu /user/cd/cps291/src/doit/slides/hist tsld016.htm
97.12.10 03:09 B C:\doit\slides\hist\tsld017.htm --> arctic.cps.msu.edu /user/cd/cps291/src/doit/slides/hist tsld017.htm
97.12.10 03:09 B C:\doit\slides\hist\tsld018.htm --> arctic.cps.msu.edu /user/cd/cps291/src/doit/slides/hist tsld018.htm
97.12.10 03:09 B C:\doit\slides\hist\tsld019.htm --> arctic.cps.msu.edu /user/cd/cps291/src/doit/slides/hist tsld019.htm
97.12.10 03:09 B C:\doit\slides\hist\tsld020.htm --> arctic.cps.msu.edu /user/cd/cps291/src/doit/slides/hist tsld020.htm
97.12.10 03:09 B C:\doit\slides\hist\tsld021.htm --> arctic.cps.msu.edu /user/cd/cps291/src/doit/slides/hist tsld021.htm
97.12.10 03:09 B C:\doit\slides\hist\tsld022.htm --> arctic.cps.msu.edu /user/cd/cps291/src/doit/slides/hist tsld022.htm
97.12.10 03:09 B C:\doit\slides\hist\tsld023.htm --> arctic.cps.msu.edu /user/cd/cps291/src/doit/slides/hist tsld023.htm
97.12.10 03:09 B C:\doit\slides\hist\tsld024.htm --> arctic.cps.msu.edu /user/cd/cps291/src/doit/slides/hist tsld024.htm
97.12.10 03:09 B C:\doit\slides\hist\tsld025.htm --> arctic.cps.msu.edu /user/cd/cps291/src/doit/slides/hist tsld025.htm
97.12.10 03:09 B C:\doit\slides\hist\tsld026.htm --> arctic.cps.msu.edu /user/cd/cps291/src/doit/slides/hist tsld026.htm
97.12.10 03:09 B C:\doit\slides\hist\tsld027.htm --> arctic.cps.msu.edu /user/cd/cps291/src/doit/slides/hist tsld027.htm
97.12.10 03:09 B C:\doit\slides\hist\tsld028.htm --> arctic.cps.msu.edu /user/cd/cps291/src/doit/slides/hist tsld028.htm
97.12.10 03:09 B C:\doit\slides\hist\tsld029.htm --> arctic.cps.msu.edu /user/cd/cps291/src/doit/slides/hist tsld029.htm
97.12.10 03:09 B C:\doit\slides\hist\tsld030.htm --> arctic.cps.msu.edu /user/cd/cps291/src/doit/slides/hist tsld030.htm
97.12.10 03:09 B C:\doit\slides\hist\tsld031.htm --> arctic.cps.msu.edu /user/cd/cps291/src/doit/slides/hist tsld031.htm
97.12.10 03:09 B C:\doit\slides\hist\tsld032.htm --> arctic.cps.msu.edu /user/cd/cps291/src/doit/slides/hist tsld032.htm
97.12.10 03:09 B C:\doit\slides\hist\tsld033.htm --> arctic.cps.msu.edu /user/cd/cps291/src/doit/slides/hist tsld033.htm
97.12.10 03:09 B C:\doit\slides\hist\tsld034.htm --> arctic.cps.msu.edu /user/cd/cps291/src/doit/slides/hist tsld034.htm
97.12.10 03:09 B C:\doit\slides\hist\tsld035.htm --> arctic.cps.msu.edu /user/cd/cps291/src/doit/slides/hist tsld035.htm
97.12.10 03:09 B C:\doit\slides\hist\tsld036.htm --> arctic.cps.msu.edu /user/cd/cps291/src/doit/slides/hist tsld036.htm
97.12.10 03:09 B C:\doit\slides\hist\tsld037.htm --> arctic.cps.msu.edu /user/cd/cps291/src/doit/slides/hist tsld037.htm
97.12.10 03:09 B C:\doit\slides\hist\tsld038.htm --> arctic.cps.msu.edu /user/cd/cps291/src/doit/slides/hist tsld038.htm
97.12.10 03:09 B C:\doit\slides\hist\WS_FTP.LOG --> arctic.cps.msu.edu /user/cd/cps291/src/doit/slides/hist WS_FTP.LOG
98.03.12 22:59 B D:\syncomat\htm_sld\hist\ielogo.gif --> cps.msu.edu /user/cd/cps291/syncomat/htm_sld/hist ielogo.gif
98.03.12 22:59 B D:\syncomat\htm_sld\hist\img001.GIF --> cps.msu.edu /user/cd/cps291/syncomat/htm_sld/hist img001.GIF
98.03.12 22:59 B D:\syncomat\htm_sld\hist\img002.GIF --> cps.msu.edu /user/cd/cps291/syncomat/htm_sld/hist img002.GIF
98.03.12 22:59 B D:\syncomat\htm_sld\hist\img003.GIF --> cps.msu.edu /user/cd/cps291/syncomat/htm_sld/hist img003.GIF
98.03.12 22:59 B D:\syncomat\htm_sld\hist\img004.GIF --> cps.msu.edu /user/cd/cps291/syncomat/htm_sld/hist img004.GIF
98.03.12 22:59 B D:\syncomat\htm_sld\hist\img005.GIF --> cps.msu.edu /user/cd/cps291/syncomat/htm_sld/hist img005.GIF
98.03.12 22:59 B D:\syncomat\htm_sld\hist\img006.GIF --> cps.msu.edu /user/cd/cps291/syncomat/htm_sld/hist img006.GIF
98.03.12 22:59 B D:\syncomat\htm_sld\hist\img007.GIF --> cps.msu.edu /user/cd/cps291/syncomat/htm_sld/hist img007.GIF
98.03.12 22:59 B D:\syncomat\htm_sld\hist\img008.GIF --> cps.msu.edu /user/cd/cps291/syncomat/htm_sld/hist img008.GIF
98.03.12 22:59 B D:\syncomat\htm_sld\hist\img009.GIF --> cps.msu.edu /user/cd/cps291/syncomat/htm_sld/hist img009.GIF
98.03.12 22:59 B D:\syncomat\htm_sld\hist\img010.GIF --> cps.msu.edu /user/cd/cps291/syncomat/htm_sld/hist img010.GIF
98.03.12 22:59 B D:\syncomat\htm_sld\hist\img011.GIF --> cps.msu.edu /user/cd/cps291/syncomat/htm_sld/hist img011.GIF
98.03.12 22:59 B D:\syncomat\htm_sld\hist\img012.GIF --> cps.msu.edu /user/cd/cps291/syncomat/htm_sld/hist img012.GIF
98.03.12 22:59 B D:\syncomat\htm_sld\hist\img013.GIF --> cps.msu.edu /user/cd/cps291/syncomat/htm_sld/hist img013.GIF
98.03.12 22:59 B D:\syncomat\htm_sld\hist\img014.GIF --> cps.msu.edu /user/cd/cps291/syncomat/htm_sld/hist img014.GIF
98.03.12 22:59 B D:\syncomat\htm_sld\hist\img015.GIF --> cps.msu.edu /user/cd/cps291/syncomat/htm_sld/hist img015.GIF
98.03.12 22:59 B D:\syncomat\htm_sld\hist\img016.GIF --> cps.msu.edu /user/cd/cps291/syncomat/htm_sld/hist img016.GIF
98.03.12 22:59 B D:\syncomat\htm_sld\hist\img017.GIF --> cps.msu.edu /user/cd/cps291/syncomat/htm_sld/hist img017.GIF
98.03.12 22:59 B D:\syncomat\htm_sld\hist\img018.GIF --> cps.msu.edu /user/cd/cps291/syncomat/htm_sld/hist img018.GIF
98.03.12 22:59 B D:\syncomat\htm_sld\hist\img019.GIF --> cps.msu.edu /user/cd/cps291/syncomat/htm_sld/hist img019.GIF
98.03.12 22:59 B D:\syncomat\htm_sld\hist\img020.GIF --> cps.msu.edu /user/cd/cps291/syncomat/htm_sld/hist img020.GIF
98.03.12 22:59 B D:\syncomat\htm_sld\hist\img021.GIF --> cps.msu.edu /user/cd/cps291/syncomat/htm_sld/hist img021.GIF
98.03.12 22:59 B D:\syncomat\htm_sld\hist\img022.GIF --> cps.msu.edu /user/cd/cps291/syncomat/htm_sld/hist img022.GIF
98.03.12 22:59 B D:\syncomat\htm_sld\hist\img023.GIF --> cps.msu.edu /user/cd/cps291/syncomat/htm_sld/hist img023.GIF
98.03.12 22:59 B D:\syncomat\htm_sld\hist\img024.GIF --> cps.msu.edu /user/cd/cps291/syncomat/htm_sld/hist img024.GIF
98.03.12 22:59 B D:\syncomat\htm_sld\hist\img025.GIF --> cps.msu.edu /user/cd/cps291/syncomat/htm_sld/hist img025.GIF
98.03.12 22:59 B D:\syncomat\htm_sld\hist\img026.GIF --> cps.msu.edu /user/cd/cps291/syncomat/htm_sld/hist img026.GIF
98.03.12 22:59 B D:\syncomat\htm_sld\hist\img027.GIF --> cps.msu.edu /user/cd/cps291/syncomat/htm_sld/hist img027.GIF
98.03.12 22:59 B D:\syncomat\htm_sld\hist\img028.GIF --> cps.msu.edu /user/cd/cps291/syncomat/htm_sld/hist img028.GIF
98.03.12 22:59 B D:\syncomat\htm_sld\hist\img029.GIF --> cps.msu.edu /user/cd/cps291/syncomat/htm_sld/hist img029.GIF
98.03.12 22:59 B D:\syncomat\htm_sld\hist\img030.GIF --> cps.msu.edu /user/cd/cps291/syncomat/htm_sld/hist img030.GIF
98.03.12 22:59 B D:\syncomat\htm_sld\hist\img031.GIF --> cps.msu.edu /user/cd/cps291/syncomat/htm_sld/hist img031.GIF
98.03.12 22:59 B D:\syncomat\htm_sld\hist\img032.GIF --> cps.msu.edu /user/cd/cps291/syncomat/htm_sld/hist img032.GIF
98.03.12 22:59 B D:\syncomat\htm_sld\hist\img033.GIF --> cps.msu.edu /user/cd/cps291/syncomat/htm_sld/hist img033.GIF
98.03.12 22:59 B D:\syncomat\htm_sld\hist\img034.GIF --> cps.msu.edu /user/cd/cps291/syncomat/htm_sld/hist img034.GIF
98.03.12 22:59 B D:\syncomat\htm_sld\hist\img035.GIF --> cps.msu.edu /user/cd/cps291/syncomat/htm_sld/hist img035.GIF
98.03.12 22:59 B D:\syncomat\htm_sld\hist\img036.GIF --> cps.msu.edu /user/cd/cps291/syncomat/htm_sld/hist img036.GIF
98.03.12 22:59 B D:\syncomat\htm_sld\hist\img037.GIF --> cps.msu.edu /user/cd/cps291/syncomat/htm_sld/hist img037.GIF
98.03.12 22:59 B D:\syncomat\htm_sld\hist\img038.GIF --> cps.msu.edu /user/cd/cps291/syncomat/htm_sld/hist img038.GIF
98.03.12 22:59 B D:\syncomat\htm_sld\hist\index.htm --> cps.msu.edu /user/cd/cps291/syncomat/htm_sld/hist index.htm
98.03.12 22:59 B D:\syncomat\htm_sld\hist\pptani.gif --> cps.msu.edu /user/cd/cps291/syncomat/htm_sld/hist pptani.gif
98.03.12 22:59 B D:\syncomat\htm_sld\hist\sld001.htm --> cps.msu.edu /user/cd/cps291/syncomat/htm_sld/hist sld001.htm
98.03.12 22:59 B D:\syncomat\htm_sld\hist\sld002.htm --> cps.msu.edu /user/cd/cps291/syncomat/htm_sld/hist sld002.htm
98.03.12 22:59 B D:\syncomat\htm_sld\hist\sld003.htm --> cps.msu.edu /user/cd/cps291/syncomat/htm_sld/hist sld003.htm
98.03.12 22:59 B D:\syncomat\htm_sld\hist\sld004.htm --> cps.msu.edu /user/cd/cps291/syncomat/htm_sld/hist sld004.htm
98.03.12 22:59 B D:\syncomat\htm_sld\hist\sld005.htm --> cps.msu.edu /user/cd/cps291/syncomat/htm_sld/hist sld005.htm
98.03.12 22:59 B D:\syncomat\htm_sld\hist\sld006.htm --> cps.msu.edu /user/cd/cps291/syncomat/htm_sld/hist sld006.htm
98.03.12 22:59 B D:\syncomat\htm_sld\hist\sld007.htm --> cps.msu.edu /user/cd/cps291/syncomat/htm_sld/hist sld007.htm
98.03.12 22:59 B D:\syncomat\htm_sld\hist\sld008.htm --> cps.msu.edu /user/cd/cps291/syncomat/htm_sld/hist sld008.htm
98.03.12 22:59 B D:\syncomat\htm_sld\hist\sld009.htm --> cps.msu.edu /user/cd/cps291/syncomat/htm_sld/hist sld009.htm
98.03.12 22:59 B D:\syncomat\htm_sld\hist\sld010.htm --> cps.msu.edu /user/cd/cps291/syncomat/htm_sld/hist sld010.htm
98.03.12 22:59 B D:\syncomat\htm_sld\hist\sld011.htm --> cps.msu.edu /user/cd/cps291/syncomat/htm_sld/hist sld011.htm
98.03.12 22:59 B D:\syncomat\htm_sld\hist\sld012.htm --> cps.msu.edu /user/cd/cps291/syncomat/htm_sld/hist sld012.htm
98.03.12 22:59 B D:\syncomat\htm_sld\hist\sld013.htm --> cps.msu.edu /user/cd/cps291/syncomat/htm_sld/hist sld013.htm
98.03.12 22:59 B D:\syncomat\htm_sld\hist\sld014.htm --> cps.msu.edu /user/cd/cps291/syncomat/htm_sld/hist sld014.htm
98.03.12 22:59 B D:\syncomat\htm_sld\hist\sld015.htm --> cps.msu.edu /user/cd/cps291/syncomat/htm_sld/hist sld015.htm
98.03.12 22:59 B D:\syncomat\htm_sld\hist\sld016.htm --> cps.msu.edu /user/cd/cps291/syncomat/htm_sld/hist sld016.htm
98.03.12 22:59 B D:\syncomat\htm_sld\hist\sld017.htm --> cps.msu.edu /user/cd/cps291/syncomat/htm_sld/hist sld017.htm
98.03.12 22:59 B D:\syncomat\htm_sld\hist\sld018.htm --> cps.msu.edu /user/cd/cps291/syncomat/htm_sld/hist sld018.htm
98.03.12 22:59 B D:\syncomat\htm_sld\hist\sld019.htm --> cps.msu.edu /user/cd/cps291/syncomat/htm_sld/hist sld019.htm
98.03.12 22:59 B D:\syncomat\htm_sld\hist\sld020.htm --> cps.msu.edu /user/cd/cps291/syncomat/htm_sld/hist sld020.htm
98.03.12 22:59 B D:\syncomat\htm_sld\hist\sld021.htm --> cps.msu.edu /user/cd/cps291/syncomat/htm_sld/hist sld021.htm
98.03.12 22:59 B D:\syncomat\htm_sld\hist\sld022.htm --> cps.msu.edu /user/cd/cps291/syncomat/htm_sld/hist sld022.htm
98.03.12 22:59 B D:\syncomat\htm_sld\hist\sld023.htm --> cps.msu.edu /user/cd/cps291/syncomat/htm_sld/hist sld023.htm
98.03.12 22:59 B D:\syncomat\htm_sld\hist\sld024.htm --> cps.msu.edu /user/cd/cps291/syncomat/htm_sld/hist sld024.htm
98.03.12 22:59 B D:\syncomat\htm_sld\hist\sld025.htm --> cps.msu.edu /user/cd/cps291/syncomat/htm_sld/hist sld025.htm
98.03.12 22:59 B D:\syncomat\htm_sld\hist\sld026.htm --> cps.msu.edu /user/cd/cps291/syncomat/htm_sld/hist sld026.htm
98.03.12 22:59 B D:\syncomat\htm_sld\hist\sld027.htm --> cps.msu.edu /user/cd/cps291/syncomat/htm_sld/hist sld027.htm
98.03.12 22:59 B D:\syncomat\htm_sld\hist\sld028.htm --> cps.msu.edu /user/cd/cps291/syncomat/htm_sld/hist sld028.htm
98.03.12 22:59 B D:\syncomat\htm_sld\hist\sld029.htm --> cps.msu.edu /user/cd/cps291/syncomat/htm_sld/hist sld029.htm
98.03.12 22:59 B D:\syncomat\htm_sld\hist\sld030.htm --> cps.msu.edu /user/cd/cps291/syncomat/htm_sld/hist sld030.htm
98.03.12 22:59 B D:\syncomat\htm_sld\hist\sld031.htm --> cps.msu.edu /user/cd/cps291/syncomat/htm_sld/hist sld031.htm
98.03.12 22:59 B D:\syncomat\htm_sld\hist\sld032.htm --> cps.msu.edu /user/cd/cps291/syncomat/htm_sld/hist sld032.htm
98.03.12 22:59 B D:\syncomat\htm_sld\hist\sld033.htm --> cps.msu.edu /user/cd/cps291/syncomat/htm_sld/hist sld033.htm
98.03.12 22:59 B D:\syncomat\htm_sld\hist\sld034.htm --> cps.msu.edu /user/cd/cps291/syncomat/htm_sld/hist sld034.htm
98.03.12 22:59 B D:\syncomat\htm_sld\hist\sld035.htm --> cps.msu.edu /user/cd/cps291/syncomat/htm_sld/hist sld035.htm
98.03.12 22:59 B D:\syncomat\htm_sld\hist\sld036.htm --> cps.msu.edu /user/cd/cps291/syncomat/htm_sld/hist sld036.htm
98.03.12 22:59 B D:\syncomat\htm_sld\hist\sld037.htm --> cps.msu.edu /user/cd/cps291/syncomat/htm_sld/hist sld037.htm
98.03.12 22:59 B D:\syncomat\htm_sld\hist\sld038.htm --> cps.msu.edu /user/cd/cps291/syncomat/htm_sld/hist sld038.htm
98.03.12 22:59 B D:\syncomat\htm_sld\hist\space.gif --> cps.msu.edu /user/cd/cps291/syncomat/htm_sld/hist space.gif
98.03.12 22:59 B D:\syncomat\htm_sld\hist\tsld001.htm --> cps.msu.edu /user/cd/cps291/syncomat/htm_sld/hist tsld001.htm
98.03.12 22:59 B D:\syncomat\htm_sld\hist\tsld002.htm --> cps.msu.edu /user/cd/cps291/syncomat/htm_sld/hist tsld002.htm
98.03.12 22:59 B D:\syncomat\htm_sld\hist\tsld003.htm --> cps.msu.edu /user/cd/cps291/syncomat/htm_sld/hist tsld003.htm
98.03.12 22:59 B D:\syncomat\htm_sld\hist\tsld004.htm --> cps.msu.edu /user/cd/cps291/syncomat/htm_sld/hist tsld004.htm
98.03.12 23:00 B D:\syncomat\htm_sld\hist\tsld005.htm --> cps.msu.edu /user/cd/cps291/syncomat/htm_sld/hist tsld005.htm
98.03.12 23:00 B D:\syncomat\htm_sld\hist\tsld006.htm --> cps.msu.edu /user/cd/cps291/syncomat/htm_sld/hist tsld006.htm
98.03.12 23:00 B D:\syncomat\htm_sld\hist\tsld007.htm --> cps.msu.edu /user/cd/cps291/syncomat/htm_sld/hist tsld007.htm
98.03.12 23:00 B D:\syncomat\htm_sld\hist\tsld008.htm --> cps.msu.edu /user/cd/cps291/syncomat/htm_sld/hist tsld008.htm
98.03.12 23:00 B D:\syncomat\htm_sld\hist\tsld009.htm --> cps.msu.edu /user/cd/cps291/syncomat/htm_sld/hist tsld009.htm
98.03.12 23:00 B D:\syncomat\htm_sld\hist\tsld010.htm --> cps.msu.edu /user/cd/cps291/syncomat/htm_sld/hist tsld010.htm
98.03.12 23:00 B D:\syncomat\htm_sld\hist\tsld011.htm --> cps.msu.edu /user/cd/cps291/syncomat/htm_sld/hist tsld011.htm
98.03.12 23:00 B D:\syncomat\htm_sld\hist\tsld012.htm --> cps.msu.edu /user/cd/cps291/syncomat/htm_sld/hist tsld012.htm
98.03.12 23:00 B D:\syncomat\htm_sld\hist\tsld013.htm --> cps.msu.edu /user/cd/cps291/syncomat/htm_sld/hist tsld013.htm
98.03.12 23:00 B D:\syncomat\htm_sld\hist\tsld014.htm --> cps.msu.edu /user/cd/cps291/syncomat/htm_sld/hist tsld014.htm
98.03.12 23:00 B D:\syncomat\htm_sld\hist\tsld015.htm --> cps.msu.edu /user/cd/cps291/syncomat/htm_sld/hist tsld015.htm
98.03.12 23:00 B D:\syncomat\htm_sld\hist\tsld016.htm --> cps.msu.edu /user/cd/cps291/syncomat/htm_sld/hist tsld016.htm
98.03.12 23:00 B D:\syncomat\htm_sld\hist\tsld017.htm --> cps.msu.edu /user/cd/cps291/syncomat/htm_sld/hist tsld017.htm
98.03.12 23:00 B D:\syncomat\htm_sld\hist\tsld018.htm --> cps.msu.edu /user/cd/cps291/syncomat/htm_sld/hist tsld018.htm
98.03.12 23:00 B D:\syncomat\htm_sld\hist\tsld019.htm --> cps.msu.edu /user/cd/cps291/syncomat/htm_sld/hist tsld019.htm
98.03.12 23:00 B D:\syncomat\htm_sld\hist\tsld020.htm --> cps.msu.edu /user/cd/cps291/syncomat/htm_sld/hist tsld020.htm
98.03.12 23:00 B D:\syncomat\htm_sld\hist\tsld021.htm --> cps.msu.edu /user/cd/cps291/syncomat/htm_sld/hist tsld021.htm
98.03.12 23:00 B D:\syncomat\htm_sld\hist\tsld022.htm --> cps.msu.edu /user/cd/cps291/syncomat/htm_sld/hist tsld022.htm
98.03.12 23:00 B D:\syncomat\htm_sld\hist\tsld023.htm --> cps.msu.edu /user/cd/cps291/syncomat/htm_sld/hist tsld023.htm
98.03.12 23:00 B D:\syncomat\htm_sld\hist\tsld024.htm --> cps.msu.edu /user/cd/cps291/syncomat/htm_sld/hist tsld024.htm
98.03.12 23:00 B D:\syncomat\htm_sld\hist\tsld025.htm --> cps.msu.edu /user/cd/cps291/syncomat/htm_sld/hist tsld025.htm
98.03.12 23:00 B D:\syncomat\htm_sld\hist\tsld026.htm --> cps.msu.edu /user/cd/cps291/syncomat/htm_sld/hist tsld026.htm
98.03.12 23:00 B D:\syncomat\htm_sld\hist\tsld027.htm --> cps.msu.edu /user/cd/cps291/syncomat/htm_sld/hist tsld027.htm
98.03.12 23:00 B D:\syncomat\htm_sld\hist\tsld028.htm --> cps.msu.edu /user/cd/cps291/syncomat/htm_sld/hist tsld028.htm
98.03.12 23:00 B D:\syncomat\htm_sld\hist\tsld029.htm --> cps.msu.edu /user/cd/cps291/syncomat/htm_sld/hist tsld029.htm
98.03.12 23:00 B D:\syncomat\htm_sld\hist\tsld030.htm --> cps.msu.edu /user/cd/cps291/syncomat/htm_sld/hist tsld030.htm
98.03.12 23:00 B D:\syncomat\htm_sld\hist\tsld031.htm --> cps.msu.edu /user/cd/cps291/syncomat/htm_sld/hist tsld031.htm
98.03.12 23:00 B D:\syncomat\htm_sld\hist\tsld032.htm --> cps.msu.edu /user/cd/cps291/syncomat/htm_sld/hist tsld032.htm
98.03.12 23:00 B D:\syncomat\htm_sld\hist\tsld033.htm --> cps.msu.edu /user/cd/cps291/syncomat/htm_sld/hist tsld033.htm
98.03.12 23:00 B D:\syncomat\htm_sld\hist\tsld034.htm --> cps.msu.edu /user/cd/cps291/syncomat/htm_sld/hist tsld034.htm
98.03.12 23:00 B D:\syncomat\htm_sld\hist\tsld035.htm --> cps.msu.edu /user/cd/cps291/syncomat/htm_sld/hist tsld035.htm
98.03.12 23:00 B D:\syncomat\htm_sld\hist\tsld036.htm --> cps.msu.edu /user/cd/cps291/syncomat/htm_sld/hist tsld036.htm
98.03.12 23:00 B D:\syncomat\htm_sld\hist\tsld037.htm --> cps.msu.edu /user/cd/cps291/syncomat/htm_sld/hist tsld037.htm
98.03.12 23:00 B D:\syncomat\htm_sld\hist\tsld038.htm --> cps.msu.edu /user/cd/cps291/syncomat/htm_sld/hist tsld038.htm
98.03.12 23:00 B D:\syncomat\htm_sld\hist\WS_FTP.LOG --> cps.msu.edu /user/cd/cps291/syncomat/htm_sld/hist WS_FTP.LOG
