98.03.12 23:01 B D:\syncomat\htm_sld\jscr\activem.gif --> cps.msu.edu /user/cd/cps291/syncomat/htm_sld/jscr activem.gif
98.03.12 23:01 B D:\syncomat\htm_sld\jscr\activep.gif --> cps.msu.edu /user/cd/cps291/syncomat/htm_sld/jscr activep.gif
98.03.12 23:01 B D:\syncomat\htm_sld\jscr\collapse.gif --> cps.msu.edu /user/cd/cps291/syncomat/htm_sld/jscr collapse.gif
98.03.12 23:01 B D:\syncomat\htm_sld\jscr\expand.gif --> cps.msu.edu /user/cd/cps291/syncomat/htm_sld/jscr expand.gif
98.03.12 23:01 B D:\syncomat\htm_sld\jscr\first.gif --> cps.msu.edu /user/cd/cps291/syncomat/htm_sld/jscr first.gif
98.03.12 23:01 B D:\syncomat\htm_sld\jscr\home.gif --> cps.msu.edu /user/cd/cps291/syncomat/htm_sld/jscr home.gif
98.03.12 23:01 B D:\syncomat\htm_sld\jscr\ielogo.gif --> cps.msu.edu /user/cd/cps291/syncomat/htm_sld/jscr ielogo.gif
98.03.12 23:01 B D:\syncomat\htm_sld\jscr\img001.GIF --> cps.msu.edu /user/cd/cps291/syncomat/htm_sld/jscr img001.GIF
98.03.12 23:01 B D:\syncomat\htm_sld\jscr\img002.GIF --> cps.msu.edu /user/cd/cps291/syncomat/htm_sld/jscr img002.GIF
98.03.12 23:01 B D:\syncomat\htm_sld\jscr\img003.GIF --> cps.msu.edu /user/cd/cps291/syncomat/htm_sld/jscr img003.GIF
98.03.12 23:01 B D:\syncomat\htm_sld\jscr\img004.GIF --> cps.msu.edu /user/cd/cps291/syncomat/htm_sld/jscr img004.GIF
98.03.12 23:01 B D:\syncomat\htm_sld\jscr\img005.GIF --> cps.msu.edu /user/cd/cps291/syncomat/htm_sld/jscr img005.GIF
98.03.12 23:01 B D:\syncomat\htm_sld\jscr\img006.GIF --> cps.msu.edu /user/cd/cps291/syncomat/htm_sld/jscr img006.GIF
98.03.12 23:01 B D:\syncomat\htm_sld\jscr\img007.GIF --> cps.msu.edu /user/cd/cps291/syncomat/htm_sld/jscr img007.GIF
98.03.12 23:01 B D:\syncomat\htm_sld\jscr\img008.GIF --> cps.msu.edu /user/cd/cps291/syncomat/htm_sld/jscr img008.GIF
98.03.12 23:01 B D:\syncomat\htm_sld\jscr\img009.GIF --> cps.msu.edu /user/cd/cps291/syncomat/htm_sld/jscr img009.GIF
98.03.12 23:01 B D:\syncomat\htm_sld\jscr\img010.GIF --> cps.msu.edu /user/cd/cps291/syncomat/htm_sld/jscr img010.GIF
98.03.12 23:01 B D:\syncomat\htm_sld\jscr\img011.GIF --> cps.msu.edu /user/cd/cps291/syncomat/htm_sld/jscr img011.GIF
98.03.12 23:01 B D:\syncomat\htm_sld\jscr\img012.GIF --> cps.msu.edu /user/cd/cps291/syncomat/htm_sld/jscr img012.GIF
98.03.12 23:01 B D:\syncomat\htm_sld\jscr\img013.GIF --> cps.msu.edu /user/cd/cps291/syncomat/htm_sld/jscr img013.GIF
98.03.12 23:01 B D:\syncomat\htm_sld\jscr\img014.GIF --> cps.msu.edu /user/cd/cps291/syncomat/htm_sld/jscr img014.GIF
98.03.12 23:01 B D:\syncomat\htm_sld\jscr\img015.GIF --> cps.msu.edu /user/cd/cps291/syncomat/htm_sld/jscr img015.GIF
98.03.12 23:01 B D:\syncomat\htm_sld\jscr\img016.GIF --> cps.msu.edu /user/cd/cps291/syncomat/htm_sld/jscr img016.GIF
98.03.12 23:01 B D:\syncomat\htm_sld\jscr\img017.GIF --> cps.msu.edu /user/cd/cps291/syncomat/htm_sld/jscr img017.GIF
98.03.12 23:01 B D:\syncomat\htm_sld\jscr\img018.GIF --> cps.msu.edu /user/cd/cps291/syncomat/htm_sld/jscr img018.GIF
98.03.12 23:01 B D:\syncomat\htm_sld\jscr\img019.GIF --> cps.msu.edu /user/cd/cps291/syncomat/htm_sld/jscr img019.GIF
98.03.12 23:01 B D:\syncomat\htm_sld\jscr\img020.GIF --> cps.msu.edu /user/cd/cps291/syncomat/htm_sld/jscr img020.GIF
98.03.12 23:01 B D:\syncomat\htm_sld\jscr\img021.GIF --> cps.msu.edu /user/cd/cps291/syncomat/htm_sld/jscr img021.GIF
98.03.12 23:01 B D:\syncomat\htm_sld\jscr\img022.GIF --> cps.msu.edu /user/cd/cps291/syncomat/htm_sld/jscr img022.GIF
98.03.12 23:01 B D:\syncomat\htm_sld\jscr\img023.GIF --> cps.msu.edu /user/cd/cps291/syncomat/htm_sld/jscr img023.GIF
98.03.12 23:01 B D:\syncomat\htm_sld\jscr\img024.GIF --> cps.msu.edu /user/cd/cps291/syncomat/htm_sld/jscr img024.GIF
98.03.12 23:01 B D:\syncomat\htm_sld\jscr\img025.GIF --> cps.msu.edu /user/cd/cps291/syncomat/htm_sld/jscr img025.GIF
98.03.12 23:01 B D:\syncomat\htm_sld\jscr\img026.GIF --> cps.msu.edu /user/cd/cps291/syncomat/htm_sld/jscr img026.GIF
98.03.12 23:01 B D:\syncomat\htm_sld\jscr\img027.GIF --> cps.msu.edu /user/cd/cps291/syncomat/htm_sld/jscr img027.GIF
98.03.12 23:01 B D:\syncomat\htm_sld\jscr\img028.GIF --> cps.msu.edu /user/cd/cps291/syncomat/htm_sld/jscr img028.GIF
98.03.12 23:01 B D:\syncomat\htm_sld\jscr\img029.GIF --> cps.msu.edu /user/cd/cps291/syncomat/htm_sld/jscr img029.GIF
98.03.12 23:01 B D:\syncomat\htm_sld\jscr\img030.GIF --> cps.msu.edu /user/cd/cps291/syncomat/htm_sld/jscr img030.GIF
98.03.12 23:01 B D:\syncomat\htm_sld\jscr\img031.GIF --> cps.msu.edu /user/cd/cps291/syncomat/htm_sld/jscr img031.GIF
98.03.12 23:01 B D:\syncomat\htm_sld\jscr\index.htm --> cps.msu.edu /user/cd/cps291/syncomat/htm_sld/jscr index.htm
98.03.12 23:01 B D:\syncomat\htm_sld\jscr\info.gif --> cps.msu.edu /user/cd/cps291/syncomat/htm_sld/jscr info.gif
98.03.12 23:01 B D:\syncomat\htm_sld\jscr\jscr.PPT --> cps.msu.edu /user/cd/cps291/syncomat/htm_sld/jscr jscr.PPT
98.03.12 23:01 B D:\syncomat\htm_sld\jscr\last.gif --> cps.msu.edu /user/cd/cps291/syncomat/htm_sld/jscr last.gif
98.03.12 23:01 B D:\syncomat\htm_sld\jscr\next.gif --> cps.msu.edu /user/cd/cps291/syncomat/htm_sld/jscr next.gif
98.03.12 23:01 B D:\syncomat\htm_sld\jscr\pptani.gif --> cps.msu.edu /user/cd/cps291/syncomat/htm_sld/jscr pptani.gif
98.03.12 23:01 B D:\syncomat\htm_sld\jscr\prev.gif --> cps.msu.edu /user/cd/cps291/syncomat/htm_sld/jscr prev.gif
98.03.12 23:01 B D:\syncomat\htm_sld\jscr\sld001.htm --> cps.msu.edu /user/cd/cps291/syncomat/htm_sld/jscr sld001.htm
98.03.12 23:01 B D:\syncomat\htm_sld\jscr\sld002.htm --> cps.msu.edu /user/cd/cps291/syncomat/htm_sld/jscr sld002.htm
98.03.12 23:01 B D:\syncomat\htm_sld\jscr\sld003.htm --> cps.msu.edu /user/cd/cps291/syncomat/htm_sld/jscr sld003.htm
98.03.12 23:01 B D:\syncomat\htm_sld\jscr\sld004.htm --> cps.msu.edu /user/cd/cps291/syncomat/htm_sld/jscr sld004.htm
98.03.12 23:01 B D:\syncomat\htm_sld\jscr\sld005.htm --> cps.msu.edu /user/cd/cps291/syncomat/htm_sld/jscr sld005.htm
98.03.12 23:01 B D:\syncomat\htm_sld\jscr\sld006.htm --> cps.msu.edu /user/cd/cps291/syncomat/htm_sld/jscr sld006.htm
98.03.12 23:01 B D:\syncomat\htm_sld\jscr\sld007.htm --> cps.msu.edu /user/cd/cps291/syncomat/htm_sld/jscr sld007.htm
98.03.12 23:01 B D:\syncomat\htm_sld\jscr\sld008.htm --> cps.msu.edu /user/cd/cps291/syncomat/htm_sld/jscr sld008.htm
98.03.12 23:01 B D:\syncomat\htm_sld\jscr\sld009.htm --> cps.msu.edu /user/cd/cps291/syncomat/htm_sld/jscr sld009.htm
98.03.12 23:01 B D:\syncomat\htm_sld\jscr\sld010.htm --> cps.msu.edu /user/cd/cps291/syncomat/htm_sld/jscr sld010.htm
98.03.12 23:01 B D:\syncomat\htm_sld\jscr\sld011.htm --> cps.msu.edu /user/cd/cps291/syncomat/htm_sld/jscr sld011.htm
98.03.12 23:01 B D:\syncomat\htm_sld\jscr\sld012.htm --> cps.msu.edu /user/cd/cps291/syncomat/htm_sld/jscr sld012.htm
98.03.12 23:01 B D:\syncomat\htm_sld\jscr\sld013.htm --> cps.msu.edu /user/cd/cps291/syncomat/htm_sld/jscr sld013.htm
98.03.12 23:01 B D:\syncomat\htm_sld\jscr\sld014.htm --> cps.msu.edu /user/cd/cps291/syncomat/htm_sld/jscr sld014.htm
98.03.12 23:01 B D:\syncomat\htm_sld\jscr\sld015.htm --> cps.msu.edu /user/cd/cps291/syncomat/htm_sld/jscr sld015.htm
98.03.12 23:02 B D:\syncomat\htm_sld\jscr\sld016.htm --> cps.msu.edu /user/cd/cps291/syncomat/htm_sld/jscr sld016.htm
98.03.12 23:02 B D:\syncomat\htm_sld\jscr\sld017.htm --> cps.msu.edu /user/cd/cps291/syncomat/htm_sld/jscr sld017.htm
98.03.12 23:02 B D:\syncomat\htm_sld\jscr\sld018.htm --> cps.msu.edu /user/cd/cps291/syncomat/htm_sld/jscr sld018.htm
98.03.12 23:02 B D:\syncomat\htm_sld\jscr\sld019.htm --> cps.msu.edu /user/cd/cps291/syncomat/htm_sld/jscr sld019.htm
98.03.12 23:02 B D:\syncomat\htm_sld\jscr\sld020.htm --> cps.msu.edu /user/cd/cps291/syncomat/htm_sld/jscr sld020.htm
98.03.12 23:02 B D:\syncomat\htm_sld\jscr\sld021.htm --> cps.msu.edu /user/cd/cps291/syncomat/htm_sld/jscr sld021.htm
98.03.12 23:02 B D:\syncomat\htm_sld\jscr\sld022.htm --> cps.msu.edu /user/cd/cps291/syncomat/htm_sld/jscr sld022.htm
98.03.12 23:02 B D:\syncomat\htm_sld\jscr\sld023.htm --> cps.msu.edu /user/cd/cps291/syncomat/htm_sld/jscr sld023.htm
98.03.12 23:02 B D:\syncomat\htm_sld\jscr\sld024.htm --> cps.msu.edu /user/cd/cps291/syncomat/htm_sld/jscr sld024.htm
98.03.12 23:02 B D:\syncomat\htm_sld\jscr\sld025.htm --> cps.msu.edu /user/cd/cps291/syncomat/htm_sld/jscr sld025.htm
98.03.12 23:02 B D:\syncomat\htm_sld\jscr\sld026.htm --> cps.msu.edu /user/cd/cps291/syncomat/htm_sld/jscr sld026.htm
98.03.12 23:02 B D:\syncomat\htm_sld\jscr\sld027.htm --> cps.msu.edu /user/cd/cps291/syncomat/htm_sld/jscr sld027.htm
98.03.12 23:02 B D:\syncomat\htm_sld\jscr\sld028.htm --> cps.msu.edu /user/cd/cps291/syncomat/htm_sld/jscr sld028.htm
98.03.12 23:02 B D:\syncomat\htm_sld\jscr\sld029.htm --> cps.msu.edu /user/cd/cps291/syncomat/htm_sld/jscr sld029.htm
98.03.12 23:02 B D:\syncomat\htm_sld\jscr\sld030.htm --> cps.msu.edu /user/cd/cps291/syncomat/htm_sld/jscr sld030.htm
98.03.12 23:02 B D:\syncomat\htm_sld\jscr\sld031.htm --> cps.msu.edu /user/cd/cps291/syncomat/htm_sld/jscr sld031.htm
98.03.12 23:02 B D:\syncomat\htm_sld\jscr\space.gif --> cps.msu.edu /user/cd/cps291/syncomat/htm_sld/jscr space.gif
98.03.12 23:02 B D:\syncomat\htm_sld\jscr\text.gif --> cps.msu.edu /user/cd/cps291/syncomat/htm_sld/jscr text.gif
98.03.12 23:02 B D:\syncomat\htm_sld\jscr\tsld001.htm --> cps.msu.edu /user/cd/cps291/syncomat/htm_sld/jscr tsld001.htm
98.03.12 23:02 B D:\syncomat\htm_sld\jscr\tsld002.htm --> cps.msu.edu /user/cd/cps291/syncomat/htm_sld/jscr tsld002.htm
98.03.12 23:02 B D:\syncomat\htm_sld\jscr\tsld003.htm --> cps.msu.edu /user/cd/cps291/syncomat/htm_sld/jscr tsld003.htm
98.03.12 23:02 B D:\syncomat\htm_sld\jscr\tsld004.htm --> cps.msu.edu /user/cd/cps291/syncomat/htm_sld/jscr tsld004.htm
98.03.12 23:02 B D:\syncomat\htm_sld\jscr\tsld005.htm --> cps.msu.edu /user/cd/cps291/syncomat/htm_sld/jscr tsld005.htm
98.03.12 23:02 B D:\syncomat\htm_sld\jscr\tsld006.htm --> cps.msu.edu /user/cd/cps291/syncomat/htm_sld/jscr tsld006.htm
98.03.12 23:02 B D:\syncomat\htm_sld\jscr\tsld007.htm --> cps.msu.edu /user/cd/cps291/syncomat/htm_sld/jscr tsld007.htm
98.03.12 23:02 B D:\syncomat\htm_sld\jscr\tsld008.htm --> cps.msu.edu /user/cd/cps291/syncomat/htm_sld/jscr tsld008.htm
98.03.12 23:02 B D:\syncomat\htm_sld\jscr\tsld009.htm --> cps.msu.edu /user/cd/cps291/syncomat/htm_sld/jscr tsld009.htm
98.03.12 23:02 B D:\syncomat\htm_sld\jscr\tsld010.htm --> cps.msu.edu /user/cd/cps291/syncomat/htm_sld/jscr tsld010.htm
98.03.12 23:02 B D:\syncomat\htm_sld\jscr\tsld011.htm --> cps.msu.edu /user/cd/cps291/syncomat/htm_sld/jscr tsld011.htm
98.03.12 23:02 B D:\syncomat\htm_sld\jscr\tsld012.htm --> cps.msu.edu /user/cd/cps291/syncomat/htm_sld/jscr tsld012.htm
98.03.12 23:02 B D:\syncomat\htm_sld\jscr\tsld013.htm --> cps.msu.edu /user/cd/cps291/syncomat/htm_sld/jscr tsld013.htm
98.03.12 23:02 B D:\syncomat\htm_sld\jscr\tsld014.htm --> cps.msu.edu /user/cd/cps291/syncomat/htm_sld/jscr tsld014.htm
98.03.12 23:02 B D:\syncomat\htm_sld\jscr\tsld015.htm --> cps.msu.edu /user/cd/cps291/syncomat/htm_sld/jscr tsld015.htm
98.03.12 23:02 B D:\syncomat\htm_sld\jscr\tsld016.htm --> cps.msu.edu /user/cd/cps291/syncomat/htm_sld/jscr tsld016.htm
98.03.12 23:02 B D:\syncomat\htm_sld\jscr\tsld017.htm --> cps.msu.edu /user/cd/cps291/syncomat/htm_sld/jscr tsld017.htm
98.03.12 23:02 B D:\syncomat\htm_sld\jscr\tsld018.htm --> cps.msu.edu /user/cd/cps291/syncomat/htm_sld/jscr tsld018.htm
98.03.12 23:02 B D:\syncomat\htm_sld\jscr\tsld019.htm --> cps.msu.edu /user/cd/cps291/syncomat/htm_sld/jscr tsld019.htm
98.03.12 23:02 B D:\syncomat\htm_sld\jscr\tsld020.htm --> cps.msu.edu /user/cd/cps291/syncomat/htm_sld/jscr tsld020.htm
98.03.12 23:02 B D:\syncomat\htm_sld\jscr\tsld021.htm --> cps.msu.edu /user/cd/cps291/syncomat/htm_sld/jscr tsld021.htm
98.03.12 23:02 B D:\syncomat\htm_sld\jscr\tsld022.htm --> cps.msu.edu /user/cd/cps291/syncomat/htm_sld/jscr tsld022.htm
98.03.12 23:02 B D:\syncomat\htm_sld\jscr\tsld023.htm --> cps.msu.edu /user/cd/cps291/syncomat/htm_sld/jscr tsld023.htm
98.03.12 23:02 B D:\syncomat\htm_sld\jscr\tsld024.htm --> cps.msu.edu /user/cd/cps291/syncomat/htm_sld/jscr tsld024.htm
98.03.12 23:02 B D:\syncomat\htm_sld\jscr\tsld025.htm --> cps.msu.edu /user/cd/cps291/syncomat/htm_sld/jscr tsld025.htm
98.03.12 23:02 B D:\syncomat\htm_sld\jscr\tsld026.htm --> cps.msu.edu /user/cd/cps291/syncomat/htm_sld/jscr tsld026.htm
98.03.12 23:02 B D:\syncomat\htm_sld\jscr\tsld027.htm --> cps.msu.edu /user/cd/cps291/syncomat/htm_sld/jscr tsld027.htm
98.03.12 23:02 B D:\syncomat\htm_sld\jscr\tsld028.htm --> cps.msu.edu /user/cd/cps291/syncomat/htm_sld/jscr tsld028.htm
98.03.12 23:02 B D:\syncomat\htm_sld\jscr\tsld029.htm --> cps.msu.edu /user/cd/cps291/syncomat/htm_sld/jscr tsld029.htm
98.03.12 23:02 B D:\syncomat\htm_sld\jscr\tsld030.htm --> cps.msu.edu /user/cd/cps291/syncomat/htm_sld/jscr tsld030.htm
98.03.12 23:02 B D:\syncomat\htm_sld\jscr\tsld031.htm --> cps.msu.edu /user/cd/cps291/syncomat/htm_sld/jscr tsld031.htm
