98.02.01 20:36 B D:\cdrom\lectures\makeind.mnu <-- www.vu.msu.edu /afs/msu/course/vu/egr124/cdrom/lectures makeind.mnu
98.02.01 20:36 B D:\cdrom\lectures\makeind.sed <-- www.vu.msu.edu /afs/msu/course/vu/egr124/cdrom/lectures makeind.sed
98.02.01 20:47 B D:\cdrom\lectures\makeind.mnu <-- www.vu.msu.edu /afs/msu/course/vu/egr124/cdrom/lectures makeind.mnu
98.02.01 20:47 B D:\cdrom\lectures\makeind.sed <-- www.vu.msu.edu /afs/msu/course/vu/egr124/cdrom/lectures makeind.sed
98.02.01 20:47 B D:\cdrom\lectures\index.crs <-- www.vu.msu.edu /afs/msu/course/vu/egr124/cdrom/lectures index.crs
98.02.01 20:47 B D:\cdrom\lectures\index.htm <-- www.vu.msu.edu /afs/msu/course/vu/egr124/cdrom/lectures index.htm
98.02.01 20:47 B D:\cdrom\lectures\index.old <-- www.vu.msu.edu /afs/msu/course/vu/egr124/cdrom/lectures index.old
98.02.01 20:47 B D:\cdrom\lectures\index.tar <-- www.vu.msu.edu /afs/msu/course/vu/egr124/cdrom/lectures index.tar
98.02.01 20:47 B D:\cdrom\lectures\preburn <-- www.vu.msu.edu /afs/msu/course/vu/egr124/cdrom/lectures preburn
98.02.02 02:31 B D:\cdrom\lectures\index.crs --> arctic.cps.msu.edu /user/cd/cps291/lectures index.crs
98.02.02 02:31 B D:\cdrom\lectures\index.htm --> arctic.cps.msu.edu /user/cd/cps291/lectures index.htm
98.02.02 02:31 B D:\cdrom\lectures\index.old --> arctic.cps.msu.edu /user/cd/cps291/lectures index.old
98.02.02 02:31 B D:\cdrom\lectures\index.tar --> arctic.cps.msu.edu /user/cd/cps291/lectures index.tar
98.02.02 02:31 B D:\cdrom\lectures\makeind.mnu --> arctic.cps.msu.edu /user/cd/cps291/lectures makeind.mnu
98.02.02 02:31 B D:\cdrom\lectures\makeind.sed --> arctic.cps.msu.edu /user/cd/cps291/lectures makeind.sed
98.02.02 02:31 B D:\cdrom\lectures\preburn --> arctic.cps.msu.edu /user/cd/cps291/lectures preburn
98.02.02 02:31 B D:\cdrom\lectures\welc_from_preview --> arctic.cps.msu.edu /user/cd/cps291/lectures welc_from_preview
98.02.02 02:31 B D:\cdrom\lectures\WS_FTP.LOG --> arctic.cps.msu.edu /user/cd/cps291/lectures WS_FTP.LOG
98.03.13 09:36 B D:\cdrom\lectures\index.crs --> cps.msu.edu /user/cd/cps291/lectures index.crs
98.03.13 09:36 B D:\cdrom\lectures\index.htm --> cps.msu.edu /user/cd/cps291/lectures index.htm
98.03.13 09:36 B D:\cdrom\lectures\index.old --> cps.msu.edu /user/cd/cps291/lectures index.old
98.03.13 09:36 B D:\cdrom\lectures\index.tar --> cps.msu.edu /user/cd/cps291/lectures index.tar
98.03.13 09:36 B D:\cdrom\lectures\makeind.mnu --> cps.msu.edu /user/cd/cps291/lectures makeind.mnu
98.03.13 09:36 B D:\cdrom\lectures\makeind.sed --> cps.msu.edu /user/cd/cps291/lectures makeind.sed
98.03.13 09:36 B D:\cdrom\lectures\preburn --> cps.msu.edu /user/cd/cps291/lectures preburn
98.03.13 09:36 B D:\cdrom\lectures\welc_from_preview --> cps.msu.edu /user/cd/cps291/lectures welc_from_preview
98.03.13 09:36 B D:\cdrom\lectures\WS_FTP.LOG --> cps.msu.edu /user/cd/cps291/lectures WS_FTP.LOG
