97.09.30 23:01 B C:\cps291\lectures\what2\ielogo.gif --> www.vu.msu.edu /home/cps291/stage/what2 ielogo.gif
97.09.30 23:01 B C:\cps291\lectures\what2\img001.GIF --> www.vu.msu.edu /home/cps291/stage/what2 img001.GIF
97.09.30 23:01 B C:\cps291\lectures\what2\img002.GIF --> www.vu.msu.edu /home/cps291/stage/what2 img002.GIF
97.09.30 23:01 B C:\cps291\lectures\what2\img003.GIF --> www.vu.msu.edu /home/cps291/stage/what2 img003.GIF
97.09.30 23:01 B C:\cps291\lectures\what2\img004.GIF --> www.vu.msu.edu /home/cps291/stage/what2 img004.GIF
97.09.30 23:01 B C:\cps291\lectures\what2\img005.GIF --> www.vu.msu.edu /home/cps291/stage/what2 img005.GIF
97.09.30 23:01 B C:\cps291\lectures\what2\img006.GIF --> www.vu.msu.edu /home/cps291/stage/what2 img006.GIF
97.09.30 23:01 B C:\cps291\lectures\what2\img007.GIF --> www.vu.msu.edu /home/cps291/stage/what2 img007.GIF
97.09.30 23:01 B C:\cps291\lectures\what2\img008.GIF --> www.vu.msu.edu /home/cps291/stage/what2 img008.GIF
97.09.30 23:01 B C:\cps291\lectures\what2\img009.GIF --> www.vu.msu.edu /home/cps291/stage/what2 img009.GIF
97.09.30 23:01 B C:\cps291\lectures\what2\img010.GIF --> www.vu.msu.edu /home/cps291/stage/what2 img010.GIF
97.09.30 23:01 B C:\cps291\lectures\what2\img011.GIF --> www.vu.msu.edu /home/cps291/stage/what2 img011.GIF
97.09.30 23:01 B C:\cps291\lectures\what2\img012.GIF --> www.vu.msu.edu /home/cps291/stage/what2 img012.GIF
97.09.30 23:01 B C:\cps291\lectures\what2\img013.GIF --> www.vu.msu.edu /home/cps291/stage/what2 img013.GIF
97.09.30 23:01 B C:\cps291\lectures\what2\img014.GIF --> www.vu.msu.edu /home/cps291/stage/what2 img014.GIF
97.09.30 23:01 B C:\cps291\lectures\what2\img015.GIF --> www.vu.msu.edu /home/cps291/stage/what2 img015.GIF
97.09.30 23:01 B C:\cps291\lectures\what2\img016.GIF --> www.vu.msu.edu /home/cps291/stage/what2 img016.GIF
97.09.30 23:01 B C:\cps291\lectures\what2\img017.GIF --> www.vu.msu.edu /home/cps291/stage/what2 img017.GIF
97.09.30 23:01 B C:\cps291\lectures\what2\img018.GIF --> www.vu.msu.edu /home/cps291/stage/what2 img018.GIF
97.09.30 23:01 B C:\cps291\lectures\what2\img019.GIF --> www.vu.msu.edu /home/cps291/stage/what2 img019.GIF
97.09.30 23:01 B C:\cps291\lectures\what2\img020.GIF --> www.vu.msu.edu /home/cps291/stage/what2 img020.GIF
97.09.30 23:01 B C:\cps291\lectures\what2\img021.GIF --> www.vu.msu.edu /home/cps291/stage/what2 img021.GIF
97.09.30 23:01 B C:\cps291\lectures\what2\img022.GIF --> www.vu.msu.edu /home/cps291/stage/what2 img022.GIF
97.09.30 23:01 B C:\cps291\lectures\what2\img023.GIF --> www.vu.msu.edu /home/cps291/stage/what2 img023.GIF
97.09.30 23:01 B C:\cps291\lectures\what2\img024.GIF --> www.vu.msu.edu /home/cps291/stage/what2 img024.GIF
97.09.30 23:01 B C:\cps291\lectures\what2\img025.GIF --> www.vu.msu.edu /home/cps291/stage/what2 img025.GIF
97.09.30 23:01 B C:\cps291\lectures\what2\img026.GIF --> www.vu.msu.edu /home/cps291/stage/what2 img026.GIF
97.09.30 23:01 B C:\cps291\lectures\what2\img027.GIF --> www.vu.msu.edu /home/cps291/stage/what2 img027.GIF
97.09.30 23:01 B C:\cps291\lectures\what2\img028.GIF --> www.vu.msu.edu /home/cps291/stage/what2 img028.GIF
97.09.30 23:01 B C:\cps291\lectures\what2\img029.GIF --> www.vu.msu.edu /home/cps291/stage/what2 img029.GIF
97.09.30 23:01 B C:\cps291\lectures\what2\img030.GIF --> www.vu.msu.edu /home/cps291/stage/what2 img030.GIF
97.09.30 23:01 B C:\cps291\lectures\what2\img031.GIF --> www.vu.msu.edu /home/cps291/stage/what2 img031.GIF
97.09.30 23:01 B C:\cps291\lectures\what2\img032.GIF --> www.vu.msu.edu /home/cps291/stage/what2 img032.GIF
97.09.30 23:01 B C:\cps291\lectures\what2\img033.GIF --> www.vu.msu.edu /home/cps291/stage/what2 img033.GIF
97.09.30 23:01 B C:\cps291\lectures\what2\index.htm --> www.vu.msu.edu /home/cps291/stage/what2 index.htm
97.09.30 23:01 B C:\cps291\lectures\what2\pptani.gif --> www.vu.msu.edu /home/cps291/stage/what2 pptani.gif
97.09.30 23:01 B C:\cps291\lectures\what2\sld001.htm --> www.vu.msu.edu /home/cps291/stage/what2 sld001.htm
97.09.30 23:01 B C:\cps291\lectures\what2\sld002.htm --> www.vu.msu.edu /home/cps291/stage/what2 sld002.htm
97.09.30 23:01 B C:\cps291\lectures\what2\sld003.htm --> www.vu.msu.edu /home/cps291/stage/what2 sld003.htm
97.09.30 23:01 B C:\cps291\lectures\what2\sld004.htm --> www.vu.msu.edu /home/cps291/stage/what2 sld004.htm
97.09.30 23:01 B C:\cps291\lectures\what2\sld005.htm --> www.vu.msu.edu /home/cps291/stage/what2 sld005.htm
97.09.30 23:01 B C:\cps291\lectures\what2\sld006.htm --> www.vu.msu.edu /home/cps291/stage/what2 sld006.htm
97.09.30 23:01 B C:\cps291\lectures\what2\sld007.htm --> www.vu.msu.edu /home/cps291/stage/what2 sld007.htm
97.09.30 23:01 B C:\cps291\lectures\what2\sld008.htm --> www.vu.msu.edu /home/cps291/stage/what2 sld008.htm
97.09.30 23:01 B C:\cps291\lectures\what2\sld009.htm --> www.vu.msu.edu /home/cps291/stage/what2 sld009.htm
97.09.30 23:01 B C:\cps291\lectures\what2\sld010.htm --> www.vu.msu.edu /home/cps291/stage/what2 sld010.htm
97.09.30 23:01 B C:\cps291\lectures\what2\sld011.htm --> www.vu.msu.edu /home/cps291/stage/what2 sld011.htm
97.09.30 23:01 B C:\cps291\lectures\what2\sld012.htm --> www.vu.msu.edu /home/cps291/stage/what2 sld012.htm
97.09.30 23:01 B C:\cps291\lectures\what2\sld013.htm --> www.vu.msu.edu /home/cps291/stage/what2 sld013.htm
97.09.30 23:01 B C:\cps291\lectures\what2\sld014.htm --> www.vu.msu.edu /home/cps291/stage/what2 sld014.htm
97.09.30 23:01 B C:\cps291\lectures\what2\sld015.htm --> www.vu.msu.edu /home/cps291/stage/what2 sld015.htm
97.09.30 23:01 B C:\cps291\lectures\what2\sld016.htm --> www.vu.msu.edu /home/cps291/stage/what2 sld016.htm
97.09.30 23:01 B C:\cps291\lectures\what2\sld017.htm --> www.vu.msu.edu /home/cps291/stage/what2 sld017.htm
97.09.30 23:01 B C:\cps291\lectures\what2\sld018.htm --> www.vu.msu.edu /home/cps291/stage/what2 sld018.htm
97.09.30 23:01 B C:\cps291\lectures\what2\sld019.htm --> www.vu.msu.edu /home/cps291/stage/what2 sld019.htm
97.09.30 23:01 B C:\cps291\lectures\what2\sld020.htm --> www.vu.msu.edu /home/cps291/stage/what2 sld020.htm
97.09.30 23:01 B C:\cps291\lectures\what2\sld021.htm --> www.vu.msu.edu /home/cps291/stage/what2 sld021.htm
97.09.30 23:01 B C:\cps291\lectures\what2\sld022.htm --> www.vu.msu.edu /home/cps291/stage/what2 sld022.htm
97.09.30 23:01 B C:\cps291\lectures\what2\sld023.htm --> www.vu.msu.edu /home/cps291/stage/what2 sld023.htm
97.09.30 23:01 B C:\cps291\lectures\what2\sld024.htm --> www.vu.msu.edu /home/cps291/stage/what2 sld024.htm
97.09.30 23:01 B C:\cps291\lectures\what2\sld025.htm --> www.vu.msu.edu /home/cps291/stage/what2 sld025.htm
97.09.30 23:01 B C:\cps291\lectures\what2\sld026.htm --> www.vu.msu.edu /home/cps291/stage/what2 sld026.htm
97.09.30 23:01 B C:\cps291\lectures\what2\sld027.htm --> www.vu.msu.edu /home/cps291/stage/what2 sld027.htm
97.09.30 23:01 B C:\cps291\lectures\what2\sld028.htm --> www.vu.msu.edu /home/cps291/stage/what2 sld028.htm
97.09.30 23:01 B C:\cps291\lectures\what2\sld029.htm --> www.vu.msu.edu /home/cps291/stage/what2 sld029.htm
97.09.30 23:01 B C:\cps291\lectures\what2\sld030.htm --> www.vu.msu.edu /home/cps291/stage/what2 sld030.htm
97.09.30 23:01 B C:\cps291\lectures\what2\sld031.htm --> www.vu.msu.edu /home/cps291/stage/what2 sld031.htm
97.09.30 23:01 B C:\cps291\lectures\what2\sld032.htm --> www.vu.msu.edu /home/cps291/stage/what2 sld032.htm
97.09.30 23:01 B C:\cps291\lectures\what2\sld033.htm --> www.vu.msu.edu /home/cps291/stage/what2 sld033.htm
97.09.30 23:01 B C:\cps291\lectures\what2\space.gif --> www.vu.msu.edu /home/cps291/stage/what2 space.gif
97.09.30 23:01 B C:\cps291\lectures\what2\tsld001.htm --> www.vu.msu.edu /home/cps291/stage/what2 tsld001.htm
97.09.30 23:01 B C:\cps291\lectures\what2\tsld002.htm --> www.vu.msu.edu /home/cps291/stage/what2 tsld002.htm
97.09.30 23:01 B C:\cps291\lectures\what2\tsld003.htm --> www.vu.msu.edu /home/cps291/stage/what2 tsld003.htm
97.09.30 23:01 B C:\cps291\lectures\what2\tsld004.htm --> www.vu.msu.edu /home/cps291/stage/what2 tsld004.htm
97.09.30 23:01 B C:\cps291\lectures\what2\tsld005.htm --> www.vu.msu.edu /home/cps291/stage/what2 tsld005.htm
97.09.30 23:01 B C:\cps291\lectures\what2\tsld006.htm --> www.vu.msu.edu /home/cps291/stage/what2 tsld006.htm
97.09.30 23:01 B C:\cps291\lectures\what2\tsld007.htm --> www.vu.msu.edu /home/cps291/stage/what2 tsld007.htm
97.09.30 23:01 B C:\cps291\lectures\what2\tsld008.htm --> www.vu.msu.edu /home/cps291/stage/what2 tsld008.htm
97.09.30 23:01 B C:\cps291\lectures\what2\tsld009.htm --> www.vu.msu.edu /home/cps291/stage/what2 tsld009.htm
97.09.30 23:01 B C:\cps291\lectures\what2\tsld010.htm --> www.vu.msu.edu /home/cps291/stage/what2 tsld010.htm
97.09.30 23:01 B C:\cps291\lectures\what2\tsld011.htm --> www.vu.msu.edu /home/cps291/stage/what2 tsld011.htm
97.09.30 23:01 B C:\cps291\lectures\what2\tsld012.htm --> www.vu.msu.edu /home/cps291/stage/what2 tsld012.htm
97.09.30 23:02 B C:\cps291\lectures\what2\tsld013.htm --> www.vu.msu.edu /home/cps291/stage/what2 tsld013.htm
97.09.30 23:02 B C:\cps291\lectures\what2\tsld014.htm --> www.vu.msu.edu /home/cps291/stage/what2 tsld014.htm
97.09.30 23:02 B C:\cps291\lectures\what2\tsld015.htm --> www.vu.msu.edu /home/cps291/stage/what2 tsld015.htm
97.09.30 23:02 B C:\cps291\lectures\what2\tsld016.htm --> www.vu.msu.edu /home/cps291/stage/what2 tsld016.htm
97.09.30 23:02 B C:\cps291\lectures\what2\tsld017.htm --> www.vu.msu.edu /home/cps291/stage/what2 tsld017.htm
97.09.30 23:02 B C:\cps291\lectures\what2\tsld018.htm --> www.vu.msu.edu /home/cps291/stage/what2 tsld018.htm
97.09.30 23:02 B C:\cps291\lectures\what2\tsld019.htm --> www.vu.msu.edu /home/cps291/stage/what2 tsld019.htm
97.09.30 23:02 B C:\cps291\lectures\what2\tsld020.htm --> www.vu.msu.edu /home/cps291/stage/what2 tsld020.htm
97.09.30 23:02 B C:\cps291\lectures\what2\tsld021.htm --> www.vu.msu.edu /home/cps291/stage/what2 tsld021.htm
97.09.30 23:02 B C:\cps291\lectures\what2\tsld022.htm --> www.vu.msu.edu /home/cps291/stage/what2 tsld022.htm
97.09.30 23:02 B C:\cps291\lectures\what2\tsld023.htm --> www.vu.msu.edu /home/cps291/stage/what2 tsld023.htm
97.09.30 23:02 B C:\cps291\lectures\what2\tsld024.htm --> www.vu.msu.edu /home/cps291/stage/what2 tsld024.htm
97.09.30 23:02 B C:\cps291\lectures\what2\tsld025.htm --> www.vu.msu.edu /home/cps291/stage/what2 tsld025.htm
97.09.30 23:02 B C:\cps291\lectures\what2\tsld026.htm --> www.vu.msu.edu /home/cps291/stage/what2 tsld026.htm
97.09.30 23:02 B C:\cps291\lectures\what2\tsld027.htm --> www.vu.msu.edu /home/cps291/stage/what2 tsld027.htm
97.09.30 23:02 B C:\cps291\lectures\what2\tsld028.htm --> www.vu.msu.edu /home/cps291/stage/what2 tsld028.htm
97.09.30 23:02 B C:\cps291\lectures\what2\tsld029.htm --> www.vu.msu.edu /home/cps291/stage/what2 tsld029.htm
97.09.30 23:02 B C:\cps291\lectures\what2\tsld030.htm --> www.vu.msu.edu /home/cps291/stage/what2 tsld030.htm
97.09.30 23:02 B C:\cps291\lectures\what2\tsld031.htm --> www.vu.msu.edu /home/cps291/stage/what2 tsld031.htm
97.09.30 23:02 B C:\cps291\lectures\what2\tsld032.htm --> www.vu.msu.edu /home/cps291/stage/what2 tsld032.htm
97.09.30 23:02 B C:\cps291\lectures\what2\tsld033.htm --> www.vu.msu.edu /home/cps291/stage/what2 tsld033.htm
97.10.06 22:53 B C:\cps291\orig\what\ielogo.gif --> www.vu.msu.edu /home/cps291/stage/cps291/orig/what ielogo.gif
97.10.06 22:53 B C:\cps291\orig\what\img001.GIF --> www.vu.msu.edu /home/cps291/stage/cps291/orig/what img001.GIF
97.10.06 22:53 B C:\cps291\orig\what\img002.GIF --> www.vu.msu.edu /home/cps291/stage/cps291/orig/what img002.GIF
97.10.06 22:53 B C:\cps291\orig\what\img003.GIF --> www.vu.msu.edu /home/cps291/stage/cps291/orig/what img003.GIF
97.10.06 22:53 B C:\cps291\orig\what\img004.GIF --> www.vu.msu.edu /home/cps291/stage/cps291/orig/what img004.GIF
97.10.06 22:53 B C:\cps291\orig\what\img005.GIF --> www.vu.msu.edu /home/cps291/stage/cps291/orig/what img005.GIF
97.10.06 22:53 B C:\cps291\orig\what\img006.GIF --> www.vu.msu.edu /home/cps291/stage/cps291/orig/what img006.GIF
97.10.06 22:53 B C:\cps291\orig\what\img007.GIF --> www.vu.msu.edu /home/cps291/stage/cps291/orig/what img007.GIF
97.10.06 22:53 B C:\cps291\orig\what\img008.GIF --> www.vu.msu.edu /home/cps291/stage/cps291/orig/what img008.GIF
97.10.06 22:53 B C:\cps291\orig\what\img009.GIF --> www.vu.msu.edu /home/cps291/stage/cps291/orig/what img009.GIF
97.10.06 22:53 B C:\cps291\orig\what\img010.GIF --> www.vu.msu.edu /home/cps291/stage/cps291/orig/what img010.GIF
97.10.06 22:53 B C:\cps291\orig\what\img011.GIF --> www.vu.msu.edu /home/cps291/stage/cps291/orig/what img011.GIF
97.10.06 22:53 B C:\cps291\orig\what\img012.GIF --> www.vu.msu.edu /home/cps291/stage/cps291/orig/what img012.GIF
97.10.06 22:53 B C:\cps291\orig\what\img013.GIF --> www.vu.msu.edu /home/cps291/stage/cps291/orig/what img013.GIF
97.10.06 22:53 B C:\cps291\orig\what\img014.GIF --> www.vu.msu.edu /home/cps291/stage/cps291/orig/what img014.GIF
97.10.06 22:53 B C:\cps291\orig\what\img015.GIF --> www.vu.msu.edu /home/cps291/stage/cps291/orig/what img015.GIF
97.10.06 22:53 B C:\cps291\orig\what\img016.GIF --> www.vu.msu.edu /home/cps291/stage/cps291/orig/what img016.GIF
97.10.06 22:53 B C:\cps291\orig\what\img017.GIF --> www.vu.msu.edu /home/cps291/stage/cps291/orig/what img017.GIF
97.10.06 22:53 B C:\cps291\orig\what\img018.GIF --> www.vu.msu.edu /home/cps291/stage/cps291/orig/what img018.GIF
97.10.06 22:53 B C:\cps291\orig\what\img019.GIF --> www.vu.msu.edu /home/cps291/stage/cps291/orig/what img019.GIF
97.10.06 22:53 B C:\cps291\orig\what\img020.GIF --> www.vu.msu.edu /home/cps291/stage/cps291/orig/what img020.GIF
97.10.06 22:53 B C:\cps291\orig\what\img021.GIF --> www.vu.msu.edu /home/cps291/stage/cps291/orig/what img021.GIF
97.10.06 22:53 B C:\cps291\orig\what\img022.GIF --> www.vu.msu.edu /home/cps291/stage/cps291/orig/what img022.GIF
97.10.06 22:53 B C:\cps291\orig\what\img023.GIF --> www.vu.msu.edu /home/cps291/stage/cps291/orig/what img023.GIF
97.10.06 22:53 B C:\cps291\orig\what\img024.GIF --> www.vu.msu.edu /home/cps291/stage/cps291/orig/what img024.GIF
97.10.06 22:53 B C:\cps291\orig\what\img025.GIF --> www.vu.msu.edu /home/cps291/stage/cps291/orig/what img025.GIF
97.10.06 22:53 B C:\cps291\orig\what\img026.GIF --> www.vu.msu.edu /home/cps291/stage/cps291/orig/what img026.GIF
97.10.06 22:53 B C:\cps291\orig\what\img027.GIF --> www.vu.msu.edu /home/cps291/stage/cps291/orig/what img027.GIF
97.10.06 22:53 B C:\cps291\orig\what\img028.GIF --> www.vu.msu.edu /home/cps291/stage/cps291/orig/what img028.GIF
97.10.06 22:53 B C:\cps291\orig\what\img029.GIF --> www.vu.msu.edu /home/cps291/stage/cps291/orig/what img029.GIF
97.10.06 22:53 B C:\cps291\orig\what\img030.GIF --> www.vu.msu.edu /home/cps291/stage/cps291/orig/what img030.GIF
97.10.06 22:53 B C:\cps291\orig\what\img031.GIF --> www.vu.msu.edu /home/cps291/stage/cps291/orig/what img031.GIF
97.10.06 22:53 B C:\cps291\orig\what\img032.GIF --> www.vu.msu.edu /home/cps291/stage/cps291/orig/what img032.GIF
97.10.06 22:53 B C:\cps291\orig\what\img033.GIF --> www.vu.msu.edu /home/cps291/stage/cps291/orig/what img033.GIF
97.10.06 22:53 B C:\cps291\orig\what\index.htm --> www.vu.msu.edu /home/cps291/stage/cps291/orig/what index.htm
97.10.06 22:53 B C:\cps291\orig\what\pptani.gif --> www.vu.msu.edu /home/cps291/stage/cps291/orig/what pptani.gif
97.10.06 22:53 B C:\cps291\orig\what\sld001.htm --> www.vu.msu.edu /home/cps291/stage/cps291/orig/what sld001.htm
97.10.06 22:53 B C:\cps291\orig\what\sld002.htm --> www.vu.msu.edu /home/cps291/stage/cps291/orig/what sld002.htm
97.10.06 22:53 B C:\cps291\orig\what\sld003.htm --> www.vu.msu.edu /home/cps291/stage/cps291/orig/what sld003.htm
97.10.06 22:53 B C:\cps291\orig\what\sld004.htm --> www.vu.msu.edu /home/cps291/stage/cps291/orig/what sld004.htm
97.10.06 22:53 B C:\cps291\orig\what\sld005.htm --> www.vu.msu.edu /home/cps291/stage/cps291/orig/what sld005.htm
97.10.06 22:53 B C:\cps291\orig\what\sld006.htm --> www.vu.msu.edu /home/cps291/stage/cps291/orig/what sld006.htm
97.10.06 22:53 B C:\cps291\orig\what\sld007.htm --> www.vu.msu.edu /home/cps291/stage/cps291/orig/what sld007.htm
97.10.06 22:53 B C:\cps291\orig\what\sld008.htm --> www.vu.msu.edu /home/cps291/stage/cps291/orig/what sld008.htm
97.10.06 22:53 B C:\cps291\orig\what\sld009.htm --> www.vu.msu.edu /home/cps291/stage/cps291/orig/what sld009.htm
97.10.06 22:53 B C:\cps291\orig\what\sld010.htm --> www.vu.msu.edu /home/cps291/stage/cps291/orig/what sld010.htm
97.10.06 22:53 B C:\cps291\orig\what\sld011.htm --> www.vu.msu.edu /home/cps291/stage/cps291/orig/what sld011.htm
97.10.06 22:53 B C:\cps291\orig\what\sld012.htm --> www.vu.msu.edu /home/cps291/stage/cps291/orig/what sld012.htm
97.10.06 22:53 B C:\cps291\orig\what\sld013.htm --> www.vu.msu.edu /home/cps291/stage/cps291/orig/what sld013.htm
97.10.06 22:53 B C:\cps291\orig\what\sld014.htm --> www.vu.msu.edu /home/cps291/stage/cps291/orig/what sld014.htm
97.10.06 22:53 B C:\cps291\orig\what\sld015.htm --> www.vu.msu.edu /home/cps291/stage/cps291/orig/what sld015.htm
97.10.06 22:53 B C:\cps291\orig\what\sld016.htm --> www.vu.msu.edu /home/cps291/stage/cps291/orig/what sld016.htm
97.10.06 22:53 B C:\cps291\orig\what\sld017.htm --> www.vu.msu.edu /home/cps291/stage/cps291/orig/what sld017.htm
97.10.06 22:53 B C:\cps291\orig\what\sld018.htm --> www.vu.msu.edu /home/cps291/stage/cps291/orig/what sld018.htm
97.10.06 22:53 B C:\cps291\orig\what\sld019.htm --> www.vu.msu.edu /home/cps291/stage/cps291/orig/what sld019.htm
97.10.06 22:53 B C:\cps291\orig\what\sld020.htm --> www.vu.msu.edu /home/cps291/stage/cps291/orig/what sld020.htm
97.10.06 22:53 B C:\cps291\orig\what\sld021.htm --> www.vu.msu.edu /home/cps291/stage/cps291/orig/what sld021.htm
97.10.06 22:53 B C:\cps291\orig\what\sld022.htm --> www.vu.msu.edu /home/cps291/stage/cps291/orig/what sld022.htm
97.10.06 22:53 B C:\cps291\orig\what\sld023.htm --> www.vu.msu.edu /home/cps291/stage/cps291/orig/what sld023.htm
97.10.06 22:53 B C:\cps291\orig\what\sld024.htm --> www.vu.msu.edu /home/cps291/stage/cps291/orig/what sld024.htm
97.10.06 22:53 B C:\cps291\orig\what\sld025.htm --> www.vu.msu.edu /home/cps291/stage/cps291/orig/what sld025.htm
97.10.06 22:53 B C:\cps291\orig\what\sld026.htm --> www.vu.msu.edu /home/cps291/stage/cps291/orig/what sld026.htm
97.10.06 22:53 B C:\cps291\orig\what\sld027.htm --> www.vu.msu.edu /home/cps291/stage/cps291/orig/what sld027.htm
97.10.06 22:53 B C:\cps291\orig\what\sld028.htm --> www.vu.msu.edu /home/cps291/stage/cps291/orig/what sld028.htm
97.10.06 22:53 B C:\cps291\orig\what\sld029.htm --> www.vu.msu.edu /home/cps291/stage/cps291/orig/what sld029.htm
97.10.06 22:53 B C:\cps291\orig\what\sld030.htm --> www.vu.msu.edu /home/cps291/stage/cps291/orig/what sld030.htm
97.10.06 22:53 B C:\cps291\orig\what\sld031.htm --> www.vu.msu.edu /home/cps291/stage/cps291/orig/what sld031.htm
97.10.06 22:53 B C:\cps291\orig\what\sld032.htm --> www.vu.msu.edu /home/cps291/stage/cps291/orig/what sld032.htm
97.10.06 22:53 B C:\cps291\orig\what\sld033.htm --> www.vu.msu.edu /home/cps291/stage/cps291/orig/what sld033.htm
97.10.06 22:53 B C:\cps291\orig\what\space.gif --> www.vu.msu.edu /home/cps291/stage/cps291/orig/what space.gif
97.10.06 22:53 B C:\cps291\orig\what\tsld001.htm --> www.vu.msu.edu /home/cps291/stage/cps291/orig/what tsld001.htm
97.10.06 22:53 B C:\cps291\orig\what\tsld002.htm --> www.vu.msu.edu /home/cps291/stage/cps291/orig/what tsld002.htm
97.10.06 22:53 B C:\cps291\orig\what\tsld003.htm --> www.vu.msu.edu /home/cps291/stage/cps291/orig/what tsld003.htm
97.10.06 22:53 B C:\cps291\orig\what\tsld004.htm --> www.vu.msu.edu /home/cps291/stage/cps291/orig/what tsld004.htm
97.10.06 22:53 B C:\cps291\orig\what\tsld005.htm --> www.vu.msu.edu /home/cps291/stage/cps291/orig/what tsld005.htm
97.10.06 22:53 B C:\cps291\orig\what\tsld006.htm --> www.vu.msu.edu /home/cps291/stage/cps291/orig/what tsld006.htm
97.10.06 22:53 B C:\cps291\orig\what\tsld007.htm --> www.vu.msu.edu /home/cps291/stage/cps291/orig/what tsld007.htm
97.10.06 22:53 B C:\cps291\orig\what\tsld008.htm --> www.vu.msu.edu /home/cps291/stage/cps291/orig/what tsld008.htm
97.10.06 22:53 B C:\cps291\orig\what\tsld009.htm --> www.vu.msu.edu /home/cps291/stage/cps291/orig/what tsld009.htm
97.10.06 22:53 B C:\cps291\orig\what\tsld010.htm --> www.vu.msu.edu /home/cps291/stage/cps291/orig/what tsld010.htm
97.10.06 22:53 B C:\cps291\orig\what\tsld011.htm --> www.vu.msu.edu /home/cps291/stage/cps291/orig/what tsld011.htm
97.10.06 22:53 B C:\cps291\orig\what\tsld012.htm --> www.vu.msu.edu /home/cps291/stage/cps291/orig/what tsld012.htm
97.10.06 22:53 B C:\cps291\orig\what\tsld013.htm --> www.vu.msu.edu /home/cps291/stage/cps291/orig/what tsld013.htm
97.10.06 22:53 B C:\cps291\orig\what\tsld014.htm --> www.vu.msu.edu /home/cps291/stage/cps291/orig/what tsld014.htm
97.10.06 22:53 B C:\cps291\orig\what\tsld015.htm --> www.vu.msu.edu /home/cps291/stage/cps291/orig/what tsld015.htm
97.10.06 22:53 B C:\cps291\orig\what\tsld016.htm --> www.vu.msu.edu /home/cps291/stage/cps291/orig/what tsld016.htm
97.10.06 22:53 B C:\cps291\orig\what\tsld017.htm --> www.vu.msu.edu /home/cps291/stage/cps291/orig/what tsld017.htm
97.10.06 22:53 B C:\cps291\orig\what\tsld018.htm --> www.vu.msu.edu /home/cps291/stage/cps291/orig/what tsld018.htm
97.10.06 22:54 B C:\cps291\orig\what\tsld019.htm --> www.vu.msu.edu /home/cps291/stage/cps291/orig/what tsld019.htm
97.10.06 22:54 B C:\cps291\orig\what\tsld020.htm --> www.vu.msu.edu /home/cps291/stage/cps291/orig/what tsld020.htm
97.10.06 22:54 B C:\cps291\orig\what\tsld021.htm --> www.vu.msu.edu /home/cps291/stage/cps291/orig/what tsld021.htm
97.10.06 22:54 B C:\cps291\orig\what\tsld022.htm --> www.vu.msu.edu /home/cps291/stage/cps291/orig/what tsld022.htm
97.10.06 22:54 B C:\cps291\orig\what\tsld023.htm --> www.vu.msu.edu /home/cps291/stage/cps291/orig/what tsld023.htm
97.10.06 22:54 B C:\cps291\orig\what\tsld024.htm --> www.vu.msu.edu /home/cps291/stage/cps291/orig/what tsld024.htm
97.10.06 22:54 B C:\cps291\orig\what\tsld025.htm --> www.vu.msu.edu /home/cps291/stage/cps291/orig/what tsld025.htm
97.10.06 22:54 B C:\cps291\orig\what\tsld026.htm --> www.vu.msu.edu /home/cps291/stage/cps291/orig/what tsld026.htm
97.10.06 22:54 B C:\cps291\orig\what\tsld027.htm --> www.vu.msu.edu /home/cps291/stage/cps291/orig/what tsld027.htm
97.10.06 22:54 B C:\cps291\orig\what\tsld028.htm --> www.vu.msu.edu /home/cps291/stage/cps291/orig/what tsld028.htm
97.10.06 22:54 B C:\cps291\orig\what\tsld029.htm --> www.vu.msu.edu /home/cps291/stage/cps291/orig/what tsld029.htm
97.10.06 22:54 B C:\cps291\orig\what\tsld030.htm --> www.vu.msu.edu /home/cps291/stage/cps291/orig/what tsld030.htm
97.10.06 22:54 B C:\cps291\orig\what\tsld031.htm --> www.vu.msu.edu /home/cps291/stage/cps291/orig/what tsld031.htm
97.10.06 22:54 B C:\cps291\orig\what\tsld032.htm --> www.vu.msu.edu /home/cps291/stage/cps291/orig/what tsld032.htm
97.10.06 22:54 B C:\cps291\orig\what\tsld033.htm --> www.vu.msu.edu /home/cps291/stage/cps291/orig/what tsld033.htm
97.10.06 22:54 B C:\cps291\orig\what\what1.ra --> www.vu.msu.edu /home/cps291/stage/cps291/orig/what what1.ra
97.10.06 22:54 B C:\cps291\orig\what\what1.rm --> www.vu.msu.edu /home/cps291/stage/cps291/orig/what what1.rm
97.10.06 22:54 B C:\cps291\orig\what\what1.txt --> www.vu.msu.edu /home/cps291/stage/cps291/orig/what what1.txt
97.10.06 22:54 B C:\cps291\orig\what\what2.ra --> www.vu.msu.edu /home/cps291/stage/cps291/orig/what what2.ra
97.10.06 22:54 B C:\cps291\orig\what\what2.rm --> www.vu.msu.edu /home/cps291/stage/cps291/orig/what what2.rm
97.10.06 22:54 B C:\cps291\orig\what\what2.txt --> www.vu.msu.edu /home/cps291/stage/cps291/orig/what what2.txt
97.10.06 22:55 B C:\cps291\orig\what\what3.ra --> www.vu.msu.edu /home/cps291/stage/cps291/orig/what what3.ra
97.10.06 22:55 B C:\cps291\orig\what\what3.rm --> www.vu.msu.edu /home/cps291/stage/cps291/orig/what what3.rm
97.10.06 22:55 B C:\cps291\orig\what\what3.txt --> www.vu.msu.edu /home/cps291/stage/cps291/orig/what what3.txt
97.10.06 22:55 B C:\cps291\orig\what\WS_FTP.LOG --> www.vu.msu.edu /home/cps291/stage/cps291/orig/what WS_FTP.LOG
97.11.13 17:50 B C:\doit\slides\what\ielogo.gif --> www.vu.msu.edu /home/cps291/stage/doit/slides/what ielogo.gif
97.11.13 17:50 B C:\doit\slides\what\img001.GIF --> www.vu.msu.edu /home/cps291/stage/doit/slides/what img001.GIF
97.11.13 17:50 B C:\doit\slides\what\img002.GIF --> www.vu.msu.edu /home/cps291/stage/doit/slides/what img002.GIF
97.11.13 17:50 B C:\doit\slides\what\img003.GIF --> www.vu.msu.edu /home/cps291/stage/doit/slides/what img003.GIF
97.11.13 17:50 B C:\doit\slides\what\img004.GIF --> www.vu.msu.edu /home/cps291/stage/doit/slides/what img004.GIF
97.11.13 17:50 B C:\doit\slides\what\img005.GIF --> www.vu.msu.edu /home/cps291/stage/doit/slides/what img005.GIF
97.11.13 17:50 B C:\doit\slides\what\img006.GIF --> www.vu.msu.edu /home/cps291/stage/doit/slides/what img006.GIF
97.11.13 17:50 B C:\doit\slides\what\img007.GIF --> www.vu.msu.edu /home/cps291/stage/doit/slides/what img007.GIF
97.11.13 17:50 B C:\doit\slides\what\img008.GIF --> www.vu.msu.edu /home/cps291/stage/doit/slides/what img008.GIF
97.11.13 17:50 B C:\doit\slides\what\img009.GIF --> www.vu.msu.edu /home/cps291/stage/doit/slides/what img009.GIF
97.11.13 17:50 B C:\doit\slides\what\img010.GIF --> www.vu.msu.edu /home/cps291/stage/doit/slides/what img010.GIF
97.11.13 17:50 B C:\doit\slides\what\img011.GIF --> www.vu.msu.edu /home/cps291/stage/doit/slides/what img011.GIF
97.11.13 17:50 B C:\doit\slides\what\img012.GIF --> www.vu.msu.edu /home/cps291/stage/doit/slides/what img012.GIF
97.11.13 17:50 B C:\doit\slides\what\img013.GIF --> www.vu.msu.edu /home/cps291/stage/doit/slides/what img013.GIF
97.11.13 17:50 B C:\doit\slides\what\img014.GIF --> www.vu.msu.edu /home/cps291/stage/doit/slides/what img014.GIF
97.11.13 17:50 B C:\doit\slides\what\img015.GIF --> www.vu.msu.edu /home/cps291/stage/doit/slides/what img015.GIF
97.11.13 17:50 B C:\doit\slides\what\img016.GIF --> www.vu.msu.edu /home/cps291/stage/doit/slides/what img016.GIF
97.11.13 17:50 B C:\doit\slides\what\img017.GIF --> www.vu.msu.edu /home/cps291/stage/doit/slides/what img017.GIF
97.11.13 17:50 B C:\doit\slides\what\img018.GIF --> www.vu.msu.edu /home/cps291/stage/doit/slides/what img018.GIF
97.11.13 17:50 B C:\doit\slides\what\img019.GIF --> www.vu.msu.edu /home/cps291/stage/doit/slides/what img019.GIF
97.11.13 17:50 B C:\doit\slides\what\img020.GIF --> www.vu.msu.edu /home/cps291/stage/doit/slides/what img020.GIF
97.11.13 17:50 B C:\doit\slides\what\img021.GIF --> www.vu.msu.edu /home/cps291/stage/doit/slides/what img021.GIF
97.11.13 17:50 B C:\doit\slides\what\img022.GIF --> www.vu.msu.edu /home/cps291/stage/doit/slides/what img022.GIF
97.11.13 17:50 B C:\doit\slides\what\img023.GIF --> www.vu.msu.edu /home/cps291/stage/doit/slides/what img023.GIF
97.11.13 17:50 B C:\doit\slides\what\img024.GIF --> www.vu.msu.edu /home/cps291/stage/doit/slides/what img024.GIF
97.11.13 17:50 B C:\doit\slides\what\img025.GIF --> www.vu.msu.edu /home/cps291/stage/doit/slides/what img025.GIF
97.11.13 17:50 B C:\doit\slides\what\img026.GIF --> www.vu.msu.edu /home/cps291/stage/doit/slides/what img026.GIF
97.11.13 17:50 B C:\doit\slides\what\img027.GIF --> www.vu.msu.edu /home/cps291/stage/doit/slides/what img027.GIF
97.11.13 17:50 B C:\doit\slides\what\img028.GIF --> www.vu.msu.edu /home/cps291/stage/doit/slides/what img028.GIF
97.11.13 17:50 B C:\doit\slides\what\img029.GIF --> www.vu.msu.edu /home/cps291/stage/doit/slides/what img029.GIF
97.11.13 17:50 B C:\doit\slides\what\img030.GIF --> www.vu.msu.edu /home/cps291/stage/doit/slides/what img030.GIF
97.11.13 17:50 B C:\doit\slides\what\img031.GIF --> www.vu.msu.edu /home/cps291/stage/doit/slides/what img031.GIF
97.11.13 17:50 B C:\doit\slides\what\img032.GIF --> www.vu.msu.edu /home/cps291/stage/doit/slides/what img032.GIF
97.11.13 17:50 B C:\doit\slides\what\img033.GIF --> www.vu.msu.edu /home/cps291/stage/doit/slides/what img033.GIF
97.11.13 17:50 B C:\doit\slides\what\index.htm --> www.vu.msu.edu /home/cps291/stage/doit/slides/what index.htm
97.11.13 17:50 B C:\doit\slides\what\pptani.gif --> www.vu.msu.edu /home/cps291/stage/doit/slides/what pptani.gif
97.11.13 17:50 B C:\doit\slides\what\sld001.htm --> www.vu.msu.edu /home/cps291/stage/doit/slides/what sld001.htm
97.11.13 17:50 B C:\doit\slides\what\sld002.htm --> www.vu.msu.edu /home/cps291/stage/doit/slides/what sld002.htm
97.11.13 17:50 B C:\doit\slides\what\sld003.htm --> www.vu.msu.edu /home/cps291/stage/doit/slides/what sld003.htm
97.11.13 17:50 B C:\doit\slides\what\sld004.htm --> www.vu.msu.edu /home/cps291/stage/doit/slides/what sld004.htm
97.11.13 17:50 B C:\doit\slides\what\sld005.htm --> www.vu.msu.edu /home/cps291/stage/doit/slides/what sld005.htm
97.11.13 17:50 B C:\doit\slides\what\sld006.htm --> www.vu.msu.edu /home/cps291/stage/doit/slides/what sld006.htm
97.11.13 17:50 B C:\doit\slides\what\sld007.htm --> www.vu.msu.edu /home/cps291/stage/doit/slides/what sld007.htm
97.11.13 17:50 B C:\doit\slides\what\sld008.htm --> www.vu.msu.edu /home/cps291/stage/doit/slides/what sld008.htm
97.11.13 17:50 B C:\doit\slides\what\sld009.htm --> www.vu.msu.edu /home/cps291/stage/doit/slides/what sld009.htm
97.11.13 17:50 B C:\doit\slides\what\sld010.htm --> www.vu.msu.edu /home/cps291/stage/doit/slides/what sld010.htm
97.11.13 17:50 B C:\doit\slides\what\sld011.htm --> www.vu.msu.edu /home/cps291/stage/doit/slides/what sld011.htm
97.11.13 17:50 B C:\doit\slides\what\sld012.htm --> www.vu.msu.edu /home/cps291/stage/doit/slides/what sld012.htm
97.11.13 17:50 B C:\doit\slides\what\sld013.htm --> www.vu.msu.edu /home/cps291/stage/doit/slides/what sld013.htm
97.11.13 17:50 B C:\doit\slides\what\sld014.htm --> www.vu.msu.edu /home/cps291/stage/doit/slides/what sld014.htm
97.11.13 17:50 B C:\doit\slides\what\sld015.htm --> www.vu.msu.edu /home/cps291/stage/doit/slides/what sld015.htm
97.11.13 17:50 B C:\doit\slides\what\sld016.htm --> www.vu.msu.edu /home/cps291/stage/doit/slides/what sld016.htm
97.11.13 17:50 B C:\doit\slides\what\sld017.htm --> www.vu.msu.edu /home/cps291/stage/doit/slides/what sld017.htm
97.11.13 17:50 B C:\doit\slides\what\sld018.htm --> www.vu.msu.edu /home/cps291/stage/doit/slides/what sld018.htm
97.11.13 17:50 B C:\doit\slides\what\sld019.htm --> www.vu.msu.edu /home/cps291/stage/doit/slides/what sld019.htm
97.11.13 17:50 B C:\doit\slides\what\sld020.htm --> www.vu.msu.edu /home/cps291/stage/doit/slides/what sld020.htm
97.11.13 17:50 B C:\doit\slides\what\sld021.htm --> www.vu.msu.edu /home/cps291/stage/doit/slides/what sld021.htm
97.11.13 17:50 B C:\doit\slides\what\sld022.htm --> www.vu.msu.edu /home/cps291/stage/doit/slides/what sld022.htm
97.11.13 17:50 B C:\doit\slides\what\sld023.htm --> www.vu.msu.edu /home/cps291/stage/doit/slides/what sld023.htm
97.11.13 17:50 B C:\doit\slides\what\sld024.htm --> www.vu.msu.edu /home/cps291/stage/doit/slides/what sld024.htm
97.11.13 17:50 B C:\doit\slides\what\sld025.htm --> www.vu.msu.edu /home/cps291/stage/doit/slides/what sld025.htm
97.11.13 17:50 B C:\doit\slides\what\sld026.htm --> www.vu.msu.edu /home/cps291/stage/doit/slides/what sld026.htm
97.11.13 17:50 B C:\doit\slides\what\sld027.htm --> www.vu.msu.edu /home/cps291/stage/doit/slides/what sld027.htm
97.11.13 17:50 B C:\doit\slides\what\sld028.htm --> www.vu.msu.edu /home/cps291/stage/doit/slides/what sld028.htm
97.11.13 17:50 B C:\doit\slides\what\sld029.htm --> www.vu.msu.edu /home/cps291/stage/doit/slides/what sld029.htm
97.11.13 17:50 B C:\doit\slides\what\sld030.htm --> www.vu.msu.edu /home/cps291/stage/doit/slides/what sld030.htm
97.11.13 17:50 B C:\doit\slides\what\sld031.htm --> www.vu.msu.edu /home/cps291/stage/doit/slides/what sld031.htm
97.11.13 17:50 B C:\doit\slides\what\sld032.htm --> www.vu.msu.edu /home/cps291/stage/doit/slides/what sld032.htm
97.11.13 17:50 B C:\doit\slides\what\sld033.htm --> www.vu.msu.edu /home/cps291/stage/doit/slides/what sld033.htm
97.11.13 17:50 B C:\doit\slides\what\space.gif --> www.vu.msu.edu /home/cps291/stage/doit/slides/what space.gif
97.11.13 17:50 B C:\doit\slides\what\tsld001.htm --> www.vu.msu.edu /home/cps291/stage/doit/slides/what tsld001.htm
97.11.13 17:50 B C:\doit\slides\what\tsld002.htm --> www.vu.msu.edu /home/cps291/stage/doit/slides/what tsld002.htm
97.11.13 17:50 B C:\doit\slides\what\tsld003.htm --> www.vu.msu.edu /home/cps291/stage/doit/slides/what tsld003.htm
97.11.13 17:50 B C:\doit\slides\what\tsld004.htm --> www.vu.msu.edu /home/cps291/stage/doit/slides/what tsld004.htm
97.11.13 17:50 B C:\doit\slides\what\tsld005.htm --> www.vu.msu.edu /home/cps291/stage/doit/slides/what tsld005.htm
97.11.13 17:50 B C:\doit\slides\what\tsld006.htm --> www.vu.msu.edu /home/cps291/stage/doit/slides/what tsld006.htm
97.11.13 17:50 B C:\doit\slides\what\tsld007.htm --> www.vu.msu.edu /home/cps291/stage/doit/slides/what tsld007.htm
97.11.13 17:50 B C:\doit\slides\what\tsld008.htm --> www.vu.msu.edu /home/cps291/stage/doit/slides/what tsld008.htm
97.11.13 17:50 B C:\doit\slides\what\tsld009.htm --> www.vu.msu.edu /home/cps291/stage/doit/slides/what tsld009.htm
97.11.13 17:50 B C:\doit\slides\what\tsld010.htm --> www.vu.msu.edu /home/cps291/stage/doit/slides/what tsld010.htm
97.11.13 17:50 B C:\doit\slides\what\tsld011.htm --> www.vu.msu.edu /home/cps291/stage/doit/slides/what tsld011.htm
97.11.13 17:50 B C:\doit\slides\what\tsld012.htm --> www.vu.msu.edu /home/cps291/stage/doit/slides/what tsld012.htm
97.11.13 17:50 B C:\doit\slides\what\tsld013.htm --> www.vu.msu.edu /home/cps291/stage/doit/slides/what tsld013.htm
97.11.13 17:50 B C:\doit\slides\what\tsld014.htm --> www.vu.msu.edu /home/cps291/stage/doit/slides/what tsld014.htm
97.11.13 17:50 B C:\doit\slides\what\tsld015.htm --> www.vu.msu.edu /home/cps291/stage/doit/slides/what tsld015.htm
97.11.13 17:50 B C:\doit\slides\what\tsld016.htm --> www.vu.msu.edu /home/cps291/stage/doit/slides/what tsld016.htm
97.11.13 17:50 B C:\doit\slides\what\tsld017.htm --> www.vu.msu.edu /home/cps291/stage/doit/slides/what tsld017.htm
97.11.13 17:50 B C:\doit\slides\what\tsld018.htm --> www.vu.msu.edu /home/cps291/stage/doit/slides/what tsld018.htm
97.11.13 17:50 B C:\doit\slides\what\tsld019.htm --> www.vu.msu.edu /home/cps291/stage/doit/slides/what tsld019.htm
97.11.13 17:50 B C:\doit\slides\what\tsld020.htm --> www.vu.msu.edu /home/cps291/stage/doit/slides/what tsld020.htm
97.11.13 17:50 B C:\doit\slides\what\tsld021.htm --> www.vu.msu.edu /home/cps291/stage/doit/slides/what tsld021.htm
97.11.13 17:50 B C:\doit\slides\what\tsld022.htm --> www.vu.msu.edu /home/cps291/stage/doit/slides/what tsld022.htm
97.11.13 17:50 B C:\doit\slides\what\tsld023.htm --> www.vu.msu.edu /home/cps291/stage/doit/slides/what tsld023.htm
97.11.13 17:50 B C:\doit\slides\what\tsld024.htm --> www.vu.msu.edu /home/cps291/stage/doit/slides/what tsld024.htm
97.11.13 17:50 B C:\doit\slides\what\tsld025.htm --> www.vu.msu.edu /home/cps291/stage/doit/slides/what tsld025.htm
97.11.13 17:50 B C:\doit\slides\what\tsld026.htm --> www.vu.msu.edu /home/cps291/stage/doit/slides/what tsld026.htm
97.11.13 17:50 B C:\doit\slides\what\tsld027.htm --> www.vu.msu.edu /home/cps291/stage/doit/slides/what tsld027.htm
97.11.13 17:50 B C:\doit\slides\what\tsld028.htm --> www.vu.msu.edu /home/cps291/stage/doit/slides/what tsld028.htm
97.11.13 17:50 B C:\doit\slides\what\tsld029.htm --> www.vu.msu.edu /home/cps291/stage/doit/slides/what tsld029.htm
97.11.13 17:50 B C:\doit\slides\what\tsld030.htm --> www.vu.msu.edu /home/cps291/stage/doit/slides/what tsld030.htm
97.11.13 17:50 B C:\doit\slides\what\tsld031.htm --> www.vu.msu.edu /home/cps291/stage/doit/slides/what tsld031.htm
97.11.13 17:50 B C:\doit\slides\what\tsld032.htm --> www.vu.msu.edu /home/cps291/stage/doit/slides/what tsld032.htm
97.11.13 17:50 B C:\doit\slides\what\tsld033.htm --> www.vu.msu.edu /home/cps291/stage/doit/slides/what tsld033.htm
97.11.13 17:50 B C:\doit\slides\what\what1.ra --> www.vu.msu.edu /home/cps291/stage/doit/slides/what what1.ra
97.11.13 17:50 B C:\doit\slides\what\what1.rm --> www.vu.msu.edu /home/cps291/stage/doit/slides/what what1.rm
97.11.13 17:50 B C:\doit\slides\what\what1.txt --> www.vu.msu.edu /home/cps291/stage/doit/slides/what what1.txt
97.11.13 17:50 B C:\doit\slides\what\what2.ra --> www.vu.msu.edu /home/cps291/stage/doit/slides/what what2.ra
97.11.13 17:51 B C:\doit\slides\what\what2.rm --> www.vu.msu.edu /home/cps291/stage/doit/slides/what what2.rm
97.11.13 17:51 B C:\doit\slides\what\what2.txt --> www.vu.msu.edu /home/cps291/stage/doit/slides/what what2.txt
97.11.13 17:51 B C:\doit\slides\what\what3.ra --> www.vu.msu.edu /home/cps291/stage/doit/slides/what what3.ra
97.11.13 17:51 B C:\doit\slides\what\what3.rm --> www.vu.msu.edu /home/cps291/stage/doit/slides/what what3.rm
97.11.13 17:51 B C:\doit\slides\what\what3.txt --> www.vu.msu.edu /home/cps291/stage/doit/slides/what what3.txt
97.11.13 17:51 B C:\doit\slides\what\WS_FTP.LOG --> www.vu.msu.edu /home/cps291/stage/doit/slides/what WS_FTP.LOG
97.11.27 02:57 B C:\doit\slides\what\ielogo.gif --> www.vu.msu.edu /home/cps291/stage/doit/slides/what ielogo.gif
97.11.27 02:57 B C:\doit\slides\what\img001.GIF --> www.vu.msu.edu /home/cps291/stage/doit/slides/what img001.GIF
97.11.27 02:57 B C:\doit\slides\what\img002.GIF --> www.vu.msu.edu /home/cps291/stage/doit/slides/what img002.GIF
97.11.27 02:57 B C:\doit\slides\what\img003.GIF --> www.vu.msu.edu /home/cps291/stage/doit/slides/what img003.GIF
97.11.27 02:57 B C:\doit\slides\what\img004.GIF --> www.vu.msu.edu /home/cps291/stage/doit/slides/what img004.GIF
97.11.27 02:57 B C:\doit\slides\what\img005.GIF --> www.vu.msu.edu /home/cps291/stage/doit/slides/what img005.GIF
97.11.27 02:57 B C:\doit\slides\what\img006.GIF --> www.vu.msu.edu /home/cps291/stage/doit/slides/what img006.GIF
97.11.27 02:57 B C:\doit\slides\what\img007.GIF --> www.vu.msu.edu /home/cps291/stage/doit/slides/what img007.GIF
97.11.27 02:57 B C:\doit\slides\what\img008.GIF --> www.vu.msu.edu /home/cps291/stage/doit/slides/what img008.GIF
97.11.27 02:57 B C:\doit\slides\what\img009.GIF --> www.vu.msu.edu /home/cps291/stage/doit/slides/what img009.GIF
97.11.27 02:57 B C:\doit\slides\what\img010.GIF --> www.vu.msu.edu /home/cps291/stage/doit/slides/what img010.GIF
97.11.27 02:57 B C:\doit\slides\what\img011.GIF --> www.vu.msu.edu /home/cps291/stage/doit/slides/what img011.GIF
97.11.27 02:57 B C:\doit\slides\what\img012.GIF --> www.vu.msu.edu /home/cps291/stage/doit/slides/what img012.GIF
97.11.27 02:57 B C:\doit\slides\what\img013.GIF --> www.vu.msu.edu /home/cps291/stage/doit/slides/what img013.GIF
97.11.27 02:57 B C:\doit\slides\what\img014.GIF --> www.vu.msu.edu /home/cps291/stage/doit/slides/what img014.GIF
97.11.27 02:57 B C:\doit\slides\what\img015.GIF --> www.vu.msu.edu /home/cps291/stage/doit/slides/what img015.GIF
97.11.27 02:57 B C:\doit\slides\what\img016.GIF --> www.vu.msu.edu /home/cps291/stage/doit/slides/what img016.GIF
97.11.27 02:57 B C:\doit\slides\what\img017.GIF --> www.vu.msu.edu /home/cps291/stage/doit/slides/what img017.GIF
97.11.27 02:57 B C:\doit\slides\what\img018.GIF --> www.vu.msu.edu /home/cps291/stage/doit/slides/what img018.GIF
97.11.27 02:57 B C:\doit\slides\what\img019.GIF --> www.vu.msu.edu /home/cps291/stage/doit/slides/what img019.GIF
97.11.27 02:57 B C:\doit\slides\what\img020.GIF --> www.vu.msu.edu /home/cps291/stage/doit/slides/what img020.GIF
97.11.27 02:57 B C:\doit\slides\what\img021.GIF --> www.vu.msu.edu /home/cps291/stage/doit/slides/what img021.GIF
97.11.27 02:57 B C:\doit\slides\what\img022.GIF --> www.vu.msu.edu /home/cps291/stage/doit/slides/what img022.GIF
97.11.27 02:57 B C:\doit\slides\what\img023.GIF --> www.vu.msu.edu /home/cps291/stage/doit/slides/what img023.GIF
97.11.27 02:57 B C:\doit\slides\what\img024.GIF --> www.vu.msu.edu /home/cps291/stage/doit/slides/what img024.GIF
97.11.27 02:57 B C:\doit\slides\what\img025.GIF --> www.vu.msu.edu /home/cps291/stage/doit/slides/what img025.GIF
97.11.27 02:57 B C:\doit\slides\what\img026.GIF --> www.vu.msu.edu /home/cps291/stage/doit/slides/what img026.GIF
97.11.27 02:57 B C:\doit\slides\what\img027.GIF --> www.vu.msu.edu /home/cps291/stage/doit/slides/what img027.GIF
97.11.27 02:57 B C:\doit\slides\what\img028.GIF --> www.vu.msu.edu /home/cps291/stage/doit/slides/what img028.GIF
97.11.27 02:57 B C:\doit\slides\what\img029.GIF --> www.vu.msu.edu /home/cps291/stage/doit/slides/what img029.GIF
97.11.27 02:57 B C:\doit\slides\what\img030.GIF --> www.vu.msu.edu /home/cps291/stage/doit/slides/what img030.GIF
97.11.27 02:57 B C:\doit\slides\what\img031.GIF --> www.vu.msu.edu /home/cps291/stage/doit/slides/what img031.GIF
97.11.27 02:57 B C:\doit\slides\what\img032.GIF --> www.vu.msu.edu /home/cps291/stage/doit/slides/what img032.GIF
97.11.27 02:57 B C:\doit\slides\what\img033.GIF --> www.vu.msu.edu /home/cps291/stage/doit/slides/what img033.GIF
97.11.27 02:57 B C:\doit\slides\what\img034.GIF --> www.vu.msu.edu /home/cps291/stage/doit/slides/what img034.GIF
97.11.27 02:57 B C:\doit\slides\what\img035.GIF --> www.vu.msu.edu /home/cps291/stage/doit/slides/what img035.GIF
97.11.27 02:57 B C:\doit\slides\what\index.htm --> www.vu.msu.edu /home/cps291/stage/doit/slides/what index.htm
97.11.27 02:57 B C:\doit\slides\what\pptani.gif --> www.vu.msu.edu /home/cps291/stage/doit/slides/what pptani.gif
97.11.27 02:57 B C:\doit\slides\what\sld001.htm --> www.vu.msu.edu /home/cps291/stage/doit/slides/what sld001.htm
97.11.27 02:57 B C:\doit\slides\what\sld002.htm --> www.vu.msu.edu /home/cps291/stage/doit/slides/what sld002.htm
97.11.27 02:57 B C:\doit\slides\what\sld003.htm --> www.vu.msu.edu /home/cps291/stage/doit/slides/what sld003.htm
97.11.27 02:57 B C:\doit\slides\what\sld004.htm --> www.vu.msu.edu /home/cps291/stage/doit/slides/what sld004.htm
97.11.27 02:57 B C:\doit\slides\what\sld005.htm --> www.vu.msu.edu /home/cps291/stage/doit/slides/what sld005.htm
97.11.27 02:57 B C:\doit\slides\what\sld006.htm --> www.vu.msu.edu /home/cps291/stage/doit/slides/what sld006.htm
97.11.27 02:57 B C:\doit\slides\what\sld007.htm --> www.vu.msu.edu /home/cps291/stage/doit/slides/what sld007.htm
97.11.27 02:57 B C:\doit\slides\what\sld008.htm --> www.vu.msu.edu /home/cps291/stage/doit/slides/what sld008.htm
97.11.27 02:57 B C:\doit\slides\what\sld009.htm --> www.vu.msu.edu /home/cps291/stage/doit/slides/what sld009.htm
97.11.27 02:57 B C:\doit\slides\what\sld010.htm --> www.vu.msu.edu /home/cps291/stage/doit/slides/what sld010.htm
97.11.27 02:57 B C:\doit\slides\what\sld011.htm --> www.vu.msu.edu /home/cps291/stage/doit/slides/what sld011.htm
97.11.27 02:57 B C:\doit\slides\what\sld012.htm --> www.vu.msu.edu /home/cps291/stage/doit/slides/what sld012.htm
97.11.27 02:57 B C:\doit\slides\what\sld013.htm --> www.vu.msu.edu /home/cps291/stage/doit/slides/what sld013.htm
97.11.27 02:57 B C:\doit\slides\what\sld014.htm --> www.vu.msu.edu /home/cps291/stage/doit/slides/what sld014.htm
97.11.27 02:57 B C:\doit\slides\what\sld015.htm --> www.vu.msu.edu /home/cps291/stage/doit/slides/what sld015.htm
97.11.27 02:57 B C:\doit\slides\what\sld016.htm --> www.vu.msu.edu /home/cps291/stage/doit/slides/what sld016.htm
97.11.27 02:57 B C:\doit\slides\what\sld017.htm --> www.vu.msu.edu /home/cps291/stage/doit/slides/what sld017.htm
97.11.27 02:57 B C:\doit\slides\what\sld018.htm --> www.vu.msu.edu /home/cps291/stage/doit/slides/what sld018.htm
97.11.27 02:57 B C:\doit\slides\what\sld019.htm --> www.vu.msu.edu /home/cps291/stage/doit/slides/what sld019.htm
97.11.27 02:57 B C:\doit\slides\what\sld020.htm --> www.vu.msu.edu /home/cps291/stage/doit/slides/what sld020.htm
97.11.27 02:57 B C:\doit\slides\what\sld021.htm --> www.vu.msu.edu /home/cps291/stage/doit/slides/what sld021.htm
97.11.27 02:57 B C:\doit\slides\what\sld022.htm --> www.vu.msu.edu /home/cps291/stage/doit/slides/what sld022.htm
97.11.27 02:57 B C:\doit\slides\what\sld023.htm --> www.vu.msu.edu /home/cps291/stage/doit/slides/what sld023.htm
97.11.27 02:57 B C:\doit\slides\what\sld024.htm --> www.vu.msu.edu /home/cps291/stage/doit/slides/what sld024.htm
97.11.27 02:57 B C:\doit\slides\what\sld025.htm --> www.vu.msu.edu /home/cps291/stage/doit/slides/what sld025.htm
97.11.27 02:57 B C:\doit\slides\what\sld026.htm --> www.vu.msu.edu /home/cps291/stage/doit/slides/what sld026.htm
97.11.27 02:57 B C:\doit\slides\what\sld027.htm --> www.vu.msu.edu /home/cps291/stage/doit/slides/what sld027.htm
97.11.27 02:57 B C:\doit\slides\what\sld028.htm --> www.vu.msu.edu /home/cps291/stage/doit/slides/what sld028.htm
97.11.27 02:57 B C:\doit\slides\what\sld029.htm --> www.vu.msu.edu /home/cps291/stage/doit/slides/what sld029.htm
97.11.27 02:57 B C:\doit\slides\what\sld030.htm --> www.vu.msu.edu /home/cps291/stage/doit/slides/what sld030.htm
97.11.27 02:57 B C:\doit\slides\what\sld031.htm --> www.vu.msu.edu /home/cps291/stage/doit/slides/what sld031.htm
97.11.27 02:57 B C:\doit\slides\what\sld032.htm --> www.vu.msu.edu /home/cps291/stage/doit/slides/what sld032.htm
97.11.27 02:57 B C:\doit\slides\what\sld033.htm --> www.vu.msu.edu /home/cps291/stage/doit/slides/what sld033.htm
97.11.27 02:57 B C:\doit\slides\what\sld034.htm --> www.vu.msu.edu /home/cps291/stage/doit/slides/what sld034.htm
97.11.27 02:57 B C:\doit\slides\what\sld035.htm --> www.vu.msu.edu /home/cps291/stage/doit/slides/what sld035.htm
97.11.27 02:57 B C:\doit\slides\what\space.gif --> www.vu.msu.edu /home/cps291/stage/doit/slides/what space.gif
97.11.27 02:57 B C:\doit\slides\what\tsld001.htm --> www.vu.msu.edu /home/cps291/stage/doit/slides/what tsld001.htm
97.11.27 02:57 B C:\doit\slides\what\tsld002.htm --> www.vu.msu.edu /home/cps291/stage/doit/slides/what tsld002.htm
97.11.27 02:57 B C:\doit\slides\what\tsld003.htm --> www.vu.msu.edu /home/cps291/stage/doit/slides/what tsld003.htm
97.11.27 02:57 B C:\doit\slides\what\tsld004.htm --> www.vu.msu.edu /home/cps291/stage/doit/slides/what tsld004.htm
97.11.27 02:57 B C:\doit\slides\what\tsld005.htm --> www.vu.msu.edu /home/cps291/stage/doit/slides/what tsld005.htm
97.11.27 02:57 B C:\doit\slides\what\tsld006.htm --> www.vu.msu.edu /home/cps291/stage/doit/slides/what tsld006.htm
97.11.27 02:57 B C:\doit\slides\what\tsld007.htm --> www.vu.msu.edu /home/cps291/stage/doit/slides/what tsld007.htm
97.11.27 02:57 B C:\doit\slides\what\tsld008.htm --> www.vu.msu.edu /home/cps291/stage/doit/slides/what tsld008.htm
97.11.27 02:57 B C:\doit\slides\what\tsld009.htm --> www.vu.msu.edu /home/cps291/stage/doit/slides/what tsld009.htm
97.11.27 02:57 B C:\doit\slides\what\tsld010.htm --> www.vu.msu.edu /home/cps291/stage/doit/slides/what tsld010.htm
97.11.27 02:57 B C:\doit\slides\what\tsld011.htm --> www.vu.msu.edu /home/cps291/stage/doit/slides/what tsld011.htm
97.11.27 02:57 B C:\doit\slides\what\tsld012.htm --> www.vu.msu.edu /home/cps291/stage/doit/slides/what tsld012.htm
97.11.27 02:57 B C:\doit\slides\what\tsld013.htm --> www.vu.msu.edu /home/cps291/stage/doit/slides/what tsld013.htm
97.11.27 02:57 B C:\doit\slides\what\tsld014.htm --> www.vu.msu.edu /home/cps291/stage/doit/slides/what tsld014.htm
97.11.27 02:57 B C:\doit\slides\what\tsld015.htm --> www.vu.msu.edu /home/cps291/stage/doit/slides/what tsld015.htm
97.11.27 02:57 B C:\doit\slides\what\tsld016.htm --> www.vu.msu.edu /home/cps291/stage/doit/slides/what tsld016.htm
97.11.27 02:57 B C:\doit\slides\what\tsld017.htm --> www.vu.msu.edu /home/cps291/stage/doit/slides/what tsld017.htm
97.11.27 02:57 B C:\doit\slides\what\tsld018.htm --> www.vu.msu.edu /home/cps291/stage/doit/slides/what tsld018.htm
97.11.27 02:57 B C:\doit\slides\what\tsld019.htm --> www.vu.msu.edu /home/cps291/stage/doit/slides/what tsld019.htm
97.11.27 02:57 B C:\doit\slides\what\tsld020.htm --> www.vu.msu.edu /home/cps291/stage/doit/slides/what tsld020.htm
97.11.27 02:57 B C:\doit\slides\what\tsld021.htm --> www.vu.msu.edu /home/cps291/stage/doit/slides/what tsld021.htm
97.11.27 02:57 B C:\doit\slides\what\tsld022.htm --> www.vu.msu.edu /home/cps291/stage/doit/slides/what tsld022.htm
97.11.27 02:57 B C:\doit\slides\what\tsld023.htm --> www.vu.msu.edu /home/cps291/stage/doit/slides/what tsld023.htm
97.11.27 02:57 B C:\doit\slides\what\tsld024.htm --> www.vu.msu.edu /home/cps291/stage/doit/slides/what tsld024.htm
97.11.27 02:57 B C:\doit\slides\what\tsld025.htm --> www.vu.msu.edu /home/cps291/stage/doit/slides/what tsld025.htm
97.11.27 02:57 B C:\doit\slides\what\tsld026.htm --> www.vu.msu.edu /home/cps291/stage/doit/slides/what tsld026.htm
97.11.27 02:57 B C:\doit\slides\what\tsld027.htm --> www.vu.msu.edu /home/cps291/stage/doit/slides/what tsld027.htm
97.11.27 02:57 B C:\doit\slides\what\tsld028.htm --> www.vu.msu.edu /home/cps291/stage/doit/slides/what tsld028.htm
97.11.27 02:57 B C:\doit\slides\what\tsld029.htm --> www.vu.msu.edu /home/cps291/stage/doit/slides/what tsld029.htm
97.11.27 02:57 B C:\doit\slides\what\tsld030.htm --> www.vu.msu.edu /home/cps291/stage/doit/slides/what tsld030.htm
97.11.27 02:57 B C:\doit\slides\what\tsld031.htm --> www.vu.msu.edu /home/cps291/stage/doit/slides/what tsld031.htm
97.11.27 02:57 B C:\doit\slides\what\tsld032.htm --> www.vu.msu.edu /home/cps291/stage/doit/slides/what tsld032.htm
97.11.27 02:57 B C:\doit\slides\what\tsld033.htm --> www.vu.msu.edu /home/cps291/stage/doit/slides/what tsld033.htm
97.11.27 02:57 B C:\doit\slides\what\tsld034.htm --> www.vu.msu.edu /home/cps291/stage/doit/slides/what tsld034.htm
97.11.27 02:57 B C:\doit\slides\what\tsld035.htm --> www.vu.msu.edu /home/cps291/stage/doit/slides/what tsld035.htm
97.11.27 02:57 B C:\doit\slides\what\what1.ra --> www.vu.msu.edu /home/cps291/stage/doit/slides/what what1.ra
97.11.27 02:57 B C:\doit\slides\what\what1.rm --> www.vu.msu.edu /home/cps291/stage/doit/slides/what what1.rm
97.11.27 02:57 B C:\doit\slides\what\what1.txt --> www.vu.msu.edu /home/cps291/stage/doit/slides/what what1.txt
97.11.27 02:58 B C:\doit\slides\what\what2.ra --> www.vu.msu.edu /home/cps291/stage/doit/slides/what what2.ra
97.11.27 02:58 B C:\doit\slides\what\what2.rm --> www.vu.msu.edu /home/cps291/stage/doit/slides/what what2.rm
97.11.27 02:58 B C:\doit\slides\what\what2.txt --> www.vu.msu.edu /home/cps291/stage/doit/slides/what what2.txt
97.11.27 02:58 B C:\doit\slides\what\what3.ra --> www.vu.msu.edu /home/cps291/stage/doit/slides/what what3.ra
97.11.27 02:58 B C:\doit\slides\what\what3.rm --> www.vu.msu.edu /home/cps291/stage/doit/slides/what what3.rm
97.11.27 02:58 B C:\doit\slides\what\what3.txt --> www.vu.msu.edu /home/cps291/stage/doit/slides/what what3.txt
97.11.27 02:58 B C:\doit\slides\what\WS_FTP.LOG --> www.vu.msu.edu /home/cps291/stage/doit/slides/what WS_FTP.LOG
97.12.09 10:26 B C:\doit\slides\what\ielogo.gif --> arctic.cps.msu.edu /user/cd/cps291/doit/slides/what ielogo.gif
97.12.09 10:26 B C:\doit\slides\what\img001.GIF --> arctic.cps.msu.edu /user/cd/cps291/doit/slides/what img001.GIF
97.12.09 10:26 B C:\doit\slides\what\img002.GIF --> arctic.cps.msu.edu /user/cd/cps291/doit/slides/what img002.GIF
97.12.09 10:26 B C:\doit\slides\what\img003.GIF --> arctic.cps.msu.edu /user/cd/cps291/doit/slides/what img003.GIF
97.12.09 10:27 B C:\doit\slides\what\img004.GIF --> arctic.cps.msu.edu /user/cd/cps291/doit/slides/what img004.GIF
97.12.09 10:27 B C:\doit\slides\what\img005.GIF --> arctic.cps.msu.edu /user/cd/cps291/doit/slides/what img005.GIF
97.12.09 10:27 B C:\doit\slides\what\img006.GIF --> arctic.cps.msu.edu /user/cd/cps291/doit/slides/what img006.GIF
97.12.09 10:27 B C:\doit\slides\what\img007.GIF --> arctic.cps.msu.edu /user/cd/cps291/doit/slides/what img007.GIF
97.12.09 10:27 B C:\doit\slides\what\img008.GIF --> arctic.cps.msu.edu /user/cd/cps291/doit/slides/what img008.GIF
97.12.09 10:27 B C:\doit\slides\what\img009.GIF --> arctic.cps.msu.edu /user/cd/cps291/doit/slides/what img009.GIF
97.12.09 10:27 B C:\doit\slides\what\img010.GIF --> arctic.cps.msu.edu /user/cd/cps291/doit/slides/what img010.GIF
97.12.09 10:27 B C:\doit\slides\what\img011.GIF --> arctic.cps.msu.edu /user/cd/cps291/doit/slides/what img011.GIF
97.12.09 10:27 B C:\doit\slides\what\img012.GIF --> arctic.cps.msu.edu /user/cd/cps291/doit/slides/what img012.GIF
97.12.09 10:27 B C:\doit\slides\what\img013.GIF --> arctic.cps.msu.edu /user/cd/cps291/doit/slides/what img013.GIF
97.12.09 10:27 B C:\doit\slides\what\img014.GIF --> arctic.cps.msu.edu /user/cd/cps291/doit/slides/what img014.GIF
97.12.09 10:27 B C:\doit\slides\what\img015.GIF --> arctic.cps.msu.edu /user/cd/cps291/doit/slides/what img015.GIF
97.12.09 10:27 B C:\doit\slides\what\img016.GIF --> arctic.cps.msu.edu /user/cd/cps291/doit/slides/what img016.GIF
97.12.09 10:27 B C:\doit\slides\what\img017.GIF --> arctic.cps.msu.edu /user/cd/cps291/doit/slides/what img017.GIF
97.12.09 10:27 B C:\doit\slides\what\img018.GIF --> arctic.cps.msu.edu /user/cd/cps291/doit/slides/what img018.GIF
97.12.09 10:27 B C:\doit\slides\what\img019.GIF --> arctic.cps.msu.edu /user/cd/cps291/doit/slides/what img019.GIF
97.12.09 10:27 B C:\doit\slides\what\img020.GIF --> arctic.cps.msu.edu /user/cd/cps291/doit/slides/what img020.GIF
97.12.09 10:27 B C:\doit\slides\what\img021.GIF --> arctic.cps.msu.edu /user/cd/cps291/doit/slides/what img021.GIF
97.12.09 10:27 B C:\doit\slides\what\img022.GIF --> arctic.cps.msu.edu /user/cd/cps291/doit/slides/what img022.GIF
97.12.09 10:27 B C:\doit\slides\what\img023.GIF --> arctic.cps.msu.edu /user/cd/cps291/doit/slides/what img023.GIF
97.12.09 10:27 B C:\doit\slides\what\img024.GIF --> arctic.cps.msu.edu /user/cd/cps291/doit/slides/what img024.GIF
97.12.09 10:27 B C:\doit\slides\what\img025.GIF --> arctic.cps.msu.edu /user/cd/cps291/doit/slides/what img025.GIF
97.12.09 10:27 B C:\doit\slides\what\img026.GIF --> arctic.cps.msu.edu /user/cd/cps291/doit/slides/what img026.GIF
97.12.09 10:27 B C:\doit\slides\what\img027.GIF --> arctic.cps.msu.edu /user/cd/cps291/doit/slides/what img027.GIF
97.12.09 10:27 B C:\doit\slides\what\img028.GIF --> arctic.cps.msu.edu /user/cd/cps291/doit/slides/what img028.GIF
97.12.09 10:27 B C:\doit\slides\what\img029.GIF --> arctic.cps.msu.edu /user/cd/cps291/doit/slides/what img029.GIF
97.12.09 10:27 B C:\doit\slides\what\img030.GIF --> arctic.cps.msu.edu /user/cd/cps291/doit/slides/what img030.GIF
97.12.09 10:27 B C:\doit\slides\what\img031.GIF --> arctic.cps.msu.edu /user/cd/cps291/doit/slides/what img031.GIF
97.12.09 10:27 B C:\doit\slides\what\img032.GIF --> arctic.cps.msu.edu /user/cd/cps291/doit/slides/what img032.GIF
97.12.09 10:27 B C:\doit\slides\what\img033.GIF --> arctic.cps.msu.edu /user/cd/cps291/doit/slides/what img033.GIF
97.12.09 10:27 B C:\doit\slides\what\img034.GIF --> arctic.cps.msu.edu /user/cd/cps291/doit/slides/what img034.GIF
97.12.09 10:27 B C:\doit\slides\what\img035.GIF --> arctic.cps.msu.edu /user/cd/cps291/doit/slides/what img035.GIF
97.12.09 10:27 B C:\doit\slides\what\index.htm --> arctic.cps.msu.edu /user/cd/cps291/doit/slides/what index.htm
97.12.09 10:27 B C:\doit\slides\what\pptani.gif --> arctic.cps.msu.edu /user/cd/cps291/doit/slides/what pptani.gif
97.12.09 10:27 B C:\doit\slides\what\sld001.htm --> arctic.cps.msu.edu /user/cd/cps291/doit/slides/what sld001.htm
97.12.09 10:27 B C:\doit\slides\what\sld002.htm --> arctic.cps.msu.edu /user/cd/cps291/doit/slides/what sld002.htm
97.12.09 10:27 B C:\doit\slides\what\sld003.htm --> arctic.cps.msu.edu /user/cd/cps291/doit/slides/what sld003.htm
97.12.09 10:27 B C:\doit\slides\what\sld004.htm --> arctic.cps.msu.edu /user/cd/cps291/doit/slides/what sld004.htm
97.12.09 10:27 B C:\doit\slides\what\sld005.htm --> arctic.cps.msu.edu /user/cd/cps291/doit/slides/what sld005.htm
97.12.09 10:27 B C:\doit\slides\what\sld006.htm --> arctic.cps.msu.edu /user/cd/cps291/doit/slides/what sld006.htm
97.12.09 10:27 B C:\doit\slides\what\sld007.htm --> arctic.cps.msu.edu /user/cd/cps291/doit/slides/what sld007.htm
97.12.09 10:27 B C:\doit\slides\what\sld008.htm --> arctic.cps.msu.edu /user/cd/cps291/doit/slides/what sld008.htm
97.12.09 10:27 B C:\doit\slides\what\sld009.htm --> arctic.cps.msu.edu /user/cd/cps291/doit/slides/what sld009.htm
97.12.09 10:27 B C:\doit\slides\what\sld010.htm --> arctic.cps.msu.edu /user/cd/cps291/doit/slides/what sld010.htm
97.12.09 10:27 B C:\doit\slides\what\sld011.htm --> arctic.cps.msu.edu /user/cd/cps291/doit/slides/what sld011.htm
97.12.09 10:27 B C:\doit\slides\what\sld012.htm --> arctic.cps.msu.edu /user/cd/cps291/doit/slides/what sld012.htm
97.12.09 10:27 B C:\doit\slides\what\sld013.htm --> arctic.cps.msu.edu /user/cd/cps291/doit/slides/what sld013.htm
97.12.09 10:27 B C:\doit\slides\what\sld014.htm --> arctic.cps.msu.edu /user/cd/cps291/doit/slides/what sld014.htm
97.12.09 10:27 B C:\doit\slides\what\sld015.htm --> arctic.cps.msu.edu /user/cd/cps291/doit/slides/what sld015.htm
97.12.09 10:27 B C:\doit\slides\what\sld016.htm --> arctic.cps.msu.edu /user/cd/cps291/doit/slides/what sld016.htm
97.12.09 10:27 B C:\doit\slides\what\sld017.htm --> arctic.cps.msu.edu /user/cd/cps291/doit/slides/what sld017.htm
97.12.09 10:27 B C:\doit\slides\what\sld018.htm --> arctic.cps.msu.edu /user/cd/cps291/doit/slides/what sld018.htm
97.12.09 10:27 B C:\doit\slides\what\sld019.htm --> arctic.cps.msu.edu /user/cd/cps291/doit/slides/what sld019.htm
97.12.09 10:27 B C:\doit\slides\what\sld020.htm --> arctic.cps.msu.edu /user/cd/cps291/doit/slides/what sld020.htm
97.12.09 10:27 B C:\doit\slides\what\sld021.htm --> arctic.cps.msu.edu /user/cd/cps291/doit/slides/what sld021.htm
97.12.09 10:27 B C:\doit\slides\what\sld022.htm --> arctic.cps.msu.edu /user/cd/cps291/doit/slides/what sld022.htm
97.12.09 10:27 B C:\doit\slides\what\sld023.htm --> arctic.cps.msu.edu /user/cd/cps291/doit/slides/what sld023.htm
97.12.09 10:27 B C:\doit\slides\what\sld024.htm --> arctic.cps.msu.edu /user/cd/cps291/doit/slides/what sld024.htm
97.12.09 10:27 B C:\doit\slides\what\sld025.htm --> arctic.cps.msu.edu /user/cd/cps291/doit/slides/what sld025.htm
97.12.09 10:27 B C:\doit\slides\what\sld026.htm --> arctic.cps.msu.edu /user/cd/cps291/doit/slides/what sld026.htm
97.12.09 10:27 B C:\doit\slides\what\sld027.htm --> arctic.cps.msu.edu /user/cd/cps291/doit/slides/what sld027.htm
97.12.09 10:27 B C:\doit\slides\what\sld028.htm --> arctic.cps.msu.edu /user/cd/cps291/doit/slides/what sld028.htm
97.12.09 10:27 B C:\doit\slides\what\sld029.htm --> arctic.cps.msu.edu /user/cd/cps291/doit/slides/what sld029.htm
97.12.09 10:27 B C:\doit\slides\what\sld030.htm --> arctic.cps.msu.edu /user/cd/cps291/doit/slides/what sld030.htm
97.12.09 10:27 B C:\doit\slides\what\sld031.htm --> arctic.cps.msu.edu /user/cd/cps291/doit/slides/what sld031.htm
97.12.09 10:27 B C:\doit\slides\what\sld032.htm --> arctic.cps.msu.edu /user/cd/cps291/doit/slides/what sld032.htm
97.12.09 10:27 B C:\doit\slides\what\sld033.htm --> arctic.cps.msu.edu /user/cd/cps291/doit/slides/what sld033.htm
97.12.09 10:27 B C:\doit\slides\what\sld034.htm --> arctic.cps.msu.edu /user/cd/cps291/doit/slides/what sld034.htm
97.12.09 10:27 B C:\doit\slides\what\sld035.htm --> arctic.cps.msu.edu /user/cd/cps291/doit/slides/what sld035.htm
97.12.09 10:27 B C:\doit\slides\what\space.gif --> arctic.cps.msu.edu /user/cd/cps291/doit/slides/what space.gif
97.12.09 10:27 B C:\doit\slides\what\tsld001.htm --> arctic.cps.msu.edu /user/cd/cps291/doit/slides/what tsld001.htm
97.12.09 10:27 B C:\doit\slides\what\tsld002.htm --> arctic.cps.msu.edu /user/cd/cps291/doit/slides/what tsld002.htm
97.12.09 10:27 B C:\doit\slides\what\tsld003.htm --> arctic.cps.msu.edu /user/cd/cps291/doit/slides/what tsld003.htm
97.12.09 10:27 B C:\doit\slides\what\tsld004.htm --> arctic.cps.msu.edu /user/cd/cps291/doit/slides/what tsld004.htm
97.12.09 10:27 B C:\doit\slides\what\tsld005.htm --> arctic.cps.msu.edu /user/cd/cps291/doit/slides/what tsld005.htm
97.12.09 10:27 B C:\doit\slides\what\tsld006.htm --> arctic.cps.msu.edu /user/cd/cps291/doit/slides/what tsld006.htm
97.12.09 10:27 B C:\doit\slides\what\tsld007.htm --> arctic.cps.msu.edu /user/cd/cps291/doit/slides/what tsld007.htm
97.12.09 10:27 B C:\doit\slides\what\tsld008.htm --> arctic.cps.msu.edu /user/cd/cps291/doit/slides/what tsld008.htm
97.12.09 10:27 B C:\doit\slides\what\tsld009.htm --> arctic.cps.msu.edu /user/cd/cps291/doit/slides/what tsld009.htm
97.12.09 10:27 B C:\doit\slides\what\tsld010.htm --> arctic.cps.msu.edu /user/cd/cps291/doit/slides/what tsld010.htm
97.12.09 10:27 B C:\doit\slides\what\tsld011.htm --> arctic.cps.msu.edu /user/cd/cps291/doit/slides/what tsld011.htm
97.12.09 10:27 B C:\doit\slides\what\tsld012.htm --> arctic.cps.msu.edu /user/cd/cps291/doit/slides/what tsld012.htm
97.12.09 10:27 B C:\doit\slides\what\tsld013.htm --> arctic.cps.msu.edu /user/cd/cps291/doit/slides/what tsld013.htm
97.12.09 10:27 B C:\doit\slides\what\tsld014.htm --> arctic.cps.msu.edu /user/cd/cps291/doit/slides/what tsld014.htm
97.12.09 10:27 B C:\doit\slides\what\tsld015.htm --> arctic.cps.msu.edu /user/cd/cps291/doit/slides/what tsld015.htm
97.12.09 10:27 B C:\doit\slides\what\tsld016.htm --> arctic.cps.msu.edu /user/cd/cps291/doit/slides/what tsld016.htm
97.12.09 10:27 B C:\doit\slides\what\tsld017.htm --> arctic.cps.msu.edu /user/cd/cps291/doit/slides/what tsld017.htm
97.12.09 10:27 B C:\doit\slides\what\tsld018.htm --> arctic.cps.msu.edu /user/cd/cps291/doit/slides/what tsld018.htm
97.12.09 10:27 B C:\doit\slides\what\tsld019.htm --> arctic.cps.msu.edu /user/cd/cps291/doit/slides/what tsld019.htm
97.12.09 10:27 B C:\doit\slides\what\tsld020.htm --> arctic.cps.msu.edu /user/cd/cps291/doit/slides/what tsld020.htm
97.12.09 10:27 B C:\doit\slides\what\tsld021.htm --> arctic.cps.msu.edu /user/cd/cps291/doit/slides/what tsld021.htm
97.12.09 10:27 B C:\doit\slides\what\tsld022.htm --> arctic.cps.msu.edu /user/cd/cps291/doit/slides/what tsld022.htm
97.12.09 10:27 B C:\doit\slides\what\tsld023.htm --> arctic.cps.msu.edu /user/cd/cps291/doit/slides/what tsld023.htm
97.12.09 10:27 B C:\doit\slides\what\tsld024.htm --> arctic.cps.msu.edu /user/cd/cps291/doit/slides/what tsld024.htm
97.12.09 10:27 B C:\doit\slides\what\tsld025.htm --> arctic.cps.msu.edu /user/cd/cps291/doit/slides/what tsld025.htm
97.12.09 10:27 B C:\doit\slides\what\tsld026.htm --> arctic.cps.msu.edu /user/cd/cps291/doit/slides/what tsld026.htm
97.12.09 10:27 B C:\doit\slides\what\tsld027.htm --> arctic.cps.msu.edu /user/cd/cps291/doit/slides/what tsld027.htm
97.12.09 10:27 B C:\doit\slides\what\tsld028.htm --> arctic.cps.msu.edu /user/cd/cps291/doit/slides/what tsld028.htm
97.12.09 10:27 B C:\doit\slides\what\tsld029.htm --> arctic.cps.msu.edu /user/cd/cps291/doit/slides/what tsld029.htm
97.12.09 10:27 B C:\doit\slides\what\tsld030.htm --> arctic.cps.msu.edu /user/cd/cps291/doit/slides/what tsld030.htm
97.12.09 10:27 B C:\doit\slides\what\tsld031.htm --> arctic.cps.msu.edu /user/cd/cps291/doit/slides/what tsld031.htm
97.12.09 10:27 B C:\doit\slides\what\tsld032.htm --> arctic.cps.msu.edu /user/cd/cps291/doit/slides/what tsld032.htm
97.12.09 10:27 B C:\doit\slides\what\tsld033.htm --> arctic.cps.msu.edu /user/cd/cps291/doit/slides/what tsld033.htm
97.12.09 10:27 B C:\doit\slides\what\tsld034.htm --> arctic.cps.msu.edu /user/cd/cps291/doit/slides/what tsld034.htm
97.12.09 10:27 B C:\doit\slides\what\tsld035.htm --> arctic.cps.msu.edu /user/cd/cps291/doit/slides/what tsld035.htm
97.12.09 10:27 B C:\doit\slides\what\what1.ra --> arctic.cps.msu.edu /user/cd/cps291/doit/slides/what what1.ra
97.12.09 10:27 B C:\doit\slides\what\what1.rm --> arctic.cps.msu.edu /user/cd/cps291/doit/slides/what what1.rm
97.12.09 10:27 B C:\doit\slides\what\what1.txt --> arctic.cps.msu.edu /user/cd/cps291/doit/slides/what what1.txt
97.12.09 10:28 B C:\doit\slides\what\what2.ra --> arctic.cps.msu.edu /user/cd/cps291/doit/slides/what what2.ra
97.12.09 10:28 B C:\doit\slides\what\what2.rm --> arctic.cps.msu.edu /user/cd/cps291/doit/slides/what what2.rm
97.12.09 10:28 B C:\doit\slides\what\what2.txt --> arctic.cps.msu.edu /user/cd/cps291/doit/slides/what what2.txt
97.12.09 10:28 B C:\doit\slides\what\what3.ra --> arctic.cps.msu.edu /user/cd/cps291/doit/slides/what what3.ra
97.12.09 10:28 B C:\doit\slides\what\what3.rm --> arctic.cps.msu.edu /user/cd/cps291/doit/slides/what what3.rm
97.12.09 10:28 B C:\doit\slides\what\what3.txt --> arctic.cps.msu.edu /user/cd/cps291/doit/slides/what what3.txt
97.12.09 10:28 B C:\doit\slides\what\WS_FTP.LOG --> arctic.cps.msu.edu /user/cd/cps291/doit/slides/what WS_FTP.LOG
97.12.10 03:11 B C:\doit\slides\what\ielogo.gif --> arctic.cps.msu.edu /user/cd/cps291/src/doit/slides/what ielogo.gif
97.12.10 03:11 B C:\doit\slides\what\img001.GIF --> arctic.cps.msu.edu /user/cd/cps291/src/doit/slides/what img001.GIF
97.12.10 03:11 B C:\doit\slides\what\img002.GIF --> arctic.cps.msu.edu /user/cd/cps291/src/doit/slides/what img002.GIF
97.12.10 03:11 B C:\doit\slides\what\img003.GIF --> arctic.cps.msu.edu /user/cd/cps291/src/doit/slides/what img003.GIF
97.12.10 03:11 B C:\doit\slides\what\img004.GIF --> arctic.cps.msu.edu /user/cd/cps291/src/doit/slides/what img004.GIF
97.12.10 03:11 B C:\doit\slides\what\img005.GIF --> arctic.cps.msu.edu /user/cd/cps291/src/doit/slides/what img005.GIF
97.12.10 03:11 B C:\doit\slides\what\img006.GIF --> arctic.cps.msu.edu /user/cd/cps291/src/doit/slides/what img006.GIF
97.12.10 03:11 B C:\doit\slides\what\img007.GIF --> arctic.cps.msu.edu /user/cd/cps291/src/doit/slides/what img007.GIF
97.12.10 03:11 B C:\doit\slides\what\img008.GIF --> arctic.cps.msu.edu /user/cd/cps291/src/doit/slides/what img008.GIF
97.12.10 03:11 B C:\doit\slides\what\img009.GIF --> arctic.cps.msu.edu /user/cd/cps291/src/doit/slides/what img009.GIF
97.12.10 03:11 B C:\doit\slides\what\img010.GIF --> arctic.cps.msu.edu /user/cd/cps291/src/doit/slides/what img010.GIF
97.12.10 03:11 B C:\doit\slides\what\img011.GIF --> arctic.cps.msu.edu /user/cd/cps291/src/doit/slides/what img011.GIF
97.12.10 03:11 B C:\doit\slides\what\img012.GIF --> arctic.cps.msu.edu /user/cd/cps291/src/doit/slides/what img012.GIF
97.12.10 03:11 B C:\doit\slides\what\img013.GIF --> arctic.cps.msu.edu /user/cd/cps291/src/doit/slides/what img013.GIF
97.12.10 03:11 B C:\doit\slides\what\img014.GIF --> arctic.cps.msu.edu /user/cd/cps291/src/doit/slides/what img014.GIF
97.12.10 03:11 B C:\doit\slides\what\img015.GIF --> arctic.cps.msu.edu /user/cd/cps291/src/doit/slides/what img015.GIF
97.12.10 03:11 B C:\doit\slides\what\img016.GIF --> arctic.cps.msu.edu /user/cd/cps291/src/doit/slides/what img016.GIF
97.12.10 03:11 B C:\doit\slides\what\img017.GIF --> arctic.cps.msu.edu /user/cd/cps291/src/doit/slides/what img017.GIF
97.12.10 03:11 B C:\doit\slides\what\img018.GIF --> arctic.cps.msu.edu /user/cd/cps291/src/doit/slides/what img018.GIF
97.12.10 03:11 B C:\doit\slides\what\img019.GIF --> arctic.cps.msu.edu /user/cd/cps291/src/doit/slides/what img019.GIF
97.12.10 03:11 B C:\doit\slides\what\img020.GIF --> arctic.cps.msu.edu /user/cd/cps291/src/doit/slides/what img020.GIF
97.12.10 03:11 B C:\doit\slides\what\img021.GIF --> arctic.cps.msu.edu /user/cd/cps291/src/doit/slides/what img021.GIF
97.12.10 03:11 B C:\doit\slides\what\img022.GIF --> arctic.cps.msu.edu /user/cd/cps291/src/doit/slides/what img022.GIF
97.12.10 03:11 B C:\doit\slides\what\img023.GIF --> arctic.cps.msu.edu /user/cd/cps291/src/doit/slides/what img023.GIF
97.12.10 03:11 B C:\doit\slides\what\img024.GIF --> arctic.cps.msu.edu /user/cd/cps291/src/doit/slides/what img024.GIF
97.12.10 03:11 B C:\doit\slides\what\img025.GIF --> arctic.cps.msu.edu /user/cd/cps291/src/doit/slides/what img025.GIF
97.12.10 03:11 B C:\doit\slides\what\img026.GIF --> arctic.cps.msu.edu /user/cd/cps291/src/doit/slides/what img026.GIF
97.12.10 03:11 B C:\doit\slides\what\img027.GIF --> arctic.cps.msu.edu /user/cd/cps291/src/doit/slides/what img027.GIF
97.12.10 03:11 B C:\doit\slides\what\img028.GIF --> arctic.cps.msu.edu /user/cd/cps291/src/doit/slides/what img028.GIF
97.12.10 03:11 B C:\doit\slides\what\img029.GIF --> arctic.cps.msu.edu /user/cd/cps291/src/doit/slides/what img029.GIF
97.12.10 03:12 B C:\doit\slides\what\img030.GIF --> arctic.cps.msu.edu /user/cd/cps291/src/doit/slides/what img030.GIF
97.12.10 03:12 B C:\doit\slides\what\img031.GIF --> arctic.cps.msu.edu /user/cd/cps291/src/doit/slides/what img031.GIF
97.12.10 03:12 B C:\doit\slides\what\img032.GIF --> arctic.cps.msu.edu /user/cd/cps291/src/doit/slides/what img032.GIF
97.12.10 03:12 B C:\doit\slides\what\img033.GIF --> arctic.cps.msu.edu /user/cd/cps291/src/doit/slides/what img033.GIF
97.12.10 03:12 B C:\doit\slides\what\img034.GIF --> arctic.cps.msu.edu /user/cd/cps291/src/doit/slides/what img034.GIF
97.12.10 03:12 B C:\doit\slides\what\img035.GIF --> arctic.cps.msu.edu /user/cd/cps291/src/doit/slides/what img035.GIF
97.12.10 03:12 B C:\doit\slides\what\index.htm --> arctic.cps.msu.edu /user/cd/cps291/src/doit/slides/what index.htm
97.12.10 03:12 B C:\doit\slides\what\pptani.gif --> arctic.cps.msu.edu /user/cd/cps291/src/doit/slides/what pptani.gif
97.12.10 03:12 B C:\doit\slides\what\sld001.htm --> arctic.cps.msu.edu /user/cd/cps291/src/doit/slides/what sld001.htm
97.12.10 03:12 B C:\doit\slides\what\sld002.htm --> arctic.cps.msu.edu /user/cd/cps291/src/doit/slides/what sld002.htm
97.12.10 03:12 B C:\doit\slides\what\sld003.htm --> arctic.cps.msu.edu /user/cd/cps291/src/doit/slides/what sld003.htm
97.12.10 03:12 B C:\doit\slides\what\sld004.htm --> arctic.cps.msu.edu /user/cd/cps291/src/doit/slides/what sld004.htm
97.12.10 03:12 B C:\doit\slides\what\sld005.htm --> arctic.cps.msu.edu /user/cd/cps291/src/doit/slides/what sld005.htm
97.12.10 03:12 B C:\doit\slides\what\sld006.htm --> arctic.cps.msu.edu /user/cd/cps291/src/doit/slides/what sld006.htm
97.12.10 03:12 B C:\doit\slides\what\sld007.htm --> arctic.cps.msu.edu /user/cd/cps291/src/doit/slides/what sld007.htm
97.12.10 03:12 B C:\doit\slides\what\sld008.htm --> arctic.cps.msu.edu /user/cd/cps291/src/doit/slides/what sld008.htm
97.12.10 03:12 B C:\doit\slides\what\sld009.htm --> arctic.cps.msu.edu /user/cd/cps291/src/doit/slides/what sld009.htm
97.12.10 03:12 B C:\doit\slides\what\sld010.htm --> arctic.cps.msu.edu /user/cd/cps291/src/doit/slides/what sld010.htm
97.12.10 03:12 B C:\doit\slides\what\sld011.htm --> arctic.cps.msu.edu /user/cd/cps291/src/doit/slides/what sld011.htm
97.12.10 03:12 B C:\doit\slides\what\sld012.htm --> arctic.cps.msu.edu /user/cd/cps291/src/doit/slides/what sld012.htm
97.12.10 03:12 B C:\doit\slides\what\sld013.htm --> arctic.cps.msu.edu /user/cd/cps291/src/doit/slides/what sld013.htm
97.12.10 03:12 B C:\doit\slides\what\sld014.htm --> arctic.cps.msu.edu /user/cd/cps291/src/doit/slides/what sld014.htm
97.12.10 03:12 B C:\doit\slides\what\sld015.htm --> arctic.cps.msu.edu /user/cd/cps291/src/doit/slides/what sld015.htm
97.12.10 03:12 B C:\doit\slides\what\sld016.htm --> arctic.cps.msu.edu /user/cd/cps291/src/doit/slides/what sld016.htm
97.12.10 03:12 B C:\doit\slides\what\sld017.htm --> arctic.cps.msu.edu /user/cd/cps291/src/doit/slides/what sld017.htm
97.12.10 03:12 B C:\doit\slides\what\sld018.htm --> arctic.cps.msu.edu /user/cd/cps291/src/doit/slides/what sld018.htm
97.12.10 03:12 B C:\doit\slides\what\sld019.htm --> arctic.cps.msu.edu /user/cd/cps291/src/doit/slides/what sld019.htm
97.12.10 03:12 B C:\doit\slides\what\sld020.htm --> arctic.cps.msu.edu /user/cd/cps291/src/doit/slides/what sld020.htm
97.12.10 03:12 B C:\doit\slides\what\sld021.htm --> arctic.cps.msu.edu /user/cd/cps291/src/doit/slides/what sld021.htm
97.12.10 03:12 B C:\doit\slides\what\sld022.htm --> arctic.cps.msu.edu /user/cd/cps291/src/doit/slides/what sld022.htm
97.12.10 03:12 B C:\doit\slides\what\sld023.htm --> arctic.cps.msu.edu /user/cd/cps291/src/doit/slides/what sld023.htm
97.12.10 03:12 B C:\doit\slides\what\sld024.htm --> arctic.cps.msu.edu /user/cd/cps291/src/doit/slides/what sld024.htm
97.12.10 03:12 B C:\doit\slides\what\sld025.htm --> arctic.cps.msu.edu /user/cd/cps291/src/doit/slides/what sld025.htm
97.12.10 03:12 B C:\doit\slides\what\sld026.htm --> arctic.cps.msu.edu /user/cd/cps291/src/doit/slides/what sld026.htm
97.12.10 03:12 B C:\doit\slides\what\sld027.htm --> arctic.cps.msu.edu /user/cd/cps291/src/doit/slides/what sld027.htm
97.12.10 03:12 B C:\doit\slides\what\sld028.htm --> arctic.cps.msu.edu /user/cd/cps291/src/doit/slides/what sld028.htm
97.12.10 03:12 B C:\doit\slides\what\sld029.htm --> arctic.cps.msu.edu /user/cd/cps291/src/doit/slides/what sld029.htm
97.12.10 03:12 B C:\doit\slides\what\sld030.htm --> arctic.cps.msu.edu /user/cd/cps291/src/doit/slides/what sld030.htm
97.12.10 03:12 B C:\doit\slides\what\sld031.htm --> arctic.cps.msu.edu /user/cd/cps291/src/doit/slides/what sld031.htm
97.12.10 03:12 B C:\doit\slides\what\sld032.htm --> arctic.cps.msu.edu /user/cd/cps291/src/doit/slides/what sld032.htm
97.12.10 03:12 B C:\doit\slides\what\sld033.htm --> arctic.cps.msu.edu /user/cd/cps291/src/doit/slides/what sld033.htm
97.12.10 03:12 B C:\doit\slides\what\sld034.htm --> arctic.cps.msu.edu /user/cd/cps291/src/doit/slides/what sld034.htm
97.12.10 03:12 B C:\doit\slides\what\sld035.htm --> arctic.cps.msu.edu /user/cd/cps291/src/doit/slides/what sld035.htm
97.12.10 03:12 B C:\doit\slides\what\space.gif --> arctic.cps.msu.edu /user/cd/cps291/src/doit/slides/what space.gif
97.12.10 03:12 B C:\doit\slides\what\tsld001.htm --> arctic.cps.msu.edu /user/cd/cps291/src/doit/slides/what tsld001.htm
97.12.10 03:12 B C:\doit\slides\what\tsld002.htm --> arctic.cps.msu.edu /user/cd/cps291/src/doit/slides/what tsld002.htm
97.12.10 03:12 B C:\doit\slides\what\tsld003.htm --> arctic.cps.msu.edu /user/cd/cps291/src/doit/slides/what tsld003.htm
97.12.10 03:12 B C:\doit\slides\what\tsld004.htm --> arctic.cps.msu.edu /user/cd/cps291/src/doit/slides/what tsld004.htm
97.12.10 03:12 B C:\doit\slides\what\tsld005.htm --> arctic.cps.msu.edu /user/cd/cps291/src/doit/slides/what tsld005.htm
97.12.10 03:12 B C:\doit\slides\what\tsld006.htm --> arctic.cps.msu.edu /user/cd/cps291/src/doit/slides/what tsld006.htm
97.12.10 03:12 B C:\doit\slides\what\tsld007.htm --> arctic.cps.msu.edu /user/cd/cps291/src/doit/slides/what tsld007.htm
97.12.10 03:12 B C:\doit\slides\what\tsld008.htm --> arctic.cps.msu.edu /user/cd/cps291/src/doit/slides/what tsld008.htm
97.12.10 03:12 B C:\doit\slides\what\tsld009.htm --> arctic.cps.msu.edu /user/cd/cps291/src/doit/slides/what tsld009.htm
97.12.10 03:12 B C:\doit\slides\what\tsld010.htm --> arctic.cps.msu.edu /user/cd/cps291/src/doit/slides/what tsld010.htm
97.12.10 03:12 B C:\doit\slides\what\tsld011.htm --> arctic.cps.msu.edu /user/cd/cps291/src/doit/slides/what tsld011.htm
97.12.10 03:12 B C:\doit\slides\what\tsld012.htm --> arctic.cps.msu.edu /user/cd/cps291/src/doit/slides/what tsld012.htm
97.12.10 03:12 B C:\doit\slides\what\tsld013.htm --> arctic.cps.msu.edu /user/cd/cps291/src/doit/slides/what tsld013.htm
97.12.10 03:12 B C:\doit\slides\what\tsld014.htm --> arctic.cps.msu.edu /user/cd/cps291/src/doit/slides/what tsld014.htm
97.12.10 03:12 B C:\doit\slides\what\tsld015.htm --> arctic.cps.msu.edu /user/cd/cps291/src/doit/slides/what tsld015.htm
97.12.10 03:12 B C:\doit\slides\what\tsld016.htm --> arctic.cps.msu.edu /user/cd/cps291/src/doit/slides/what tsld016.htm
97.12.10 03:12 B C:\doit\slides\what\tsld017.htm --> arctic.cps.msu.edu /user/cd/cps291/src/doit/slides/what tsld017.htm
97.12.10 03:12 B C:\doit\slides\what\tsld018.htm --> arctic.cps.msu.edu /user/cd/cps291/src/doit/slides/what tsld018.htm
97.12.10 03:12 B C:\doit\slides\what\tsld019.htm --> arctic.cps.msu.edu /user/cd/cps291/src/doit/slides/what tsld019.htm
97.12.10 03:12 B C:\doit\slides\what\tsld020.htm --> arctic.cps.msu.edu /user/cd/cps291/src/doit/slides/what tsld020.htm
97.12.10 03:12 B C:\doit\slides\what\tsld021.htm --> arctic.cps.msu.edu /user/cd/cps291/src/doit/slides/what tsld021.htm
97.12.10 03:12 B C:\doit\slides\what\tsld022.htm --> arctic.cps.msu.edu /user/cd/cps291/src/doit/slides/what tsld022.htm
97.12.10 03:12 B C:\doit\slides\what\tsld023.htm --> arctic.cps.msu.edu /user/cd/cps291/src/doit/slides/what tsld023.htm
97.12.10 03:12 B C:\doit\slides\what\tsld024.htm --> arctic.cps.msu.edu /user/cd/cps291/src/doit/slides/what tsld024.htm
97.12.10 03:12 B C:\doit\slides\what\tsld025.htm --> arctic.cps.msu.edu /user/cd/cps291/src/doit/slides/what tsld025.htm
97.12.10 03:12 B C:\doit\slides\what\tsld026.htm --> arctic.cps.msu.edu /user/cd/cps291/src/doit/slides/what tsld026.htm
97.12.10 03:12 B C:\doit\slides\what\tsld027.htm --> arctic.cps.msu.edu /user/cd/cps291/src/doit/slides/what tsld027.htm
97.12.10 03:12 B C:\doit\slides\what\tsld028.htm --> arctic.cps.msu.edu /user/cd/cps291/src/doit/slides/what tsld028.htm
97.12.10 03:12 B C:\doit\slides\what\tsld029.htm --> arctic.cps.msu.edu /user/cd/cps291/src/doit/slides/what tsld029.htm
97.12.10 03:12 B C:\doit\slides\what\tsld030.htm --> arctic.cps.msu.edu /user/cd/cps291/src/doit/slides/what tsld030.htm
97.12.10 03:12 B C:\doit\slides\what\tsld031.htm --> arctic.cps.msu.edu /user/cd/cps291/src/doit/slides/what tsld031.htm
97.12.10 03:12 B C:\doit\slides\what\tsld032.htm --> arctic.cps.msu.edu /user/cd/cps291/src/doit/slides/what tsld032.htm
97.12.10 03:12 B C:\doit\slides\what\tsld033.htm --> arctic.cps.msu.edu /user/cd/cps291/src/doit/slides/what tsld033.htm
97.12.10 03:12 B C:\doit\slides\what\tsld034.htm --> arctic.cps.msu.edu /user/cd/cps291/src/doit/slides/what tsld034.htm
97.12.10 03:12 B C:\doit\slides\what\tsld035.htm --> arctic.cps.msu.edu /user/cd/cps291/src/doit/slides/what tsld035.htm
97.12.10 03:12 B C:\doit\slides\what\what1.ra --> arctic.cps.msu.edu /user/cd/cps291/src/doit/slides/what what1.ra
97.12.10 03:12 B C:\doit\slides\what\what1.rm --> arctic.cps.msu.edu /user/cd/cps291/src/doit/slides/what what1.rm
97.12.10 03:12 B C:\doit\slides\what\what1.txt --> arctic.cps.msu.edu /user/cd/cps291/src/doit/slides/what what1.txt
97.12.10 03:12 B C:\doit\slides\what\what2.ra --> arctic.cps.msu.edu /user/cd/cps291/src/doit/slides/what what2.ra
97.12.10 03:12 B C:\doit\slides\what\what2.rm --> arctic.cps.msu.edu /user/cd/cps291/src/doit/slides/what what2.rm
97.12.10 03:12 B C:\doit\slides\what\what2.txt --> arctic.cps.msu.edu /user/cd/cps291/src/doit/slides/what what2.txt
97.12.10 03:13 B C:\doit\slides\what\what3.ra --> arctic.cps.msu.edu /user/cd/cps291/src/doit/slides/what what3.ra
97.12.10 03:13 B C:\doit\slides\what\what3.rm --> arctic.cps.msu.edu /user/cd/cps291/src/doit/slides/what what3.rm
97.12.10 03:13 B C:\doit\slides\what\what3.txt --> arctic.cps.msu.edu /user/cd/cps291/src/doit/slides/what what3.txt
97.12.10 03:13 B C:\doit\slides\what\WS_FTP.LOG --> arctic.cps.msu.edu /user/cd/cps291/src/doit/slides/what WS_FTP.LOG
98.03.12 23:05 B D:\syncomat\htm_sld\what\ielogo.gif --> cps.msu.edu /user/cd/cps291/syncomat/htm_sld/what ielogo.gif
98.03.12 23:05 B D:\syncomat\htm_sld\what\img001.GIF --> cps.msu.edu /user/cd/cps291/syncomat/htm_sld/what img001.GIF
98.03.12 23:05 B D:\syncomat\htm_sld\what\img002.GIF --> cps.msu.edu /user/cd/cps291/syncomat/htm_sld/what img002.GIF
98.03.12 23:05 B D:\syncomat\htm_sld\what\img003.GIF --> cps.msu.edu /user/cd/cps291/syncomat/htm_sld/what img003.GIF
98.03.12 23:05 B D:\syncomat\htm_sld\what\img004.GIF --> cps.msu.edu /user/cd/cps291/syncomat/htm_sld/what img004.GIF
98.03.12 23:05 B D:\syncomat\htm_sld\what\img005.GIF --> cps.msu.edu /user/cd/cps291/syncomat/htm_sld/what img005.GIF
98.03.12 23:05 B D:\syncomat\htm_sld\what\img006.GIF --> cps.msu.edu /user/cd/cps291/syncomat/htm_sld/what img006.GIF
98.03.12 23:05 B D:\syncomat\htm_sld\what\img007.GIF --> cps.msu.edu /user/cd/cps291/syncomat/htm_sld/what img007.GIF
98.03.12 23:05 B D:\syncomat\htm_sld\what\img008.GIF --> cps.msu.edu /user/cd/cps291/syncomat/htm_sld/what img008.GIF
98.03.12 23:05 B D:\syncomat\htm_sld\what\img009.GIF --> cps.msu.edu /user/cd/cps291/syncomat/htm_sld/what img009.GIF
98.03.12 23:05 B D:\syncomat\htm_sld\what\img010.GIF --> cps.msu.edu /user/cd/cps291/syncomat/htm_sld/what img010.GIF
98.03.12 23:05 B D:\syncomat\htm_sld\what\img011.GIF --> cps.msu.edu /user/cd/cps291/syncomat/htm_sld/what img011.GIF
98.03.12 23:05 B D:\syncomat\htm_sld\what\img012.GIF --> cps.msu.edu /user/cd/cps291/syncomat/htm_sld/what img012.GIF
98.03.12 23:05 B D:\syncomat\htm_sld\what\img013.GIF --> cps.msu.edu /user/cd/cps291/syncomat/htm_sld/what img013.GIF
98.03.12 23:05 B D:\syncomat\htm_sld\what\img014.GIF --> cps.msu.edu /user/cd/cps291/syncomat/htm_sld/what img014.GIF
98.03.12 23:05 B D:\syncomat\htm_sld\what\img015.GIF --> cps.msu.edu /user/cd/cps291/syncomat/htm_sld/what img015.GIF
98.03.12 23:05 B D:\syncomat\htm_sld\what\img016.GIF --> cps.msu.edu /user/cd/cps291/syncomat/htm_sld/what img016.GIF
98.03.12 23:05 B D:\syncomat\htm_sld\what\img017.GIF --> cps.msu.edu /user/cd/cps291/syncomat/htm_sld/what img017.GIF
98.03.12 23:05 B D:\syncomat\htm_sld\what\img018.GIF --> cps.msu.edu /user/cd/cps291/syncomat/htm_sld/what img018.GIF
98.03.12 23:05 B D:\syncomat\htm_sld\what\img019.GIF --> cps.msu.edu /user/cd/cps291/syncomat/htm_sld/what img019.GIF
98.03.12 23:05 B D:\syncomat\htm_sld\what\img020.GIF --> cps.msu.edu /user/cd/cps291/syncomat/htm_sld/what img020.GIF
98.03.12 23:05 B D:\syncomat\htm_sld\what\img021.GIF --> cps.msu.edu /user/cd/cps291/syncomat/htm_sld/what img021.GIF
98.03.12 23:05 B D:\syncomat\htm_sld\what\img022.GIF --> cps.msu.edu /user/cd/cps291/syncomat/htm_sld/what img022.GIF
98.03.12 23:05 B D:\syncomat\htm_sld\what\img023.GIF --> cps.msu.edu /user/cd/cps291/syncomat/htm_sld/what img023.GIF
98.03.12 23:05 B D:\syncomat\htm_sld\what\img024.GIF --> cps.msu.edu /user/cd/cps291/syncomat/htm_sld/what img024.GIF
98.03.12 23:05 B D:\syncomat\htm_sld\what\img025.GIF --> cps.msu.edu /user/cd/cps291/syncomat/htm_sld/what img025.GIF
98.03.12 23:05 B D:\syncomat\htm_sld\what\img026.GIF --> cps.msu.edu /user/cd/cps291/syncomat/htm_sld/what img026.GIF
98.03.12 23:05 B D:\syncomat\htm_sld\what\img027.GIF --> cps.msu.edu /user/cd/cps291/syncomat/htm_sld/what img027.GIF
98.03.12 23:05 B D:\syncomat\htm_sld\what\img028.GIF --> cps.msu.edu /user/cd/cps291/syncomat/htm_sld/what img028.GIF
98.03.12 23:05 B D:\syncomat\htm_sld\what\img029.GIF --> cps.msu.edu /user/cd/cps291/syncomat/htm_sld/what img029.GIF
98.03.12 23:05 B D:\syncomat\htm_sld\what\img030.GIF --> cps.msu.edu /user/cd/cps291/syncomat/htm_sld/what img030.GIF
98.03.12 23:05 B D:\syncomat\htm_sld\what\img031.GIF --> cps.msu.edu /user/cd/cps291/syncomat/htm_sld/what img031.GIF
98.03.12 23:05 B D:\syncomat\htm_sld\what\img032.GIF --> cps.msu.edu /user/cd/cps291/syncomat/htm_sld/what img032.GIF
98.03.12 23:05 B D:\syncomat\htm_sld\what\img033.GIF --> cps.msu.edu /user/cd/cps291/syncomat/htm_sld/what img033.GIF
98.03.12 23:05 B D:\syncomat\htm_sld\what\img034.GIF --> cps.msu.edu /user/cd/cps291/syncomat/htm_sld/what img034.GIF
98.03.12 23:05 B D:\syncomat\htm_sld\what\img035.GIF --> cps.msu.edu /user/cd/cps291/syncomat/htm_sld/what img035.GIF
98.03.12 23:05 B D:\syncomat\htm_sld\what\index.htm --> cps.msu.edu /user/cd/cps291/syncomat/htm_sld/what index.htm
98.03.12 23:05 B D:\syncomat\htm_sld\what\pptani.gif --> cps.msu.edu /user/cd/cps291/syncomat/htm_sld/what pptani.gif
98.03.12 23:05 B D:\syncomat\htm_sld\what\sld001.htm --> cps.msu.edu /user/cd/cps291/syncomat/htm_sld/what sld001.htm
98.03.12 23:05 B D:\syncomat\htm_sld\what\sld002.htm --> cps.msu.edu /user/cd/cps291/syncomat/htm_sld/what sld002.htm
98.03.12 23:05 B D:\syncomat\htm_sld\what\sld003.htm --> cps.msu.edu /user/cd/cps291/syncomat/htm_sld/what sld003.htm
98.03.12 23:05 B D:\syncomat\htm_sld\what\sld004.htm --> cps.msu.edu /user/cd/cps291/syncomat/htm_sld/what sld004.htm
98.03.12 23:05 B D:\syncomat\htm_sld\what\sld005.htm --> cps.msu.edu /user/cd/cps291/syncomat/htm_sld/what sld005.htm
98.03.12 23:05 B D:\syncomat\htm_sld\what\sld006.htm --> cps.msu.edu /user/cd/cps291/syncomat/htm_sld/what sld006.htm
98.03.12 23:05 B D:\syncomat\htm_sld\what\sld007.htm --> cps.msu.edu /user/cd/cps291/syncomat/htm_sld/what sld007.htm
98.03.12 23:05 B D:\syncomat\htm_sld\what\sld008.htm --> cps.msu.edu /user/cd/cps291/syncomat/htm_sld/what sld008.htm
98.03.12 23:05 B D:\syncomat\htm_sld\what\sld009.htm --> cps.msu.edu /user/cd/cps291/syncomat/htm_sld/what sld009.htm
98.03.12 23:05 B D:\syncomat\htm_sld\what\sld010.htm --> cps.msu.edu /user/cd/cps291/syncomat/htm_sld/what sld010.htm
98.03.12 23:05 B D:\syncomat\htm_sld\what\sld011.htm --> cps.msu.edu /user/cd/cps291/syncomat/htm_sld/what sld011.htm
98.03.12 23:05 B D:\syncomat\htm_sld\what\sld012.htm --> cps.msu.edu /user/cd/cps291/syncomat/htm_sld/what sld012.htm
98.03.12 23:05 B D:\syncomat\htm_sld\what\sld013.htm --> cps.msu.edu /user/cd/cps291/syncomat/htm_sld/what sld013.htm
98.03.12 23:05 B D:\syncomat\htm_sld\what\sld014.htm --> cps.msu.edu /user/cd/cps291/syncomat/htm_sld/what sld014.htm
98.03.12 23:05 B D:\syncomat\htm_sld\what\sld015.htm --> cps.msu.edu /user/cd/cps291/syncomat/htm_sld/what sld015.htm
98.03.12 23:05 B D:\syncomat\htm_sld\what\sld016.htm --> cps.msu.edu /user/cd/cps291/syncomat/htm_sld/what sld016.htm
98.03.12 23:05 B D:\syncomat\htm_sld\what\sld017.htm --> cps.msu.edu /user/cd/cps291/syncomat/htm_sld/what sld017.htm
98.03.12 23:05 B D:\syncomat\htm_sld\what\sld018.htm --> cps.msu.edu /user/cd/cps291/syncomat/htm_sld/what sld018.htm
98.03.12 23:05 B D:\syncomat\htm_sld\what\sld019.htm --> cps.msu.edu /user/cd/cps291/syncomat/htm_sld/what sld019.htm
98.03.12 23:05 B D:\syncomat\htm_sld\what\sld020.htm --> cps.msu.edu /user/cd/cps291/syncomat/htm_sld/what sld020.htm
98.03.12 23:05 B D:\syncomat\htm_sld\what\sld021.htm --> cps.msu.edu /user/cd/cps291/syncomat/htm_sld/what sld021.htm
98.03.12 23:05 B D:\syncomat\htm_sld\what\sld022.htm --> cps.msu.edu /user/cd/cps291/syncomat/htm_sld/what sld022.htm
98.03.12 23:05 B D:\syncomat\htm_sld\what\sld023.htm --> cps.msu.edu /user/cd/cps291/syncomat/htm_sld/what sld023.htm
98.03.12 23:05 B D:\syncomat\htm_sld\what\sld024.htm --> cps.msu.edu /user/cd/cps291/syncomat/htm_sld/what sld024.htm
98.03.12 23:05 B D:\syncomat\htm_sld\what\sld025.htm --> cps.msu.edu /user/cd/cps291/syncomat/htm_sld/what sld025.htm
98.03.12 23:05 B D:\syncomat\htm_sld\what\sld026.htm --> cps.msu.edu /user/cd/cps291/syncomat/htm_sld/what sld026.htm
98.03.12 23:05 B D:\syncomat\htm_sld\what\sld027.htm --> cps.msu.edu /user/cd/cps291/syncomat/htm_sld/what sld027.htm
98.03.12 23:05 B D:\syncomat\htm_sld\what\sld028.htm --> cps.msu.edu /user/cd/cps291/syncomat/htm_sld/what sld028.htm
98.03.12 23:05 B D:\syncomat\htm_sld\what\sld029.htm --> cps.msu.edu /user/cd/cps291/syncomat/htm_sld/what sld029.htm
98.03.12 23:05 B D:\syncomat\htm_sld\what\sld030.htm --> cps.msu.edu /user/cd/cps291/syncomat/htm_sld/what sld030.htm
98.03.12 23:05 B D:\syncomat\htm_sld\what\sld031.htm --> cps.msu.edu /user/cd/cps291/syncomat/htm_sld/what sld031.htm
98.03.12 23:05 B D:\syncomat\htm_sld\what\sld032.htm --> cps.msu.edu /user/cd/cps291/syncomat/htm_sld/what sld032.htm
98.03.12 23:05 B D:\syncomat\htm_sld\what\sld033.htm --> cps.msu.edu /user/cd/cps291/syncomat/htm_sld/what sld033.htm
98.03.12 23:05 B D:\syncomat\htm_sld\what\sld034.htm --> cps.msu.edu /user/cd/cps291/syncomat/htm_sld/what sld034.htm
98.03.12 23:05 B D:\syncomat\htm_sld\what\sld035.htm --> cps.msu.edu /user/cd/cps291/syncomat/htm_sld/what sld035.htm
98.03.12 23:05 B D:\syncomat\htm_sld\what\space.gif --> cps.msu.edu /user/cd/cps291/syncomat/htm_sld/what space.gif
98.03.12 23:05 B D:\syncomat\htm_sld\what\tsld001.htm --> cps.msu.edu /user/cd/cps291/syncomat/htm_sld/what tsld001.htm
98.03.12 23:05 B D:\syncomat\htm_sld\what\tsld002.htm --> cps.msu.edu /user/cd/cps291/syncomat/htm_sld/what tsld002.htm
98.03.12 23:05 B D:\syncomat\htm_sld\what\tsld003.htm --> cps.msu.edu /user/cd/cps291/syncomat/htm_sld/what tsld003.htm
98.03.12 23:05 B D:\syncomat\htm_sld\what\tsld004.htm --> cps.msu.edu /user/cd/cps291/syncomat/htm_sld/what tsld004.htm
98.03.12 23:05 B D:\syncomat\htm_sld\what\tsld005.htm --> cps.msu.edu /user/cd/cps291/syncomat/htm_sld/what tsld005.htm
98.03.12 23:05 B D:\syncomat\htm_sld\what\tsld006.htm --> cps.msu.edu /user/cd/cps291/syncomat/htm_sld/what tsld006.htm
98.03.12 23:05 B D:\syncomat\htm_sld\what\tsld007.htm --> cps.msu.edu /user/cd/cps291/syncomat/htm_sld/what tsld007.htm
98.03.12 23:05 B D:\syncomat\htm_sld\what\tsld008.htm --> cps.msu.edu /user/cd/cps291/syncomat/htm_sld/what tsld008.htm
98.03.12 23:05 B D:\syncomat\htm_sld\what\tsld009.htm --> cps.msu.edu /user/cd/cps291/syncomat/htm_sld/what tsld009.htm
98.03.12 23:05 B D:\syncomat\htm_sld\what\tsld010.htm --> cps.msu.edu /user/cd/cps291/syncomat/htm_sld/what tsld010.htm
98.03.12 23:05 B D:\syncomat\htm_sld\what\tsld011.htm --> cps.msu.edu /user/cd/cps291/syncomat/htm_sld/what tsld011.htm
98.03.12 23:05 B D:\syncomat\htm_sld\what\tsld012.htm --> cps.msu.edu /user/cd/cps291/syncomat/htm_sld/what tsld012.htm
98.03.12 23:05 B D:\syncomat\htm_sld\what\tsld013.htm --> cps.msu.edu /user/cd/cps291/syncomat/htm_sld/what tsld013.htm
98.03.12 23:05 B D:\syncomat\htm_sld\what\tsld014.htm --> cps.msu.edu /user/cd/cps291/syncomat/htm_sld/what tsld014.htm
98.03.12 23:05 B D:\syncomat\htm_sld\what\tsld015.htm --> cps.msu.edu /user/cd/cps291/syncomat/htm_sld/what tsld015.htm
98.03.12 23:05 B D:\syncomat\htm_sld\what\tsld016.htm --> cps.msu.edu /user/cd/cps291/syncomat/htm_sld/what tsld016.htm
98.03.12 23:05 B D:\syncomat\htm_sld\what\tsld017.htm --> cps.msu.edu /user/cd/cps291/syncomat/htm_sld/what tsld017.htm
98.03.12 23:05 B D:\syncomat\htm_sld\what\tsld018.htm --> cps.msu.edu /user/cd/cps291/syncomat/htm_sld/what tsld018.htm
98.03.12 23:05 B D:\syncomat\htm_sld\what\tsld019.htm --> cps.msu.edu /user/cd/cps291/syncomat/htm_sld/what tsld019.htm
98.03.12 23:05 B D:\syncomat\htm_sld\what\tsld020.htm --> cps.msu.edu /user/cd/cps291/syncomat/htm_sld/what tsld020.htm
98.03.12 23:05 B D:\syncomat\htm_sld\what\tsld021.htm --> cps.msu.edu /user/cd/cps291/syncomat/htm_sld/what tsld021.htm
98.03.12 23:05 B D:\syncomat\htm_sld\what\tsld022.htm --> cps.msu.edu /user/cd/cps291/syncomat/htm_sld/what tsld022.htm
98.03.12 23:05 B D:\syncomat\htm_sld\what\tsld023.htm --> cps.msu.edu /user/cd/cps291/syncomat/htm_sld/what tsld023.htm
98.03.12 23:05 B D:\syncomat\htm_sld\what\tsld024.htm --> cps.msu.edu /user/cd/cps291/syncomat/htm_sld/what tsld024.htm
98.03.12 23:05 B D:\syncomat\htm_sld\what\tsld025.htm --> cps.msu.edu /user/cd/cps291/syncomat/htm_sld/what tsld025.htm
98.03.12 23:05 B D:\syncomat\htm_sld\what\tsld026.htm --> cps.msu.edu /user/cd/cps291/syncomat/htm_sld/what tsld026.htm
98.03.12 23:05 B D:\syncomat\htm_sld\what\tsld027.htm --> cps.msu.edu /user/cd/cps291/syncomat/htm_sld/what tsld027.htm
98.03.12 23:05 B D:\syncomat\htm_sld\what\tsld028.htm --> cps.msu.edu /user/cd/cps291/syncomat/htm_sld/what tsld028.htm
98.03.12 23:05 B D:\syncomat\htm_sld\what\tsld029.htm --> cps.msu.edu /user/cd/cps291/syncomat/htm_sld/what tsld029.htm
98.03.12 23:05 B D:\syncomat\htm_sld\what\tsld030.htm --> cps.msu.edu /user/cd/cps291/syncomat/htm_sld/what tsld030.htm
98.03.12 23:05 B D:\syncomat\htm_sld\what\tsld031.htm --> cps.msu.edu /user/cd/cps291/syncomat/htm_sld/what tsld031.htm
98.03.12 23:05 B D:\syncomat\htm_sld\what\tsld032.htm --> cps.msu.edu /user/cd/cps291/syncomat/htm_sld/what tsld032.htm
98.03.12 23:05 B D:\syncomat\htm_sld\what\tsld033.htm --> cps.msu.edu /user/cd/cps291/syncomat/htm_sld/what tsld033.htm
98.03.12 23:05 B D:\syncomat\htm_sld\what\tsld034.htm --> cps.msu.edu /user/cd/cps291/syncomat/htm_sld/what tsld034.htm
98.03.12 23:05 B D:\syncomat\htm_sld\what\tsld035.htm --> cps.msu.edu /user/cd/cps291/syncomat/htm_sld/what tsld035.htm
98.03.12 23:05 B D:\syncomat\htm_sld\what\what1.ra --> cps.msu.edu /user/cd/cps291/syncomat/htm_sld/what what1.ra
98.03.12 23:05 B D:\syncomat\htm_sld\what\what1.rm --> cps.msu.edu /user/cd/cps291/syncomat/htm_sld/what what1.rm
98.03.12 23:05 B D:\syncomat\htm_sld\what\what1.txt --> cps.msu.edu /user/cd/cps291/syncomat/htm_sld/what what1.txt
98.03.12 23:06 B D:\syncomat\htm_sld\what\what2.ra --> cps.msu.edu /user/cd/cps291/syncomat/htm_sld/what what2.ra
98.03.12 23:06 B D:\syncomat\htm_sld\what\what2.rm --> cps.msu.edu /user/cd/cps291/syncomat/htm_sld/what what2.rm
98.03.12 23:06 B D:\syncomat\htm_sld\what\what2.txt --> cps.msu.edu /user/cd/cps291/syncomat/htm_sld/what what2.txt
98.03.12 23:06 B D:\syncomat\htm_sld\what\what3.ra --> cps.msu.edu /user/cd/cps291/syncomat/htm_sld/what what3.ra
98.03.12 23:07 B D:\syncomat\htm_sld\what\what3.rm --> cps.msu.edu /user/cd/cps291/syncomat/htm_sld/what what3.rm
98.03.12 23:07 B D:\syncomat\htm_sld\what\what3.txt --> cps.msu.edu /user/cd/cps291/syncomat/htm_sld/what what3.txt
98.03.12 23:07 B D:\syncomat\htm_sld\what\WS_FTP.LOG --> cps.msu.edu /user/cd/cps291/syncomat/htm_sld/what WS_FTP.LOG
98.09.29 14:47 B D:\egr124\htm_sld\what\img031.GIF --> pilot.msu.edu /msu/course/vu/egr124/preview/lectures/what img031.GIF
