98.01.13 17:08 B C:\syncomat\style\matson\copy\navcal.gif <-- www.vu.msu.edu /afs/msu/course/vu/cps291/preview/lectures/gaunt navcal.gif
98.01.14 01:41 B C:\syncomat\style\matson\copy\top.htm <-- www.vu.msu.edu /home/egr124/stage top.htm
98.02.01 14:24 B C:\syncomat\style\matson\copy\makeind.mnu <-- www.vu.msu.edu /afs/msu/course/vu/egr124/preview/lectures/film makeind.mnu
98.02.01 14:24 B C:\syncomat\style\matson\copy\makeind.sed <-- www.vu.msu.edu /afs/msu/course/vu/egr124/preview/lectures/film makeind.sed
98.02.01 14:30 B C:\syncomat\style\matson\copy\makeind.mnu <-- www.vu.msu.edu /afs/msu/course/vu/egr124/preview/lectures/film makeind.mnu
98.02.01 14:30 B C:\syncomat\style\matson\copy\makeind.sed <-- www.vu.msu.edu /afs/msu/course/vu/egr124/preview/lectures/film makeind.sed
98.02.01 15:01 B C:\syncomat\style\matson\copy\makeind.mnu <-- www.vu.msu.edu /afs/msu/course/vu/egr124/preview/lectures/bas makeind.mnu
98.02.01 15:01 B C:\syncomat\style\matson\copy\makeind.sed <-- www.vu.msu.edu /afs/msu/course/vu/egr124/preview/lectures/bas makeind.sed
98.03.12 23:18 B D:\syncomat\style\matson\copy\empty.rpm --> cps.msu.edu /user/cd/cps291/syncomat/style/matson/copy empty.rpm
98.03.12 23:18 B D:\syncomat\style\matson\copy\getreal.jpg --> cps.msu.edu /user/cd/cps291/syncomat/style/matson/copy getreal.jpg
98.03.12 23:18 B D:\syncomat\style\matson\copy\inst160.gif --> cps.msu.edu /user/cd/cps291/syncomat/style/matson/copy inst160.gif
98.03.12 23:18 B D:\syncomat\style\matson\copy\makeind.mnu --> cps.msu.edu /user/cd/cps291/syncomat/style/matson/copy makeind.mnu
98.03.12 23:18 B D:\syncomat\style\matson\copy\makeind.sed --> cps.msu.edu /user/cd/cps291/syncomat/style/matson/copy makeind.sed
98.03.12 23:18 B D:\syncomat\style\matson\copy\navcal.gif --> cps.msu.edu /user/cd/cps291/syncomat/style/matson/copy navcal.gif
98.03.12 23:18 B D:\syncomat\style\matson\copy\top.htm --> cps.msu.edu /user/cd/cps291/syncomat/style/matson/copy top.htm
98.03.12 23:18 B D:\syncomat\style\matson\copy\WS_FTP.LOG --> cps.msu.edu /user/cd/cps291/syncomat/style/matson/copy WS_FTP.LOG
98.03.12 23:34 B D:\cdrom\lectures\jscr\aaindex.htm --> cps.msu.edu /user/cd/cps291/lectures/jscr aaindex.htm
98.03.12 23:34 B D:\cdrom\lectures\jscr\cache.htm --> cps.msu.edu /user/cd/cps291/lectures/jscr cache.htm
98.03.12 23:34 B D:\cdrom\lectures\jscr\empty.rpm --> cps.msu.edu /user/cd/cps291/lectures/jscr empty.rpm
98.03.12 23:34 B D:\cdrom\lectures\jscr\getreal.jpg --> cps.msu.edu /user/cd/cps291/lectures/jscr getreal.jpg
98.03.12 23:34 B D:\cdrom\lectures\jscr\img001.gif --> cps.msu.edu /user/cd/cps291/lectures/jscr img001.gif
98.03.12 23:34 B D:\cdrom\lectures\jscr\img002.gif --> cps.msu.edu /user/cd/cps291/lectures/jscr img002.gif
98.03.12 23:34 B D:\cdrom\lectures\jscr\img003.gif --> cps.msu.edu /user/cd/cps291/lectures/jscr img003.gif
98.03.12 23:34 B D:\cdrom\lectures\jscr\img004.gif --> cps.msu.edu /user/cd/cps291/lectures/jscr img004.gif
98.03.12 23:34 B D:\cdrom\lectures\jscr\img005.gif --> cps.msu.edu /user/cd/cps291/lectures/jscr img005.gif
98.03.12 23:34 B D:\cdrom\lectures\jscr\img006.gif --> cps.msu.edu /user/cd/cps291/lectures/jscr img006.gif
98.03.12 23:34 B D:\cdrom\lectures\jscr\img007.gif --> cps.msu.edu /user/cd/cps291/lectures/jscr img007.gif
98.03.12 23:34 B D:\cdrom\lectures\jscr\img008.gif --> cps.msu.edu /user/cd/cps291/lectures/jscr img008.gif
98.03.12 23:34 B D:\cdrom\lectures\jscr\img009.gif --> cps.msu.edu /user/cd/cps291/lectures/jscr img009.gif
98.03.12 23:34 B D:\cdrom\lectures\jscr\img010.gif --> cps.msu.edu /user/cd/cps291/lectures/jscr img010.gif
98.03.12 23:34 B D:\cdrom\lectures\jscr\img011.gif --> cps.msu.edu /user/cd/cps291/lectures/jscr img011.gif
98.03.12 23:34 B D:\cdrom\lectures\jscr\img012.gif --> cps.msu.edu /user/cd/cps291/lectures/jscr img012.gif
98.03.12 23:34 B D:\cdrom\lectures\jscr\img013.gif --> cps.msu.edu /user/cd/cps291/lectures/jscr img013.gif
98.03.12 23:34 B D:\cdrom\lectures\jscr\img014.gif --> cps.msu.edu /user/cd/cps291/lectures/jscr img014.gif
98.03.12 23:34 B D:\cdrom\lectures\jscr\img015.gif --> cps.msu.edu /user/cd/cps291/lectures/jscr img015.gif
98.03.12 23:34 B D:\cdrom\lectures\jscr\img016.gif --> cps.msu.edu /user/cd/cps291/lectures/jscr img016.gif
98.03.12 23:34 B D:\cdrom\lectures\jscr\img017.gif --> cps.msu.edu /user/cd/cps291/lectures/jscr img017.gif
98.03.12 23:34 B D:\cdrom\lectures\jscr\img018.gif --> cps.msu.edu /user/cd/cps291/lectures/jscr img018.gif
98.03.12 23:34 B D:\cdrom\lectures\jscr\img019.gif --> cps.msu.edu /user/cd/cps291/lectures/jscr img019.gif
98.03.12 23:34 B D:\cdrom\lectures\jscr\img020.gif --> cps.msu.edu /user/cd/cps291/lectures/jscr img020.gif
98.03.12 23:34 B D:\cdrom\lectures\jscr\img021.gif --> cps.msu.edu /user/cd/cps291/lectures/jscr img021.gif
98.03.12 23:34 B D:\cdrom\lectures\jscr\img022.gif --> cps.msu.edu /user/cd/cps291/lectures/jscr img022.gif
98.03.12 23:34 B D:\cdrom\lectures\jscr\img023.gif --> cps.msu.edu /user/cd/cps291/lectures/jscr img023.gif
98.03.12 23:34 B D:\cdrom\lectures\jscr\img024.gif --> cps.msu.edu /user/cd/cps291/lectures/jscr img024.gif
98.03.12 23:34 B D:\cdrom\lectures\jscr\img025.gif --> cps.msu.edu /user/cd/cps291/lectures/jscr img025.gif
98.03.12 23:34 B D:\cdrom\lectures\jscr\img026.gif --> cps.msu.edu /user/cd/cps291/lectures/jscr img026.gif
98.03.12 23:34 B D:\cdrom\lectures\jscr\img027.gif --> cps.msu.edu /user/cd/cps291/lectures/jscr img027.gif
98.03.12 23:34 B D:\cdrom\lectures\jscr\img028.gif --> cps.msu.edu /user/cd/cps291/lectures/jscr img028.gif
98.03.12 23:34 B D:\cdrom\lectures\jscr\img029.gif --> cps.msu.edu /user/cd/cps291/lectures/jscr img029.gif
98.03.12 23:34 B D:\cdrom\lectures\jscr\img030.gif --> cps.msu.edu /user/cd/cps291/lectures/jscr img030.gif
98.03.12 23:34 B D:\cdrom\lectures\jscr\img031.gif --> cps.msu.edu /user/cd/cps291/lectures/jscr img031.gif
98.03.12 23:34 B D:\cdrom\lectures\jscr\img1.jpg --> cps.msu.edu /user/cd/cps291/lectures/jscr img1.jpg
98.03.12 23:34 B D:\cdrom\lectures\jscr\img10.jpg --> cps.msu.edu /user/cd/cps291/lectures/jscr img10.jpg
98.03.12 23:34 B D:\cdrom\lectures\jscr\img11.jpg --> cps.msu.edu /user/cd/cps291/lectures/jscr img11.jpg
98.03.12 23:34 B D:\cdrom\lectures\jscr\img12.jpg --> cps.msu.edu /user/cd/cps291/lectures/jscr img12.jpg
98.03.12 23:34 B D:\cdrom\lectures\jscr\img13.jpg --> cps.msu.edu /user/cd/cps291/lectures/jscr img13.jpg
98.03.12 23:34 B D:\cdrom\lectures\jscr\img14.jpg --> cps.msu.edu /user/cd/cps291/lectures/jscr img14.jpg
98.03.12 23:34 B D:\cdrom\lectures\jscr\img15.jpg --> cps.msu.edu /user/cd/cps291/lectures/jscr img15.jpg
98.03.12 23:34 B D:\cdrom\lectures\jscr\img16.jpg --> cps.msu.edu /user/cd/cps291/lectures/jscr img16.jpg
98.03.12 23:34 B D:\cdrom\lectures\jscr\img17.jpg --> cps.msu.edu /user/cd/cps291/lectures/jscr img17.jpg
98.03.12 23:34 B D:\cdrom\lectures\jscr\img18.jpg --> cps.msu.edu /user/cd/cps291/lectures/jscr img18.jpg
98.03.12 23:34 B D:\cdrom\lectures\jscr\img19.jpg --> cps.msu.edu /user/cd/cps291/lectures/jscr img19.jpg
98.03.12 23:34 B D:\cdrom\lectures\jscr\img2.jpg --> cps.msu.edu /user/cd/cps291/lectures/jscr img2.jpg
98.03.12 23:34 B D:\cdrom\lectures\jscr\img20.jpg --> cps.msu.edu /user/cd/cps291/lectures/jscr img20.jpg
98.03.12 23:34 B D:\cdrom\lectures\jscr\img21.jpg --> cps.msu.edu /user/cd/cps291/lectures/jscr img21.jpg
98.03.12 23:34 B D:\cdrom\lectures\jscr\img22.jpg --> cps.msu.edu /user/cd/cps291/lectures/jscr img22.jpg
98.03.12 23:34 B D:\cdrom\lectures\jscr\img23.jpg --> cps.msu.edu /user/cd/cps291/lectures/jscr img23.jpg
98.03.12 23:34 B D:\cdrom\lectures\jscr\img24.jpg --> cps.msu.edu /user/cd/cps291/lectures/jscr img24.jpg
98.03.12 23:34 B D:\cdrom\lectures\jscr\img25.jpg --> cps.msu.edu /user/cd/cps291/lectures/jscr img25.jpg
98.03.12 23:34 B D:\cdrom\lectures\jscr\img26.jpg --> cps.msu.edu /user/cd/cps291/lectures/jscr img26.jpg
98.03.12 23:34 B D:\cdrom\lectures\jscr\img27.jpg --> cps.msu.edu /user/cd/cps291/lectures/jscr img27.jpg
98.03.12 23:34 B D:\cdrom\lectures\jscr\img28.jpg --> cps.msu.edu /user/cd/cps291/lectures/jscr img28.jpg
98.03.12 23:34 B D:\cdrom\lectures\jscr\img29.jpg --> cps.msu.edu /user/cd/cps291/lectures/jscr img29.jpg
98.03.12 23:34 B D:\cdrom\lectures\jscr\img3.jpg --> cps.msu.edu /user/cd/cps291/lectures/jscr img3.jpg
98.03.12 23:34 B D:\cdrom\lectures\jscr\img30.jpg --> cps.msu.edu /user/cd/cps291/lectures/jscr img30.jpg
98.03.12 23:34 B D:\cdrom\lectures\jscr\img31.jpg --> cps.msu.edu /user/cd/cps291/lectures/jscr img31.jpg
98.03.12 23:34 B D:\cdrom\lectures\jscr\img4.jpg --> cps.msu.edu /user/cd/cps291/lectures/jscr img4.jpg
98.03.12 23:34 B D:\cdrom\lectures\jscr\img5.jpg --> cps.msu.edu /user/cd/cps291/lectures/jscr img5.jpg
98.03.12 23:34 B D:\cdrom\lectures\jscr\img6.jpg --> cps.msu.edu /user/cd/cps291/lectures/jscr img6.jpg
98.03.12 23:34 B D:\cdrom\lectures\jscr\img7.jpg --> cps.msu.edu /user/cd/cps291/lectures/jscr img7.jpg
98.03.12 23:34 B D:\cdrom\lectures\jscr\img8.jpg --> cps.msu.edu /user/cd/cps291/lectures/jscr img8.jpg
98.03.12 23:34 B D:\cdrom\lectures\jscr\img9.jpg --> cps.msu.edu /user/cd/cps291/lectures/jscr img9.jpg
98.03.12 23:34 B D:\cdrom\lectures\jscr\index.crs --> cps.msu.edu /user/cd/cps291/lectures/jscr index.crs
98.03.12 23:34 B D:\cdrom\lectures\jscr\index.htm --> cps.msu.edu /user/cd/cps291/lectures/jscr index.htm
98.03.12 23:34 B D:\cdrom\lectures\jscr\inst160.gif --> cps.msu.edu /user/cd/cps291/lectures/jscr inst160.gif
98.03.12 23:34 B D:\cdrom\lectures\jscr\jlist.htm --> cps.msu.edu /user/cd/cps291/lectures/jscr jlist.htm
98.03.12 23:34 B D:\cdrom\lectures\jscr\jscr1.rat --> cps.msu.edu /user/cd/cps291/lectures/jscr jscr1.rat
98.03.12 23:35 B D:\cdrom\lectures\jscr\jscr1.rm --> cps.msu.edu /user/cd/cps291/lectures/jscr jscr1.rm
98.03.12 23:35 B D:\cdrom\lectures\jscr\jscr1v.ram --> cps.msu.edu /user/cd/cps291/lectures/jscr jscr1v.ram
98.03.12 23:35 B D:\cdrom\lectures\jscr\jscr1v.rpm --> cps.msu.edu /user/cd/cps291/lectures/jscr jscr1v.rpm
98.03.12 23:35 B D:\cdrom\lectures\jscr\jscr1vf.htm --> cps.msu.edu /user/cd/cps291/lectures/jscr jscr1vf.htm
98.03.12 23:35 B D:\cdrom\lectures\jscr\jscr1vn.htm --> cps.msu.edu /user/cd/cps291/lectures/jscr jscr1vn.htm
98.03.12 23:35 B D:\cdrom\lectures\jscr\jscr1vp.ram --> cps.msu.edu /user/cd/cps291/lectures/jscr jscr1vp.ram
98.03.12 23:35 B D:\cdrom\lectures\jscr\jscr2.rat --> cps.msu.edu /user/cd/cps291/lectures/jscr jscr2.rat
98.03.12 23:35 B D:\cdrom\lectures\jscr\jscr2.rm --> cps.msu.edu /user/cd/cps291/lectures/jscr jscr2.rm
98.03.12 23:35 B D:\cdrom\lectures\jscr\jscr2v.ram --> cps.msu.edu /user/cd/cps291/lectures/jscr jscr2v.ram
98.03.12 23:35 B D:\cdrom\lectures\jscr\jscr2v.rpm --> cps.msu.edu /user/cd/cps291/lectures/jscr jscr2v.rpm
98.03.12 23:35 B D:\cdrom\lectures\jscr\jscr2vf.htm --> cps.msu.edu /user/cd/cps291/lectures/jscr jscr2vf.htm
98.03.12 23:35 B D:\cdrom\lectures\jscr\jscr2vn.htm --> cps.msu.edu /user/cd/cps291/lectures/jscr jscr2vn.htm
98.03.12 23:35 B D:\cdrom\lectures\jscr\jscr2vp.ram --> cps.msu.edu /user/cd/cps291/lectures/jscr jscr2vp.ram
98.03.12 23:35 B D:\cdrom\lectures\jscr\jscr3.rat --> cps.msu.edu /user/cd/cps291/lectures/jscr jscr3.rat
98.03.12 23:35 B D:\cdrom\lectures\jscr\jscr3.rm --> cps.msu.edu /user/cd/cps291/lectures/jscr jscr3.rm
98.03.12 23:35 B D:\cdrom\lectures\jscr\jscr3v.ram --> cps.msu.edu /user/cd/cps291/lectures/jscr jscr3v.ram
98.03.12 23:35 B D:\cdrom\lectures\jscr\jscr3v.rpm --> cps.msu.edu /user/cd/cps291/lectures/jscr jscr3v.rpm
98.03.12 23:35 B D:\cdrom\lectures\jscr\jscr3vf.htm --> cps.msu.edu /user/cd/cps291/lectures/jscr jscr3vf.htm
98.03.12 23:35 B D:\cdrom\lectures\jscr\jscr3vn.htm --> cps.msu.edu /user/cd/cps291/lectures/jscr jscr3vn.htm
98.03.12 23:35 B D:\cdrom\lectures\jscr\jscr3vp.ram --> cps.msu.edu /user/cd/cps291/lectures/jscr jscr3vp.ram
98.03.12 23:35 B D:\cdrom\lectures\jscr\list.htm --> cps.msu.edu /user/cd/cps291/lectures/jscr list.htm
98.03.12 23:35 B D:\cdrom\lectures\jscr\log.log --> cps.msu.edu /user/cd/cps291/lectures/jscr log.log
98.03.12 23:35 B D:\cdrom\lectures\jscr\makeind.mnu --> cps.msu.edu /user/cd/cps291/lectures/jscr makeind.mnu
98.03.12 23:35 B D:\cdrom\lectures\jscr\makeind.sed --> cps.msu.edu /user/cd/cps291/lectures/jscr makeind.sed
98.03.12 23:35 B D:\cdrom\lectures\jscr\navcal.gif --> cps.msu.edu /user/cd/cps291/lectures/jscr navcal.gif
98.03.12 23:35 B D:\cdrom\lectures\jscr\process.bat --> cps.msu.edu /user/cd/cps291/lectures/jscr process.bat
98.03.12 23:35 B D:\cdrom\lectures\jscr\sld001.htm --> cps.msu.edu /user/cd/cps291/lectures/jscr sld001.htm
98.03.12 23:35 B D:\cdrom\lectures\jscr\sld002.htm --> cps.msu.edu /user/cd/cps291/lectures/jscr sld002.htm
98.03.12 23:35 B D:\cdrom\lectures\jscr\sld003.htm --> cps.msu.edu /user/cd/cps291/lectures/jscr sld003.htm
98.03.12 23:35 B D:\cdrom\lectures\jscr\sld004.htm --> cps.msu.edu /user/cd/cps291/lectures/jscr sld004.htm
98.03.12 23:35 B D:\cdrom\lectures\jscr\sld005.htm --> cps.msu.edu /user/cd/cps291/lectures/jscr sld005.htm
98.03.12 23:35 B D:\cdrom\lectures\jscr\sld006.htm --> cps.msu.edu /user/cd/cps291/lectures/jscr sld006.htm
98.03.12 23:35 B D:\cdrom\lectures\jscr\sld007.htm --> cps.msu.edu /user/cd/cps291/lectures/jscr sld007.htm
98.03.12 23:35 B D:\cdrom\lectures\jscr\sld008.htm --> cps.msu.edu /user/cd/cps291/lectures/jscr sld008.htm
98.03.12 23:35 B D:\cdrom\lectures\jscr\sld009.htm --> cps.msu.edu /user/cd/cps291/lectures/jscr sld009.htm
98.03.12 23:35 B D:\cdrom\lectures\jscr\sld010.htm --> cps.msu.edu /user/cd/cps291/lectures/jscr sld010.htm
98.03.12 23:35 B D:\cdrom\lectures\jscr\sld011.htm --> cps.msu.edu /user/cd/cps291/lectures/jscr sld011.htm
98.03.12 23:35 B D:\cdrom\lectures\jscr\sld012.htm --> cps.msu.edu /user/cd/cps291/lectures/jscr sld012.htm
98.03.12 23:35 B D:\cdrom\lectures\jscr\sld013.htm --> cps.msu.edu /user/cd/cps291/lectures/jscr sld013.htm
98.03.12 23:35 B D:\cdrom\lectures\jscr\sld014.htm --> cps.msu.edu /user/cd/cps291/lectures/jscr sld014.htm
98.03.12 23:35 B D:\cdrom\lectures\jscr\sld015.htm --> cps.msu.edu /user/cd/cps291/lectures/jscr sld015.htm
98.03.12 23:35 B D:\cdrom\lectures\jscr\sld016.htm --> cps.msu.edu /user/cd/cps291/lectures/jscr sld016.htm
98.03.12 23:35 B D:\cdrom\lectures\jscr\sld017.htm --> cps.msu.edu /user/cd/cps291/lectures/jscr sld017.htm
98.03.12 23:35 B D:\cdrom\lectures\jscr\sld018.htm --> cps.msu.edu /user/cd/cps291/lectures/jscr sld018.htm
98.03.12 23:35 B D:\cdrom\lectures\jscr\sld019.htm --> cps.msu.edu /user/cd/cps291/lectures/jscr sld019.htm
98.03.12 23:35 B D:\cdrom\lectures\jscr\sld020.htm --> cps.msu.edu /user/cd/cps291/lectures/jscr sld020.htm
98.03.12 23:35 B D:\cdrom\lectures\jscr\sld021.htm --> cps.msu.edu /user/cd/cps291/lectures/jscr sld021.htm
98.03.12 23:35 B D:\cdrom\lectures\jscr\sld022.htm --> cps.msu.edu /user/cd/cps291/lectures/jscr sld022.htm
98.03.12 23:35 B D:\cdrom\lectures\jscr\sld023.htm --> cps.msu.edu /user/cd/cps291/lectures/jscr sld023.htm
98.03.12 23:35 B D:\cdrom\lectures\jscr\sld024.htm --> cps.msu.edu /user/cd/cps291/lectures/jscr sld024.htm
98.03.12 23:35 B D:\cdrom\lectures\jscr\sld025.htm --> cps.msu.edu /user/cd/cps291/lectures/jscr sld025.htm
98.03.12 23:35 B D:\cdrom\lectures\jscr\sld026.htm --> cps.msu.edu /user/cd/cps291/lectures/jscr sld026.htm
98.03.12 23:35 B D:\cdrom\lectures\jscr\sld027.htm --> cps.msu.edu /user/cd/cps291/lectures/jscr sld027.htm
98.03.12 23:35 B D:\cdrom\lectures\jscr\sld028.htm --> cps.msu.edu /user/cd/cps291/lectures/jscr sld028.htm
98.03.12 23:35 B D:\cdrom\lectures\jscr\sld029.htm --> cps.msu.edu /user/cd/cps291/lectures/jscr sld029.htm
98.03.12 23:35 B D:\cdrom\lectures\jscr\sld030.htm --> cps.msu.edu /user/cd/cps291/lectures/jscr sld030.htm
98.03.12 23:35 B D:\cdrom\lectures\jscr\sld031.htm --> cps.msu.edu /user/cd/cps291/lectures/jscr sld031.htm
98.03.12 23:35 B D:\cdrom\lectures\jscr\tlist.htm --> cps.msu.edu /user/cd/cps291/lectures/jscr tlist.htm
98.03.12 23:35 B D:\cdrom\lectures\jscr\tmp.tmp --> cps.msu.edu /user/cd/cps291/lectures/jscr tmp.tmp
98.03.12 23:35 B D:\cdrom\lectures\jscr\top.htm --> cps.msu.edu /user/cd/cps291/lectures/jscr top.htm
98.03.12 23:35 B D:\cdrom\lectures\jscr\tsld001.htm --> cps.msu.edu /user/cd/cps291/lectures/jscr tsld001.htm
98.03.12 23:35 B D:\cdrom\lectures\jscr\tsld002.htm --> cps.msu.edu /user/cd/cps291/lectures/jscr tsld002.htm
98.03.12 23:35 B D:\cdrom\lectures\jscr\tsld003.htm --> cps.msu.edu /user/cd/cps291/lectures/jscr tsld003.htm
98.03.12 23:35 B D:\cdrom\lectures\jscr\tsld004.htm --> cps.msu.edu /user/cd/cps291/lectures/jscr tsld004.htm
98.03.12 23:35 B D:\cdrom\lectures\jscr\tsld005.htm --> cps.msu.edu /user/cd/cps291/lectures/jscr tsld005.htm
98.03.12 23:35 B D:\cdrom\lectures\jscr\tsld006.htm --> cps.msu.edu /user/cd/cps291/lectures/jscr tsld006.htm
98.03.12 23:35 B D:\cdrom\lectures\jscr\tsld007.htm --> cps.msu.edu /user/cd/cps291/lectures/jscr tsld007.htm
98.03.12 23:35 B D:\cdrom\lectures\jscr\tsld008.htm --> cps.msu.edu /user/cd/cps291/lectures/jscr tsld008.htm
98.03.12 23:35 B D:\cdrom\lectures\jscr\tsld009.htm --> cps.msu.edu /user/cd/cps291/lectures/jscr tsld009.htm
98.03.12 23:35 B D:\cdrom\lectures\jscr\tsld010.htm --> cps.msu.edu /user/cd/cps291/lectures/jscr tsld010.htm
98.03.12 23:35 B D:\cdrom\lectures\jscr\tsld011.htm --> cps.msu.edu /user/cd/cps291/lectures/jscr tsld011.htm
98.03.12 23:35 B D:\cdrom\lectures\jscr\tsld012.htm --> cps.msu.edu /user/cd/cps291/lectures/jscr tsld012.htm
98.03.12 23:35 B D:\cdrom\lectures\jscr\tsld013.htm --> cps.msu.edu /user/cd/cps291/lectures/jscr tsld013.htm
98.03.12 23:35 B D:\cdrom\lectures\jscr\tsld014.htm --> cps.msu.edu /user/cd/cps291/lectures/jscr tsld014.htm
98.03.12 23:35 B D:\cdrom\lectures\jscr\tsld015.htm --> cps.msu.edu /user/cd/cps291/lectures/jscr tsld015.htm
98.03.12 23:35 B D:\cdrom\lectures\jscr\tsld016.htm --> cps.msu.edu /user/cd/cps291/lectures/jscr tsld016.htm
98.03.12 23:35 B D:\cdrom\lectures\jscr\tsld017.htm --> cps.msu.edu /user/cd/cps291/lectures/jscr tsld017.htm
98.03.12 23:35 B D:\cdrom\lectures\jscr\tsld018.htm --> cps.msu.edu /user/cd/cps291/lectures/jscr tsld018.htm
98.03.12 23:35 B D:\cdrom\lectures\jscr\tsld019.htm --> cps.msu.edu /user/cd/cps291/lectures/jscr tsld019.htm
98.03.12 23:35 B D:\cdrom\lectures\jscr\tsld020.htm --> cps.msu.edu /user/cd/cps291/lectures/jscr tsld020.htm
98.03.12 23:35 B D:\cdrom\lectures\jscr\tsld021.htm --> cps.msu.edu /user/cd/cps291/lectures/jscr tsld021.htm
98.03.12 23:35 B D:\cdrom\lectures\jscr\tsld022.htm --> cps.msu.edu /user/cd/cps291/lectures/jscr tsld022.htm
98.03.12 23:35 B D:\cdrom\lectures\jscr\tsld023.htm --> cps.msu.edu /user/cd/cps291/lectures/jscr tsld023.htm
98.03.12 23:35 B D:\cdrom\lectures\jscr\tsld024.htm --> cps.msu.edu /user/cd/cps291/lectures/jscr tsld024.htm
98.03.12 23:35 B D:\cdrom\lectures\jscr\tsld025.htm --> cps.msu.edu /user/cd/cps291/lectures/jscr tsld025.htm
98.03.12 23:35 B D:\cdrom\lectures\jscr\tsld026.htm --> cps.msu.edu /user/cd/cps291/lectures/jscr tsld026.htm
98.03.12 23:35 B D:\cdrom\lectures\jscr\tsld027.htm --> cps.msu.edu /user/cd/cps291/lectures/jscr tsld027.htm
98.03.12 23:35 B D:\cdrom\lectures\jscr\tsld028.htm --> cps.msu.edu /user/cd/cps291/lectures/jscr tsld028.htm
98.03.12 23:35 B D:\cdrom\lectures\jscr\tsld029.htm --> cps.msu.edu /user/cd/cps291/lectures/jscr tsld029.htm
98.03.12 23:35 B D:\cdrom\lectures\jscr\tsld030.htm --> cps.msu.edu /user/cd/cps291/lectures/jscr tsld030.htm
98.03.12 23:35 B D:\cdrom\lectures\jscr\tsld031.htm --> cps.msu.edu /user/cd/cps291/lectures/jscr tsld031.htm
98.03.12 23:35 B D:\cdrom\lectures\jscr\vf001.htm --> cps.msu.edu /user/cd/cps291/lectures/jscr vf001.htm
98.03.12 23:35 B D:\cdrom\lectures\jscr\vf002.htm --> cps.msu.edu /user/cd/cps291/lectures/jscr vf002.htm
98.03.12 23:35 B D:\cdrom\lectures\jscr\vf003.htm --> cps.msu.edu /user/cd/cps291/lectures/jscr vf003.htm
98.03.12 23:35 B D:\cdrom\lectures\jscr\vf004.htm --> cps.msu.edu /user/cd/cps291/lectures/jscr vf004.htm
98.03.12 23:35 B D:\cdrom\lectures\jscr\vf005.htm --> cps.msu.edu /user/cd/cps291/lectures/jscr vf005.htm
98.03.12 23:35 B D:\cdrom\lectures\jscr\vf006.htm --> cps.msu.edu /user/cd/cps291/lectures/jscr vf006.htm
98.03.12 23:35 B D:\cdrom\lectures\jscr\vf007.htm --> cps.msu.edu /user/cd/cps291/lectures/jscr vf007.htm
98.03.12 23:35 B D:\cdrom\lectures\jscr\vf008.htm --> cps.msu.edu /user/cd/cps291/lectures/jscr vf008.htm
98.03.12 23:35 B D:\cdrom\lectures\jscr\vf009.htm --> cps.msu.edu /user/cd/cps291/lectures/jscr vf009.htm
98.03.12 23:35 B D:\cdrom\lectures\jscr\vf010.htm --> cps.msu.edu /user/cd/cps291/lectures/jscr vf010.htm
98.03.12 23:35 B D:\cdrom\lectures\jscr\vf011.htm --> cps.msu.edu /user/cd/cps291/lectures/jscr vf011.htm
98.03.12 23:35 B D:\cdrom\lectures\jscr\vf012.htm --> cps.msu.edu /user/cd/cps291/lectures/jscr vf012.htm
98.03.12 23:35 B D:\cdrom\lectures\jscr\vf013.htm --> cps.msu.edu /user/cd/cps291/lectures/jscr vf013.htm
98.03.12 23:35 B D:\cdrom\lectures\jscr\vf014.htm --> cps.msu.edu /user/cd/cps291/lectures/jscr vf014.htm
98.03.12 23:35 B D:\cdrom\lectures\jscr\vf015.htm --> cps.msu.edu /user/cd/cps291/lectures/jscr vf015.htm
98.03.12 23:35 B D:\cdrom\lectures\jscr\vf016.htm --> cps.msu.edu /user/cd/cps291/lectures/jscr vf016.htm
98.03.12 23:35 B D:\cdrom\lectures\jscr\vf017.htm --> cps.msu.edu /user/cd/cps291/lectures/jscr vf017.htm
98.03.12 23:35 B D:\cdrom\lectures\jscr\vf018.htm --> cps.msu.edu /user/cd/cps291/lectures/jscr vf018.htm
98.03.12 23:35 B D:\cdrom\lectures\jscr\vf019.htm --> cps.msu.edu /user/cd/cps291/lectures/jscr vf019.htm
98.03.12 23:35 B D:\cdrom\lectures\jscr\vf020.htm --> cps.msu.edu /user/cd/cps291/lectures/jscr vf020.htm
98.03.12 23:35 B D:\cdrom\lectures\jscr\vf021.htm --> cps.msu.edu /user/cd/cps291/lectures/jscr vf021.htm
98.03.12 23:35 B D:\cdrom\lectures\jscr\vf022.htm --> cps.msu.edu /user/cd/cps291/lectures/jscr vf022.htm
98.03.12 23:35 B D:\cdrom\lectures\jscr\vf023.htm --> cps.msu.edu /user/cd/cps291/lectures/jscr vf023.htm
98.03.12 23:35 B D:\cdrom\lectures\jscr\vf024.htm --> cps.msu.edu /user/cd/cps291/lectures/jscr vf024.htm
98.03.12 23:35 B D:\cdrom\lectures\jscr\vf025.htm --> cps.msu.edu /user/cd/cps291/lectures/jscr vf025.htm
98.03.12 23:35 B D:\cdrom\lectures\jscr\vf026.htm --> cps.msu.edu /user/cd/cps291/lectures/jscr vf026.htm
98.03.12 23:35 B D:\cdrom\lectures\jscr\vf027.htm --> cps.msu.edu /user/cd/cps291/lectures/jscr vf027.htm
98.03.12 23:35 B D:\cdrom\lectures\jscr\vf028.htm --> cps.msu.edu /user/cd/cps291/lectures/jscr vf028.htm
98.03.12 23:35 B D:\cdrom\lectures\jscr\vf029.htm --> cps.msu.edu /user/cd/cps291/lectures/jscr vf029.htm
98.03.12 23:35 B D:\cdrom\lectures\jscr\vf030.htm --> cps.msu.edu /user/cd/cps291/lectures/jscr vf030.htm
98.03.12 23:35 B D:\cdrom\lectures\jscr\vf031.htm --> cps.msu.edu /user/cd/cps291/lectures/jscr vf031.htm
98.03.12 23:35 B D:\cdrom\lectures\jscr\vn001.htm --> cps.msu.edu /user/cd/cps291/lectures/jscr vn001.htm
98.03.12 23:35 B D:\cdrom\lectures\jscr\vn002.htm --> cps.msu.edu /user/cd/cps291/lectures/jscr vn002.htm
98.03.12 23:35 B D:\cdrom\lectures\jscr\vn003.htm --> cps.msu.edu /user/cd/cps291/lectures/jscr vn003.htm
98.03.12 23:35 B D:\cdrom\lectures\jscr\vn004.htm --> cps.msu.edu /user/cd/cps291/lectures/jscr vn004.htm
98.03.12 23:35 B D:\cdrom\lectures\jscr\vn005.htm --> cps.msu.edu /user/cd/cps291/lectures/jscr vn005.htm
98.03.12 23:35 B D:\cdrom\lectures\jscr\vn006.htm --> cps.msu.edu /user/cd/cps291/lectures/jscr vn006.htm
98.03.12 23:35 B D:\cdrom\lectures\jscr\vn007.htm --> cps.msu.edu /user/cd/cps291/lectures/jscr vn007.htm
98.03.12 23:35 B D:\cdrom\lectures\jscr\vn008.htm --> cps.msu.edu /user/cd/cps291/lectures/jscr vn008.htm
98.03.12 23:35 B D:\cdrom\lectures\jscr\vn009.htm --> cps.msu.edu /user/cd/cps291/lectures/jscr vn009.htm
98.03.12 23:35 B D:\cdrom\lectures\jscr\vn010.htm --> cps.msu.edu /user/cd/cps291/lectures/jscr vn010.htm
98.03.12 23:35 B D:\cdrom\lectures\jscr\vn011.htm --> cps.msu.edu /user/cd/cps291/lectures/jscr vn011.htm
98.03.12 23:35 B D:\cdrom\lectures\jscr\vn012.htm --> cps.msu.edu /user/cd/cps291/lectures/jscr vn012.htm
98.03.12 23:35 B D:\cdrom\lectures\jscr\vn013.htm --> cps.msu.edu /user/cd/cps291/lectures/jscr vn013.htm
98.03.12 23:35 B D:\cdrom\lectures\jscr\vn014.htm --> cps.msu.edu /user/cd/cps291/lectures/jscr vn014.htm
98.03.12 23:35 B D:\cdrom\lectures\jscr\vn015.htm --> cps.msu.edu /user/cd/cps291/lectures/jscr vn015.htm
98.03.12 23:35 B D:\cdrom\lectures\jscr\vn016.htm --> cps.msu.edu /user/cd/cps291/lectures/jscr vn016.htm
98.03.12 23:35 B D:\cdrom\lectures\jscr\vn017.htm --> cps.msu.edu /user/cd/cps291/lectures/jscr vn017.htm
98.03.12 23:35 B D:\cdrom\lectures\jscr\vn018.htm --> cps.msu.edu /user/cd/cps291/lectures/jscr vn018.htm
98.03.12 23:35 B D:\cdrom\lectures\jscr\vn019.htm --> cps.msu.edu /user/cd/cps291/lectures/jscr vn019.htm
98.03.12 23:35 B D:\cdrom\lectures\jscr\vn020.htm --> cps.msu.edu /user/cd/cps291/lectures/jscr vn020.htm
98.03.12 23:35 B D:\cdrom\lectures\jscr\vn021.htm --> cps.msu.edu /user/cd/cps291/lectures/jscr vn021.htm
98.03.12 23:35 B D:\cdrom\lectures\jscr\vn022.htm --> cps.msu.edu /user/cd/cps291/lectures/jscr vn022.htm
98.03.12 23:35 B D:\cdrom\lectures\jscr\vn023.htm --> cps.msu.edu /user/cd/cps291/lectures/jscr vn023.htm
98.03.12 23:35 B D:\cdrom\lectures\jscr\vn024.htm --> cps.msu.edu /user/cd/cps291/lectures/jscr vn024.htm
98.03.12 23:35 B D:\cdrom\lectures\jscr\vn025.htm --> cps.msu.edu /user/cd/cps291/lectures/jscr vn025.htm
98.03.12 23:35 B D:\cdrom\lectures\jscr\vn026.htm --> cps.msu.edu /user/cd/cps291/lectures/jscr vn026.htm
98.03.12 23:35 B D:\cdrom\lectures\jscr\vn027.htm --> cps.msu.edu /user/cd/cps291/lectures/jscr vn027.htm
98.03.12 23:35 B D:\cdrom\lectures\jscr\vn028.htm --> cps.msu.edu /user/cd/cps291/lectures/jscr vn028.htm
98.03.12 23:35 B D:\cdrom\lectures\jscr\vn029.htm --> cps.msu.edu /user/cd/cps291/lectures/jscr vn029.htm
98.03.12 23:35 B D:\cdrom\lectures\jscr\vn030.htm --> cps.msu.edu /user/cd/cps291/lectures/jscr vn030.htm
98.03.12 23:35 B D:\cdrom\lectures\jscr\vn031.htm --> cps.msu.edu /user/cd/cps291/lectures/jscr vn031.htm
98.03.12 23:35 B D:\cdrom\lectures\jscr\vr001.rpm --> cps.msu.edu /user/cd/cps291/lectures/jscr vr001.rpm
98.03.12 23:35 B D:\cdrom\lectures\jscr\vr002.rpm --> cps.msu.edu /user/cd/cps291/lectures/jscr vr002.rpm
98.03.12 23:35 B D:\cdrom\lectures\jscr\vr003.rpm --> cps.msu.edu /user/cd/cps291/lectures/jscr vr003.rpm
98.03.12 23:35 B D:\cdrom\lectures\jscr\vr004.rpm --> cps.msu.edu /user/cd/cps291/lectures/jscr vr004.rpm
98.03.12 23:35 B D:\cdrom\lectures\jscr\vr005.rpm --> cps.msu.edu /user/cd/cps291/lectures/jscr vr005.rpm
98.03.12 23:35 B D:\cdrom\lectures\jscr\vr006.rpm --> cps.msu.edu /user/cd/cps291/lectures/jscr vr006.rpm
98.03.12 23:35 B D:\cdrom\lectures\jscr\vr007.rpm --> cps.msu.edu /user/cd/cps291/lectures/jscr vr007.rpm
98.03.12 23:35 B D:\cdrom\lectures\jscr\vr008.rpm --> cps.msu.edu /user/cd/cps291/lectures/jscr vr008.rpm
98.03.12 23:35 B D:\cdrom\lectures\jscr\vr009.rpm --> cps.msu.edu /user/cd/cps291/lectures/jscr vr009.rpm
98.03.12 23:35 B D:\cdrom\lectures\jscr\vr010.rpm --> cps.msu.edu /user/cd/cps291/lectures/jscr vr010.rpm
98.03.12 23:35 B D:\cdrom\lectures\jscr\vr011.rpm --> cps.msu.edu /user/cd/cps291/lectures/jscr vr011.rpm
98.03.12 23:35 B D:\cdrom\lectures\jscr\vr012.rpm --> cps.msu.edu /user/cd/cps291/lectures/jscr vr012.rpm
98.03.12 23:35 B D:\cdrom\lectures\jscr\vr013.rpm --> cps.msu.edu /user/cd/cps291/lectures/jscr vr013.rpm
98.03.12 23:35 B D:\cdrom\lectures\jscr\vr014.rpm --> cps.msu.edu /user/cd/cps291/lectures/jscr vr014.rpm
98.03.12 23:35 B D:\cdrom\lectures\jscr\vr015.rpm --> cps.msu.edu /user/cd/cps291/lectures/jscr vr015.rpm
98.03.12 23:35 B D:\cdrom\lectures\jscr\vr016.rpm --> cps.msu.edu /user/cd/cps291/lectures/jscr vr016.rpm
98.03.12 23:35 B D:\cdrom\lectures\jscr\vr017.rpm --> cps.msu.edu /user/cd/cps291/lectures/jscr vr017.rpm
98.03.12 23:35 B D:\cdrom\lectures\jscr\vr018.rpm --> cps.msu.edu /user/cd/cps291/lectures/jscr vr018.rpm
98.03.12 23:35 B D:\cdrom\lectures\jscr\vr019.rpm --> cps.msu.edu /user/cd/cps291/lectures/jscr vr019.rpm
98.03.12 23:35 B D:\cdrom\lectures\jscr\vr020.rpm --> cps.msu.edu /user/cd/cps291/lectures/jscr vr020.rpm
98.03.12 23:35 B D:\cdrom\lectures\jscr\vr021.rpm --> cps.msu.edu /user/cd/cps291/lectures/jscr vr021.rpm
98.03.12 23:35 B D:\cdrom\lectures\jscr\vr022.rpm --> cps.msu.edu /user/cd/cps291/lectures/jscr vr022.rpm
98.03.12 23:35 B D:\cdrom\lectures\jscr\vr023.rpm --> cps.msu.edu /user/cd/cps291/lectures/jscr vr023.rpm
98.03.12 23:35 B D:\cdrom\lectures\jscr\vr024.rpm --> cps.msu.edu /user/cd/cps291/lectures/jscr vr024.rpm
98.03.12 23:35 B D:\cdrom\lectures\jscr\vr025.rpm --> cps.msu.edu /user/cd/cps291/lectures/jscr vr025.rpm
98.03.12 23:35 B D:\cdrom\lectures\jscr\vr026.rpm --> cps.msu.edu /user/cd/cps291/lectures/jscr vr026.rpm
98.03.12 23:36 B D:\cdrom\lectures\jscr\vr027.rpm --> cps.msu.edu /user/cd/cps291/lectures/jscr vr027.rpm
98.03.12 23:36 B D:\cdrom\lectures\jscr\vr028.rpm --> cps.msu.edu /user/cd/cps291/lectures/jscr vr028.rpm
98.03.12 23:36 B D:\cdrom\lectures\jscr\vr029.rpm --> cps.msu.edu /user/cd/cps291/lectures/jscr vr029.rpm
98.03.12 23:36 B D:\cdrom\lectures\jscr\vr030.rpm --> cps.msu.edu /user/cd/cps291/lectures/jscr vr030.rpm
98.03.12 23:36 B D:\cdrom\lectures\jscr\vr031.rpm --> cps.msu.edu /user/cd/cps291/lectures/jscr vr031.rpm
98.03.12 23:36 B D:\cdrom\lectures\jscr\WS_FTP.LOG --> cps.msu.edu /user/cd/cps291/lectures/jscr WS_FTP.LOG
98.03.13 09:19 B D:\cdrom\lectures\jscr\aaindex.htm --> cps.msu.edu /user/cd/cps291/lectures/jscr aaindex.htm
98.03.13 09:19 B D:\cdrom\lectures\jscr\cache.htm --> cps.msu.edu /user/cd/cps291/lectures/jscr cache.htm
98.03.13 09:19 B D:\cdrom\lectures\jscr\empty.rpm --> cps.msu.edu /user/cd/cps291/lectures/jscr empty.rpm
98.03.13 09:19 B D:\cdrom\lectures\jscr\getreal.jpg --> cps.msu.edu /user/cd/cps291/lectures/jscr getreal.jpg
98.03.13 09:19 B D:\cdrom\lectures\jscr\img001.gif --> cps.msu.edu /user/cd/cps291/lectures/jscr img001.gif
98.03.13 09:19 B D:\cdrom\lectures\jscr\img002.gif --> cps.msu.edu /user/cd/cps291/lectures/jscr img002.gif
98.03.13 09:19 B D:\cdrom\lectures\jscr\img003.gif --> cps.msu.edu /user/cd/cps291/lectures/jscr img003.gif
98.03.13 09:19 B D:\cdrom\lectures\jscr\img004.gif --> cps.msu.edu /user/cd/cps291/lectures/jscr img004.gif
98.03.13 09:19 B D:\cdrom\lectures\jscr\img005.gif --> cps.msu.edu /user/cd/cps291/lectures/jscr img005.gif
98.03.13 09:19 B D:\cdrom\lectures\jscr\img006.gif --> cps.msu.edu /user/cd/cps291/lectures/jscr img006.gif
98.03.13 09:19 B D:\cdrom\lectures\jscr\img007.gif --> cps.msu.edu /user/cd/cps291/lectures/jscr img007.gif
98.03.13 09:19 B D:\cdrom\lectures\jscr\img008.gif --> cps.msu.edu /user/cd/cps291/lectures/jscr img008.gif
98.03.13 09:19 B D:\cdrom\lectures\jscr\img009.gif --> cps.msu.edu /user/cd/cps291/lectures/jscr img009.gif
98.03.13 09:19 B D:\cdrom\lectures\jscr\img010.gif --> cps.msu.edu /user/cd/cps291/lectures/jscr img010.gif
98.03.13 09:19 B D:\cdrom\lectures\jscr\img011.gif --> cps.msu.edu /user/cd/cps291/lectures/jscr img011.gif
98.03.13 09:19 B D:\cdrom\lectures\jscr\img012.gif --> cps.msu.edu /user/cd/cps291/lectures/jscr img012.gif
98.03.13 09:19 B D:\cdrom\lectures\jscr\img013.gif --> cps.msu.edu /user/cd/cps291/lectures/jscr img013.gif
98.03.13 09:19 B D:\cdrom\lectures\jscr\img014.gif --> cps.msu.edu /user/cd/cps291/lectures/jscr img014.gif
98.03.13 09:19 B D:\cdrom\lectures\jscr\img015.gif --> cps.msu.edu /user/cd/cps291/lectures/jscr img015.gif
98.03.13 09:19 B D:\cdrom\lectures\jscr\img016.gif --> cps.msu.edu /user/cd/cps291/lectures/jscr img016.gif
98.03.13 09:19 B D:\cdrom\lectures\jscr\img017.gif --> cps.msu.edu /user/cd/cps291/lectures/jscr img017.gif
98.03.13 09:19 B D:\cdrom\lectures\jscr\img018.gif --> cps.msu.edu /user/cd/cps291/lectures/jscr img018.gif
98.03.13 09:19 B D:\cdrom\lectures\jscr\img019.gif --> cps.msu.edu /user/cd/cps291/lectures/jscr img019.gif
98.03.13 09:19 B D:\cdrom\lectures\jscr\img020.gif --> cps.msu.edu /user/cd/cps291/lectures/jscr img020.gif
98.03.13 09:19 B D:\cdrom\lectures\jscr\img021.gif --> cps.msu.edu /user/cd/cps291/lectures/jscr img021.gif
98.03.13 09:19 B D:\cdrom\lectures\jscr\img022.gif --> cps.msu.edu /user/cd/cps291/lectures/jscr img022.gif
98.03.13 09:19 B D:\cdrom\lectures\jscr\img023.gif --> cps.msu.edu /user/cd/cps291/lectures/jscr img023.gif
98.03.13 09:19 B D:\cdrom\lectures\jscr\img024.gif --> cps.msu.edu /user/cd/cps291/lectures/jscr img024.gif
98.03.13 09:19 B D:\cdrom\lectures\jscr\img025.gif --> cps.msu.edu /user/cd/cps291/lectures/jscr img025.gif
98.03.13 09:19 B D:\cdrom\lectures\jscr\img026.gif --> cps.msu.edu /user/cd/cps291/lectures/jscr img026.gif
98.03.13 09:19 B D:\cdrom\lectures\jscr\img027.gif --> cps.msu.edu /user/cd/cps291/lectures/jscr img027.gif
98.03.13 09:19 B D:\cdrom\lectures\jscr\img028.gif --> cps.msu.edu /user/cd/cps291/lectures/jscr img028.gif
98.03.13 09:19 B D:\cdrom\lectures\jscr\img029.gif --> cps.msu.edu /user/cd/cps291/lectures/jscr img029.gif
98.03.13 09:19 B D:\cdrom\lectures\jscr\img030.gif --> cps.msu.edu /user/cd/cps291/lectures/jscr img030.gif
98.03.13 09:19 B D:\cdrom\lectures\jscr\img031.gif --> cps.msu.edu /user/cd/cps291/lectures/jscr img031.gif
98.03.13 09:19 B D:\cdrom\lectures\jscr\img1.jpg --> cps.msu.edu /user/cd/cps291/lectures/jscr img1.jpg
98.03.13 09:19 B D:\cdrom\lectures\jscr\img10.jpg --> cps.msu.edu /user/cd/cps291/lectures/jscr img10.jpg
98.03.13 09:19 B D:\cdrom\lectures\jscr\img11.jpg --> cps.msu.edu /user/cd/cps291/lectures/jscr img11.jpg
98.03.13 09:19 B D:\cdrom\lectures\jscr\img12.jpg --> cps.msu.edu /user/cd/cps291/lectures/jscr img12.jpg
98.03.13 09:19 B D:\cdrom\lectures\jscr\img13.jpg --> cps.msu.edu /user/cd/cps291/lectures/jscr img13.jpg
98.03.13 09:19 B D:\cdrom\lectures\jscr\img14.jpg --> cps.msu.edu /user/cd/cps291/lectures/jscr img14.jpg
98.03.13 09:19 B D:\cdrom\lectures\jscr\img15.jpg --> cps.msu.edu /user/cd/cps291/lectures/jscr img15.jpg
98.03.13 09:19 B D:\cdrom\lectures\jscr\img16.jpg --> cps.msu.edu /user/cd/cps291/lectures/jscr img16.jpg
98.03.13 09:19 B D:\cdrom\lectures\jscr\img17.jpg --> cps.msu.edu /user/cd/cps291/lectures/jscr img17.jpg
98.03.13 09:19 B D:\cdrom\lectures\jscr\img18.jpg --> cps.msu.edu /user/cd/cps291/lectures/jscr img18.jpg
98.03.13 09:19 B D:\cdrom\lectures\jscr\img19.jpg --> cps.msu.edu /user/cd/cps291/lectures/jscr img19.jpg
98.03.13 09:19 B D:\cdrom\lectures\jscr\img2.jpg --> cps.msu.edu /user/cd/cps291/lectures/jscr img2.jpg
98.03.13 09:19 B D:\cdrom\lectures\jscr\img20.jpg --> cps.msu.edu /user/cd/cps291/lectures/jscr img20.jpg
98.03.13 09:19 B D:\cdrom\lectures\jscr\img21.jpg --> cps.msu.edu /user/cd/cps291/lectures/jscr img21.jpg
98.03.13 09:19 B D:\cdrom\lectures\jscr\img22.jpg --> cps.msu.edu /user/cd/cps291/lectures/jscr img22.jpg
98.03.13 09:19 B D:\cdrom\lectures\jscr\img23.jpg --> cps.msu.edu /user/cd/cps291/lectures/jscr img23.jpg
98.03.13 09:19 B D:\cdrom\lectures\jscr\img24.jpg --> cps.msu.edu /user/cd/cps291/lectures/jscr img24.jpg
98.03.13 09:19 B D:\cdrom\lectures\jscr\img25.jpg --> cps.msu.edu /user/cd/cps291/lectures/jscr img25.jpg
98.03.13 09:19 B D:\cdrom\lectures\jscr\img26.jpg --> cps.msu.edu /user/cd/cps291/lectures/jscr img26.jpg
98.03.13 09:19 B D:\cdrom\lectures\jscr\img27.jpg --> cps.msu.edu /user/cd/cps291/lectures/jscr img27.jpg
98.03.13 09:19 B D:\cdrom\lectures\jscr\img28.jpg --> cps.msu.edu /user/cd/cps291/lectures/jscr img28.jpg
98.03.13 09:19 B D:\cdrom\lectures\jscr\img29.jpg --> cps.msu.edu /user/cd/cps291/lectures/jscr img29.jpg
98.03.13 09:19 B D:\cdrom\lectures\jscr\img3.jpg --> cps.msu.edu /user/cd/cps291/lectures/jscr img3.jpg
98.03.13 09:19 B D:\cdrom\lectures\jscr\img30.jpg --> cps.msu.edu /user/cd/cps291/lectures/jscr img30.jpg
98.03.13 09:19 B D:\cdrom\lectures\jscr\img31.jpg --> cps.msu.edu /user/cd/cps291/lectures/jscr img31.jpg
98.03.13 09:19 B D:\cdrom\lectures\jscr\img4.jpg --> cps.msu.edu /user/cd/cps291/lectures/jscr img4.jpg
98.03.13 09:19 B D:\cdrom\lectures\jscr\img5.jpg --> cps.msu.edu /user/cd/cps291/lectures/jscr img5.jpg
98.03.13 09:19 B D:\cdrom\lectures\jscr\img6.jpg --> cps.msu.edu /user/cd/cps291/lectures/jscr img6.jpg
98.03.13 09:19 B D:\cdrom\lectures\jscr\img7.jpg --> cps.msu.edu /user/cd/cps291/lectures/jscr img7.jpg
98.03.13 09:19 B D:\cdrom\lectures\jscr\img8.jpg --> cps.msu.edu /user/cd/cps291/lectures/jscr img8.jpg
98.03.13 09:19 B D:\cdrom\lectures\jscr\img9.jpg --> cps.msu.edu /user/cd/cps291/lectures/jscr img9.jpg
98.03.13 09:19 B D:\cdrom\lectures\jscr\index.crs --> cps.msu.edu /user/cd/cps291/lectures/jscr index.crs
98.03.13 09:19 B D:\cdrom\lectures\jscr\index.htm --> cps.msu.edu /user/cd/cps291/lectures/jscr index.htm
98.03.13 09:19 B D:\cdrom\lectures\jscr\inst160.gif --> cps.msu.edu /user/cd/cps291/lectures/jscr inst160.gif
98.03.13 09:19 B D:\cdrom\lectures\jscr\jlist.htm --> cps.msu.edu /user/cd/cps291/lectures/jscr jlist.htm
98.03.13 09:19 B D:\cdrom\lectures\jscr\jscr1.rat --> cps.msu.edu /user/cd/cps291/lectures/jscr jscr1.rat
98.03.13 09:19 B D:\cdrom\lectures\jscr\jscr1.rm --> cps.msu.edu /user/cd/cps291/lectures/jscr jscr1.rm
98.03.13 09:19 B D:\cdrom\lectures\jscr\jscr1v.ram --> cps.msu.edu /user/cd/cps291/lectures/jscr jscr1v.ram
98.03.13 09:19 B D:\cdrom\lectures\jscr\jscr1v.rpm --> cps.msu.edu /user/cd/cps291/lectures/jscr jscr1v.rpm
98.03.13 09:19 B D:\cdrom\lectures\jscr\jscr1vf.htm --> cps.msu.edu /user/cd/cps291/lectures/jscr jscr1vf.htm
98.03.13 09:19 B D:\cdrom\lectures\jscr\jscr1vn.htm --> cps.msu.edu /user/cd/cps291/lectures/jscr jscr1vn.htm
98.03.13 09:19 B D:\cdrom\lectures\jscr\jscr1vp.ram --> cps.msu.edu /user/cd/cps291/lectures/jscr jscr1vp.ram
98.03.13 09:19 B D:\cdrom\lectures\jscr\jscr2.rat --> cps.msu.edu /user/cd/cps291/lectures/jscr jscr2.rat
98.03.13 09:19 B D:\cdrom\lectures\jscr\jscr2.rm --> cps.msu.edu /user/cd/cps291/lectures/jscr jscr2.rm
98.03.13 09:19 B D:\cdrom\lectures\jscr\jscr2v.ram --> cps.msu.edu /user/cd/cps291/lectures/jscr jscr2v.ram
98.03.13 09:19 B D:\cdrom\lectures\jscr\jscr2v.rpm --> cps.msu.edu /user/cd/cps291/lectures/jscr jscr2v.rpm
98.03.13 09:19 B D:\cdrom\lectures\jscr\jscr2vf.htm --> cps.msu.edu /user/cd/cps291/lectures/jscr jscr2vf.htm
98.03.13 09:19 B D:\cdrom\lectures\jscr\jscr2vn.htm --> cps.msu.edu /user/cd/cps291/lectures/jscr jscr2vn.htm
98.03.13 09:19 B D:\cdrom\lectures\jscr\jscr2vp.ram --> cps.msu.edu /user/cd/cps291/lectures/jscr jscr2vp.ram
98.03.13 09:19 B D:\cdrom\lectures\jscr\jscr3.rat --> cps.msu.edu /user/cd/cps291/lectures/jscr jscr3.rat
98.03.13 09:19 B D:\cdrom\lectures\jscr\jscr3.rm --> cps.msu.edu /user/cd/cps291/lectures/jscr jscr3.rm
98.03.13 09:19 B D:\cdrom\lectures\jscr\jscr3v.ram --> cps.msu.edu /user/cd/cps291/lectures/jscr jscr3v.ram
98.03.13 09:19 B D:\cdrom\lectures\jscr\jscr3v.rpm --> cps.msu.edu /user/cd/cps291/lectures/jscr jscr3v.rpm
98.03.13 09:19 B D:\cdrom\lectures\jscr\jscr3vf.htm --> cps.msu.edu /user/cd/cps291/lectures/jscr jscr3vf.htm
98.03.13 09:19 B D:\cdrom\lectures\jscr\jscr3vn.htm --> cps.msu.edu /user/cd/cps291/lectures/jscr jscr3vn.htm
98.03.13 09:19 B D:\cdrom\lectures\jscr\jscr3vp.ram --> cps.msu.edu /user/cd/cps291/lectures/jscr jscr3vp.ram
98.03.13 09:19 B D:\cdrom\lectures\jscr\list.htm --> cps.msu.edu /user/cd/cps291/lectures/jscr list.htm
98.03.13 09:19 B D:\cdrom\lectures\jscr\log.log --> cps.msu.edu /user/cd/cps291/lectures/jscr log.log
98.03.13 09:19 B D:\cdrom\lectures\jscr\makeind.mnu --> cps.msu.edu /user/cd/cps291/lectures/jscr makeind.mnu
98.03.13 09:19 B D:\cdrom\lectures\jscr\makeind.sed --> cps.msu.edu /user/cd/cps291/lectures/jscr makeind.sed
98.03.13 09:19 B D:\cdrom\lectures\jscr\navcal.gif --> cps.msu.edu /user/cd/cps291/lectures/jscr navcal.gif
98.03.13 09:19 B D:\cdrom\lectures\jscr\process.bat --> cps.msu.edu /user/cd/cps291/lectures/jscr process.bat
98.03.13 09:19 B D:\cdrom\lectures\jscr\sld001.htm --> cps.msu.edu /user/cd/cps291/lectures/jscr sld001.htm
98.03.13 09:19 B D:\cdrom\lectures\jscr\sld002.htm --> cps.msu.edu /user/cd/cps291/lectures/jscr sld002.htm
98.03.13 09:19 B D:\cdrom\lectures\jscr\sld003.htm --> cps.msu.edu /user/cd/cps291/lectures/jscr sld003.htm
98.03.13 09:19 B D:\cdrom\lectures\jscr\sld004.htm --> cps.msu.edu /user/cd/cps291/lectures/jscr sld004.htm
98.03.13 09:19 B D:\cdrom\lectures\jscr\sld005.htm --> cps.msu.edu /user/cd/cps291/lectures/jscr sld005.htm
98.03.13 09:19 B D:\cdrom\lectures\jscr\sld006.htm --> cps.msu.edu /user/cd/cps291/lectures/jscr sld006.htm
98.03.13 09:19 B D:\cdrom\lectures\jscr\sld007.htm --> cps.msu.edu /user/cd/cps291/lectures/jscr sld007.htm
98.03.13 09:19 B D:\cdrom\lectures\jscr\sld008.htm --> cps.msu.edu /user/cd/cps291/lectures/jscr sld008.htm
98.03.13 09:19 B D:\cdrom\lectures\jscr\sld009.htm --> cps.msu.edu /user/cd/cps291/lectures/jscr sld009.htm
98.03.13 09:19 B D:\cdrom\lectures\jscr\sld010.htm --> cps.msu.edu /user/cd/cps291/lectures/jscr sld010.htm
98.03.13 09:19 B D:\cdrom\lectures\jscr\sld011.htm --> cps.msu.edu /user/cd/cps291/lectures/jscr sld011.htm
98.03.13 09:19 B D:\cdrom\lectures\jscr\sld012.htm --> cps.msu.edu /user/cd/cps291/lectures/jscr sld012.htm
98.03.13 09:19 B D:\cdrom\lectures\jscr\sld013.htm --> cps.msu.edu /user/cd/cps291/lectures/jscr sld013.htm
98.03.13 09:20 B D:\cdrom\lectures\jscr\sld014.htm --> cps.msu.edu /user/cd/cps291/lectures/jscr sld014.htm
98.03.13 09:20 B D:\cdrom\lectures\jscr\sld015.htm --> cps.msu.edu /user/cd/cps291/lectures/jscr sld015.htm
98.03.13 09:20 B D:\cdrom\lectures\jscr\sld016.htm --> cps.msu.edu /user/cd/cps291/lectures/jscr sld016.htm
98.03.13 09:20 B D:\cdrom\lectures\jscr\sld017.htm --> cps.msu.edu /user/cd/cps291/lectures/jscr sld017.htm
98.03.13 09:20 B D:\cdrom\lectures\jscr\sld018.htm --> cps.msu.edu /user/cd/cps291/lectures/jscr sld018.htm
98.03.13 09:20 B D:\cdrom\lectures\jscr\sld019.htm --> cps.msu.edu /user/cd/cps291/lectures/jscr sld019.htm
98.03.13 09:20 B D:\cdrom\lectures\jscr\sld020.htm --> cps.msu.edu /user/cd/cps291/lectures/jscr sld020.htm
98.03.13 09:20 B D:\cdrom\lectures\jscr\sld021.htm --> cps.msu.edu /user/cd/cps291/lectures/jscr sld021.htm
98.03.13 09:20 B D:\cdrom\lectures\jscr\sld022.htm --> cps.msu.edu /user/cd/cps291/lectures/jscr sld022.htm
98.03.13 09:20 B D:\cdrom\lectures\jscr\sld023.htm --> cps.msu.edu /user/cd/cps291/lectures/jscr sld023.htm
98.03.13 09:20 B D:\cdrom\lectures\jscr\sld024.htm --> cps.msu.edu /user/cd/cps291/lectures/jscr sld024.htm
98.03.13 09:20 B D:\cdrom\lectures\jscr\sld025.htm --> cps.msu.edu /user/cd/cps291/lectures/jscr sld025.htm
98.03.13 09:20 B D:\cdrom\lectures\jscr\sld026.htm --> cps.msu.edu /user/cd/cps291/lectures/jscr sld026.htm
98.03.13 09:20 B D:\cdrom\lectures\jscr\sld027.htm --> cps.msu.edu /user/cd/cps291/lectures/jscr sld027.htm
98.03.13 09:20 B D:\cdrom\lectures\jscr\sld028.htm --> cps.msu.edu /user/cd/cps291/lectures/jscr sld028.htm
98.03.13 09:20 B D:\cdrom\lectures\jscr\sld029.htm --> cps.msu.edu /user/cd/cps291/lectures/jscr sld029.htm
98.03.13 09:20 B D:\cdrom\lectures\jscr\sld030.htm --> cps.msu.edu /user/cd/cps291/lectures/jscr sld030.htm
98.03.13 09:20 B D:\cdrom\lectures\jscr\sld031.htm --> cps.msu.edu /user/cd/cps291/lectures/jscr sld031.htm
98.03.13 09:20 B D:\cdrom\lectures\jscr\tlist.htm --> cps.msu.edu /user/cd/cps291/lectures/jscr tlist.htm
98.03.13 09:20 B D:\cdrom\lectures\jscr\tmp.tmp --> cps.msu.edu /user/cd/cps291/lectures/jscr tmp.tmp
98.03.13 09:20 B D:\cdrom\lectures\jscr\top.htm --> cps.msu.edu /user/cd/cps291/lectures/jscr top.htm
98.03.13 09:20 B D:\cdrom\lectures\jscr\tsld001.htm --> cps.msu.edu /user/cd/cps291/lectures/jscr tsld001.htm
98.03.13 09:20 B D:\cdrom\lectures\jscr\tsld002.htm --> cps.msu.edu /user/cd/cps291/lectures/jscr tsld002.htm
98.03.13 09:20 B D:\cdrom\lectures\jscr\tsld003.htm --> cps.msu.edu /user/cd/cps291/lectures/jscr tsld003.htm
98.03.13 09:20 B D:\cdrom\lectures\jscr\tsld004.htm --> cps.msu.edu /user/cd/cps291/lectures/jscr tsld004.htm
98.03.13 09:20 B D:\cdrom\lectures\jscr\tsld005.htm --> cps.msu.edu /user/cd/cps291/lectures/jscr tsld005.htm
98.03.13 09:20 B D:\cdrom\lectures\jscr\tsld006.htm --> cps.msu.edu /user/cd/cps291/lectures/jscr tsld006.htm
98.03.13 09:20 B D:\cdrom\lectures\jscr\tsld007.htm --> cps.msu.edu /user/cd/cps291/lectures/jscr tsld007.htm
98.03.13 09:20 B D:\cdrom\lectures\jscr\tsld008.htm --> cps.msu.edu /user/cd/cps291/lectures/jscr tsld008.htm
98.03.13 09:20 B D:\cdrom\lectures\jscr\tsld009.htm --> cps.msu.edu /user/cd/cps291/lectures/jscr tsld009.htm
98.03.13 09:20 B D:\cdrom\lectures\jscr\tsld010.htm --> cps.msu.edu /user/cd/cps291/lectures/jscr tsld010.htm
98.03.13 09:20 B D:\cdrom\lectures\jscr\tsld011.htm --> cps.msu.edu /user/cd/cps291/lectures/jscr tsld011.htm
98.03.13 09:20 B D:\cdrom\lectures\jscr\tsld012.htm --> cps.msu.edu /user/cd/cps291/lectures/jscr tsld012.htm
98.03.13 09:20 B D:\cdrom\lectures\jscr\tsld013.htm --> cps.msu.edu /user/cd/cps291/lectures/jscr tsld013.htm
98.03.13 09:20 B D:\cdrom\lectures\jscr\tsld014.htm --> cps.msu.edu /user/cd/cps291/lectures/jscr tsld014.htm
98.03.13 09:20 B D:\cdrom\lectures\jscr\tsld015.htm --> cps.msu.edu /user/cd/cps291/lectures/jscr tsld015.htm
98.03.13 09:20 B D:\cdrom\lectures\jscr\tsld016.htm --> cps.msu.edu /user/cd/cps291/lectures/jscr tsld016.htm
98.03.13 09:20 B D:\cdrom\lectures\jscr\tsld017.htm --> cps.msu.edu /user/cd/cps291/lectures/jscr tsld017.htm
98.03.13 09:20 B D:\cdrom\lectures\jscr\tsld018.htm --> cps.msu.edu /user/cd/cps291/lectures/jscr tsld018.htm
98.03.13 09:20 B D:\cdrom\lectures\jscr\tsld019.htm --> cps.msu.edu /user/cd/cps291/lectures/jscr tsld019.htm
98.03.13 09:20 B D:\cdrom\lectures\jscr\tsld020.htm --> cps.msu.edu /user/cd/cps291/lectures/jscr tsld020.htm
98.03.13 09:20 B D:\cdrom\lectures\jscr\tsld021.htm --> cps.msu.edu /user/cd/cps291/lectures/jscr tsld021.htm
98.03.13 09:20 B D:\cdrom\lectures\jscr\tsld022.htm --> cps.msu.edu /user/cd/cps291/lectures/jscr tsld022.htm
98.03.13 09:20 B D:\cdrom\lectures\jscr\tsld023.htm --> cps.msu.edu /user/cd/cps291/lectures/jscr tsld023.htm
98.03.13 09:20 B D:\cdrom\lectures\jscr\tsld024.htm --> cps.msu.edu /user/cd/cps291/lectures/jscr tsld024.htm
98.03.13 09:20 B D:\cdrom\lectures\jscr\tsld025.htm --> cps.msu.edu /user/cd/cps291/lectures/jscr tsld025.htm
98.03.13 09:20 B D:\cdrom\lectures\jscr\tsld026.htm --> cps.msu.edu /user/cd/cps291/lectures/jscr tsld026.htm
98.03.13 09:20 B D:\cdrom\lectures\jscr\tsld027.htm --> cps.msu.edu /user/cd/cps291/lectures/jscr tsld027.htm
98.03.13 09:20 B D:\cdrom\lectures\jscr\tsld028.htm --> cps.msu.edu /user/cd/cps291/lectures/jscr tsld028.htm
98.03.13 09:20 B D:\cdrom\lectures\jscr\tsld029.htm --> cps.msu.edu /user/cd/cps291/lectures/jscr tsld029.htm
98.03.13 09:20 B D:\cdrom\lectures\jscr\tsld030.htm --> cps.msu.edu /user/cd/cps291/lectures/jscr tsld030.htm
98.03.13 09:20 B D:\cdrom\lectures\jscr\tsld031.htm --> cps.msu.edu /user/cd/cps291/lectures/jscr tsld031.htm
98.03.13 09:20 B D:\cdrom\lectures\jscr\vf001.htm --> cps.msu.edu /user/cd/cps291/lectures/jscr vf001.htm
98.03.13 09:20 B D:\cdrom\lectures\jscr\vf002.htm --> cps.msu.edu /user/cd/cps291/lectures/jscr vf002.htm
98.03.13 09:20 B D:\cdrom\lectures\jscr\vf003.htm --> cps.msu.edu /user/cd/cps291/lectures/jscr vf003.htm
98.03.13 09:20 B D:\cdrom\lectures\jscr\vf004.htm --> cps.msu.edu /user/cd/cps291/lectures/jscr vf004.htm
98.03.13 09:20 B D:\cdrom\lectures\jscr\vf005.htm --> cps.msu.edu /user/cd/cps291/lectures/jscr vf005.htm
98.03.13 09:20 B D:\cdrom\lectures\jscr\vf006.htm --> cps.msu.edu /user/cd/cps291/lectures/jscr vf006.htm
98.03.13 09:20 B D:\cdrom\lectures\jscr\vf007.htm --> cps.msu.edu /user/cd/cps291/lectures/jscr vf007.htm
98.03.13 09:20 B D:\cdrom\lectures\jscr\vf008.htm --> cps.msu.edu /user/cd/cps291/lectures/jscr vf008.htm
98.03.13 09:20 B D:\cdrom\lectures\jscr\vf009.htm --> cps.msu.edu /user/cd/cps291/lectures/jscr vf009.htm
98.03.13 09:20 B D:\cdrom\lectures\jscr\vf010.htm --> cps.msu.edu /user/cd/cps291/lectures/jscr vf010.htm
98.03.13 09:20 B D:\cdrom\lectures\jscr\vf011.htm --> cps.msu.edu /user/cd/cps291/lectures/jscr vf011.htm
98.03.13 09:20 B D:\cdrom\lectures\jscr\vf012.htm --> cps.msu.edu /user/cd/cps291/lectures/jscr vf012.htm
98.03.13 09:20 B D:\cdrom\lectures\jscr\vf013.htm --> cps.msu.edu /user/cd/cps291/lectures/jscr vf013.htm
98.03.13 09:20 B D:\cdrom\lectures\jscr\vf014.htm --> cps.msu.edu /user/cd/cps291/lectures/jscr vf014.htm
98.03.13 09:20 B D:\cdrom\lectures\jscr\vf015.htm --> cps.msu.edu /user/cd/cps291/lectures/jscr vf015.htm
98.03.13 09:20 B D:\cdrom\lectures\jscr\vf016.htm --> cps.msu.edu /user/cd/cps291/lectures/jscr vf016.htm
98.03.13 09:20 B D:\cdrom\lectures\jscr\vf017.htm --> cps.msu.edu /user/cd/cps291/lectures/jscr vf017.htm
98.03.13 09:20 B D:\cdrom\lectures\jscr\vf018.htm --> cps.msu.edu /user/cd/cps291/lectures/jscr vf018.htm
98.03.13 09:20 B D:\cdrom\lectures\jscr\vf019.htm --> cps.msu.edu /user/cd/cps291/lectures/jscr vf019.htm
98.03.13 09:20 B D:\cdrom\lectures\jscr\vf020.htm --> cps.msu.edu /user/cd/cps291/lectures/jscr vf020.htm
98.03.13 09:20 B D:\cdrom\lectures\jscr\vf021.htm --> cps.msu.edu /user/cd/cps291/lectures/jscr vf021.htm
98.03.13 09:20 B D:\cdrom\lectures\jscr\vf022.htm --> cps.msu.edu /user/cd/cps291/lectures/jscr vf022.htm
98.03.13 09:20 B D:\cdrom\lectures\jscr\vf023.htm --> cps.msu.edu /user/cd/cps291/lectures/jscr vf023.htm
98.03.13 09:20 B D:\cdrom\lectures\jscr\vf024.htm --> cps.msu.edu /user/cd/cps291/lectures/jscr vf024.htm
98.03.13 09:20 B D:\cdrom\lectures\jscr\vf025.htm --> cps.msu.edu /user/cd/cps291/lectures/jscr vf025.htm
98.03.13 09:20 B D:\cdrom\lectures\jscr\vf026.htm --> cps.msu.edu /user/cd/cps291/lectures/jscr vf026.htm
98.03.13 09:20 B D:\cdrom\lectures\jscr\vf027.htm --> cps.msu.edu /user/cd/cps291/lectures/jscr vf027.htm
98.03.13 09:20 B D:\cdrom\lectures\jscr\vf028.htm --> cps.msu.edu /user/cd/cps291/lectures/jscr vf028.htm
98.03.13 09:20 B D:\cdrom\lectures\jscr\vf029.htm --> cps.msu.edu /user/cd/cps291/lectures/jscr vf029.htm
98.03.13 09:20 B D:\cdrom\lectures\jscr\vf030.htm --> cps.msu.edu /user/cd/cps291/lectures/jscr vf030.htm
98.03.13 09:20 B D:\cdrom\lectures\jscr\vf031.htm --> cps.msu.edu /user/cd/cps291/lectures/jscr vf031.htm
98.03.13 09:20 B D:\cdrom\lectures\jscr\vn001.htm --> cps.msu.edu /user/cd/cps291/lectures/jscr vn001.htm
98.03.13 09:20 B D:\cdrom\lectures\jscr\vn002.htm --> cps.msu.edu /user/cd/cps291/lectures/jscr vn002.htm
98.03.13 09:20 B D:\cdrom\lectures\jscr\vn003.htm --> cps.msu.edu /user/cd/cps291/lectures/jscr vn003.htm
98.03.13 09:20 B D:\cdrom\lectures\jscr\vn004.htm --> cps.msu.edu /user/cd/cps291/lectures/jscr vn004.htm
98.03.13 09:20 B D:\cdrom\lectures\jscr\vn005.htm --> cps.msu.edu /user/cd/cps291/lectures/jscr vn005.htm
98.03.13 09:20 B D:\cdrom\lectures\jscr\vn006.htm --> cps.msu.edu /user/cd/cps291/lectures/jscr vn006.htm
98.03.13 09:20 B D:\cdrom\lectures\jscr\vn007.htm --> cps.msu.edu /user/cd/cps291/lectures/jscr vn007.htm
98.03.13 09:20 B D:\cdrom\lectures\jscr\vn008.htm --> cps.msu.edu /user/cd/cps291/lectures/jscr vn008.htm
98.03.13 09:20 B D:\cdrom\lectures\jscr\vn009.htm --> cps.msu.edu /user/cd/cps291/lectures/jscr vn009.htm
98.03.13 09:20 B D:\cdrom\lectures\jscr\vn010.htm --> cps.msu.edu /user/cd/cps291/lectures/jscr vn010.htm
98.03.13 09:20 B D:\cdrom\lectures\jscr\vn011.htm --> cps.msu.edu /user/cd/cps291/lectures/jscr vn011.htm
98.03.13 09:20 B D:\cdrom\lectures\jscr\vn012.htm --> cps.msu.edu /user/cd/cps291/lectures/jscr vn012.htm
98.03.13 09:20 B D:\cdrom\lectures\jscr\vn013.htm --> cps.msu.edu /user/cd/cps291/lectures/jscr vn013.htm
98.03.13 09:20 B D:\cdrom\lectures\jscr\vn014.htm --> cps.msu.edu /user/cd/cps291/lectures/jscr vn014.htm
98.03.13 09:20 B D:\cdrom\lectures\jscr\vn015.htm --> cps.msu.edu /user/cd/cps291/lectures/jscr vn015.htm
98.03.13 09:20 B D:\cdrom\lectures\jscr\vn016.htm --> cps.msu.edu /user/cd/cps291/lectures/jscr vn016.htm
98.03.13 09:20 B D:\cdrom\lectures\jscr\vn017.htm --> cps.msu.edu /user/cd/cps291/lectures/jscr vn017.htm
98.03.13 09:20 B D:\cdrom\lectures\jscr\vn018.htm --> cps.msu.edu /user/cd/cps291/lectures/jscr vn018.htm
98.03.13 09:20 B D:\cdrom\lectures\jscr\vn019.htm --> cps.msu.edu /user/cd/cps291/lectures/jscr vn019.htm
98.03.13 09:20 B D:\cdrom\lectures\jscr\vn020.htm --> cps.msu.edu /user/cd/cps291/lectures/jscr vn020.htm
98.03.13 09:20 B D:\cdrom\lectures\jscr\vn021.htm --> cps.msu.edu /user/cd/cps291/lectures/jscr vn021.htm
98.03.13 09:20 B D:\cdrom\lectures\jscr\vn022.htm --> cps.msu.edu /user/cd/cps291/lectures/jscr vn022.htm
98.03.13 09:20 B D:\cdrom\lectures\jscr\vn023.htm --> cps.msu.edu /user/cd/cps291/lectures/jscr vn023.htm
98.03.13 09:20 B D:\cdrom\lectures\jscr\vn024.htm --> cps.msu.edu /user/cd/cps291/lectures/jscr vn024.htm
98.03.13 09:20 B D:\cdrom\lectures\jscr\vn025.htm --> cps.msu.edu /user/cd/cps291/lectures/jscr vn025.htm
98.03.13 09:20 B D:\cdrom\lectures\jscr\vn026.htm --> cps.msu.edu /user/cd/cps291/lectures/jscr vn026.htm
98.03.13 09:20 B D:\cdrom\lectures\jscr\vn027.htm --> cps.msu.edu /user/cd/cps291/lectures/jscr vn027.htm
98.03.13 09:20 B D:\cdrom\lectures\jscr\vn028.htm --> cps.msu.edu /user/cd/cps291/lectures/jscr vn028.htm
98.03.13 09:20 B D:\cdrom\lectures\jscr\vn029.htm --> cps.msu.edu /user/cd/cps291/lectures/jscr vn029.htm
98.03.13 09:20 B D:\cdrom\lectures\jscr\vn030.htm --> cps.msu.edu /user/cd/cps291/lectures/jscr vn030.htm
98.03.13 09:20 B D:\cdrom\lectures\jscr\vn031.htm --> cps.msu.edu /user/cd/cps291/lectures/jscr vn031.htm
98.03.13 09:20 B D:\cdrom\lectures\jscr\vr001.rpm --> cps.msu.edu /user/cd/cps291/lectures/jscr vr001.rpm
98.03.13 09:20 B D:\cdrom\lectures\jscr\vr002.rpm --> cps.msu.edu /user/cd/cps291/lectures/jscr vr002.rpm
98.03.13 09:20 B D:\cdrom\lectures\jscr\vr003.rpm --> cps.msu.edu /user/cd/cps291/lectures/jscr vr003.rpm
98.03.13 09:20 B D:\cdrom\lectures\jscr\vr004.rpm --> cps.msu.edu /user/cd/cps291/lectures/jscr vr004.rpm
98.03.13 09:20 B D:\cdrom\lectures\jscr\vr005.rpm --> cps.msu.edu /user/cd/cps291/lectures/jscr vr005.rpm
98.03.13 09:20 B D:\cdrom\lectures\jscr\vr006.rpm --> cps.msu.edu /user/cd/cps291/lectures/jscr vr006.rpm
98.03.13 09:20 B D:\cdrom\lectures\jscr\vr007.rpm --> cps.msu.edu /user/cd/cps291/lectures/jscr vr007.rpm
98.03.13 09:20 B D:\cdrom\lectures\jscr\vr008.rpm --> cps.msu.edu /user/cd/cps291/lectures/jscr vr008.rpm
98.03.13 09:20 B D:\cdrom\lectures\jscr\vr009.rpm --> cps.msu.edu /user/cd/cps291/lectures/jscr vr009.rpm
98.03.13 09:20 B D:\cdrom\lectures\jscr\vr010.rpm --> cps.msu.edu /user/cd/cps291/lectures/jscr vr010.rpm
98.03.13 09:20 B D:\cdrom\lectures\jscr\vr011.rpm --> cps.msu.edu /user/cd/cps291/lectures/jscr vr011.rpm
98.03.13 09:20 B D:\cdrom\lectures\jscr\vr012.rpm --> cps.msu.edu /user/cd/cps291/lectures/jscr vr012.rpm
98.03.13 09:20 B D:\cdrom\lectures\jscr\vr013.rpm --> cps.msu.edu /user/cd/cps291/lectures/jscr vr013.rpm
98.03.13 09:20 B D:\cdrom\lectures\jscr\vr014.rpm --> cps.msu.edu /user/cd/cps291/lectures/jscr vr014.rpm
98.03.13 09:20 B D:\cdrom\lectures\jscr\vr015.rpm --> cps.msu.edu /user/cd/cps291/lectures/jscr vr015.rpm
98.03.13 09:20 B D:\cdrom\lectures\jscr\vr016.rpm --> cps.msu.edu /user/cd/cps291/lectures/jscr vr016.rpm
98.03.13 09:20 B D:\cdrom\lectures\jscr\vr017.rpm --> cps.msu.edu /user/cd/cps291/lectures/jscr vr017.rpm
98.03.13 09:20 B D:\cdrom\lectures\jscr\vr018.rpm --> cps.msu.edu /user/cd/cps291/lectures/jscr vr018.rpm
98.03.13 09:20 B D:\cdrom\lectures\jscr\vr019.rpm --> cps.msu.edu /user/cd/cps291/lectures/jscr vr019.rpm
98.03.13 09:20 B D:\cdrom\lectures\jscr\vr020.rpm --> cps.msu.edu /user/cd/cps291/lectures/jscr vr020.rpm
98.03.13 09:20 B D:\cdrom\lectures\jscr\vr021.rpm --> cps.msu.edu /user/cd/cps291/lectures/jscr vr021.rpm
98.03.13 09:20 B D:\cdrom\lectures\jscr\vr022.rpm --> cps.msu.edu /user/cd/cps291/lectures/jscr vr022.rpm
98.03.13 09:20 B D:\cdrom\lectures\jscr\vr023.rpm --> cps.msu.edu /user/cd/cps291/lectures/jscr vr023.rpm
98.03.13 09:20 B D:\cdrom\lectures\jscr\vr024.rpm --> cps.msu.edu /user/cd/cps291/lectures/jscr vr024.rpm
98.03.13 09:20 B D:\cdrom\lectures\jscr\vr025.rpm --> cps.msu.edu /user/cd/cps291/lectures/jscr vr025.rpm
98.03.13 09:20 B D:\cdrom\lectures\jscr\vr026.rpm --> cps.msu.edu /user/cd/cps291/lectures/jscr vr026.rpm
98.03.13 09:20 B D:\cdrom\lectures\jscr\vr027.rpm --> cps.msu.edu /user/cd/cps291/lectures/jscr vr027.rpm
98.03.13 09:20 B D:\cdrom\lectures\jscr\vr028.rpm --> cps.msu.edu /user/cd/cps291/lectures/jscr vr028.rpm
98.03.13 09:20 B D:\cdrom\lectures\jscr\vr029.rpm --> cps.msu.edu /user/cd/cps291/lectures/jscr vr029.rpm
98.03.13 09:20 B D:\cdrom\lectures\jscr\vr030.rpm --> cps.msu.edu /user/cd/cps291/lectures/jscr vr030.rpm
98.03.13 09:20 B D:\cdrom\lectures\jscr\vr031.rpm --> cps.msu.edu /user/cd/cps291/lectures/jscr vr031.rpm
98.03.13 09:20 B D:\cdrom\lectures\jscr\WS_FTP.LOG --> cps.msu.edu /user/cd/cps291/lectures/jscr WS_FTP.LOG
