98.06.25 14:36 B d:\syncomat\syncweb\nsf98\cache.htm --> pilot.msu.edu /msu/course/vu/egr124/preview/lectures/nsf98 cache.htm
98.06.25 14:36 B d:\syncomat\syncweb\nsf98\empty.rpm --> pilot.msu.edu /msu/course/vu/egr124/preview/lectures/nsf98 empty.rpm
98.06.25 14:36 B d:\syncomat\syncweb\nsf98\getreal.jpg --> pilot.msu.edu /msu/course/vu/egr124/preview/lectures/nsf98 getreal.jpg
98.06.25 14:36 B d:\syncomat\syncweb\nsf98\img001.gif --> pilot.msu.edu /msu/course/vu/egr124/preview/lectures/nsf98 img001.gif
98.06.25 14:36 B d:\syncomat\syncweb\nsf98\img002.gif --> pilot.msu.edu /msu/course/vu/egr124/preview/lectures/nsf98 img002.gif
98.06.25 14:36 B d:\syncomat\syncweb\nsf98\img003.gif --> pilot.msu.edu /msu/course/vu/egr124/preview/lectures/nsf98 img003.gif
98.06.25 14:36 B d:\syncomat\syncweb\nsf98\img004.gif --> pilot.msu.edu /msu/course/vu/egr124/preview/lectures/nsf98 img004.gif
98.06.25 14:36 B d:\syncomat\syncweb\nsf98\img005.gif --> pilot.msu.edu /msu/course/vu/egr124/preview/lectures/nsf98 img005.gif
98.06.25 14:36 B d:\syncomat\syncweb\nsf98\img006.gif --> pilot.msu.edu /msu/course/vu/egr124/preview/lectures/nsf98 img006.gif
98.06.25 14:36 B d:\syncomat\syncweb\nsf98\img007.gif --> pilot.msu.edu /msu/course/vu/egr124/preview/lectures/nsf98 img007.gif
98.06.25 14:36 B d:\syncomat\syncweb\nsf98\img008.gif --> pilot.msu.edu /msu/course/vu/egr124/preview/lectures/nsf98 img008.gif
98.06.25 14:36 B d:\syncomat\syncweb\nsf98\img009.gif --> pilot.msu.edu /msu/course/vu/egr124/preview/lectures/nsf98 img009.gif
98.06.25 14:36 B d:\syncomat\syncweb\nsf98\img010.gif --> pilot.msu.edu /msu/course/vu/egr124/preview/lectures/nsf98 img010.gif
98.06.25 14:36 B d:\syncomat\syncweb\nsf98\index.crs --> pilot.msu.edu /msu/course/vu/egr124/preview/lectures/nsf98 index.crs
98.06.25 14:36 B d:\syncomat\syncweb\nsf98\index.htm --> pilot.msu.edu /msu/course/vu/egr124/preview/lectures/nsf98 index.htm
98.06.25 14:36 B d:\syncomat\syncweb\nsf98\inst160.gif --> pilot.msu.edu /msu/course/vu/egr124/preview/lectures/nsf98 inst160.gif
98.06.25 14:36 B d:\syncomat\syncweb\nsf98\log.log --> pilot.msu.edu /msu/course/vu/egr124/preview/lectures/nsf98 log.log
98.06.25 14:36 B d:\syncomat\syncweb\nsf98\makeind.mnu --> pilot.msu.edu /msu/course/vu/egr124/preview/lectures/nsf98 makeind.mnu
98.06.25 14:36 B d:\syncomat\syncweb\nsf98\makeind.sed --> pilot.msu.edu /msu/course/vu/egr124/preview/lectures/nsf98 makeind.sed
98.06.25 14:36 B d:\syncomat\syncweb\nsf98\navcal.gif --> pilot.msu.edu /msu/course/vu/egr124/preview/lectures/nsf98 navcal.gif
98.06.25 14:36 B d:\syncomat\syncweb\nsf98\nsf981.rat --> pilot.msu.edu /msu/course/vu/egr124/preview/lectures/nsf98 nsf981.rat
98.06.25 14:37 B d:\syncomat\syncweb\nsf98\nsf981.rm --> pilot.msu.edu /msu/course/vu/egr124/preview/lectures/nsf98 nsf981.rm
98.06.25 14:37 B d:\syncomat\syncweb\nsf98\process.bat --> pilot.msu.edu /msu/course/vu/egr124/preview/lectures/nsf98 process.bat
98.06.25 14:37 B d:\syncomat\syncweb\nsf98\sld001.htm --> pilot.msu.edu /msu/course/vu/egr124/preview/lectures/nsf98 sld001.htm
98.06.25 14:37 B d:\syncomat\syncweb\nsf98\sld002.htm --> pilot.msu.edu /msu/course/vu/egr124/preview/lectures/nsf98 sld002.htm
98.06.25 14:37 B d:\syncomat\syncweb\nsf98\sld003.htm --> pilot.msu.edu /msu/course/vu/egr124/preview/lectures/nsf98 sld003.htm
98.06.25 14:37 B d:\syncomat\syncweb\nsf98\sld004.htm --> pilot.msu.edu /msu/course/vu/egr124/preview/lectures/nsf98 sld004.htm
98.06.25 14:37 B d:\syncomat\syncweb\nsf98\sld005.htm --> pilot.msu.edu /msu/course/vu/egr124/preview/lectures/nsf98 sld005.htm
98.06.25 14:37 B d:\syncomat\syncweb\nsf98\sld006.htm --> pilot.msu.edu /msu/course/vu/egr124/preview/lectures/nsf98 sld006.htm
98.06.25 14:37 B d:\syncomat\syncweb\nsf98\sld007.htm --> pilot.msu.edu /msu/course/vu/egr124/preview/lectures/nsf98 sld007.htm
98.06.25 14:37 B d:\syncomat\syncweb\nsf98\sld008.htm --> pilot.msu.edu /msu/course/vu/egr124/preview/lectures/nsf98 sld008.htm
98.06.25 14:37 B d:\syncomat\syncweb\nsf98\sld009.htm --> pilot.msu.edu /msu/course/vu/egr124/preview/lectures/nsf98 sld009.htm
98.06.25 14:37 B d:\syncomat\syncweb\nsf98\sld010.htm --> pilot.msu.edu /msu/course/vu/egr124/preview/lectures/nsf98 sld010.htm
98.06.25 14:37 B d:\syncomat\syncweb\nsf98\tlist.htm --> pilot.msu.edu /msu/course/vu/egr124/preview/lectures/nsf98 tlist.htm
98.06.25 14:37 B d:\syncomat\syncweb\nsf98\top.htm --> pilot.msu.edu /msu/course/vu/egr124/preview/lectures/nsf98 top.htm
98.06.25 14:37 B d:\syncomat\syncweb\nsf98\tsld001.htm --> pilot.msu.edu /msu/course/vu/egr124/preview/lectures/nsf98 tsld001.htm
98.06.25 14:37 B d:\syncomat\syncweb\nsf98\tsld002.htm --> pilot.msu.edu /msu/course/vu/egr124/preview/lectures/nsf98 tsld002.htm
98.06.25 14:37 B d:\syncomat\syncweb\nsf98\tsld003.htm --> pilot.msu.edu /msu/course/vu/egr124/preview/lectures/nsf98 tsld003.htm
98.06.25 14:37 B d:\syncomat\syncweb\nsf98\tsld004.htm --> pilot.msu.edu /msu/course/vu/egr124/preview/lectures/nsf98 tsld004.htm
98.06.25 14:37 B d:\syncomat\syncweb\nsf98\tsld005.htm --> pilot.msu.edu /msu/course/vu/egr124/preview/lectures/nsf98 tsld005.htm
98.06.25 14:37 B d:\syncomat\syncweb\nsf98\tsld006.htm --> pilot.msu.edu /msu/course/vu/egr124/preview/lectures/nsf98 tsld006.htm
98.06.25 14:37 B d:\syncomat\syncweb\nsf98\tsld007.htm --> pilot.msu.edu /msu/course/vu/egr124/preview/lectures/nsf98 tsld007.htm
98.06.25 14:37 B d:\syncomat\syncweb\nsf98\tsld008.htm --> pilot.msu.edu /msu/course/vu/egr124/preview/lectures/nsf98 tsld008.htm
98.06.25 14:37 B d:\syncomat\syncweb\nsf98\tsld009.htm --> pilot.msu.edu /msu/course/vu/egr124/preview/lectures/nsf98 tsld009.htm
98.06.25 14:37 B d:\syncomat\syncweb\nsf98\tsld010.htm --> pilot.msu.edu /msu/course/vu/egr124/preview/lectures/nsf98 tsld010.htm
98.06.25 14:37 B d:\syncomat\syncweb\nsf98\vf001.htm --> pilot.msu.edu /msu/course/vu/egr124/preview/lectures/nsf98 vf001.htm
98.06.25 14:37 B d:\syncomat\syncweb\nsf98\vf002.htm --> pilot.msu.edu /msu/course/vu/egr124/preview/lectures/nsf98 vf002.htm
98.06.25 14:37 B d:\syncomat\syncweb\nsf98\vf003.htm --> pilot.msu.edu /msu/course/vu/egr124/preview/lectures/nsf98 vf003.htm
98.06.25 14:37 B d:\syncomat\syncweb\nsf98\vf004.htm --> pilot.msu.edu /msu/course/vu/egr124/preview/lectures/nsf98 vf004.htm
98.06.25 14:37 B d:\syncomat\syncweb\nsf98\vf005.htm --> pilot.msu.edu /msu/course/vu/egr124/preview/lectures/nsf98 vf005.htm
98.06.25 14:37 B d:\syncomat\syncweb\nsf98\vf006.htm --> pilot.msu.edu /msu/course/vu/egr124/preview/lectures/nsf98 vf006.htm
98.06.25 14:37 B d:\syncomat\syncweb\nsf98\vf007.htm --> pilot.msu.edu /msu/course/vu/egr124/preview/lectures/nsf98 vf007.htm
98.06.25 14:37 B d:\syncomat\syncweb\nsf98\vf008.htm --> pilot.msu.edu /msu/course/vu/egr124/preview/lectures/nsf98 vf008.htm
98.06.25 14:37 B d:\syncomat\syncweb\nsf98\vf009.htm --> pilot.msu.edu /msu/course/vu/egr124/preview/lectures/nsf98 vf009.htm
98.06.25 14:37 B d:\syncomat\syncweb\nsf98\vf010.htm --> pilot.msu.edu /msu/course/vu/egr124/preview/lectures/nsf98 vf010.htm
98.06.25 14:37 B d:\syncomat\syncweb\nsf98\vn001.htm --> pilot.msu.edu /msu/course/vu/egr124/preview/lectures/nsf98 vn001.htm
98.06.25 14:37 B d:\syncomat\syncweb\nsf98\vn002.htm --> pilot.msu.edu /msu/course/vu/egr124/preview/lectures/nsf98 vn002.htm
98.06.25 14:37 B d:\syncomat\syncweb\nsf98\vn003.htm --> pilot.msu.edu /msu/course/vu/egr124/preview/lectures/nsf98 vn003.htm
98.06.25 14:37 B d:\syncomat\syncweb\nsf98\vn004.htm --> pilot.msu.edu /msu/course/vu/egr124/preview/lectures/nsf98 vn004.htm
98.06.25 14:37 B d:\syncomat\syncweb\nsf98\vn005.htm --> pilot.msu.edu /msu/course/vu/egr124/preview/lectures/nsf98 vn005.htm
98.06.25 14:37 B d:\syncomat\syncweb\nsf98\vn006.htm --> pilot.msu.edu /msu/course/vu/egr124/preview/lectures/nsf98 vn006.htm
98.06.25 14:37 B d:\syncomat\syncweb\nsf98\vn007.htm --> pilot.msu.edu /msu/course/vu/egr124/preview/lectures/nsf98 vn007.htm
98.06.25 14:37 B d:\syncomat\syncweb\nsf98\vn008.htm --> pilot.msu.edu /msu/course/vu/egr124/preview/lectures/nsf98 vn008.htm
98.06.25 14:37 B d:\syncomat\syncweb\nsf98\vn009.htm --> pilot.msu.edu /msu/course/vu/egr124/preview/lectures/nsf98 vn009.htm
98.06.25 14:37 B d:\syncomat\syncweb\nsf98\vn010.htm --> pilot.msu.edu /msu/course/vu/egr124/preview/lectures/nsf98 vn010.htm
98.06.25 14:37 B d:\syncomat\syncweb\nsf98\vr001.ram --> pilot.msu.edu /msu/course/vu/egr124/preview/lectures/nsf98 vr001.ram
98.06.25 14:37 B d:\syncomat\syncweb\nsf98\vr001.rpm --> pilot.msu.edu /msu/course/vu/egr124/preview/lectures/nsf98 vr001.rpm
98.06.25 14:37 B d:\syncomat\syncweb\nsf98\vr002.ram --> pilot.msu.edu /msu/course/vu/egr124/preview/lectures/nsf98 vr002.ram
98.06.25 14:37 B d:\syncomat\syncweb\nsf98\vr002.rpm --> pilot.msu.edu /msu/course/vu/egr124/preview/lectures/nsf98 vr002.rpm
98.06.25 14:37 B d:\syncomat\syncweb\nsf98\vr003.ram --> pilot.msu.edu /msu/course/vu/egr124/preview/lectures/nsf98 vr003.ram
98.06.25 14:37 B d:\syncomat\syncweb\nsf98\vr003.rpm --> pilot.msu.edu /msu/course/vu/egr124/preview/lectures/nsf98 vr003.rpm
98.06.25 14:37 B d:\syncomat\syncweb\nsf98\vr004.ram --> pilot.msu.edu /msu/course/vu/egr124/preview/lectures/nsf98 vr004.ram
98.06.25 14:37 B d:\syncomat\syncweb\nsf98\vr004.rpm --> pilot.msu.edu /msu/course/vu/egr124/preview/lectures/nsf98 vr004.rpm
98.06.25 14:37 B d:\syncomat\syncweb\nsf98\vr005.ram --> pilot.msu.edu /msu/course/vu/egr124/preview/lectures/nsf98 vr005.ram
98.06.25 14:37 B d:\syncomat\syncweb\nsf98\vr005.rpm --> pilot.msu.edu /msu/course/vu/egr124/preview/lectures/nsf98 vr005.rpm
98.06.25 14:37 B d:\syncomat\syncweb\nsf98\vr006.ram --> pilot.msu.edu /msu/course/vu/egr124/preview/lectures/nsf98 vr006.ram
98.06.25 14:37 B d:\syncomat\syncweb\nsf98\vr006.rpm --> pilot.msu.edu /msu/course/vu/egr124/preview/lectures/nsf98 vr006.rpm
98.06.25 14:37 B d:\syncomat\syncweb\nsf98\vr007.ram --> pilot.msu.edu /msu/course/vu/egr124/preview/lectures/nsf98 vr007.ram
98.06.25 14:37 B d:\syncomat\syncweb\nsf98\vr007.rpm --> pilot.msu.edu /msu/course/vu/egr124/preview/lectures/nsf98 vr007.rpm
98.06.25 14:37 B d:\syncomat\syncweb\nsf98\vr008.ram --> pilot.msu.edu /msu/course/vu/egr124/preview/lectures/nsf98 vr008.ram
98.06.25 14:37 B d:\syncomat\syncweb\nsf98\vr008.rpm --> pilot.msu.edu /msu/course/vu/egr124/preview/lectures/nsf98 vr008.rpm
98.06.25 14:37 B d:\syncomat\syncweb\nsf98\vr009.ram --> pilot.msu.edu /msu/course/vu/egr124/preview/lectures/nsf98 vr009.ram
98.06.25 14:37 B d:\syncomat\syncweb\nsf98\vr009.rpm --> pilot.msu.edu /msu/course/vu/egr124/preview/lectures/nsf98 vr009.rpm
98.06.25 14:37 B d:\syncomat\syncweb\nsf98\vr010.ram --> pilot.msu.edu /msu/course/vu/egr124/preview/lectures/nsf98 vr010.ram
98.06.25 14:37 B d:\syncomat\syncweb\nsf98\vr010.rpm --> pilot.msu.edu /msu/course/vu/egr124/preview/lectures/nsf98 vr010.rpm
98.06.25 14:37 B d:\syncomat\syncweb\nsf98\vstr1.ram --> pilot.msu.edu /msu/course/vu/egr124/preview/lectures/nsf98 vstr1.ram
98.06.25 14:37 B d:\syncomat\syncweb\nsf98\vthumb.htm --> pilot.msu.edu /msu/course/vu/egr124/preview/lectures/nsf98 vthumb.htm
98.06.25 14:37 B d:\syncomat\syncweb\nsf98\xrecur1 --> pilot.msu.edu /msu/course/vu/egr124/preview/lectures/nsf98 xrecur1
