98.02.01 20:15 B D:\cdrom\help\afsauth.gif <-- www.vu.msu.edu /afs/msu/course/vu/egr124/cdrom/help afsauth.gif
98.02.01 20:15 B D:\cdrom\help\auth.htm <-- www.vu.msu.edu /afs/msu/course/vu/egr124/cdrom/help auth.htm
98.02.01 20:15 B D:\cdrom\help\capa.htm <-- www.vu.msu.edu /afs/msu/course/vu/egr124/cdrom/help capa.htm
98.02.01 20:15 B D:\cdrom\help\capahelp.gif <-- www.vu.msu.edu /afs/msu/course/vu/egr124/cdrom/help capahelp.gif
98.02.01 20:15 B D:\cdrom\help\faq.crs <-- www.vu.msu.edu /afs/msu/course/vu/egr124/cdrom/help faq.crs
98.02.01 20:15 B D:\cdrom\help\faq.htm <-- www.vu.msu.edu /afs/msu/course/vu/egr124/cdrom/help faq.htm
98.02.01 20:15 B D:\cdrom\help\fmtplug.gif <-- www.vu.msu.edu /afs/msu/course/vu/egr124/cdrom/help fmtplug.gif
98.02.01 20:15 B D:\cdrom\help\fmtview.gif <-- www.vu.msu.edu /afs/msu/course/vu/egr124/cdrom/help fmtview.gif
98.02.01 20:15 B D:\cdrom\help\formats.crs <-- www.vu.msu.edu /afs/msu/course/vu/egr124/cdrom/help formats.crs
98.02.01 20:15 B D:\cdrom\help\formats.htm <-- www.vu.msu.edu /afs/msu/course/vu/egr124/cdrom/help formats.htm
98.02.01 20:15 B D:\cdrom\help\helpnet.crs <-- www.vu.msu.edu /afs/msu/course/vu/egr124/cdrom/help helpnet.crs
98.02.01 20:15 B D:\cdrom\help\helpnet.htm <-- www.vu.msu.edu /afs/msu/course/vu/egr124/cdrom/help helpnet.htm
98.02.01 20:15 B D:\cdrom\help\hist.gif <-- www.vu.msu.edu /afs/msu/course/vu/egr124/cdrom/help hist.gif
98.02.01 20:15 B D:\cdrom\help\index.crs <-- www.vu.msu.edu /afs/msu/course/vu/egr124/cdrom/help index.crs
98.02.01 20:15 B D:\cdrom\help\index.htm <-- www.vu.msu.edu /afs/msu/course/vu/egr124/cdrom/help index.htm
98.02.01 20:15 B D:\cdrom\help\lectures.gif <-- www.vu.msu.edu /afs/msu/course/vu/egr124/cdrom/help lectures.gif
98.02.01 20:15 B D:\cdrom\help\makeind.mnu <-- www.vu.msu.edu /afs/msu/course/vu/egr124/cdrom/help makeind.mnu
98.02.01 20:15 B D:\cdrom\help\makeind.sed <-- www.vu.msu.edu /afs/msu/course/vu/egr124/cdrom/help makeind.sed
98.02.01 20:15 B D:\cdrom\help\pidpan.ram <-- www.vu.msu.edu /afs/msu/course/vu/egr124/cdrom/help pidpan.ram
98.02.01 20:16 B D:\cdrom\help\pidpan.rm <-- www.vu.msu.edu /afs/msu/course/vu/egr124/cdrom/help pidpan.rm
98.02.01 20:16 B D:\cdrom\help\smalltop.gif <-- www.vu.msu.edu /afs/msu/course/vu/egr124/cdrom/help smalltop.gif
98.02.01 20:16 B D:\cdrom\help\test.crs <-- www.vu.msu.edu /afs/msu/course/vu/egr124/cdrom/help test.crs
98.02.01 20:16 B D:\cdrom\help\test.htm <-- www.vu.msu.edu /afs/msu/course/vu/egr124/cdrom/help test.htm
98.02.01 20:16 B D:\cdrom\help\test.ra <-- www.vu.msu.edu /afs/msu/course/vu/egr124/cdrom/help test.ra
98.02.01 20:16 B D:\cdrom\help\test.rm <-- www.vu.msu.edu /afs/msu/course/vu/egr124/cdrom/help test.rm
98.02.01 20:16 B D:\cdrom\help\testap.ram <-- www.vu.msu.edu /afs/msu/course/vu/egr124/cdrom/help testap.ram
98.02.01 20:16 B D:\cdrom\help\testas.ram <-- www.vu.msu.edu /afs/msu/course/vu/egr124/cdrom/help testas.ram
98.02.01 20:16 B D:\cdrom\help\testvp.ram <-- www.vu.msu.edu /afs/msu/course/vu/egr124/cdrom/help testvp.ram
98.02.01 20:16 B D:\cdrom\help\testvs.ram <-- www.vu.msu.edu /afs/msu/course/vu/egr124/cdrom/help testvs.ram
98.02.01 20:18 B D:\cdrom\help\afsauth.gif <-- www.vu.msu.edu /afs/msu/course/vu/egr124/cdrom/help afsauth.gif
98.02.01 20:18 B D:\cdrom\help\auth.htm <-- www.vu.msu.edu /afs/msu/course/vu/egr124/cdrom/help auth.htm
98.02.01 20:18 B D:\cdrom\help\capa.htm <-- www.vu.msu.edu /afs/msu/course/vu/egr124/cdrom/help capa.htm
98.02.01 20:18 B D:\cdrom\help\capahelp.gif <-- www.vu.msu.edu /afs/msu/course/vu/egr124/cdrom/help capahelp.gif
98.02.01 20:18 B D:\cdrom\help\faq.crs <-- www.vu.msu.edu /afs/msu/course/vu/egr124/cdrom/help faq.crs
98.02.01 20:18 B D:\cdrom\help\faq.htm <-- www.vu.msu.edu /afs/msu/course/vu/egr124/cdrom/help faq.htm
98.02.01 20:18 B D:\cdrom\help\fmtplug.gif <-- www.vu.msu.edu /afs/msu/course/vu/egr124/cdrom/help fmtplug.gif
98.02.01 20:18 B D:\cdrom\help\fmtview.gif <-- www.vu.msu.edu /afs/msu/course/vu/egr124/cdrom/help fmtview.gif
98.02.01 20:18 B D:\cdrom\help\formats.crs <-- www.vu.msu.edu /afs/msu/course/vu/egr124/cdrom/help formats.crs
98.02.01 20:18 B D:\cdrom\help\formats.htm <-- www.vu.msu.edu /afs/msu/course/vu/egr124/cdrom/help formats.htm
98.02.01 20:18 B D:\cdrom\help\helpnet.crs <-- www.vu.msu.edu /afs/msu/course/vu/egr124/cdrom/help helpnet.crs
98.02.01 20:18 B D:\cdrom\help\helpnet.htm <-- www.vu.msu.edu /afs/msu/course/vu/egr124/cdrom/help helpnet.htm
98.02.01 20:18 B D:\cdrom\help\hist.gif <-- www.vu.msu.edu /afs/msu/course/vu/egr124/cdrom/help hist.gif
98.02.01 20:18 B D:\cdrom\help\index.crs <-- www.vu.msu.edu /afs/msu/course/vu/egr124/cdrom/help index.crs
98.02.01 20:18 B D:\cdrom\help\index.htm <-- www.vu.msu.edu /afs/msu/course/vu/egr124/cdrom/help index.htm
98.02.01 20:18 B D:\cdrom\help\lectures.gif <-- www.vu.msu.edu /afs/msu/course/vu/egr124/cdrom/help lectures.gif
98.02.01 20:18 B D:\cdrom\help\makeind.mnu <-- www.vu.msu.edu /afs/msu/course/vu/egr124/cdrom/help makeind.mnu
98.02.01 20:18 B D:\cdrom\help\makeind.sed <-- www.vu.msu.edu /afs/msu/course/vu/egr124/cdrom/help makeind.sed
98.02.01 20:18 B D:\cdrom\help\smalltop.gif <-- www.vu.msu.edu /afs/msu/course/vu/egr124/cdrom/help smalltop.gif
98.02.01 20:18 B D:\cdrom\help\test.crs <-- www.vu.msu.edu /afs/msu/course/vu/egr124/cdrom/help test.crs
98.02.01 20:18 B D:\cdrom\help\test.htm <-- www.vu.msu.edu /afs/msu/course/vu/egr124/cdrom/help test.htm
98.02.01 20:18 B D:\cdrom\help\test.ra <-- www.vu.msu.edu /afs/msu/course/vu/egr124/cdrom/help test.ra
98.02.01 20:18 B D:\cdrom\help\test.rm <-- www.vu.msu.edu /afs/msu/course/vu/egr124/cdrom/help test.rm
98.02.01 20:18 B D:\cdrom\help\testap.ram <-- www.vu.msu.edu /afs/msu/course/vu/egr124/cdrom/help testap.ram
98.02.01 20:18 B D:\cdrom\help\testas.ram <-- www.vu.msu.edu /afs/msu/course/vu/egr124/cdrom/help testas.ram
98.02.01 20:18 B D:\cdrom\help\testvp.ram <-- www.vu.msu.edu /afs/msu/course/vu/egr124/cdrom/help testvp.ram
98.02.01 20:18 B D:\cdrom\help\testvs.ram <-- www.vu.msu.edu /afs/msu/course/vu/egr124/cdrom/help testvs.ram
98.02.02 01:40 B D:\cdrom\help\afsauth.gif --> arctic.cps.msu.edu /user/cd/cps291/help afsauth.gif
98.02.02 01:40 B D:\cdrom\help\auth.htm --> arctic.cps.msu.edu /user/cd/cps291/help auth.htm
98.02.02 01:40 B D:\cdrom\help\capa.htm --> arctic.cps.msu.edu /user/cd/cps291/help capa.htm
98.02.02 01:40 B D:\cdrom\help\capahelp.gif --> arctic.cps.msu.edu /user/cd/cps291/help capahelp.gif
98.02.02 01:40 B D:\cdrom\help\faq.crs --> arctic.cps.msu.edu /user/cd/cps291/help faq.crs
98.02.02 01:40 B D:\cdrom\help\faq.htm --> arctic.cps.msu.edu /user/cd/cps291/help faq.htm
98.02.02 01:40 B D:\cdrom\help\fmtplug.gif --> arctic.cps.msu.edu /user/cd/cps291/help fmtplug.gif
98.02.02 01:40 B D:\cdrom\help\fmtview.gif --> arctic.cps.msu.edu /user/cd/cps291/help fmtview.gif
98.02.02 01:40 B D:\cdrom\help\formats.crs --> arctic.cps.msu.edu /user/cd/cps291/help formats.crs
98.02.02 01:40 B D:\cdrom\help\formats.htm --> arctic.cps.msu.edu /user/cd/cps291/help formats.htm
98.02.02 01:40 B D:\cdrom\help\helpnet.crs --> arctic.cps.msu.edu /user/cd/cps291/help helpnet.crs
98.02.02 01:40 B D:\cdrom\help\helpnet.htm --> arctic.cps.msu.edu /user/cd/cps291/help helpnet.htm
98.02.02 01:40 B D:\cdrom\help\hist.gif --> arctic.cps.msu.edu /user/cd/cps291/help hist.gif
98.02.02 01:40 B D:\cdrom\help\index.crs --> arctic.cps.msu.edu /user/cd/cps291/help index.crs
98.02.02 01:40 B D:\cdrom\help\index.htm --> arctic.cps.msu.edu /user/cd/cps291/help index.htm
98.02.02 01:40 B D:\cdrom\help\lectures.gif --> arctic.cps.msu.edu /user/cd/cps291/help lectures.gif
98.02.02 01:40 B D:\cdrom\help\makeind.mnu --> arctic.cps.msu.edu /user/cd/cps291/help makeind.mnu
98.02.02 01:40 B D:\cdrom\help\makeind.sed --> arctic.cps.msu.edu /user/cd/cps291/help makeind.sed
98.02.02 01:40 B D:\cdrom\help\smalltop.gif --> arctic.cps.msu.edu /user/cd/cps291/help smalltop.gif
98.02.02 01:40 B D:\cdrom\help\test.crs --> arctic.cps.msu.edu /user/cd/cps291/help test.crs
98.02.02 01:40 B D:\cdrom\help\test.htm --> arctic.cps.msu.edu /user/cd/cps291/help test.htm
98.02.02 01:40 B D:\cdrom\help\test.ra --> arctic.cps.msu.edu /user/cd/cps291/help test.ra
98.02.02 01:40 B D:\cdrom\help\test.rm --> arctic.cps.msu.edu /user/cd/cps291/help test.rm
98.02.02 01:40 B D:\cdrom\help\testap.ram --> arctic.cps.msu.edu /user/cd/cps291/help testap.ram
98.02.02 01:40 B D:\cdrom\help\testas.ram --> arctic.cps.msu.edu /user/cd/cps291/help testas.ram
98.02.02 01:40 B D:\cdrom\help\testvp.ram --> arctic.cps.msu.edu /user/cd/cps291/help testvp.ram
98.02.02 01:40 B D:\cdrom\help\testvs.ram --> arctic.cps.msu.edu /user/cd/cps291/help testvs.ram
98.02.02 01:40 B D:\cdrom\help\WS_FTP.LOG --> arctic.cps.msu.edu /user/cd/cps291/help WS_FTP.LOG
98.03.12 22:31 B D:\cdrom\help\afsauth.gif <-- www.vu.msu.edu /afs/msu/course/vu/egr124/cdrom/help afsauth.gif
98.03.12 22:31 B D:\cdrom\help\auth.htm <-- www.vu.msu.edu /afs/msu/course/vu/egr124/cdrom/help auth.htm
98.03.12 22:31 B D:\cdrom\help\capa.htm <-- www.vu.msu.edu /afs/msu/course/vu/egr124/cdrom/help capa.htm
98.03.12 22:31 B D:\cdrom\help\capahelp.gif <-- www.vu.msu.edu /afs/msu/course/vu/egr124/cdrom/help capahelp.gif
98.03.12 22:31 B D:\cdrom\help\faq.crs <-- www.vu.msu.edu /afs/msu/course/vu/egr124/cdrom/help faq.crs
98.03.12 22:31 B D:\cdrom\help\faq.htm <-- www.vu.msu.edu /afs/msu/course/vu/egr124/cdrom/help faq.htm
98.03.12 22:31 B D:\cdrom\help\fmtplug.gif <-- www.vu.msu.edu /afs/msu/course/vu/egr124/cdrom/help fmtplug.gif
98.03.12 22:31 B D:\cdrom\help\fmtview.gif <-- www.vu.msu.edu /afs/msu/course/vu/egr124/cdrom/help fmtview.gif
98.03.12 22:31 B D:\cdrom\help\formats.crs <-- www.vu.msu.edu /afs/msu/course/vu/egr124/cdrom/help formats.crs
98.03.12 22:31 B D:\cdrom\help\formats.htm <-- www.vu.msu.edu /afs/msu/course/vu/egr124/cdrom/help formats.htm
98.03.12 22:31 B D:\cdrom\help\helpnet.crs <-- www.vu.msu.edu /afs/msu/course/vu/egr124/cdrom/help helpnet.crs
98.03.12 22:31 B D:\cdrom\help\helpnet.htm <-- www.vu.msu.edu /afs/msu/course/vu/egr124/cdrom/help helpnet.htm
98.03.12 22:31 B D:\cdrom\help\hist.gif <-- www.vu.msu.edu /afs/msu/course/vu/egr124/cdrom/help hist.gif
98.03.12 22:31 B D:\cdrom\help\index.crs <-- www.vu.msu.edu /afs/msu/course/vu/egr124/cdrom/help index.crs
98.03.12 22:31 B D:\cdrom\help\index.htm <-- www.vu.msu.edu /afs/msu/course/vu/egr124/cdrom/help index.htm
98.03.12 22:31 B D:\cdrom\help\lectures.gif <-- www.vu.msu.edu /afs/msu/course/vu/egr124/cdrom/help lectures.gif
98.03.12 22:31 B D:\cdrom\help\makeind.mnu <-- www.vu.msu.edu /afs/msu/course/vu/egr124/cdrom/help makeind.mnu
98.03.12 22:32 B D:\cdrom\help\makeind.sed <-- www.vu.msu.edu /afs/msu/course/vu/egr124/cdrom/help makeind.sed
98.03.12 22:32 B D:\cdrom\help\smalltop.gif <-- www.vu.msu.edu /afs/msu/course/vu/egr124/cdrom/help smalltop.gif
98.03.12 22:32 B D:\cdrom\help\test.crs <-- www.vu.msu.edu /afs/msu/course/vu/egr124/cdrom/help test.crs
98.03.12 22:32 B D:\cdrom\help\test.htm <-- www.vu.msu.edu /afs/msu/course/vu/egr124/cdrom/help test.htm
98.03.12 22:32 B D:\cdrom\help\test.ra <-- www.vu.msu.edu /afs/msu/course/vu/egr124/cdrom/help test.ra
98.03.12 22:32 B D:\cdrom\help\test.rm <-- www.vu.msu.edu /afs/msu/course/vu/egr124/cdrom/help test.rm
98.03.12 22:32 B D:\cdrom\help\testap.ram <-- www.vu.msu.edu /afs/msu/course/vu/egr124/cdrom/help testap.ram
98.03.12 22:32 B D:\cdrom\help\testas.ram <-- www.vu.msu.edu /afs/msu/course/vu/egr124/cdrom/help testas.ram
98.03.12 22:32 B D:\cdrom\help\testvp.ram <-- www.vu.msu.edu /afs/msu/course/vu/egr124/cdrom/help testvp.ram
98.03.12 22:32 B D:\cdrom\help\testvs.ram <-- www.vu.msu.edu /afs/msu/course/vu/egr124/cdrom/help testvs.ram
98.03.12 23:12 B D:\cdrom\help\afsauth.gif --> cps.msu.edu /user/cd/cps291/help afsauth.gif
98.03.12 23:12 B D:\cdrom\help\auth.htm --> cps.msu.edu /user/cd/cps291/help auth.htm
98.03.12 23:12 B D:\cdrom\help\capa.htm --> cps.msu.edu /user/cd/cps291/help capa.htm
98.03.12 23:12 B D:\cdrom\help\capahelp.gif --> cps.msu.edu /user/cd/cps291/help capahelp.gif
98.03.12 23:12 B D:\cdrom\help\faq.crs --> cps.msu.edu /user/cd/cps291/help faq.crs
98.03.12 23:12 B D:\cdrom\help\faq.htm --> cps.msu.edu /user/cd/cps291/help faq.htm
98.03.12 23:12 B D:\cdrom\help\fmtplug.gif --> cps.msu.edu /user/cd/cps291/help fmtplug.gif
98.03.12 23:12 B D:\cdrom\help\fmtview.gif --> cps.msu.edu /user/cd/cps291/help fmtview.gif
98.03.12 23:12 B D:\cdrom\help\formats.crs --> cps.msu.edu /user/cd/cps291/help formats.crs
98.03.12 23:12 B D:\cdrom\help\formats.htm --> cps.msu.edu /user/cd/cps291/help formats.htm
98.03.12 23:12 B D:\cdrom\help\helpnet.crs --> cps.msu.edu /user/cd/cps291/help helpnet.crs
98.03.12 23:12 B D:\cdrom\help\helpnet.htm --> cps.msu.edu /user/cd/cps291/help helpnet.htm
98.03.12 23:12 B D:\cdrom\help\hist.gif --> cps.msu.edu /user/cd/cps291/help hist.gif
98.03.12 23:12 B D:\cdrom\help\index.crs --> cps.msu.edu /user/cd/cps291/help index.crs
98.03.12 23:12 B D:\cdrom\help\index.htm --> cps.msu.edu /user/cd/cps291/help index.htm
98.03.12 23:12 B D:\cdrom\help\lectures.gif --> cps.msu.edu /user/cd/cps291/help lectures.gif
98.03.12 23:12 B D:\cdrom\help\makeind.mnu --> cps.msu.edu /user/cd/cps291/help makeind.mnu
98.03.12 23:12 B D:\cdrom\help\makeind.sed --> cps.msu.edu /user/cd/cps291/help makeind.sed
98.03.12 23:12 B D:\cdrom\help\smalltop.gif --> cps.msu.edu /user/cd/cps291/help smalltop.gif
98.03.12 23:12 B D:\cdrom\help\test.crs --> cps.msu.edu /user/cd/cps291/help test.crs
98.03.12 23:12 B D:\cdrom\help\test.htm --> cps.msu.edu /user/cd/cps291/help test.htm
98.03.12 23:12 B D:\cdrom\help\test.ra --> cps.msu.edu /user/cd/cps291/help test.ra
98.03.12 23:12 B D:\cdrom\help\test.rm --> cps.msu.edu /user/cd/cps291/help test.rm
98.03.12 23:12 B D:\cdrom\help\testap.ram --> cps.msu.edu /user/cd/cps291/help testap.ram
98.03.12 23:12 B D:\cdrom\help\testas.ram --> cps.msu.edu /user/cd/cps291/help testas.ram
98.03.12 23:12 B D:\cdrom\help\testvp.ram --> cps.msu.edu /user/cd/cps291/help testvp.ram
98.03.12 23:12 B D:\cdrom\help\testvs.ram --> cps.msu.edu /user/cd/cps291/help testvs.ram
98.03.12 23:12 B D:\cdrom\help\WS_FTP.LOG --> cps.msu.edu /user/cd/cps291/help WS_FTP.LOG
98.03.13 00:01 B D:\cdrom\help\afsauth.gif --> cps.msu.edu /user/cd/cps291/help afsauth.gif
98.03.13 00:01 B D:\cdrom\help\auth.htm --> cps.msu.edu /user/cd/cps291/help auth.htm
98.03.13 00:01 B D:\cdrom\help\capa.htm --> cps.msu.edu /user/cd/cps291/help capa.htm
98.03.13 00:01 B D:\cdrom\help\capahelp.gif --> cps.msu.edu /user/cd/cps291/help capahelp.gif
98.03.13 00:01 B D:\cdrom\help\faq.crs --> cps.msu.edu /user/cd/cps291/help faq.crs
98.03.13 00:01 B D:\cdrom\help\faq.htm --> cps.msu.edu /user/cd/cps291/help faq.htm
98.03.13 00:01 B D:\cdrom\help\fmtplug.gif --> cps.msu.edu /user/cd/cps291/help fmtplug.gif
98.03.13 00:01 B D:\cdrom\help\fmtview.gif --> cps.msu.edu /user/cd/cps291/help fmtview.gif
98.03.13 00:01 B D:\cdrom\help\formats.crs --> cps.msu.edu /user/cd/cps291/help formats.crs
98.03.13 00:01 B D:\cdrom\help\formats.htm --> cps.msu.edu /user/cd/cps291/help formats.htm
98.03.13 00:01 B D:\cdrom\help\helpnet.crs --> cps.msu.edu /user/cd/cps291/help helpnet.crs
98.03.13 00:01 B D:\cdrom\help\helpnet.htm --> cps.msu.edu /user/cd/cps291/help helpnet.htm
98.03.13 00:01 B D:\cdrom\help\hist.gif --> cps.msu.edu /user/cd/cps291/help hist.gif
98.03.13 00:01 B D:\cdrom\help\index.crs --> cps.msu.edu /user/cd/cps291/help index.crs
98.03.13 00:01 B D:\cdrom\help\index.htm --> cps.msu.edu /user/cd/cps291/help index.htm
98.03.13 00:01 B D:\cdrom\help\lectures.gif --> cps.msu.edu /user/cd/cps291/help lectures.gif
98.03.13 00:01 B D:\cdrom\help\makeind.mnu --> cps.msu.edu /user/cd/cps291/help makeind.mnu
98.03.13 00:01 B D:\cdrom\help\makeind.sed --> cps.msu.edu /user/cd/cps291/help makeind.sed
98.03.13 00:01 B D:\cdrom\help\smalltop.gif --> cps.msu.edu /user/cd/cps291/help smalltop.gif
98.03.13 00:01 B D:\cdrom\help\test.crs --> cps.msu.edu /user/cd/cps291/help test.crs
98.03.13 00:01 B D:\cdrom\help\test.htm --> cps.msu.edu /user/cd/cps291/help test.htm
98.03.13 00:01 B D:\cdrom\help\test.ra --> cps.msu.edu /user/cd/cps291/help test.ra
98.03.13 00:01 B D:\cdrom\help\test.rm --> cps.msu.edu /user/cd/cps291/help test.rm
98.03.13 00:01 B D:\cdrom\help\testap.ram --> cps.msu.edu /user/cd/cps291/help testap.ram
98.03.13 00:01 B D:\cdrom\help\testas.ram --> cps.msu.edu /user/cd/cps291/help testas.ram
98.03.13 00:01 B D:\cdrom\help\testvp.ram --> cps.msu.edu /user/cd/cps291/help testvp.ram
98.03.13 00:01 B D:\cdrom\help\testvs.ram --> cps.msu.edu /user/cd/cps291/help testvs.ram
98.03.13 00:01 B D:\cdrom\help\WS_FTP.LOG --> cps.msu.edu /user/cd/cps291/help WS_FTP.LOG
98.03.13 08:59 B D:\cdrom\help\afsauth.gif --> cps.msu.edu /user/cd/cps291/help afsauth.gif
98.03.13 08:59 B D:\cdrom\help\auth.htm --> cps.msu.edu /user/cd/cps291/help auth.htm
98.03.13 08:59 B D:\cdrom\help\capa.htm --> cps.msu.edu /user/cd/cps291/help capa.htm
98.03.13 08:59 B D:\cdrom\help\capahelp.gif --> cps.msu.edu /user/cd/cps291/help capahelp.gif
98.03.13 08:59 B D:\cdrom\help\faq.crs --> cps.msu.edu /user/cd/cps291/help faq.crs
98.03.13 08:59 B D:\cdrom\help\faq.htm --> cps.msu.edu /user/cd/cps291/help faq.htm
98.03.13 08:59 B D:\cdrom\help\fmtplug.gif --> cps.msu.edu /user/cd/cps291/help fmtplug.gif
98.03.13 08:59 B D:\cdrom\help\fmtview.gif --> cps.msu.edu /user/cd/cps291/help fmtview.gif
98.03.13 08:59 B D:\cdrom\help\formats.crs --> cps.msu.edu /user/cd/cps291/help formats.crs
98.03.13 08:59 B D:\cdrom\help\formats.htm --> cps.msu.edu /user/cd/cps291/help formats.htm
98.03.13 08:59 B D:\cdrom\help\helpnet.crs --> cps.msu.edu /user/cd/cps291/help helpnet.crs
98.03.13 08:59 B D:\cdrom\help\helpnet.htm --> cps.msu.edu /user/cd/cps291/help helpnet.htm
98.03.13 08:59 B D:\cdrom\help\hist.gif --> cps.msu.edu /user/cd/cps291/help hist.gif
98.03.13 08:59 B D:\cdrom\help\index.crs --> cps.msu.edu /user/cd/cps291/help index.crs
98.03.13 08:59 B D:\cdrom\help\index.htm --> cps.msu.edu /user/cd/cps291/help index.htm
98.03.13 08:59 B D:\cdrom\help\lectures.gif --> cps.msu.edu /user/cd/cps291/help lectures.gif
98.03.13 08:59 B D:\cdrom\help\makeind.mnu --> cps.msu.edu /user/cd/cps291/help makeind.mnu
98.03.13 08:59 B D:\cdrom\help\makeind.sed --> cps.msu.edu /user/cd/cps291/help makeind.sed
98.03.13 08:59 B D:\cdrom\help\smalltop.gif --> cps.msu.edu /user/cd/cps291/help smalltop.gif
98.03.13 08:59 B D:\cdrom\help\test.crs --> cps.msu.edu /user/cd/cps291/help test.crs
98.03.13 08:59 B D:\cdrom\help\test.htm --> cps.msu.edu /user/cd/cps291/help test.htm
98.03.13 08:59 B D:\cdrom\help\test.ra --> cps.msu.edu /user/cd/cps291/help test.ra
98.03.13 08:59 B D:\cdrom\help\test.rm --> cps.msu.edu /user/cd/cps291/help test.rm
98.03.13 08:59 B D:\cdrom\help\testap.ram --> cps.msu.edu /user/cd/cps291/help testap.ram
98.03.13 08:59 B D:\cdrom\help\testas.ram --> cps.msu.edu /user/cd/cps291/help testas.ram
98.03.13 08:59 B D:\cdrom\help\testvp.ram --> cps.msu.edu /user/cd/cps291/help testvp.ram
98.03.13 08:59 B D:\cdrom\help\testvs.ram --> cps.msu.edu /user/cd/cps291/help testvs.ram
98.03.13 08:59 B D:\cdrom\help\WS_FTP.LOG --> cps.msu.edu /user/cd/cps291/help WS_FTP.LOG
