98.02.01 20:02 B D:\cdrom\help\plugins\index.htm <-- www.vu.msu.edu /afs/msu/course/vu/egr124/cdrom/help/plugins index.htm
98.02.01 20:02 B D:\cdrom\help\plugins\netsc1.gif <-- www.vu.msu.edu /afs/msu/course/vu/egr124/cdrom/help/plugins netsc1.gif
98.02.01 20:02 B D:\cdrom\help\plugins\netsc2.gif <-- www.vu.msu.edu /afs/msu/course/vu/egr124/cdrom/help/plugins netsc2.gif
98.02.01 20:03 B D:\cdrom\help\plugins\netsc3.gif <-- www.vu.msu.edu /afs/msu/course/vu/egr124/cdrom/help/plugins netsc3.gif
98.02.01 20:03 B D:\cdrom\help\plugins\netsc4.gif <-- www.vu.msu.edu /afs/msu/course/vu/egr124/cdrom/help/plugins netsc4.gif
98.02.01 20:03 B D:\cdrom\help\plugins\netsc5.gif <-- www.vu.msu.edu /afs/msu/course/vu/egr124/cdrom/help/plugins netsc5.gif
98.02.01 20:03 B D:\cdrom\help\plugins\netsc7.gif <-- www.vu.msu.edu /afs/msu/course/vu/egr124/cdrom/help/plugins netsc7.gif
98.02.01 20:18 B D:\cdrom\help\plugins\index.htm <-- www.vu.msu.edu /afs/msu/course/vu/egr124/cdrom/help/plugins index.htm
98.02.01 20:18 B D:\cdrom\help\plugins\netsc1.gif <-- www.vu.msu.edu /afs/msu/course/vu/egr124/cdrom/help/plugins netsc1.gif
98.02.01 20:18 B D:\cdrom\help\plugins\netsc2.gif <-- www.vu.msu.edu /afs/msu/course/vu/egr124/cdrom/help/plugins netsc2.gif
98.02.01 20:18 B D:\cdrom\help\plugins\netsc3.gif <-- www.vu.msu.edu /afs/msu/course/vu/egr124/cdrom/help/plugins netsc3.gif
98.02.01 20:18 B D:\cdrom\help\plugins\netsc4.gif <-- www.vu.msu.edu /afs/msu/course/vu/egr124/cdrom/help/plugins netsc4.gif
98.02.01 20:18 B D:\cdrom\help\plugins\netsc5.gif <-- www.vu.msu.edu /afs/msu/course/vu/egr124/cdrom/help/plugins netsc5.gif
98.02.01 20:18 B D:\cdrom\help\plugins\netsc7.gif <-- www.vu.msu.edu /afs/msu/course/vu/egr124/cdrom/help/plugins netsc7.gif
98.02.02 01:40 B D:\cdrom\help\plugins\index.htm --> arctic.cps.msu.edu /user/cd/cps291/help/plugins index.htm
98.02.02 01:40 B D:\cdrom\help\plugins\netsc1.gif --> arctic.cps.msu.edu /user/cd/cps291/help/plugins netsc1.gif
98.02.02 01:40 B D:\cdrom\help\plugins\netsc2.gif --> arctic.cps.msu.edu /user/cd/cps291/help/plugins netsc2.gif
98.02.02 01:40 B D:\cdrom\help\plugins\netsc3.gif --> arctic.cps.msu.edu /user/cd/cps291/help/plugins netsc3.gif
98.02.02 01:40 B D:\cdrom\help\plugins\netsc4.gif --> arctic.cps.msu.edu /user/cd/cps291/help/plugins netsc4.gif
98.02.02 01:40 B D:\cdrom\help\plugins\netsc5.gif --> arctic.cps.msu.edu /user/cd/cps291/help/plugins netsc5.gif
98.02.02 01:40 B D:\cdrom\help\plugins\netsc7.gif --> arctic.cps.msu.edu /user/cd/cps291/help/plugins netsc7.gif
98.02.02 01:40 B D:\cdrom\help\plugins\WS_FTP.LOG --> arctic.cps.msu.edu /user/cd/cps291/help/plugins WS_FTP.LOG
98.03.12 22:31 B D:\cdrom\help\plugins\index.htm <-- www.vu.msu.edu /afs/msu/course/vu/egr124/cdrom/help/plugins index.htm
98.03.12 22:31 B D:\cdrom\help\plugins\netsc1.gif <-- www.vu.msu.edu /afs/msu/course/vu/egr124/cdrom/help/plugins netsc1.gif
98.03.12 22:31 B D:\cdrom\help\plugins\netsc2.gif <-- www.vu.msu.edu /afs/msu/course/vu/egr124/cdrom/help/plugins netsc2.gif
98.03.12 22:31 B D:\cdrom\help\plugins\netsc3.gif <-- www.vu.msu.edu /afs/msu/course/vu/egr124/cdrom/help/plugins netsc3.gif
98.03.12 22:31 B D:\cdrom\help\plugins\netsc4.gif <-- www.vu.msu.edu /afs/msu/course/vu/egr124/cdrom/help/plugins netsc4.gif
98.03.12 22:31 B D:\cdrom\help\plugins\netsc5.gif <-- www.vu.msu.edu /afs/msu/course/vu/egr124/cdrom/help/plugins netsc5.gif
98.03.12 22:31 B D:\cdrom\help\plugins\netsc7.gif <-- www.vu.msu.edu /afs/msu/course/vu/egr124/cdrom/help/plugins netsc7.gif
98.03.12 23:11 B D:\cdrom\help\plugins\index.htm --> cps.msu.edu /user/cd/cps291/help/plugins index.htm
98.03.12 23:11 B D:\cdrom\help\plugins\netsc1.gif --> cps.msu.edu /user/cd/cps291/help/plugins netsc1.gif
98.03.12 23:11 B D:\cdrom\help\plugins\netsc2.gif --> cps.msu.edu /user/cd/cps291/help/plugins netsc2.gif
98.03.12 23:11 B D:\cdrom\help\plugins\netsc3.gif --> cps.msu.edu /user/cd/cps291/help/plugins netsc3.gif
98.03.12 23:11 B D:\cdrom\help\plugins\netsc4.gif --> cps.msu.edu /user/cd/cps291/help/plugins netsc4.gif
98.03.12 23:11 B D:\cdrom\help\plugins\netsc5.gif --> cps.msu.edu /user/cd/cps291/help/plugins netsc5.gif
98.03.12 23:11 B D:\cdrom\help\plugins\netsc7.gif --> cps.msu.edu /user/cd/cps291/help/plugins netsc7.gif
98.03.12 23:11 B D:\cdrom\help\plugins\WS_FTP.LOG --> cps.msu.edu /user/cd/cps291/help/plugins WS_FTP.LOG
98.03.13 00:01 B D:\cdrom\help\plugins\index.htm --> cps.msu.edu /user/cd/cps291/help/plugins index.htm
98.03.13 00:01 B D:\cdrom\help\plugins\netsc1.gif --> cps.msu.edu /user/cd/cps291/help/plugins netsc1.gif
98.03.13 00:01 B D:\cdrom\help\plugins\netsc2.gif --> cps.msu.edu /user/cd/cps291/help/plugins netsc2.gif
98.03.13 00:01 B D:\cdrom\help\plugins\netsc3.gif --> cps.msu.edu /user/cd/cps291/help/plugins netsc3.gif
98.03.13 00:01 B D:\cdrom\help\plugins\netsc4.gif --> cps.msu.edu /user/cd/cps291/help/plugins netsc4.gif
98.03.13 00:01 B D:\cdrom\help\plugins\netsc5.gif --> cps.msu.edu /user/cd/cps291/help/plugins netsc5.gif
98.03.13 00:01 B D:\cdrom\help\plugins\netsc7.gif --> cps.msu.edu /user/cd/cps291/help/plugins netsc7.gif
98.03.13 00:01 B D:\cdrom\help\plugins\WS_FTP.LOG --> cps.msu.edu /user/cd/cps291/help/plugins WS_FTP.LOG
98.03.13 08:58 B D:\cdrom\help\plugins\index.htm --> cps.msu.edu /user/cd/cps291/help/plugins index.htm
98.03.13 08:58 B D:\cdrom\help\plugins\netsc1.gif --> cps.msu.edu /user/cd/cps291/help/plugins netsc1.gif
98.03.13 08:58 B D:\cdrom\help\plugins\netsc2.gif --> cps.msu.edu /user/cd/cps291/help/plugins netsc2.gif
98.03.13 08:58 B D:\cdrom\help\plugins\netsc3.gif --> cps.msu.edu /user/cd/cps291/help/plugins netsc3.gif
98.03.13 08:58 B D:\cdrom\help\plugins\netsc4.gif --> cps.msu.edu /user/cd/cps291/help/plugins netsc4.gif
98.03.13 08:58 B D:\cdrom\help\plugins\netsc5.gif --> cps.msu.edu /user/cd/cps291/help/plugins netsc5.gif
98.03.13 08:58 B D:\cdrom\help\plugins\netsc7.gif --> cps.msu.edu /user/cd/cps291/help/plugins netsc7.gif
98.03.13 08:58 B D:\cdrom\help\plugins\WS_FTP.LOG --> cps.msu.edu /user/cd/cps291/help/plugins WS_FTP.LOG
