98.02.01 20:02 B D:\cdrom\help\macdial\chooser.gif <-- www.vu.msu.edu /afs/msu/course/vu/egr124/cdrom/help/macdial chooser.gif
98.02.01 20:02 B D:\cdrom\help\macdial\index.htm <-- www.vu.msu.edu /afs/msu/course/vu/egr124/cdrom/help/macdial index.htm
98.02.01 20:02 B D:\cdrom\help\macdial\options1.gif <-- www.vu.msu.edu /afs/msu/course/vu/egr124/cdrom/help/macdial options1.gif
98.02.01 20:02 B D:\cdrom\help\macdial\ppp1.gif <-- www.vu.msu.edu /afs/msu/course/vu/egr124/cdrom/help/macdial ppp1.gif
98.02.01 20:02 B D:\cdrom\help\macdial\tcpip1.gif <-- www.vu.msu.edu /afs/msu/course/vu/egr124/cdrom/help/macdial tcpip1.gif
98.02.01 20:02 B D:\cdrom\help\macdial\tcpip2.gif <-- www.vu.msu.edu /afs/msu/course/vu/egr124/cdrom/help/macdial tcpip2.gif
98.02.01 20:18 B D:\cdrom\help\macdial\chooser.gif <-- www.vu.msu.edu /afs/msu/course/vu/egr124/cdrom/help/macdial chooser.gif
98.02.01 20:18 B D:\cdrom\help\macdial\index.htm <-- www.vu.msu.edu /afs/msu/course/vu/egr124/cdrom/help/macdial index.htm
98.02.01 20:18 B D:\cdrom\help\macdial\options1.gif <-- www.vu.msu.edu /afs/msu/course/vu/egr124/cdrom/help/macdial options1.gif
98.02.01 20:18 B D:\cdrom\help\macdial\ppp1.gif <-- www.vu.msu.edu /afs/msu/course/vu/egr124/cdrom/help/macdial ppp1.gif
98.02.01 20:18 B D:\cdrom\help\macdial\tcpip1.gif <-- www.vu.msu.edu /afs/msu/course/vu/egr124/cdrom/help/macdial tcpip1.gif
98.02.01 20:18 B D:\cdrom\help\macdial\tcpip2.gif <-- www.vu.msu.edu /afs/msu/course/vu/egr124/cdrom/help/macdial tcpip2.gif
98.02.02 01:40 B D:\cdrom\help\macdial\chooser.gif --> arctic.cps.msu.edu /user/cd/cps291/help/macdial chooser.gif
98.02.02 01:40 B D:\cdrom\help\macdial\index.htm --> arctic.cps.msu.edu /user/cd/cps291/help/macdial index.htm
98.02.02 01:40 B D:\cdrom\help\macdial\options1.gif --> arctic.cps.msu.edu /user/cd/cps291/help/macdial options1.gif
98.02.02 01:40 B D:\cdrom\help\macdial\ppp1.gif --> arctic.cps.msu.edu /user/cd/cps291/help/macdial ppp1.gif
98.02.02 01:40 B D:\cdrom\help\macdial\tcpip1.gif --> arctic.cps.msu.edu /user/cd/cps291/help/macdial tcpip1.gif
98.02.02 01:40 B D:\cdrom\help\macdial\tcpip2.gif --> arctic.cps.msu.edu /user/cd/cps291/help/macdial tcpip2.gif
98.02.02 01:40 B D:\cdrom\help\macdial\WS_FTP.LOG --> arctic.cps.msu.edu /user/cd/cps291/help/macdial WS_FTP.LOG
98.03.12 22:30 B D:\cdrom\help\macdial\chooser.gif <-- www.vu.msu.edu /afs/msu/course/vu/egr124/cdrom/help/macdial chooser.gif
98.03.12 22:30 B D:\cdrom\help\macdial\index.htm <-- www.vu.msu.edu /afs/msu/course/vu/egr124/cdrom/help/macdial index.htm
98.03.12 22:30 B D:\cdrom\help\macdial\options1.gif <-- www.vu.msu.edu /afs/msu/course/vu/egr124/cdrom/help/macdial options1.gif
98.03.12 22:30 B D:\cdrom\help\macdial\ppp1.gif <-- www.vu.msu.edu /afs/msu/course/vu/egr124/cdrom/help/macdial ppp1.gif
98.03.12 22:30 B D:\cdrom\help\macdial\tcpip1.gif <-- www.vu.msu.edu /afs/msu/course/vu/egr124/cdrom/help/macdial tcpip1.gif
98.03.12 22:30 B D:\cdrom\help\macdial\tcpip2.gif <-- www.vu.msu.edu /afs/msu/course/vu/egr124/cdrom/help/macdial tcpip2.gif
98.03.12 23:11 B D:\cdrom\help\macdial\chooser.gif --> cps.msu.edu /user/cd/cps291/help/macdial chooser.gif
98.03.12 23:11 B D:\cdrom\help\macdial\index.htm --> cps.msu.edu /user/cd/cps291/help/macdial index.htm
98.03.12 23:11 B D:\cdrom\help\macdial\options1.gif --> cps.msu.edu /user/cd/cps291/help/macdial options1.gif
98.03.12 23:11 B D:\cdrom\help\macdial\ppp1.gif --> cps.msu.edu /user/cd/cps291/help/macdial ppp1.gif
98.03.12 23:11 B D:\cdrom\help\macdial\tcpip1.gif --> cps.msu.edu /user/cd/cps291/help/macdial tcpip1.gif
98.03.12 23:11 B D:\cdrom\help\macdial\tcpip2.gif --> cps.msu.edu /user/cd/cps291/help/macdial tcpip2.gif
98.03.12 23:11 B D:\cdrom\help\macdial\WS_FTP.LOG --> cps.msu.edu /user/cd/cps291/help/macdial WS_FTP.LOG
98.03.13 00:01 B D:\cdrom\help\macdial\chooser.gif --> cps.msu.edu /user/cd/cps291/help/macdial chooser.gif
98.03.13 00:01 B D:\cdrom\help\macdial\index.htm --> cps.msu.edu /user/cd/cps291/help/macdial index.htm
98.03.13 00:01 B D:\cdrom\help\macdial\options1.gif --> cps.msu.edu /user/cd/cps291/help/macdial options1.gif
98.03.13 00:01 B D:\cdrom\help\macdial\ppp1.gif --> cps.msu.edu /user/cd/cps291/help/macdial ppp1.gif
98.03.13 00:01 B D:\cdrom\help\macdial\tcpip1.gif --> cps.msu.edu /user/cd/cps291/help/macdial tcpip1.gif
98.03.13 00:01 B D:\cdrom\help\macdial\tcpip2.gif --> cps.msu.edu /user/cd/cps291/help/macdial tcpip2.gif
98.03.13 00:01 B D:\cdrom\help\macdial\WS_FTP.LOG --> cps.msu.edu /user/cd/cps291/help/macdial WS_FTP.LOG
98.03.13 08:58 B D:\cdrom\help\macdial\chooser.gif --> cps.msu.edu /user/cd/cps291/help/macdial chooser.gif
98.03.13 08:58 B D:\cdrom\help\macdial\index.htm --> cps.msu.edu /user/cd/cps291/help/macdial index.htm
98.03.13 08:58 B D:\cdrom\help\macdial\options1.gif --> cps.msu.edu /user/cd/cps291/help/macdial options1.gif
98.03.13 08:58 B D:\cdrom\help\macdial\ppp1.gif --> cps.msu.edu /user/cd/cps291/help/macdial ppp1.gif
98.03.13 08:58 B D:\cdrom\help\macdial\tcpip1.gif --> cps.msu.edu /user/cd/cps291/help/macdial tcpip1.gif
98.03.13 08:58 B D:\cdrom\help\macdial\tcpip2.gif --> cps.msu.edu /user/cd/cps291/help/macdial tcpip2.gif
98.03.13 08:58 B D:\cdrom\help\macdial\WS_FTP.LOG --> cps.msu.edu /user/cd/cps291/help/macdial WS_FTP.LOG
