98.02.01 20:02 B D:\cdrom\help\aolplug\aolhelp.gif <-- www.vu.msu.edu /afs/msu/course/vu/egr124/cdrom/help/aolplug aolhelp.gif
98.02.01 20:02 B D:\cdrom\help\aolplug\aolplug.gif <-- www.vu.msu.edu /afs/msu/course/vu/egr124/cdrom/help/aolplug aolplug.gif
98.02.01 20:02 B D:\cdrom\help\aolplug\aolpref.gif <-- www.vu.msu.edu /afs/msu/course/vu/egr124/cdrom/help/aolplug aolpref.gif
98.02.01 20:02 B D:\cdrom\help\aolplug\aolwww.gif <-- www.vu.msu.edu /afs/msu/course/vu/egr124/cdrom/help/aolplug aolwww.gif
98.02.01 20:02 B D:\cdrom\help\aolplug\index.htm <-- www.vu.msu.edu /afs/msu/course/vu/egr124/cdrom/help/aolplug index.htm
98.02.01 20:17 B D:\cdrom\help\aolplug\aolhelp.gif <-- www.vu.msu.edu /afs/msu/course/vu/egr124/cdrom/help/aolplug aolhelp.gif
98.02.01 20:17 B D:\cdrom\help\aolplug\aolplug.gif <-- www.vu.msu.edu /afs/msu/course/vu/egr124/cdrom/help/aolplug aolplug.gif
98.02.01 20:17 B D:\cdrom\help\aolplug\aolpref.gif <-- www.vu.msu.edu /afs/msu/course/vu/egr124/cdrom/help/aolplug aolpref.gif
98.02.01 20:17 B D:\cdrom\help\aolplug\aolwww.gif <-- www.vu.msu.edu /afs/msu/course/vu/egr124/cdrom/help/aolplug aolwww.gif
98.02.01 20:17 B D:\cdrom\help\aolplug\index.htm <-- www.vu.msu.edu /afs/msu/course/vu/egr124/cdrom/help/aolplug index.htm
98.02.02 01:39 B D:\cdrom\help\aolplug\aolhelp.gif --> arctic.cps.msu.edu /user/cd/cps291/help/aolplug aolhelp.gif
98.02.02 01:39 B D:\cdrom\help\aolplug\aolplug.gif --> arctic.cps.msu.edu /user/cd/cps291/help/aolplug aolplug.gif
98.02.02 01:39 B D:\cdrom\help\aolplug\aolpref.gif --> arctic.cps.msu.edu /user/cd/cps291/help/aolplug aolpref.gif
98.02.02 01:39 B D:\cdrom\help\aolplug\aolwww.gif --> arctic.cps.msu.edu /user/cd/cps291/help/aolplug aolwww.gif
98.02.02 01:39 B D:\cdrom\help\aolplug\index.htm --> arctic.cps.msu.edu /user/cd/cps291/help/aolplug index.htm
98.02.02 01:39 B D:\cdrom\help\aolplug\WS_FTP.LOG --> arctic.cps.msu.edu /user/cd/cps291/help/aolplug WS_FTP.LOG
98.03.12 22:30 B D:\cdrom\help\aolplug\aolhelp.gif <-- www.vu.msu.edu /afs/msu/course/vu/egr124/cdrom/help/aolplug aolhelp.gif
98.03.12 22:30 B D:\cdrom\help\aolplug\aolplug.gif <-- www.vu.msu.edu /afs/msu/course/vu/egr124/cdrom/help/aolplug aolplug.gif
98.03.12 22:30 B D:\cdrom\help\aolplug\aolpref.gif <-- www.vu.msu.edu /afs/msu/course/vu/egr124/cdrom/help/aolplug aolpref.gif
98.03.12 22:30 B D:\cdrom\help\aolplug\aolwww.gif <-- www.vu.msu.edu /afs/msu/course/vu/egr124/cdrom/help/aolplug aolwww.gif
98.03.12 22:30 B D:\cdrom\help\aolplug\index.htm <-- www.vu.msu.edu /afs/msu/course/vu/egr124/cdrom/help/aolplug index.htm
98.03.12 23:11 B D:\cdrom\help\aolplug\aolhelp.gif --> cps.msu.edu /user/cd/cps291/help/aolplug aolhelp.gif
98.03.12 23:11 B D:\cdrom\help\aolplug\aolplug.gif --> cps.msu.edu /user/cd/cps291/help/aolplug aolplug.gif
98.03.12 23:11 B D:\cdrom\help\aolplug\aolpref.gif --> cps.msu.edu /user/cd/cps291/help/aolplug aolpref.gif
98.03.12 23:11 B D:\cdrom\help\aolplug\aolwww.gif --> cps.msu.edu /user/cd/cps291/help/aolplug aolwww.gif
98.03.12 23:11 B D:\cdrom\help\aolplug\index.htm --> cps.msu.edu /user/cd/cps291/help/aolplug index.htm
98.03.12 23:11 B D:\cdrom\help\aolplug\WS_FTP.LOG --> cps.msu.edu /user/cd/cps291/help/aolplug WS_FTP.LOG
98.03.13 00:01 B D:\cdrom\help\aolplug\aolhelp.gif --> cps.msu.edu /user/cd/cps291/help/aolplug aolhelp.gif
98.03.13 00:01 B D:\cdrom\help\aolplug\aolplug.gif --> cps.msu.edu /user/cd/cps291/help/aolplug aolplug.gif
98.03.13 00:01 B D:\cdrom\help\aolplug\aolpref.gif --> cps.msu.edu /user/cd/cps291/help/aolplug aolpref.gif
98.03.13 00:01 B D:\cdrom\help\aolplug\aolwww.gif --> cps.msu.edu /user/cd/cps291/help/aolplug aolwww.gif
98.03.13 00:01 B D:\cdrom\help\aolplug\index.htm --> cps.msu.edu /user/cd/cps291/help/aolplug index.htm
98.03.13 00:01 B D:\cdrom\help\aolplug\WS_FTP.LOG --> cps.msu.edu /user/cd/cps291/help/aolplug WS_FTP.LOG
98.03.13 08:58 B D:\cdrom\help\aolplug\aolhelp.gif --> cps.msu.edu /user/cd/cps291/help/aolplug aolhelp.gif
98.03.13 08:58 B D:\cdrom\help\aolplug\aolplug.gif --> cps.msu.edu /user/cd/cps291/help/aolplug aolplug.gif
98.03.13 08:58 B D:\cdrom\help\aolplug\aolpref.gif --> cps.msu.edu /user/cd/cps291/help/aolplug aolpref.gif
98.03.13 08:58 B D:\cdrom\help\aolplug\aolwww.gif --> cps.msu.edu /user/cd/cps291/help/aolplug aolwww.gif
98.03.13 08:58 B D:\cdrom\help\aolplug\index.htm --> cps.msu.edu /user/cd/cps291/help/aolplug index.htm
98.03.13 08:58 B D:\cdrom\help\aolplug\WS_FTP.LOG --> cps.msu.edu /user/cd/cps291/help/aolplug WS_FTP.LOG
