97.08.21 01:42 B C:\cps291\st1997u\browngr3.html --> www.vu.msu.edu /home/cps291/stage/st1997u browngr3.html
97.08.21 01:42 B C:\cps291\st1997u\curtisem.html --> www.vu.msu.edu /home/cps291/stage/st1997u curtisem.html
97.08.21 01:42 B C:\cps291\st1997u\deperroc.html --> www.vu.msu.edu /home/cps291/stage/st1997u deperroc.html
97.08.21 01:42 B C:\cps291\st1997u\haackkev.html --> www.vu.msu.edu /home/cps291/stage/st1997u haackkev.html
97.08.21 01:42 B C:\cps291\st1997u\katimors.html --> www.vu.msu.edu /home/cps291/stage/st1997u katimors.html
97.08.21 01:42 B C:\cps291\st1997u\laurinra.html --> www.vu.msu.edu /home/cps291/stage/st1997u laurinra.html
97.08.21 01:42 B C:\cps291\st1997u\luikeith.html --> www.vu.msu.edu /home/cps291/stage/st1997u luikeith.html
97.08.21 01:42 B C:\cps291\st1997u\silkareb.html --> www.vu.msu.edu /home/cps291/stage/st1997u silkareb.html
97.10.06 22:55 B C:\cps291\st1997u\browngr3.html --> www.vu.msu.edu /home/cps291/stage/cps291/st1997u browngr3.html
97.10.06 22:55 B C:\cps291\st1997u\curtisem.html --> www.vu.msu.edu /home/cps291/stage/cps291/st1997u curtisem.html
97.10.06 22:55 B C:\cps291\st1997u\deperroc.html --> www.vu.msu.edu /home/cps291/stage/cps291/st1997u deperroc.html
97.10.06 22:55 B C:\cps291\st1997u\haackkev.html --> www.vu.msu.edu /home/cps291/stage/cps291/st1997u haackkev.html
97.10.06 22:55 B C:\cps291\st1997u\katimors.html --> www.vu.msu.edu /home/cps291/stage/cps291/st1997u katimors.html
97.10.06 22:55 B C:\cps291\st1997u\laurinra.html --> www.vu.msu.edu /home/cps291/stage/cps291/st1997u laurinra.html
97.10.06 22:55 B C:\cps291\st1997u\luikeith.html --> www.vu.msu.edu /home/cps291/stage/cps291/st1997u luikeith.html
97.10.06 22:55 B C:\cps291\st1997u\mienalto.htm --> www.vu.msu.edu /home/cps291/stage/cps291/st1997u mienalto.htm
97.10.06 22:55 B C:\cps291\st1997u\silkareb.html --> www.vu.msu.edu /home/cps291/stage/cps291/st1997u silkareb.html
97.10.06 22:55 B C:\cps291\st1997u\WS_FTP.LOG --> www.vu.msu.edu /home/cps291/stage/cps291/st1997u WS_FTP.LOG
97.11.13 17:51 B C:\doit\st1997u\browngr3.html --> www.vu.msu.edu /home/cps291/stage/doit/st1997u browngr3.html
97.11.13 17:51 B C:\doit\st1997u\curtisem.html --> www.vu.msu.edu /home/cps291/stage/doit/st1997u curtisem.html
97.11.13 17:51 B C:\doit\st1997u\deperroc.html --> www.vu.msu.edu /home/cps291/stage/doit/st1997u deperroc.html
97.11.13 17:51 B C:\doit\st1997u\haackkev.html --> www.vu.msu.edu /home/cps291/stage/doit/st1997u haackkev.html
97.11.13 17:51 B C:\doit\st1997u\katimors.html --> www.vu.msu.edu /home/cps291/stage/doit/st1997u katimors.html
97.11.13 17:51 B C:\doit\st1997u\laurinra.html --> www.vu.msu.edu /home/cps291/stage/doit/st1997u laurinra.html
97.11.13 17:51 B C:\doit\st1997u\luikeith.html --> www.vu.msu.edu /home/cps291/stage/doit/st1997u luikeith.html
97.11.13 17:51 B C:\doit\st1997u\mienalto.htm --> www.vu.msu.edu /home/cps291/stage/doit/st1997u mienalto.htm
97.11.13 17:51 B C:\doit\st1997u\silkareb.html --> www.vu.msu.edu /home/cps291/stage/doit/st1997u silkareb.html
97.11.13 17:51 B C:\doit\st1997u\WS_FTP.LOG --> www.vu.msu.edu /home/cps291/stage/doit/st1997u WS_FTP.LOG
97.12.09 10:28 B C:\doit\st1997u\browngr3.html --> arctic.cps.msu.edu /user/cd/cps291/doit/st1997u browngr3.html
97.12.09 10:28 B C:\doit\st1997u\curtisem.html --> arctic.cps.msu.edu /user/cd/cps291/doit/st1997u curtisem.html
97.12.09 10:28 B C:\doit\st1997u\deperroc.html --> arctic.cps.msu.edu /user/cd/cps291/doit/st1997u deperroc.html
97.12.09 10:28 B C:\doit\st1997u\haackkev.html --> arctic.cps.msu.edu /user/cd/cps291/doit/st1997u haackkev.html
97.12.09 10:28 B C:\doit\st1997u\katimors.html --> arctic.cps.msu.edu /user/cd/cps291/doit/st1997u katimors.html
97.12.09 10:28 B C:\doit\st1997u\laurinra.html --> arctic.cps.msu.edu /user/cd/cps291/doit/st1997u laurinra.html
97.12.09 10:28 B C:\doit\st1997u\luikeith.html --> arctic.cps.msu.edu /user/cd/cps291/doit/st1997u luikeith.html
97.12.09 10:28 B C:\doit\st1997u\mienalto.htm --> arctic.cps.msu.edu /user/cd/cps291/doit/st1997u mienalto.htm
97.12.09 10:28 B C:\doit\st1997u\silkareb.html --> arctic.cps.msu.edu /user/cd/cps291/doit/st1997u silkareb.html
97.12.09 10:28 B C:\doit\st1997u\WS_FTP.LOG --> arctic.cps.msu.edu /user/cd/cps291/doit/st1997u WS_FTP.LOG
97.12.10 03:13 B C:\doit\st1997u\browngr3.html --> arctic.cps.msu.edu /user/cd/cps291/src/doit/st1997u browngr3.html
97.12.10 03:13 B C:\doit\st1997u\curtisem.html --> arctic.cps.msu.edu /user/cd/cps291/src/doit/st1997u curtisem.html
97.12.10 03:13 B C:\doit\st1997u\deperroc.html --> arctic.cps.msu.edu /user/cd/cps291/src/doit/st1997u deperroc.html
97.12.10 03:13 B C:\doit\st1997u\haackkev.html --> arctic.cps.msu.edu /user/cd/cps291/src/doit/st1997u haackkev.html
97.12.10 03:13 B C:\doit\st1997u\katimors.html --> arctic.cps.msu.edu /user/cd/cps291/src/doit/st1997u katimors.html
97.12.10 03:13 B C:\doit\st1997u\laurinra.html --> arctic.cps.msu.edu /user/cd/cps291/src/doit/st1997u laurinra.html
97.12.10 03:13 B C:\doit\st1997u\luikeith.html --> arctic.cps.msu.edu /user/cd/cps291/src/doit/st1997u luikeith.html
97.12.10 03:13 B C:\doit\st1997u\mienalto.htm --> arctic.cps.msu.edu /user/cd/cps291/src/doit/st1997u mienalto.htm
97.12.10 03:13 B C:\doit\st1997u\silkareb.html --> arctic.cps.msu.edu /user/cd/cps291/src/doit/st1997u silkareb.html
97.12.10 03:13 B C:\doit\st1997u\WS_FTP.LOG --> arctic.cps.msu.edu /user/cd/cps291/src/doit/st1997u WS_FTP.LOG
98.03.12 23:18 B D:\syncomat\st1997u\browngr3.html --> cps.msu.edu /user/cd/cps291/syncomat/st1997u browngr3.html
98.03.12 23:18 B D:\syncomat\st1997u\curtisem.html --> cps.msu.edu /user/cd/cps291/syncomat/st1997u curtisem.html
98.03.12 23:18 B D:\syncomat\st1997u\deperroc.html --> cps.msu.edu /user/cd/cps291/syncomat/st1997u deperroc.html
98.03.12 23:18 B D:\syncomat\st1997u\haackkev.html --> cps.msu.edu /user/cd/cps291/syncomat/st1997u haackkev.html
98.03.12 23:18 B D:\syncomat\st1997u\katimors.html --> cps.msu.edu /user/cd/cps291/syncomat/st1997u katimors.html
98.03.12 23:18 B D:\syncomat\st1997u\laurinra.html --> cps.msu.edu /user/cd/cps291/syncomat/st1997u laurinra.html
98.03.12 23:18 B D:\syncomat\st1997u\luikeith.html --> cps.msu.edu /user/cd/cps291/syncomat/st1997u luikeith.html
98.03.12 23:18 B D:\syncomat\st1997u\mienalto.htm --> cps.msu.edu /user/cd/cps291/syncomat/st1997u mienalto.htm
98.03.12 23:18 B D:\syncomat\st1997u\silkareb.html --> cps.msu.edu /user/cd/cps291/syncomat/st1997u silkareb.html
98.03.12 23:18 B D:\syncomat\st1997u\WS_FTP.LOG --> cps.msu.edu /user/cd/cps291/syncomat/st1997u WS_FTP.LOG
