98.09.24 17:15 B D:\syncomat\style\standard\copy\empty.rpm <-- Scully /home/ub/crs/tmp/standard/copy empty.rpm
98.09.24 17:15 B D:\syncomat\style\standard\copy\freeplayer_g2.gif <-- Scully /home/ub/crs/tmp/standard/copy freeplayer_g2.gif
98.09.24 17:15 B D:\syncomat\style\standard\copy\getreal.jpg <-- Scully /home/ub/crs/tmp/standard/copy getreal.jpg
98.09.24 17:15 B D:\syncomat\style\standard\copy\inst160.gif <-- Scully /home/ub/crs/tmp/standard/copy inst160.gif
98.09.25 15:13 B D:\syncomat\style\standard\copy\empty.rpm --> scully.egr.msu.edu /home/ub/crs/tmp/standard/copy empty.rpm
98.09.25 15:13 B D:\syncomat\style\standard\copy\freeplayer_g2.gif --> scully.egr.msu.edu /home/ub/crs/tmp/standard/copy freeplayer_g2.gif
98.09.25 15:13 B D:\syncomat\style\standard\copy\getreal.jpg --> scully.egr.msu.edu /home/ub/crs/tmp/standard/copy getreal.jpg
98.09.25 15:13 B D:\syncomat\style\standard\copy\inst160.gif --> scully.egr.msu.edu /home/ub/crs/tmp/standard/copy inst160.gif
98.09.25 16:47 B D:\syncomat\style\standard\copy\WS_FTP.LOG <-- Scully /home/ub/crs/tmp/standard/copy WS_FTP.LOG
98.09.28 19:32 B D:\egr124\syncweb\wdes\af001.htm --> pilot.msu.edu /msu/course/vu/egr124/preview/lectures/wdes af001.htm
98.09.28 19:32 B D:\egr124\syncweb\wdes\af002.htm --> pilot.msu.edu /msu/course/vu/egr124/preview/lectures/wdes af002.htm
98.09.28 19:32 B D:\egr124\syncweb\wdes\af003.htm --> pilot.msu.edu /msu/course/vu/egr124/preview/lectures/wdes af003.htm
98.09.28 19:32 B D:\egr124\syncweb\wdes\af004.htm --> pilot.msu.edu /msu/course/vu/egr124/preview/lectures/wdes af004.htm
98.09.28 19:32 B D:\egr124\syncweb\wdes\af005.htm --> pilot.msu.edu /msu/course/vu/egr124/preview/lectures/wdes af005.htm
98.09.28 19:32 B D:\egr124\syncweb\wdes\af006.htm --> pilot.msu.edu /msu/course/vu/egr124/preview/lectures/wdes af006.htm
98.09.28 19:32 B D:\egr124\syncweb\wdes\af007.htm --> pilot.msu.edu /msu/course/vu/egr124/preview/lectures/wdes af007.htm
98.09.28 19:32 B D:\egr124\syncweb\wdes\af008.htm --> pilot.msu.edu /msu/course/vu/egr124/preview/lectures/wdes af008.htm
98.09.28 19:32 B D:\egr124\syncweb\wdes\af009.htm --> pilot.msu.edu /msu/course/vu/egr124/preview/lectures/wdes af009.htm
98.09.28 19:32 B D:\egr124\syncweb\wdes\af010.htm --> pilot.msu.edu /msu/course/vu/egr124/preview/lectures/wdes af010.htm
98.09.28 19:32 B D:\egr124\syncweb\wdes\af011.htm --> pilot.msu.edu /msu/course/vu/egr124/preview/lectures/wdes af011.htm
98.09.28 19:32 B D:\egr124\syncweb\wdes\af012.htm --> pilot.msu.edu /msu/course/vu/egr124/preview/lectures/wdes af012.htm
98.09.28 19:32 B D:\egr124\syncweb\wdes\af013.htm --> pilot.msu.edu /msu/course/vu/egr124/preview/lectures/wdes af013.htm
98.09.28 19:32 B D:\egr124\syncweb\wdes\af014.htm --> pilot.msu.edu /msu/course/vu/egr124/preview/lectures/wdes af014.htm
98.09.28 19:32 B D:\egr124\syncweb\wdes\af015.htm --> pilot.msu.edu /msu/course/vu/egr124/preview/lectures/wdes af015.htm
98.09.28 19:32 B D:\egr124\syncweb\wdes\af016.htm --> pilot.msu.edu /msu/course/vu/egr124/preview/lectures/wdes af016.htm
98.09.28 19:32 B D:\egr124\syncweb\wdes\af017.htm --> pilot.msu.edu /msu/course/vu/egr124/preview/lectures/wdes af017.htm
98.09.28 19:32 B D:\egr124\syncweb\wdes\af018.htm --> pilot.msu.edu /msu/course/vu/egr124/preview/lectures/wdes af018.htm
98.09.28 19:32 B D:\egr124\syncweb\wdes\af019.htm --> pilot.msu.edu /msu/course/vu/egr124/preview/lectures/wdes af019.htm
98.09.28 19:32 B D:\egr124\syncweb\wdes\af020.htm --> pilot.msu.edu /msu/course/vu/egr124/preview/lectures/wdes af020.htm
98.09.28 19:32 B D:\egr124\syncweb\wdes\af021.htm --> pilot.msu.edu /msu/course/vu/egr124/preview/lectures/wdes af021.htm
98.09.28 19:32 B D:\egr124\syncweb\wdes\af022.htm --> pilot.msu.edu /msu/course/vu/egr124/preview/lectures/wdes af022.htm
98.09.28 19:32 B D:\egr124\syncweb\wdes\af023.htm --> pilot.msu.edu /msu/course/vu/egr124/preview/lectures/wdes af023.htm
98.09.28 19:32 B D:\egr124\syncweb\wdes\af024.htm --> pilot.msu.edu /msu/course/vu/egr124/preview/lectures/wdes af024.htm
98.09.28 19:32 B D:\egr124\syncweb\wdes\af025.htm --> pilot.msu.edu /msu/course/vu/egr124/preview/lectures/wdes af025.htm
98.09.28 19:32 B D:\egr124\syncweb\wdes\af026.htm --> pilot.msu.edu /msu/course/vu/egr124/preview/lectures/wdes af026.htm
98.09.28 19:32 B D:\egr124\syncweb\wdes\af027.htm --> pilot.msu.edu /msu/course/vu/egr124/preview/lectures/wdes af027.htm
98.09.28 19:32 B D:\egr124\syncweb\wdes\af028.htm --> pilot.msu.edu /msu/course/vu/egr124/preview/lectures/wdes af028.htm
98.09.28 19:32 B D:\egr124\syncweb\wdes\af029.htm --> pilot.msu.edu /msu/course/vu/egr124/preview/lectures/wdes af029.htm
98.09.28 19:32 B D:\egr124\syncweb\wdes\af030.htm --> pilot.msu.edu /msu/course/vu/egr124/preview/lectures/wdes af030.htm
98.09.28 19:32 B D:\egr124\syncweb\wdes\af031.htm --> pilot.msu.edu /msu/course/vu/egr124/preview/lectures/wdes af031.htm
98.09.28 19:32 B D:\egr124\syncweb\wdes\af032.htm --> pilot.msu.edu /msu/course/vu/egr124/preview/lectures/wdes af032.htm
98.09.28 19:32 B D:\egr124\syncweb\wdes\af033.htm --> pilot.msu.edu /msu/course/vu/egr124/preview/lectures/wdes af033.htm
98.09.28 19:32 B D:\egr124\syncweb\wdes\af034.htm --> pilot.msu.edu /msu/course/vu/egr124/preview/lectures/wdes af034.htm
98.09.28 19:32 B D:\egr124\syncweb\wdes\af035.htm --> pilot.msu.edu /msu/course/vu/egr124/preview/lectures/wdes af035.htm
98.09.28 19:32 B D:\egr124\syncweb\wdes\af036.htm --> pilot.msu.edu /msu/course/vu/egr124/preview/lectures/wdes af036.htm
98.09.28 19:32 B D:\egr124\syncweb\wdes\af037.htm --> pilot.msu.edu /msu/course/vu/egr124/preview/lectures/wdes af037.htm
98.09.28 19:32 B D:\egr124\syncweb\wdes\af038.htm --> pilot.msu.edu /msu/course/vu/egr124/preview/lectures/wdes af038.htm
98.09.28 19:32 B D:\egr124\syncweb\wdes\af039.htm --> pilot.msu.edu /msu/course/vu/egr124/preview/lectures/wdes af039.htm
98.09.28 19:32 B D:\egr124\syncweb\wdes\af040.htm --> pilot.msu.edu /msu/course/vu/egr124/preview/lectures/wdes af040.htm
98.09.28 19:32 B D:\egr124\syncweb\wdes\af041.htm --> pilot.msu.edu /msu/course/vu/egr124/preview/lectures/wdes af041.htm
98.09.28 19:32 B D:\egr124\syncweb\wdes\af042.htm --> pilot.msu.edu /msu/course/vu/egr124/preview/lectures/wdes af042.htm
98.09.28 19:32 B D:\egr124\syncweb\wdes\af043.htm --> pilot.msu.edu /msu/course/vu/egr124/preview/lectures/wdes af043.htm
98.09.28 19:32 B D:\egr124\syncweb\wdes\af044.htm --> pilot.msu.edu /msu/course/vu/egr124/preview/lectures/wdes af044.htm
98.09.28 19:32 B D:\egr124\syncweb\wdes\af045.htm --> pilot.msu.edu /msu/course/vu/egr124/preview/lectures/wdes af045.htm
98.09.28 19:32 B D:\egr124\syncweb\wdes\af046.htm --> pilot.msu.edu /msu/course/vu/egr124/preview/lectures/wdes af046.htm
98.09.28 19:32 B D:\egr124\syncweb\wdes\af047.htm --> pilot.msu.edu /msu/course/vu/egr124/preview/lectures/wdes af047.htm
98.09.28 19:32 B D:\egr124\syncweb\wdes\af048.htm --> pilot.msu.edu /msu/course/vu/egr124/preview/lectures/wdes af048.htm
98.09.28 19:33 B D:\egr124\syncweb\wdes\af049.htm --> pilot.msu.edu /msu/course/vu/egr124/preview/lectures/wdes af049.htm
98.09.28 19:33 B D:\egr124\syncweb\wdes\af050.htm --> pilot.msu.edu /msu/course/vu/egr124/preview/lectures/wdes af050.htm
98.09.28 19:33 B D:\egr124\syncweb\wdes\af051.htm --> pilot.msu.edu /msu/course/vu/egr124/preview/lectures/wdes af051.htm
98.09.28 19:33 B D:\egr124\syncweb\wdes\af052.htm --> pilot.msu.edu /msu/course/vu/egr124/preview/lectures/wdes af052.htm
98.09.28 19:33 B D:\egr124\syncweb\wdes\af053.htm --> pilot.msu.edu /msu/course/vu/egr124/preview/lectures/wdes af053.htm
98.09.28 19:33 B D:\egr124\syncweb\wdes\af054.htm --> pilot.msu.edu /msu/course/vu/egr124/preview/lectures/wdes af054.htm
98.09.28 19:33 B D:\egr124\syncweb\wdes\af055.htm --> pilot.msu.edu /msu/course/vu/egr124/preview/lectures/wdes af055.htm
98.09.28 19:33 B D:\egr124\syncweb\wdes\af056.htm --> pilot.msu.edu /msu/course/vu/egr124/preview/lectures/wdes af056.htm
98.09.28 19:33 B D:\egr124\syncweb\wdes\af057.htm --> pilot.msu.edu /msu/course/vu/egr124/preview/lectures/wdes af057.htm
98.09.28 19:33 B D:\egr124\syncweb\wdes\af058.htm --> pilot.msu.edu /msu/course/vu/egr124/preview/lectures/wdes af058.htm
98.09.28 19:33 B D:\egr124\syncweb\wdes\af059.htm --> pilot.msu.edu /msu/course/vu/egr124/preview/lectures/wdes af059.htm
98.09.28 19:33 B D:\egr124\syncweb\wdes\af060.htm --> pilot.msu.edu /msu/course/vu/egr124/preview/lectures/wdes af060.htm
98.09.28 19:33 B D:\egr124\syncweb\wdes\an001.htm --> pilot.msu.edu /msu/course/vu/egr124/preview/lectures/wdes an001.htm
98.09.28 19:33 B D:\egr124\syncweb\wdes\an002.htm --> pilot.msu.edu /msu/course/vu/egr124/preview/lectures/wdes an002.htm
98.09.28 19:33 B D:\egr124\syncweb\wdes\an003.htm --> pilot.msu.edu /msu/course/vu/egr124/preview/lectures/wdes an003.htm
98.09.28 19:33 B D:\egr124\syncweb\wdes\an004.htm --> pilot.msu.edu /msu/course/vu/egr124/preview/lectures/wdes an004.htm
98.09.28 19:33 B D:\egr124\syncweb\wdes\an005.htm --> pilot.msu.edu /msu/course/vu/egr124/preview/lectures/wdes an005.htm
98.09.28 19:33 B D:\egr124\syncweb\wdes\an006.htm --> pilot.msu.edu /msu/course/vu/egr124/preview/lectures/wdes an006.htm
98.09.28 19:33 B D:\egr124\syncweb\wdes\an007.htm --> pilot.msu.edu /msu/course/vu/egr124/preview/lectures/wdes an007.htm
98.09.28 19:33 B D:\egr124\syncweb\wdes\an008.htm --> pilot.msu.edu /msu/course/vu/egr124/preview/lectures/wdes an008.htm
98.09.28 19:33 B D:\egr124\syncweb\wdes\an009.htm --> pilot.msu.edu /msu/course/vu/egr124/preview/lectures/wdes an009.htm
98.09.28 19:33 B D:\egr124\syncweb\wdes\an010.htm --> pilot.msu.edu /msu/course/vu/egr124/preview/lectures/wdes an010.htm
98.09.28 19:33 B D:\egr124\syncweb\wdes\an011.htm --> pilot.msu.edu /msu/course/vu/egr124/preview/lectures/wdes an011.htm
98.09.28 19:33 B D:\egr124\syncweb\wdes\an012.htm --> pilot.msu.edu /msu/course/vu/egr124/preview/lectures/wdes an012.htm
98.09.28 19:33 B D:\egr124\syncweb\wdes\an013.htm --> pilot.msu.edu /msu/course/vu/egr124/preview/lectures/wdes an013.htm
98.09.28 19:33 B D:\egr124\syncweb\wdes\an014.htm --> pilot.msu.edu /msu/course/vu/egr124/preview/lectures/wdes an014.htm
98.09.28 19:33 B D:\egr124\syncweb\wdes\an015.htm --> pilot.msu.edu /msu/course/vu/egr124/preview/lectures/wdes an015.htm
98.09.28 19:33 B D:\egr124\syncweb\wdes\an016.htm --> pilot.msu.edu /msu/course/vu/egr124/preview/lectures/wdes an016.htm
98.09.28 19:33 B D:\egr124\syncweb\wdes\an017.htm --> pilot.msu.edu /msu/course/vu/egr124/preview/lectures/wdes an017.htm
98.09.28 19:33 B D:\egr124\syncweb\wdes\an018.htm --> pilot.msu.edu /msu/course/vu/egr124/preview/lectures/wdes an018.htm
98.09.28 19:33 B D:\egr124\syncweb\wdes\an019.htm --> pilot.msu.edu /msu/course/vu/egr124/preview/lectures/wdes an019.htm
98.09.28 19:33 B D:\egr124\syncweb\wdes\an020.htm --> pilot.msu.edu /msu/course/vu/egr124/preview/lectures/wdes an020.htm
98.09.28 19:33 B D:\egr124\syncweb\wdes\an021.htm --> pilot.msu.edu /msu/course/vu/egr124/preview/lectures/wdes an021.htm
98.09.28 19:33 B D:\egr124\syncweb\wdes\an022.htm --> pilot.msu.edu /msu/course/vu/egr124/preview/lectures/wdes an022.htm
98.09.28 19:33 B D:\egr124\syncweb\wdes\an023.htm --> pilot.msu.edu /msu/course/vu/egr124/preview/lectures/wdes an023.htm
98.09.28 19:33 B D:\egr124\syncweb\wdes\an024.htm --> pilot.msu.edu /msu/course/vu/egr124/preview/lectures/wdes an024.htm
98.09.28 19:33 B D:\egr124\syncweb\wdes\an025.htm --> pilot.msu.edu /msu/course/vu/egr124/preview/lectures/wdes an025.htm
98.09.28 19:33 B D:\egr124\syncweb\wdes\an026.htm --> pilot.msu.edu /msu/course/vu/egr124/preview/lectures/wdes an026.htm
98.09.28 19:33 B D:\egr124\syncweb\wdes\an027.htm --> pilot.msu.edu /msu/course/vu/egr124/preview/lectures/wdes an027.htm
98.09.28 19:33 B D:\egr124\syncweb\wdes\an028.htm --> pilot.msu.edu /msu/course/vu/egr124/preview/lectures/wdes an028.htm
98.09.28 19:33 B D:\egr124\syncweb\wdes\an029.htm --> pilot.msu.edu /msu/course/vu/egr124/preview/lectures/wdes an029.htm
98.09.28 19:33 B D:\egr124\syncweb\wdes\an030.htm --> pilot.msu.edu /msu/course/vu/egr124/preview/lectures/wdes an030.htm
98.09.28 19:33 B D:\egr124\syncweb\wdes\an031.htm --> pilot.msu.edu /msu/course/vu/egr124/preview/lectures/wdes an031.htm
98.09.28 19:33 B D:\egr124\syncweb\wdes\an032.htm --> pilot.msu.edu /msu/course/vu/egr124/preview/lectures/wdes an032.htm
98.09.28 19:33 B D:\egr124\syncweb\wdes\an033.htm --> pilot.msu.edu /msu/course/vu/egr124/preview/lectures/wdes an033.htm
98.09.28 19:33 B D:\egr124\syncweb\wdes\an034.htm --> pilot.msu.edu /msu/course/vu/egr124/preview/lectures/wdes an034.htm
98.09.28 19:33 B D:\egr124\syncweb\wdes\an035.htm --> pilot.msu.edu /msu/course/vu/egr124/preview/lectures/wdes an035.htm
98.09.28 19:33 B D:\egr124\syncweb\wdes\an036.htm --> pilot.msu.edu /msu/course/vu/egr124/preview/lectures/wdes an036.htm
98.09.28 19:33 B D:\egr124\syncweb\wdes\an037.htm --> pilot.msu.edu /msu/course/vu/egr124/preview/lectures/wdes an037.htm
98.09.28 19:33 B D:\egr124\syncweb\wdes\an038.htm --> pilot.msu.edu /msu/course/vu/egr124/preview/lectures/wdes an038.htm
98.09.28 19:33 B D:\egr124\syncweb\wdes\an039.htm --> pilot.msu.edu /msu/course/vu/egr124/preview/lectures/wdes an039.htm
98.09.28 19:33 B D:\egr124\syncweb\wdes\an040.htm --> pilot.msu.edu /msu/course/vu/egr124/preview/lectures/wdes an040.htm
98.09.28 19:33 B D:\egr124\syncweb\wdes\an041.htm --> pilot.msu.edu /msu/course/vu/egr124/preview/lectures/wdes an041.htm
98.09.28 19:33 B D:\egr124\syncweb\wdes\an042.htm --> pilot.msu.edu /msu/course/vu/egr124/preview/lectures/wdes an042.htm
98.09.28 19:33 B D:\egr124\syncweb\wdes\an043.htm --> pilot.msu.edu /msu/course/vu/egr124/preview/lectures/wdes an043.htm
98.09.28 19:33 B D:\egr124\syncweb\wdes\an044.htm --> pilot.msu.edu /msu/course/vu/egr124/preview/lectures/wdes an044.htm
98.09.28 19:33 B D:\egr124\syncweb\wdes\an045.htm --> pilot.msu.edu /msu/course/vu/egr124/preview/lectures/wdes an045.htm
98.09.28 19:33 B D:\egr124\syncweb\wdes\an046.htm --> pilot.msu.edu /msu/course/vu/egr124/preview/lectures/wdes an046.htm
98.09.28 19:33 B D:\egr124\syncweb\wdes\an047.htm --> pilot.msu.edu /msu/course/vu/egr124/preview/lectures/wdes an047.htm
98.09.28 19:33 B D:\egr124\syncweb\wdes\an048.htm --> pilot.msu.edu /msu/course/vu/egr124/preview/lectures/wdes an048.htm
98.09.28 19:33 B D:\egr124\syncweb\wdes\an049.htm --> pilot.msu.edu /msu/course/vu/egr124/preview/lectures/wdes an049.htm
98.09.28 19:33 B D:\egr124\syncweb\wdes\an050.htm --> pilot.msu.edu /msu/course/vu/egr124/preview/lectures/wdes an050.htm
98.09.28 19:33 B D:\egr124\syncweb\wdes\an051.htm --> pilot.msu.edu /msu/course/vu/egr124/preview/lectures/wdes an051.htm
98.09.28 19:33 B D:\egr124\syncweb\wdes\an052.htm --> pilot.msu.edu /msu/course/vu/egr124/preview/lectures/wdes an052.htm
98.09.28 19:33 B D:\egr124\syncweb\wdes\an053.htm --> pilot.msu.edu /msu/course/vu/egr124/preview/lectures/wdes an053.htm
98.09.28 19:33 B D:\egr124\syncweb\wdes\an054.htm --> pilot.msu.edu /msu/course/vu/egr124/preview/lectures/wdes an054.htm
98.09.28 19:33 B D:\egr124\syncweb\wdes\an055.htm --> pilot.msu.edu /msu/course/vu/egr124/preview/lectures/wdes an055.htm
98.09.28 19:33 B D:\egr124\syncweb\wdes\an056.htm --> pilot.msu.edu /msu/course/vu/egr124/preview/lectures/wdes an056.htm
98.09.28 19:33 B D:\egr124\syncweb\wdes\an057.htm --> pilot.msu.edu /msu/course/vu/egr124/preview/lectures/wdes an057.htm
98.09.28 19:33 B D:\egr124\syncweb\wdes\an058.htm --> pilot.msu.edu /msu/course/vu/egr124/preview/lectures/wdes an058.htm
98.09.28 19:33 B D:\egr124\syncweb\wdes\an059.htm --> pilot.msu.edu /msu/course/vu/egr124/preview/lectures/wdes an059.htm
98.09.28 19:33 B D:\egr124\syncweb\wdes\an060.htm --> pilot.msu.edu /msu/course/vu/egr124/preview/lectures/wdes an060.htm
98.09.28 19:33 B D:\egr124\syncweb\wdes\ar001.ram --> pilot.msu.edu /msu/course/vu/egr124/preview/lectures/wdes ar001.ram
98.09.28 19:33 B D:\egr124\syncweb\wdes\ar001.rpm --> pilot.msu.edu /msu/course/vu/egr124/preview/lectures/wdes ar001.rpm
98.09.28 19:33 B D:\egr124\syncweb\wdes\ar002.ram --> pilot.msu.edu /msu/course/vu/egr124/preview/lectures/wdes ar002.ram
98.09.28 19:33 B D:\egr124\syncweb\wdes\ar002.rpm --> pilot.msu.edu /msu/course/vu/egr124/preview/lectures/wdes ar002.rpm
98.09.28 19:33 B D:\egr124\syncweb\wdes\ar003.ram --> pilot.msu.edu /msu/course/vu/egr124/preview/lectures/wdes ar003.ram
98.09.28 19:33 B D:\egr124\syncweb\wdes\ar003.rpm --> pilot.msu.edu /msu/course/vu/egr124/preview/lectures/wdes ar003.rpm
98.09.28 19:33 B D:\egr124\syncweb\wdes\ar004.ram --> pilot.msu.edu /msu/course/vu/egr124/preview/lectures/wdes ar004.ram
98.09.28 19:33 B D:\egr124\syncweb\wdes\ar004.rpm --> pilot.msu.edu /msu/course/vu/egr124/preview/lectures/wdes ar004.rpm
98.09.28 19:33 B D:\egr124\syncweb\wdes\ar005.ram --> pilot.msu.edu /msu/course/vu/egr124/preview/lectures/wdes ar005.ram
98.09.28 19:33 B D:\egr124\syncweb\wdes\ar005.rpm --> pilot.msu.edu /msu/course/vu/egr124/preview/lectures/wdes ar005.rpm
98.09.28 19:33 B D:\egr124\syncweb\wdes\ar006.ram --> pilot.msu.edu /msu/course/vu/egr124/preview/lectures/wdes ar006.ram
98.09.28 19:33 B D:\egr124\syncweb\wdes\ar006.rpm --> pilot.msu.edu /msu/course/vu/egr124/preview/lectures/wdes ar006.rpm
98.09.28 19:33 B D:\egr124\syncweb\wdes\ar007.ram --> pilot.msu.edu /msu/course/vu/egr124/preview/lectures/wdes ar007.ram
98.09.28 19:33 B D:\egr124\syncweb\wdes\ar007.rpm --> pilot.msu.edu /msu/course/vu/egr124/preview/lectures/wdes ar007.rpm
98.09.28 19:33 B D:\egr124\syncweb\wdes\ar008.ram --> pilot.msu.edu /msu/course/vu/egr124/preview/lectures/wdes ar008.ram
98.09.28 19:33 B D:\egr124\syncweb\wdes\ar008.rpm --> pilot.msu.edu /msu/course/vu/egr124/preview/lectures/wdes ar008.rpm
98.09.28 19:33 B D:\egr124\syncweb\wdes\ar009.ram --> pilot.msu.edu /msu/course/vu/egr124/preview/lectures/wdes ar009.ram
98.09.28 19:33 B D:\egr124\syncweb\wdes\ar009.rpm --> pilot.msu.edu /msu/course/vu/egr124/preview/lectures/wdes ar009.rpm
98.09.28 19:33 B D:\egr124\syncweb\wdes\ar010.ram --> pilot.msu.edu /msu/course/vu/egr124/preview/lectures/wdes ar010.ram
98.09.28 19:33 B D:\egr124\syncweb\wdes\ar010.rpm --> pilot.msu.edu /msu/course/vu/egr124/preview/lectures/wdes ar010.rpm
98.09.28 19:33 B D:\egr124\syncweb\wdes\ar011.ram --> pilot.msu.edu /msu/course/vu/egr124/preview/lectures/wdes ar011.ram
98.09.28 19:33 B D:\egr124\syncweb\wdes\ar011.rpm --> pilot.msu.edu /msu/course/vu/egr124/preview/lectures/wdes ar011.rpm
98.09.28 19:33 B D:\egr124\syncweb\wdes\ar012.ram --> pilot.msu.edu /msu/course/vu/egr124/preview/lectures/wdes ar012.ram
98.09.28 19:33 B D:\egr124\syncweb\wdes\ar012.rpm --> pilot.msu.edu /msu/course/vu/egr124/preview/lectures/wdes ar012.rpm
98.09.28 19:33 B D:\egr124\syncweb\wdes\ar013.ram --> pilot.msu.edu /msu/course/vu/egr124/preview/lectures/wdes ar013.ram
98.09.28 19:33 B D:\egr124\syncweb\wdes\ar013.rpm --> pilot.msu.edu /msu/course/vu/egr124/preview/lectures/wdes ar013.rpm
98.09.28 19:33 B D:\egr124\syncweb\wdes\ar014.ram --> pilot.msu.edu /msu/course/vu/egr124/preview/lectures/wdes ar014.ram
98.09.28 19:33 B D:\egr124\syncweb\wdes\ar014.rpm --> pilot.msu.edu /msu/course/vu/egr124/preview/lectures/wdes ar014.rpm
98.09.28 19:33 B D:\egr124\syncweb\wdes\ar015.ram --> pilot.msu.edu /msu/course/vu/egr124/preview/lectures/wdes ar015.ram
98.09.28 19:33 B D:\egr124\syncweb\wdes\ar015.rpm --> pilot.msu.edu /msu/course/vu/egr124/preview/lectures/wdes ar015.rpm
98.09.28 19:33 B D:\egr124\syncweb\wdes\ar016.ram --> pilot.msu.edu /msu/course/vu/egr124/preview/lectures/wdes ar016.ram
98.09.28 19:33 B D:\egr124\syncweb\wdes\ar016.rpm --> pilot.msu.edu /msu/course/vu/egr124/preview/lectures/wdes ar016.rpm
98.09.28 19:33 B D:\egr124\syncweb\wdes\ar017.ram --> pilot.msu.edu /msu/course/vu/egr124/preview/lectures/wdes ar017.ram
98.09.28 19:33 B D:\egr124\syncweb\wdes\ar017.rpm --> pilot.msu.edu /msu/course/vu/egr124/preview/lectures/wdes ar017.rpm
98.09.28 19:33 B D:\egr124\syncweb\wdes\ar018.ram --> pilot.msu.edu /msu/course/vu/egr124/preview/lectures/wdes ar018.ram
98.09.28 19:33 B D:\egr124\syncweb\wdes\ar018.rpm --> pilot.msu.edu /msu/course/vu/egr124/preview/lectures/wdes ar018.rpm
98.09.28 19:33 B D:\egr124\syncweb\wdes\ar019.ram --> pilot.msu.edu /msu/course/vu/egr124/preview/lectures/wdes ar019.ram
98.09.28 19:33 B D:\egr124\syncweb\wdes\ar019.rpm --> pilot.msu.edu /msu/course/vu/egr124/preview/lectures/wdes ar019.rpm
98.09.28 19:33 B D:\egr124\syncweb\wdes\ar020.ram --> pilot.msu.edu /msu/course/vu/egr124/preview/lectures/wdes ar020.ram
98.09.28 19:33 B D:\egr124\syncweb\wdes\ar020.rpm --> pilot.msu.edu /msu/course/vu/egr124/preview/lectures/wdes ar020.rpm
98.09.28 19:33 B D:\egr124\syncweb\wdes\ar021.ram --> pilot.msu.edu /msu/course/vu/egr124/preview/lectures/wdes ar021.ram
98.09.28 19:33 B D:\egr124\syncweb\wdes\ar021.rpm --> pilot.msu.edu /msu/course/vu/egr124/preview/lectures/wdes ar021.rpm
98.09.28 19:33 B D:\egr124\syncweb\wdes\ar022.ram --> pilot.msu.edu /msu/course/vu/egr124/preview/lectures/wdes ar022.ram
98.09.28 19:33 B D:\egr124\syncweb\wdes\ar022.rpm --> pilot.msu.edu /msu/course/vu/egr124/preview/lectures/wdes ar022.rpm
98.09.28 19:33 B D:\egr124\syncweb\wdes\ar023.ram --> pilot.msu.edu /msu/course/vu/egr124/preview/lectures/wdes ar023.ram
98.09.28 19:33 B D:\egr124\syncweb\wdes\ar023.rpm --> pilot.msu.edu /msu/course/vu/egr124/preview/lectures/wdes ar023.rpm
98.09.28 19:33 B D:\egr124\syncweb\wdes\ar024.ram --> pilot.msu.edu /msu/course/vu/egr124/preview/lectures/wdes ar024.ram
98.09.28 19:33 B D:\egr124\syncweb\wdes\ar024.rpm --> pilot.msu.edu /msu/course/vu/egr124/preview/lectures/wdes ar024.rpm
98.09.28 19:33 B D:\egr124\syncweb\wdes\ar025.ram --> pilot.msu.edu /msu/course/vu/egr124/preview/lectures/wdes ar025.ram
98.09.28 19:33 B D:\egr124\syncweb\wdes\ar025.rpm --> pilot.msu.edu /msu/course/vu/egr124/preview/lectures/wdes ar025.rpm
98.09.28 19:33 B D:\egr124\syncweb\wdes\ar026.ram --> pilot.msu.edu /msu/course/vu/egr124/preview/lectures/wdes ar026.ram
98.09.28 19:33 B D:\egr124\syncweb\wdes\ar026.rpm --> pilot.msu.edu /msu/course/vu/egr124/preview/lectures/wdes ar026.rpm
98.09.28 19:33 B D:\egr124\syncweb\wdes\ar027.ram --> pilot.msu.edu /msu/course/vu/egr124/preview/lectures/wdes ar027.ram
98.09.28 19:33 B D:\egr124\syncweb\wdes\ar027.rpm --> pilot.msu.edu /msu/course/vu/egr124/preview/lectures/wdes ar027.rpm
98.09.28 19:33 B D:\egr124\syncweb\wdes\ar028.ram --> pilot.msu.edu /msu/course/vu/egr124/preview/lectures/wdes ar028.ram
98.09.28 19:33 B D:\egr124\syncweb\wdes\ar028.rpm --> pilot.msu.edu /msu/course/vu/egr124/preview/lectures/wdes ar028.rpm
98.09.28 19:33 B D:\egr124\syncweb\wdes\ar029.ram --> pilot.msu.edu /msu/course/vu/egr124/preview/lectures/wdes ar029.ram
98.09.28 19:33 B D:\egr124\syncweb\wdes\ar029.rpm --> pilot.msu.edu /msu/course/vu/egr124/preview/lectures/wdes ar029.rpm
98.09.28 19:33 B D:\egr124\syncweb\wdes\ar030.ram --> pilot.msu.edu /msu/course/vu/egr124/preview/lectures/wdes ar030.ram
98.09.28 19:33 B D:\egr124\syncweb\wdes\ar030.rpm --> pilot.msu.edu /msu/course/vu/egr124/preview/lectures/wdes ar030.rpm
98.09.28 19:33 B D:\egr124\syncweb\wdes\ar031.ram --> pilot.msu.edu /msu/course/vu/egr124/preview/lectures/wdes ar031.ram
98.09.28 19:33 B D:\egr124\syncweb\wdes\ar031.rpm --> pilot.msu.edu /msu/course/vu/egr124/preview/lectures/wdes ar031.rpm
98.09.28 19:33 B D:\egr124\syncweb\wdes\ar032.ram --> pilot.msu.edu /msu/course/vu/egr124/preview/lectures/wdes ar032.ram
98.09.28 19:33 B D:\egr124\syncweb\wdes\ar032.rpm --> pilot.msu.edu /msu/course/vu/egr124/preview/lectures/wdes ar032.rpm
98.09.28 19:33 B D:\egr124\syncweb\wdes\ar033.ram --> pilot.msu.edu /msu/course/vu/egr124/preview/lectures/wdes ar033.ram
98.09.28 19:33 B D:\egr124\syncweb\wdes\ar033.rpm --> pilot.msu.edu /msu/course/vu/egr124/preview/lectures/wdes ar033.rpm
98.09.28 19:33 B D:\egr124\syncweb\wdes\ar034.ram --> pilot.msu.edu /msu/course/vu/egr124/preview/lectures/wdes ar034.ram
98.09.28 19:33 B D:\egr124\syncweb\wdes\ar034.rpm --> pilot.msu.edu /msu/course/vu/egr124/preview/lectures/wdes ar034.rpm
98.09.28 19:33 B D:\egr124\syncweb\wdes\ar035.ram --> pilot.msu.edu /msu/course/vu/egr124/preview/lectures/wdes ar035.ram
98.09.28 19:33 B D:\egr124\syncweb\wdes\ar035.rpm --> pilot.msu.edu /msu/course/vu/egr124/preview/lectures/wdes ar035.rpm
98.09.28 19:33 B D:\egr124\syncweb\wdes\ar036.ram --> pilot.msu.edu /msu/course/vu/egr124/preview/lectures/wdes ar036.ram
98.09.28 19:33 B D:\egr124\syncweb\wdes\ar036.rpm --> pilot.msu.edu /msu/course/vu/egr124/preview/lectures/wdes ar036.rpm
98.09.28 19:33 B D:\egr124\syncweb\wdes\ar037.ram --> pilot.msu.edu /msu/course/vu/egr124/preview/lectures/wdes ar037.ram
98.09.28 19:33 B D:\egr124\syncweb\wdes\ar037.rpm --> pilot.msu.edu /msu/course/vu/egr124/preview/lectures/wdes ar037.rpm
98.09.28 19:33 B D:\egr124\syncweb\wdes\ar038.ram --> pilot.msu.edu /msu/course/vu/egr124/preview/lectures/wdes ar038.ram
98.09.28 19:33 B D:\egr124\syncweb\wdes\ar038.rpm --> pilot.msu.edu /msu/course/vu/egr124/preview/lectures/wdes ar038.rpm
98.09.28 19:33 B D:\egr124\syncweb\wdes\ar039.ram --> pilot.msu.edu /msu/course/vu/egr124/preview/lectures/wdes ar039.ram
98.09.28 19:33 B D:\egr124\syncweb\wdes\ar039.rpm --> pilot.msu.edu /msu/course/vu/egr124/preview/lectures/wdes ar039.rpm
98.09.28 19:33 B D:\egr124\syncweb\wdes\ar040.ram --> pilot.msu.edu /msu/course/vu/egr124/preview/lectures/wdes ar040.ram
98.09.28 19:33 B D:\egr124\syncweb\wdes\ar040.rpm --> pilot.msu.edu /msu/course/vu/egr124/preview/lectures/wdes ar040.rpm
98.09.28 19:33 B D:\egr124\syncweb\wdes\ar041.ram --> pilot.msu.edu /msu/course/vu/egr124/preview/lectures/wdes ar041.ram
98.09.28 19:33 B D:\egr124\syncweb\wdes\ar041.rpm --> pilot.msu.edu /msu/course/vu/egr124/preview/lectures/wdes ar041.rpm
98.09.28 19:33 B D:\egr124\syncweb\wdes\ar042.ram --> pilot.msu.edu /msu/course/vu/egr124/preview/lectures/wdes ar042.ram
98.09.28 19:33 B D:\egr124\syncweb\wdes\ar042.rpm --> pilot.msu.edu /msu/course/vu/egr124/preview/lectures/wdes ar042.rpm
98.09.28 19:33 B D:\egr124\syncweb\wdes\ar043.ram --> pilot.msu.edu /msu/course/vu/egr124/preview/lectures/wdes ar043.ram
98.09.28 19:33 B D:\egr124\syncweb\wdes\ar043.rpm --> pilot.msu.edu /msu/course/vu/egr124/preview/lectures/wdes ar043.rpm
98.09.28 19:33 B D:\egr124\syncweb\wdes\ar044.ram --> pilot.msu.edu /msu/course/vu/egr124/preview/lectures/wdes ar044.ram
98.09.28 19:33 B D:\egr124\syncweb\wdes\ar044.rpm --> pilot.msu.edu /msu/course/vu/egr124/preview/lectures/wdes ar044.rpm
98.09.28 19:33 B D:\egr124\syncweb\wdes\ar045.ram --> pilot.msu.edu /msu/course/vu/egr124/preview/lectures/wdes ar045.ram
98.09.28 19:33 B D:\egr124\syncweb\wdes\ar045.rpm --> pilot.msu.edu /msu/course/vu/egr124/preview/lectures/wdes ar045.rpm
98.09.28 19:33 B D:\egr124\syncweb\wdes\ar046.ram --> pilot.msu.edu /msu/course/vu/egr124/preview/lectures/wdes ar046.ram
98.09.28 19:33 B D:\egr124\syncweb\wdes\ar046.rpm --> pilot.msu.edu /msu/course/vu/egr124/preview/lectures/wdes ar046.rpm
98.09.28 19:33 B D:\egr124\syncweb\wdes\ar047.ram --> pilot.msu.edu /msu/course/vu/egr124/preview/lectures/wdes ar047.ram
98.09.28 19:33 B D:\egr124\syncweb\wdes\ar047.rpm --> pilot.msu.edu /msu/course/vu/egr124/preview/lectures/wdes ar047.rpm
98.09.28 19:33 B D:\egr124\syncweb\wdes\ar048.ram --> pilot.msu.edu /msu/course/vu/egr124/preview/lectures/wdes ar048.ram
98.09.28 19:33 B D:\egr124\syncweb\wdes\ar048.rpm --> pilot.msu.edu /msu/course/vu/egr124/preview/lectures/wdes ar048.rpm
98.09.28 19:33 B D:\egr124\syncweb\wdes\ar049.ram --> pilot.msu.edu /msu/course/vu/egr124/preview/lectures/wdes ar049.ram
98.09.28 19:33 B D:\egr124\syncweb\wdes\ar049.rpm --> pilot.msu.edu /msu/course/vu/egr124/preview/lectures/wdes ar049.rpm
98.09.28 19:33 B D:\egr124\syncweb\wdes\ar050.ram --> pilot.msu.edu /msu/course/vu/egr124/preview/lectures/wdes ar050.ram
98.09.28 19:33 B D:\egr124\syncweb\wdes\ar050.rpm --> pilot.msu.edu /msu/course/vu/egr124/preview/lectures/wdes ar050.rpm
98.09.28 19:33 B D:\egr124\syncweb\wdes\ar051.ram --> pilot.msu.edu /msu/course/vu/egr124/preview/lectures/wdes ar051.ram
98.09.28 19:33 B D:\egr124\syncweb\wdes\ar051.rpm --> pilot.msu.edu /msu/course/vu/egr124/preview/lectures/wdes ar051.rpm
98.09.28 19:33 B D:\egr124\syncweb\wdes\ar052.ram --> pilot.msu.edu /msu/course/vu/egr124/preview/lectures/wdes ar052.ram
98.09.28 19:33 B D:\egr124\syncweb\wdes\ar052.rpm --> pilot.msu.edu /msu/course/vu/egr124/preview/lectures/wdes ar052.rpm
98.09.28 19:33 B D:\egr124\syncweb\wdes\ar053.ram --> pilot.msu.edu /msu/course/vu/egr124/preview/lectures/wdes ar053.ram
98.09.28 19:33 B D:\egr124\syncweb\wdes\ar053.rpm --> pilot.msu.edu /msu/course/vu/egr124/preview/lectures/wdes ar053.rpm
98.09.28 19:33 B D:\egr124\syncweb\wdes\ar054.ram --> pilot.msu.edu /msu/course/vu/egr124/preview/lectures/wdes ar054.ram
98.09.28 19:33 B D:\egr124\syncweb\wdes\ar054.rpm --> pilot.msu.edu /msu/course/vu/egr124/preview/lectures/wdes ar054.rpm
98.09.28 19:33 B D:\egr124\syncweb\wdes\ar055.ram --> pilot.msu.edu /msu/course/vu/egr124/preview/lectures/wdes ar055.ram
98.09.28 19:33 B D:\egr124\syncweb\wdes\ar055.rpm --> pilot.msu.edu /msu/course/vu/egr124/preview/lectures/wdes ar055.rpm
98.09.28 19:33 B D:\egr124\syncweb\wdes\ar056.ram --> pilot.msu.edu /msu/course/vu/egr124/preview/lectures/wdes ar056.ram
98.09.28 19:33 B D:\egr124\syncweb\wdes\ar056.rpm --> pilot.msu.edu /msu/course/vu/egr124/preview/lectures/wdes ar056.rpm
98.09.28 19:33 B D:\egr124\syncweb\wdes\ar057.ram --> pilot.msu.edu /msu/course/vu/egr124/preview/lectures/wdes ar057.ram
98.09.28 19:33 B D:\egr124\syncweb\wdes\ar057.rpm --> pilot.msu.edu /msu/course/vu/egr124/preview/lectures/wdes ar057.rpm
98.09.28 19:33 B D:\egr124\syncweb\wdes\ar058.ram --> pilot.msu.edu /msu/course/vu/egr124/preview/lectures/wdes ar058.ram
98.09.28 19:33 B D:\egr124\syncweb\wdes\ar058.rpm --> pilot.msu.edu /msu/course/vu/egr124/preview/lectures/wdes ar058.rpm
98.09.28 19:33 B D:\egr124\syncweb\wdes\ar059.ram --> pilot.msu.edu /msu/course/vu/egr124/preview/lectures/wdes ar059.ram
98.09.28 19:33 B D:\egr124\syncweb\wdes\ar059.rpm --> pilot.msu.edu /msu/course/vu/egr124/preview/lectures/wdes ar059.rpm
98.09.28 19:33 B D:\egr124\syncweb\wdes\ar060.ram --> pilot.msu.edu /msu/course/vu/egr124/preview/lectures/wdes ar060.ram
98.09.28 19:33 B D:\egr124\syncweb\wdes\ar060.rpm --> pilot.msu.edu /msu/course/vu/egr124/preview/lectures/wdes ar060.rpm
98.09.28 19:33 B D:\egr124\syncweb\wdes\astr1.ram --> pilot.msu.edu /msu/course/vu/egr124/preview/lectures/wdes astr1.ram
98.09.28 19:33 B D:\egr124\syncweb\wdes\astr2.ram --> pilot.msu.edu /msu/course/vu/egr124/preview/lectures/wdes astr2.ram
98.09.28 19:33 B D:\egr124\syncweb\wdes\astr3.ram --> pilot.msu.edu /msu/course/vu/egr124/preview/lectures/wdes astr3.ram
98.09.28 19:33 B D:\egr124\syncweb\wdes\athumb.htm --> pilot.msu.edu /msu/course/vu/egr124/preview/lectures/wdes athumb.htm
98.09.28 19:33 B D:\egr124\syncweb\wdes\cache.htm --> pilot.msu.edu /msu/course/vu/egr124/preview/lectures/wdes cache.htm
98.09.28 19:33 B D:\egr124\syncweb\wdes\empty.rpm --> pilot.msu.edu /msu/course/vu/egr124/preview/lectures/wdes empty.rpm
98.09.28 19:33 B D:\egr124\syncweb\wdes\freeplayer_g2.gif --> pilot.msu.edu /msu/course/vu/egr124/preview/lectures/wdes freeplayer_g2.gif
98.09.28 19:33 B D:\egr124\syncweb\wdes\getreal.jpg --> pilot.msu.edu /msu/course/vu/egr124/preview/lectures/wdes getreal.jpg
98.09.28 19:33 B D:\egr124\syncweb\wdes\img001.gif --> pilot.msu.edu /msu/course/vu/egr124/preview/lectures/wdes img001.gif
98.09.28 19:33 B D:\egr124\syncweb\wdes\img002.gif --> pilot.msu.edu /msu/course/vu/egr124/preview/lectures/wdes img002.gif
98.09.28 19:33 B D:\egr124\syncweb\wdes\img003.gif --> pilot.msu.edu /msu/course/vu/egr124/preview/lectures/wdes img003.gif
98.09.28 19:33 B D:\egr124\syncweb\wdes\img004.gif --> pilot.msu.edu /msu/course/vu/egr124/preview/lectures/wdes img004.gif
98.09.28 19:33 B D:\egr124\syncweb\wdes\img005.gif --> pilot.msu.edu /msu/course/vu/egr124/preview/lectures/wdes img005.gif
98.09.28 19:33 B D:\egr124\syncweb\wdes\img006.gif --> pilot.msu.edu /msu/course/vu/egr124/preview/lectures/wdes img006.gif
98.09.28 19:33 B D:\egr124\syncweb\wdes\img007.gif --> pilot.msu.edu /msu/course/vu/egr124/preview/lectures/wdes img007.gif
98.09.28 19:34 B D:\egr124\syncweb\wdes\img008.gif --> pilot.msu.edu /msu/course/vu/egr124/preview/lectures/wdes img008.gif
98.09.28 19:34 B D:\egr124\syncweb\wdes\img009.gif --> pilot.msu.edu /msu/course/vu/egr124/preview/lectures/wdes img009.gif
98.09.28 19:34 B D:\egr124\syncweb\wdes\img010.gif --> pilot.msu.edu /msu/course/vu/egr124/preview/lectures/wdes img010.gif
98.09.28 19:34 B D:\egr124\syncweb\wdes\img011.gif --> pilot.msu.edu /msu/course/vu/egr124/preview/lectures/wdes img011.gif
98.09.28 19:34 B D:\egr124\syncweb\wdes\img012.gif --> pilot.msu.edu /msu/course/vu/egr124/preview/lectures/wdes img012.gif
98.09.28 19:34 B D:\egr124\syncweb\wdes\img013.gif --> pilot.msu.edu /msu/course/vu/egr124/preview/lectures/wdes img013.gif
98.09.28 19:34 B D:\egr124\syncweb\wdes\img014.gif --> pilot.msu.edu /msu/course/vu/egr124/preview/lectures/wdes img014.gif
98.09.28 19:34 B D:\egr124\syncweb\wdes\img015.gif --> pilot.msu.edu /msu/course/vu/egr124/preview/lectures/wdes img015.gif
98.09.28 19:34 B D:\egr124\syncweb\wdes\img016.gif --> pilot.msu.edu /msu/course/vu/egr124/preview/lectures/wdes img016.gif
98.09.28 19:34 B D:\egr124\syncweb\wdes\img017.gif --> pilot.msu.edu /msu/course/vu/egr124/preview/lectures/wdes img017.gif
98.09.28 19:34 B D:\egr124\syncweb\wdes\img018.gif --> pilot.msu.edu /msu/course/vu/egr124/preview/lectures/wdes img018.gif
98.09.28 19:34 B D:\egr124\syncweb\wdes\img019.gif --> pilot.msu.edu /msu/course/vu/egr124/preview/lectures/wdes img019.gif
98.09.28 19:34 B D:\egr124\syncweb\wdes\img020.gif --> pilot.msu.edu /msu/course/vu/egr124/preview/lectures/wdes img020.gif
98.09.28 19:34 B D:\egr124\syncweb\wdes\img021.gif --> pilot.msu.edu /msu/course/vu/egr124/preview/lectures/wdes img021.gif
98.09.28 19:34 B D:\egr124\syncweb\wdes\img022.gif --> pilot.msu.edu /msu/course/vu/egr124/preview/lectures/wdes img022.gif
98.09.28 19:34 B D:\egr124\syncweb\wdes\img023.gif --> pilot.msu.edu /msu/course/vu/egr124/preview/lectures/wdes img023.gif
98.09.28 19:34 B D:\egr124\syncweb\wdes\img024.gif --> pilot.msu.edu /msu/course/vu/egr124/preview/lectures/wdes img024.gif
98.09.28 19:34 B D:\egr124\syncweb\wdes\img025.gif --> pilot.msu.edu /msu/course/vu/egr124/preview/lectures/wdes img025.gif
98.09.28 19:34 B D:\egr124\syncweb\wdes\img026.gif --> pilot.msu.edu /msu/course/vu/egr124/preview/lectures/wdes img026.gif
98.09.28 19:34 B D:\egr124\syncweb\wdes\img027.gif --> pilot.msu.edu /msu/course/vu/egr124/preview/lectures/wdes img027.gif
98.09.28 19:34 B D:\egr124\syncweb\wdes\img028.gif --> pilot.msu.edu /msu/course/vu/egr124/preview/lectures/wdes img028.gif
98.09.28 19:34 B D:\egr124\syncweb\wdes\img029.gif --> pilot.msu.edu /msu/course/vu/egr124/preview/lectures/wdes img029.gif
98.09.28 19:34 B D:\egr124\syncweb\wdes\img030.gif --> pilot.msu.edu /msu/course/vu/egr124/preview/lectures/wdes img030.gif
98.09.28 19:34 B D:\egr124\syncweb\wdes\img031.gif --> pilot.msu.edu /msu/course/vu/egr124/preview/lectures/wdes img031.gif
98.09.28 19:34 B D:\egr124\syncweb\wdes\img032.gif --> pilot.msu.edu /msu/course/vu/egr124/preview/lectures/wdes img032.gif
98.09.28 19:34 B D:\egr124\syncweb\wdes\img033.gif --> pilot.msu.edu /msu/course/vu/egr124/preview/lectures/wdes img033.gif
98.09.28 19:34 B D:\egr124\syncweb\wdes\img034.gif --> pilot.msu.edu /msu/course/vu/egr124/preview/lectures/wdes img034.gif
98.09.28 19:34 B D:\egr124\syncweb\wdes\img035.gif --> pilot.msu.edu /msu/course/vu/egr124/preview/lectures/wdes img035.gif
98.09.28 19:34 B D:\egr124\syncweb\wdes\img036.gif --> pilot.msu.edu /msu/course/vu/egr124/preview/lectures/wdes img036.gif
98.09.28 19:34 B D:\egr124\syncweb\wdes\img037.gif --> pilot.msu.edu /msu/course/vu/egr124/preview/lectures/wdes img037.gif
98.09.28 19:34 B D:\egr124\syncweb\wdes\img038.gif --> pilot.msu.edu /msu/course/vu/egr124/preview/lectures/wdes img038.gif
98.09.28 19:34 B D:\egr124\syncweb\wdes\img039.gif --> pilot.msu.edu /msu/course/vu/egr124/preview/lectures/wdes img039.gif
98.09.28 19:34 B D:\egr124\syncweb\wdes\img040.gif --> pilot.msu.edu /msu/course/vu/egr124/preview/lectures/wdes img040.gif
98.09.28 19:34 B D:\egr124\syncweb\wdes\img041.gif --> pilot.msu.edu /msu/course/vu/egr124/preview/lectures/wdes img041.gif
98.09.28 19:34 B D:\egr124\syncweb\wdes\img042.gif --> pilot.msu.edu /msu/course/vu/egr124/preview/lectures/wdes img042.gif
98.09.28 19:34 B D:\egr124\syncweb\wdes\img043.gif --> pilot.msu.edu /msu/course/vu/egr124/preview/lectures/wdes img043.gif
98.09.28 19:34 B D:\egr124\syncweb\wdes\img044.gif --> pilot.msu.edu /msu/course/vu/egr124/preview/lectures/wdes img044.gif
98.09.28 19:34 B D:\egr124\syncweb\wdes\img045.gif --> pilot.msu.edu /msu/course/vu/egr124/preview/lectures/wdes img045.gif
98.09.28 19:34 B D:\egr124\syncweb\wdes\img046.gif --> pilot.msu.edu /msu/course/vu/egr124/preview/lectures/wdes img046.gif
98.09.28 19:34 B D:\egr124\syncweb\wdes\img047.gif --> pilot.msu.edu /msu/course/vu/egr124/preview/lectures/wdes img047.gif
98.09.28 19:34 B D:\egr124\syncweb\wdes\img048.gif --> pilot.msu.edu /msu/course/vu/egr124/preview/lectures/wdes img048.gif
98.09.28 19:34 B D:\egr124\syncweb\wdes\img049.gif --> pilot.msu.edu /msu/course/vu/egr124/preview/lectures/wdes img049.gif
98.09.28 19:34 B D:\egr124\syncweb\wdes\img050.gif --> pilot.msu.edu /msu/course/vu/egr124/preview/lectures/wdes img050.gif
98.09.28 19:34 B D:\egr124\syncweb\wdes\img051.gif --> pilot.msu.edu /msu/course/vu/egr124/preview/lectures/wdes img051.gif
98.09.28 19:34 B D:\egr124\syncweb\wdes\img052.gif --> pilot.msu.edu /msu/course/vu/egr124/preview/lectures/wdes img052.gif
98.09.28 19:34 B D:\egr124\syncweb\wdes\img053.gif --> pilot.msu.edu /msu/course/vu/egr124/preview/lectures/wdes img053.gif
98.09.28 19:34 B D:\egr124\syncweb\wdes\img054.gif --> pilot.msu.edu /msu/course/vu/egr124/preview/lectures/wdes img054.gif
98.09.28 19:34 B D:\egr124\syncweb\wdes\img055.gif --> pilot.msu.edu /msu/course/vu/egr124/preview/lectures/wdes img055.gif
98.09.28 19:34 B D:\egr124\syncweb\wdes\img056.gif --> pilot.msu.edu /msu/course/vu/egr124/preview/lectures/wdes img056.gif
98.09.28 19:34 B D:\egr124\syncweb\wdes\img057.gif --> pilot.msu.edu /msu/course/vu/egr124/preview/lectures/wdes img057.gif
98.09.28 19:34 B D:\egr124\syncweb\wdes\img058.gif --> pilot.msu.edu /msu/course/vu/egr124/preview/lectures/wdes img058.gif
98.09.28 19:34 B D:\egr124\syncweb\wdes\img059.gif --> pilot.msu.edu /msu/course/vu/egr124/preview/lectures/wdes img059.gif
98.09.28 19:34 B D:\egr124\syncweb\wdes\img060.gif --> pilot.msu.edu /msu/course/vu/egr124/preview/lectures/wdes img060.gif
98.09.28 19:34 B D:\egr124\syncweb\wdes\index.htm --> pilot.msu.edu /msu/course/vu/egr124/preview/lectures/wdes index.htm
98.09.28 19:34 B D:\egr124\syncweb\wdes\inst160.gif --> pilot.msu.edu /msu/course/vu/egr124/preview/lectures/wdes inst160.gif
98.09.28 19:34 B D:\egr124\syncweb\wdes\log.log --> pilot.msu.edu /msu/course/vu/egr124/preview/lectures/wdes log.log
98.09.28 19:34 B D:\egr124\syncweb\wdes\problems.htm --> pilot.msu.edu /msu/course/vu/egr124/preview/lectures/wdes problems.htm
98.09.28 19:34 B D:\egr124\syncweb\wdes\process.bat --> pilot.msu.edu /msu/course/vu/egr124/preview/lectures/wdes process.bat
98.09.28 19:34 B D:\egr124\syncweb\wdes\sld001.htm --> pilot.msu.edu /msu/course/vu/egr124/preview/lectures/wdes sld001.htm
98.09.28 19:34 B D:\egr124\syncweb\wdes\sld002.htm --> pilot.msu.edu /msu/course/vu/egr124/preview/lectures/wdes sld002.htm
98.09.28 19:34 B D:\egr124\syncweb\wdes\sld003.htm --> pilot.msu.edu /msu/course/vu/egr124/preview/lectures/wdes sld003.htm
98.09.28 19:34 B D:\egr124\syncweb\wdes\sld004.htm --> pilot.msu.edu /msu/course/vu/egr124/preview/lectures/wdes sld004.htm
98.09.28 19:34 B D:\egr124\syncweb\wdes\sld005.htm --> pilot.msu.edu /msu/course/vu/egr124/preview/lectures/wdes sld005.htm
98.09.28 19:34 B D:\egr124\syncweb\wdes\sld006.htm --> pilot.msu.edu /msu/course/vu/egr124/preview/lectures/wdes sld006.htm
98.09.28 19:34 B D:\egr124\syncweb\wdes\sld007.htm --> pilot.msu.edu /msu/course/vu/egr124/preview/lectures/wdes sld007.htm
98.09.28 19:34 B D:\egr124\syncweb\wdes\sld008.htm --> pilot.msu.edu /msu/course/vu/egr124/preview/lectures/wdes sld008.htm
98.09.28 19:34 B D:\egr124\syncweb\wdes\sld009.htm --> pilot.msu.edu /msu/course/vu/egr124/preview/lectures/wdes sld009.htm
98.09.28 19:34 B D:\egr124\syncweb\wdes\sld010.htm --> pilot.msu.edu /msu/course/vu/egr124/preview/lectures/wdes sld010.htm
98.09.28 19:34 B D:\egr124\syncweb\wdes\sld011.htm --> pilot.msu.edu /msu/course/vu/egr124/preview/lectures/wdes sld011.htm
98.09.28 19:34 B D:\egr124\syncweb\wdes\sld012.htm --> pilot.msu.edu /msu/course/vu/egr124/preview/lectures/wdes sld012.htm
98.09.28 19:34 B D:\egr124\syncweb\wdes\sld013.htm --> pilot.msu.edu /msu/course/vu/egr124/preview/lectures/wdes sld013.htm
98.09.28 19:34 B D:\egr124\syncweb\wdes\sld014.htm --> pilot.msu.edu /msu/course/vu/egr124/preview/lectures/wdes sld014.htm
98.09.28 19:34 B D:\egr124\syncweb\wdes\sld015.htm --> pilot.msu.edu /msu/course/vu/egr124/preview/lectures/wdes sld015.htm
98.09.28 19:34 B D:\egr124\syncweb\wdes\sld016.htm --> pilot.msu.edu /msu/course/vu/egr124/preview/lectures/wdes sld016.htm
98.09.28 19:34 B D:\egr124\syncweb\wdes\sld017.htm --> pilot.msu.edu /msu/course/vu/egr124/preview/lectures/wdes sld017.htm
98.09.28 19:34 B D:\egr124\syncweb\wdes\sld018.htm --> pilot.msu.edu /msu/course/vu/egr124/preview/lectures/wdes sld018.htm
98.09.28 19:34 B D:\egr124\syncweb\wdes\sld019.htm --> pilot.msu.edu /msu/course/vu/egr124/preview/lectures/wdes sld019.htm
98.09.28 19:34 B D:\egr124\syncweb\wdes\sld020.htm --> pilot.msu.edu /msu/course/vu/egr124/preview/lectures/wdes sld020.htm
98.09.28 19:34 B D:\egr124\syncweb\wdes\sld021.htm --> pilot.msu.edu /msu/course/vu/egr124/preview/lectures/wdes sld021.htm
98.09.28 19:34 B D:\egr124\syncweb\wdes\sld022.htm --> pilot.msu.edu /msu/course/vu/egr124/preview/lectures/wdes sld022.htm
98.09.28 19:34 B D:\egr124\syncweb\wdes\sld023.htm --> pilot.msu.edu /msu/course/vu/egr124/preview/lectures/wdes sld023.htm
98.09.28 19:34 B D:\egr124\syncweb\wdes\sld024.htm --> pilot.msu.edu /msu/course/vu/egr124/preview/lectures/wdes sld024.htm
98.09.28 19:34 B D:\egr124\syncweb\wdes\sld025.htm --> pilot.msu.edu /msu/course/vu/egr124/preview/lectures/wdes sld025.htm
98.09.28 19:34 B D:\egr124\syncweb\wdes\sld026.htm --> pilot.msu.edu /msu/course/vu/egr124/preview/lectures/wdes sld026.htm
98.09.28 19:34 B D:\egr124\syncweb\wdes\sld027.htm --> pilot.msu.edu /msu/course/vu/egr124/preview/lectures/wdes sld027.htm
98.09.28 19:34 B D:\egr124\syncweb\wdes\sld028.htm --> pilot.msu.edu /msu/course/vu/egr124/preview/lectures/wdes sld028.htm
98.09.28 19:34 B D:\egr124\syncweb\wdes\sld029.htm --> pilot.msu.edu /msu/course/vu/egr124/preview/lectures/wdes sld029.htm
98.09.28 19:34 B D:\egr124\syncweb\wdes\sld030.htm --> pilot.msu.edu /msu/course/vu/egr124/preview/lectures/wdes sld030.htm
98.09.28 19:34 B D:\egr124\syncweb\wdes\sld031.htm --> pilot.msu.edu /msu/course/vu/egr124/preview/lectures/wdes sld031.htm
98.09.28 19:34 B D:\egr124\syncweb\wdes\sld032.htm --> pilot.msu.edu /msu/course/vu/egr124/preview/lectures/wdes sld032.htm
98.09.28 19:34 B D:\egr124\syncweb\wdes\sld033.htm --> pilot.msu.edu /msu/course/vu/egr124/preview/lectures/wdes sld033.htm
98.09.28 19:34 B D:\egr124\syncweb\wdes\sld034.htm --> pilot.msu.edu /msu/course/vu/egr124/preview/lectures/wdes sld034.htm
98.09.28 19:34 B D:\egr124\syncweb\wdes\sld035.htm --> pilot.msu.edu /msu/course/vu/egr124/preview/lectures/wdes sld035.htm
98.09.28 19:34 B D:\egr124\syncweb\wdes\sld036.htm --> pilot.msu.edu /msu/course/vu/egr124/preview/lectures/wdes sld036.htm
98.09.28 19:34 B D:\egr124\syncweb\wdes\sld037.htm --> pilot.msu.edu /msu/course/vu/egr124/preview/lectures/wdes sld037.htm
98.09.28 19:34 B D:\egr124\syncweb\wdes\sld038.htm --> pilot.msu.edu /msu/course/vu/egr124/preview/lectures/wdes sld038.htm
98.09.28 19:34 B D:\egr124\syncweb\wdes\sld039.htm --> pilot.msu.edu /msu/course/vu/egr124/preview/lectures/wdes sld039.htm
98.09.28 19:34 B D:\egr124\syncweb\wdes\sld040.htm --> pilot.msu.edu /msu/course/vu/egr124/preview/lectures/wdes sld040.htm
98.09.28 19:34 B D:\egr124\syncweb\wdes\sld041.htm --> pilot.msu.edu /msu/course/vu/egr124/preview/lectures/wdes sld041.htm
98.09.28 19:34 B D:\egr124\syncweb\wdes\sld042.htm --> pilot.msu.edu /msu/course/vu/egr124/preview/lectures/wdes sld042.htm
98.09.28 19:34 B D:\egr124\syncweb\wdes\sld043.htm --> pilot.msu.edu /msu/course/vu/egr124/preview/lectures/wdes sld043.htm
98.09.28 19:34 B D:\egr124\syncweb\wdes\sld044.htm --> pilot.msu.edu /msu/course/vu/egr124/preview/lectures/wdes sld044.htm
98.09.28 19:34 B D:\egr124\syncweb\wdes\sld045.htm --> pilot.msu.edu /msu/course/vu/egr124/preview/lectures/wdes sld045.htm
98.09.28 19:34 B D:\egr124\syncweb\wdes\sld046.htm --> pilot.msu.edu /msu/course/vu/egr124/preview/lectures/wdes sld046.htm
98.09.28 19:34 B D:\egr124\syncweb\wdes\sld047.htm --> pilot.msu.edu /msu/course/vu/egr124/preview/lectures/wdes sld047.htm
98.09.28 19:34 B D:\egr124\syncweb\wdes\sld048.htm --> pilot.msu.edu /msu/course/vu/egr124/preview/lectures/wdes sld048.htm
98.09.28 19:34 B D:\egr124\syncweb\wdes\sld049.htm --> pilot.msu.edu /msu/course/vu/egr124/preview/lectures/wdes sld049.htm
98.09.28 19:34 B D:\egr124\syncweb\wdes\sld050.htm --> pilot.msu.edu /msu/course/vu/egr124/preview/lectures/wdes sld050.htm
98.09.28 19:34 B D:\egr124\syncweb\wdes\sld051.htm --> pilot.msu.edu /msu/course/vu/egr124/preview/lectures/wdes sld051.htm
98.09.28 19:34 B D:\egr124\syncweb\wdes\sld052.htm --> pilot.msu.edu /msu/course/vu/egr124/preview/lectures/wdes sld052.htm
98.09.28 19:34 B D:\egr124\syncweb\wdes\sld053.htm --> pilot.msu.edu /msu/course/vu/egr124/preview/lectures/wdes sld053.htm
98.09.28 19:34 B D:\egr124\syncweb\wdes\sld054.htm --> pilot.msu.edu /msu/course/vu/egr124/preview/lectures/wdes sld054.htm
98.09.28 19:34 B D:\egr124\syncweb\wdes\sld055.htm --> pilot.msu.edu /msu/course/vu/egr124/preview/lectures/wdes sld055.htm
98.09.28 19:34 B D:\egr124\syncweb\wdes\sld056.htm --> pilot.msu.edu /msu/course/vu/egr124/preview/lectures/wdes sld056.htm
98.09.28 19:34 B D:\egr124\syncweb\wdes\sld057.htm --> pilot.msu.edu /msu/course/vu/egr124/preview/lectures/wdes sld057.htm
98.09.28 19:34 B D:\egr124\syncweb\wdes\sld058.htm --> pilot.msu.edu /msu/course/vu/egr124/preview/lectures/wdes sld058.htm
98.09.28 19:34 B D:\egr124\syncweb\wdes\sld059.htm --> pilot.msu.edu /msu/course/vu/egr124/preview/lectures/wdes sld059.htm
98.09.28 19:34 B D:\egr124\syncweb\wdes\sld060.htm --> pilot.msu.edu /msu/course/vu/egr124/preview/lectures/wdes sld060.htm
98.09.28 19:34 B D:\egr124\syncweb\wdes\vf001.htm --> pilot.msu.edu /msu/course/vu/egr124/preview/lectures/wdes vf001.htm
98.09.28 19:34 B D:\egr124\syncweb\wdes\vf002.htm --> pilot.msu.edu /msu/course/vu/egr124/preview/lectures/wdes vf002.htm
98.09.28 19:34 B D:\egr124\syncweb\wdes\vf003.htm --> pilot.msu.edu /msu/course/vu/egr124/preview/lectures/wdes vf003.htm
98.09.28 19:34 B D:\egr124\syncweb\wdes\vf004.htm --> pilot.msu.edu /msu/course/vu/egr124/preview/lectures/wdes vf004.htm
98.09.28 19:34 B D:\egr124\syncweb\wdes\vf005.htm --> pilot.msu.edu /msu/course/vu/egr124/preview/lectures/wdes vf005.htm
98.09.28 19:34 B D:\egr124\syncweb\wdes\vf006.htm --> pilot.msu.edu /msu/course/vu/egr124/preview/lectures/wdes vf006.htm
98.09.28 19:34 B D:\egr124\syncweb\wdes\vf007.htm --> pilot.msu.edu /msu/course/vu/egr124/preview/lectures/wdes vf007.htm
98.09.28 19:34 B D:\egr124\syncweb\wdes\vf008.htm --> pilot.msu.edu /msu/course/vu/egr124/preview/lectures/wdes vf008.htm
98.09.28 19:34 B D:\egr124\syncweb\wdes\vf009.htm --> pilot.msu.edu /msu/course/vu/egr124/preview/lectures/wdes vf009.htm
98.09.28 19:34 B D:\egr124\syncweb\wdes\vf010.htm --> pilot.msu.edu /msu/course/vu/egr124/preview/lectures/wdes vf010.htm
98.09.28 19:34 B D:\egr124\syncweb\wdes\vf011.htm --> pilot.msu.edu /msu/course/vu/egr124/preview/lectures/wdes vf011.htm
98.09.28 19:34 B D:\egr124\syncweb\wdes\vf012.htm --> pilot.msu.edu /msu/course/vu/egr124/preview/lectures/wdes vf012.htm
98.09.28 19:34 B D:\egr124\syncweb\wdes\vf013.htm --> pilot.msu.edu /msu/course/vu/egr124/preview/lectures/wdes vf013.htm
98.09.28 19:34 B D:\egr124\syncweb\wdes\vf014.htm --> pilot.msu.edu /msu/course/vu/egr124/preview/lectures/wdes vf014.htm
98.09.28 19:34 B D:\egr124\syncweb\wdes\vf015.htm --> pilot.msu.edu /msu/course/vu/egr124/preview/lectures/wdes vf015.htm
98.09.28 19:34 B D:\egr124\syncweb\wdes\vf016.htm --> pilot.msu.edu /msu/course/vu/egr124/preview/lectures/wdes vf016.htm
98.09.28 19:34 B D:\egr124\syncweb\wdes\vf017.htm --> pilot.msu.edu /msu/course/vu/egr124/preview/lectures/wdes vf017.htm
98.09.28 19:34 B D:\egr124\syncweb\wdes\vf018.htm --> pilot.msu.edu /msu/course/vu/egr124/preview/lectures/wdes vf018.htm
98.09.28 19:34 B D:\egr124\syncweb\wdes\vf019.htm --> pilot.msu.edu /msu/course/vu/egr124/preview/lectures/wdes vf019.htm
98.09.28 19:34 B D:\egr124\syncweb\wdes\vf020.htm --> pilot.msu.edu /msu/course/vu/egr124/preview/lectures/wdes vf020.htm
98.09.28 19:34 B D:\egr124\syncweb\wdes\vf021.htm --> pilot.msu.edu /msu/course/vu/egr124/preview/lectures/wdes vf021.htm
98.09.28 19:34 B D:\egr124\syncweb\wdes\vf022.htm --> pilot.msu.edu /msu/course/vu/egr124/preview/lectures/wdes vf022.htm
98.09.28 19:34 B D:\egr124\syncweb\wdes\vf023.htm --> pilot.msu.edu /msu/course/vu/egr124/preview/lectures/wdes vf023.htm
98.09.28 19:34 B D:\egr124\syncweb\wdes\vf024.htm --> pilot.msu.edu /msu/course/vu/egr124/preview/lectures/wdes vf024.htm
98.09.28 19:34 B D:\egr124\syncweb\wdes\vf025.htm --> pilot.msu.edu /msu/course/vu/egr124/preview/lectures/wdes vf025.htm
98.09.28 19:34 B D:\egr124\syncweb\wdes\vf026.htm --> pilot.msu.edu /msu/course/vu/egr124/preview/lectures/wdes vf026.htm
98.09.28 19:34 B D:\egr124\syncweb\wdes\vf027.htm --> pilot.msu.edu /msu/course/vu/egr124/preview/lectures/wdes vf027.htm
98.09.28 19:34 B D:\egr124\syncweb\wdes\vf028.htm --> pilot.msu.edu /msu/course/vu/egr124/preview/lectures/wdes vf028.htm
98.09.28 19:34 B D:\egr124\syncweb\wdes\vf029.htm --> pilot.msu.edu /msu/course/vu/egr124/preview/lectures/wdes vf029.htm
98.09.28 19:34 B D:\egr124\syncweb\wdes\vf030.htm --> pilot.msu.edu /msu/course/vu/egr124/preview/lectures/wdes vf030.htm
98.09.28 19:34 B D:\egr124\syncweb\wdes\vf031.htm --> pilot.msu.edu /msu/course/vu/egr124/preview/lectures/wdes vf031.htm
98.09.28 19:34 B D:\egr124\syncweb\wdes\vf032.htm --> pilot.msu.edu /msu/course/vu/egr124/preview/lectures/wdes vf032.htm
98.09.28 19:34 B D:\egr124\syncweb\wdes\vf033.htm --> pilot.msu.edu /msu/course/vu/egr124/preview/lectures/wdes vf033.htm
98.09.28 19:34 B D:\egr124\syncweb\wdes\vf034.htm --> pilot.msu.edu /msu/course/vu/egr124/preview/lectures/wdes vf034.htm
98.09.28 19:34 B D:\egr124\syncweb\wdes\vf035.htm --> pilot.msu.edu /msu/course/vu/egr124/preview/lectures/wdes vf035.htm
98.09.28 19:34 B D:\egr124\syncweb\wdes\vf036.htm --> pilot.msu.edu /msu/course/vu/egr124/preview/lectures/wdes vf036.htm
98.09.28 19:34 B D:\egr124\syncweb\wdes\vf037.htm --> pilot.msu.edu /msu/course/vu/egr124/preview/lectures/wdes vf037.htm
98.09.28 19:34 B D:\egr124\syncweb\wdes\vf038.htm --> pilot.msu.edu /msu/course/vu/egr124/preview/lectures/wdes vf038.htm
98.09.28 19:34 B D:\egr124\syncweb\wdes\vf039.htm --> pilot.msu.edu /msu/course/vu/egr124/preview/lectures/wdes vf039.htm
98.09.28 19:34 B D:\egr124\syncweb\wdes\vf040.htm --> pilot.msu.edu /msu/course/vu/egr124/preview/lectures/wdes vf040.htm
98.09.28 19:34 B D:\egr124\syncweb\wdes\vf041.htm --> pilot.msu.edu /msu/course/vu/egr124/preview/lectures/wdes vf041.htm
98.09.28 19:34 B D:\egr124\syncweb\wdes\vf042.htm --> pilot.msu.edu /msu/course/vu/egr124/preview/lectures/wdes vf042.htm
98.09.28 19:34 B D:\egr124\syncweb\wdes\vf043.htm --> pilot.msu.edu /msu/course/vu/egr124/preview/lectures/wdes vf043.htm
98.09.28 19:34 B D:\egr124\syncweb\wdes\vf044.htm --> pilot.msu.edu /msu/course/vu/egr124/preview/lectures/wdes vf044.htm
98.09.28 19:34 B D:\egr124\syncweb\wdes\vf045.htm --> pilot.msu.edu /msu/course/vu/egr124/preview/lectures/wdes vf045.htm
98.09.28 19:34 B D:\egr124\syncweb\wdes\vf046.htm --> pilot.msu.edu /msu/course/vu/egr124/preview/lectures/wdes vf046.htm
98.09.28 19:34 B D:\egr124\syncweb\wdes\vf047.htm --> pilot.msu.edu /msu/course/vu/egr124/preview/lectures/wdes vf047.htm
98.09.28 19:34 B D:\egr124\syncweb\wdes\vf048.htm --> pilot.msu.edu /msu/course/vu/egr124/preview/lectures/wdes vf048.htm
98.09.28 19:34 B D:\egr124\syncweb\wdes\vf049.htm --> pilot.msu.edu /msu/course/vu/egr124/preview/lectures/wdes vf049.htm
98.09.28 19:34 B D:\egr124\syncweb\wdes\vf050.htm --> pilot.msu.edu /msu/course/vu/egr124/preview/lectures/wdes vf050.htm
98.09.28 19:34 B D:\egr124\syncweb\wdes\vf051.htm --> pilot.msu.edu /msu/course/vu/egr124/preview/lectures/wdes vf051.htm
98.09.28 19:34 B D:\egr124\syncweb\wdes\vf052.htm --> pilot.msu.edu /msu/course/vu/egr124/preview/lectures/wdes vf052.htm
98.09.28 19:34 B D:\egr124\syncweb\wdes\vf053.htm --> pilot.msu.edu /msu/course/vu/egr124/preview/lectures/wdes vf053.htm
98.09.28 19:34 B D:\egr124\syncweb\wdes\vf054.htm --> pilot.msu.edu /msu/course/vu/egr124/preview/lectures/wdes vf054.htm
98.09.28 19:34 B D:\egr124\syncweb\wdes\vf055.htm --> pilot.msu.edu /msu/course/vu/egr124/preview/lectures/wdes vf055.htm
98.09.28 19:34 B D:\egr124\syncweb\wdes\vf056.htm --> pilot.msu.edu /msu/course/vu/egr124/preview/lectures/wdes vf056.htm
98.09.28 19:34 B D:\egr124\syncweb\wdes\vf057.htm --> pilot.msu.edu /msu/course/vu/egr124/preview/lectures/wdes vf057.htm
98.09.28 19:34 B D:\egr124\syncweb\wdes\vf058.htm --> pilot.msu.edu /msu/course/vu/egr124/preview/lectures/wdes vf058.htm
98.09.28 19:34 B D:\egr124\syncweb\wdes\vf059.htm --> pilot.msu.edu /msu/course/vu/egr124/preview/lectures/wdes vf059.htm
98.09.28 19:34 B D:\egr124\syncweb\wdes\vf060.htm --> pilot.msu.edu /msu/course/vu/egr124/preview/lectures/wdes vf060.htm
98.09.28 19:34 B D:\egr124\syncweb\wdes\vn001.htm --> pilot.msu.edu /msu/course/vu/egr124/preview/lectures/wdes vn001.htm
98.09.28 19:34 B D:\egr124\syncweb\wdes\vn002.htm --> pilot.msu.edu /msu/course/vu/egr124/preview/lectures/wdes vn002.htm
98.09.28 19:34 B D:\egr124\syncweb\wdes\vn003.htm --> pilot.msu.edu /msu/course/vu/egr124/preview/lectures/wdes vn003.htm
98.09.28 19:34 B D:\egr124\syncweb\wdes\vn004.htm --> pilot.msu.edu /msu/course/vu/egr124/preview/lectures/wdes vn004.htm
98.09.28 19:34 B D:\egr124\syncweb\wdes\vn005.htm --> pilot.msu.edu /msu/course/vu/egr124/preview/lectures/wdes vn005.htm
98.09.28 19:34 B D:\egr124\syncweb\wdes\vn006.htm --> pilot.msu.edu /msu/course/vu/egr124/preview/lectures/wdes vn006.htm
98.09.28 19:34 B D:\egr124\syncweb\wdes\vn007.htm --> pilot.msu.edu /msu/course/vu/egr124/preview/lectures/wdes vn007.htm
98.09.28 19:34 B D:\egr124\syncweb\wdes\vn008.htm --> pilot.msu.edu /msu/course/vu/egr124/preview/lectures/wdes vn008.htm
98.09.28 19:34 B D:\egr124\syncweb\wdes\vn009.htm --> pilot.msu.edu /msu/course/vu/egr124/preview/lectures/wdes vn009.htm
98.09.28 19:34 B D:\egr124\syncweb\wdes\vn010.htm --> pilot.msu.edu /msu/course/vu/egr124/preview/lectures/wdes vn010.htm
98.09.28 19:35 B D:\egr124\syncweb\wdes\vn011.htm --> pilot.msu.edu /msu/course/vu/egr124/preview/lectures/wdes vn011.htm
98.09.28 19:35 B D:\egr124\syncweb\wdes\vn012.htm --> pilot.msu.edu /msu/course/vu/egr124/preview/lectures/wdes vn012.htm
98.09.28 19:35 B D:\egr124\syncweb\wdes\vn013.htm --> pilot.msu.edu /msu/course/vu/egr124/preview/lectures/wdes vn013.htm
98.09.28 19:35 B D:\egr124\syncweb\wdes\vn014.htm --> pilot.msu.edu /msu/course/vu/egr124/preview/lectures/wdes vn014.htm
98.09.28 19:35 B D:\egr124\syncweb\wdes\vn015.htm --> pilot.msu.edu /msu/course/vu/egr124/preview/lectures/wdes vn015.htm
98.09.28 19:35 B D:\egr124\syncweb\wdes\vn016.htm --> pilot.msu.edu /msu/course/vu/egr124/preview/lectures/wdes vn016.htm
98.09.28 19:35 B D:\egr124\syncweb\wdes\vn017.htm --> pilot.msu.edu /msu/course/vu/egr124/preview/lectures/wdes vn017.htm
98.09.28 19:35 B D:\egr124\syncweb\wdes\vn018.htm --> pilot.msu.edu /msu/course/vu/egr124/preview/lectures/wdes vn018.htm
98.09.28 19:35 B D:\egr124\syncweb\wdes\vn019.htm --> pilot.msu.edu /msu/course/vu/egr124/preview/lectures/wdes vn019.htm
98.09.28 19:35 B D:\egr124\syncweb\wdes\vn020.htm --> pilot.msu.edu /msu/course/vu/egr124/preview/lectures/wdes vn020.htm
98.09.28 19:35 B D:\egr124\syncweb\wdes\vn021.htm --> pilot.msu.edu /msu/course/vu/egr124/preview/lectures/wdes vn021.htm
98.09.28 19:35 B D:\egr124\syncweb\wdes\vn022.htm --> pilot.msu.edu /msu/course/vu/egr124/preview/lectures/wdes vn022.htm
98.09.28 19:35 B D:\egr124\syncweb\wdes\vn023.htm --> pilot.msu.edu /msu/course/vu/egr124/preview/lectures/wdes vn023.htm
98.09.28 19:35 B D:\egr124\syncweb\wdes\vn024.htm --> pilot.msu.edu /msu/course/vu/egr124/preview/lectures/wdes vn024.htm
98.09.28 19:35 B D:\egr124\syncweb\wdes\vn025.htm --> pilot.msu.edu /msu/course/vu/egr124/preview/lectures/wdes vn025.htm
98.09.28 19:35 B D:\egr124\syncweb\wdes\vn026.htm --> pilot.msu.edu /msu/course/vu/egr124/preview/lectures/wdes vn026.htm
98.09.28 19:35 B D:\egr124\syncweb\wdes\vn027.htm --> pilot.msu.edu /msu/course/vu/egr124/preview/lectures/wdes vn027.htm
98.09.28 19:35 B D:\egr124\syncweb\wdes\vn028.htm --> pilot.msu.edu /msu/course/vu/egr124/preview/lectures/wdes vn028.htm
98.09.28 19:35 B D:\egr124\syncweb\wdes\vn029.htm --> pilot.msu.edu /msu/course/vu/egr124/preview/lectures/wdes vn029.htm
98.09.28 19:35 B D:\egr124\syncweb\wdes\vn030.htm --> pilot.msu.edu /msu/course/vu/egr124/preview/lectures/wdes vn030.htm
98.09.28 19:35 B D:\egr124\syncweb\wdes\vn031.htm --> pilot.msu.edu /msu/course/vu/egr124/preview/lectures/wdes vn031.htm
98.09.28 19:35 B D:\egr124\syncweb\wdes\vn032.htm --> pilot.msu.edu /msu/course/vu/egr124/preview/lectures/wdes vn032.htm
98.09.28 19:35 B D:\egr124\syncweb\wdes\vn033.htm --> pilot.msu.edu /msu/course/vu/egr124/preview/lectures/wdes vn033.htm
98.09.28 19:35 B D:\egr124\syncweb\wdes\vn034.htm --> pilot.msu.edu /msu/course/vu/egr124/preview/lectures/wdes vn034.htm
98.09.28 19:35 B D:\egr124\syncweb\wdes\vn035.htm --> pilot.msu.edu /msu/course/vu/egr124/preview/lectures/wdes vn035.htm
98.09.28 19:35 B D:\egr124\syncweb\wdes\vn036.htm --> pilot.msu.edu /msu/course/vu/egr124/preview/lectures/wdes vn036.htm
98.09.28 19:35 B D:\egr124\syncweb\wdes\vn037.htm --> pilot.msu.edu /msu/course/vu/egr124/preview/lectures/wdes vn037.htm
98.09.28 19:35 B D:\egr124\syncweb\wdes\vn038.htm --> pilot.msu.edu /msu/course/vu/egr124/preview/lectures/wdes vn038.htm
98.09.28 19:35 B D:\egr124\syncweb\wdes\vn039.htm --> pilot.msu.edu /msu/course/vu/egr124/preview/lectures/wdes vn039.htm
98.09.28 19:35 B D:\egr124\syncweb\wdes\vn040.htm --> pilot.msu.edu /msu/course/vu/egr124/preview/lectures/wdes vn040.htm
98.09.28 19:35 B D:\egr124\syncweb\wdes\vn041.htm --> pilot.msu.edu /msu/course/vu/egr124/preview/lectures/wdes vn041.htm
98.09.28 19:35 B D:\egr124\syncweb\wdes\vn042.htm --> pilot.msu.edu /msu/course/vu/egr124/preview/lectures/wdes vn042.htm
98.09.28 19:35 B D:\egr124\syncweb\wdes\vn043.htm --> pilot.msu.edu /msu/course/vu/egr124/preview/lectures/wdes vn043.htm
98.09.28 19:35 B D:\egr124\syncweb\wdes\vn044.htm --> pilot.msu.edu /msu/course/vu/egr124/preview/lectures/wdes vn044.htm
98.09.28 19:35 B D:\egr124\syncweb\wdes\vn045.htm --> pilot.msu.edu /msu/course/vu/egr124/preview/lectures/wdes vn045.htm
98.09.28 19:35 B D:\egr124\syncweb\wdes\vn046.htm --> pilot.msu.edu /msu/course/vu/egr124/preview/lectures/wdes vn046.htm
98.09.28 19:35 B D:\egr124\syncweb\wdes\vn047.htm --> pilot.msu.edu /msu/course/vu/egr124/preview/lectures/wdes vn047.htm
98.09.28 19:35 B D:\egr124\syncweb\wdes\vn048.htm --> pilot.msu.edu /msu/course/vu/egr124/preview/lectures/wdes vn048.htm
98.09.28 19:35 B D:\egr124\syncweb\wdes\vn049.htm --> pilot.msu.edu /msu/course/vu/egr124/preview/lectures/wdes vn049.htm
98.09.28 19:35 B D:\egr124\syncweb\wdes\vn050.htm --> pilot.msu.edu /msu/course/vu/egr124/preview/lectures/wdes vn050.htm
98.09.28 19:35 B D:\egr124\syncweb\wdes\vn051.htm --> pilot.msu.edu /msu/course/vu/egr124/preview/lectures/wdes vn051.htm
98.09.28 19:35 B D:\egr124\syncweb\wdes\vn052.htm --> pilot.msu.edu /msu/course/vu/egr124/preview/lectures/wdes vn052.htm
98.09.28 19:35 B D:\egr124\syncweb\wdes\vn053.htm --> pilot.msu.edu /msu/course/vu/egr124/preview/lectures/wdes vn053.htm
98.09.28 19:35 B D:\egr124\syncweb\wdes\vn054.htm --> pilot.msu.edu /msu/course/vu/egr124/preview/lectures/wdes vn054.htm
98.09.28 19:35 B D:\egr124\syncweb\wdes\vn055.htm --> pilot.msu.edu /msu/course/vu/egr124/preview/lectures/wdes vn055.htm
98.09.28 19:35 B D:\egr124\syncweb\wdes\vn056.htm --> pilot.msu.edu /msu/course/vu/egr124/preview/lectures/wdes vn056.htm
98.09.28 19:35 B D:\egr124\syncweb\wdes\vn057.htm --> pilot.msu.edu /msu/course/vu/egr124/preview/lectures/wdes vn057.htm
98.09.28 19:35 B D:\egr124\syncweb\wdes\vn058.htm --> pilot.msu.edu /msu/course/vu/egr124/preview/lectures/wdes vn058.htm
98.09.28 19:35 B D:\egr124\syncweb\wdes\vn059.htm --> pilot.msu.edu /msu/course/vu/egr124/preview/lectures/wdes vn059.htm
98.09.28 19:35 B D:\egr124\syncweb\wdes\vn060.htm --> pilot.msu.edu /msu/course/vu/egr124/preview/lectures/wdes vn060.htm
98.09.28 19:35 B D:\egr124\syncweb\wdes\vr001.ram --> pilot.msu.edu /msu/course/vu/egr124/preview/lectures/wdes vr001.ram
98.09.28 19:35 B D:\egr124\syncweb\wdes\vr001.rpm --> pilot.msu.edu /msu/course/vu/egr124/preview/lectures/wdes vr001.rpm
98.09.28 19:35 B D:\egr124\syncweb\wdes\vr002.ram --> pilot.msu.edu /msu/course/vu/egr124/preview/lectures/wdes vr002.ram
98.09.28 19:35 B D:\egr124\syncweb\wdes\vr002.rpm --> pilot.msu.edu /msu/course/vu/egr124/preview/lectures/wdes vr002.rpm
98.09.28 19:35 B D:\egr124\syncweb\wdes\vr003.ram --> pilot.msu.edu /msu/course/vu/egr124/preview/lectures/wdes vr003.ram
98.09.28 19:35 B D:\egr124\syncweb\wdes\vr003.rpm --> pilot.msu.edu /msu/course/vu/egr124/preview/lectures/wdes vr003.rpm
98.09.28 19:35 B D:\egr124\syncweb\wdes\vr004.ram --> pilot.msu.edu /msu/course/vu/egr124/preview/lectures/wdes vr004.ram
98.09.28 19:35 B D:\egr124\syncweb\wdes\vr004.rpm --> pilot.msu.edu /msu/course/vu/egr124/preview/lectures/wdes vr004.rpm
98.09.28 19:35 B D:\egr124\syncweb\wdes\vr005.ram --> pilot.msu.edu /msu/course/vu/egr124/preview/lectures/wdes vr005.ram
98.09.28 19:35 B D:\egr124\syncweb\wdes\vr005.rpm --> pilot.msu.edu /msu/course/vu/egr124/preview/lectures/wdes vr005.rpm
98.09.28 19:35 B D:\egr124\syncweb\wdes\vr006.ram --> pilot.msu.edu /msu/course/vu/egr124/preview/lectures/wdes vr006.ram
98.09.28 19:35 B D:\egr124\syncweb\wdes\vr006.rpm --> pilot.msu.edu /msu/course/vu/egr124/preview/lectures/wdes vr006.rpm
98.09.28 19:35 B D:\egr124\syncweb\wdes\vr007.ram --> pilot.msu.edu /msu/course/vu/egr124/preview/lectures/wdes vr007.ram
98.09.28 19:35 B D:\egr124\syncweb\wdes\vr007.rpm --> pilot.msu.edu /msu/course/vu/egr124/preview/lectures/wdes vr007.rpm
98.09.28 19:35 B D:\egr124\syncweb\wdes\vr008.ram --> pilot.msu.edu /msu/course/vu/egr124/preview/lectures/wdes vr008.ram
98.09.28 19:35 B D:\egr124\syncweb\wdes\vr008.rpm --> pilot.msu.edu /msu/course/vu/egr124/preview/lectures/wdes vr008.rpm
98.09.28 19:35 B D:\egr124\syncweb\wdes\vr009.ram --> pilot.msu.edu /msu/course/vu/egr124/preview/lectures/wdes vr009.ram
98.09.28 19:35 B D:\egr124\syncweb\wdes\vr009.rpm --> pilot.msu.edu /msu/course/vu/egr124/preview/lectures/wdes vr009.rpm
98.09.28 19:35 B D:\egr124\syncweb\wdes\vr010.ram --> pilot.msu.edu /msu/course/vu/egr124/preview/lectures/wdes vr010.ram
98.09.28 19:35 B D:\egr124\syncweb\wdes\vr010.rpm --> pilot.msu.edu /msu/course/vu/egr124/preview/lectures/wdes vr010.rpm
98.09.28 19:35 B D:\egr124\syncweb\wdes\vr011.ram --> pilot.msu.edu /msu/course/vu/egr124/preview/lectures/wdes vr011.ram
98.09.28 19:35 B D:\egr124\syncweb\wdes\vr011.rpm --> pilot.msu.edu /msu/course/vu/egr124/preview/lectures/wdes vr011.rpm
98.09.28 19:35 B D:\egr124\syncweb\wdes\vr012.ram --> pilot.msu.edu /msu/course/vu/egr124/preview/lectures/wdes vr012.ram
98.09.28 19:35 B D:\egr124\syncweb\wdes\vr012.rpm --> pilot.msu.edu /msu/course/vu/egr124/preview/lectures/wdes vr012.rpm
98.09.28 19:35 B D:\egr124\syncweb\wdes\vr013.ram --> pilot.msu.edu /msu/course/vu/egr124/preview/lectures/wdes vr013.ram
98.09.28 19:35 B D:\egr124\syncweb\wdes\vr013.rpm --> pilot.msu.edu /msu/course/vu/egr124/preview/lectures/wdes vr013.rpm
98.09.28 19:35 B D:\egr124\syncweb\wdes\vr014.ram --> pilot.msu.edu /msu/course/vu/egr124/preview/lectures/wdes vr014.ram
98.09.28 19:35 B D:\egr124\syncweb\wdes\vr014.rpm --> pilot.msu.edu /msu/course/vu/egr124/preview/lectures/wdes vr014.rpm
98.09.28 19:35 B D:\egr124\syncweb\wdes\vr015.ram --> pilot.msu.edu /msu/course/vu/egr124/preview/lectures/wdes vr015.ram
98.09.28 19:35 B D:\egr124\syncweb\wdes\vr015.rpm --> pilot.msu.edu /msu/course/vu/egr124/preview/lectures/wdes vr015.rpm
98.09.28 19:35 B D:\egr124\syncweb\wdes\vr016.ram --> pilot.msu.edu /msu/course/vu/egr124/preview/lectures/wdes vr016.ram
98.09.28 19:35 B D:\egr124\syncweb\wdes\vr016.rpm --> pilot.msu.edu /msu/course/vu/egr124/preview/lectures/wdes vr016.rpm
98.09.28 19:35 B D:\egr124\syncweb\wdes\vr017.ram --> pilot.msu.edu /msu/course/vu/egr124/preview/lectures/wdes vr017.ram
98.09.28 19:35 B D:\egr124\syncweb\wdes\vr017.rpm --> pilot.msu.edu /msu/course/vu/egr124/preview/lectures/wdes vr017.rpm
98.09.28 19:35 B D:\egr124\syncweb\wdes\vr018.ram --> pilot.msu.edu /msu/course/vu/egr124/preview/lectures/wdes vr018.ram
98.09.28 19:35 B D:\egr124\syncweb\wdes\vr018.rpm --> pilot.msu.edu /msu/course/vu/egr124/preview/lectures/wdes vr018.rpm
98.09.28 19:35 B D:\egr124\syncweb\wdes\vr019.ram --> pilot.msu.edu /msu/course/vu/egr124/preview/lectures/wdes vr019.ram
98.09.28 19:35 B D:\egr124\syncweb\wdes\vr019.rpm --> pilot.msu.edu /msu/course/vu/egr124/preview/lectures/wdes vr019.rpm
98.09.28 19:35 B D:\egr124\syncweb\wdes\vr020.ram --> pilot.msu.edu /msu/course/vu/egr124/preview/lectures/wdes vr020.ram
98.09.28 19:35 B D:\egr124\syncweb\wdes\vr020.rpm --> pilot.msu.edu /msu/course/vu/egr124/preview/lectures/wdes vr020.rpm
98.09.28 19:35 B D:\egr124\syncweb\wdes\vr021.ram --> pilot.msu.edu /msu/course/vu/egr124/preview/lectures/wdes vr021.ram
98.09.28 19:35 B D:\egr124\syncweb\wdes\vr021.rpm --> pilot.msu.edu /msu/course/vu/egr124/preview/lectures/wdes vr021.rpm
98.09.28 19:35 B D:\egr124\syncweb\wdes\vr022.ram --> pilot.msu.edu /msu/course/vu/egr124/preview/lectures/wdes vr022.ram
98.09.28 19:35 B D:\egr124\syncweb\wdes\vr022.rpm --> pilot.msu.edu /msu/course/vu/egr124/preview/lectures/wdes vr022.rpm
98.09.28 19:35 B D:\egr124\syncweb\wdes\vr023.ram --> pilot.msu.edu /msu/course/vu/egr124/preview/lectures/wdes vr023.ram
98.09.28 19:35 B D:\egr124\syncweb\wdes\vr023.rpm --> pilot.msu.edu /msu/course/vu/egr124/preview/lectures/wdes vr023.rpm
98.09.28 19:35 B D:\egr124\syncweb\wdes\vr024.ram --> pilot.msu.edu /msu/course/vu/egr124/preview/lectures/wdes vr024.ram
98.09.28 19:35 B D:\egr124\syncweb\wdes\vr024.rpm --> pilot.msu.edu /msu/course/vu/egr124/preview/lectures/wdes vr024.rpm
98.09.28 19:35 B D:\egr124\syncweb\wdes\vr025.ram --> pilot.msu.edu /msu/course/vu/egr124/preview/lectures/wdes vr025.ram
98.09.28 19:35 B D:\egr124\syncweb\wdes\vr025.rpm --> pilot.msu.edu /msu/course/vu/egr124/preview/lectures/wdes vr025.rpm
98.09.28 19:35 B D:\egr124\syncweb\wdes\vr026.ram --> pilot.msu.edu /msu/course/vu/egr124/preview/lectures/wdes vr026.ram
98.09.28 19:35 B D:\egr124\syncweb\wdes\vr026.rpm --> pilot.msu.edu /msu/course/vu/egr124/preview/lectures/wdes vr026.rpm
98.09.28 19:35 B D:\egr124\syncweb\wdes\vr027.ram --> pilot.msu.edu /msu/course/vu/egr124/preview/lectures/wdes vr027.ram
98.09.28 19:35 B D:\egr124\syncweb\wdes\vr027.rpm --> pilot.msu.edu /msu/course/vu/egr124/preview/lectures/wdes vr027.rpm
98.09.28 19:35 B D:\egr124\syncweb\wdes\vr028.ram --> pilot.msu.edu /msu/course/vu/egr124/preview/lectures/wdes vr028.ram
98.09.28 19:35 B D:\egr124\syncweb\wdes\vr028.rpm --> pilot.msu.edu /msu/course/vu/egr124/preview/lectures/wdes vr028.rpm
98.09.28 19:35 B D:\egr124\syncweb\wdes\vr029.ram --> pilot.msu.edu /msu/course/vu/egr124/preview/lectures/wdes vr029.ram
98.09.28 19:35 B D:\egr124\syncweb\wdes\vr029.rpm --> pilot.msu.edu /msu/course/vu/egr124/preview/lectures/wdes vr029.rpm
98.09.28 19:35 B D:\egr124\syncweb\wdes\vr030.ram --> pilot.msu.edu /msu/course/vu/egr124/preview/lectures/wdes vr030.ram
98.09.28 19:35 B D:\egr124\syncweb\wdes\vr030.rpm --> pilot.msu.edu /msu/course/vu/egr124/preview/lectures/wdes vr030.rpm
98.09.28 19:35 B D:\egr124\syncweb\wdes\vr031.ram --> pilot.msu.edu /msu/course/vu/egr124/preview/lectures/wdes vr031.ram
98.09.28 19:35 B D:\egr124\syncweb\wdes\vr031.rpm --> pilot.msu.edu /msu/course/vu/egr124/preview/lectures/wdes vr031.rpm
98.09.28 19:35 B D:\egr124\syncweb\wdes\vr032.ram --> pilot.msu.edu /msu/course/vu/egr124/preview/lectures/wdes vr032.ram
98.09.28 19:35 B D:\egr124\syncweb\wdes\vr032.rpm --> pilot.msu.edu /msu/course/vu/egr124/preview/lectures/wdes vr032.rpm
98.09.28 19:35 B D:\egr124\syncweb\wdes\vr033.ram --> pilot.msu.edu /msu/course/vu/egr124/preview/lectures/wdes vr033.ram
98.09.28 19:35 B D:\egr124\syncweb\wdes\vr033.rpm --> pilot.msu.edu /msu/course/vu/egr124/preview/lectures/wdes vr033.rpm
98.09.28 19:35 B D:\egr124\syncweb\wdes\vr034.ram --> pilot.msu.edu /msu/course/vu/egr124/preview/lectures/wdes vr034.ram
98.09.28 19:35 B D:\egr124\syncweb\wdes\vr034.rpm --> pilot.msu.edu /msu/course/vu/egr124/preview/lectures/wdes vr034.rpm
98.09.28 19:35 B D:\egr124\syncweb\wdes\vr035.ram --> pilot.msu.edu /msu/course/vu/egr124/preview/lectures/wdes vr035.ram
98.09.28 19:35 B D:\egr124\syncweb\wdes\vr035.rpm --> pilot.msu.edu /msu/course/vu/egr124/preview/lectures/wdes vr035.rpm
98.09.28 19:35 B D:\egr124\syncweb\wdes\vr036.ram --> pilot.msu.edu /msu/course/vu/egr124/preview/lectures/wdes vr036.ram
98.09.28 19:35 B D:\egr124\syncweb\wdes\vr036.rpm --> pilot.msu.edu /msu/course/vu/egr124/preview/lectures/wdes vr036.rpm
98.09.28 19:35 B D:\egr124\syncweb\wdes\vr037.ram --> pilot.msu.edu /msu/course/vu/egr124/preview/lectures/wdes vr037.ram
98.09.28 19:35 B D:\egr124\syncweb\wdes\vr037.rpm --> pilot.msu.edu /msu/course/vu/egr124/preview/lectures/wdes vr037.rpm
98.09.28 19:35 B D:\egr124\syncweb\wdes\vr038.ram --> pilot.msu.edu /msu/course/vu/egr124/preview/lectures/wdes vr038.ram
98.09.28 19:35 B D:\egr124\syncweb\wdes\vr038.rpm --> pilot.msu.edu /msu/course/vu/egr124/preview/lectures/wdes vr038.rpm
98.09.28 19:35 B D:\egr124\syncweb\wdes\vr039.ram --> pilot.msu.edu /msu/course/vu/egr124/preview/lectures/wdes vr039.ram
98.09.28 19:35 B D:\egr124\syncweb\wdes\vr039.rpm --> pilot.msu.edu /msu/course/vu/egr124/preview/lectures/wdes vr039.rpm
98.09.28 19:35 B D:\egr124\syncweb\wdes\vr040.ram --> pilot.msu.edu /msu/course/vu/egr124/preview/lectures/wdes vr040.ram
98.09.28 19:35 B D:\egr124\syncweb\wdes\vr040.rpm --> pilot.msu.edu /msu/course/vu/egr124/preview/lectures/wdes vr040.rpm
98.09.28 19:35 B D:\egr124\syncweb\wdes\vr041.ram --> pilot.msu.edu /msu/course/vu/egr124/preview/lectures/wdes vr041.ram
98.09.28 19:35 B D:\egr124\syncweb\wdes\vr041.rpm --> pilot.msu.edu /msu/course/vu/egr124/preview/lectures/wdes vr041.rpm
98.09.28 19:35 B D:\egr124\syncweb\wdes\vr042.ram --> pilot.msu.edu /msu/course/vu/egr124/preview/lectures/wdes vr042.ram
98.09.28 19:35 B D:\egr124\syncweb\wdes\vr042.rpm --> pilot.msu.edu /msu/course/vu/egr124/preview/lectures/wdes vr042.rpm
98.09.28 19:35 B D:\egr124\syncweb\wdes\vr043.ram --> pilot.msu.edu /msu/course/vu/egr124/preview/lectures/wdes vr043.ram
98.09.28 19:35 B D:\egr124\syncweb\wdes\vr043.rpm --> pilot.msu.edu /msu/course/vu/egr124/preview/lectures/wdes vr043.rpm
98.09.28 19:35 B D:\egr124\syncweb\wdes\vr044.ram --> pilot.msu.edu /msu/course/vu/egr124/preview/lectures/wdes vr044.ram
98.09.28 19:35 B D:\egr124\syncweb\wdes\vr044.rpm --> pilot.msu.edu /msu/course/vu/egr124/preview/lectures/wdes vr044.rpm
98.09.28 19:35 B D:\egr124\syncweb\wdes\vr045.ram --> pilot.msu.edu /msu/course/vu/egr124/preview/lectures/wdes vr045.ram
98.09.28 19:35 B D:\egr124\syncweb\wdes\vr045.rpm --> pilot.msu.edu /msu/course/vu/egr124/preview/lectures/wdes vr045.rpm
98.09.28 19:35 B D:\egr124\syncweb\wdes\vr046.ram --> pilot.msu.edu /msu/course/vu/egr124/preview/lectures/wdes vr046.ram
98.09.28 19:35 B D:\egr124\syncweb\wdes\vr046.rpm --> pilot.msu.edu /msu/course/vu/egr124/preview/lectures/wdes vr046.rpm
98.09.28 19:35 B D:\egr124\syncweb\wdes\vr047.ram --> pilot.msu.edu /msu/course/vu/egr124/preview/lectures/wdes vr047.ram
98.09.28 19:35 B D:\egr124\syncweb\wdes\vr047.rpm --> pilot.msu.edu /msu/course/vu/egr124/preview/lectures/wdes vr047.rpm
98.09.28 19:35 B D:\egr124\syncweb\wdes\vr048.ram --> pilot.msu.edu /msu/course/vu/egr124/preview/lectures/wdes vr048.ram
98.09.28 19:35 B D:\egr124\syncweb\wdes\vr048.rpm --> pilot.msu.edu /msu/course/vu/egr124/preview/lectures/wdes vr048.rpm
98.09.28 19:35 B D:\egr124\syncweb\wdes\vr049.ram --> pilot.msu.edu /msu/course/vu/egr124/preview/lectures/wdes vr049.ram
98.09.28 19:35 B D:\egr124\syncweb\wdes\vr049.rpm --> pilot.msu.edu /msu/course/vu/egr124/preview/lectures/wdes vr049.rpm
98.09.28 19:35 B D:\egr124\syncweb\wdes\vr050.ram --> pilot.msu.edu /msu/course/vu/egr124/preview/lectures/wdes vr050.ram
98.09.28 19:35 B D:\egr124\syncweb\wdes\vr050.rpm --> pilot.msu.edu /msu/course/vu/egr124/preview/lectures/wdes vr050.rpm
98.09.28 19:35 B D:\egr124\syncweb\wdes\vr051.ram --> pilot.msu.edu /msu/course/vu/egr124/preview/lectures/wdes vr051.ram
98.09.28 19:35 B D:\egr124\syncweb\wdes\vr051.rpm --> pilot.msu.edu /msu/course/vu/egr124/preview/lectures/wdes vr051.rpm
98.09.28 19:35 B D:\egr124\syncweb\wdes\vr052.ram --> pilot.msu.edu /msu/course/vu/egr124/preview/lectures/wdes vr052.ram
98.09.28 19:35 B D:\egr124\syncweb\wdes\vr052.rpm --> pilot.msu.edu /msu/course/vu/egr124/preview/lectures/wdes vr052.rpm
98.09.28 19:35 B D:\egr124\syncweb\wdes\vr053.ram --> pilot.msu.edu /msu/course/vu/egr124/preview/lectures/wdes vr053.ram
98.09.28 19:35 B D:\egr124\syncweb\wdes\vr053.rpm --> pilot.msu.edu /msu/course/vu/egr124/preview/lectures/wdes vr053.rpm
98.09.28 19:35 B D:\egr124\syncweb\wdes\vr054.ram --> pilot.msu.edu /msu/course/vu/egr124/preview/lectures/wdes vr054.ram
98.09.28 19:35 B D:\egr124\syncweb\wdes\vr054.rpm --> pilot.msu.edu /msu/course/vu/egr124/preview/lectures/wdes vr054.rpm
98.09.28 19:35 B D:\egr124\syncweb\wdes\vr055.ram --> pilot.msu.edu /msu/course/vu/egr124/preview/lectures/wdes vr055.ram
98.09.28 19:35 B D:\egr124\syncweb\wdes\vr055.rpm --> pilot.msu.edu /msu/course/vu/egr124/preview/lectures/wdes vr055.rpm
98.09.28 19:35 B D:\egr124\syncweb\wdes\vr056.ram --> pilot.msu.edu /msu/course/vu/egr124/preview/lectures/wdes vr056.ram
98.09.28 19:35 B D:\egr124\syncweb\wdes\vr056.rpm --> pilot.msu.edu /msu/course/vu/egr124/preview/lectures/wdes vr056.rpm
98.09.28 19:35 B D:\egr124\syncweb\wdes\vr057.ram --> pilot.msu.edu /msu/course/vu/egr124/preview/lectures/wdes vr057.ram
98.09.28 19:35 B D:\egr124\syncweb\wdes\vr057.rpm --> pilot.msu.edu /msu/course/vu/egr124/preview/lectures/wdes vr057.rpm
98.09.28 19:35 B D:\egr124\syncweb\wdes\vr058.ram --> pilot.msu.edu /msu/course/vu/egr124/preview/lectures/wdes vr058.ram
98.09.28 19:35 B D:\egr124\syncweb\wdes\vr058.rpm --> pilot.msu.edu /msu/course/vu/egr124/preview/lectures/wdes vr058.rpm
98.09.28 19:35 B D:\egr124\syncweb\wdes\vr059.ram --> pilot.msu.edu /msu/course/vu/egr124/preview/lectures/wdes vr059.ram
98.09.28 19:35 B D:\egr124\syncweb\wdes\vr059.rpm --> pilot.msu.edu /msu/course/vu/egr124/preview/lectures/wdes vr059.rpm
98.09.28 19:35 B D:\egr124\syncweb\wdes\vr060.ram --> pilot.msu.edu /msu/course/vu/egr124/preview/lectures/wdes vr060.ram
98.09.28 19:35 B D:\egr124\syncweb\wdes\vr060.rpm --> pilot.msu.edu /msu/course/vu/egr124/preview/lectures/wdes vr060.rpm
98.09.28 19:35 B D:\egr124\syncweb\wdes\vstr1.ram --> pilot.msu.edu /msu/course/vu/egr124/preview/lectures/wdes vstr1.ram
98.09.28 19:35 B D:\egr124\syncweb\wdes\vstr2.ram --> pilot.msu.edu /msu/course/vu/egr124/preview/lectures/wdes vstr2.ram
98.09.28 19:35 B D:\egr124\syncweb\wdes\vstr3.ram --> pilot.msu.edu /msu/course/vu/egr124/preview/lectures/wdes vstr3.ram
98.09.28 19:35 B D:\egr124\syncweb\wdes\vthumb.htm --> pilot.msu.edu /msu/course/vu/egr124/preview/lectures/wdes vthumb.htm
98.09.28 19:35 B D:\egr124\syncweb\wdes\wdes1.ra --> pilot.msu.edu /msu/course/vu/egr124/preview/lectures/wdes wdes1.ra
98.09.28 19:35 B D:\egr124\syncweb\wdes\wdes1.rat --> pilot.msu.edu /msu/course/vu/egr124/preview/lectures/wdes wdes1.rat
98.09.28 19:35 B D:\egr124\syncweb\wdes\wdes1.rm --> pilot.msu.edu /msu/course/vu/egr124/preview/lectures/wdes wdes1.rm
98.09.28 19:36 B D:\egr124\syncweb\wdes\wdes2.ra --> pilot.msu.edu /msu/course/vu/egr124/preview/lectures/wdes wdes2.ra
98.09.28 19:36 B D:\egr124\syncweb\wdes\wdes2.rat --> pilot.msu.edu /msu/course/vu/egr124/preview/lectures/wdes wdes2.rat
98.09.28 19:36 B D:\egr124\syncweb\wdes\wdes2.rm --> pilot.msu.edu /msu/course/vu/egr124/preview/lectures/wdes wdes2.rm
98.09.28 19:37 B D:\egr124\syncweb\wdes\wdes3.ra --> pilot.msu.edu /msu/course/vu/egr124/preview/lectures/wdes wdes3.ra
98.09.28 19:37 B D:\egr124\syncweb\wdes\wdes3.rat --> pilot.msu.edu /msu/course/vu/egr124/preview/lectures/wdes wdes3.rat
98.09.28 19:37 B D:\egr124\syncweb\wdes\wdes3.rm --> pilot.msu.edu /msu/course/vu/egr124/preview/lectures/wdes wdes3.rm
98.09.28 19:37 B D:\egr124\syncweb\wdes\WS_FTP.LOG --> pilot.msu.edu /msu/course/vu/egr124/preview/lectures/wdes WS_FTP.LOG
98.09.28 19:37 B D:\egr124\syncweb\wdes\xrecur1 --> pilot.msu.edu /msu/course/vu/egr124/preview/lectures/wdes xrecur1
