98.01.13 17:08 B C:\syncomat\style\matson\copy\navcal.gif <-- www.vu.msu.edu /afs/msu/course/vu/cps291/preview/lectures/gaunt navcal.gif
98.01.14 01:41 B C:\syncomat\style\matson\copy\top.htm <-- www.vu.msu.edu /home/egr124/stage top.htm
98.02.01 14:24 B C:\syncomat\style\matson\copy\makeind.mnu <-- www.vu.msu.edu /afs/msu/course/vu/egr124/preview/lectures/film makeind.mnu
98.02.01 14:24 B C:\syncomat\style\matson\copy\makeind.sed <-- www.vu.msu.edu /afs/msu/course/vu/egr124/preview/lectures/film makeind.sed
98.02.01 14:30 B C:\syncomat\style\matson\copy\makeind.mnu <-- www.vu.msu.edu /afs/msu/course/vu/egr124/preview/lectures/film makeind.mnu
98.02.01 14:30 B C:\syncomat\style\matson\copy\makeind.sed <-- www.vu.msu.edu /afs/msu/course/vu/egr124/preview/lectures/film makeind.sed
98.02.01 15:01 B C:\syncomat\style\matson\copy\makeind.mnu <-- www.vu.msu.edu /afs/msu/course/vu/egr124/preview/lectures/bas makeind.mnu
98.02.01 15:01 B C:\syncomat\style\matson\copy\makeind.sed <-- www.vu.msu.edu /afs/msu/course/vu/egr124/preview/lectures/bas makeind.sed
98.03.13 09:32 B D:\cdrom\lectures\what\aaindex.crs --> cps.msu.edu /user/cd/cps291/lectures/what aaindex.crs
98.03.13 09:32 B D:\cdrom\lectures\what\aaindex.htm --> cps.msu.edu /user/cd/cps291/lectures/what aaindex.htm
98.03.13 09:32 B D:\cdrom\lectures\what\af001.htm --> cps.msu.edu /user/cd/cps291/lectures/what af001.htm
98.03.13 09:32 B D:\cdrom\lectures\what\af002.htm --> cps.msu.edu /user/cd/cps291/lectures/what af002.htm
98.03.13 09:32 B D:\cdrom\lectures\what\af003.htm --> cps.msu.edu /user/cd/cps291/lectures/what af003.htm
98.03.13 09:32 B D:\cdrom\lectures\what\af004.htm --> cps.msu.edu /user/cd/cps291/lectures/what af004.htm
98.03.13 09:32 B D:\cdrom\lectures\what\af005.htm --> cps.msu.edu /user/cd/cps291/lectures/what af005.htm
98.03.13 09:32 B D:\cdrom\lectures\what\af006.htm --> cps.msu.edu /user/cd/cps291/lectures/what af006.htm
98.03.13 09:32 B D:\cdrom\lectures\what\af007.htm --> cps.msu.edu /user/cd/cps291/lectures/what af007.htm
98.03.13 09:32 B D:\cdrom\lectures\what\af008.htm --> cps.msu.edu /user/cd/cps291/lectures/what af008.htm
98.03.13 09:32 B D:\cdrom\lectures\what\af009.htm --> cps.msu.edu /user/cd/cps291/lectures/what af009.htm
98.03.13 09:32 B D:\cdrom\lectures\what\af010.htm --> cps.msu.edu /user/cd/cps291/lectures/what af010.htm
98.03.13 09:32 B D:\cdrom\lectures\what\af011.htm --> cps.msu.edu /user/cd/cps291/lectures/what af011.htm
98.03.13 09:32 B D:\cdrom\lectures\what\af012.htm --> cps.msu.edu /user/cd/cps291/lectures/what af012.htm
98.03.13 09:32 B D:\cdrom\lectures\what\af013.htm --> cps.msu.edu /user/cd/cps291/lectures/what af013.htm
98.03.13 09:32 B D:\cdrom\lectures\what\af014.htm --> cps.msu.edu /user/cd/cps291/lectures/what af014.htm
98.03.13 09:32 B D:\cdrom\lectures\what\af015.htm --> cps.msu.edu /user/cd/cps291/lectures/what af015.htm
98.03.13 09:32 B D:\cdrom\lectures\what\af016.htm --> cps.msu.edu /user/cd/cps291/lectures/what af016.htm
98.03.13 09:32 B D:\cdrom\lectures\what\af017.htm --> cps.msu.edu /user/cd/cps291/lectures/what af017.htm
98.03.13 09:32 B D:\cdrom\lectures\what\af018.htm --> cps.msu.edu /user/cd/cps291/lectures/what af018.htm
98.03.13 09:32 B D:\cdrom\lectures\what\af019.htm --> cps.msu.edu /user/cd/cps291/lectures/what af019.htm
98.03.13 09:32 B D:\cdrom\lectures\what\af020.htm --> cps.msu.edu /user/cd/cps291/lectures/what af020.htm
98.03.13 09:32 B D:\cdrom\lectures\what\af021.htm --> cps.msu.edu /user/cd/cps291/lectures/what af021.htm
98.03.13 09:32 B D:\cdrom\lectures\what\af022.htm --> cps.msu.edu /user/cd/cps291/lectures/what af022.htm
98.03.13 09:32 B D:\cdrom\lectures\what\af023.htm --> cps.msu.edu /user/cd/cps291/lectures/what af023.htm
98.03.13 09:32 B D:\cdrom\lectures\what\af024.htm --> cps.msu.edu /user/cd/cps291/lectures/what af024.htm
98.03.13 09:32 B D:\cdrom\lectures\what\af025.htm --> cps.msu.edu /user/cd/cps291/lectures/what af025.htm
98.03.13 09:32 B D:\cdrom\lectures\what\af026.htm --> cps.msu.edu /user/cd/cps291/lectures/what af026.htm
98.03.13 09:32 B D:\cdrom\lectures\what\af027.htm --> cps.msu.edu /user/cd/cps291/lectures/what af027.htm
98.03.13 09:32 B D:\cdrom\lectures\what\af028.htm --> cps.msu.edu /user/cd/cps291/lectures/what af028.htm
98.03.13 09:32 B D:\cdrom\lectures\what\af029.htm --> cps.msu.edu /user/cd/cps291/lectures/what af029.htm
98.03.13 09:32 B D:\cdrom\lectures\what\af030.htm --> cps.msu.edu /user/cd/cps291/lectures/what af030.htm
98.03.13 09:33 B D:\cdrom\lectures\what\af031.htm --> cps.msu.edu /user/cd/cps291/lectures/what af031.htm
98.03.13 09:33 B D:\cdrom\lectures\what\af032.htm --> cps.msu.edu /user/cd/cps291/lectures/what af032.htm
98.03.13 09:33 B D:\cdrom\lectures\what\af033.htm --> cps.msu.edu /user/cd/cps291/lectures/what af033.htm
98.03.13 09:33 B D:\cdrom\lectures\what\af034.htm --> cps.msu.edu /user/cd/cps291/lectures/what af034.htm
98.03.13 09:33 B D:\cdrom\lectures\what\af035.htm --> cps.msu.edu /user/cd/cps291/lectures/what af035.htm
98.03.13 09:33 B D:\cdrom\lectures\what\an001.htm --> cps.msu.edu /user/cd/cps291/lectures/what an001.htm
98.03.13 09:33 B D:\cdrom\lectures\what\an002.htm --> cps.msu.edu /user/cd/cps291/lectures/what an002.htm
98.03.13 09:33 B D:\cdrom\lectures\what\an003.htm --> cps.msu.edu /user/cd/cps291/lectures/what an003.htm
98.03.13 09:33 B D:\cdrom\lectures\what\an004.htm --> cps.msu.edu /user/cd/cps291/lectures/what an004.htm
98.03.13 09:33 B D:\cdrom\lectures\what\an005.htm --> cps.msu.edu /user/cd/cps291/lectures/what an005.htm
98.03.13 09:33 B D:\cdrom\lectures\what\an006.htm --> cps.msu.edu /user/cd/cps291/lectures/what an006.htm
98.03.13 09:33 B D:\cdrom\lectures\what\an007.htm --> cps.msu.edu /user/cd/cps291/lectures/what an007.htm
98.03.13 09:33 B D:\cdrom\lectures\what\an008.htm --> cps.msu.edu /user/cd/cps291/lectures/what an008.htm
98.03.13 09:33 B D:\cdrom\lectures\what\an009.htm --> cps.msu.edu /user/cd/cps291/lectures/what an009.htm
98.03.13 09:33 B D:\cdrom\lectures\what\an010.htm --> cps.msu.edu /user/cd/cps291/lectures/what an010.htm
98.03.13 09:33 B D:\cdrom\lectures\what\an011.htm --> cps.msu.edu /user/cd/cps291/lectures/what an011.htm
98.03.13 09:33 B D:\cdrom\lectures\what\an012.htm --> cps.msu.edu /user/cd/cps291/lectures/what an012.htm
98.03.13 09:33 B D:\cdrom\lectures\what\an013.htm --> cps.msu.edu /user/cd/cps291/lectures/what an013.htm
98.03.13 09:33 B D:\cdrom\lectures\what\an014.htm --> cps.msu.edu /user/cd/cps291/lectures/what an014.htm
98.03.13 09:33 B D:\cdrom\lectures\what\an015.htm --> cps.msu.edu /user/cd/cps291/lectures/what an015.htm
98.03.13 09:33 B D:\cdrom\lectures\what\an016.htm --> cps.msu.edu /user/cd/cps291/lectures/what an016.htm
98.03.13 09:33 B D:\cdrom\lectures\what\an017.htm --> cps.msu.edu /user/cd/cps291/lectures/what an017.htm
98.03.13 09:33 B D:\cdrom\lectures\what\an018.htm --> cps.msu.edu /user/cd/cps291/lectures/what an018.htm
98.03.13 09:33 B D:\cdrom\lectures\what\an019.htm --> cps.msu.edu /user/cd/cps291/lectures/what an019.htm
98.03.13 09:33 B D:\cdrom\lectures\what\an020.htm --> cps.msu.edu /user/cd/cps291/lectures/what an020.htm
98.03.13 09:33 B D:\cdrom\lectures\what\an021.htm --> cps.msu.edu /user/cd/cps291/lectures/what an021.htm
98.03.13 09:33 B D:\cdrom\lectures\what\an022.htm --> cps.msu.edu /user/cd/cps291/lectures/what an022.htm
98.03.13 09:33 B D:\cdrom\lectures\what\an023.htm --> cps.msu.edu /user/cd/cps291/lectures/what an023.htm
98.03.13 09:33 B D:\cdrom\lectures\what\an024.htm --> cps.msu.edu /user/cd/cps291/lectures/what an024.htm
98.03.13 09:33 B D:\cdrom\lectures\what\an025.htm --> cps.msu.edu /user/cd/cps291/lectures/what an025.htm
98.03.13 09:33 B D:\cdrom\lectures\what\an026.htm --> cps.msu.edu /user/cd/cps291/lectures/what an026.htm
98.03.13 09:33 B D:\cdrom\lectures\what\an027.htm --> cps.msu.edu /user/cd/cps291/lectures/what an027.htm
98.03.13 09:33 B D:\cdrom\lectures\what\an028.htm --> cps.msu.edu /user/cd/cps291/lectures/what an028.htm
98.03.13 09:33 B D:\cdrom\lectures\what\an029.htm --> cps.msu.edu /user/cd/cps291/lectures/what an029.htm
98.03.13 09:33 B D:\cdrom\lectures\what\an030.htm --> cps.msu.edu /user/cd/cps291/lectures/what an030.htm
98.03.13 09:33 B D:\cdrom\lectures\what\an031.htm --> cps.msu.edu /user/cd/cps291/lectures/what an031.htm
98.03.13 09:33 B D:\cdrom\lectures\what\an032.htm --> cps.msu.edu /user/cd/cps291/lectures/what an032.htm
98.03.13 09:33 B D:\cdrom\lectures\what\an033.htm --> cps.msu.edu /user/cd/cps291/lectures/what an033.htm
98.03.13 09:33 B D:\cdrom\lectures\what\an034.htm --> cps.msu.edu /user/cd/cps291/lectures/what an034.htm
98.03.13 09:33 B D:\cdrom\lectures\what\an035.htm --> cps.msu.edu /user/cd/cps291/lectures/what an035.htm
98.03.13 09:33 B D:\cdrom\lectures\what\ar001.rpm --> cps.msu.edu /user/cd/cps291/lectures/what ar001.rpm
98.03.13 09:33 B D:\cdrom\lectures\what\ar002.rpm --> cps.msu.edu /user/cd/cps291/lectures/what ar002.rpm
98.03.13 09:33 B D:\cdrom\lectures\what\ar003.rpm --> cps.msu.edu /user/cd/cps291/lectures/what ar003.rpm
98.03.13 09:33 B D:\cdrom\lectures\what\ar004.rpm --> cps.msu.edu /user/cd/cps291/lectures/what ar004.rpm
98.03.13 09:33 B D:\cdrom\lectures\what\ar005.rpm --> cps.msu.edu /user/cd/cps291/lectures/what ar005.rpm
98.03.13 09:33 B D:\cdrom\lectures\what\ar006.rpm --> cps.msu.edu /user/cd/cps291/lectures/what ar006.rpm
98.03.13 09:33 B D:\cdrom\lectures\what\ar007.rpm --> cps.msu.edu /user/cd/cps291/lectures/what ar007.rpm
98.03.13 09:33 B D:\cdrom\lectures\what\ar008.rpm --> cps.msu.edu /user/cd/cps291/lectures/what ar008.rpm
98.03.13 09:33 B D:\cdrom\lectures\what\ar009.rpm --> cps.msu.edu /user/cd/cps291/lectures/what ar009.rpm
98.03.13 09:33 B D:\cdrom\lectures\what\ar010.rpm --> cps.msu.edu /user/cd/cps291/lectures/what ar010.rpm
98.03.13 09:33 B D:\cdrom\lectures\what\ar011.rpm --> cps.msu.edu /user/cd/cps291/lectures/what ar011.rpm
98.03.13 09:33 B D:\cdrom\lectures\what\ar012.rpm --> cps.msu.edu /user/cd/cps291/lectures/what ar012.rpm
98.03.13 09:33 B D:\cdrom\lectures\what\ar013.rpm --> cps.msu.edu /user/cd/cps291/lectures/what ar013.rpm
98.03.13 09:33 B D:\cdrom\lectures\what\ar014.rpm --> cps.msu.edu /user/cd/cps291/lectures/what ar014.rpm
98.03.13 09:33 B D:\cdrom\lectures\what\ar015.rpm --> cps.msu.edu /user/cd/cps291/lectures/what ar015.rpm
98.03.13 09:33 B D:\cdrom\lectures\what\ar016.rpm --> cps.msu.edu /user/cd/cps291/lectures/what ar016.rpm
98.03.13 09:33 B D:\cdrom\lectures\what\ar017.rpm --> cps.msu.edu /user/cd/cps291/lectures/what ar017.rpm
98.03.13 09:33 B D:\cdrom\lectures\what\ar018.rpm --> cps.msu.edu /user/cd/cps291/lectures/what ar018.rpm
98.03.13 09:33 B D:\cdrom\lectures\what\ar019.rpm --> cps.msu.edu /user/cd/cps291/lectures/what ar019.rpm
98.03.13 09:33 B D:\cdrom\lectures\what\ar020.rpm --> cps.msu.edu /user/cd/cps291/lectures/what ar020.rpm
98.03.13 09:33 B D:\cdrom\lectures\what\ar021.rpm --> cps.msu.edu /user/cd/cps291/lectures/what ar021.rpm
98.03.13 09:33 B D:\cdrom\lectures\what\ar022.rpm --> cps.msu.edu /user/cd/cps291/lectures/what ar022.rpm
98.03.13 09:33 B D:\cdrom\lectures\what\ar023.rpm --> cps.msu.edu /user/cd/cps291/lectures/what ar023.rpm
98.03.13 09:33 B D:\cdrom\lectures\what\ar024.rpm --> cps.msu.edu /user/cd/cps291/lectures/what ar024.rpm
98.03.13 09:33 B D:\cdrom\lectures\what\ar025.rpm --> cps.msu.edu /user/cd/cps291/lectures/what ar025.rpm
98.03.13 09:33 B D:\cdrom\lectures\what\ar026.rpm --> cps.msu.edu /user/cd/cps291/lectures/what ar026.rpm
98.03.13 09:33 B D:\cdrom\lectures\what\ar027.rpm --> cps.msu.edu /user/cd/cps291/lectures/what ar027.rpm
98.03.13 09:33 B D:\cdrom\lectures\what\ar028.rpm --> cps.msu.edu /user/cd/cps291/lectures/what ar028.rpm
98.03.13 09:33 B D:\cdrom\lectures\what\ar029.rpm --> cps.msu.edu /user/cd/cps291/lectures/what ar029.rpm
98.03.13 09:33 B D:\cdrom\lectures\what\ar030.rpm --> cps.msu.edu /user/cd/cps291/lectures/what ar030.rpm
98.03.13 09:33 B D:\cdrom\lectures\what\ar031.rpm --> cps.msu.edu /user/cd/cps291/lectures/what ar031.rpm
98.03.13 09:33 B D:\cdrom\lectures\what\ar032.rpm --> cps.msu.edu /user/cd/cps291/lectures/what ar032.rpm
98.03.13 09:33 B D:\cdrom\lectures\what\ar033.rpm --> cps.msu.edu /user/cd/cps291/lectures/what ar033.rpm
98.03.13 09:33 B D:\cdrom\lectures\what\ar034.rpm --> cps.msu.edu /user/cd/cps291/lectures/what ar034.rpm
98.03.13 09:33 B D:\cdrom\lectures\what\ar035.rpm --> cps.msu.edu /user/cd/cps291/lectures/what ar035.rpm
98.03.13 09:33 B D:\cdrom\lectures\what\cache.htm --> cps.msu.edu /user/cd/cps291/lectures/what cache.htm
98.03.13 09:33 B D:\cdrom\lectures\what\empty.rpm --> cps.msu.edu /user/cd/cps291/lectures/what empty.rpm
98.03.13 09:33 B D:\cdrom\lectures\what\getreal.jpg --> cps.msu.edu /user/cd/cps291/lectures/what getreal.jpg
98.03.13 09:33 B D:\cdrom\lectures\what\img001.gif --> cps.msu.edu /user/cd/cps291/lectures/what img001.gif
98.03.13 09:33 B D:\cdrom\lectures\what\img002.gif --> cps.msu.edu /user/cd/cps291/lectures/what img002.gif
98.03.13 09:33 B D:\cdrom\lectures\what\img003.gif --> cps.msu.edu /user/cd/cps291/lectures/what img003.gif
98.03.13 09:33 B D:\cdrom\lectures\what\img004.gif --> cps.msu.edu /user/cd/cps291/lectures/what img004.gif
98.03.13 09:33 B D:\cdrom\lectures\what\img005.gif --> cps.msu.edu /user/cd/cps291/lectures/what img005.gif
98.03.13 09:33 B D:\cdrom\lectures\what\img006.gif --> cps.msu.edu /user/cd/cps291/lectures/what img006.gif
98.03.13 09:33 B D:\cdrom\lectures\what\img007.gif --> cps.msu.edu /user/cd/cps291/lectures/what img007.gif
98.03.13 09:33 B D:\cdrom\lectures\what\img008.gif --> cps.msu.edu /user/cd/cps291/lectures/what img008.gif
98.03.13 09:33 B D:\cdrom\lectures\what\img009.gif --> cps.msu.edu /user/cd/cps291/lectures/what img009.gif
98.03.13 09:33 B D:\cdrom\lectures\what\img010.gif --> cps.msu.edu /user/cd/cps291/lectures/what img010.gif
98.03.13 09:33 B D:\cdrom\lectures\what\img011.gif --> cps.msu.edu /user/cd/cps291/lectures/what img011.gif
98.03.13 09:33 B D:\cdrom\lectures\what\img012.gif --> cps.msu.edu /user/cd/cps291/lectures/what img012.gif
98.03.13 09:33 B D:\cdrom\lectures\what\img013.gif --> cps.msu.edu /user/cd/cps291/lectures/what img013.gif
98.03.13 09:33 B D:\cdrom\lectures\what\img014.gif --> cps.msu.edu /user/cd/cps291/lectures/what img014.gif
98.03.13 09:33 B D:\cdrom\lectures\what\img015.gif --> cps.msu.edu /user/cd/cps291/lectures/what img015.gif
98.03.13 09:33 B D:\cdrom\lectures\what\img016.gif --> cps.msu.edu /user/cd/cps291/lectures/what img016.gif
98.03.13 09:33 B D:\cdrom\lectures\what\img017.gif --> cps.msu.edu /user/cd/cps291/lectures/what img017.gif
98.03.13 09:33 B D:\cdrom\lectures\what\img018.gif --> cps.msu.edu /user/cd/cps291/lectures/what img018.gif
98.03.13 09:33 B D:\cdrom\lectures\what\img019.gif --> cps.msu.edu /user/cd/cps291/lectures/what img019.gif
98.03.13 09:33 B D:\cdrom\lectures\what\img020.gif --> cps.msu.edu /user/cd/cps291/lectures/what img020.gif
98.03.13 09:33 B D:\cdrom\lectures\what\img021.gif --> cps.msu.edu /user/cd/cps291/lectures/what img021.gif
98.03.13 09:33 B D:\cdrom\lectures\what\img022.gif --> cps.msu.edu /user/cd/cps291/lectures/what img022.gif
98.03.13 09:33 B D:\cdrom\lectures\what\img023.gif --> cps.msu.edu /user/cd/cps291/lectures/what img023.gif
98.03.13 09:33 B D:\cdrom\lectures\what\img024.gif --> cps.msu.edu /user/cd/cps291/lectures/what img024.gif
98.03.13 09:33 B D:\cdrom\lectures\what\img025.gif --> cps.msu.edu /user/cd/cps291/lectures/what img025.gif
98.03.13 09:33 B D:\cdrom\lectures\what\img026.gif --> cps.msu.edu /user/cd/cps291/lectures/what img026.gif
98.03.13 09:33 B D:\cdrom\lectures\what\img027.gif --> cps.msu.edu /user/cd/cps291/lectures/what img027.gif
98.03.13 09:33 B D:\cdrom\lectures\what\img028.gif --> cps.msu.edu /user/cd/cps291/lectures/what img028.gif
98.03.13 09:33 B D:\cdrom\lectures\what\img029.gif --> cps.msu.edu /user/cd/cps291/lectures/what img029.gif
98.03.13 09:33 B D:\cdrom\lectures\what\img030.gif --> cps.msu.edu /user/cd/cps291/lectures/what img030.gif
98.03.13 09:33 B D:\cdrom\lectures\what\img031.gif --> cps.msu.edu /user/cd/cps291/lectures/what img031.gif
98.03.13 09:33 B D:\cdrom\lectures\what\img032.gif --> cps.msu.edu /user/cd/cps291/lectures/what img032.gif
98.03.13 09:33 B D:\cdrom\lectures\what\img033.gif --> cps.msu.edu /user/cd/cps291/lectures/what img033.gif
98.03.13 09:33 B D:\cdrom\lectures\what\img034.gif --> cps.msu.edu /user/cd/cps291/lectures/what img034.gif
98.03.13 09:33 B D:\cdrom\lectures\what\img035.gif --> cps.msu.edu /user/cd/cps291/lectures/what img035.gif
98.03.13 09:33 B D:\cdrom\lectures\what\img1.jpg --> cps.msu.edu /user/cd/cps291/lectures/what img1.jpg
98.03.13 09:33 B D:\cdrom\lectures\what\img10.jpg --> cps.msu.edu /user/cd/cps291/lectures/what img10.jpg
98.03.13 09:33 B D:\cdrom\lectures\what\img11.jpg --> cps.msu.edu /user/cd/cps291/lectures/what img11.jpg
98.03.13 09:33 B D:\cdrom\lectures\what\img12.jpg --> cps.msu.edu /user/cd/cps291/lectures/what img12.jpg
98.03.13 09:33 B D:\cdrom\lectures\what\img13.jpg --> cps.msu.edu /user/cd/cps291/lectures/what img13.jpg
98.03.13 09:33 B D:\cdrom\lectures\what\img14.jpg --> cps.msu.edu /user/cd/cps291/lectures/what img14.jpg
98.03.13 09:33 B D:\cdrom\lectures\what\img15.jpg --> cps.msu.edu /user/cd/cps291/lectures/what img15.jpg
98.03.13 09:33 B D:\cdrom\lectures\what\img16.jpg --> cps.msu.edu /user/cd/cps291/lectures/what img16.jpg
98.03.13 09:33 B D:\cdrom\lectures\what\img17.jpg --> cps.msu.edu /user/cd/cps291/lectures/what img17.jpg
98.03.13 09:33 B D:\cdrom\lectures\what\img18.jpg --> cps.msu.edu /user/cd/cps291/lectures/what img18.jpg
98.03.13 09:33 B D:\cdrom\lectures\what\img19.jpg --> cps.msu.edu /user/cd/cps291/lectures/what img19.jpg
98.03.13 09:33 B D:\cdrom\lectures\what\img2.jpg --> cps.msu.edu /user/cd/cps291/lectures/what img2.jpg
98.03.13 09:33 B D:\cdrom\lectures\what\img20.jpg --> cps.msu.edu /user/cd/cps291/lectures/what img20.jpg
98.03.13 09:33 B D:\cdrom\lectures\what\img21.jpg --> cps.msu.edu /user/cd/cps291/lectures/what img21.jpg
98.03.13 09:33 B D:\cdrom\lectures\what\img22.jpg --> cps.msu.edu /user/cd/cps291/lectures/what img22.jpg
98.03.13 09:33 B D:\cdrom\lectures\what\img23.jpg --> cps.msu.edu /user/cd/cps291/lectures/what img23.jpg
98.03.13 09:33 B D:\cdrom\lectures\what\img24.jpg --> cps.msu.edu /user/cd/cps291/lectures/what img24.jpg
98.03.13 09:33 B D:\cdrom\lectures\what\img25.jpg --> cps.msu.edu /user/cd/cps291/lectures/what img25.jpg
98.03.13 09:33 B D:\cdrom\lectures\what\img26.jpg --> cps.msu.edu /user/cd/cps291/lectures/what img26.jpg
98.03.13 09:33 B D:\cdrom\lectures\what\img27.jpg --> cps.msu.edu /user/cd/cps291/lectures/what img27.jpg
98.03.13 09:33 B D:\cdrom\lectures\what\img28.jpg --> cps.msu.edu /user/cd/cps291/lectures/what img28.jpg
98.03.13 09:33 B D:\cdrom\lectures\what\img29.jpg --> cps.msu.edu /user/cd/cps291/lectures/what img29.jpg
98.03.13 09:33 B D:\cdrom\lectures\what\img3.jpg --> cps.msu.edu /user/cd/cps291/lectures/what img3.jpg
98.03.13 09:33 B D:\cdrom\lectures\what\img30.jpg --> cps.msu.edu /user/cd/cps291/lectures/what img30.jpg
98.03.13 09:33 B D:\cdrom\lectures\what\img31.jpg --> cps.msu.edu /user/cd/cps291/lectures/what img31.jpg
98.03.13 09:33 B D:\cdrom\lectures\what\img32.jpg --> cps.msu.edu /user/cd/cps291/lectures/what img32.jpg
98.03.13 09:33 B D:\cdrom\lectures\what\img33.jpg --> cps.msu.edu /user/cd/cps291/lectures/what img33.jpg
98.03.13 09:33 B D:\cdrom\lectures\what\img34.jpg --> cps.msu.edu /user/cd/cps291/lectures/what img34.jpg
98.03.13 09:33 B D:\cdrom\lectures\what\img35.jpg --> cps.msu.edu /user/cd/cps291/lectures/what img35.jpg
98.03.13 09:33 B D:\cdrom\lectures\what\img4.jpg --> cps.msu.edu /user/cd/cps291/lectures/what img4.jpg
98.03.13 09:33 B D:\cdrom\lectures\what\img5.jpg --> cps.msu.edu /user/cd/cps291/lectures/what img5.jpg
98.03.13 09:33 B D:\cdrom\lectures\what\img6.jpg --> cps.msu.edu /user/cd/cps291/lectures/what img6.jpg
98.03.13 09:33 B D:\cdrom\lectures\what\img7.jpg --> cps.msu.edu /user/cd/cps291/lectures/what img7.jpg
98.03.13 09:33 B D:\cdrom\lectures\what\img8.jpg --> cps.msu.edu /user/cd/cps291/lectures/what img8.jpg
98.03.13 09:33 B D:\cdrom\lectures\what\img9.jpg --> cps.msu.edu /user/cd/cps291/lectures/what img9.jpg
98.03.13 09:33 B D:\cdrom\lectures\what\index.crs --> cps.msu.edu /user/cd/cps291/lectures/what index.crs
98.03.13 09:33 B D:\cdrom\lectures\what\index.htm --> cps.msu.edu /user/cd/cps291/lectures/what index.htm
98.03.13 09:33 B D:\cdrom\lectures\what\inst160.gif --> cps.msu.edu /user/cd/cps291/lectures/what inst160.gif
98.03.13 09:33 B D:\cdrom\lectures\what\jlist.htm --> cps.msu.edu /user/cd/cps291/lectures/what jlist.htm
98.03.13 09:33 B D:\cdrom\lectures\what\list.htm --> cps.msu.edu /user/cd/cps291/lectures/what list.htm
98.03.13 09:33 B D:\cdrom\lectures\what\log.log --> cps.msu.edu /user/cd/cps291/lectures/what log.log
98.03.13 09:33 B D:\cdrom\lectures\what\makeind.mnu --> cps.msu.edu /user/cd/cps291/lectures/what makeind.mnu
98.03.13 09:33 B D:\cdrom\lectures\what\makeind.sed --> cps.msu.edu /user/cd/cps291/lectures/what makeind.sed
98.03.13 09:33 B D:\cdrom\lectures\what\navcal.gif --> cps.msu.edu /user/cd/cps291/lectures/what navcal.gif
98.03.13 09:33 B D:\cdrom\lectures\what\process.bat --> cps.msu.edu /user/cd/cps291/lectures/what process.bat
98.03.13 09:33 B D:\cdrom\lectures\what\sld001.htm --> cps.msu.edu /user/cd/cps291/lectures/what sld001.htm
98.03.13 09:33 B D:\cdrom\lectures\what\sld002.htm --> cps.msu.edu /user/cd/cps291/lectures/what sld002.htm
98.03.13 09:33 B D:\cdrom\lectures\what\sld003.htm --> cps.msu.edu /user/cd/cps291/lectures/what sld003.htm
98.03.13 09:33 B D:\cdrom\lectures\what\sld004.htm --> cps.msu.edu /user/cd/cps291/lectures/what sld004.htm
98.03.13 09:33 B D:\cdrom\lectures\what\sld005.htm --> cps.msu.edu /user/cd/cps291/lectures/what sld005.htm
98.03.13 09:33 B D:\cdrom\lectures\what\sld006.htm --> cps.msu.edu /user/cd/cps291/lectures/what sld006.htm
98.03.13 09:33 B D:\cdrom\lectures\what\sld007.htm --> cps.msu.edu /user/cd/cps291/lectures/what sld007.htm
98.03.13 09:33 B D:\cdrom\lectures\what\sld008.htm --> cps.msu.edu /user/cd/cps291/lectures/what sld008.htm
98.03.13 09:33 B D:\cdrom\lectures\what\sld009.htm --> cps.msu.edu /user/cd/cps291/lectures/what sld009.htm
98.03.13 09:33 B D:\cdrom\lectures\what\sld010.htm --> cps.msu.edu /user/cd/cps291/lectures/what sld010.htm
98.03.13 09:33 B D:\cdrom\lectures\what\sld011.htm --> cps.msu.edu /user/cd/cps291/lectures/what sld011.htm
98.03.13 09:33 B D:\cdrom\lectures\what\sld012.htm --> cps.msu.edu /user/cd/cps291/lectures/what sld012.htm
98.03.13 09:33 B D:\cdrom\lectures\what\sld013.htm --> cps.msu.edu /user/cd/cps291/lectures/what sld013.htm
98.03.13 09:33 B D:\cdrom\lectures\what\sld014.htm --> cps.msu.edu /user/cd/cps291/lectures/what sld014.htm
98.03.13 09:33 B D:\cdrom\lectures\what\sld015.htm --> cps.msu.edu /user/cd/cps291/lectures/what sld015.htm
98.03.13 09:33 B D:\cdrom\lectures\what\sld016.htm --> cps.msu.edu /user/cd/cps291/lectures/what sld016.htm
98.03.13 09:33 B D:\cdrom\lectures\what\sld017.htm --> cps.msu.edu /user/cd/cps291/lectures/what sld017.htm
98.03.13 09:33 B D:\cdrom\lectures\what\sld018.htm --> cps.msu.edu /user/cd/cps291/lectures/what sld018.htm
98.03.13 09:33 B D:\cdrom\lectures\what\sld019.htm --> cps.msu.edu /user/cd/cps291/lectures/what sld019.htm
98.03.13 09:33 B D:\cdrom\lectures\what\sld020.htm --> cps.msu.edu /user/cd/cps291/lectures/what sld020.htm
98.03.13 09:33 B D:\cdrom\lectures\what\sld021.htm --> cps.msu.edu /user/cd/cps291/lectures/what sld021.htm
98.03.13 09:33 B D:\cdrom\lectures\what\sld022.htm --> cps.msu.edu /user/cd/cps291/lectures/what sld022.htm
98.03.13 09:33 B D:\cdrom\lectures\what\sld023.htm --> cps.msu.edu /user/cd/cps291/lectures/what sld023.htm
98.03.13 09:33 B D:\cdrom\lectures\what\sld024.htm --> cps.msu.edu /user/cd/cps291/lectures/what sld024.htm
98.03.13 09:33 B D:\cdrom\lectures\what\sld025.htm --> cps.msu.edu /user/cd/cps291/lectures/what sld025.htm
98.03.13 09:33 B D:\cdrom\lectures\what\sld026.htm --> cps.msu.edu /user/cd/cps291/lectures/what sld026.htm
98.03.13 09:33 B D:\cdrom\lectures\what\sld027.htm --> cps.msu.edu /user/cd/cps291/lectures/what sld027.htm
98.03.13 09:33 B D:\cdrom\lectures\what\sld028.htm --> cps.msu.edu /user/cd/cps291/lectures/what sld028.htm
98.03.13 09:33 B D:\cdrom\lectures\what\sld029.htm --> cps.msu.edu /user/cd/cps291/lectures/what sld029.htm
98.03.13 09:33 B D:\cdrom\lectures\what\sld030.htm --> cps.msu.edu /user/cd/cps291/lectures/what sld030.htm
98.03.13 09:33 B D:\cdrom\lectures\what\sld031.htm --> cps.msu.edu /user/cd/cps291/lectures/what sld031.htm
98.03.13 09:33 B D:\cdrom\lectures\what\sld032.htm --> cps.msu.edu /user/cd/cps291/lectures/what sld032.htm
98.03.13 09:33 B D:\cdrom\lectures\what\sld033.htm --> cps.msu.edu /user/cd/cps291/lectures/what sld033.htm
98.03.13 09:33 B D:\cdrom\lectures\what\sld034.htm --> cps.msu.edu /user/cd/cps291/lectures/what sld034.htm
98.03.13 09:33 B D:\cdrom\lectures\what\sld035.htm --> cps.msu.edu /user/cd/cps291/lectures/what sld035.htm
98.03.13 09:33 B D:\cdrom\lectures\what\tlist.htm --> cps.msu.edu /user/cd/cps291/lectures/what tlist.htm
98.03.13 09:33 B D:\cdrom\lectures\what\tmp.tmp --> cps.msu.edu /user/cd/cps291/lectures/what tmp.tmp
98.03.13 09:33 B D:\cdrom\lectures\what\top.htm --> cps.msu.edu /user/cd/cps291/lectures/what top.htm
98.03.13 09:33 B D:\cdrom\lectures\what\tsld001.htm --> cps.msu.edu /user/cd/cps291/lectures/what tsld001.htm
98.03.13 09:33 B D:\cdrom\lectures\what\tsld002.htm --> cps.msu.edu /user/cd/cps291/lectures/what tsld002.htm
98.03.13 09:33 B D:\cdrom\lectures\what\tsld003.htm --> cps.msu.edu /user/cd/cps291/lectures/what tsld003.htm
98.03.13 09:33 B D:\cdrom\lectures\what\tsld004.htm --> cps.msu.edu /user/cd/cps291/lectures/what tsld004.htm
98.03.13 09:33 B D:\cdrom\lectures\what\tsld005.htm --> cps.msu.edu /user/cd/cps291/lectures/what tsld005.htm
98.03.13 09:33 B D:\cdrom\lectures\what\tsld006.htm --> cps.msu.edu /user/cd/cps291/lectures/what tsld006.htm
98.03.13 09:33 B D:\cdrom\lectures\what\tsld007.htm --> cps.msu.edu /user/cd/cps291/lectures/what tsld007.htm
98.03.13 09:33 B D:\cdrom\lectures\what\tsld008.htm --> cps.msu.edu /user/cd/cps291/lectures/what tsld008.htm
98.03.13 09:33 B D:\cdrom\lectures\what\tsld009.htm --> cps.msu.edu /user/cd/cps291/lectures/what tsld009.htm
98.03.13 09:33 B D:\cdrom\lectures\what\tsld010.htm --> cps.msu.edu /user/cd/cps291/lectures/what tsld010.htm
98.03.13 09:33 B D:\cdrom\lectures\what\tsld011.htm --> cps.msu.edu /user/cd/cps291/lectures/what tsld011.htm
98.03.13 09:33 B D:\cdrom\lectures\what\tsld012.htm --> cps.msu.edu /user/cd/cps291/lectures/what tsld012.htm
98.03.13 09:33 B D:\cdrom\lectures\what\tsld013.htm --> cps.msu.edu /user/cd/cps291/lectures/what tsld013.htm
98.03.13 09:33 B D:\cdrom\lectures\what\tsld014.htm --> cps.msu.edu /user/cd/cps291/lectures/what tsld014.htm
98.03.13 09:33 B D:\cdrom\lectures\what\tsld015.htm --> cps.msu.edu /user/cd/cps291/lectures/what tsld015.htm
98.03.13 09:33 B D:\cdrom\lectures\what\tsld016.htm --> cps.msu.edu /user/cd/cps291/lectures/what tsld016.htm
98.03.13 09:33 B D:\cdrom\lectures\what\tsld017.htm --> cps.msu.edu /user/cd/cps291/lectures/what tsld017.htm
98.03.13 09:33 B D:\cdrom\lectures\what\tsld018.htm --> cps.msu.edu /user/cd/cps291/lectures/what tsld018.htm
98.03.13 09:33 B D:\cdrom\lectures\what\tsld019.htm --> cps.msu.edu /user/cd/cps291/lectures/what tsld019.htm
98.03.13 09:33 B D:\cdrom\lectures\what\tsld020.htm --> cps.msu.edu /user/cd/cps291/lectures/what tsld020.htm
98.03.13 09:33 B D:\cdrom\lectures\what\tsld021.htm --> cps.msu.edu /user/cd/cps291/lectures/what tsld021.htm
98.03.13 09:33 B D:\cdrom\lectures\what\tsld022.htm --> cps.msu.edu /user/cd/cps291/lectures/what tsld022.htm
98.03.13 09:33 B D:\cdrom\lectures\what\tsld023.htm --> cps.msu.edu /user/cd/cps291/lectures/what tsld023.htm
98.03.13 09:33 B D:\cdrom\lectures\what\tsld024.htm --> cps.msu.edu /user/cd/cps291/lectures/what tsld024.htm
98.03.13 09:33 B D:\cdrom\lectures\what\tsld025.htm --> cps.msu.edu /user/cd/cps291/lectures/what tsld025.htm
98.03.13 09:33 B D:\cdrom\lectures\what\tsld026.htm --> cps.msu.edu /user/cd/cps291/lectures/what tsld026.htm
98.03.13 09:33 B D:\cdrom\lectures\what\tsld027.htm --> cps.msu.edu /user/cd/cps291/lectures/what tsld027.htm
98.03.13 09:33 B D:\cdrom\lectures\what\tsld028.htm --> cps.msu.edu /user/cd/cps291/lectures/what tsld028.htm
98.03.13 09:33 B D:\cdrom\lectures\what\tsld029.htm --> cps.msu.edu /user/cd/cps291/lectures/what tsld029.htm
98.03.13 09:33 B D:\cdrom\lectures\what\tsld030.htm --> cps.msu.edu /user/cd/cps291/lectures/what tsld030.htm
98.03.13 09:33 B D:\cdrom\lectures\what\tsld031.htm --> cps.msu.edu /user/cd/cps291/lectures/what tsld031.htm
98.03.13 09:33 B D:\cdrom\lectures\what\tsld032.htm --> cps.msu.edu /user/cd/cps291/lectures/what tsld032.htm
98.03.13 09:34 B D:\cdrom\lectures\what\tsld033.htm --> cps.msu.edu /user/cd/cps291/lectures/what tsld033.htm
98.03.13 09:34 B D:\cdrom\lectures\what\tsld034.htm --> cps.msu.edu /user/cd/cps291/lectures/what tsld034.htm
98.03.13 09:34 B D:\cdrom\lectures\what\tsld035.htm --> cps.msu.edu /user/cd/cps291/lectures/what tsld035.htm
98.03.13 09:34 B D:\cdrom\lectures\what\vf001.htm --> cps.msu.edu /user/cd/cps291/lectures/what vf001.htm
98.03.13 09:34 B D:\cdrom\lectures\what\vf002.htm --> cps.msu.edu /user/cd/cps291/lectures/what vf002.htm
98.03.13 09:34 B D:\cdrom\lectures\what\vf003.htm --> cps.msu.edu /user/cd/cps291/lectures/what vf003.htm
98.03.13 09:34 B D:\cdrom\lectures\what\vf004.htm --> cps.msu.edu /user/cd/cps291/lectures/what vf004.htm
98.03.13 09:34 B D:\cdrom\lectures\what\vf005.htm --> cps.msu.edu /user/cd/cps291/lectures/what vf005.htm
98.03.13 09:34 B D:\cdrom\lectures\what\vf006.htm --> cps.msu.edu /user/cd/cps291/lectures/what vf006.htm
98.03.13 09:34 B D:\cdrom\lectures\what\vf007.htm --> cps.msu.edu /user/cd/cps291/lectures/what vf007.htm
98.03.13 09:34 B D:\cdrom\lectures\what\vf008.htm --> cps.msu.edu /user/cd/cps291/lectures/what vf008.htm
98.03.13 09:34 B D:\cdrom\lectures\what\vf009.htm --> cps.msu.edu /user/cd/cps291/lectures/what vf009.htm
98.03.13 09:34 B D:\cdrom\lectures\what\vf010.htm --> cps.msu.edu /user/cd/cps291/lectures/what vf010.htm
98.03.13 09:34 B D:\cdrom\lectures\what\vf011.htm --> cps.msu.edu /user/cd/cps291/lectures/what vf011.htm
98.03.13 09:34 B D:\cdrom\lectures\what\vf012.htm --> cps.msu.edu /user/cd/cps291/lectures/what vf012.htm
98.03.13 09:34 B D:\cdrom\lectures\what\vf013.htm --> cps.msu.edu /user/cd/cps291/lectures/what vf013.htm
98.03.13 09:34 B D:\cdrom\lectures\what\vf014.htm --> cps.msu.edu /user/cd/cps291/lectures/what vf014.htm
98.03.13 09:34 B D:\cdrom\lectures\what\vf015.htm --> cps.msu.edu /user/cd/cps291/lectures/what vf015.htm
98.03.13 09:34 B D:\cdrom\lectures\what\vf016.htm --> cps.msu.edu /user/cd/cps291/lectures/what vf016.htm
98.03.13 09:34 B D:\cdrom\lectures\what\vf017.htm --> cps.msu.edu /user/cd/cps291/lectures/what vf017.htm
98.03.13 09:34 B D:\cdrom\lectures\what\vf018.htm --> cps.msu.edu /user/cd/cps291/lectures/what vf018.htm
98.03.13 09:34 B D:\cdrom\lectures\what\vf019.htm --> cps.msu.edu /user/cd/cps291/lectures/what vf019.htm
98.03.13 09:34 B D:\cdrom\lectures\what\vf020.htm --> cps.msu.edu /user/cd/cps291/lectures/what vf020.htm
98.03.13 09:34 B D:\cdrom\lectures\what\vf021.htm --> cps.msu.edu /user/cd/cps291/lectures/what vf021.htm
98.03.13 09:34 B D:\cdrom\lectures\what\vf022.htm --> cps.msu.edu /user/cd/cps291/lectures/what vf022.htm
98.03.13 09:34 B D:\cdrom\lectures\what\vf023.htm --> cps.msu.edu /user/cd/cps291/lectures/what vf023.htm
98.03.13 09:34 B D:\cdrom\lectures\what\vf024.htm --> cps.msu.edu /user/cd/cps291/lectures/what vf024.htm
98.03.13 09:34 B D:\cdrom\lectures\what\vf025.htm --> cps.msu.edu /user/cd/cps291/lectures/what vf025.htm
98.03.13 09:34 B D:\cdrom\lectures\what\vf026.htm --> cps.msu.edu /user/cd/cps291/lectures/what vf026.htm
98.03.13 09:34 B D:\cdrom\lectures\what\vf027.htm --> cps.msu.edu /user/cd/cps291/lectures/what vf027.htm
98.03.13 09:34 B D:\cdrom\lectures\what\vf028.htm --> cps.msu.edu /user/cd/cps291/lectures/what vf028.htm
98.03.13 09:34 B D:\cdrom\lectures\what\vf029.htm --> cps.msu.edu /user/cd/cps291/lectures/what vf029.htm
98.03.13 09:34 B D:\cdrom\lectures\what\vf030.htm --> cps.msu.edu /user/cd/cps291/lectures/what vf030.htm
98.03.13 09:34 B D:\cdrom\lectures\what\vf031.htm --> cps.msu.edu /user/cd/cps291/lectures/what vf031.htm
98.03.13 09:34 B D:\cdrom\lectures\what\vf032.htm --> cps.msu.edu /user/cd/cps291/lectures/what vf032.htm
98.03.13 09:34 B D:\cdrom\lectures\what\vf033.htm --> cps.msu.edu /user/cd/cps291/lectures/what vf033.htm
98.03.13 09:34 B D:\cdrom\lectures\what\vf034.htm --> cps.msu.edu /user/cd/cps291/lectures/what vf034.htm
98.03.13 09:34 B D:\cdrom\lectures\what\vf035.htm --> cps.msu.edu /user/cd/cps291/lectures/what vf035.htm
98.03.13 09:34 B D:\cdrom\lectures\what\vn001.htm --> cps.msu.edu /user/cd/cps291/lectures/what vn001.htm
98.03.13 09:34 B D:\cdrom\lectures\what\vn002.htm --> cps.msu.edu /user/cd/cps291/lectures/what vn002.htm
98.03.13 09:34 B D:\cdrom\lectures\what\vn003.htm --> cps.msu.edu /user/cd/cps291/lectures/what vn003.htm
98.03.13 09:34 B D:\cdrom\lectures\what\vn004.htm --> cps.msu.edu /user/cd/cps291/lectures/what vn004.htm
98.03.13 09:34 B D:\cdrom\lectures\what\vn005.htm --> cps.msu.edu /user/cd/cps291/lectures/what vn005.htm
98.03.13 09:34 B D:\cdrom\lectures\what\vn006.htm --> cps.msu.edu /user/cd/cps291/lectures/what vn006.htm
98.03.13 09:34 B D:\cdrom\lectures\what\vn007.htm --> cps.msu.edu /user/cd/cps291/lectures/what vn007.htm
98.03.13 09:34 B D:\cdrom\lectures\what\vn008.htm --> cps.msu.edu /user/cd/cps291/lectures/what vn008.htm
98.03.13 09:34 B D:\cdrom\lectures\what\vn009.htm --> cps.msu.edu /user/cd/cps291/lectures/what vn009.htm
98.03.13 09:34 B D:\cdrom\lectures\what\vn010.htm --> cps.msu.edu /user/cd/cps291/lectures/what vn010.htm
98.03.13 09:34 B D:\cdrom\lectures\what\vn011.htm --> cps.msu.edu /user/cd/cps291/lectures/what vn011.htm
98.03.13 09:34 B D:\cdrom\lectures\what\vn012.htm --> cps.msu.edu /user/cd/cps291/lectures/what vn012.htm
98.03.13 09:34 B D:\cdrom\lectures\what\vn013.htm --> cps.msu.edu /user/cd/cps291/lectures/what vn013.htm
98.03.13 09:34 B D:\cdrom\lectures\what\vn014.htm --> cps.msu.edu /user/cd/cps291/lectures/what vn014.htm
98.03.13 09:34 B D:\cdrom\lectures\what\vn015.htm --> cps.msu.edu /user/cd/cps291/lectures/what vn015.htm
98.03.13 09:34 B D:\cdrom\lectures\what\vn016.htm --> cps.msu.edu /user/cd/cps291/lectures/what vn016.htm
98.03.13 09:34 B D:\cdrom\lectures\what\vn017.htm --> cps.msu.edu /user/cd/cps291/lectures/what vn017.htm
98.03.13 09:34 B D:\cdrom\lectures\what\vn018.htm --> cps.msu.edu /user/cd/cps291/lectures/what vn018.htm
98.03.13 09:34 B D:\cdrom\lectures\what\vn019.htm --> cps.msu.edu /user/cd/cps291/lectures/what vn019.htm
98.03.13 09:34 B D:\cdrom\lectures\what\vn020.htm --> cps.msu.edu /user/cd/cps291/lectures/what vn020.htm
98.03.13 09:34 B D:\cdrom\lectures\what\vn021.htm --> cps.msu.edu /user/cd/cps291/lectures/what vn021.htm
98.03.13 09:34 B D:\cdrom\lectures\what\vn022.htm --> cps.msu.edu /user/cd/cps291/lectures/what vn022.htm
98.03.13 09:34 B D:\cdrom\lectures\what\vn023.htm --> cps.msu.edu /user/cd/cps291/lectures/what vn023.htm
98.03.13 09:34 B D:\cdrom\lectures\what\vn024.htm --> cps.msu.edu /user/cd/cps291/lectures/what vn024.htm
98.03.13 09:34 B D:\cdrom\lectures\what\vn025.htm --> cps.msu.edu /user/cd/cps291/lectures/what vn025.htm
98.03.13 09:34 B D:\cdrom\lectures\what\vn026.htm --> cps.msu.edu /user/cd/cps291/lectures/what vn026.htm
98.03.13 09:34 B D:\cdrom\lectures\what\vn027.htm --> cps.msu.edu /user/cd/cps291/lectures/what vn027.htm
98.03.13 09:34 B D:\cdrom\lectures\what\vn028.htm --> cps.msu.edu /user/cd/cps291/lectures/what vn028.htm
98.03.13 09:34 B D:\cdrom\lectures\what\vn029.htm --> cps.msu.edu /user/cd/cps291/lectures/what vn029.htm
98.03.13 09:34 B D:\cdrom\lectures\what\vn030.htm --> cps.msu.edu /user/cd/cps291/lectures/what vn030.htm
98.03.13 09:34 B D:\cdrom\lectures\what\vn031.htm --> cps.msu.edu /user/cd/cps291/lectures/what vn031.htm
98.03.13 09:34 B D:\cdrom\lectures\what\vn032.htm --> cps.msu.edu /user/cd/cps291/lectures/what vn032.htm
98.03.13 09:34 B D:\cdrom\lectures\what\vn033.htm --> cps.msu.edu /user/cd/cps291/lectures/what vn033.htm
98.03.13 09:34 B D:\cdrom\lectures\what\vn034.htm --> cps.msu.edu /user/cd/cps291/lectures/what vn034.htm
98.03.13 09:34 B D:\cdrom\lectures\what\vn035.htm --> cps.msu.edu /user/cd/cps291/lectures/what vn035.htm
98.03.13 09:34 B D:\cdrom\lectures\what\vr001.rpm --> cps.msu.edu /user/cd/cps291/lectures/what vr001.rpm
98.03.13 09:34 B D:\cdrom\lectures\what\vr002.rpm --> cps.msu.edu /user/cd/cps291/lectures/what vr002.rpm
98.03.13 09:34 B D:\cdrom\lectures\what\vr003.rpm --> cps.msu.edu /user/cd/cps291/lectures/what vr003.rpm
98.03.13 09:34 B D:\cdrom\lectures\what\vr004.rpm --> cps.msu.edu /user/cd/cps291/lectures/what vr004.rpm
98.03.13 09:34 B D:\cdrom\lectures\what\vr005.rpm --> cps.msu.edu /user/cd/cps291/lectures/what vr005.rpm
98.03.13 09:34 B D:\cdrom\lectures\what\vr006.rpm --> cps.msu.edu /user/cd/cps291/lectures/what vr006.rpm
98.03.13 09:34 B D:\cdrom\lectures\what\vr007.rpm --> cps.msu.edu /user/cd/cps291/lectures/what vr007.rpm
98.03.13 09:34 B D:\cdrom\lectures\what\vr008.rpm --> cps.msu.edu /user/cd/cps291/lectures/what vr008.rpm
98.03.13 09:34 B D:\cdrom\lectures\what\vr009.rpm --> cps.msu.edu /user/cd/cps291/lectures/what vr009.rpm
98.03.13 09:34 B D:\cdrom\lectures\what\vr010.rpm --> cps.msu.edu /user/cd/cps291/lectures/what vr010.rpm
98.03.13 09:34 B D:\cdrom\lectures\what\vr011.rpm --> cps.msu.edu /user/cd/cps291/lectures/what vr011.rpm
98.03.13 09:34 B D:\cdrom\lectures\what\vr012.rpm --> cps.msu.edu /user/cd/cps291/lectures/what vr012.rpm
98.03.13 09:34 B D:\cdrom\lectures\what\vr013.rpm --> cps.msu.edu /user/cd/cps291/lectures/what vr013.rpm
98.03.13 09:34 B D:\cdrom\lectures\what\vr014.rpm --> cps.msu.edu /user/cd/cps291/lectures/what vr014.rpm
98.03.13 09:34 B D:\cdrom\lectures\what\vr015.rpm --> cps.msu.edu /user/cd/cps291/lectures/what vr015.rpm
98.03.13 09:34 B D:\cdrom\lectures\what\vr016.rpm --> cps.msu.edu /user/cd/cps291/lectures/what vr016.rpm
98.03.13 09:34 B D:\cdrom\lectures\what\vr017.rpm --> cps.msu.edu /user/cd/cps291/lectures/what vr017.rpm
98.03.13 09:34 B D:\cdrom\lectures\what\vr018.rpm --> cps.msu.edu /user/cd/cps291/lectures/what vr018.rpm
98.03.13 09:34 B D:\cdrom\lectures\what\vr019.rpm --> cps.msu.edu /user/cd/cps291/lectures/what vr019.rpm
98.03.13 09:34 B D:\cdrom\lectures\what\vr020.rpm --> cps.msu.edu /user/cd/cps291/lectures/what vr020.rpm
98.03.13 09:34 B D:\cdrom\lectures\what\vr021.rpm --> cps.msu.edu /user/cd/cps291/lectures/what vr021.rpm
98.03.13 09:34 B D:\cdrom\lectures\what\vr022.rpm --> cps.msu.edu /user/cd/cps291/lectures/what vr022.rpm
98.03.13 09:34 B D:\cdrom\lectures\what\vr023.rpm --> cps.msu.edu /user/cd/cps291/lectures/what vr023.rpm
98.03.13 09:34 B D:\cdrom\lectures\what\vr024.rpm --> cps.msu.edu /user/cd/cps291/lectures/what vr024.rpm
98.03.13 09:34 B D:\cdrom\lectures\what\vr025.rpm --> cps.msu.edu /user/cd/cps291/lectures/what vr025.rpm
98.03.13 09:34 B D:\cdrom\lectures\what\vr026.rpm --> cps.msu.edu /user/cd/cps291/lectures/what vr026.rpm
98.03.13 09:34 B D:\cdrom\lectures\what\vr027.rpm --> cps.msu.edu /user/cd/cps291/lectures/what vr027.rpm
98.03.13 09:34 B D:\cdrom\lectures\what\vr028.rpm --> cps.msu.edu /user/cd/cps291/lectures/what vr028.rpm
98.03.13 09:34 B D:\cdrom\lectures\what\vr029.rpm --> cps.msu.edu /user/cd/cps291/lectures/what vr029.rpm
98.03.13 09:34 B D:\cdrom\lectures\what\vr030.rpm --> cps.msu.edu /user/cd/cps291/lectures/what vr030.rpm
98.03.13 09:34 B D:\cdrom\lectures\what\vr031.rpm --> cps.msu.edu /user/cd/cps291/lectures/what vr031.rpm
98.03.13 09:34 B D:\cdrom\lectures\what\vr032.rpm --> cps.msu.edu /user/cd/cps291/lectures/what vr032.rpm
98.03.13 09:34 B D:\cdrom\lectures\what\vr033.rpm --> cps.msu.edu /user/cd/cps291/lectures/what vr033.rpm
98.03.13 09:34 B D:\cdrom\lectures\what\vr034.rpm --> cps.msu.edu /user/cd/cps291/lectures/what vr034.rpm
98.03.13 09:34 B D:\cdrom\lectures\what\vr035.rpm --> cps.msu.edu /user/cd/cps291/lectures/what vr035.rpm
98.03.13 09:34 B D:\cdrom\lectures\what\what1.ra --> cps.msu.edu /user/cd/cps291/lectures/what what1.ra
98.03.13 09:34 B D:\cdrom\lectures\what\what1.rat --> cps.msu.edu /user/cd/cps291/lectures/what what1.rat
98.03.13 09:34 B D:\cdrom\lectures\what\what1.rm --> cps.msu.edu /user/cd/cps291/lectures/what what1.rm
98.03.13 09:34 B D:\cdrom\lectures\what\what1a.ram --> cps.msu.edu /user/cd/cps291/lectures/what what1a.ram
98.03.13 09:34 B D:\cdrom\lectures\what\what1a.rpm --> cps.msu.edu /user/cd/cps291/lectures/what what1a.rpm
98.03.13 09:34 B D:\cdrom\lectures\what\what1af.htm --> cps.msu.edu /user/cd/cps291/lectures/what what1af.htm
98.03.13 09:34 B D:\cdrom\lectures\what\what1an.htm --> cps.msu.edu /user/cd/cps291/lectures/what what1an.htm
98.03.13 09:34 B D:\cdrom\lectures\what\what1ap.ram --> cps.msu.edu /user/cd/cps291/lectures/what what1ap.ram
98.03.13 09:34 B D:\cdrom\lectures\what\what1v.ram --> cps.msu.edu /user/cd/cps291/lectures/what what1v.ram
98.03.13 09:34 B D:\cdrom\lectures\what\what1v.rpm --> cps.msu.edu /user/cd/cps291/lectures/what what1v.rpm
98.03.13 09:34 B D:\cdrom\lectures\what\what1vf.htm --> cps.msu.edu /user/cd/cps291/lectures/what what1vf.htm
98.03.13 09:34 B D:\cdrom\lectures\what\what1vn.htm --> cps.msu.edu /user/cd/cps291/lectures/what what1vn.htm
98.03.13 09:34 B D:\cdrom\lectures\what\what1vp.ram --> cps.msu.edu /user/cd/cps291/lectures/what what1vp.ram
98.03.13 09:34 B D:\cdrom\lectures\what\what2.ra --> cps.msu.edu /user/cd/cps291/lectures/what what2.ra
98.03.13 09:34 B D:\cdrom\lectures\what\what2.rat --> cps.msu.edu /user/cd/cps291/lectures/what what2.rat
98.03.13 09:35 B D:\cdrom\lectures\what\what2.rm --> cps.msu.edu /user/cd/cps291/lectures/what what2.rm
98.03.13 09:35 B D:\cdrom\lectures\what\what2a.ram --> cps.msu.edu /user/cd/cps291/lectures/what what2a.ram
98.03.13 09:35 B D:\cdrom\lectures\what\what2a.rpm --> cps.msu.edu /user/cd/cps291/lectures/what what2a.rpm
98.03.13 09:35 B D:\cdrom\lectures\what\what2af.htm --> cps.msu.edu /user/cd/cps291/lectures/what what2af.htm
98.03.13 09:35 B D:\cdrom\lectures\what\what2an.htm --> cps.msu.edu /user/cd/cps291/lectures/what what2an.htm
98.03.13 09:35 B D:\cdrom\lectures\what\what2ap.ram --> cps.msu.edu /user/cd/cps291/lectures/what what2ap.ram
98.03.13 09:35 B D:\cdrom\lectures\what\what2v.ram --> cps.msu.edu /user/cd/cps291/lectures/what what2v.ram
98.03.13 09:35 B D:\cdrom\lectures\what\what2v.rpm --> cps.msu.edu /user/cd/cps291/lectures/what what2v.rpm
98.03.13 09:35 B D:\cdrom\lectures\what\what2vf.htm --> cps.msu.edu /user/cd/cps291/lectures/what what2vf.htm
98.03.13 09:35 B D:\cdrom\lectures\what\what2vn.htm --> cps.msu.edu /user/cd/cps291/lectures/what what2vn.htm
98.03.13 09:35 B D:\cdrom\lectures\what\what2vp.ram --> cps.msu.edu /user/cd/cps291/lectures/what what2vp.ram
98.03.13 09:35 B D:\cdrom\lectures\what\what3.ra --> cps.msu.edu /user/cd/cps291/lectures/what what3.ra
98.03.13 09:35 B D:\cdrom\lectures\what\what3.rat --> cps.msu.edu /user/cd/cps291/lectures/what what3.rat
98.03.13 09:36 B D:\cdrom\lectures\what\what3.rm --> cps.msu.edu /user/cd/cps291/lectures/what what3.rm
98.03.13 09:36 B D:\cdrom\lectures\what\what3a.ram --> cps.msu.edu /user/cd/cps291/lectures/what what3a.ram
98.03.13 09:36 B D:\cdrom\lectures\what\what3a.rpm --> cps.msu.edu /user/cd/cps291/lectures/what what3a.rpm
98.03.13 09:36 B D:\cdrom\lectures\what\what3af.htm --> cps.msu.edu /user/cd/cps291/lectures/what what3af.htm
98.03.13 09:36 B D:\cdrom\lectures\what\what3an.htm --> cps.msu.edu /user/cd/cps291/lectures/what what3an.htm
98.03.13 09:36 B D:\cdrom\lectures\what\what3ap.ram --> cps.msu.edu /user/cd/cps291/lectures/what what3ap.ram
98.03.13 09:36 B D:\cdrom\lectures\what\what3v.ram --> cps.msu.edu /user/cd/cps291/lectures/what what3v.ram
98.03.13 09:36 B D:\cdrom\lectures\what\what3v.rpm --> cps.msu.edu /user/cd/cps291/lectures/what what3v.rpm
98.03.13 09:36 B D:\cdrom\lectures\what\what3vf.htm --> cps.msu.edu /user/cd/cps291/lectures/what what3vf.htm
98.03.13 09:36 B D:\cdrom\lectures\what\what3vn.htm --> cps.msu.edu /user/cd/cps291/lectures/what what3vn.htm
98.03.13 09:36 B D:\cdrom\lectures\what\what3vp.ram --> cps.msu.edu /user/cd/cps291/lectures/what what3vp.ram
98.03.13 09:36 B D:\cdrom\lectures\what\WS_FTP.LOG --> cps.msu.edu /user/cd/cps291/lectures/what WS_FTP.LOG
