98.02.01 19:57 B D:\cdrom\images\old\navcal.gif <-- www.vu.msu.edu /afs/msu/course/vu/egr124/cdrom/images/old navcal.gif
98.02.01 19:57 B D:\cdrom\images\old\navdisc.gif <-- www.vu.msu.edu /afs/msu/course/vu/egr124/cdrom/images/old navdisc.gif
98.02.01 19:57 B D:\cdrom\images\old\navgrad.gif <-- www.vu.msu.edu /afs/msu/course/vu/egr124/cdrom/images/old navgrad.gif
98.02.01 19:57 B D:\cdrom\images\old\navhelp.gif <-- www.vu.msu.edu /afs/msu/course/vu/egr124/cdrom/images/old navhelp.gif
98.02.01 19:57 B D:\cdrom\images\old\navover.gif <-- www.vu.msu.edu /afs/msu/course/vu/egr124/cdrom/images/old navover.gif
98.02.01 19:57 B D:\cdrom\images\old\navres.gif <-- www.vu.msu.edu /afs/msu/course/vu/egr124/cdrom/images/old navres.gif
98.02.02 01:40 B D:\cdrom\images\old\navcal.gif --> arctic.cps.msu.edu /user/cd/cps291/images/old navcal.gif
98.02.02 01:40 B D:\cdrom\images\old\navdisc.gif --> arctic.cps.msu.edu /user/cd/cps291/images/old navdisc.gif
98.02.02 01:40 B D:\cdrom\images\old\navgrad.gif --> arctic.cps.msu.edu /user/cd/cps291/images/old navgrad.gif
98.02.02 01:40 B D:\cdrom\images\old\navhelp.gif --> arctic.cps.msu.edu /user/cd/cps291/images/old navhelp.gif
98.02.02 01:40 B D:\cdrom\images\old\navover.gif --> arctic.cps.msu.edu /user/cd/cps291/images/old navover.gif
98.02.02 01:40 B D:\cdrom\images\old\navres.gif --> arctic.cps.msu.edu /user/cd/cps291/images/old navres.gif
98.02.02 01:40 B D:\cdrom\images\old\WS_FTP.LOG --> arctic.cps.msu.edu /user/cd/cps291/images/old WS_FTP.LOG
98.03.12 22:32 B D:\cdrom\images\old\navcal.gif <-- www.vu.msu.edu /afs/msu/course/vu/egr124/cdrom/images/old navcal.gif
98.03.12 22:32 B D:\cdrom\images\old\navdisc.gif <-- www.vu.msu.edu /afs/msu/course/vu/egr124/cdrom/images/old navdisc.gif
98.03.12 22:32 B D:\cdrom\images\old\navgrad.gif <-- www.vu.msu.edu /afs/msu/course/vu/egr124/cdrom/images/old navgrad.gif
98.03.12 22:32 B D:\cdrom\images\old\navhelp.gif <-- www.vu.msu.edu /afs/msu/course/vu/egr124/cdrom/images/old navhelp.gif
98.03.12 22:32 B D:\cdrom\images\old\navover.gif <-- www.vu.msu.edu /afs/msu/course/vu/egr124/cdrom/images/old navover.gif
98.03.12 22:32 B D:\cdrom\images\old\navres.gif <-- www.vu.msu.edu /afs/msu/course/vu/egr124/cdrom/images/old navres.gif
98.03.12 23:12 B D:\cdrom\images\old\navcal.gif --> cps.msu.edu /user/cd/cps291/images/old navcal.gif
98.03.12 23:12 B D:\cdrom\images\old\navdisc.gif --> cps.msu.edu /user/cd/cps291/images/old navdisc.gif
98.03.12 23:12 B D:\cdrom\images\old\navgrad.gif --> cps.msu.edu /user/cd/cps291/images/old navgrad.gif
98.03.12 23:12 B D:\cdrom\images\old\navhelp.gif --> cps.msu.edu /user/cd/cps291/images/old navhelp.gif
98.03.12 23:12 B D:\cdrom\images\old\navover.gif --> cps.msu.edu /user/cd/cps291/images/old navover.gif
98.03.12 23:12 B D:\cdrom\images\old\navres.gif --> cps.msu.edu /user/cd/cps291/images/old navres.gif
98.03.12 23:12 B D:\cdrom\images\old\WS_FTP.LOG --> cps.msu.edu /user/cd/cps291/images/old WS_FTP.LOG
98.03.13 00:01 B D:\cdrom\images\old\navcal.gif --> cps.msu.edu /user/cd/cps291/images/old navcal.gif
98.03.13 00:01 B D:\cdrom\images\old\navdisc.gif --> cps.msu.edu /user/cd/cps291/images/old navdisc.gif
98.03.13 00:01 B D:\cdrom\images\old\navgrad.gif --> cps.msu.edu /user/cd/cps291/images/old navgrad.gif
98.03.13 00:01 B D:\cdrom\images\old\navhelp.gif --> cps.msu.edu /user/cd/cps291/images/old navhelp.gif
98.03.13 00:01 B D:\cdrom\images\old\navover.gif --> cps.msu.edu /user/cd/cps291/images/old navover.gif
98.03.13 00:01 B D:\cdrom\images\old\navres.gif --> cps.msu.edu /user/cd/cps291/images/old navres.gif
98.03.13 00:01 B D:\cdrom\images\old\WS_FTP.LOG --> cps.msu.edu /user/cd/cps291/images/old WS_FTP.LOG
98.03.13 08:59 B D:\cdrom\images\old\navcal.gif --> cps.msu.edu /user/cd/cps291/images/old navcal.gif
98.03.13 08:59 B D:\cdrom\images\old\navdisc.gif --> cps.msu.edu /user/cd/cps291/images/old navdisc.gif
98.03.13 08:59 B D:\cdrom\images\old\navgrad.gif --> cps.msu.edu /user/cd/cps291/images/old navgrad.gif
98.03.13 08:59 B D:\cdrom\images\old\navhelp.gif --> cps.msu.edu /user/cd/cps291/images/old navhelp.gif
98.03.13 08:59 B D:\cdrom\images\old\navover.gif --> cps.msu.edu /user/cd/cps291/images/old navover.gif
98.03.13 08:59 B D:\cdrom\images\old\navres.gif --> cps.msu.edu /user/cd/cps291/images/old navres.gif
98.03.13 08:59 B D:\cdrom\images\old\WS_FTP.LOG --> cps.msu.edu /user/cd/cps291/images/old WS_FTP.LOG
