98.02.01 20:02 B D:\cdrom\help\forward\advfeat.gif <-- www.vu.msu.edu /afs/msu/course/vu/egr124/cdrom/help/forward advfeat.gif
98.02.01 20:02 B D:\cdrom\help\forward\chgscrn.gif <-- www.vu.msu.edu /afs/msu/course/vu/egr124/cdrom/help/forward chgscrn.gif
98.02.01 20:02 B D:\cdrom\help\forward\index.htm <-- www.vu.msu.edu /afs/msu/course/vu/egr124/cdrom/help/forward index.htm
98.02.01 20:02 B D:\cdrom\help\forward\pilmain.gif <-- www.vu.msu.edu /afs/msu/course/vu/egr124/cdrom/help/forward pilmain.gif
98.02.01 20:02 B D:\cdrom\help\forward\telpil.gif <-- www.vu.msu.edu /afs/msu/course/vu/egr124/cdrom/help/forward telpil.gif
98.02.01 20:18 B D:\cdrom\help\forward\advfeat.gif <-- www.vu.msu.edu /afs/msu/course/vu/egr124/cdrom/help/forward advfeat.gif
98.02.01 20:18 B D:\cdrom\help\forward\chgscrn.gif <-- www.vu.msu.edu /afs/msu/course/vu/egr124/cdrom/help/forward chgscrn.gif
98.02.01 20:18 B D:\cdrom\help\forward\index.htm <-- www.vu.msu.edu /afs/msu/course/vu/egr124/cdrom/help/forward index.htm
98.02.01 20:18 B D:\cdrom\help\forward\pilmain.gif <-- www.vu.msu.edu /afs/msu/course/vu/egr124/cdrom/help/forward pilmain.gif
98.02.01 20:18 B D:\cdrom\help\forward\telpil.gif <-- www.vu.msu.edu /afs/msu/course/vu/egr124/cdrom/help/forward telpil.gif
98.02.02 01:40 B D:\cdrom\help\forward\advfeat.gif --> arctic.cps.msu.edu /user/cd/cps291/help/forward advfeat.gif
98.02.02 01:40 B D:\cdrom\help\forward\chgscrn.gif --> arctic.cps.msu.edu /user/cd/cps291/help/forward chgscrn.gif
98.02.02 01:40 B D:\cdrom\help\forward\index.htm --> arctic.cps.msu.edu /user/cd/cps291/help/forward index.htm
98.02.02 01:40 B D:\cdrom\help\forward\pilmain.gif --> arctic.cps.msu.edu /user/cd/cps291/help/forward pilmain.gif
98.02.02 01:40 B D:\cdrom\help\forward\telpil.gif --> arctic.cps.msu.edu /user/cd/cps291/help/forward telpil.gif
98.02.02 01:40 B D:\cdrom\help\forward\WS_FTP.LOG --> arctic.cps.msu.edu /user/cd/cps291/help/forward WS_FTP.LOG
98.03.12 22:30 B D:\cdrom\help\forward\advfeat.gif <-- www.vu.msu.edu /afs/msu/course/vu/egr124/cdrom/help/forward advfeat.gif
98.03.12 22:30 B D:\cdrom\help\forward\chgscrn.gif <-- www.vu.msu.edu /afs/msu/course/vu/egr124/cdrom/help/forward chgscrn.gif
98.03.12 22:30 B D:\cdrom\help\forward\index.htm <-- www.vu.msu.edu /afs/msu/course/vu/egr124/cdrom/help/forward index.htm
98.03.12 22:30 B D:\cdrom\help\forward\pilmain.gif <-- www.vu.msu.edu /afs/msu/course/vu/egr124/cdrom/help/forward pilmain.gif
98.03.12 22:30 B D:\cdrom\help\forward\telpil.gif <-- www.vu.msu.edu /afs/msu/course/vu/egr124/cdrom/help/forward telpil.gif
98.03.12 23:11 B D:\cdrom\help\forward\advfeat.gif --> cps.msu.edu /user/cd/cps291/help/forward advfeat.gif
98.03.12 23:11 B D:\cdrom\help\forward\chgscrn.gif --> cps.msu.edu /user/cd/cps291/help/forward chgscrn.gif
98.03.12 23:11 B D:\cdrom\help\forward\index.htm --> cps.msu.edu /user/cd/cps291/help/forward index.htm
98.03.12 23:11 B D:\cdrom\help\forward\pilmain.gif --> cps.msu.edu /user/cd/cps291/help/forward pilmain.gif
98.03.12 23:11 B D:\cdrom\help\forward\telpil.gif --> cps.msu.edu /user/cd/cps291/help/forward telpil.gif
98.03.12 23:11 B D:\cdrom\help\forward\WS_FTP.LOG --> cps.msu.edu /user/cd/cps291/help/forward WS_FTP.LOG
98.03.13 00:01 B D:\cdrom\help\forward\advfeat.gif --> cps.msu.edu /user/cd/cps291/help/forward advfeat.gif
98.03.13 00:01 B D:\cdrom\help\forward\chgscrn.gif --> cps.msu.edu /user/cd/cps291/help/forward chgscrn.gif
98.03.13 00:01 B D:\cdrom\help\forward\index.htm --> cps.msu.edu /user/cd/cps291/help/forward index.htm
98.03.13 00:01 B D:\cdrom\help\forward\pilmain.gif --> cps.msu.edu /user/cd/cps291/help/forward pilmain.gif
98.03.13 00:01 B D:\cdrom\help\forward\telpil.gif --> cps.msu.edu /user/cd/cps291/help/forward telpil.gif
98.03.13 00:01 B D:\cdrom\help\forward\WS_FTP.LOG --> cps.msu.edu /user/cd/cps291/help/forward WS_FTP.LOG
98.03.13 08:58 B D:\cdrom\help\forward\advfeat.gif --> cps.msu.edu /user/cd/cps291/help/forward advfeat.gif
98.03.13 08:58 B D:\cdrom\help\forward\chgscrn.gif --> cps.msu.edu /user/cd/cps291/help/forward chgscrn.gif
98.03.13 08:58 B D:\cdrom\help\forward\index.htm --> cps.msu.edu /user/cd/cps291/help/forward index.htm
98.03.13 08:58 B D:\cdrom\help\forward\pilmain.gif --> cps.msu.edu /user/cd/cps291/help/forward pilmain.gif
98.03.13 08:58 B D:\cdrom\help\forward\telpil.gif --> cps.msu.edu /user/cd/cps291/help/forward telpil.gif
98.03.13 08:58 B D:\cdrom\help\forward\WS_FTP.LOG --> cps.msu.edu /user/cd/cps291/help/forward WS_FTP.LOG
