98.02.01 20:50 B D:\cdrom\lectures\welc\credits.crs <-- www.vu.msu.edu /afs/msu/course/vu/egr124/preview/lectures/welc credits.crs
98.02.01 20:50 B D:\cdrom\lectures\welc\credits.htm <-- www.vu.msu.edu /afs/msu/course/vu/egr124/preview/lectures/welc credits.htm
98.02.01 20:50 B D:\cdrom\lectures\welc\dosrpm.bat <-- www.vu.msu.edu /afs/msu/course/vu/egr124/preview/lectures/welc dosrpm.bat
98.02.01 20:50 B D:\cdrom\lectures\welc\empty.crs <-- www.vu.msu.edu /afs/msu/course/vu/egr124/preview/lectures/welc empty.crs
98.02.01 20:50 B D:\cdrom\lectures\welc\empty.htm <-- www.vu.msu.edu /afs/msu/course/vu/egr124/preview/lectures/welc empty.htm
98.02.01 20:50 B D:\cdrom\lectures\welc\empty.ram <-- www.vu.msu.edu /afs/msu/course/vu/egr124/preview/lectures/welc empty.ram
98.02.01 20:50 B D:\cdrom\lectures\welc\index.crs <-- www.vu.msu.edu /afs/msu/course/vu/egr124/preview/lectures/welc index.crs
98.02.01 20:50 B D:\cdrom\lectures\welc\index.htm <-- www.vu.msu.edu /afs/msu/course/vu/egr124/preview/lectures/welc index.htm
98.02.01 20:50 B D:\cdrom\lectures\welc\index.sav <-- www.vu.msu.edu /afs/msu/course/vu/egr124/preview/lectures/welc index.sav
98.02.01 20:50 B D:\cdrom\lectures\welc\makeind.mnu <-- www.vu.msu.edu /afs/msu/course/vu/egr124/preview/lectures/welc makeind.mnu
98.02.01 20:50 B D:\cdrom\lectures\welc\makeind.sed <-- www.vu.msu.edu /afs/msu/course/vu/egr124/preview/lectures/welc makeind.sed
98.02.01 20:50 B D:\cdrom\lectures\welc\makeram <-- www.vu.msu.edu /afs/msu/course/vu/egr124/preview/lectures/welc makeram
98.02.01 20:50 B D:\cdrom\lectures\welc\makeram.ska <-- www.vu.msu.edu /afs/msu/course/vu/egr124/preview/lectures/welc makeram.ska
98.02.01 20:50 B D:\cdrom\lectures\welc\makeram.skm <-- www.vu.msu.edu /afs/msu/course/vu/egr124/preview/lectures/welc makeram.skm
98.02.01 20:50 B D:\cdrom\lectures\welc\nothing.crs <-- www.vu.msu.edu /afs/msu/course/vu/egr124/preview/lectures/welc nothing.crs
98.02.01 20:50 B D:\cdrom\lectures\welc\nothing.htm <-- www.vu.msu.edu /afs/msu/course/vu/egr124/preview/lectures/welc nothing.htm
98.02.01 20:50 B D:\cdrom\lectures\welc\nothing.ram <-- www.vu.msu.edu /afs/msu/course/vu/egr124/preview/lectures/welc nothing.ram
98.02.01 20:50 B D:\cdrom\lectures\welc\nothing.rpm <-- www.vu.msu.edu /afs/msu/course/vu/egr124/preview/lectures/welc nothing.rpm
98.02.01 20:50 B D:\cdrom\lectures\welc\welc.ppt <-- www.vu.msu.edu /afs/msu/course/vu/egr124/preview/lectures/welc welc.ppt
98.02.01 20:50 B D:\cdrom\lectures\welc\welc1.crs <-- www.vu.msu.edu /afs/msu/course/vu/egr124/preview/lectures/welc welc1.crs
98.02.01 20:50 B D:\cdrom\lectures\welc\welc1.htm <-- www.vu.msu.edu /afs/msu/course/vu/egr124/preview/lectures/welc welc1.htm
98.02.01 20:50 B D:\cdrom\lectures\welc\welc1.ram <-- www.vu.msu.edu /afs/msu/course/vu/egr124/preview/lectures/welc welc1.ram
98.02.01 20:51 B D:\cdrom\lectures\welc\welc1.rm <-- www.vu.msu.edu /afs/msu/course/vu/egr124/preview/lectures/welc welc1.rm
98.02.01 20:51 B D:\cdrom\lectures\welc\welc1.rpm <-- www.vu.msu.edu /afs/msu/course/vu/egr124/preview/lectures/welc welc1.rpm
98.02.01 20:51 B D:\cdrom\lectures\welc\welc2.crs <-- www.vu.msu.edu /afs/msu/course/vu/egr124/preview/lectures/welc welc2.crs
98.02.01 20:51 B D:\cdrom\lectures\welc\welc2.htm <-- www.vu.msu.edu /afs/msu/course/vu/egr124/preview/lectures/welc welc2.htm
98.02.01 20:51 B D:\cdrom\lectures\welc\welc2.ram <-- www.vu.msu.edu /afs/msu/course/vu/egr124/preview/lectures/welc welc2.ram
98.02.01 20:51 B D:\cdrom\lectures\welc\welc2.rm <-- www.vu.msu.edu /afs/msu/course/vu/egr124/preview/lectures/welc welc2.rm
98.02.01 20:51 B D:\cdrom\lectures\welc\welc2.rpm <-- www.vu.msu.edu /afs/msu/course/vu/egr124/preview/lectures/welc welc2.rpm
98.02.01 20:51 B D:\cdrom\lectures\welc\welc3.crs <-- www.vu.msu.edu /afs/msu/course/vu/egr124/preview/lectures/welc welc3.crs
98.02.01 20:51 B D:\cdrom\lectures\welc\welc3.htm <-- www.vu.msu.edu /afs/msu/course/vu/egr124/preview/lectures/welc welc3.htm
98.02.01 20:51 B D:\cdrom\lectures\welc\welc3.ram <-- www.vu.msu.edu /afs/msu/course/vu/egr124/preview/lectures/welc welc3.ram
98.02.01 20:52 B D:\cdrom\lectures\welc\welc3.rm <-- www.vu.msu.edu /afs/msu/course/vu/egr124/preview/lectures/welc welc3.rm
98.02.01 20:52 B D:\cdrom\lectures\welc\welc3.rpm <-- www.vu.msu.edu /afs/msu/course/vu/egr124/preview/lectures/welc welc3.rpm
98.02.01 20:52 B D:\cdrom\lectures\welc\welc4.crs <-- www.vu.msu.edu /afs/msu/course/vu/egr124/preview/lectures/welc welc4.crs
98.02.01 20:52 B D:\cdrom\lectures\welc\welc4.htm <-- www.vu.msu.edu /afs/msu/course/vu/egr124/preview/lectures/welc welc4.htm
98.02.01 20:52 B D:\cdrom\lectures\welc\welc4.ram <-- www.vu.msu.edu /afs/msu/course/vu/egr124/preview/lectures/welc welc4.ram
98.02.01 20:53 B D:\cdrom\lectures\welc\welc4.rm <-- www.vu.msu.edu /afs/msu/course/vu/egr124/preview/lectures/welc welc4.rm
98.02.01 20:53 B D:\cdrom\lectures\welc\welc4.rpm <-- www.vu.msu.edu /afs/msu/course/vu/egr124/preview/lectures/welc welc4.rpm
98.02.01 20:53 B D:\cdrom\lectures\welc\welc5.crs <-- www.vu.msu.edu /afs/msu/course/vu/egr124/preview/lectures/welc welc5.crs
98.02.01 20:53 B D:\cdrom\lectures\welc\welc5.htm <-- www.vu.msu.edu /afs/msu/course/vu/egr124/preview/lectures/welc welc5.htm
98.02.01 20:53 B D:\cdrom\lectures\welc\welc5.ram <-- www.vu.msu.edu /afs/msu/course/vu/egr124/preview/lectures/welc welc5.ram
98.02.01 20:54 B D:\cdrom\lectures\welc\welc5.rm <-- www.vu.msu.edu /afs/msu/course/vu/egr124/preview/lectures/welc welc5.rm
98.02.01 20:54 B D:\cdrom\lectures\welc\welc5.rpm <-- www.vu.msu.edu /afs/msu/course/vu/egr124/preview/lectures/welc welc5.rpm
98.02.01 20:54 B D:\cdrom\lectures\welc\welc6.crs <-- www.vu.msu.edu /afs/msu/course/vu/egr124/preview/lectures/welc welc6.crs
98.02.01 20:54 B D:\cdrom\lectures\welc\welc6.htm <-- www.vu.msu.edu /afs/msu/course/vu/egr124/preview/lectures/welc welc6.htm
98.02.01 20:54 B D:\cdrom\lectures\welc\welc6.ram <-- www.vu.msu.edu /afs/msu/course/vu/egr124/preview/lectures/welc welc6.ram
98.02.01 20:56 B D:\cdrom\lectures\welc\welc6.rm <-- www.vu.msu.edu /afs/msu/course/vu/egr124/preview/lectures/welc welc6.rm
98.02.01 20:56 B D:\cdrom\lectures\welc\welc6.rpm <-- www.vu.msu.edu /afs/msu/course/vu/egr124/preview/lectures/welc welc6.rpm
98.02.01 20:56 B D:\cdrom\lectures\welc\welc7.crs <-- www.vu.msu.edu /afs/msu/course/vu/egr124/preview/lectures/welc welc7.crs
98.02.01 20:56 B D:\cdrom\lectures\welc\welc7.htm <-- www.vu.msu.edu /afs/msu/course/vu/egr124/preview/lectures/welc welc7.htm
98.02.01 20:56 B D:\cdrom\lectures\welc\welc7.ram <-- www.vu.msu.edu /afs/msu/course/vu/egr124/preview/lectures/welc welc7.ram
98.02.01 20:56 B D:\cdrom\lectures\welc\welc7.rm <-- www.vu.msu.edu /afs/msu/course/vu/egr124/preview/lectures/welc welc7.rm
98.02.01 20:56 B D:\cdrom\lectures\welc\welc7.rpm <-- www.vu.msu.edu /afs/msu/course/vu/egr124/preview/lectures/welc welc7.rpm
98.02.01 20:56 B D:\cdrom\lectures\welc\welc8.crs <-- www.vu.msu.edu /afs/msu/course/vu/egr124/preview/lectures/welc welc8.crs
98.02.01 20:56 B D:\cdrom\lectures\welc\welc8.htm <-- www.vu.msu.edu /afs/msu/course/vu/egr124/preview/lectures/welc welc8.htm
98.02.01 20:56 B D:\cdrom\lectures\welc\welc8.ram <-- www.vu.msu.edu /afs/msu/course/vu/egr124/preview/lectures/welc welc8.ram
98.02.01 20:57 B D:\cdrom\lectures\welc\welc8.rm <-- www.vu.msu.edu /afs/msu/course/vu/egr124/preview/lectures/welc welc8.rm
98.02.01 20:57 B D:\cdrom\lectures\welc\welc8.rpm <-- www.vu.msu.edu /afs/msu/course/vu/egr124/preview/lectures/welc welc8.rpm
98.02.01 20:57 B D:\cdrom\lectures\welc\welc9.crs <-- www.vu.msu.edu /afs/msu/course/vu/egr124/preview/lectures/welc welc9.crs
98.02.01 20:57 B D:\cdrom\lectures\welc\welc9.htm <-- www.vu.msu.edu /afs/msu/course/vu/egr124/preview/lectures/welc welc9.htm
98.02.01 20:57 B D:\cdrom\lectures\welc\welc9.ram <-- www.vu.msu.edu /afs/msu/course/vu/egr124/preview/lectures/welc welc9.ram
98.02.01 20:58 B D:\cdrom\lectures\welc\welc9.rm <-- www.vu.msu.edu /afs/msu/course/vu/egr124/preview/lectures/welc welc9.rm
98.02.01 20:58 B D:\cdrom\lectures\welc\welc9.rpm <-- www.vu.msu.edu /afs/msu/course/vu/egr124/preview/lectures/welc welc9.rpm
98.02.01 20:59 A D:\cdrom\lectures\welc\dosrpm.bat <-- www.vu.msu.edu /afs/msu/course/vu/egr124/preview/lectures/welc dosrpm.bat
98.02.02 02:21 B D:\cdrom\lectures\welc\bob --> arctic.cps.msu.edu /user/cd/cps291/lectures/welc bob
98.02.02 02:21 B D:\cdrom\lectures\welc\credits.crs --> arctic.cps.msu.edu /user/cd/cps291/lectures/welc credits.crs
98.02.02 02:21 B D:\cdrom\lectures\welc\credits.htm --> arctic.cps.msu.edu /user/cd/cps291/lectures/welc credits.htm
98.02.02 02:21 B D:\cdrom\lectures\welc\dosrpm.bat --> arctic.cps.msu.edu /user/cd/cps291/lectures/welc dosrpm.bat
98.02.02 02:21 B D:\cdrom\lectures\welc\empty.crs --> arctic.cps.msu.edu /user/cd/cps291/lectures/welc empty.crs
98.02.02 02:21 B D:\cdrom\lectures\welc\empty.htm --> arctic.cps.msu.edu /user/cd/cps291/lectures/welc empty.htm
98.02.02 02:21 B D:\cdrom\lectures\welc\empty.ram --> arctic.cps.msu.edu /user/cd/cps291/lectures/welc empty.ram
98.02.02 02:21 B D:\cdrom\lectures\welc\empty.rpm --> arctic.cps.msu.edu /user/cd/cps291/lectures/welc empty.rpm
98.02.02 02:21 B D:\cdrom\lectures\welc\index.crs --> arctic.cps.msu.edu /user/cd/cps291/lectures/welc index.crs
98.02.02 02:21 B D:\cdrom\lectures\welc\index.htm --> arctic.cps.msu.edu /user/cd/cps291/lectures/welc index.htm
98.02.02 02:21 B D:\cdrom\lectures\welc\index.sav --> arctic.cps.msu.edu /user/cd/cps291/lectures/welc index.sav
98.02.02 02:21 B D:\cdrom\lectures\welc\makeind.mnu --> arctic.cps.msu.edu /user/cd/cps291/lectures/welc makeind.mnu
98.02.02 02:21 B D:\cdrom\lectures\welc\makeind.sed --> arctic.cps.msu.edu /user/cd/cps291/lectures/welc makeind.sed
98.02.02 02:21 B D:\cdrom\lectures\welc\makeram --> arctic.cps.msu.edu /user/cd/cps291/lectures/welc makeram
98.02.02 02:21 B D:\cdrom\lectures\welc\makeram.ska --> arctic.cps.msu.edu /user/cd/cps291/lectures/welc makeram.ska
98.02.02 02:21 B D:\cdrom\lectures\welc\makeram.skm --> arctic.cps.msu.edu /user/cd/cps291/lectures/welc makeram.skm
98.02.02 02:21 B D:\cdrom\lectures\welc\nothing.crs --> arctic.cps.msu.edu /user/cd/cps291/lectures/welc nothing.crs
98.02.02 02:21 B D:\cdrom\lectures\welc\nothing.htm --> arctic.cps.msu.edu /user/cd/cps291/lectures/welc nothing.htm
98.02.02 02:21 B D:\cdrom\lectures\welc\nothing.ra --> arctic.cps.msu.edu /user/cd/cps291/lectures/welc nothing.ra
98.02.02 02:21 B D:\cdrom\lectures\welc\nothing.ram --> arctic.cps.msu.edu /user/cd/cps291/lectures/welc nothing.ram
98.02.02 02:21 B D:\cdrom\lectures\welc\nothing.rpm --> arctic.cps.msu.edu /user/cd/cps291/lectures/welc nothing.rpm
98.02.02 02:21 B D:\cdrom\lectures\welc\welc.ppt --> arctic.cps.msu.edu /user/cd/cps291/lectures/welc welc.ppt
98.02.02 02:21 B D:\cdrom\lectures\welc\welc1.crs --> arctic.cps.msu.edu /user/cd/cps291/lectures/welc welc1.crs
98.02.02 02:21 B D:\cdrom\lectures\welc\welc1.htm --> arctic.cps.msu.edu /user/cd/cps291/lectures/welc welc1.htm
98.02.02 02:21 B D:\cdrom\lectures\welc\welc1.ram --> arctic.cps.msu.edu /user/cd/cps291/lectures/welc welc1.ram
98.02.02 02:22 B D:\cdrom\lectures\welc\welc1.rm --> arctic.cps.msu.edu /user/cd/cps291/lectures/welc welc1.rm
98.02.02 02:22 B D:\cdrom\lectures\welc\welc1.rpm --> arctic.cps.msu.edu /user/cd/cps291/lectures/welc welc1.rpm
98.02.02 02:22 B D:\cdrom\lectures\welc\welc2.crs --> arctic.cps.msu.edu /user/cd/cps291/lectures/welc welc2.crs
98.02.02 02:22 B D:\cdrom\lectures\welc\welc2.htm --> arctic.cps.msu.edu /user/cd/cps291/lectures/welc welc2.htm
98.02.02 02:22 B D:\cdrom\lectures\welc\welc2.ram --> arctic.cps.msu.edu /user/cd/cps291/lectures/welc welc2.ram
98.02.02 02:23 B D:\cdrom\lectures\welc\welc2.rm --> arctic.cps.msu.edu /user/cd/cps291/lectures/welc welc2.rm
98.02.02 02:23 B D:\cdrom\lectures\welc\welc2.rpm --> arctic.cps.msu.edu /user/cd/cps291/lectures/welc welc2.rpm
98.02.02 02:23 B D:\cdrom\lectures\welc\welc3.crs --> arctic.cps.msu.edu /user/cd/cps291/lectures/welc welc3.crs
98.02.02 02:23 B D:\cdrom\lectures\welc\welc3.htm --> arctic.cps.msu.edu /user/cd/cps291/lectures/welc welc3.htm
98.02.02 02:23 B D:\cdrom\lectures\welc\welc3.ram --> arctic.cps.msu.edu /user/cd/cps291/lectures/welc welc3.ram
98.02.02 02:24 B D:\cdrom\lectures\welc\welc3.rm --> arctic.cps.msu.edu /user/cd/cps291/lectures/welc welc3.rm
98.02.02 02:24 B D:\cdrom\lectures\welc\welc3.rpm --> arctic.cps.msu.edu /user/cd/cps291/lectures/welc welc3.rpm
98.02.02 02:24 B D:\cdrom\lectures\welc\welc4.crs --> arctic.cps.msu.edu /user/cd/cps291/lectures/welc welc4.crs
98.02.02 02:24 B D:\cdrom\lectures\welc\welc4.htm --> arctic.cps.msu.edu /user/cd/cps291/lectures/welc welc4.htm
98.02.02 02:24 B D:\cdrom\lectures\welc\welc4.ram --> arctic.cps.msu.edu /user/cd/cps291/lectures/welc welc4.ram
98.02.02 02:25 B D:\cdrom\lectures\welc\welc4.rm --> arctic.cps.msu.edu /user/cd/cps291/lectures/welc welc4.rm
98.02.02 02:25 B D:\cdrom\lectures\welc\welc4.rpm --> arctic.cps.msu.edu /user/cd/cps291/lectures/welc welc4.rpm
98.02.02 02:25 B D:\cdrom\lectures\welc\welc5.crs --> arctic.cps.msu.edu /user/cd/cps291/lectures/welc welc5.crs
98.02.02 02:25 B D:\cdrom\lectures\welc\welc5.htm --> arctic.cps.msu.edu /user/cd/cps291/lectures/welc welc5.htm
98.02.02 02:25 B D:\cdrom\lectures\welc\welc5.ram --> arctic.cps.msu.edu /user/cd/cps291/lectures/welc welc5.ram
98.02.02 02:27 B D:\cdrom\lectures\welc\welc5.rm --> arctic.cps.msu.edu /user/cd/cps291/lectures/welc welc5.rm
98.02.02 02:27 B D:\cdrom\lectures\welc\welc5.rpm --> arctic.cps.msu.edu /user/cd/cps291/lectures/welc welc5.rpm
98.02.02 02:27 B D:\cdrom\lectures\welc\welc6.crs --> arctic.cps.msu.edu /user/cd/cps291/lectures/welc welc6.crs
98.02.02 02:27 B D:\cdrom\lectures\welc\welc6.htm --> arctic.cps.msu.edu /user/cd/cps291/lectures/welc welc6.htm
98.02.02 02:27 B D:\cdrom\lectures\welc\welc6.ram --> arctic.cps.msu.edu /user/cd/cps291/lectures/welc welc6.ram
98.02.02 02:28 B D:\cdrom\lectures\welc\welc6.rm --> arctic.cps.msu.edu /user/cd/cps291/lectures/welc welc6.rm
98.02.02 02:28 B D:\cdrom\lectures\welc\welc6.rpm --> arctic.cps.msu.edu /user/cd/cps291/lectures/welc welc6.rpm
98.02.02 02:28 B D:\cdrom\lectures\welc\welc7.crs --> arctic.cps.msu.edu /user/cd/cps291/lectures/welc welc7.crs
98.02.02 02:28 B D:\cdrom\lectures\welc\welc7.htm --> arctic.cps.msu.edu /user/cd/cps291/lectures/welc welc7.htm
98.02.02 02:28 B D:\cdrom\lectures\welc\welc7.ram --> arctic.cps.msu.edu /user/cd/cps291/lectures/welc welc7.ram
98.02.02 02:29 B D:\cdrom\lectures\welc\welc7.rm --> arctic.cps.msu.edu /user/cd/cps291/lectures/welc welc7.rm
98.02.02 02:29 B D:\cdrom\lectures\welc\welc7.rpm --> arctic.cps.msu.edu /user/cd/cps291/lectures/welc welc7.rpm
98.02.02 02:29 B D:\cdrom\lectures\welc\welc8.crs --> arctic.cps.msu.edu /user/cd/cps291/lectures/welc welc8.crs
98.02.02 02:29 B D:\cdrom\lectures\welc\welc8.htm --> arctic.cps.msu.edu /user/cd/cps291/lectures/welc welc8.htm
98.02.02 02:29 B D:\cdrom\lectures\welc\welc8.ram --> arctic.cps.msu.edu /user/cd/cps291/lectures/welc welc8.ram
98.02.02 02:30 B D:\cdrom\lectures\welc\welc8.rm --> arctic.cps.msu.edu /user/cd/cps291/lectures/welc welc8.rm
98.02.02 02:30 B D:\cdrom\lectures\welc\welc8.rpm --> arctic.cps.msu.edu /user/cd/cps291/lectures/welc welc8.rpm
98.02.02 02:30 B D:\cdrom\lectures\welc\welc9.crs --> arctic.cps.msu.edu /user/cd/cps291/lectures/welc welc9.crs
98.02.02 02:30 B D:\cdrom\lectures\welc\welc9.htm --> arctic.cps.msu.edu /user/cd/cps291/lectures/welc welc9.htm
98.02.02 02:30 B D:\cdrom\lectures\welc\welc9.ram --> arctic.cps.msu.edu /user/cd/cps291/lectures/welc welc9.ram
98.02.02 02:31 B D:\cdrom\lectures\welc\welc9.rm --> arctic.cps.msu.edu /user/cd/cps291/lectures/welc welc9.rm
98.02.02 02:31 B D:\cdrom\lectures\welc\welc9.rpm --> arctic.cps.msu.edu /user/cd/cps291/lectures/welc welc9.rpm
98.02.02 02:31 B D:\cdrom\lectures\welc\WS_FTP.LOG --> arctic.cps.msu.edu /user/cd/cps291/lectures/welc WS_FTP.LOG
98.03.12 23:51 B D:\cdrom\lectures\welc\bob --> cps.msu.edu /user/cd/cps291/lectures/welc bob
98.03.12 23:51 B D:\cdrom\lectures\welc\credits.crs --> cps.msu.edu /user/cd/cps291/lectures/welc credits.crs
98.03.12 23:51 B D:\cdrom\lectures\welc\credits.htm --> cps.msu.edu /user/cd/cps291/lectures/welc credits.htm
98.03.12 23:51 B D:\cdrom\lectures\welc\dosrpm.bat --> cps.msu.edu /user/cd/cps291/lectures/welc dosrpm.bat
98.03.12 23:51 B D:\cdrom\lectures\welc\empty.crs --> cps.msu.edu /user/cd/cps291/lectures/welc empty.crs
98.03.12 23:51 B D:\cdrom\lectures\welc\empty.htm --> cps.msu.edu /user/cd/cps291/lectures/welc empty.htm
98.03.12 23:51 B D:\cdrom\lectures\welc\empty.ram --> cps.msu.edu /user/cd/cps291/lectures/welc empty.ram
98.03.12 23:51 B D:\cdrom\lectures\welc\empty.rpm --> cps.msu.edu /user/cd/cps291/lectures/welc empty.rpm
98.03.12 23:51 B D:\cdrom\lectures\welc\index.crs --> cps.msu.edu /user/cd/cps291/lectures/welc index.crs
98.03.12 23:51 B D:\cdrom\lectures\welc\index.htm --> cps.msu.edu /user/cd/cps291/lectures/welc index.htm
98.03.12 23:51 B D:\cdrom\lectures\welc\index.sav --> cps.msu.edu /user/cd/cps291/lectures/welc index.sav
98.03.12 23:51 B D:\cdrom\lectures\welc\makeind.mnu --> cps.msu.edu /user/cd/cps291/lectures/welc makeind.mnu
98.03.12 23:51 B D:\cdrom\lectures\welc\makeind.sed --> cps.msu.edu /user/cd/cps291/lectures/welc makeind.sed
98.03.12 23:51 B D:\cdrom\lectures\welc\makeram --> cps.msu.edu /user/cd/cps291/lectures/welc makeram
98.03.12 23:51 B D:\cdrom\lectures\welc\makeram.ska --> cps.msu.edu /user/cd/cps291/lectures/welc makeram.ska
98.03.12 23:51 B D:\cdrom\lectures\welc\makeram.skm --> cps.msu.edu /user/cd/cps291/lectures/welc makeram.skm
98.03.12 23:51 B D:\cdrom\lectures\welc\nothing.crs --> cps.msu.edu /user/cd/cps291/lectures/welc nothing.crs
98.03.12 23:51 B D:\cdrom\lectures\welc\nothing.htm --> cps.msu.edu /user/cd/cps291/lectures/welc nothing.htm
98.03.12 23:51 B D:\cdrom\lectures\welc\nothing.ra --> cps.msu.edu /user/cd/cps291/lectures/welc nothing.ra
98.03.12 23:51 B D:\cdrom\lectures\welc\nothing.ram --> cps.msu.edu /user/cd/cps291/lectures/welc nothing.ram
98.03.12 23:51 B D:\cdrom\lectures\welc\nothing.rpm --> cps.msu.edu /user/cd/cps291/lectures/welc nothing.rpm
98.03.12 23:51 B D:\cdrom\lectures\welc\welc.ppt --> cps.msu.edu /user/cd/cps291/lectures/welc welc.ppt
98.03.12 23:51 B D:\cdrom\lectures\welc\welc1.crs --> cps.msu.edu /user/cd/cps291/lectures/welc welc1.crs
98.03.12 23:51 B D:\cdrom\lectures\welc\welc1.htm --> cps.msu.edu /user/cd/cps291/lectures/welc welc1.htm
98.03.12 23:51 B D:\cdrom\lectures\welc\welc1.ram --> cps.msu.edu /user/cd/cps291/lectures/welc welc1.ram
98.03.12 23:51 B D:\cdrom\lectures\welc\welc1.rm --> cps.msu.edu /user/cd/cps291/lectures/welc welc1.rm
98.03.12 23:51 B D:\cdrom\lectures\welc\welc1.rpm --> cps.msu.edu /user/cd/cps291/lectures/welc welc1.rpm
98.03.12 23:51 B D:\cdrom\lectures\welc\welc2.crs --> cps.msu.edu /user/cd/cps291/lectures/welc welc2.crs
98.03.12 23:51 B D:\cdrom\lectures\welc\welc2.htm --> cps.msu.edu /user/cd/cps291/lectures/welc welc2.htm
98.03.12 23:51 B D:\cdrom\lectures\welc\welc2.ram --> cps.msu.edu /user/cd/cps291/lectures/welc welc2.ram
98.03.12 23:51 B D:\cdrom\lectures\welc\welc2.rm --> cps.msu.edu /user/cd/cps291/lectures/welc welc2.rm
98.03.12 23:51 B D:\cdrom\lectures\welc\welc2.rpm --> cps.msu.edu /user/cd/cps291/lectures/welc welc2.rpm
98.03.12 23:51 B D:\cdrom\lectures\welc\welc3.crs --> cps.msu.edu /user/cd/cps291/lectures/welc welc3.crs
98.03.12 23:51 B D:\cdrom\lectures\welc\welc3.htm --> cps.msu.edu /user/cd/cps291/lectures/welc welc3.htm
98.03.12 23:51 B D:\cdrom\lectures\welc\welc3.ram --> cps.msu.edu /user/cd/cps291/lectures/welc welc3.ram
98.03.12 23:52 B D:\cdrom\lectures\welc\welc3.rm --> cps.msu.edu /user/cd/cps291/lectures/welc welc3.rm
98.03.12 23:52 B D:\cdrom\lectures\welc\welc3.rpm --> cps.msu.edu /user/cd/cps291/lectures/welc welc3.rpm
98.03.12 23:52 B D:\cdrom\lectures\welc\welc4.crs --> cps.msu.edu /user/cd/cps291/lectures/welc welc4.crs
98.03.12 23:52 B D:\cdrom\lectures\welc\welc4.htm --> cps.msu.edu /user/cd/cps291/lectures/welc welc4.htm
98.03.12 23:52 B D:\cdrom\lectures\welc\welc4.ram --> cps.msu.edu /user/cd/cps291/lectures/welc welc4.ram
98.03.12 23:52 B D:\cdrom\lectures\welc\welc4.rm --> cps.msu.edu /user/cd/cps291/lectures/welc welc4.rm
98.03.12 23:52 B D:\cdrom\lectures\welc\welc4.rpm --> cps.msu.edu /user/cd/cps291/lectures/welc welc4.rpm
98.03.12 23:52 B D:\cdrom\lectures\welc\welc5.crs --> cps.msu.edu /user/cd/cps291/lectures/welc welc5.crs
98.03.12 23:52 B D:\cdrom\lectures\welc\welc5.htm --> cps.msu.edu /user/cd/cps291/lectures/welc welc5.htm
98.03.12 23:52 B D:\cdrom\lectures\welc\welc5.ram --> cps.msu.edu /user/cd/cps291/lectures/welc welc5.ram
98.03.12 23:52 B D:\cdrom\lectures\welc\welc5.rm --> cps.msu.edu /user/cd/cps291/lectures/welc welc5.rm
98.03.12 23:52 B D:\cdrom\lectures\welc\welc5.rpm --> cps.msu.edu /user/cd/cps291/lectures/welc welc5.rpm
98.03.12 23:52 B D:\cdrom\lectures\welc\welc6.crs --> cps.msu.edu /user/cd/cps291/lectures/welc welc6.crs
98.03.12 23:52 B D:\cdrom\lectures\welc\welc6.htm --> cps.msu.edu /user/cd/cps291/lectures/welc welc6.htm
98.03.12 23:52 B D:\cdrom\lectures\welc\welc6.ram --> cps.msu.edu /user/cd/cps291/lectures/welc welc6.ram
98.03.12 23:53 B D:\cdrom\lectures\welc\welc6.rm --> cps.msu.edu /user/cd/cps291/lectures/welc welc6.rm
98.03.12 23:53 B D:\cdrom\lectures\welc\welc6.rpm --> cps.msu.edu /user/cd/cps291/lectures/welc welc6.rpm
98.03.12 23:53 B D:\cdrom\lectures\welc\welc7.crs --> cps.msu.edu /user/cd/cps291/lectures/welc welc7.crs
98.03.12 23:53 B D:\cdrom\lectures\welc\welc7.htm --> cps.msu.edu /user/cd/cps291/lectures/welc welc7.htm
98.03.12 23:53 B D:\cdrom\lectures\welc\welc7.ram --> cps.msu.edu /user/cd/cps291/lectures/welc welc7.ram
98.03.12 23:53 B D:\cdrom\lectures\welc\welc7.rm --> cps.msu.edu /user/cd/cps291/lectures/welc welc7.rm
98.03.12 23:53 B D:\cdrom\lectures\welc\welc7.rpm --> cps.msu.edu /user/cd/cps291/lectures/welc welc7.rpm
98.03.12 23:53 B D:\cdrom\lectures\welc\welc8.crs --> cps.msu.edu /user/cd/cps291/lectures/welc welc8.crs
98.03.12 23:53 B D:\cdrom\lectures\welc\welc8.htm --> cps.msu.edu /user/cd/cps291/lectures/welc welc8.htm
98.03.12 23:53 B D:\cdrom\lectures\welc\welc8.ram --> cps.msu.edu /user/cd/cps291/lectures/welc welc8.ram
98.03.12 23:53 B D:\cdrom\lectures\welc\welc8.rm --> cps.msu.edu /user/cd/cps291/lectures/welc welc8.rm
98.03.12 23:53 B D:\cdrom\lectures\welc\welc8.rpm --> cps.msu.edu /user/cd/cps291/lectures/welc welc8.rpm
98.03.12 23:53 B D:\cdrom\lectures\welc\welc9.crs --> cps.msu.edu /user/cd/cps291/lectures/welc welc9.crs
98.03.12 23:53 B D:\cdrom\lectures\welc\welc9.htm --> cps.msu.edu /user/cd/cps291/lectures/welc welc9.htm
98.03.12 23:53 B D:\cdrom\lectures\welc\welc9.ram --> cps.msu.edu /user/cd/cps291/lectures/welc welc9.ram
98.03.12 23:54 B D:\cdrom\lectures\welc\welc9.rm --> cps.msu.edu /user/cd/cps291/lectures/welc welc9.rm
98.03.12 23:54 B D:\cdrom\lectures\welc\welc9.rpm --> cps.msu.edu /user/cd/cps291/lectures/welc welc9.rpm
98.03.12 23:54 B D:\cdrom\lectures\welc\WS_FTP.LOG --> cps.msu.edu /user/cd/cps291/lectures/welc WS_FTP.LOG
98.03.13 09:30 B D:\cdrom\lectures\welc\bob --> cps.msu.edu /user/cd/cps291/lectures/welc bob
98.03.13 09:30 B D:\cdrom\lectures\welc\credits.crs --> cps.msu.edu /user/cd/cps291/lectures/welc credits.crs
98.03.13 09:30 B D:\cdrom\lectures\welc\credits.htm --> cps.msu.edu /user/cd/cps291/lectures/welc credits.htm
98.03.13 09:30 B D:\cdrom\lectures\welc\dosrpm.bat --> cps.msu.edu /user/cd/cps291/lectures/welc dosrpm.bat
98.03.13 09:30 B D:\cdrom\lectures\welc\empty.crs --> cps.msu.edu /user/cd/cps291/lectures/welc empty.crs
98.03.13 09:30 B D:\cdrom\lectures\welc\empty.htm --> cps.msu.edu /user/cd/cps291/lectures/welc empty.htm
98.03.13 09:30 B D:\cdrom\lectures\welc\empty.ram --> cps.msu.edu /user/cd/cps291/lectures/welc empty.ram
98.03.13 09:30 B D:\cdrom\lectures\welc\empty.rpm --> cps.msu.edu /user/cd/cps291/lectures/welc empty.rpm
98.03.13 09:30 B D:\cdrom\lectures\welc\index.crs --> cps.msu.edu /user/cd/cps291/lectures/welc index.crs
98.03.13 09:30 B D:\cdrom\lectures\welc\index.htm --> cps.msu.edu /user/cd/cps291/lectures/welc index.htm
98.03.13 09:30 B D:\cdrom\lectures\welc\index.sav --> cps.msu.edu /user/cd/cps291/lectures/welc index.sav
98.03.13 09:30 B D:\cdrom\lectures\welc\makeind.mnu --> cps.msu.edu /user/cd/cps291/lectures/welc makeind.mnu
98.03.13 09:30 B D:\cdrom\lectures\welc\makeind.sed --> cps.msu.edu /user/cd/cps291/lectures/welc makeind.sed
98.03.13 09:30 B D:\cdrom\lectures\welc\makeram --> cps.msu.edu /user/cd/cps291/lectures/welc makeram
98.03.13 09:30 B D:\cdrom\lectures\welc\makeram.ska --> cps.msu.edu /user/cd/cps291/lectures/welc makeram.ska
98.03.13 09:30 B D:\cdrom\lectures\welc\makeram.skm --> cps.msu.edu /user/cd/cps291/lectures/welc makeram.skm
98.03.13 09:30 B D:\cdrom\lectures\welc\nothing.crs --> cps.msu.edu /user/cd/cps291/lectures/welc nothing.crs
98.03.13 09:30 B D:\cdrom\lectures\welc\nothing.htm --> cps.msu.edu /user/cd/cps291/lectures/welc nothing.htm
98.03.13 09:30 B D:\cdrom\lectures\welc\nothing.ra --> cps.msu.edu /user/cd/cps291/lectures/welc nothing.ra
98.03.13 09:30 B D:\cdrom\lectures\welc\nothing.ram --> cps.msu.edu /user/cd/cps291/lectures/welc nothing.ram
98.03.13 09:30 B D:\cdrom\lectures\welc\nothing.rpm --> cps.msu.edu /user/cd/cps291/lectures/welc nothing.rpm
98.03.13 09:30 B D:\cdrom\lectures\welc\welc.ppt --> cps.msu.edu /user/cd/cps291/lectures/welc welc.ppt
98.03.13 09:30 B D:\cdrom\lectures\welc\welc1.crs --> cps.msu.edu /user/cd/cps291/lectures/welc welc1.crs
98.03.13 09:30 B D:\cdrom\lectures\welc\welc1.htm --> cps.msu.edu /user/cd/cps291/lectures/welc welc1.htm
98.03.13 09:30 B D:\cdrom\lectures\welc\welc1.ram --> cps.msu.edu /user/cd/cps291/lectures/welc welc1.ram
98.03.13 09:30 B D:\cdrom\lectures\welc\welc1.rm --> cps.msu.edu /user/cd/cps291/lectures/welc welc1.rm
98.03.13 09:30 B D:\cdrom\lectures\welc\welc1.rpm --> cps.msu.edu /user/cd/cps291/lectures/welc welc1.rpm
98.03.13 09:30 B D:\cdrom\lectures\welc\welc2.crs --> cps.msu.edu /user/cd/cps291/lectures/welc welc2.crs
98.03.13 09:30 B D:\cdrom\lectures\welc\welc2.htm --> cps.msu.edu /user/cd/cps291/lectures/welc welc2.htm
98.03.13 09:30 B D:\cdrom\lectures\welc\welc2.ram --> cps.msu.edu /user/cd/cps291/lectures/welc welc2.ram
98.03.13 09:30 B D:\cdrom\lectures\welc\welc2.rm --> cps.msu.edu /user/cd/cps291/lectures/welc welc2.rm
98.03.13 09:30 B D:\cdrom\lectures\welc\welc2.rpm --> cps.msu.edu /user/cd/cps291/lectures/welc welc2.rpm
98.03.13 09:30 B D:\cdrom\lectures\welc\welc3.crs --> cps.msu.edu /user/cd/cps291/lectures/welc welc3.crs
98.03.13 09:30 B D:\cdrom\lectures\welc\welc3.htm --> cps.msu.edu /user/cd/cps291/lectures/welc welc3.htm
98.03.13 09:30 B D:\cdrom\lectures\welc\welc3.ram --> cps.msu.edu /user/cd/cps291/lectures/welc welc3.ram
98.03.13 09:30 B D:\cdrom\lectures\welc\welc3.rm --> cps.msu.edu /user/cd/cps291/lectures/welc welc3.rm
98.03.13 09:30 B D:\cdrom\lectures\welc\welc3.rpm --> cps.msu.edu /user/cd/cps291/lectures/welc welc3.rpm
98.03.13 09:30 B D:\cdrom\lectures\welc\welc4.crs --> cps.msu.edu /user/cd/cps291/lectures/welc welc4.crs
98.03.13 09:30 B D:\cdrom\lectures\welc\welc4.htm --> cps.msu.edu /user/cd/cps291/lectures/welc welc4.htm
98.03.13 09:30 B D:\cdrom\lectures\welc\welc4.ram --> cps.msu.edu /user/cd/cps291/lectures/welc welc4.ram
98.03.13 09:31 B D:\cdrom\lectures\welc\welc4.rm --> cps.msu.edu /user/cd/cps291/lectures/welc welc4.rm
98.03.13 09:31 B D:\cdrom\lectures\welc\welc4.rpm --> cps.msu.edu /user/cd/cps291/lectures/welc welc4.rpm
98.03.13 09:31 B D:\cdrom\lectures\welc\welc5.crs --> cps.msu.edu /user/cd/cps291/lectures/welc welc5.crs
98.03.13 09:31 B D:\cdrom\lectures\welc\welc5.htm --> cps.msu.edu /user/cd/cps291/lectures/welc welc5.htm
98.03.13 09:31 B D:\cdrom\lectures\welc\welc5.ram --> cps.msu.edu /user/cd/cps291/lectures/welc welc5.ram
98.03.13 09:31 B D:\cdrom\lectures\welc\welc5.rm --> cps.msu.edu /user/cd/cps291/lectures/welc welc5.rm
98.03.13 09:31 B D:\cdrom\lectures\welc\welc5.rpm --> cps.msu.edu /user/cd/cps291/lectures/welc welc5.rpm
98.03.13 09:31 B D:\cdrom\lectures\welc\welc6.crs --> cps.msu.edu /user/cd/cps291/lectures/welc welc6.crs
98.03.13 09:31 B D:\cdrom\lectures\welc\welc6.htm --> cps.msu.edu /user/cd/cps291/lectures/welc welc6.htm
98.03.13 09:31 B D:\cdrom\lectures\welc\welc6.ram --> cps.msu.edu /user/cd/cps291/lectures/welc welc6.ram
98.03.13 09:32 B D:\cdrom\lectures\welc\welc6.rm --> cps.msu.edu /user/cd/cps291/lectures/welc welc6.rm
98.03.13 09:32 B D:\cdrom\lectures\welc\welc6.rpm --> cps.msu.edu /user/cd/cps291/lectures/welc welc6.rpm
98.03.13 09:32 B D:\cdrom\lectures\welc\welc7.crs --> cps.msu.edu /user/cd/cps291/lectures/welc welc7.crs
98.03.13 09:32 B D:\cdrom\lectures\welc\welc7.htm --> cps.msu.edu /user/cd/cps291/lectures/welc welc7.htm
98.03.13 09:32 B D:\cdrom\lectures\welc\welc7.ram --> cps.msu.edu /user/cd/cps291/lectures/welc welc7.ram
98.03.13 09:32 B D:\cdrom\lectures\welc\welc7.rm --> cps.msu.edu /user/cd/cps291/lectures/welc welc7.rm
98.03.13 09:32 B D:\cdrom\lectures\welc\welc7.rpm --> cps.msu.edu /user/cd/cps291/lectures/welc welc7.rpm
98.03.13 09:32 B D:\cdrom\lectures\welc\welc8.crs --> cps.msu.edu /user/cd/cps291/lectures/welc welc8.crs
98.03.13 09:32 B D:\cdrom\lectures\welc\welc8.htm --> cps.msu.edu /user/cd/cps291/lectures/welc welc8.htm
98.03.13 09:32 B D:\cdrom\lectures\welc\welc8.ram --> cps.msu.edu /user/cd/cps291/lectures/welc welc8.ram
98.03.13 09:32 B D:\cdrom\lectures\welc\welc8.rm --> cps.msu.edu /user/cd/cps291/lectures/welc welc8.rm
98.03.13 09:32 B D:\cdrom\lectures\welc\welc8.rpm --> cps.msu.edu /user/cd/cps291/lectures/welc welc8.rpm
98.03.13 09:32 B D:\cdrom\lectures\welc\welc9.crs --> cps.msu.edu /user/cd/cps291/lectures/welc welc9.crs
98.03.13 09:32 B D:\cdrom\lectures\welc\welc9.htm --> cps.msu.edu /user/cd/cps291/lectures/welc welc9.htm
98.03.13 09:32 B D:\cdrom\lectures\welc\welc9.ram --> cps.msu.edu /user/cd/cps291/lectures/welc welc9.ram
98.03.13 09:32 B D:\cdrom\lectures\welc\welc9.rm --> cps.msu.edu /user/cd/cps291/lectures/welc welc9.rm
98.03.13 09:32 B D:\cdrom\lectures\welc\welc9.rpm --> cps.msu.edu /user/cd/cps291/lectures/welc welc9.rpm
98.03.13 09:32 B D:\cdrom\lectures\welc\WS_FTP.LOG --> cps.msu.edu /user/cd/cps291/lectures/welc WS_FTP.LOG
