97.11.13 17:47 B C:\doit\slides\html\ielogo.gif --> www.vu.msu.edu /home/cps291/stage/doit/slides/html ielogo.gif
97.11.13 17:47 B C:\doit\slides\html\img001.GIF --> www.vu.msu.edu /home/cps291/stage/doit/slides/html img001.GIF
97.11.13 17:47 B C:\doit\slides\html\img002.GIF --> www.vu.msu.edu /home/cps291/stage/doit/slides/html img002.GIF
97.11.13 17:47 B C:\doit\slides\html\img003.GIF --> www.vu.msu.edu /home/cps291/stage/doit/slides/html img003.GIF
97.11.13 17:47 B C:\doit\slides\html\img004.GIF --> www.vu.msu.edu /home/cps291/stage/doit/slides/html img004.GIF
97.11.13 17:47 B C:\doit\slides\html\img005.GIF --> www.vu.msu.edu /home/cps291/stage/doit/slides/html img005.GIF
97.11.13 17:47 B C:\doit\slides\html\img006.GIF --> www.vu.msu.edu /home/cps291/stage/doit/slides/html img006.GIF
97.11.13 17:47 B C:\doit\slides\html\img007.GIF --> www.vu.msu.edu /home/cps291/stage/doit/slides/html img007.GIF
97.11.13 17:47 B C:\doit\slides\html\img008.GIF --> www.vu.msu.edu /home/cps291/stage/doit/slides/html img008.GIF
97.11.13 17:47 B C:\doit\slides\html\img009.GIF --> www.vu.msu.edu /home/cps291/stage/doit/slides/html img009.GIF
97.11.13 17:47 B C:\doit\slides\html\img010.GIF --> www.vu.msu.edu /home/cps291/stage/doit/slides/html img010.GIF
97.11.13 17:47 B C:\doit\slides\html\img011.GIF --> www.vu.msu.edu /home/cps291/stage/doit/slides/html img011.GIF
97.11.13 17:47 B C:\doit\slides\html\img012.GIF --> www.vu.msu.edu /home/cps291/stage/doit/slides/html img012.GIF
97.11.13 17:47 B C:\doit\slides\html\img013.GIF --> www.vu.msu.edu /home/cps291/stage/doit/slides/html img013.GIF
97.11.13 17:47 B C:\doit\slides\html\img014.GIF --> www.vu.msu.edu /home/cps291/stage/doit/slides/html img014.GIF
97.11.13 17:47 B C:\doit\slides\html\img015.GIF --> www.vu.msu.edu /home/cps291/stage/doit/slides/html img015.GIF
97.11.13 17:47 B C:\doit\slides\html\img016.GIF --> www.vu.msu.edu /home/cps291/stage/doit/slides/html img016.GIF
97.11.13 17:47 B C:\doit\slides\html\img017.GIF --> www.vu.msu.edu /home/cps291/stage/doit/slides/html img017.GIF
97.11.13 17:47 B C:\doit\slides\html\img018.GIF --> www.vu.msu.edu /home/cps291/stage/doit/slides/html img018.GIF
97.11.13 17:47 B C:\doit\slides\html\img019.GIF --> www.vu.msu.edu /home/cps291/stage/doit/slides/html img019.GIF
97.11.13 17:47 B C:\doit\slides\html\img020.GIF --> www.vu.msu.edu /home/cps291/stage/doit/slides/html img020.GIF
97.11.13 17:47 B C:\doit\slides\html\img021.GIF --> www.vu.msu.edu /home/cps291/stage/doit/slides/html img021.GIF
97.11.13 17:47 B C:\doit\slides\html\img022.GIF --> www.vu.msu.edu /home/cps291/stage/doit/slides/html img022.GIF
97.11.13 17:47 B C:\doit\slides\html\img023.GIF --> www.vu.msu.edu /home/cps291/stage/doit/slides/html img023.GIF
97.11.13 17:47 B C:\doit\slides\html\img024.GIF --> www.vu.msu.edu /home/cps291/stage/doit/slides/html img024.GIF
97.11.13 17:47 B C:\doit\slides\html\img025.GIF --> www.vu.msu.edu /home/cps291/stage/doit/slides/html img025.GIF
97.11.13 17:47 B C:\doit\slides\html\img026.GIF --> www.vu.msu.edu /home/cps291/stage/doit/slides/html img026.GIF
97.11.13 17:47 B C:\doit\slides\html\img027.GIF --> www.vu.msu.edu /home/cps291/stage/doit/slides/html img027.GIF
97.11.13 17:47 B C:\doit\slides\html\img028.GIF --> www.vu.msu.edu /home/cps291/stage/doit/slides/html img028.GIF
97.11.13 17:47 B C:\doit\slides\html\img029.GIF --> www.vu.msu.edu /home/cps291/stage/doit/slides/html img029.GIF
97.11.13 17:47 B C:\doit\slides\html\img030.GIF --> www.vu.msu.edu /home/cps291/stage/doit/slides/html img030.GIF
97.11.13 17:47 B C:\doit\slides\html\img031.GIF --> www.vu.msu.edu /home/cps291/stage/doit/slides/html img031.GIF
97.11.13 17:47 B C:\doit\slides\html\img032.GIF --> www.vu.msu.edu /home/cps291/stage/doit/slides/html img032.GIF
97.11.13 17:47 B C:\doit\slides\html\img033.GIF --> www.vu.msu.edu /home/cps291/stage/doit/slides/html img033.GIF
97.11.13 17:47 B C:\doit\slides\html\img034.GIF --> www.vu.msu.edu /home/cps291/stage/doit/slides/html img034.GIF
97.11.13 17:47 B C:\doit\slides\html\img035.GIF --> www.vu.msu.edu /home/cps291/stage/doit/slides/html img035.GIF
97.11.13 17:47 B C:\doit\slides\html\img036.GIF --> www.vu.msu.edu /home/cps291/stage/doit/slides/html img036.GIF
97.11.13 17:47 B C:\doit\slides\html\img037.GIF --> www.vu.msu.edu /home/cps291/stage/doit/slides/html img037.GIF
97.11.13 17:47 B C:\doit\slides\html\img038.GIF --> www.vu.msu.edu /home/cps291/stage/doit/slides/html img038.GIF
97.11.13 17:47 B C:\doit\slides\html\img039.GIF --> www.vu.msu.edu /home/cps291/stage/doit/slides/html img039.GIF
97.11.13 17:47 B C:\doit\slides\html\img040.GIF --> www.vu.msu.edu /home/cps291/stage/doit/slides/html img040.GIF
97.11.13 17:47 B C:\doit\slides\html\img041.GIF --> www.vu.msu.edu /home/cps291/stage/doit/slides/html img041.GIF
97.11.13 17:47 B C:\doit\slides\html\img042.GIF --> www.vu.msu.edu /home/cps291/stage/doit/slides/html img042.GIF
97.11.13 17:47 B C:\doit\slides\html\img043.GIF --> www.vu.msu.edu /home/cps291/stage/doit/slides/html img043.GIF
97.11.13 17:47 B C:\doit\slides\html\img044.GIF --> www.vu.msu.edu /home/cps291/stage/doit/slides/html img044.GIF
97.11.13 17:47 B C:\doit\slides\html\img045.GIF --> www.vu.msu.edu /home/cps291/stage/doit/slides/html img045.GIF
97.11.13 17:47 B C:\doit\slides\html\img046.GIF --> www.vu.msu.edu /home/cps291/stage/doit/slides/html img046.GIF
97.11.13 17:47 B C:\doit\slides\html\index.htm --> www.vu.msu.edu /home/cps291/stage/doit/slides/html index.htm
97.11.13 17:47 B C:\doit\slides\html\pptani.gif --> www.vu.msu.edu /home/cps291/stage/doit/slides/html pptani.gif
97.11.13 17:47 B C:\doit\slides\html\sld001.htm --> www.vu.msu.edu /home/cps291/stage/doit/slides/html sld001.htm
97.11.13 17:47 B C:\doit\slides\html\sld002.htm --> www.vu.msu.edu /home/cps291/stage/doit/slides/html sld002.htm
97.11.13 17:47 B C:\doit\slides\html\sld003.htm --> www.vu.msu.edu /home/cps291/stage/doit/slides/html sld003.htm
97.11.13 17:47 B C:\doit\slides\html\sld004.htm --> www.vu.msu.edu /home/cps291/stage/doit/slides/html sld004.htm
97.11.13 17:47 B C:\doit\slides\html\sld005.htm --> www.vu.msu.edu /home/cps291/stage/doit/slides/html sld005.htm
97.11.13 17:47 B C:\doit\slides\html\sld006.htm --> www.vu.msu.edu /home/cps291/stage/doit/slides/html sld006.htm
97.11.13 17:47 B C:\doit\slides\html\sld007.htm --> www.vu.msu.edu /home/cps291/stage/doit/slides/html sld007.htm
97.11.13 17:47 B C:\doit\slides\html\sld008.htm --> www.vu.msu.edu /home/cps291/stage/doit/slides/html sld008.htm
97.11.13 17:47 B C:\doit\slides\html\sld009.htm --> www.vu.msu.edu /home/cps291/stage/doit/slides/html sld009.htm
97.11.13 17:47 B C:\doit\slides\html\sld010.htm --> www.vu.msu.edu /home/cps291/stage/doit/slides/html sld010.htm
97.11.13 17:47 B C:\doit\slides\html\sld011.htm --> www.vu.msu.edu /home/cps291/stage/doit/slides/html sld011.htm
97.11.13 17:47 B C:\doit\slides\html\sld012.htm --> www.vu.msu.edu /home/cps291/stage/doit/slides/html sld012.htm
97.11.13 17:47 B C:\doit\slides\html\sld013.htm --> www.vu.msu.edu /home/cps291/stage/doit/slides/html sld013.htm
97.11.13 17:47 B C:\doit\slides\html\sld014.htm --> www.vu.msu.edu /home/cps291/stage/doit/slides/html sld014.htm
97.11.13 17:47 B C:\doit\slides\html\sld015.htm --> www.vu.msu.edu /home/cps291/stage/doit/slides/html sld015.htm
97.11.13 17:47 B C:\doit\slides\html\sld016.htm --> www.vu.msu.edu /home/cps291/stage/doit/slides/html sld016.htm
97.11.13 17:47 B C:\doit\slides\html\sld017.htm --> www.vu.msu.edu /home/cps291/stage/doit/slides/html sld017.htm
97.11.13 17:47 B C:\doit\slides\html\sld018.htm --> www.vu.msu.edu /home/cps291/stage/doit/slides/html sld018.htm
97.11.13 17:47 B C:\doit\slides\html\sld019.htm --> www.vu.msu.edu /home/cps291/stage/doit/slides/html sld019.htm
97.11.13 17:47 B C:\doit\slides\html\sld020.htm --> www.vu.msu.edu /home/cps291/stage/doit/slides/html sld020.htm
97.11.13 17:47 B C:\doit\slides\html\sld021.htm --> www.vu.msu.edu /home/cps291/stage/doit/slides/html sld021.htm
97.11.13 17:47 B C:\doit\slides\html\sld022.htm --> www.vu.msu.edu /home/cps291/stage/doit/slides/html sld022.htm
97.11.13 17:47 B C:\doit\slides\html\sld023.htm --> www.vu.msu.edu /home/cps291/stage/doit/slides/html sld023.htm
97.11.13 17:47 B C:\doit\slides\html\sld024.htm --> www.vu.msu.edu /home/cps291/stage/doit/slides/html sld024.htm
97.11.13 17:47 B C:\doit\slides\html\sld025.htm --> www.vu.msu.edu /home/cps291/stage/doit/slides/html sld025.htm
97.11.13 17:47 B C:\doit\slides\html\sld026.htm --> www.vu.msu.edu /home/cps291/stage/doit/slides/html sld026.htm
97.11.13 17:47 B C:\doit\slides\html\sld027.htm --> www.vu.msu.edu /home/cps291/stage/doit/slides/html sld027.htm
97.11.13 17:47 B C:\doit\slides\html\sld028.htm --> www.vu.msu.edu /home/cps291/stage/doit/slides/html sld028.htm
97.11.13 17:47 B C:\doit\slides\html\sld029.htm --> www.vu.msu.edu /home/cps291/stage/doit/slides/html sld029.htm
97.11.13 17:47 B C:\doit\slides\html\sld030.htm --> www.vu.msu.edu /home/cps291/stage/doit/slides/html sld030.htm
97.11.13 17:47 B C:\doit\slides\html\sld031.htm --> www.vu.msu.edu /home/cps291/stage/doit/slides/html sld031.htm
97.11.13 17:47 B C:\doit\slides\html\sld032.htm --> www.vu.msu.edu /home/cps291/stage/doit/slides/html sld032.htm
97.11.13 17:47 B C:\doit\slides\html\sld033.htm --> www.vu.msu.edu /home/cps291/stage/doit/slides/html sld033.htm
97.11.13 17:47 B C:\doit\slides\html\sld034.htm --> www.vu.msu.edu /home/cps291/stage/doit/slides/html sld034.htm
97.11.13 17:47 B C:\doit\slides\html\sld035.htm --> www.vu.msu.edu /home/cps291/stage/doit/slides/html sld035.htm
97.11.13 17:47 B C:\doit\slides\html\sld036.htm --> www.vu.msu.edu /home/cps291/stage/doit/slides/html sld036.htm
97.11.13 17:47 B C:\doit\slides\html\sld037.htm --> www.vu.msu.edu /home/cps291/stage/doit/slides/html sld037.htm
97.11.13 17:47 B C:\doit\slides\html\sld038.htm --> www.vu.msu.edu /home/cps291/stage/doit/slides/html sld038.htm
97.11.13 17:47 B C:\doit\slides\html\sld039.htm --> www.vu.msu.edu /home/cps291/stage/doit/slides/html sld039.htm
97.11.13 17:47 B C:\doit\slides\html\sld040.htm --> www.vu.msu.edu /home/cps291/stage/doit/slides/html sld040.htm
97.11.13 17:47 B C:\doit\slides\html\sld041.htm --> www.vu.msu.edu /home/cps291/stage/doit/slides/html sld041.htm
97.11.13 17:47 B C:\doit\slides\html\sld042.htm --> www.vu.msu.edu /home/cps291/stage/doit/slides/html sld042.htm
97.11.13 17:47 B C:\doit\slides\html\sld043.htm --> www.vu.msu.edu /home/cps291/stage/doit/slides/html sld043.htm
97.11.13 17:47 B C:\doit\slides\html\sld044.htm --> www.vu.msu.edu /home/cps291/stage/doit/slides/html sld044.htm
97.11.13 17:47 B C:\doit\slides\html\sld045.htm --> www.vu.msu.edu /home/cps291/stage/doit/slides/html sld045.htm
97.11.13 17:47 B C:\doit\slides\html\sld046.htm --> www.vu.msu.edu /home/cps291/stage/doit/slides/html sld046.htm
97.11.13 17:47 B C:\doit\slides\html\space.gif --> www.vu.msu.edu /home/cps291/stage/doit/slides/html space.gif
97.11.13 17:47 B C:\doit\slides\html\tsld001.htm --> www.vu.msu.edu /home/cps291/stage/doit/slides/html tsld001.htm
97.11.13 17:47 B C:\doit\slides\html\tsld002.htm --> www.vu.msu.edu /home/cps291/stage/doit/slides/html tsld002.htm
97.11.13 17:47 B C:\doit\slides\html\tsld003.htm --> www.vu.msu.edu /home/cps291/stage/doit/slides/html tsld003.htm
97.11.13 17:47 B C:\doit\slides\html\tsld004.htm --> www.vu.msu.edu /home/cps291/stage/doit/slides/html tsld004.htm
97.11.13 17:47 B C:\doit\slides\html\tsld005.htm --> www.vu.msu.edu /home/cps291/stage/doit/slides/html tsld005.htm
97.11.13 17:47 B C:\doit\slides\html\tsld006.htm --> www.vu.msu.edu /home/cps291/stage/doit/slides/html tsld006.htm
97.11.13 17:47 B C:\doit\slides\html\tsld007.htm --> www.vu.msu.edu /home/cps291/stage/doit/slides/html tsld007.htm
97.11.13 17:47 B C:\doit\slides\html\tsld008.htm --> www.vu.msu.edu /home/cps291/stage/doit/slides/html tsld008.htm
97.11.13 17:47 B C:\doit\slides\html\tsld009.htm --> www.vu.msu.edu /home/cps291/stage/doit/slides/html tsld009.htm
97.11.13 17:47 B C:\doit\slides\html\tsld010.htm --> www.vu.msu.edu /home/cps291/stage/doit/slides/html tsld010.htm
97.11.13 17:47 B C:\doit\slides\html\tsld011.htm --> www.vu.msu.edu /home/cps291/stage/doit/slides/html tsld011.htm
97.11.13 17:47 B C:\doit\slides\html\tsld012.htm --> www.vu.msu.edu /home/cps291/stage/doit/slides/html tsld012.htm
97.11.13 17:47 B C:\doit\slides\html\tsld013.htm --> www.vu.msu.edu /home/cps291/stage/doit/slides/html tsld013.htm
97.11.13 17:47 B C:\doit\slides\html\tsld014.htm --> www.vu.msu.edu /home/cps291/stage/doit/slides/html tsld014.htm
97.11.13 17:47 B C:\doit\slides\html\tsld015.htm --> www.vu.msu.edu /home/cps291/stage/doit/slides/html tsld015.htm
97.11.13 17:47 B C:\doit\slides\html\tsld016.htm --> www.vu.msu.edu /home/cps291/stage/doit/slides/html tsld016.htm
97.11.13 17:47 B C:\doit\slides\html\tsld017.htm --> www.vu.msu.edu /home/cps291/stage/doit/slides/html tsld017.htm
97.11.13 17:47 B C:\doit\slides\html\tsld018.htm --> www.vu.msu.edu /home/cps291/stage/doit/slides/html tsld018.htm
97.11.13 17:47 B C:\doit\slides\html\tsld019.htm --> www.vu.msu.edu /home/cps291/stage/doit/slides/html tsld019.htm
97.11.13 17:47 B C:\doit\slides\html\tsld020.htm --> www.vu.msu.edu /home/cps291/stage/doit/slides/html tsld020.htm
97.11.13 17:47 B C:\doit\slides\html\tsld021.htm --> www.vu.msu.edu /home/cps291/stage/doit/slides/html tsld021.htm
97.11.13 17:47 B C:\doit\slides\html\tsld022.htm --> www.vu.msu.edu /home/cps291/stage/doit/slides/html tsld022.htm
97.11.13 17:47 B C:\doit\slides\html\tsld023.htm --> www.vu.msu.edu /home/cps291/stage/doit/slides/html tsld023.htm
97.11.13 17:47 B C:\doit\slides\html\tsld024.htm --> www.vu.msu.edu /home/cps291/stage/doit/slides/html tsld024.htm
97.11.13 17:47 B C:\doit\slides\html\tsld025.htm --> www.vu.msu.edu /home/cps291/stage/doit/slides/html tsld025.htm
97.11.13 17:47 B C:\doit\slides\html\tsld026.htm --> www.vu.msu.edu /home/cps291/stage/doit/slides/html tsld026.htm
97.11.13 17:47 B C:\doit\slides\html\tsld027.htm --> www.vu.msu.edu /home/cps291/stage/doit/slides/html tsld027.htm
97.11.13 17:47 B C:\doit\slides\html\tsld028.htm --> www.vu.msu.edu /home/cps291/stage/doit/slides/html tsld028.htm
97.11.13 17:47 B C:\doit\slides\html\tsld029.htm --> www.vu.msu.edu /home/cps291/stage/doit/slides/html tsld029.htm
97.11.13 17:47 B C:\doit\slides\html\tsld030.htm --> www.vu.msu.edu /home/cps291/stage/doit/slides/html tsld030.htm
97.11.13 17:47 B C:\doit\slides\html\tsld031.htm --> www.vu.msu.edu /home/cps291/stage/doit/slides/html tsld031.htm
97.11.13 17:47 B C:\doit\slides\html\tsld032.htm --> www.vu.msu.edu /home/cps291/stage/doit/slides/html tsld032.htm
97.11.13 17:47 B C:\doit\slides\html\tsld033.htm --> www.vu.msu.edu /home/cps291/stage/doit/slides/html tsld033.htm
97.11.13 17:47 B C:\doit\slides\html\tsld034.htm --> www.vu.msu.edu /home/cps291/stage/doit/slides/html tsld034.htm
97.11.13 17:47 B C:\doit\slides\html\tsld035.htm --> www.vu.msu.edu /home/cps291/stage/doit/slides/html tsld035.htm
97.11.13 17:47 B C:\doit\slides\html\tsld036.htm --> www.vu.msu.edu /home/cps291/stage/doit/slides/html tsld036.htm
97.11.13 17:47 B C:\doit\slides\html\tsld037.htm --> www.vu.msu.edu /home/cps291/stage/doit/slides/html tsld037.htm
97.11.13 17:47 B C:\doit\slides\html\tsld038.htm --> www.vu.msu.edu /home/cps291/stage/doit/slides/html tsld038.htm
97.11.13 17:47 B C:\doit\slides\html\tsld039.htm --> www.vu.msu.edu /home/cps291/stage/doit/slides/html tsld039.htm
97.11.13 17:47 B C:\doit\slides\html\tsld040.htm --> www.vu.msu.edu /home/cps291/stage/doit/slides/html tsld040.htm
97.11.13 17:47 B C:\doit\slides\html\tsld041.htm --> www.vu.msu.edu /home/cps291/stage/doit/slides/html tsld041.htm
97.11.13 17:47 B C:\doit\slides\html\tsld042.htm --> www.vu.msu.edu /home/cps291/stage/doit/slides/html tsld042.htm
97.11.13 17:47 B C:\doit\slides\html\tsld043.htm --> www.vu.msu.edu /home/cps291/stage/doit/slides/html tsld043.htm
97.11.13 17:47 B C:\doit\slides\html\tsld044.htm --> www.vu.msu.edu /home/cps291/stage/doit/slides/html tsld044.htm
97.11.13 17:47 B C:\doit\slides\html\tsld045.htm --> www.vu.msu.edu /home/cps291/stage/doit/slides/html tsld045.htm
97.11.13 17:47 B C:\doit\slides\html\tsld046.htm --> www.vu.msu.edu /home/cps291/stage/doit/slides/html tsld046.htm
97.11.27 02:37 B C:\doit\slides\html\ielogo.gif --> www.vu.msu.edu /home/cps291/stage/doit/slides/html ielogo.gif
97.11.27 02:37 B C:\doit\slides\html\img001.GIF --> www.vu.msu.edu /home/cps291/stage/doit/slides/html img001.GIF
97.11.27 02:37 B C:\doit\slides\html\img002.GIF --> www.vu.msu.edu /home/cps291/stage/doit/slides/html img002.GIF
97.11.27 02:37 B C:\doit\slides\html\img003.GIF --> www.vu.msu.edu /home/cps291/stage/doit/slides/html img003.GIF
97.11.27 02:37 B C:\doit\slides\html\img004.GIF --> www.vu.msu.edu /home/cps291/stage/doit/slides/html img004.GIF
97.11.27 02:37 B C:\doit\slides\html\img005.GIF --> www.vu.msu.edu /home/cps291/stage/doit/slides/html img005.GIF
97.11.27 02:37 B C:\doit\slides\html\img006.GIF --> www.vu.msu.edu /home/cps291/stage/doit/slides/html img006.GIF
97.11.27 02:37 B C:\doit\slides\html\img007.GIF --> www.vu.msu.edu /home/cps291/stage/doit/slides/html img007.GIF
97.11.27 02:37 B C:\doit\slides\html\img008.GIF --> www.vu.msu.edu /home/cps291/stage/doit/slides/html img008.GIF
97.11.27 02:37 B C:\doit\slides\html\img009.GIF --> www.vu.msu.edu /home/cps291/stage/doit/slides/html img009.GIF
97.11.27 02:37 B C:\doit\slides\html\img010.GIF --> www.vu.msu.edu /home/cps291/stage/doit/slides/html img010.GIF
97.11.27 02:37 B C:\doit\slides\html\img011.GIF --> www.vu.msu.edu /home/cps291/stage/doit/slides/html img011.GIF
97.11.27 02:37 B C:\doit\slides\html\img012.GIF --> www.vu.msu.edu /home/cps291/stage/doit/slides/html img012.GIF
97.11.27 02:37 B C:\doit\slides\html\img013.GIF --> www.vu.msu.edu /home/cps291/stage/doit/slides/html img013.GIF
97.11.27 02:37 B C:\doit\slides\html\img014.GIF --> www.vu.msu.edu /home/cps291/stage/doit/slides/html img014.GIF
97.11.27 02:37 B C:\doit\slides\html\img015.GIF --> www.vu.msu.edu /home/cps291/stage/doit/slides/html img015.GIF
97.11.27 02:37 B C:\doit\slides\html\img016.GIF --> www.vu.msu.edu /home/cps291/stage/doit/slides/html img016.GIF
97.11.27 02:37 B C:\doit\slides\html\img017.GIF --> www.vu.msu.edu /home/cps291/stage/doit/slides/html img017.GIF
97.11.27 02:37 B C:\doit\slides\html\img018.GIF --> www.vu.msu.edu /home/cps291/stage/doit/slides/html img018.GIF
97.11.27 02:37 B C:\doit\slides\html\img019.GIF --> www.vu.msu.edu /home/cps291/stage/doit/slides/html img019.GIF
97.11.27 02:37 B C:\doit\slides\html\img020.GIF --> www.vu.msu.edu /home/cps291/stage/doit/slides/html img020.GIF
97.11.27 02:37 B C:\doit\slides\html\img021.GIF --> www.vu.msu.edu /home/cps291/stage/doit/slides/html img021.GIF
97.11.27 02:37 B C:\doit\slides\html\img022.GIF --> www.vu.msu.edu /home/cps291/stage/doit/slides/html img022.GIF
97.11.27 02:37 B C:\doit\slides\html\img023.GIF --> www.vu.msu.edu /home/cps291/stage/doit/slides/html img023.GIF
97.11.27 02:37 B C:\doit\slides\html\img024.GIF --> www.vu.msu.edu /home/cps291/stage/doit/slides/html img024.GIF
97.11.27 02:37 B C:\doit\slides\html\img025.GIF --> www.vu.msu.edu /home/cps291/stage/doit/slides/html img025.GIF
97.11.27 02:37 B C:\doit\slides\html\img026.GIF --> www.vu.msu.edu /home/cps291/stage/doit/slides/html img026.GIF
97.11.27 02:37 B C:\doit\slides\html\img027.GIF --> www.vu.msu.edu /home/cps291/stage/doit/slides/html img027.GIF
97.11.27 02:37 B C:\doit\slides\html\img028.GIF --> www.vu.msu.edu /home/cps291/stage/doit/slides/html img028.GIF
97.11.27 02:37 B C:\doit\slides\html\img029.GIF --> www.vu.msu.edu /home/cps291/stage/doit/slides/html img029.GIF
97.11.27 02:37 B C:\doit\slides\html\img030.GIF --> www.vu.msu.edu /home/cps291/stage/doit/slides/html img030.GIF
97.11.27 02:53 B C:\doit\slides\html\ielogo.gif --> www.vu.msu.edu /home/cps291/stage/doit/slides/html ielogo.gif
97.11.27 02:53 B C:\doit\slides\html\img001.GIF --> www.vu.msu.edu /home/cps291/stage/doit/slides/html img001.GIF
97.11.27 02:53 B C:\doit\slides\html\img002.GIF --> www.vu.msu.edu /home/cps291/stage/doit/slides/html img002.GIF
97.11.27 02:53 B C:\doit\slides\html\img003.GIF --> www.vu.msu.edu /home/cps291/stage/doit/slides/html img003.GIF
97.11.27 02:53 B C:\doit\slides\html\img004.GIF --> www.vu.msu.edu /home/cps291/stage/doit/slides/html img004.GIF
97.11.27 02:53 B C:\doit\slides\html\img005.GIF --> www.vu.msu.edu /home/cps291/stage/doit/slides/html img005.GIF
97.11.27 02:53 B C:\doit\slides\html\img006.GIF --> www.vu.msu.edu /home/cps291/stage/doit/slides/html img006.GIF
97.11.27 02:53 B C:\doit\slides\html\img007.GIF --> www.vu.msu.edu /home/cps291/stage/doit/slides/html img007.GIF
97.11.27 02:53 B C:\doit\slides\html\img008.GIF --> www.vu.msu.edu /home/cps291/stage/doit/slides/html img008.GIF
97.11.27 02:53 B C:\doit\slides\html\img009.GIF --> www.vu.msu.edu /home/cps291/stage/doit/slides/html img009.GIF
97.11.27 02:53 B C:\doit\slides\html\img010.GIF --> www.vu.msu.edu /home/cps291/stage/doit/slides/html img010.GIF
97.11.27 02:53 B C:\doit\slides\html\img011.GIF --> www.vu.msu.edu /home/cps291/stage/doit/slides/html img011.GIF
97.11.27 02:53 B C:\doit\slides\html\img012.GIF --> www.vu.msu.edu /home/cps291/stage/doit/slides/html img012.GIF
97.11.27 02:53 B C:\doit\slides\html\img013.GIF --> www.vu.msu.edu /home/cps291/stage/doit/slides/html img013.GIF
97.11.27 02:53 B C:\doit\slides\html\img014.GIF --> www.vu.msu.edu /home/cps291/stage/doit/slides/html img014.GIF
97.11.27 02:53 B C:\doit\slides\html\img015.GIF --> www.vu.msu.edu /home/cps291/stage/doit/slides/html img015.GIF
97.11.27 02:53 B C:\doit\slides\html\img016.GIF --> www.vu.msu.edu /home/cps291/stage/doit/slides/html img016.GIF
97.11.27 02:53 B C:\doit\slides\html\img017.GIF --> www.vu.msu.edu /home/cps291/stage/doit/slides/html img017.GIF
97.11.27 02:53 B C:\doit\slides\html\img018.GIF --> www.vu.msu.edu /home/cps291/stage/doit/slides/html img018.GIF
97.11.27 02:53 B C:\doit\slides\html\img019.GIF --> www.vu.msu.edu /home/cps291/stage/doit/slides/html img019.GIF
97.11.27 02:53 B C:\doit\slides\html\img020.GIF --> www.vu.msu.edu /home/cps291/stage/doit/slides/html img020.GIF
97.11.27 02:53 B C:\doit\slides\html\img021.GIF --> www.vu.msu.edu /home/cps291/stage/doit/slides/html img021.GIF
97.11.27 02:53 B C:\doit\slides\html\img022.GIF --> www.vu.msu.edu /home/cps291/stage/doit/slides/html img022.GIF
97.11.27 02:53 B C:\doit\slides\html\img023.GIF --> www.vu.msu.edu /home/cps291/stage/doit/slides/html img023.GIF
97.11.27 02:53 B C:\doit\slides\html\img024.GIF --> www.vu.msu.edu /home/cps291/stage/doit/slides/html img024.GIF
97.11.27 02:53 B C:\doit\slides\html\img025.GIF --> www.vu.msu.edu /home/cps291/stage/doit/slides/html img025.GIF
97.11.27 02:53 B C:\doit\slides\html\img026.GIF --> www.vu.msu.edu /home/cps291/stage/doit/slides/html img026.GIF
97.11.27 02:53 B C:\doit\slides\html\img027.GIF --> www.vu.msu.edu /home/cps291/stage/doit/slides/html img027.GIF
97.11.27 02:53 B C:\doit\slides\html\img028.GIF --> www.vu.msu.edu /home/cps291/stage/doit/slides/html img028.GIF
97.11.27 02:53 B C:\doit\slides\html\img029.GIF --> www.vu.msu.edu /home/cps291/stage/doit/slides/html img029.GIF
97.11.27 02:53 B C:\doit\slides\html\img030.GIF --> www.vu.msu.edu /home/cps291/stage/doit/slides/html img030.GIF
97.11.27 02:53 B C:\doit\slides\html\img031.GIF --> www.vu.msu.edu /home/cps291/stage/doit/slides/html img031.GIF
97.11.27 02:53 B C:\doit\slides\html\img032.GIF --> www.vu.msu.edu /home/cps291/stage/doit/slides/html img032.GIF
97.11.27 02:53 B C:\doit\slides\html\img033.GIF --> www.vu.msu.edu /home/cps291/stage/doit/slides/html img033.GIF
97.11.27 02:53 B C:\doit\slides\html\img034.GIF --> www.vu.msu.edu /home/cps291/stage/doit/slides/html img034.GIF
97.11.27 02:53 B C:\doit\slides\html\img035.GIF --> www.vu.msu.edu /home/cps291/stage/doit/slides/html img035.GIF
97.11.27 02:53 B C:\doit\slides\html\img036.GIF --> www.vu.msu.edu /home/cps291/stage/doit/slides/html img036.GIF
97.11.27 02:53 B C:\doit\slides\html\img037.GIF --> www.vu.msu.edu /home/cps291/stage/doit/slides/html img037.GIF
97.11.27 02:53 B C:\doit\slides\html\img038.GIF --> www.vu.msu.edu /home/cps291/stage/doit/slides/html img038.GIF
97.11.27 02:53 B C:\doit\slides\html\img039.GIF --> www.vu.msu.edu /home/cps291/stage/doit/slides/html img039.GIF
97.11.27 02:53 B C:\doit\slides\html\img040.GIF --> www.vu.msu.edu /home/cps291/stage/doit/slides/html img040.GIF
97.11.27 02:53 B C:\doit\slides\html\img041.GIF --> www.vu.msu.edu /home/cps291/stage/doit/slides/html img041.GIF
97.11.27 02:53 B C:\doit\slides\html\img042.GIF --> www.vu.msu.edu /home/cps291/stage/doit/slides/html img042.GIF
97.11.27 02:53 B C:\doit\slides\html\img043.GIF --> www.vu.msu.edu /home/cps291/stage/doit/slides/html img043.GIF
97.11.27 02:53 B C:\doit\slides\html\img044.GIF --> www.vu.msu.edu /home/cps291/stage/doit/slides/html img044.GIF
97.11.27 02:53 B C:\doit\slides\html\img045.GIF --> www.vu.msu.edu /home/cps291/stage/doit/slides/html img045.GIF
97.11.27 02:53 B C:\doit\slides\html\img046.GIF --> www.vu.msu.edu /home/cps291/stage/doit/slides/html img046.GIF
97.11.27 02:53 B C:\doit\slides\html\index.htm --> www.vu.msu.edu /home/cps291/stage/doit/slides/html index.htm
97.11.27 02:53 B C:\doit\slides\html\pptani.gif --> www.vu.msu.edu /home/cps291/stage/doit/slides/html pptani.gif
97.11.27 02:53 B C:\doit\slides\html\sld001.htm --> www.vu.msu.edu /home/cps291/stage/doit/slides/html sld001.htm
97.11.27 02:53 B C:\doit\slides\html\sld002.htm --> www.vu.msu.edu /home/cps291/stage/doit/slides/html sld002.htm
97.11.27 02:53 B C:\doit\slides\html\sld003.htm --> www.vu.msu.edu /home/cps291/stage/doit/slides/html sld003.htm
97.11.27 02:53 B C:\doit\slides\html\sld004.htm --> www.vu.msu.edu /home/cps291/stage/doit/slides/html sld004.htm
97.11.27 02:53 B C:\doit\slides\html\sld005.htm --> www.vu.msu.edu /home/cps291/stage/doit/slides/html sld005.htm
97.11.27 02:53 B C:\doit\slides\html\sld006.htm --> www.vu.msu.edu /home/cps291/stage/doit/slides/html sld006.htm
97.11.27 02:53 B C:\doit\slides\html\sld007.htm --> www.vu.msu.edu /home/cps291/stage/doit/slides/html sld007.htm
97.11.27 02:53 B C:\doit\slides\html\sld008.htm --> www.vu.msu.edu /home/cps291/stage/doit/slides/html sld008.htm
97.11.27 02:53 B C:\doit\slides\html\sld009.htm --> www.vu.msu.edu /home/cps291/stage/doit/slides/html sld009.htm
97.11.27 02:53 B C:\doit\slides\html\sld010.htm --> www.vu.msu.edu /home/cps291/stage/doit/slides/html sld010.htm
97.11.27 02:53 B C:\doit\slides\html\sld011.htm --> www.vu.msu.edu /home/cps291/stage/doit/slides/html sld011.htm
97.11.27 02:53 B C:\doit\slides\html\sld012.htm --> www.vu.msu.edu /home/cps291/stage/doit/slides/html sld012.htm
97.11.27 02:53 B C:\doit\slides\html\sld013.htm --> www.vu.msu.edu /home/cps291/stage/doit/slides/html sld013.htm
97.11.27 02:53 B C:\doit\slides\html\sld014.htm --> www.vu.msu.edu /home/cps291/stage/doit/slides/html sld014.htm
97.11.27 02:53 B C:\doit\slides\html\sld015.htm --> www.vu.msu.edu /home/cps291/stage/doit/slides/html sld015.htm
97.11.27 02:53 B C:\doit\slides\html\sld016.htm --> www.vu.msu.edu /home/cps291/stage/doit/slides/html sld016.htm
97.11.27 02:53 B C:\doit\slides\html\sld017.htm --> www.vu.msu.edu /home/cps291/stage/doit/slides/html sld017.htm
97.11.27 02:53 B C:\doit\slides\html\sld018.htm --> www.vu.msu.edu /home/cps291/stage/doit/slides/html sld018.htm
97.11.27 02:53 B C:\doit\slides\html\sld019.htm --> www.vu.msu.edu /home/cps291/stage/doit/slides/html sld019.htm
97.11.27 02:53 B C:\doit\slides\html\sld020.htm --> www.vu.msu.edu /home/cps291/stage/doit/slides/html sld020.htm
97.11.27 02:53 B C:\doit\slides\html\sld021.htm --> www.vu.msu.edu /home/cps291/stage/doit/slides/html sld021.htm
97.11.27 02:53 B C:\doit\slides\html\sld022.htm --> www.vu.msu.edu /home/cps291/stage/doit/slides/html sld022.htm
97.11.27 02:53 B C:\doit\slides\html\sld023.htm --> www.vu.msu.edu /home/cps291/stage/doit/slides/html sld023.htm
97.11.27 02:53 B C:\doit\slides\html\sld024.htm --> www.vu.msu.edu /home/cps291/stage/doit/slides/html sld024.htm
97.11.27 02:53 B C:\doit\slides\html\sld025.htm --> www.vu.msu.edu /home/cps291/stage/doit/slides/html sld025.htm
97.11.27 02:53 B C:\doit\slides\html\sld026.htm --> www.vu.msu.edu /home/cps291/stage/doit/slides/html sld026.htm
97.11.27 02:53 B C:\doit\slides\html\sld027.htm --> www.vu.msu.edu /home/cps291/stage/doit/slides/html sld027.htm
97.11.27 02:53 B C:\doit\slides\html\sld028.htm --> www.vu.msu.edu /home/cps291/stage/doit/slides/html sld028.htm
97.11.27 02:53 B C:\doit\slides\html\sld029.htm --> www.vu.msu.edu /home/cps291/stage/doit/slides/html sld029.htm
97.11.27 02:53 B C:\doit\slides\html\sld030.htm --> www.vu.msu.edu /home/cps291/stage/doit/slides/html sld030.htm
97.11.27 02:53 B C:\doit\slides\html\sld031.htm --> www.vu.msu.edu /home/cps291/stage/doit/slides/html sld031.htm
97.11.27 02:53 B C:\doit\slides\html\sld032.htm --> www.vu.msu.edu /home/cps291/stage/doit/slides/html sld032.htm
97.11.27 02:53 B C:\doit\slides\html\sld033.htm --> www.vu.msu.edu /home/cps291/stage/doit/slides/html sld033.htm
97.11.27 02:53 B C:\doit\slides\html\sld034.htm --> www.vu.msu.edu /home/cps291/stage/doit/slides/html sld034.htm
97.11.27 02:53 B C:\doit\slides\html\sld035.htm --> www.vu.msu.edu /home/cps291/stage/doit/slides/html sld035.htm
97.11.27 02:53 B C:\doit\slides\html\sld036.htm --> www.vu.msu.edu /home/cps291/stage/doit/slides/html sld036.htm
97.11.27 02:53 B C:\doit\slides\html\sld037.htm --> www.vu.msu.edu /home/cps291/stage/doit/slides/html sld037.htm
97.11.27 02:53 B C:\doit\slides\html\sld038.htm --> www.vu.msu.edu /home/cps291/stage/doit/slides/html sld038.htm
97.11.27 02:53 B C:\doit\slides\html\sld039.htm --> www.vu.msu.edu /home/cps291/stage/doit/slides/html sld039.htm
97.11.27 02:53 B C:\doit\slides\html\sld040.htm --> www.vu.msu.edu /home/cps291/stage/doit/slides/html sld040.htm
97.11.27 02:53 B C:\doit\slides\html\sld041.htm --> www.vu.msu.edu /home/cps291/stage/doit/slides/html sld041.htm
97.11.27 02:53 B C:\doit\slides\html\sld042.htm --> www.vu.msu.edu /home/cps291/stage/doit/slides/html sld042.htm
97.11.27 02:53 B C:\doit\slides\html\sld043.htm --> www.vu.msu.edu /home/cps291/stage/doit/slides/html sld043.htm
97.11.27 02:53 B C:\doit\slides\html\sld044.htm --> www.vu.msu.edu /home/cps291/stage/doit/slides/html sld044.htm
97.11.27 02:53 B C:\doit\slides\html\sld045.htm --> www.vu.msu.edu /home/cps291/stage/doit/slides/html sld045.htm
97.11.27 02:53 B C:\doit\slides\html\sld046.htm --> www.vu.msu.edu /home/cps291/stage/doit/slides/html sld046.htm
97.11.27 02:53 B C:\doit\slides\html\space.gif --> www.vu.msu.edu /home/cps291/stage/doit/slides/html space.gif
97.11.27 02:53 B C:\doit\slides\html\tsld001.htm --> www.vu.msu.edu /home/cps291/stage/doit/slides/html tsld001.htm
97.11.27 02:53 B C:\doit\slides\html\tsld002.htm --> www.vu.msu.edu /home/cps291/stage/doit/slides/html tsld002.htm
97.11.27 02:53 B C:\doit\slides\html\tsld003.htm --> www.vu.msu.edu /home/cps291/stage/doit/slides/html tsld003.htm
97.11.27 02:53 B C:\doit\slides\html\tsld004.htm --> www.vu.msu.edu /home/cps291/stage/doit/slides/html tsld004.htm
97.11.27 02:53 B C:\doit\slides\html\tsld005.htm --> www.vu.msu.edu /home/cps291/stage/doit/slides/html tsld005.htm
97.11.27 02:53 B C:\doit\slides\html\tsld006.htm --> www.vu.msu.edu /home/cps291/stage/doit/slides/html tsld006.htm
97.11.27 02:53 B C:\doit\slides\html\tsld007.htm --> www.vu.msu.edu /home/cps291/stage/doit/slides/html tsld007.htm
97.11.27 02:53 B C:\doit\slides\html\tsld008.htm --> www.vu.msu.edu /home/cps291/stage/doit/slides/html tsld008.htm
97.11.27 02:53 B C:\doit\slides\html\tsld009.htm --> www.vu.msu.edu /home/cps291/stage/doit/slides/html tsld009.htm
97.11.27 02:53 B C:\doit\slides\html\tsld010.htm --> www.vu.msu.edu /home/cps291/stage/doit/slides/html tsld010.htm
97.11.27 02:53 B C:\doit\slides\html\tsld011.htm --> www.vu.msu.edu /home/cps291/stage/doit/slides/html tsld011.htm
97.11.27 02:53 B C:\doit\slides\html\tsld012.htm --> www.vu.msu.edu /home/cps291/stage/doit/slides/html tsld012.htm
97.11.27 02:53 B C:\doit\slides\html\tsld013.htm --> www.vu.msu.edu /home/cps291/stage/doit/slides/html tsld013.htm
97.11.27 02:53 B C:\doit\slides\html\tsld014.htm --> www.vu.msu.edu /home/cps291/stage/doit/slides/html tsld014.htm
97.11.27 02:53 B C:\doit\slides\html\tsld015.htm --> www.vu.msu.edu /home/cps291/stage/doit/slides/html tsld015.htm
97.11.27 02:53 B C:\doit\slides\html\tsld016.htm --> www.vu.msu.edu /home/cps291/stage/doit/slides/html tsld016.htm
97.11.27 02:53 B C:\doit\slides\html\tsld017.htm --> www.vu.msu.edu /home/cps291/stage/doit/slides/html tsld017.htm
97.11.27 02:53 B C:\doit\slides\html\tsld018.htm --> www.vu.msu.edu /home/cps291/stage/doit/slides/html tsld018.htm
97.11.27 02:53 B C:\doit\slides\html\tsld019.htm --> www.vu.msu.edu /home/cps291/stage/doit/slides/html tsld019.htm
97.11.27 02:53 B C:\doit\slides\html\tsld020.htm --> www.vu.msu.edu /home/cps291/stage/doit/slides/html tsld020.htm
97.11.27 02:53 B C:\doit\slides\html\tsld021.htm --> www.vu.msu.edu /home/cps291/stage/doit/slides/html tsld021.htm
97.11.27 02:53 B C:\doit\slides\html\tsld022.htm --> www.vu.msu.edu /home/cps291/stage/doit/slides/html tsld022.htm
97.11.27 02:53 B C:\doit\slides\html\tsld023.htm --> www.vu.msu.edu /home/cps291/stage/doit/slides/html tsld023.htm
97.11.27 02:53 B C:\doit\slides\html\tsld024.htm --> www.vu.msu.edu /home/cps291/stage/doit/slides/html tsld024.htm
97.11.27 02:53 B C:\doit\slides\html\tsld025.htm --> www.vu.msu.edu /home/cps291/stage/doit/slides/html tsld025.htm
97.11.27 02:53 B C:\doit\slides\html\tsld026.htm --> www.vu.msu.edu /home/cps291/stage/doit/slides/html tsld026.htm
97.11.27 02:53 B C:\doit\slides\html\tsld027.htm --> www.vu.msu.edu /home/cps291/stage/doit/slides/html tsld027.htm
97.11.27 02:53 B C:\doit\slides\html\tsld028.htm --> www.vu.msu.edu /home/cps291/stage/doit/slides/html tsld028.htm
97.11.27 02:53 B C:\doit\slides\html\tsld029.htm --> www.vu.msu.edu /home/cps291/stage/doit/slides/html tsld029.htm
97.11.27 02:53 B C:\doit\slides\html\tsld030.htm --> www.vu.msu.edu /home/cps291/stage/doit/slides/html tsld030.htm
97.11.27 02:53 B C:\doit\slides\html\tsld031.htm --> www.vu.msu.edu /home/cps291/stage/doit/slides/html tsld031.htm
97.11.27 02:53 B C:\doit\slides\html\tsld032.htm --> www.vu.msu.edu /home/cps291/stage/doit/slides/html tsld032.htm
97.11.27 02:53 B C:\doit\slides\html\tsld033.htm --> www.vu.msu.edu /home/cps291/stage/doit/slides/html tsld033.htm
97.11.27 02:53 B C:\doit\slides\html\tsld034.htm --> www.vu.msu.edu /home/cps291/stage/doit/slides/html tsld034.htm
97.11.27 02:53 B C:\doit\slides\html\tsld035.htm --> www.vu.msu.edu /home/cps291/stage/doit/slides/html tsld035.htm
97.11.27 02:53 B C:\doit\slides\html\tsld036.htm --> www.vu.msu.edu /home/cps291/stage/doit/slides/html tsld036.htm
97.11.27 02:53 B C:\doit\slides\html\tsld037.htm --> www.vu.msu.edu /home/cps291/stage/doit/slides/html tsld037.htm
97.11.27 02:53 B C:\doit\slides\html\tsld038.htm --> www.vu.msu.edu /home/cps291/stage/doit/slides/html tsld038.htm
97.11.27 02:53 B C:\doit\slides\html\tsld039.htm --> www.vu.msu.edu /home/cps291/stage/doit/slides/html tsld039.htm
97.11.27 02:53 B C:\doit\slides\html\tsld040.htm --> www.vu.msu.edu /home/cps291/stage/doit/slides/html tsld040.htm
97.11.27 02:53 B C:\doit\slides\html\tsld041.htm --> www.vu.msu.edu /home/cps291/stage/doit/slides/html tsld041.htm
97.11.27 02:53 B C:\doit\slides\html\tsld042.htm --> www.vu.msu.edu /home/cps291/stage/doit/slides/html tsld042.htm
97.11.27 02:53 B C:\doit\slides\html\tsld043.htm --> www.vu.msu.edu /home/cps291/stage/doit/slides/html tsld043.htm
97.11.27 02:53 B C:\doit\slides\html\tsld044.htm --> www.vu.msu.edu /home/cps291/stage/doit/slides/html tsld044.htm
97.11.27 02:53 B C:\doit\slides\html\tsld045.htm --> www.vu.msu.edu /home/cps291/stage/doit/slides/html tsld045.htm
97.11.27 02:53 B C:\doit\slides\html\tsld046.htm --> www.vu.msu.edu /home/cps291/stage/doit/slides/html tsld046.htm
97.11.27 02:53 B C:\doit\slides\html\WS_FTP.LOG --> www.vu.msu.edu /home/cps291/stage/doit/slides/html WS_FTP.LOG
97.12.09 10:22 B C:\doit\slides\html\ielogo.gif --> arctic.cps.msu.edu /user/cd/cps291/doit/slides/html ielogo.gif
97.12.09 10:22 B C:\doit\slides\html\img001.GIF --> arctic.cps.msu.edu /user/cd/cps291/doit/slides/html img001.GIF
97.12.09 10:22 B C:\doit\slides\html\img002.GIF --> arctic.cps.msu.edu /user/cd/cps291/doit/slides/html img002.GIF
97.12.09 10:22 B C:\doit\slides\html\img003.GIF --> arctic.cps.msu.edu /user/cd/cps291/doit/slides/html img003.GIF
97.12.09 10:22 B C:\doit\slides\html\img004.GIF --> arctic.cps.msu.edu /user/cd/cps291/doit/slides/html img004.GIF
97.12.09 10:22 B C:\doit\slides\html\img005.GIF --> arctic.cps.msu.edu /user/cd/cps291/doit/slides/html img005.GIF
97.12.09 10:22 B C:\doit\slides\html\img006.GIF --> arctic.cps.msu.edu /user/cd/cps291/doit/slides/html img006.GIF
97.12.09 10:22 B C:\doit\slides\html\img007.GIF --> arctic.cps.msu.edu /user/cd/cps291/doit/slides/html img007.GIF
97.12.09 10:22 B C:\doit\slides\html\img008.GIF --> arctic.cps.msu.edu /user/cd/cps291/doit/slides/html img008.GIF
97.12.09 10:22 B C:\doit\slides\html\img009.GIF --> arctic.cps.msu.edu /user/cd/cps291/doit/slides/html img009.GIF
97.12.09 10:22 B C:\doit\slides\html\img010.GIF --> arctic.cps.msu.edu /user/cd/cps291/doit/slides/html img010.GIF
97.12.09 10:22 B C:\doit\slides\html\img011.GIF --> arctic.cps.msu.edu /user/cd/cps291/doit/slides/html img011.GIF
97.12.09 10:22 B C:\doit\slides\html\img012.GIF --> arctic.cps.msu.edu /user/cd/cps291/doit/slides/html img012.GIF
97.12.09 10:22 B C:\doit\slides\html\img013.GIF --> arctic.cps.msu.edu /user/cd/cps291/doit/slides/html img013.GIF
97.12.09 10:22 B C:\doit\slides\html\img014.GIF --> arctic.cps.msu.edu /user/cd/cps291/doit/slides/html img014.GIF
97.12.09 10:22 B C:\doit\slides\html\img015.GIF --> arctic.cps.msu.edu /user/cd/cps291/doit/slides/html img015.GIF
97.12.09 10:22 B C:\doit\slides\html\img016.GIF --> arctic.cps.msu.edu /user/cd/cps291/doit/slides/html img016.GIF
97.12.09 10:22 B C:\doit\slides\html\img017.GIF --> arctic.cps.msu.edu /user/cd/cps291/doit/slides/html img017.GIF
97.12.09 10:22 B C:\doit\slides\html\img018.GIF --> arctic.cps.msu.edu /user/cd/cps291/doit/slides/html img018.GIF
97.12.09 10:22 B C:\doit\slides\html\img019.GIF --> arctic.cps.msu.edu /user/cd/cps291/doit/slides/html img019.GIF
97.12.09 10:22 B C:\doit\slides\html\img020.GIF --> arctic.cps.msu.edu /user/cd/cps291/doit/slides/html img020.GIF
97.12.09 10:22 B C:\doit\slides\html\img021.GIF --> arctic.cps.msu.edu /user/cd/cps291/doit/slides/html img021.GIF
97.12.09 10:22 B C:\doit\slides\html\img022.GIF --> arctic.cps.msu.edu /user/cd/cps291/doit/slides/html img022.GIF
97.12.09 10:22 B C:\doit\slides\html\img023.GIF --> arctic.cps.msu.edu /user/cd/cps291/doit/slides/html img023.GIF
97.12.09 10:22 B C:\doit\slides\html\img024.GIF --> arctic.cps.msu.edu /user/cd/cps291/doit/slides/html img024.GIF
97.12.09 10:22 B C:\doit\slides\html\img025.GIF --> arctic.cps.msu.edu /user/cd/cps291/doit/slides/html img025.GIF
97.12.09 10:22 B C:\doit\slides\html\img026.GIF --> arctic.cps.msu.edu /user/cd/cps291/doit/slides/html img026.GIF
97.12.09 10:22 B C:\doit\slides\html\img027.GIF --> arctic.cps.msu.edu /user/cd/cps291/doit/slides/html img027.GIF
97.12.09 10:22 B C:\doit\slides\html\img028.GIF --> arctic.cps.msu.edu /user/cd/cps291/doit/slides/html img028.GIF
97.12.09 10:22 B C:\doit\slides\html\img029.GIF --> arctic.cps.msu.edu /user/cd/cps291/doit/slides/html img029.GIF
97.12.09 10:22 B C:\doit\slides\html\img030.GIF --> arctic.cps.msu.edu /user/cd/cps291/doit/slides/html img030.GIF
97.12.09 10:22 B C:\doit\slides\html\img031.GIF --> arctic.cps.msu.edu /user/cd/cps291/doit/slides/html img031.GIF
97.12.09 10:22 B C:\doit\slides\html\img032.GIF --> arctic.cps.msu.edu /user/cd/cps291/doit/slides/html img032.GIF
97.12.09 10:22 B C:\doit\slides\html\img033.GIF --> arctic.cps.msu.edu /user/cd/cps291/doit/slides/html img033.GIF
97.12.09 10:23 B C:\doit\slides\html\img034.GIF --> arctic.cps.msu.edu /user/cd/cps291/doit/slides/html img034.GIF
97.12.09 10:23 B C:\doit\slides\html\img035.GIF --> arctic.cps.msu.edu /user/cd/cps291/doit/slides/html img035.GIF
97.12.09 10:23 B C:\doit\slides\html\img036.GIF --> arctic.cps.msu.edu /user/cd/cps291/doit/slides/html img036.GIF
97.12.09 10:23 B C:\doit\slides\html\img037.GIF --> arctic.cps.msu.edu /user/cd/cps291/doit/slides/html img037.GIF
97.12.09 10:23 B C:\doit\slides\html\img038.GIF --> arctic.cps.msu.edu /user/cd/cps291/doit/slides/html img038.GIF
97.12.09 10:23 B C:\doit\slides\html\img039.GIF --> arctic.cps.msu.edu /user/cd/cps291/doit/slides/html img039.GIF
97.12.09 10:23 B C:\doit\slides\html\img040.GIF --> arctic.cps.msu.edu /user/cd/cps291/doit/slides/html img040.GIF
97.12.09 10:23 B C:\doit\slides\html\img041.GIF --> arctic.cps.msu.edu /user/cd/cps291/doit/slides/html img041.GIF
97.12.09 10:23 B C:\doit\slides\html\img042.GIF --> arctic.cps.msu.edu /user/cd/cps291/doit/slides/html img042.GIF
97.12.09 10:23 B C:\doit\slides\html\img043.GIF --> arctic.cps.msu.edu /user/cd/cps291/doit/slides/html img043.GIF
97.12.09 10:23 B C:\doit\slides\html\img044.GIF --> arctic.cps.msu.edu /user/cd/cps291/doit/slides/html img044.GIF
97.12.09 10:23 B C:\doit\slides\html\img045.GIF --> arctic.cps.msu.edu /user/cd/cps291/doit/slides/html img045.GIF
97.12.09 10:23 B C:\doit\slides\html\img046.GIF --> arctic.cps.msu.edu /user/cd/cps291/doit/slides/html img046.GIF
97.12.09 10:23 B C:\doit\slides\html\index.htm --> arctic.cps.msu.edu /user/cd/cps291/doit/slides/html index.htm
97.12.09 10:23 B C:\doit\slides\html\pptani.gif --> arctic.cps.msu.edu /user/cd/cps291/doit/slides/html pptani.gif
97.12.09 10:23 B C:\doit\slides\html\sld001.htm --> arctic.cps.msu.edu /user/cd/cps291/doit/slides/html sld001.htm
97.12.09 10:23 B C:\doit\slides\html\sld002.htm --> arctic.cps.msu.edu /user/cd/cps291/doit/slides/html sld002.htm
97.12.09 10:23 B C:\doit\slides\html\sld003.htm --> arctic.cps.msu.edu /user/cd/cps291/doit/slides/html sld003.htm
97.12.09 10:23 B C:\doit\slides\html\sld004.htm --> arctic.cps.msu.edu /user/cd/cps291/doit/slides/html sld004.htm
97.12.09 10:23 B C:\doit\slides\html\sld005.htm --> arctic.cps.msu.edu /user/cd/cps291/doit/slides/html sld005.htm
97.12.09 10:23 B C:\doit\slides\html\sld006.htm --> arctic.cps.msu.edu /user/cd/cps291/doit/slides/html sld006.htm
97.12.09 10:23 B C:\doit\slides\html\sld007.htm --> arctic.cps.msu.edu /user/cd/cps291/doit/slides/html sld007.htm
97.12.09 10:23 B C:\doit\slides\html\sld008.htm --> arctic.cps.msu.edu /user/cd/cps291/doit/slides/html sld008.htm
97.12.09 10:23 B C:\doit\slides\html\sld009.htm --> arctic.cps.msu.edu /user/cd/cps291/doit/slides/html sld009.htm
97.12.09 10:23 B C:\doit\slides\html\sld010.htm --> arctic.cps.msu.edu /user/cd/cps291/doit/slides/html sld010.htm
97.12.09 10:23 B C:\doit\slides\html\sld011.htm --> arctic.cps.msu.edu /user/cd/cps291/doit/slides/html sld011.htm
97.12.09 10:23 B C:\doit\slides\html\sld012.htm --> arctic.cps.msu.edu /user/cd/cps291/doit/slides/html sld012.htm
97.12.09 10:23 B C:\doit\slides\html\sld013.htm --> arctic.cps.msu.edu /user/cd/cps291/doit/slides/html sld013.htm
97.12.09 10:23 B C:\doit\slides\html\sld014.htm --> arctic.cps.msu.edu /user/cd/cps291/doit/slides/html sld014.htm
97.12.09 10:23 B C:\doit\slides\html\sld015.htm --> arctic.cps.msu.edu /user/cd/cps291/doit/slides/html sld015.htm
97.12.09 10:23 B C:\doit\slides\html\sld016.htm --> arctic.cps.msu.edu /user/cd/cps291/doit/slides/html sld016.htm
97.12.09 10:23 B C:\doit\slides\html\sld017.htm --> arctic.cps.msu.edu /user/cd/cps291/doit/slides/html sld017.htm
97.12.09 10:23 B C:\doit\slides\html\sld018.htm --> arctic.cps.msu.edu /user/cd/cps291/doit/slides/html sld018.htm
97.12.09 10:23 B C:\doit\slides\html\sld019.htm --> arctic.cps.msu.edu /user/cd/cps291/doit/slides/html sld019.htm
97.12.09 10:23 B C:\doit\slides\html\sld020.htm --> arctic.cps.msu.edu /user/cd/cps291/doit/slides/html sld020.htm
97.12.09 10:23 B C:\doit\slides\html\sld021.htm --> arctic.cps.msu.edu /user/cd/cps291/doit/slides/html sld021.htm
97.12.09 10:23 B C:\doit\slides\html\sld022.htm --> arctic.cps.msu.edu /user/cd/cps291/doit/slides/html sld022.htm
97.12.09 10:23 B C:\doit\slides\html\sld023.htm --> arctic.cps.msu.edu /user/cd/cps291/doit/slides/html sld023.htm
97.12.09 10:23 B C:\doit\slides\html\sld024.htm --> arctic.cps.msu.edu /user/cd/cps291/doit/slides/html sld024.htm
97.12.09 10:23 B C:\doit\slides\html\sld025.htm --> arctic.cps.msu.edu /user/cd/cps291/doit/slides/html sld025.htm
97.12.09 10:23 B C:\doit\slides\html\sld026.htm --> arctic.cps.msu.edu /user/cd/cps291/doit/slides/html sld026.htm
97.12.09 10:23 B C:\doit\slides\html\sld027.htm --> arctic.cps.msu.edu /user/cd/cps291/doit/slides/html sld027.htm
97.12.09 10:23 B C:\doit\slides\html\sld028.htm --> arctic.cps.msu.edu /user/cd/cps291/doit/slides/html sld028.htm
97.12.09 10:23 B C:\doit\slides\html\sld029.htm --> arctic.cps.msu.edu /user/cd/cps291/doit/slides/html sld029.htm
97.12.09 10:23 B C:\doit\slides\html\sld030.htm --> arctic.cps.msu.edu /user/cd/cps291/doit/slides/html sld030.htm
97.12.09 10:23 B C:\doit\slides\html\sld031.htm --> arctic.cps.msu.edu /user/cd/cps291/doit/slides/html sld031.htm
97.12.09 10:23 B C:\doit\slides\html\sld032.htm --> arctic.cps.msu.edu /user/cd/cps291/doit/slides/html sld032.htm
97.12.09 10:23 B C:\doit\slides\html\sld033.htm --> arctic.cps.msu.edu /user/cd/cps291/doit/slides/html sld033.htm
97.12.09 10:23 B C:\doit\slides\html\sld034.htm --> arctic.cps.msu.edu /user/cd/cps291/doit/slides/html sld034.htm
97.12.09 10:23 B C:\doit\slides\html\sld035.htm --> arctic.cps.msu.edu /user/cd/cps291/doit/slides/html sld035.htm
97.12.09 10:23 B C:\doit\slides\html\sld036.htm --> arctic.cps.msu.edu /user/cd/cps291/doit/slides/html sld036.htm
97.12.09 10:23 B C:\doit\slides\html\sld037.htm --> arctic.cps.msu.edu /user/cd/cps291/doit/slides/html sld037.htm
97.12.09 10:23 B C:\doit\slides\html\sld038.htm --> arctic.cps.msu.edu /user/cd/cps291/doit/slides/html sld038.htm
97.12.09 10:23 B C:\doit\slides\html\sld039.htm --> arctic.cps.msu.edu /user/cd/cps291/doit/slides/html sld039.htm
97.12.09 10:23 B C:\doit\slides\html\sld040.htm --> arctic.cps.msu.edu /user/cd/cps291/doit/slides/html sld040.htm
97.12.09 10:23 B C:\doit\slides\html\sld041.htm --> arctic.cps.msu.edu /user/cd/cps291/doit/slides/html sld041.htm
97.12.09 10:23 B C:\doit\slides\html\sld042.htm --> arctic.cps.msu.edu /user/cd/cps291/doit/slides/html sld042.htm
97.12.09 10:23 B C:\doit\slides\html\sld043.htm --> arctic.cps.msu.edu /user/cd/cps291/doit/slides/html sld043.htm
97.12.09 10:23 B C:\doit\slides\html\sld044.htm --> arctic.cps.msu.edu /user/cd/cps291/doit/slides/html sld044.htm
97.12.09 10:23 B C:\doit\slides\html\sld045.htm --> arctic.cps.msu.edu /user/cd/cps291/doit/slides/html sld045.htm
97.12.09 10:23 B C:\doit\slides\html\sld046.htm --> arctic.cps.msu.edu /user/cd/cps291/doit/slides/html sld046.htm
97.12.09 10:23 B C:\doit\slides\html\space.gif --> arctic.cps.msu.edu /user/cd/cps291/doit/slides/html space.gif
97.12.09 10:23 B C:\doit\slides\html\tsld001.htm --> arctic.cps.msu.edu /user/cd/cps291/doit/slides/html tsld001.htm
97.12.09 10:23 B C:\doit\slides\html\tsld002.htm --> arctic.cps.msu.edu /user/cd/cps291/doit/slides/html tsld002.htm
97.12.09 10:23 B C:\doit\slides\html\tsld003.htm --> arctic.cps.msu.edu /user/cd/cps291/doit/slides/html tsld003.htm
97.12.09 10:23 B C:\doit\slides\html\tsld004.htm --> arctic.cps.msu.edu /user/cd/cps291/doit/slides/html tsld004.htm
97.12.09 10:23 B C:\doit\slides\html\tsld005.htm --> arctic.cps.msu.edu /user/cd/cps291/doit/slides/html tsld005.htm
97.12.09 10:23 B C:\doit\slides\html\tsld006.htm --> arctic.cps.msu.edu /user/cd/cps291/doit/slides/html tsld006.htm
97.12.09 10:23 B C:\doit\slides\html\tsld007.htm --> arctic.cps.msu.edu /user/cd/cps291/doit/slides/html tsld007.htm
97.12.09 10:23 B C:\doit\slides\html\tsld008.htm --> arctic.cps.msu.edu /user/cd/cps291/doit/slides/html tsld008.htm
97.12.09 10:23 B C:\doit\slides\html\tsld009.htm --> arctic.cps.msu.edu /user/cd/cps291/doit/slides/html tsld009.htm
97.12.09 10:23 B C:\doit\slides\html\tsld010.htm --> arctic.cps.msu.edu /user/cd/cps291/doit/slides/html tsld010.htm
97.12.09 10:23 B C:\doit\slides\html\tsld011.htm --> arctic.cps.msu.edu /user/cd/cps291/doit/slides/html tsld011.htm
97.12.09 10:23 B C:\doit\slides\html\tsld012.htm --> arctic.cps.msu.edu /user/cd/cps291/doit/slides/html tsld012.htm
97.12.09 10:23 B C:\doit\slides\html\tsld013.htm --> arctic.cps.msu.edu /user/cd/cps291/doit/slides/html tsld013.htm
97.12.09 10:23 B C:\doit\slides\html\tsld014.htm --> arctic.cps.msu.edu /user/cd/cps291/doit/slides/html tsld014.htm
97.12.09 10:23 B C:\doit\slides\html\tsld015.htm --> arctic.cps.msu.edu /user/cd/cps291/doit/slides/html tsld015.htm
97.12.09 10:23 B C:\doit\slides\html\tsld016.htm --> arctic.cps.msu.edu /user/cd/cps291/doit/slides/html tsld016.htm
97.12.09 10:23 B C:\doit\slides\html\tsld017.htm --> arctic.cps.msu.edu /user/cd/cps291/doit/slides/html tsld017.htm
97.12.09 10:23 B C:\doit\slides\html\tsld018.htm --> arctic.cps.msu.edu /user/cd/cps291/doit/slides/html tsld018.htm
97.12.09 10:23 B C:\doit\slides\html\tsld019.htm --> arctic.cps.msu.edu /user/cd/cps291/doit/slides/html tsld019.htm
97.12.09 10:23 B C:\doit\slides\html\tsld020.htm --> arctic.cps.msu.edu /user/cd/cps291/doit/slides/html tsld020.htm
97.12.09 10:23 B C:\doit\slides\html\tsld021.htm --> arctic.cps.msu.edu /user/cd/cps291/doit/slides/html tsld021.htm
97.12.09 10:23 B C:\doit\slides\html\tsld022.htm --> arctic.cps.msu.edu /user/cd/cps291/doit/slides/html tsld022.htm
97.12.09 10:23 B C:\doit\slides\html\tsld023.htm --> arctic.cps.msu.edu /user/cd/cps291/doit/slides/html tsld023.htm
97.12.09 10:23 B C:\doit\slides\html\tsld024.htm --> arctic.cps.msu.edu /user/cd/cps291/doit/slides/html tsld024.htm
97.12.09 10:23 B C:\doit\slides\html\tsld025.htm --> arctic.cps.msu.edu /user/cd/cps291/doit/slides/html tsld025.htm
97.12.09 10:23 B C:\doit\slides\html\tsld026.htm --> arctic.cps.msu.edu /user/cd/cps291/doit/slides/html tsld026.htm
97.12.09 10:23 B C:\doit\slides\html\tsld027.htm --> arctic.cps.msu.edu /user/cd/cps291/doit/slides/html tsld027.htm
97.12.09 10:23 B C:\doit\slides\html\tsld028.htm --> arctic.cps.msu.edu /user/cd/cps291/doit/slides/html tsld028.htm
97.12.09 10:23 B C:\doit\slides\html\tsld029.htm --> arctic.cps.msu.edu /user/cd/cps291/doit/slides/html tsld029.htm
97.12.09 10:23 B C:\doit\slides\html\tsld030.htm --> arctic.cps.msu.edu /user/cd/cps291/doit/slides/html tsld030.htm
97.12.09 10:23 B C:\doit\slides\html\tsld031.htm --> arctic.cps.msu.edu /user/cd/cps291/doit/slides/html tsld031.htm
97.12.09 10:23 B C:\doit\slides\html\tsld032.htm --> arctic.cps.msu.edu /user/cd/cps291/doit/slides/html tsld032.htm
97.12.09 10:23 B C:\doit\slides\html\tsld033.htm --> arctic.cps.msu.edu /user/cd/cps291/doit/slides/html tsld033.htm
97.12.09 10:23 B C:\doit\slides\html\tsld034.htm --> arctic.cps.msu.edu /user/cd/cps291/doit/slides/html tsld034.htm
97.12.09 10:23 B C:\doit\slides\html\tsld035.htm --> arctic.cps.msu.edu /user/cd/cps291/doit/slides/html tsld035.htm
97.12.09 10:23 B C:\doit\slides\html\tsld036.htm --> arctic.cps.msu.edu /user/cd/cps291/doit/slides/html tsld036.htm
97.12.09 10:23 B C:\doit\slides\html\tsld037.htm --> arctic.cps.msu.edu /user/cd/cps291/doit/slides/html tsld037.htm
97.12.09 10:23 B C:\doit\slides\html\tsld038.htm --> arctic.cps.msu.edu /user/cd/cps291/doit/slides/html tsld038.htm
97.12.09 10:23 B C:\doit\slides\html\tsld039.htm --> arctic.cps.msu.edu /user/cd/cps291/doit/slides/html tsld039.htm
97.12.09 10:23 B C:\doit\slides\html\tsld040.htm --> arctic.cps.msu.edu /user/cd/cps291/doit/slides/html tsld040.htm
97.12.09 10:23 B C:\doit\slides\html\tsld041.htm --> arctic.cps.msu.edu /user/cd/cps291/doit/slides/html tsld041.htm
97.12.09 10:23 B C:\doit\slides\html\tsld042.htm --> arctic.cps.msu.edu /user/cd/cps291/doit/slides/html tsld042.htm
97.12.09 10:23 B C:\doit\slides\html\tsld043.htm --> arctic.cps.msu.edu /user/cd/cps291/doit/slides/html tsld043.htm
97.12.09 10:23 B C:\doit\slides\html\tsld044.htm --> arctic.cps.msu.edu /user/cd/cps291/doit/slides/html tsld044.htm
97.12.09 10:23 B C:\doit\slides\html\tsld045.htm --> arctic.cps.msu.edu /user/cd/cps291/doit/slides/html tsld045.htm
97.12.09 10:23 B C:\doit\slides\html\tsld046.htm --> arctic.cps.msu.edu /user/cd/cps291/doit/slides/html tsld046.htm
97.12.09 10:23 B C:\doit\slides\html\WS_FTP.LOG --> arctic.cps.msu.edu /user/cd/cps291/doit/slides/html WS_FTP.LOG
97.12.10 03:09 B C:\doit\slides\html\ielogo.gif --> arctic.cps.msu.edu /user/cd/cps291/src/doit/slides/html ielogo.gif
97.12.10 03:09 B C:\doit\slides\html\img001.GIF --> arctic.cps.msu.edu /user/cd/cps291/src/doit/slides/html img001.GIF
97.12.10 03:09 B C:\doit\slides\html\img002.GIF --> arctic.cps.msu.edu /user/cd/cps291/src/doit/slides/html img002.GIF
97.12.10 03:09 B C:\doit\slides\html\img003.GIF --> arctic.cps.msu.edu /user/cd/cps291/src/doit/slides/html img003.GIF
97.12.10 03:09 B C:\doit\slides\html\img004.GIF --> arctic.cps.msu.edu /user/cd/cps291/src/doit/slides/html img004.GIF
97.12.10 03:09 B C:\doit\slides\html\img005.GIF --> arctic.cps.msu.edu /user/cd/cps291/src/doit/slides/html img005.GIF
97.12.10 03:09 B C:\doit\slides\html\img006.GIF --> arctic.cps.msu.edu /user/cd/cps291/src/doit/slides/html img006.GIF
97.12.10 03:09 B C:\doit\slides\html\img007.GIF --> arctic.cps.msu.edu /user/cd/cps291/src/doit/slides/html img007.GIF
97.12.10 03:09 B C:\doit\slides\html\img008.GIF --> arctic.cps.msu.edu /user/cd/cps291/src/doit/slides/html img008.GIF
97.12.10 03:09 B C:\doit\slides\html\img009.GIF --> arctic.cps.msu.edu /user/cd/cps291/src/doit/slides/html img009.GIF
97.12.10 03:09 B C:\doit\slides\html\img010.GIF --> arctic.cps.msu.edu /user/cd/cps291/src/doit/slides/html img010.GIF
97.12.10 03:09 B C:\doit\slides\html\img011.GIF --> arctic.cps.msu.edu /user/cd/cps291/src/doit/slides/html img011.GIF
97.12.10 03:09 B C:\doit\slides\html\img012.GIF --> arctic.cps.msu.edu /user/cd/cps291/src/doit/slides/html img012.GIF
97.12.10 03:09 B C:\doit\slides\html\img013.GIF --> arctic.cps.msu.edu /user/cd/cps291/src/doit/slides/html img013.GIF
97.12.10 03:09 B C:\doit\slides\html\img014.GIF --> arctic.cps.msu.edu /user/cd/cps291/src/doit/slides/html img014.GIF
97.12.10 03:09 B C:\doit\slides\html\img015.GIF --> arctic.cps.msu.edu /user/cd/cps291/src/doit/slides/html img015.GIF
97.12.10 03:09 B C:\doit\slides\html\img016.GIF --> arctic.cps.msu.edu /user/cd/cps291/src/doit/slides/html img016.GIF
97.12.10 03:09 B C:\doit\slides\html\img017.GIF --> arctic.cps.msu.edu /user/cd/cps291/src/doit/slides/html img017.GIF
97.12.10 03:09 B C:\doit\slides\html\img018.GIF --> arctic.cps.msu.edu /user/cd/cps291/src/doit/slides/html img018.GIF
97.12.10 03:09 B C:\doit\slides\html\img019.GIF --> arctic.cps.msu.edu /user/cd/cps291/src/doit/slides/html img019.GIF
97.12.10 03:09 B C:\doit\slides\html\img020.GIF --> arctic.cps.msu.edu /user/cd/cps291/src/doit/slides/html img020.GIF
97.12.10 03:09 B C:\doit\slides\html\img021.GIF --> arctic.cps.msu.edu /user/cd/cps291/src/doit/slides/html img021.GIF
97.12.10 03:09 B C:\doit\slides\html\img022.GIF --> arctic.cps.msu.edu /user/cd/cps291/src/doit/slides/html img022.GIF
97.12.10 03:09 B C:\doit\slides\html\img023.GIF --> arctic.cps.msu.edu /user/cd/cps291/src/doit/slides/html img023.GIF
97.12.10 03:09 B C:\doit\slides\html\img024.GIF --> arctic.cps.msu.edu /user/cd/cps291/src/doit/slides/html img024.GIF
97.12.10 03:09 B C:\doit\slides\html\img025.GIF --> arctic.cps.msu.edu /user/cd/cps291/src/doit/slides/html img025.GIF
97.12.10 03:09 B C:\doit\slides\html\img026.GIF --> arctic.cps.msu.edu /user/cd/cps291/src/doit/slides/html img026.GIF
97.12.10 03:09 B C:\doit\slides\html\img027.GIF --> arctic.cps.msu.edu /user/cd/cps291/src/doit/slides/html img027.GIF
97.12.10 03:09 B C:\doit\slides\html\img028.GIF --> arctic.cps.msu.edu /user/cd/cps291/src/doit/slides/html img028.GIF
97.12.10 03:09 B C:\doit\slides\html\img029.GIF --> arctic.cps.msu.edu /user/cd/cps291/src/doit/slides/html img029.GIF
97.12.10 03:09 B C:\doit\slides\html\img030.GIF --> arctic.cps.msu.edu /user/cd/cps291/src/doit/slides/html img030.GIF
97.12.10 03:09 B C:\doit\slides\html\img031.GIF --> arctic.cps.msu.edu /user/cd/cps291/src/doit/slides/html img031.GIF
97.12.10 03:09 B C:\doit\slides\html\img032.GIF --> arctic.cps.msu.edu /user/cd/cps291/src/doit/slides/html img032.GIF
97.12.10 03:09 B C:\doit\slides\html\img033.GIF --> arctic.cps.msu.edu /user/cd/cps291/src/doit/slides/html img033.GIF
97.12.10 03:09 B C:\doit\slides\html\img034.GIF --> arctic.cps.msu.edu /user/cd/cps291/src/doit/slides/html img034.GIF
97.12.10 03:09 B C:\doit\slides\html\img035.GIF --> arctic.cps.msu.edu /user/cd/cps291/src/doit/slides/html img035.GIF
97.12.10 03:09 B C:\doit\slides\html\img036.GIF --> arctic.cps.msu.edu /user/cd/cps291/src/doit/slides/html img036.GIF
97.12.10 03:09 B C:\doit\slides\html\img037.GIF --> arctic.cps.msu.edu /user/cd/cps291/src/doit/slides/html img037.GIF
97.12.10 03:09 B C:\doit\slides\html\img038.GIF --> arctic.cps.msu.edu /user/cd/cps291/src/doit/slides/html img038.GIF
97.12.10 03:09 B C:\doit\slides\html\img039.GIF --> arctic.cps.msu.edu /user/cd/cps291/src/doit/slides/html img039.GIF
97.12.10 03:09 B C:\doit\slides\html\img040.GIF --> arctic.cps.msu.edu /user/cd/cps291/src/doit/slides/html img040.GIF
97.12.10 03:09 B C:\doit\slides\html\img041.GIF --> arctic.cps.msu.edu /user/cd/cps291/src/doit/slides/html img041.GIF
97.12.10 03:09 B C:\doit\slides\html\img042.GIF --> arctic.cps.msu.edu /user/cd/cps291/src/doit/slides/html img042.GIF
97.12.10 03:09 B C:\doit\slides\html\img043.GIF --> arctic.cps.msu.edu /user/cd/cps291/src/doit/slides/html img043.GIF
97.12.10 03:09 B C:\doit\slides\html\img044.GIF --> arctic.cps.msu.edu /user/cd/cps291/src/doit/slides/html img044.GIF
97.12.10 03:09 B C:\doit\slides\html\img045.GIF --> arctic.cps.msu.edu /user/cd/cps291/src/doit/slides/html img045.GIF
97.12.10 03:09 B C:\doit\slides\html\img046.GIF --> arctic.cps.msu.edu /user/cd/cps291/src/doit/slides/html img046.GIF
97.12.10 03:09 B C:\doit\slides\html\index.htm --> arctic.cps.msu.edu /user/cd/cps291/src/doit/slides/html index.htm
97.12.10 03:09 B C:\doit\slides\html\pptani.gif --> arctic.cps.msu.edu /user/cd/cps291/src/doit/slides/html pptani.gif
97.12.10 03:09 B C:\doit\slides\html\sld001.htm --> arctic.cps.msu.edu /user/cd/cps291/src/doit/slides/html sld001.htm
97.12.10 03:09 B C:\doit\slides\html\sld002.htm --> arctic.cps.msu.edu /user/cd/cps291/src/doit/slides/html sld002.htm
97.12.10 03:09 B C:\doit\slides\html\sld003.htm --> arctic.cps.msu.edu /user/cd/cps291/src/doit/slides/html sld003.htm
97.12.10 03:09 B C:\doit\slides\html\sld004.htm --> arctic.cps.msu.edu /user/cd/cps291/src/doit/slides/html sld004.htm
97.12.10 03:09 B C:\doit\slides\html\sld005.htm --> arctic.cps.msu.edu /user/cd/cps291/src/doit/slides/html sld005.htm
97.12.10 03:09 B C:\doit\slides\html\sld006.htm --> arctic.cps.msu.edu /user/cd/cps291/src/doit/slides/html sld006.htm
97.12.10 03:09 B C:\doit\slides\html\sld007.htm --> arctic.cps.msu.edu /user/cd/cps291/src/doit/slides/html sld007.htm
97.12.10 03:09 B C:\doit\slides\html\sld008.htm --> arctic.cps.msu.edu /user/cd/cps291/src/doit/slides/html sld008.htm
97.12.10 03:09 B C:\doit\slides\html\sld009.htm --> arctic.cps.msu.edu /user/cd/cps291/src/doit/slides/html sld009.htm
97.12.10 03:09 B C:\doit\slides\html\sld010.htm --> arctic.cps.msu.edu /user/cd/cps291/src/doit/slides/html sld010.htm
97.12.10 03:09 B C:\doit\slides\html\sld011.htm --> arctic.cps.msu.edu /user/cd/cps291/src/doit/slides/html sld011.htm
97.12.10 03:09 B C:\doit\slides\html\sld012.htm --> arctic.cps.msu.edu /user/cd/cps291/src/doit/slides/html sld012.htm
97.12.10 03:09 B C:\doit\slides\html\sld013.htm --> arctic.cps.msu.edu /user/cd/cps291/src/doit/slides/html sld013.htm
97.12.10 03:09 B C:\doit\slides\html\sld014.htm --> arctic.cps.msu.edu /user/cd/cps291/src/doit/slides/html sld014.htm
97.12.10 03:09 B C:\doit\slides\html\sld015.htm --> arctic.cps.msu.edu /user/cd/cps291/src/doit/slides/html sld015.htm
97.12.10 03:09 B C:\doit\slides\html\sld016.htm --> arctic.cps.msu.edu /user/cd/cps291/src/doit/slides/html sld016.htm
97.12.10 03:09 B C:\doit\slides\html\sld017.htm --> arctic.cps.msu.edu /user/cd/cps291/src/doit/slides/html sld017.htm
97.12.10 03:09 B C:\doit\slides\html\sld018.htm --> arctic.cps.msu.edu /user/cd/cps291/src/doit/slides/html sld018.htm
97.12.10 03:09 B C:\doit\slides\html\sld019.htm --> arctic.cps.msu.edu /user/cd/cps291/src/doit/slides/html sld019.htm
97.12.10 03:09 B C:\doit\slides\html\sld020.htm --> arctic.cps.msu.edu /user/cd/cps291/src/doit/slides/html sld020.htm
97.12.10 03:09 B C:\doit\slides\html\sld021.htm --> arctic.cps.msu.edu /user/cd/cps291/src/doit/slides/html sld021.htm
97.12.10 03:09 B C:\doit\slides\html\sld022.htm --> arctic.cps.msu.edu /user/cd/cps291/src/doit/slides/html sld022.htm
97.12.10 03:09 B C:\doit\slides\html\sld023.htm --> arctic.cps.msu.edu /user/cd/cps291/src/doit/slides/html sld023.htm
97.12.10 03:09 B C:\doit\slides\html\sld024.htm --> arctic.cps.msu.edu /user/cd/cps291/src/doit/slides/html sld024.htm
97.12.10 03:09 B C:\doit\slides\html\sld025.htm --> arctic.cps.msu.edu /user/cd/cps291/src/doit/slides/html sld025.htm
97.12.10 03:09 B C:\doit\slides\html\sld026.htm --> arctic.cps.msu.edu /user/cd/cps291/src/doit/slides/html sld026.htm
97.12.10 03:09 B C:\doit\slides\html\sld027.htm --> arctic.cps.msu.edu /user/cd/cps291/src/doit/slides/html sld027.htm
97.12.10 03:09 B C:\doit\slides\html\sld028.htm --> arctic.cps.msu.edu /user/cd/cps291/src/doit/slides/html sld028.htm
97.12.10 03:09 B C:\doit\slides\html\sld029.htm --> arctic.cps.msu.edu /user/cd/cps291/src/doit/slides/html sld029.htm
97.12.10 03:09 B C:\doit\slides\html\sld030.htm --> arctic.cps.msu.edu /user/cd/cps291/src/doit/slides/html sld030.htm
97.12.10 03:09 B C:\doit\slides\html\sld031.htm --> arctic.cps.msu.edu /user/cd/cps291/src/doit/slides/html sld031.htm
97.12.10 03:09 B C:\doit\slides\html\sld032.htm --> arctic.cps.msu.edu /user/cd/cps291/src/doit/slides/html sld032.htm
97.12.10 03:09 B C:\doit\slides\html\sld033.htm --> arctic.cps.msu.edu /user/cd/cps291/src/doit/slides/html sld033.htm
97.12.10 03:09 B C:\doit\slides\html\sld034.htm --> arctic.cps.msu.edu /user/cd/cps291/src/doit/slides/html sld034.htm
97.12.10 03:09 B C:\doit\slides\html\sld035.htm --> arctic.cps.msu.edu /user/cd/cps291/src/doit/slides/html sld035.htm
97.12.10 03:09 B C:\doit\slides\html\sld036.htm --> arctic.cps.msu.edu /user/cd/cps291/src/doit/slides/html sld036.htm
97.12.10 03:09 B C:\doit\slides\html\sld037.htm --> arctic.cps.msu.edu /user/cd/cps291/src/doit/slides/html sld037.htm
97.12.10 03:09 B C:\doit\slides\html\sld038.htm --> arctic.cps.msu.edu /user/cd/cps291/src/doit/slides/html sld038.htm
97.12.10 03:09 B C:\doit\slides\html\sld039.htm --> arctic.cps.msu.edu /user/cd/cps291/src/doit/slides/html sld039.htm
97.12.10 03:09 B C:\doit\slides\html\sld040.htm --> arctic.cps.msu.edu /user/cd/cps291/src/doit/slides/html sld040.htm
97.12.10 03:09 B C:\doit\slides\html\sld041.htm --> arctic.cps.msu.edu /user/cd/cps291/src/doit/slides/html sld041.htm
97.12.10 03:09 B C:\doit\slides\html\sld042.htm --> arctic.cps.msu.edu /user/cd/cps291/src/doit/slides/html sld042.htm
97.12.10 03:09 B C:\doit\slides\html\sld043.htm --> arctic.cps.msu.edu /user/cd/cps291/src/doit/slides/html sld043.htm
97.12.10 03:09 B C:\doit\slides\html\sld044.htm --> arctic.cps.msu.edu /user/cd/cps291/src/doit/slides/html sld044.htm
97.12.10 03:09 B C:\doit\slides\html\sld045.htm --> arctic.cps.msu.edu /user/cd/cps291/src/doit/slides/html sld045.htm
97.12.10 03:09 B C:\doit\slides\html\sld046.htm --> arctic.cps.msu.edu /user/cd/cps291/src/doit/slides/html sld046.htm
97.12.10 03:09 B C:\doit\slides\html\space.gif --> arctic.cps.msu.edu /user/cd/cps291/src/doit/slides/html space.gif
97.12.10 03:09 B C:\doit\slides\html\tsld001.htm --> arctic.cps.msu.edu /user/cd/cps291/src/doit/slides/html tsld001.htm
97.12.10 03:09 B C:\doit\slides\html\tsld002.htm --> arctic.cps.msu.edu /user/cd/cps291/src/doit/slides/html tsld002.htm
97.12.10 03:09 B C:\doit\slides\html\tsld003.htm --> arctic.cps.msu.edu /user/cd/cps291/src/doit/slides/html tsld003.htm
97.12.10 03:09 B C:\doit\slides\html\tsld004.htm --> arctic.cps.msu.edu /user/cd/cps291/src/doit/slides/html tsld004.htm
97.12.10 03:09 B C:\doit\slides\html\tsld005.htm --> arctic.cps.msu.edu /user/cd/cps291/src/doit/slides/html tsld005.htm
97.12.10 03:09 B C:\doit\slides\html\tsld006.htm --> arctic.cps.msu.edu /user/cd/cps291/src/doit/slides/html tsld006.htm
97.12.10 03:09 B C:\doit\slides\html\tsld007.htm --> arctic.cps.msu.edu /user/cd/cps291/src/doit/slides/html tsld007.htm
97.12.10 03:09 B C:\doit\slides\html\tsld008.htm --> arctic.cps.msu.edu /user/cd/cps291/src/doit/slides/html tsld008.htm
97.12.10 03:09 B C:\doit\slides\html\tsld009.htm --> arctic.cps.msu.edu /user/cd/cps291/src/doit/slides/html tsld009.htm
97.12.10 03:09 B C:\doit\slides\html\tsld010.htm --> arctic.cps.msu.edu /user/cd/cps291/src/doit/slides/html tsld010.htm
97.12.10 03:09 B C:\doit\slides\html\tsld011.htm --> arctic.cps.msu.edu /user/cd/cps291/src/doit/slides/html tsld011.htm
97.12.10 03:09 B C:\doit\slides\html\tsld012.htm --> arctic.cps.msu.edu /user/cd/cps291/src/doit/slides/html tsld012.htm
97.12.10 03:09 B C:\doit\slides\html\tsld013.htm --> arctic.cps.msu.edu /user/cd/cps291/src/doit/slides/html tsld013.htm
97.12.10 03:09 B C:\doit\slides\html\tsld014.htm --> arctic.cps.msu.edu /user/cd/cps291/src/doit/slides/html tsld014.htm
97.12.10 03:09 B C:\doit\slides\html\tsld015.htm --> arctic.cps.msu.edu /user/cd/cps291/src/doit/slides/html tsld015.htm
97.12.10 03:09 B C:\doit\slides\html\tsld016.htm --> arctic.cps.msu.edu /user/cd/cps291/src/doit/slides/html tsld016.htm
97.12.10 03:09 B C:\doit\slides\html\tsld017.htm --> arctic.cps.msu.edu /user/cd/cps291/src/doit/slides/html tsld017.htm
97.12.10 03:09 B C:\doit\slides\html\tsld018.htm --> arctic.cps.msu.edu /user/cd/cps291/src/doit/slides/html tsld018.htm
97.12.10 03:09 B C:\doit\slides\html\tsld019.htm --> arctic.cps.msu.edu /user/cd/cps291/src/doit/slides/html tsld019.htm
97.12.10 03:09 B C:\doit\slides\html\tsld020.htm --> arctic.cps.msu.edu /user/cd/cps291/src/doit/slides/html tsld020.htm
97.12.10 03:09 B C:\doit\slides\html\tsld021.htm --> arctic.cps.msu.edu /user/cd/cps291/src/doit/slides/html tsld021.htm
97.12.10 03:09 B C:\doit\slides\html\tsld022.htm --> arctic.cps.msu.edu /user/cd/cps291/src/doit/slides/html tsld022.htm
97.12.10 03:09 B C:\doit\slides\html\tsld023.htm --> arctic.cps.msu.edu /user/cd/cps291/src/doit/slides/html tsld023.htm
97.12.10 03:09 B C:\doit\slides\html\tsld024.htm --> arctic.cps.msu.edu /user/cd/cps291/src/doit/slides/html tsld024.htm
97.12.10 03:09 B C:\doit\slides\html\tsld025.htm --> arctic.cps.msu.edu /user/cd/cps291/src/doit/slides/html tsld025.htm
97.12.10 03:09 B C:\doit\slides\html\tsld026.htm --> arctic.cps.msu.edu /user/cd/cps291/src/doit/slides/html tsld026.htm
97.12.10 03:09 B C:\doit\slides\html\tsld027.htm --> arctic.cps.msu.edu /user/cd/cps291/src/doit/slides/html tsld027.htm
97.12.10 03:09 B C:\doit\slides\html\tsld028.htm --> arctic.cps.msu.edu /user/cd/cps291/src/doit/slides/html tsld028.htm
97.12.10 03:09 B C:\doit\slides\html\tsld029.htm --> arctic.cps.msu.edu /user/cd/cps291/src/doit/slides/html tsld029.htm
97.12.10 03:09 B C:\doit\slides\html\tsld030.htm --> arctic.cps.msu.edu /user/cd/cps291/src/doit/slides/html tsld030.htm
97.12.10 03:09 B C:\doit\slides\html\tsld031.htm --> arctic.cps.msu.edu /user/cd/cps291/src/doit/slides/html tsld031.htm
97.12.10 03:09 B C:\doit\slides\html\tsld032.htm --> arctic.cps.msu.edu /user/cd/cps291/src/doit/slides/html tsld032.htm
97.12.10 03:09 B C:\doit\slides\html\tsld033.htm --> arctic.cps.msu.edu /user/cd/cps291/src/doit/slides/html tsld033.htm
97.12.10 03:09 B C:\doit\slides\html\tsld034.htm --> arctic.cps.msu.edu /user/cd/cps291/src/doit/slides/html tsld034.htm
97.12.10 03:09 B C:\doit\slides\html\tsld035.htm --> arctic.cps.msu.edu /user/cd/cps291/src/doit/slides/html tsld035.htm
97.12.10 03:09 B C:\doit\slides\html\tsld036.htm --> arctic.cps.msu.edu /user/cd/cps291/src/doit/slides/html tsld036.htm
97.12.10 03:09 B C:\doit\slides\html\tsld037.htm --> arctic.cps.msu.edu /user/cd/cps291/src/doit/slides/html tsld037.htm
97.12.10 03:09 B C:\doit\slides\html\tsld038.htm --> arctic.cps.msu.edu /user/cd/cps291/src/doit/slides/html tsld038.htm
97.12.10 03:09 B C:\doit\slides\html\tsld039.htm --> arctic.cps.msu.edu /user/cd/cps291/src/doit/slides/html tsld039.htm
97.12.10 03:09 B C:\doit\slides\html\tsld040.htm --> arctic.cps.msu.edu /user/cd/cps291/src/doit/slides/html tsld040.htm
97.12.10 03:09 B C:\doit\slides\html\tsld041.htm --> arctic.cps.msu.edu /user/cd/cps291/src/doit/slides/html tsld041.htm
97.12.10 03:09 B C:\doit\slides\html\tsld042.htm --> arctic.cps.msu.edu /user/cd/cps291/src/doit/slides/html tsld042.htm
97.12.10 03:09 B C:\doit\slides\html\tsld043.htm --> arctic.cps.msu.edu /user/cd/cps291/src/doit/slides/html tsld043.htm
97.12.10 03:09 B C:\doit\slides\html\tsld044.htm --> arctic.cps.msu.edu /user/cd/cps291/src/doit/slides/html tsld044.htm
97.12.10 03:09 B C:\doit\slides\html\tsld045.htm --> arctic.cps.msu.edu /user/cd/cps291/src/doit/slides/html tsld045.htm
97.12.10 03:09 B C:\doit\slides\html\tsld046.htm --> arctic.cps.msu.edu /user/cd/cps291/src/doit/slides/html tsld046.htm
97.12.10 03:09 B C:\doit\slides\html\WS_FTP.LOG --> arctic.cps.msu.edu /user/cd/cps291/src/doit/slides/html WS_FTP.LOG
98.03.12 23:00 B D:\syncomat\htm_sld\html\ielogo.gif --> cps.msu.edu /user/cd/cps291/syncomat/htm_sld/html ielogo.gif
98.03.12 23:00 B D:\syncomat\htm_sld\html\img001.GIF --> cps.msu.edu /user/cd/cps291/syncomat/htm_sld/html img001.GIF
98.03.12 23:00 B D:\syncomat\htm_sld\html\img002.GIF --> cps.msu.edu /user/cd/cps291/syncomat/htm_sld/html img002.GIF
98.03.12 23:00 B D:\syncomat\htm_sld\html\img003.GIF --> cps.msu.edu /user/cd/cps291/syncomat/htm_sld/html img003.GIF
98.03.12 23:00 B D:\syncomat\htm_sld\html\img004.GIF --> cps.msu.edu /user/cd/cps291/syncomat/htm_sld/html img004.GIF
98.03.12 23:00 B D:\syncomat\htm_sld\html\img005.GIF --> cps.msu.edu /user/cd/cps291/syncomat/htm_sld/html img005.GIF
98.03.12 23:00 B D:\syncomat\htm_sld\html\img006.GIF --> cps.msu.edu /user/cd/cps291/syncomat/htm_sld/html img006.GIF
98.03.12 23:00 B D:\syncomat\htm_sld\html\img007.GIF --> cps.msu.edu /user/cd/cps291/syncomat/htm_sld/html img007.GIF
98.03.12 23:00 B D:\syncomat\htm_sld\html\img008.GIF --> cps.msu.edu /user/cd/cps291/syncomat/htm_sld/html img008.GIF
98.03.12 23:00 B D:\syncomat\htm_sld\html\img009.GIF --> cps.msu.edu /user/cd/cps291/syncomat/htm_sld/html img009.GIF
98.03.12 23:00 B D:\syncomat\htm_sld\html\img010.GIF --> cps.msu.edu /user/cd/cps291/syncomat/htm_sld/html img010.GIF
98.03.12 23:00 B D:\syncomat\htm_sld\html\img011.GIF --> cps.msu.edu /user/cd/cps291/syncomat/htm_sld/html img011.GIF
98.03.12 23:00 B D:\syncomat\htm_sld\html\img012.GIF --> cps.msu.edu /user/cd/cps291/syncomat/htm_sld/html img012.GIF
98.03.12 23:00 B D:\syncomat\htm_sld\html\img013.GIF --> cps.msu.edu /user/cd/cps291/syncomat/htm_sld/html img013.GIF
98.03.12 23:00 B D:\syncomat\htm_sld\html\img014.GIF --> cps.msu.edu /user/cd/cps291/syncomat/htm_sld/html img014.GIF
98.03.12 23:00 B D:\syncomat\htm_sld\html\img015.GIF --> cps.msu.edu /user/cd/cps291/syncomat/htm_sld/html img015.GIF
98.03.12 23:00 B D:\syncomat\htm_sld\html\img016.GIF --> cps.msu.edu /user/cd/cps291/syncomat/htm_sld/html img016.GIF
98.03.12 23:00 B D:\syncomat\htm_sld\html\img017.GIF --> cps.msu.edu /user/cd/cps291/syncomat/htm_sld/html img017.GIF
98.03.12 23:00 B D:\syncomat\htm_sld\html\img018.GIF --> cps.msu.edu /user/cd/cps291/syncomat/htm_sld/html img018.GIF
98.03.12 23:00 B D:\syncomat\htm_sld\html\img019.GIF --> cps.msu.edu /user/cd/cps291/syncomat/htm_sld/html img019.GIF
98.03.12 23:00 B D:\syncomat\htm_sld\html\img020.GIF --> cps.msu.edu /user/cd/cps291/syncomat/htm_sld/html img020.GIF
98.03.12 23:00 B D:\syncomat\htm_sld\html\img021.GIF --> cps.msu.edu /user/cd/cps291/syncomat/htm_sld/html img021.GIF
98.03.12 23:00 B D:\syncomat\htm_sld\html\img022.GIF --> cps.msu.edu /user/cd/cps291/syncomat/htm_sld/html img022.GIF
98.03.12 23:00 B D:\syncomat\htm_sld\html\img023.GIF --> cps.msu.edu /user/cd/cps291/syncomat/htm_sld/html img023.GIF
98.03.12 23:00 B D:\syncomat\htm_sld\html\img024.GIF --> cps.msu.edu /user/cd/cps291/syncomat/htm_sld/html img024.GIF
98.03.12 23:00 B D:\syncomat\htm_sld\html\img025.GIF --> cps.msu.edu /user/cd/cps291/syncomat/htm_sld/html img025.GIF
98.03.12 23:00 B D:\syncomat\htm_sld\html\img026.GIF --> cps.msu.edu /user/cd/cps291/syncomat/htm_sld/html img026.GIF
98.03.12 23:00 B D:\syncomat\htm_sld\html\img027.GIF --> cps.msu.edu /user/cd/cps291/syncomat/htm_sld/html img027.GIF
98.03.12 23:00 B D:\syncomat\htm_sld\html\img028.GIF --> cps.msu.edu /user/cd/cps291/syncomat/htm_sld/html img028.GIF
98.03.12 23:00 B D:\syncomat\htm_sld\html\img029.GIF --> cps.msu.edu /user/cd/cps291/syncomat/htm_sld/html img029.GIF
98.03.12 23:00 B D:\syncomat\htm_sld\html\img030.GIF --> cps.msu.edu /user/cd/cps291/syncomat/htm_sld/html img030.GIF
98.03.12 23:00 B D:\syncomat\htm_sld\html\img031.GIF --> cps.msu.edu /user/cd/cps291/syncomat/htm_sld/html img031.GIF
98.03.12 23:00 B D:\syncomat\htm_sld\html\img032.GIF --> cps.msu.edu /user/cd/cps291/syncomat/htm_sld/html img032.GIF
98.03.12 23:00 B D:\syncomat\htm_sld\html\img033.GIF --> cps.msu.edu /user/cd/cps291/syncomat/htm_sld/html img033.GIF
98.03.12 23:00 B D:\syncomat\htm_sld\html\img034.GIF --> cps.msu.edu /user/cd/cps291/syncomat/htm_sld/html img034.GIF
98.03.12 23:00 B D:\syncomat\htm_sld\html\img035.GIF --> cps.msu.edu /user/cd/cps291/syncomat/htm_sld/html img035.GIF
98.03.12 23:00 B D:\syncomat\htm_sld\html\img036.GIF --> cps.msu.edu /user/cd/cps291/syncomat/htm_sld/html img036.GIF
98.03.12 23:00 B D:\syncomat\htm_sld\html\img037.GIF --> cps.msu.edu /user/cd/cps291/syncomat/htm_sld/html img037.GIF
98.03.12 23:00 B D:\syncomat\htm_sld\html\img038.GIF --> cps.msu.edu /user/cd/cps291/syncomat/htm_sld/html img038.GIF
98.03.12 23:00 B D:\syncomat\htm_sld\html\img039.GIF --> cps.msu.edu /user/cd/cps291/syncomat/htm_sld/html img039.GIF
98.03.12 23:00 B D:\syncomat\htm_sld\html\img040.GIF --> cps.msu.edu /user/cd/cps291/syncomat/htm_sld/html img040.GIF
98.03.12 23:00 B D:\syncomat\htm_sld\html\img041.GIF --> cps.msu.edu /user/cd/cps291/syncomat/htm_sld/html img041.GIF
98.03.12 23:00 B D:\syncomat\htm_sld\html\img042.GIF --> cps.msu.edu /user/cd/cps291/syncomat/htm_sld/html img042.GIF
98.03.12 23:00 B D:\syncomat\htm_sld\html\img043.GIF --> cps.msu.edu /user/cd/cps291/syncomat/htm_sld/html img043.GIF
98.03.12 23:00 B D:\syncomat\htm_sld\html\img044.GIF --> cps.msu.edu /user/cd/cps291/syncomat/htm_sld/html img044.GIF
98.03.12 23:00 B D:\syncomat\htm_sld\html\img045.GIF --> cps.msu.edu /user/cd/cps291/syncomat/htm_sld/html img045.GIF
98.03.12 23:00 B D:\syncomat\htm_sld\html\img046.GIF --> cps.msu.edu /user/cd/cps291/syncomat/htm_sld/html img046.GIF
98.03.12 23:00 B D:\syncomat\htm_sld\html\index.htm --> cps.msu.edu /user/cd/cps291/syncomat/htm_sld/html index.htm
98.03.12 23:00 B D:\syncomat\htm_sld\html\pptani.gif --> cps.msu.edu /user/cd/cps291/syncomat/htm_sld/html pptani.gif
98.03.12 23:00 B D:\syncomat\htm_sld\html\sld001.htm --> cps.msu.edu /user/cd/cps291/syncomat/htm_sld/html sld001.htm
98.03.12 23:00 B D:\syncomat\htm_sld\html\sld002.htm --> cps.msu.edu /user/cd/cps291/syncomat/htm_sld/html sld002.htm
98.03.12 23:00 B D:\syncomat\htm_sld\html\sld003.htm --> cps.msu.edu /user/cd/cps291/syncomat/htm_sld/html sld003.htm
98.03.12 23:00 B D:\syncomat\htm_sld\html\sld004.htm --> cps.msu.edu /user/cd/cps291/syncomat/htm_sld/html sld004.htm
98.03.12 23:00 B D:\syncomat\htm_sld\html\sld005.htm --> cps.msu.edu /user/cd/cps291/syncomat/htm_sld/html sld005.htm
98.03.12 23:00 B D:\syncomat\htm_sld\html\sld006.htm --> cps.msu.edu /user/cd/cps291/syncomat/htm_sld/html sld006.htm
98.03.12 23:00 B D:\syncomat\htm_sld\html\sld007.htm --> cps.msu.edu /user/cd/cps291/syncomat/htm_sld/html sld007.htm
98.03.12 23:00 B D:\syncomat\htm_sld\html\sld008.htm --> cps.msu.edu /user/cd/cps291/syncomat/htm_sld/html sld008.htm
98.03.12 23:00 B D:\syncomat\htm_sld\html\sld009.htm --> cps.msu.edu /user/cd/cps291/syncomat/htm_sld/html sld009.htm
98.03.12 23:00 B D:\syncomat\htm_sld\html\sld010.htm --> cps.msu.edu /user/cd/cps291/syncomat/htm_sld/html sld010.htm
98.03.12 23:00 B D:\syncomat\htm_sld\html\sld011.htm --> cps.msu.edu /user/cd/cps291/syncomat/htm_sld/html sld011.htm
98.03.12 23:00 B D:\syncomat\htm_sld\html\sld012.htm --> cps.msu.edu /user/cd/cps291/syncomat/htm_sld/html sld012.htm
98.03.12 23:00 B D:\syncomat\htm_sld\html\sld013.htm --> cps.msu.edu /user/cd/cps291/syncomat/htm_sld/html sld013.htm
98.03.12 23:00 B D:\syncomat\htm_sld\html\sld014.htm --> cps.msu.edu /user/cd/cps291/syncomat/htm_sld/html sld014.htm
98.03.12 23:00 B D:\syncomat\htm_sld\html\sld015.htm --> cps.msu.edu /user/cd/cps291/syncomat/htm_sld/html sld015.htm
98.03.12 23:00 B D:\syncomat\htm_sld\html\sld016.htm --> cps.msu.edu /user/cd/cps291/syncomat/htm_sld/html sld016.htm
98.03.12 23:00 B D:\syncomat\htm_sld\html\sld017.htm --> cps.msu.edu /user/cd/cps291/syncomat/htm_sld/html sld017.htm
98.03.12 23:00 B D:\syncomat\htm_sld\html\sld018.htm --> cps.msu.edu /user/cd/cps291/syncomat/htm_sld/html sld018.htm
98.03.12 23:00 B D:\syncomat\htm_sld\html\sld019.htm --> cps.msu.edu /user/cd/cps291/syncomat/htm_sld/html sld019.htm
98.03.12 23:00 B D:\syncomat\htm_sld\html\sld020.htm --> cps.msu.edu /user/cd/cps291/syncomat/htm_sld/html sld020.htm
98.03.12 23:00 B D:\syncomat\htm_sld\html\sld021.htm --> cps.msu.edu /user/cd/cps291/syncomat/htm_sld/html sld021.htm
98.03.12 23:00 B D:\syncomat\htm_sld\html\sld022.htm --> cps.msu.edu /user/cd/cps291/syncomat/htm_sld/html sld022.htm
98.03.12 23:00 B D:\syncomat\htm_sld\html\sld023.htm --> cps.msu.edu /user/cd/cps291/syncomat/htm_sld/html sld023.htm
98.03.12 23:00 B D:\syncomat\htm_sld\html\sld024.htm --> cps.msu.edu /user/cd/cps291/syncomat/htm_sld/html sld024.htm
98.03.12 23:00 B D:\syncomat\htm_sld\html\sld025.htm --> cps.msu.edu /user/cd/cps291/syncomat/htm_sld/html sld025.htm
98.03.12 23:00 B D:\syncomat\htm_sld\html\sld026.htm --> cps.msu.edu /user/cd/cps291/syncomat/htm_sld/html sld026.htm
98.03.12 23:00 B D:\syncomat\htm_sld\html\sld027.htm --> cps.msu.edu /user/cd/cps291/syncomat/htm_sld/html sld027.htm
98.03.12 23:00 B D:\syncomat\htm_sld\html\sld028.htm --> cps.msu.edu /user/cd/cps291/syncomat/htm_sld/html sld028.htm
98.03.12 23:00 B D:\syncomat\htm_sld\html\sld029.htm --> cps.msu.edu /user/cd/cps291/syncomat/htm_sld/html sld029.htm
98.03.12 23:00 B D:\syncomat\htm_sld\html\sld030.htm --> cps.msu.edu /user/cd/cps291/syncomat/htm_sld/html sld030.htm
98.03.12 23:00 B D:\syncomat\htm_sld\html\sld031.htm --> cps.msu.edu /user/cd/cps291/syncomat/htm_sld/html sld031.htm
98.03.12 23:00 B D:\syncomat\htm_sld\html\sld032.htm --> cps.msu.edu /user/cd/cps291/syncomat/htm_sld/html sld032.htm
98.03.12 23:00 B D:\syncomat\htm_sld\html\sld033.htm --> cps.msu.edu /user/cd/cps291/syncomat/htm_sld/html sld033.htm
98.03.12 23:00 B D:\syncomat\htm_sld\html\sld034.htm --> cps.msu.edu /user/cd/cps291/syncomat/htm_sld/html sld034.htm
98.03.12 23:00 B D:\syncomat\htm_sld\html\sld035.htm --> cps.msu.edu /user/cd/cps291/syncomat/htm_sld/html sld035.htm
98.03.12 23:00 B D:\syncomat\htm_sld\html\sld036.htm --> cps.msu.edu /user/cd/cps291/syncomat/htm_sld/html sld036.htm
98.03.12 23:00 B D:\syncomat\htm_sld\html\sld037.htm --> cps.msu.edu /user/cd/cps291/syncomat/htm_sld/html sld037.htm
98.03.12 23:00 B D:\syncomat\htm_sld\html\sld038.htm --> cps.msu.edu /user/cd/cps291/syncomat/htm_sld/html sld038.htm
98.03.12 23:00 B D:\syncomat\htm_sld\html\sld039.htm --> cps.msu.edu /user/cd/cps291/syncomat/htm_sld/html sld039.htm
98.03.12 23:00 B D:\syncomat\htm_sld\html\sld040.htm --> cps.msu.edu /user/cd/cps291/syncomat/htm_sld/html sld040.htm
98.03.12 23:00 B D:\syncomat\htm_sld\html\sld041.htm --> cps.msu.edu /user/cd/cps291/syncomat/htm_sld/html sld041.htm
98.03.12 23:00 B D:\syncomat\htm_sld\html\sld042.htm --> cps.msu.edu /user/cd/cps291/syncomat/htm_sld/html sld042.htm
98.03.12 23:00 B D:\syncomat\htm_sld\html\sld043.htm --> cps.msu.edu /user/cd/cps291/syncomat/htm_sld/html sld043.htm
98.03.12 23:00 B D:\syncomat\htm_sld\html\sld044.htm --> cps.msu.edu /user/cd/cps291/syncomat/htm_sld/html sld044.htm
98.03.12 23:00 B D:\syncomat\htm_sld\html\sld045.htm --> cps.msu.edu /user/cd/cps291/syncomat/htm_sld/html sld045.htm
98.03.12 23:00 B D:\syncomat\htm_sld\html\sld046.htm --> cps.msu.edu /user/cd/cps291/syncomat/htm_sld/html sld046.htm
98.03.12 23:00 B D:\syncomat\htm_sld\html\space.gif --> cps.msu.edu /user/cd/cps291/syncomat/htm_sld/html space.gif
98.03.12 23:00 B D:\syncomat\htm_sld\html\tsld001.htm --> cps.msu.edu /user/cd/cps291/syncomat/htm_sld/html tsld001.htm
98.03.12 23:00 B D:\syncomat\htm_sld\html\tsld002.htm --> cps.msu.edu /user/cd/cps291/syncomat/htm_sld/html tsld002.htm
98.03.12 23:00 B D:\syncomat\htm_sld\html\tsld003.htm --> cps.msu.edu /user/cd/cps291/syncomat/htm_sld/html tsld003.htm
98.03.12 23:00 B D:\syncomat\htm_sld\html\tsld004.htm --> cps.msu.edu /user/cd/cps291/syncomat/htm_sld/html tsld004.htm
98.03.12 23:00 B D:\syncomat\htm_sld\html\tsld005.htm --> cps.msu.edu /user/cd/cps291/syncomat/htm_sld/html tsld005.htm
98.03.12 23:00 B D:\syncomat\htm_sld\html\tsld006.htm --> cps.msu.edu /user/cd/cps291/syncomat/htm_sld/html tsld006.htm
98.03.12 23:00 B D:\syncomat\htm_sld\html\tsld007.htm --> cps.msu.edu /user/cd/cps291/syncomat/htm_sld/html tsld007.htm
98.03.12 23:00 B D:\syncomat\htm_sld\html\tsld008.htm --> cps.msu.edu /user/cd/cps291/syncomat/htm_sld/html tsld008.htm
98.03.12 23:00 B D:\syncomat\htm_sld\html\tsld009.htm --> cps.msu.edu /user/cd/cps291/syncomat/htm_sld/html tsld009.htm
98.03.12 23:00 B D:\syncomat\htm_sld\html\tsld010.htm --> cps.msu.edu /user/cd/cps291/syncomat/htm_sld/html tsld010.htm
98.03.12 23:00 B D:\syncomat\htm_sld\html\tsld011.htm --> cps.msu.edu /user/cd/cps291/syncomat/htm_sld/html tsld011.htm
98.03.12 23:00 B D:\syncomat\htm_sld\html\tsld012.htm --> cps.msu.edu /user/cd/cps291/syncomat/htm_sld/html tsld012.htm
98.03.12 23:00 B D:\syncomat\htm_sld\html\tsld013.htm --> cps.msu.edu /user/cd/cps291/syncomat/htm_sld/html tsld013.htm
98.03.12 23:00 B D:\syncomat\htm_sld\html\tsld014.htm --> cps.msu.edu /user/cd/cps291/syncomat/htm_sld/html tsld014.htm
98.03.12 23:00 B D:\syncomat\htm_sld\html\tsld015.htm --> cps.msu.edu /user/cd/cps291/syncomat/htm_sld/html tsld015.htm
98.03.12 23:00 B D:\syncomat\htm_sld\html\tsld016.htm --> cps.msu.edu /user/cd/cps291/syncomat/htm_sld/html tsld016.htm
98.03.12 23:00 B D:\syncomat\htm_sld\html\tsld017.htm --> cps.msu.edu /user/cd/cps291/syncomat/htm_sld/html tsld017.htm
98.03.12 23:00 B D:\syncomat\htm_sld\html\tsld018.htm --> cps.msu.edu /user/cd/cps291/syncomat/htm_sld/html tsld018.htm
98.03.12 23:00 B D:\syncomat\htm_sld\html\tsld019.htm --> cps.msu.edu /user/cd/cps291/syncomat/htm_sld/html tsld019.htm
98.03.12 23:00 B D:\syncomat\htm_sld\html\tsld020.htm --> cps.msu.edu /user/cd/cps291/syncomat/htm_sld/html tsld020.htm
98.03.12 23:00 B D:\syncomat\htm_sld\html\tsld021.htm --> cps.msu.edu /user/cd/cps291/syncomat/htm_sld/html tsld021.htm
98.03.12 23:00 B D:\syncomat\htm_sld\html\tsld022.htm --> cps.msu.edu /user/cd/cps291/syncomat/htm_sld/html tsld022.htm
98.03.12 23:00 B D:\syncomat\htm_sld\html\tsld023.htm --> cps.msu.edu /user/cd/cps291/syncomat/htm_sld/html tsld023.htm
98.03.12 23:00 B D:\syncomat\htm_sld\html\tsld024.htm --> cps.msu.edu /user/cd/cps291/syncomat/htm_sld/html tsld024.htm
98.03.12 23:00 B D:\syncomat\htm_sld\html\tsld025.htm --> cps.msu.edu /user/cd/cps291/syncomat/htm_sld/html tsld025.htm
98.03.12 23:00 B D:\syncomat\htm_sld\html\tsld026.htm --> cps.msu.edu /user/cd/cps291/syncomat/htm_sld/html tsld026.htm
98.03.12 23:00 B D:\syncomat\htm_sld\html\tsld027.htm --> cps.msu.edu /user/cd/cps291/syncomat/htm_sld/html tsld027.htm
98.03.12 23:00 B D:\syncomat\htm_sld\html\tsld028.htm --> cps.msu.edu /user/cd/cps291/syncomat/htm_sld/html tsld028.htm
98.03.12 23:00 B D:\syncomat\htm_sld\html\tsld029.htm --> cps.msu.edu /user/cd/cps291/syncomat/htm_sld/html tsld029.htm
98.03.12 23:00 B D:\syncomat\htm_sld\html\tsld030.htm --> cps.msu.edu /user/cd/cps291/syncomat/htm_sld/html tsld030.htm
98.03.12 23:00 B D:\syncomat\htm_sld\html\tsld031.htm --> cps.msu.edu /user/cd/cps291/syncomat/htm_sld/html tsld031.htm
98.03.12 23:00 B D:\syncomat\htm_sld\html\tsld032.htm --> cps.msu.edu /user/cd/cps291/syncomat/htm_sld/html tsld032.htm
98.03.12 23:00 B D:\syncomat\htm_sld\html\tsld033.htm --> cps.msu.edu /user/cd/cps291/syncomat/htm_sld/html tsld033.htm
98.03.12 23:00 B D:\syncomat\htm_sld\html\tsld034.htm --> cps.msu.edu /user/cd/cps291/syncomat/htm_sld/html tsld034.htm
98.03.12 23:00 B D:\syncomat\htm_sld\html\tsld035.htm --> cps.msu.edu /user/cd/cps291/syncomat/htm_sld/html tsld035.htm
98.03.12 23:00 B D:\syncomat\htm_sld\html\tsld036.htm --> cps.msu.edu /user/cd/cps291/syncomat/htm_sld/html tsld036.htm
98.03.12 23:00 B D:\syncomat\htm_sld\html\tsld037.htm --> cps.msu.edu /user/cd/cps291/syncomat/htm_sld/html tsld037.htm
98.03.12 23:00 B D:\syncomat\htm_sld\html\tsld038.htm --> cps.msu.edu /user/cd/cps291/syncomat/htm_sld/html tsld038.htm
98.03.12 23:00 B D:\syncomat\htm_sld\html\tsld039.htm --> cps.msu.edu /user/cd/cps291/syncomat/htm_sld/html tsld039.htm
98.03.12 23:00 B D:\syncomat\htm_sld\html\tsld040.htm --> cps.msu.edu /user/cd/cps291/syncomat/htm_sld/html tsld040.htm
98.03.12 23:00 B D:\syncomat\htm_sld\html\tsld041.htm --> cps.msu.edu /user/cd/cps291/syncomat/htm_sld/html tsld041.htm
98.03.12 23:00 B D:\syncomat\htm_sld\html\tsld042.htm --> cps.msu.edu /user/cd/cps291/syncomat/htm_sld/html tsld042.htm
98.03.12 23:00 B D:\syncomat\htm_sld\html\tsld043.htm --> cps.msu.edu /user/cd/cps291/syncomat/htm_sld/html tsld043.htm
98.03.12 23:00 B D:\syncomat\htm_sld\html\tsld044.htm --> cps.msu.edu /user/cd/cps291/syncomat/htm_sld/html tsld044.htm
98.03.12 23:00 B D:\syncomat\htm_sld\html\tsld045.htm --> cps.msu.edu /user/cd/cps291/syncomat/htm_sld/html tsld045.htm
98.03.12 23:00 B D:\syncomat\htm_sld\html\tsld046.htm --> cps.msu.edu /user/cd/cps291/syncomat/htm_sld/html tsld046.htm
98.03.12 23:00 B D:\syncomat\htm_sld\html\WS_FTP.LOG --> cps.msu.edu /user/cd/cps291/syncomat/htm_sld/html WS_FTP.LOG
