98.03.12 22:32 B D:\cdrom\multi\net\anet.ram <-- www.vu.msu.edu /afs/msu/course/vu/egr124/cdrom/multi/net anet.ram
98.03.12 22:32 B D:\cdrom\multi\net\aneta.ram <-- www.vu.msu.edu /afs/msu/course/vu/egr124/cdrom/multi/net aneta.ram
98.03.12 22:32 B D:\cdrom\multi\net\bern.ram <-- www.vu.msu.edu /afs/msu/course/vu/egr124/cdrom/multi/net bern.ram
98.03.12 22:32 B D:\cdrom\multi\net\berna.ram <-- www.vu.msu.edu /afs/msu/course/vu/egr124/cdrom/multi/net berna.ram
98.03.12 22:32 B D:\cdrom\multi\net\davis.ram <-- www.vu.msu.edu /afs/msu/course/vu/egr124/cdrom/multi/net davis.ram
98.03.12 22:32 B D:\cdrom\multi\net\davisa.ram <-- www.vu.msu.edu /afs/msu/course/vu/egr124/cdrom/multi/net davisa.ram
98.03.12 22:32 B D:\cdrom\multi\net\farley.ram <-- www.vu.msu.edu /afs/msu/course/vu/egr124/cdrom/multi/net farley.ram
98.03.12 22:32 B D:\cdrom\multi\net\farleya.ram <-- www.vu.msu.edu /afs/msu/course/vu/egr124/cdrom/multi/net farleya.ram
98.03.12 22:32 B D:\cdrom\multi\net\hughes.ram <-- www.vu.msu.edu /afs/msu/course/vu/egr124/cdrom/multi/net hughes.ram
98.03.12 22:32 B D:\cdrom\multi\net\hughesa.ram <-- www.vu.msu.edu /afs/msu/course/vu/egr124/cdrom/multi/net hughesa.ram
98.03.12 22:32 B D:\cdrom\multi\net\isaak.ram <-- www.vu.msu.edu /afs/msu/course/vu/egr124/cdrom/multi/net isaak.ram
98.03.12 22:32 B D:\cdrom\multi\net\isaaka.ram <-- www.vu.msu.edu /afs/msu/course/vu/egr124/cdrom/multi/net isaaka.ram
98.03.12 22:32 B D:\cdrom\multi\net\jenes.ram <-- www.vu.msu.edu /afs/msu/course/vu/egr124/cdrom/multi/net jenes.ram
98.03.12 22:32 B D:\cdrom\multi\net\jenesa.ram <-- www.vu.msu.edu /afs/msu/course/vu/egr124/cdrom/multi/net jenesa.ram
98.03.12 22:32 B D:\cdrom\multi\net\lebow.ram <-- www.vu.msu.edu /afs/msu/course/vu/egr124/cdrom/multi/net lebow.ram
98.03.12 22:32 B D:\cdrom\multi\net\lebowa.ram <-- www.vu.msu.edu /afs/msu/course/vu/egr124/cdrom/multi/net lebowa.ram
98.03.12 22:32 B D:\cdrom\multi\net\lindow.ram <-- www.vu.msu.edu /afs/msu/course/vu/egr124/cdrom/multi/net lindow.ram
98.03.12 22:32 B D:\cdrom\multi\net\lindowa.ram <-- www.vu.msu.edu /afs/msu/course/vu/egr124/cdrom/multi/net lindowa.ram
98.03.12 22:32 B D:\cdrom\multi\net\nando.ram <-- www.vu.msu.edu /afs/msu/course/vu/egr124/cdrom/multi/net nando.ram
98.03.12 22:32 B D:\cdrom\multi\net\nandoa.ram <-- www.vu.msu.edu /afs/msu/course/vu/egr124/cdrom/multi/net nandoa.ram
98.03.12 22:32 B D:\cdrom\multi\net\sher.ram <-- www.vu.msu.edu /afs/msu/course/vu/egr124/cdrom/multi/net sher.ram
98.03.12 22:32 B D:\cdrom\multi\net\shera.ram <-- www.vu.msu.edu /afs/msu/course/vu/egr124/cdrom/multi/net shera.ram
98.03.12 22:32 B D:\cdrom\multi\net\smarr28.ram <-- www.vu.msu.edu /afs/msu/course/vu/egr124/cdrom/multi/net smarr28.ram
98.03.12 22:32 B D:\cdrom\multi\net\smarr56.ram <-- www.vu.msu.edu /afs/msu/course/vu/egr124/cdrom/multi/net smarr56.ram
98.03.12 22:32 B D:\cdrom\multi\net\stand.ram <-- www.vu.msu.edu /afs/msu/course/vu/egr124/cdrom/multi/net stand.ram
98.03.12 22:32 B D:\cdrom\multi\net\standa.ram <-- www.vu.msu.edu /afs/msu/course/vu/egr124/cdrom/multi/net standa.ram
98.03.12 22:32 B D:\cdrom\multi\net\stoug.ram <-- www.vu.msu.edu /afs/msu/course/vu/egr124/cdrom/multi/net stoug.ram
98.03.12 22:32 B D:\cdrom\multi\net\stouga.ram <-- www.vu.msu.edu /afs/msu/course/vu/egr124/cdrom/multi/net stouga.ram
98.03.12 22:32 B D:\cdrom\multi\net\worlds.ram <-- www.vu.msu.edu /afs/msu/course/vu/egr124/cdrom/multi/net worlds.ram
98.03.12 22:32 B D:\cdrom\multi\net\worldsa.ram <-- www.vu.msu.edu /afs/msu/course/vu/egr124/cdrom/multi/net worldsa.ram
98.03.13 09:36 B D:\cdrom\multi\net\anet.ram --> cps.msu.edu /user/cd/cps291/multi/net anet.ram
98.03.13 09:36 B D:\cdrom\multi\net\aneta.ram --> cps.msu.edu /user/cd/cps291/multi/net aneta.ram
98.03.13 09:36 B D:\cdrom\multi\net\bern.ram --> cps.msu.edu /user/cd/cps291/multi/net bern.ram
98.03.13 09:36 B D:\cdrom\multi\net\berna.ram --> cps.msu.edu /user/cd/cps291/multi/net berna.ram
98.03.13 09:36 B D:\cdrom\multi\net\davis.ram --> cps.msu.edu /user/cd/cps291/multi/net davis.ram
98.03.13 09:36 B D:\cdrom\multi\net\davisa.ram --> cps.msu.edu /user/cd/cps291/multi/net davisa.ram
98.03.13 09:36 B D:\cdrom\multi\net\farley.ram --> cps.msu.edu /user/cd/cps291/multi/net farley.ram
98.03.13 09:36 B D:\cdrom\multi\net\farleya.ram --> cps.msu.edu /user/cd/cps291/multi/net farleya.ram
98.03.13 09:36 B D:\cdrom\multi\net\hughes.ram --> cps.msu.edu /user/cd/cps291/multi/net hughes.ram
98.03.13 09:36 B D:\cdrom\multi\net\hughesa.ram --> cps.msu.edu /user/cd/cps291/multi/net hughesa.ram
98.03.13 09:36 B D:\cdrom\multi\net\isaak.ram --> cps.msu.edu /user/cd/cps291/multi/net isaak.ram
98.03.13 09:36 B D:\cdrom\multi\net\isaaka.ram --> cps.msu.edu /user/cd/cps291/multi/net isaaka.ram
98.03.13 09:36 B D:\cdrom\multi\net\jenes.ram --> cps.msu.edu /user/cd/cps291/multi/net jenes.ram
98.03.13 09:36 B D:\cdrom\multi\net\jenesa.ram --> cps.msu.edu /user/cd/cps291/multi/net jenesa.ram
98.03.13 09:36 B D:\cdrom\multi\net\lebow.ram --> cps.msu.edu /user/cd/cps291/multi/net lebow.ram
98.03.13 09:36 B D:\cdrom\multi\net\lebowa.ram --> cps.msu.edu /user/cd/cps291/multi/net lebowa.ram
98.03.13 09:36 B D:\cdrom\multi\net\lindow.ram --> cps.msu.edu /user/cd/cps291/multi/net lindow.ram
98.03.13 09:36 B D:\cdrom\multi\net\lindowa.ram --> cps.msu.edu /user/cd/cps291/multi/net lindowa.ram
98.03.13 09:36 B D:\cdrom\multi\net\nando.ram --> cps.msu.edu /user/cd/cps291/multi/net nando.ram
98.03.13 09:36 B D:\cdrom\multi\net\nandoa.ram --> cps.msu.edu /user/cd/cps291/multi/net nandoa.ram
98.03.13 09:36 B D:\cdrom\multi\net\sher.ram --> cps.msu.edu /user/cd/cps291/multi/net sher.ram
98.03.13 09:36 B D:\cdrom\multi\net\shera.ram --> cps.msu.edu /user/cd/cps291/multi/net shera.ram
98.03.13 09:36 B D:\cdrom\multi\net\smarr28.ram --> cps.msu.edu /user/cd/cps291/multi/net smarr28.ram
98.03.13 09:36 B D:\cdrom\multi\net\smarr56.ram --> cps.msu.edu /user/cd/cps291/multi/net smarr56.ram
98.03.13 09:36 B D:\cdrom\multi\net\stand.ram --> cps.msu.edu /user/cd/cps291/multi/net stand.ram
98.03.13 09:36 B D:\cdrom\multi\net\standa.ram --> cps.msu.edu /user/cd/cps291/multi/net standa.ram
98.03.13 09:36 B D:\cdrom\multi\net\stoug.ram --> cps.msu.edu /user/cd/cps291/multi/net stoug.ram
98.03.13 09:36 B D:\cdrom\multi\net\stouga.ram --> cps.msu.edu /user/cd/cps291/multi/net stouga.ram
98.03.13 09:36 B D:\cdrom\multi\net\worlds.ram --> cps.msu.edu /user/cd/cps291/multi/net worlds.ram
98.03.13 09:36 B D:\cdrom\multi\net\worldsa.ram --> cps.msu.edu /user/cd/cps291/multi/net worldsa.ram
98.03.13 09:36 B D:\cdrom\multi\net\WS_FTP.LOG --> cps.msu.edu /user/cd/cps291/multi/net WS_FTP.LOG
