98.02.01 20:04 B D:\cdrom\discuss\chathlp.crs <-- www.vu.msu.edu /afs/msu/course/vu/egr124/cdrom/discuss chathlp.crs
98.02.01 20:04 B D:\cdrom\discuss\chathlp.htm <-- www.vu.msu.edu /afs/msu/course/vu/egr124/cdrom/discuss chathlp.htm
98.02.01 20:04 B D:\cdrom\discuss\feedback.crs <-- www.vu.msu.edu /afs/msu/course/vu/egr124/cdrom/discuss feedback.crs
98.02.01 20:04 B D:\cdrom\discuss\feedback.htm <-- www.vu.msu.edu /afs/msu/course/vu/egr124/cdrom/discuss feedback.htm
98.02.01 20:04 B D:\cdrom\discuss\index.crs <-- www.vu.msu.edu /afs/msu/course/vu/egr124/cdrom/discuss index.crs
98.02.01 20:04 B D:\cdrom\discuss\index.htm <-- www.vu.msu.edu /afs/msu/course/vu/egr124/cdrom/discuss index.htm
98.02.01 20:04 B D:\cdrom\discuss\makeind.mnu <-- www.vu.msu.edu /afs/msu/course/vu/egr124/cdrom/discuss makeind.mnu
98.02.01 20:04 B D:\cdrom\discuss\makeind.sed <-- www.vu.msu.edu /afs/msu/course/vu/egr124/cdrom/discuss makeind.sed
98.02.02 01:39 B D:\cdrom\discuss\chathlp.crs --> arctic.cps.msu.edu /user/cd/cps291/discuss chathlp.crs
98.02.02 01:39 B D:\cdrom\discuss\chathlp.htm --> arctic.cps.msu.edu /user/cd/cps291/discuss chathlp.htm
98.02.02 01:39 B D:\cdrom\discuss\feedback.crs --> arctic.cps.msu.edu /user/cd/cps291/discuss feedback.crs
98.02.02 01:39 B D:\cdrom\discuss\feedback.htm --> arctic.cps.msu.edu /user/cd/cps291/discuss feedback.htm
98.02.02 01:39 B D:\cdrom\discuss\index.crs --> arctic.cps.msu.edu /user/cd/cps291/discuss index.crs
98.02.02 01:39 B D:\cdrom\discuss\index.htm --> arctic.cps.msu.edu /user/cd/cps291/discuss index.htm
98.02.02 01:39 B D:\cdrom\discuss\makeind.mnu --> arctic.cps.msu.edu /user/cd/cps291/discuss makeind.mnu
98.02.02 01:39 B D:\cdrom\discuss\makeind.sed --> arctic.cps.msu.edu /user/cd/cps291/discuss makeind.sed
98.02.02 01:39 B D:\cdrom\discuss\WS_FTP.LOG --> arctic.cps.msu.edu /user/cd/cps291/discuss WS_FTP.LOG
98.03.12 22:30 B D:\cdrom\discuss\chathlp.crs <-- www.vu.msu.edu /afs/msu/course/vu/egr124/cdrom/discuss chathlp.crs
98.03.12 22:30 B D:\cdrom\discuss\chathlp.htm <-- www.vu.msu.edu /afs/msu/course/vu/egr124/cdrom/discuss chathlp.htm
98.03.12 22:30 B D:\cdrom\discuss\feedback.crs <-- www.vu.msu.edu /afs/msu/course/vu/egr124/cdrom/discuss feedback.crs
98.03.12 22:30 B D:\cdrom\discuss\feedback.htm <-- www.vu.msu.edu /afs/msu/course/vu/egr124/cdrom/discuss feedback.htm
98.03.12 22:30 B D:\cdrom\discuss\index.crs <-- www.vu.msu.edu /afs/msu/course/vu/egr124/cdrom/discuss index.crs
98.03.12 22:30 B D:\cdrom\discuss\index.htm <-- www.vu.msu.edu /afs/msu/course/vu/egr124/cdrom/discuss index.htm
98.03.12 22:30 B D:\cdrom\discuss\makeind.mnu <-- www.vu.msu.edu /afs/msu/course/vu/egr124/cdrom/discuss makeind.mnu
98.03.12 22:30 B D:\cdrom\discuss\makeind.sed <-- www.vu.msu.edu /afs/msu/course/vu/egr124/cdrom/discuss makeind.sed
98.03.12 23:10 B D:\cdrom\discuss\chathlp.crs --> cps.msu.edu /user/cd/cps291/discuss chathlp.crs
98.03.12 23:10 B D:\cdrom\discuss\chathlp.htm --> cps.msu.edu /user/cd/cps291/discuss chathlp.htm
98.03.12 23:10 B D:\cdrom\discuss\feedback.crs --> cps.msu.edu /user/cd/cps291/discuss feedback.crs
98.03.12 23:10 B D:\cdrom\discuss\feedback.htm --> cps.msu.edu /user/cd/cps291/discuss feedback.htm
98.03.12 23:10 B D:\cdrom\discuss\index.crs --> cps.msu.edu /user/cd/cps291/discuss index.crs
98.03.12 23:10 B D:\cdrom\discuss\index.htm --> cps.msu.edu /user/cd/cps291/discuss index.htm
98.03.12 23:10 B D:\cdrom\discuss\makeind.mnu --> cps.msu.edu /user/cd/cps291/discuss makeind.mnu
98.03.12 23:10 B D:\cdrom\discuss\makeind.sed --> cps.msu.edu /user/cd/cps291/discuss makeind.sed
98.03.12 23:10 B D:\cdrom\discuss\WS_FTP.LOG --> cps.msu.edu /user/cd/cps291/discuss WS_FTP.LOG
98.03.13 00:00 B D:\cdrom\discuss\chathlp.crs --> cps.msu.edu /user/cd/cps291/discuss chathlp.crs
98.03.13 00:00 B D:\cdrom\discuss\chathlp.htm --> cps.msu.edu /user/cd/cps291/discuss chathlp.htm
98.03.13 00:00 B D:\cdrom\discuss\feedback.crs --> cps.msu.edu /user/cd/cps291/discuss feedback.crs
98.03.13 00:00 B D:\cdrom\discuss\feedback.htm --> cps.msu.edu /user/cd/cps291/discuss feedback.htm
98.03.13 00:00 B D:\cdrom\discuss\index.crs --> cps.msu.edu /user/cd/cps291/discuss index.crs
98.03.13 00:00 B D:\cdrom\discuss\index.htm --> cps.msu.edu /user/cd/cps291/discuss index.htm
98.03.13 00:01 B D:\cdrom\discuss\makeind.mnu --> cps.msu.edu /user/cd/cps291/discuss makeind.mnu
98.03.13 00:01 B D:\cdrom\discuss\makeind.sed --> cps.msu.edu /user/cd/cps291/discuss makeind.sed
98.03.13 00:01 B D:\cdrom\discuss\WS_FTP.LOG --> cps.msu.edu /user/cd/cps291/discuss WS_FTP.LOG
98.03.13 08:57 B D:\cdrom\discuss\chathlp.crs --> cps.msu.edu /user/cd/cps291/discuss chathlp.crs
98.03.13 08:57 B D:\cdrom\discuss\chathlp.htm --> cps.msu.edu /user/cd/cps291/discuss chathlp.htm
98.03.13 08:57 B D:\cdrom\discuss\feedback.crs --> cps.msu.edu /user/cd/cps291/discuss feedback.crs
98.03.13 08:57 B D:\cdrom\discuss\feedback.htm --> cps.msu.edu /user/cd/cps291/discuss feedback.htm
98.03.13 08:57 B D:\cdrom\discuss\index.crs --> cps.msu.edu /user/cd/cps291/discuss index.crs
98.03.13 08:57 B D:\cdrom\discuss\index.htm --> cps.msu.edu /user/cd/cps291/discuss index.htm
98.03.13 08:57 B D:\cdrom\discuss\makeind.mnu --> cps.msu.edu /user/cd/cps291/discuss makeind.mnu
98.03.13 08:57 B D:\cdrom\discuss\makeind.sed --> cps.msu.edu /user/cd/cps291/discuss makeind.sed
98.03.13 08:57 B D:\cdrom\discuss\WS_FTP.LOG --> cps.msu.edu /user/cd/cps291/discuss WS_FTP.LOG
