97.12.10 03:10 B C:\doit\slides\wdes\ielogo.gif --> arctic.cps.msu.edu /user/cd/cps291/src/doit/slides/wdes ielogo.gif
97.12.10 03:10 B C:\doit\slides\wdes\img001.GIF --> arctic.cps.msu.edu /user/cd/cps291/src/doit/slides/wdes img001.GIF
97.12.10 03:10 B C:\doit\slides\wdes\img002.GIF --> arctic.cps.msu.edu /user/cd/cps291/src/doit/slides/wdes img002.GIF
97.12.10 03:10 B C:\doit\slides\wdes\img003.GIF --> arctic.cps.msu.edu /user/cd/cps291/src/doit/slides/wdes img003.GIF
97.12.10 03:10 B C:\doit\slides\wdes\img004.GIF --> arctic.cps.msu.edu /user/cd/cps291/src/doit/slides/wdes img004.GIF
97.12.10 03:11 B C:\doit\slides\wdes\img005.GIF --> arctic.cps.msu.edu /user/cd/cps291/src/doit/slides/wdes img005.GIF
97.12.10 03:11 B C:\doit\slides\wdes\img006.GIF --> arctic.cps.msu.edu /user/cd/cps291/src/doit/slides/wdes img006.GIF
97.12.10 03:11 B C:\doit\slides\wdes\img007.GIF --> arctic.cps.msu.edu /user/cd/cps291/src/doit/slides/wdes img007.GIF
97.12.10 03:11 B C:\doit\slides\wdes\img008.GIF --> arctic.cps.msu.edu /user/cd/cps291/src/doit/slides/wdes img008.GIF
97.12.10 03:11 B C:\doit\slides\wdes\img009.GIF --> arctic.cps.msu.edu /user/cd/cps291/src/doit/slides/wdes img009.GIF
97.12.10 03:11 B C:\doit\slides\wdes\img010.GIF --> arctic.cps.msu.edu /user/cd/cps291/src/doit/slides/wdes img010.GIF
97.12.10 03:11 B C:\doit\slides\wdes\img011.GIF --> arctic.cps.msu.edu /user/cd/cps291/src/doit/slides/wdes img011.GIF
97.12.10 03:11 B C:\doit\slides\wdes\img012.GIF --> arctic.cps.msu.edu /user/cd/cps291/src/doit/slides/wdes img012.GIF
97.12.10 03:11 B C:\doit\slides\wdes\img013.GIF --> arctic.cps.msu.edu /user/cd/cps291/src/doit/slides/wdes img013.GIF
97.12.10 03:11 B C:\doit\slides\wdes\img014.GIF --> arctic.cps.msu.edu /user/cd/cps291/src/doit/slides/wdes img014.GIF
97.12.10 03:11 B C:\doit\slides\wdes\img015.GIF --> arctic.cps.msu.edu /user/cd/cps291/src/doit/slides/wdes img015.GIF
97.12.10 03:11 B C:\doit\slides\wdes\img016.GIF --> arctic.cps.msu.edu /user/cd/cps291/src/doit/slides/wdes img016.GIF
97.12.10 03:11 B C:\doit\slides\wdes\img017.GIF --> arctic.cps.msu.edu /user/cd/cps291/src/doit/slides/wdes img017.GIF
97.12.10 03:11 B C:\doit\slides\wdes\img018.GIF --> arctic.cps.msu.edu /user/cd/cps291/src/doit/slides/wdes img018.GIF
97.12.10 03:11 B C:\doit\slides\wdes\img019.GIF --> arctic.cps.msu.edu /user/cd/cps291/src/doit/slides/wdes img019.GIF
97.12.10 03:11 B C:\doit\slides\wdes\img020.GIF --> arctic.cps.msu.edu /user/cd/cps291/src/doit/slides/wdes img020.GIF
97.12.10 03:11 B C:\doit\slides\wdes\img021.GIF --> arctic.cps.msu.edu /user/cd/cps291/src/doit/slides/wdes img021.GIF
97.12.10 03:11 B C:\doit\slides\wdes\img022.GIF --> arctic.cps.msu.edu /user/cd/cps291/src/doit/slides/wdes img022.GIF
97.12.10 03:11 B C:\doit\slides\wdes\img023.GIF --> arctic.cps.msu.edu /user/cd/cps291/src/doit/slides/wdes img023.GIF
97.12.10 03:11 B C:\doit\slides\wdes\img024.GIF --> arctic.cps.msu.edu /user/cd/cps291/src/doit/slides/wdes img024.GIF
97.12.10 03:11 B C:\doit\slides\wdes\img025.GIF --> arctic.cps.msu.edu /user/cd/cps291/src/doit/slides/wdes img025.GIF
97.12.10 03:11 B C:\doit\slides\wdes\img026.GIF --> arctic.cps.msu.edu /user/cd/cps291/src/doit/slides/wdes img026.GIF
97.12.10 03:11 B C:\doit\slides\wdes\img027.GIF --> arctic.cps.msu.edu /user/cd/cps291/src/doit/slides/wdes img027.GIF
97.12.10 03:11 B C:\doit\slides\wdes\img028.GIF --> arctic.cps.msu.edu /user/cd/cps291/src/doit/slides/wdes img028.GIF
97.12.10 03:11 B C:\doit\slides\wdes\img029.GIF --> arctic.cps.msu.edu /user/cd/cps291/src/doit/slides/wdes img029.GIF
97.12.10 03:11 B C:\doit\slides\wdes\img030.GIF --> arctic.cps.msu.edu /user/cd/cps291/src/doit/slides/wdes img030.GIF
97.12.10 03:11 B C:\doit\slides\wdes\img031.GIF --> arctic.cps.msu.edu /user/cd/cps291/src/doit/slides/wdes img031.GIF
97.12.10 03:11 B C:\doit\slides\wdes\img032.GIF --> arctic.cps.msu.edu /user/cd/cps291/src/doit/slides/wdes img032.GIF
97.12.10 03:11 B C:\doit\slides\wdes\img033.GIF --> arctic.cps.msu.edu /user/cd/cps291/src/doit/slides/wdes img033.GIF
97.12.10 03:11 B C:\doit\slides\wdes\img034.GIF --> arctic.cps.msu.edu /user/cd/cps291/src/doit/slides/wdes img034.GIF
97.12.10 03:11 B C:\doit\slides\wdes\img035.GIF --> arctic.cps.msu.edu /user/cd/cps291/src/doit/slides/wdes img035.GIF
97.12.10 03:11 B C:\doit\slides\wdes\img036.GIF --> arctic.cps.msu.edu /user/cd/cps291/src/doit/slides/wdes img036.GIF
97.12.10 03:11 B C:\doit\slides\wdes\img037.GIF --> arctic.cps.msu.edu /user/cd/cps291/src/doit/slides/wdes img037.GIF
97.12.10 03:11 B C:\doit\slides\wdes\img038.GIF --> arctic.cps.msu.edu /user/cd/cps291/src/doit/slides/wdes img038.GIF
97.12.10 03:11 B C:\doit\slides\wdes\img039.GIF --> arctic.cps.msu.edu /user/cd/cps291/src/doit/slides/wdes img039.GIF
97.12.10 03:11 B C:\doit\slides\wdes\img040.GIF --> arctic.cps.msu.edu /user/cd/cps291/src/doit/slides/wdes img040.GIF
97.12.10 03:11 B C:\doit\slides\wdes\img041.GIF --> arctic.cps.msu.edu /user/cd/cps291/src/doit/slides/wdes img041.GIF
97.12.10 03:11 B C:\doit\slides\wdes\img042.GIF --> arctic.cps.msu.edu /user/cd/cps291/src/doit/slides/wdes img042.GIF
97.12.10 03:11 B C:\doit\slides\wdes\img043.GIF --> arctic.cps.msu.edu /user/cd/cps291/src/doit/slides/wdes img043.GIF
97.12.10 03:11 B C:\doit\slides\wdes\img044.GIF --> arctic.cps.msu.edu /user/cd/cps291/src/doit/slides/wdes img044.GIF
97.12.10 03:11 B C:\doit\slides\wdes\img045.GIF --> arctic.cps.msu.edu /user/cd/cps291/src/doit/slides/wdes img045.GIF
97.12.10 03:11 B C:\doit\slides\wdes\img046.GIF --> arctic.cps.msu.edu /user/cd/cps291/src/doit/slides/wdes img046.GIF
97.12.10 03:11 B C:\doit\slides\wdes\img047.GIF --> arctic.cps.msu.edu /user/cd/cps291/src/doit/slides/wdes img047.GIF
97.12.10 03:11 B C:\doit\slides\wdes\img048.GIF --> arctic.cps.msu.edu /user/cd/cps291/src/doit/slides/wdes img048.GIF
97.12.10 03:11 B C:\doit\slides\wdes\img049.GIF --> arctic.cps.msu.edu /user/cd/cps291/src/doit/slides/wdes img049.GIF
97.12.10 03:11 B C:\doit\slides\wdes\img050.GIF --> arctic.cps.msu.edu /user/cd/cps291/src/doit/slides/wdes img050.GIF
97.12.10 03:11 B C:\doit\slides\wdes\img051.GIF --> arctic.cps.msu.edu /user/cd/cps291/src/doit/slides/wdes img051.GIF
97.12.10 03:11 B C:\doit\slides\wdes\img052.GIF --> arctic.cps.msu.edu /user/cd/cps291/src/doit/slides/wdes img052.GIF
97.12.10 03:11 B C:\doit\slides\wdes\img053.GIF --> arctic.cps.msu.edu /user/cd/cps291/src/doit/slides/wdes img053.GIF
97.12.10 03:11 B C:\doit\slides\wdes\img054.GIF --> arctic.cps.msu.edu /user/cd/cps291/src/doit/slides/wdes img054.GIF
97.12.10 03:11 B C:\doit\slides\wdes\img055.GIF --> arctic.cps.msu.edu /user/cd/cps291/src/doit/slides/wdes img055.GIF
97.12.10 03:11 B C:\doit\slides\wdes\img056.GIF --> arctic.cps.msu.edu /user/cd/cps291/src/doit/slides/wdes img056.GIF
97.12.10 03:11 B C:\doit\slides\wdes\img057.GIF --> arctic.cps.msu.edu /user/cd/cps291/src/doit/slides/wdes img057.GIF
97.12.10 03:11 B C:\doit\slides\wdes\img058.GIF --> arctic.cps.msu.edu /user/cd/cps291/src/doit/slides/wdes img058.GIF
97.12.10 03:11 B C:\doit\slides\wdes\img059.GIF --> arctic.cps.msu.edu /user/cd/cps291/src/doit/slides/wdes img059.GIF
97.12.10 03:11 B C:\doit\slides\wdes\img060.GIF --> arctic.cps.msu.edu /user/cd/cps291/src/doit/slides/wdes img060.GIF
97.12.10 03:11 B C:\doit\slides\wdes\index.htm --> arctic.cps.msu.edu /user/cd/cps291/src/doit/slides/wdes index.htm
97.12.10 03:11 B C:\doit\slides\wdes\pptani.gif --> arctic.cps.msu.edu /user/cd/cps291/src/doit/slides/wdes pptani.gif
97.12.10 03:11 B C:\doit\slides\wdes\sld001.htm --> arctic.cps.msu.edu /user/cd/cps291/src/doit/slides/wdes sld001.htm
97.12.10 03:11 B C:\doit\slides\wdes\sld002.htm --> arctic.cps.msu.edu /user/cd/cps291/src/doit/slides/wdes sld002.htm
97.12.10 03:11 B C:\doit\slides\wdes\sld003.htm --> arctic.cps.msu.edu /user/cd/cps291/src/doit/slides/wdes sld003.htm
97.12.10 03:11 B C:\doit\slides\wdes\sld004.htm --> arctic.cps.msu.edu /user/cd/cps291/src/doit/slides/wdes sld004.htm
97.12.10 03:11 B C:\doit\slides\wdes\sld005.htm --> arctic.cps.msu.edu /user/cd/cps291/src/doit/slides/wdes sld005.htm
97.12.10 03:11 B C:\doit\slides\wdes\sld006.htm --> arctic.cps.msu.edu /user/cd/cps291/src/doit/slides/wdes sld006.htm
97.12.10 03:11 B C:\doit\slides\wdes\sld007.htm --> arctic.cps.msu.edu /user/cd/cps291/src/doit/slides/wdes sld007.htm
97.12.10 03:11 B C:\doit\slides\wdes\sld008.htm --> arctic.cps.msu.edu /user/cd/cps291/src/doit/slides/wdes sld008.htm
97.12.10 03:11 B C:\doit\slides\wdes\sld009.htm --> arctic.cps.msu.edu /user/cd/cps291/src/doit/slides/wdes sld009.htm
97.12.10 03:11 B C:\doit\slides\wdes\sld010.htm --> arctic.cps.msu.edu /user/cd/cps291/src/doit/slides/wdes sld010.htm
97.12.10 03:11 B C:\doit\slides\wdes\sld011.htm --> arctic.cps.msu.edu /user/cd/cps291/src/doit/slides/wdes sld011.htm
97.12.10 03:11 B C:\doit\slides\wdes\sld012.htm --> arctic.cps.msu.edu /user/cd/cps291/src/doit/slides/wdes sld012.htm
97.12.10 03:11 B C:\doit\slides\wdes\sld013.htm --> arctic.cps.msu.edu /user/cd/cps291/src/doit/slides/wdes sld013.htm
97.12.10 03:11 B C:\doit\slides\wdes\sld014.htm --> arctic.cps.msu.edu /user/cd/cps291/src/doit/slides/wdes sld014.htm
97.12.10 03:11 B C:\doit\slides\wdes\sld015.htm --> arctic.cps.msu.edu /user/cd/cps291/src/doit/slides/wdes sld015.htm
97.12.10 03:11 B C:\doit\slides\wdes\sld016.htm --> arctic.cps.msu.edu /user/cd/cps291/src/doit/slides/wdes sld016.htm
97.12.10 03:11 B C:\doit\slides\wdes\sld017.htm --> arctic.cps.msu.edu /user/cd/cps291/src/doit/slides/wdes sld017.htm
97.12.10 03:11 B C:\doit\slides\wdes\sld018.htm --> arctic.cps.msu.edu /user/cd/cps291/src/doit/slides/wdes sld018.htm
97.12.10 03:11 B C:\doit\slides\wdes\sld019.htm --> arctic.cps.msu.edu /user/cd/cps291/src/doit/slides/wdes sld019.htm
97.12.10 03:11 B C:\doit\slides\wdes\sld020.htm --> arctic.cps.msu.edu /user/cd/cps291/src/doit/slides/wdes sld020.htm
97.12.10 03:11 B C:\doit\slides\wdes\sld021.htm --> arctic.cps.msu.edu /user/cd/cps291/src/doit/slides/wdes sld021.htm
97.12.10 03:11 B C:\doit\slides\wdes\sld022.htm --> arctic.cps.msu.edu /user/cd/cps291/src/doit/slides/wdes sld022.htm
97.12.10 03:11 B C:\doit\slides\wdes\sld023.htm --> arctic.cps.msu.edu /user/cd/cps291/src/doit/slides/wdes sld023.htm
97.12.10 03:11 B C:\doit\slides\wdes\sld024.htm --> arctic.cps.msu.edu /user/cd/cps291/src/doit/slides/wdes sld024.htm
97.12.10 03:11 B C:\doit\slides\wdes\sld025.htm --> arctic.cps.msu.edu /user/cd/cps291/src/doit/slides/wdes sld025.htm
97.12.10 03:11 B C:\doit\slides\wdes\sld026.htm --> arctic.cps.msu.edu /user/cd/cps291/src/doit/slides/wdes sld026.htm
97.12.10 03:11 B C:\doit\slides\wdes\sld027.htm --> arctic.cps.msu.edu /user/cd/cps291/src/doit/slides/wdes sld027.htm
97.12.10 03:11 B C:\doit\slides\wdes\sld028.htm --> arctic.cps.msu.edu /user/cd/cps291/src/doit/slides/wdes sld028.htm
97.12.10 03:11 B C:\doit\slides\wdes\sld029.htm --> arctic.cps.msu.edu /user/cd/cps291/src/doit/slides/wdes sld029.htm
97.12.10 03:11 B C:\doit\slides\wdes\sld030.htm --> arctic.cps.msu.edu /user/cd/cps291/src/doit/slides/wdes sld030.htm
97.12.10 03:11 B C:\doit\slides\wdes\sld031.htm --> arctic.cps.msu.edu /user/cd/cps291/src/doit/slides/wdes sld031.htm
97.12.10 03:11 B C:\doit\slides\wdes\sld032.htm --> arctic.cps.msu.edu /user/cd/cps291/src/doit/slides/wdes sld032.htm
97.12.10 03:11 B C:\doit\slides\wdes\sld033.htm --> arctic.cps.msu.edu /user/cd/cps291/src/doit/slides/wdes sld033.htm
97.12.10 03:11 B C:\doit\slides\wdes\sld034.htm --> arctic.cps.msu.edu /user/cd/cps291/src/doit/slides/wdes sld034.htm
97.12.10 03:11 B C:\doit\slides\wdes\sld035.htm --> arctic.cps.msu.edu /user/cd/cps291/src/doit/slides/wdes sld035.htm
97.12.10 03:11 B C:\doit\slides\wdes\sld036.htm --> arctic.cps.msu.edu /user/cd/cps291/src/doit/slides/wdes sld036.htm
97.12.10 03:11 B C:\doit\slides\wdes\sld037.htm --> arctic.cps.msu.edu /user/cd/cps291/src/doit/slides/wdes sld037.htm
97.12.10 03:11 B C:\doit\slides\wdes\sld038.htm --> arctic.cps.msu.edu /user/cd/cps291/src/doit/slides/wdes sld038.htm
97.12.10 03:11 B C:\doit\slides\wdes\sld039.htm --> arctic.cps.msu.edu /user/cd/cps291/src/doit/slides/wdes sld039.htm
97.12.10 03:11 B C:\doit\slides\wdes\sld040.htm --> arctic.cps.msu.edu /user/cd/cps291/src/doit/slides/wdes sld040.htm
97.12.10 03:11 B C:\doit\slides\wdes\sld041.htm --> arctic.cps.msu.edu /user/cd/cps291/src/doit/slides/wdes sld041.htm
97.12.10 03:11 B C:\doit\slides\wdes\sld042.htm --> arctic.cps.msu.edu /user/cd/cps291/src/doit/slides/wdes sld042.htm
97.12.10 03:11 B C:\doit\slides\wdes\sld043.htm --> arctic.cps.msu.edu /user/cd/cps291/src/doit/slides/wdes sld043.htm
97.12.10 03:11 B C:\doit\slides\wdes\sld044.htm --> arctic.cps.msu.edu /user/cd/cps291/src/doit/slides/wdes sld044.htm
97.12.10 03:11 B C:\doit\slides\wdes\sld045.htm --> arctic.cps.msu.edu /user/cd/cps291/src/doit/slides/wdes sld045.htm
97.12.10 03:11 B C:\doit\slides\wdes\sld046.htm --> arctic.cps.msu.edu /user/cd/cps291/src/doit/slides/wdes sld046.htm
97.12.10 03:11 B C:\doit\slides\wdes\sld047.htm --> arctic.cps.msu.edu /user/cd/cps291/src/doit/slides/wdes sld047.htm
97.12.10 03:11 B C:\doit\slides\wdes\sld048.htm --> arctic.cps.msu.edu /user/cd/cps291/src/doit/slides/wdes sld048.htm
97.12.10 03:11 B C:\doit\slides\wdes\sld049.htm --> arctic.cps.msu.edu /user/cd/cps291/src/doit/slides/wdes sld049.htm
97.12.10 03:11 B C:\doit\slides\wdes\sld050.htm --> arctic.cps.msu.edu /user/cd/cps291/src/doit/slides/wdes sld050.htm
97.12.10 03:11 B C:\doit\slides\wdes\sld051.htm --> arctic.cps.msu.edu /user/cd/cps291/src/doit/slides/wdes sld051.htm
97.12.10 03:11 B C:\doit\slides\wdes\sld052.htm --> arctic.cps.msu.edu /user/cd/cps291/src/doit/slides/wdes sld052.htm
97.12.10 03:11 B C:\doit\slides\wdes\sld053.htm --> arctic.cps.msu.edu /user/cd/cps291/src/doit/slides/wdes sld053.htm
97.12.10 03:11 B C:\doit\slides\wdes\sld054.htm --> arctic.cps.msu.edu /user/cd/cps291/src/doit/slides/wdes sld054.htm
97.12.10 03:11 B C:\doit\slides\wdes\sld055.htm --> arctic.cps.msu.edu /user/cd/cps291/src/doit/slides/wdes sld055.htm
97.12.10 03:11 B C:\doit\slides\wdes\sld056.htm --> arctic.cps.msu.edu /user/cd/cps291/src/doit/slides/wdes sld056.htm
97.12.10 03:11 B C:\doit\slides\wdes\sld057.htm --> arctic.cps.msu.edu /user/cd/cps291/src/doit/slides/wdes sld057.htm
97.12.10 03:11 B C:\doit\slides\wdes\sld058.htm --> arctic.cps.msu.edu /user/cd/cps291/src/doit/slides/wdes sld058.htm
97.12.10 03:11 B C:\doit\slides\wdes\sld059.htm --> arctic.cps.msu.edu /user/cd/cps291/src/doit/slides/wdes sld059.htm
97.12.10 03:11 B C:\doit\slides\wdes\sld060.htm --> arctic.cps.msu.edu /user/cd/cps291/src/doit/slides/wdes sld060.htm
97.12.10 03:11 B C:\doit\slides\wdes\space.gif --> arctic.cps.msu.edu /user/cd/cps291/src/doit/slides/wdes space.gif
97.12.10 03:11 B C:\doit\slides\wdes\tsld001.htm --> arctic.cps.msu.edu /user/cd/cps291/src/doit/slides/wdes tsld001.htm
97.12.10 03:11 B C:\doit\slides\wdes\tsld002.htm --> arctic.cps.msu.edu /user/cd/cps291/src/doit/slides/wdes tsld002.htm
97.12.10 03:11 B C:\doit\slides\wdes\tsld003.htm --> arctic.cps.msu.edu /user/cd/cps291/src/doit/slides/wdes tsld003.htm
97.12.10 03:11 B C:\doit\slides\wdes\tsld004.htm --> arctic.cps.msu.edu /user/cd/cps291/src/doit/slides/wdes tsld004.htm
97.12.10 03:11 B C:\doit\slides\wdes\tsld005.htm --> arctic.cps.msu.edu /user/cd/cps291/src/doit/slides/wdes tsld005.htm
97.12.10 03:11 B C:\doit\slides\wdes\tsld006.htm --> arctic.cps.msu.edu /user/cd/cps291/src/doit/slides/wdes tsld006.htm
97.12.10 03:11 B C:\doit\slides\wdes\tsld007.htm --> arctic.cps.msu.edu /user/cd/cps291/src/doit/slides/wdes tsld007.htm
97.12.10 03:11 B C:\doit\slides\wdes\tsld008.htm --> arctic.cps.msu.edu /user/cd/cps291/src/doit/slides/wdes tsld008.htm
97.12.10 03:11 B C:\doit\slides\wdes\tsld009.htm --> arctic.cps.msu.edu /user/cd/cps291/src/doit/slides/wdes tsld009.htm
97.12.10 03:11 B C:\doit\slides\wdes\tsld010.htm --> arctic.cps.msu.edu /user/cd/cps291/src/doit/slides/wdes tsld010.htm
97.12.10 03:11 B C:\doit\slides\wdes\tsld011.htm --> arctic.cps.msu.edu /user/cd/cps291/src/doit/slides/wdes tsld011.htm
97.12.10 03:11 B C:\doit\slides\wdes\tsld012.htm --> arctic.cps.msu.edu /user/cd/cps291/src/doit/slides/wdes tsld012.htm
97.12.10 03:11 B C:\doit\slides\wdes\tsld013.htm --> arctic.cps.msu.edu /user/cd/cps291/src/doit/slides/wdes tsld013.htm
97.12.10 03:11 B C:\doit\slides\wdes\tsld014.htm --> arctic.cps.msu.edu /user/cd/cps291/src/doit/slides/wdes tsld014.htm
97.12.10 03:11 B C:\doit\slides\wdes\tsld015.htm --> arctic.cps.msu.edu /user/cd/cps291/src/doit/slides/wdes tsld015.htm
97.12.10 03:11 B C:\doit\slides\wdes\tsld016.htm --> arctic.cps.msu.edu /user/cd/cps291/src/doit/slides/wdes tsld016.htm
97.12.10 03:11 B C:\doit\slides\wdes\tsld017.htm --> arctic.cps.msu.edu /user/cd/cps291/src/doit/slides/wdes tsld017.htm
97.12.10 03:11 B C:\doit\slides\wdes\tsld018.htm --> arctic.cps.msu.edu /user/cd/cps291/src/doit/slides/wdes tsld018.htm
97.12.10 03:11 B C:\doit\slides\wdes\tsld019.htm --> arctic.cps.msu.edu /user/cd/cps291/src/doit/slides/wdes tsld019.htm
97.12.10 03:11 B C:\doit\slides\wdes\tsld020.htm --> arctic.cps.msu.edu /user/cd/cps291/src/doit/slides/wdes tsld020.htm
97.12.10 03:11 B C:\doit\slides\wdes\tsld021.htm --> arctic.cps.msu.edu /user/cd/cps291/src/doit/slides/wdes tsld021.htm
97.12.10 03:11 B C:\doit\slides\wdes\tsld022.htm --> arctic.cps.msu.edu /user/cd/cps291/src/doit/slides/wdes tsld022.htm
97.12.10 03:11 B C:\doit\slides\wdes\tsld023.htm --> arctic.cps.msu.edu /user/cd/cps291/src/doit/slides/wdes tsld023.htm
97.12.10 03:11 B C:\doit\slides\wdes\tsld024.htm --> arctic.cps.msu.edu /user/cd/cps291/src/doit/slides/wdes tsld024.htm
97.12.10 03:11 B C:\doit\slides\wdes\tsld025.htm --> arctic.cps.msu.edu /user/cd/cps291/src/doit/slides/wdes tsld025.htm
97.12.10 03:11 B C:\doit\slides\wdes\tsld026.htm --> arctic.cps.msu.edu /user/cd/cps291/src/doit/slides/wdes tsld026.htm
97.12.10 03:11 B C:\doit\slides\wdes\tsld027.htm --> arctic.cps.msu.edu /user/cd/cps291/src/doit/slides/wdes tsld027.htm
97.12.10 03:11 B C:\doit\slides\wdes\tsld028.htm --> arctic.cps.msu.edu /user/cd/cps291/src/doit/slides/wdes tsld028.htm
97.12.10 03:11 B C:\doit\slides\wdes\tsld029.htm --> arctic.cps.msu.edu /user/cd/cps291/src/doit/slides/wdes tsld029.htm
97.12.10 03:11 B C:\doit\slides\wdes\tsld030.htm --> arctic.cps.msu.edu /user/cd/cps291/src/doit/slides/wdes tsld030.htm
97.12.10 03:11 B C:\doit\slides\wdes\tsld031.htm --> arctic.cps.msu.edu /user/cd/cps291/src/doit/slides/wdes tsld031.htm
97.12.10 03:11 B C:\doit\slides\wdes\tsld032.htm --> arctic.cps.msu.edu /user/cd/cps291/src/doit/slides/wdes tsld032.htm
97.12.10 03:11 B C:\doit\slides\wdes\tsld033.htm --> arctic.cps.msu.edu /user/cd/cps291/src/doit/slides/wdes tsld033.htm
97.12.10 03:11 B C:\doit\slides\wdes\tsld034.htm --> arctic.cps.msu.edu /user/cd/cps291/src/doit/slides/wdes tsld034.htm
97.12.10 03:11 B C:\doit\slides\wdes\tsld035.htm --> arctic.cps.msu.edu /user/cd/cps291/src/doit/slides/wdes tsld035.htm
97.12.10 03:11 B C:\doit\slides\wdes\tsld036.htm --> arctic.cps.msu.edu /user/cd/cps291/src/doit/slides/wdes tsld036.htm
97.12.10 03:11 B C:\doit\slides\wdes\tsld037.htm --> arctic.cps.msu.edu /user/cd/cps291/src/doit/slides/wdes tsld037.htm
97.12.10 03:11 B C:\doit\slides\wdes\tsld038.htm --> arctic.cps.msu.edu /user/cd/cps291/src/doit/slides/wdes tsld038.htm
97.12.10 03:11 B C:\doit\slides\wdes\tsld039.htm --> arctic.cps.msu.edu /user/cd/cps291/src/doit/slides/wdes tsld039.htm
97.12.10 03:11 B C:\doit\slides\wdes\tsld040.htm --> arctic.cps.msu.edu /user/cd/cps291/src/doit/slides/wdes tsld040.htm
97.12.10 03:11 B C:\doit\slides\wdes\tsld041.htm --> arctic.cps.msu.edu /user/cd/cps291/src/doit/slides/wdes tsld041.htm
97.12.10 03:11 B C:\doit\slides\wdes\tsld042.htm --> arctic.cps.msu.edu /user/cd/cps291/src/doit/slides/wdes tsld042.htm
97.12.10 03:11 B C:\doit\slides\wdes\tsld043.htm --> arctic.cps.msu.edu /user/cd/cps291/src/doit/slides/wdes tsld043.htm
97.12.10 03:11 B C:\doit\slides\wdes\tsld044.htm --> arctic.cps.msu.edu /user/cd/cps291/src/doit/slides/wdes tsld044.htm
97.12.10 03:11 B C:\doit\slides\wdes\tsld045.htm --> arctic.cps.msu.edu /user/cd/cps291/src/doit/slides/wdes tsld045.htm
97.12.10 03:11 B C:\doit\slides\wdes\tsld046.htm --> arctic.cps.msu.edu /user/cd/cps291/src/doit/slides/wdes tsld046.htm
97.12.10 03:11 B C:\doit\slides\wdes\tsld047.htm --> arctic.cps.msu.edu /user/cd/cps291/src/doit/slides/wdes tsld047.htm
97.12.10 03:11 B C:\doit\slides\wdes\tsld048.htm --> arctic.cps.msu.edu /user/cd/cps291/src/doit/slides/wdes tsld048.htm
97.12.10 03:11 B C:\doit\slides\wdes\tsld049.htm --> arctic.cps.msu.edu /user/cd/cps291/src/doit/slides/wdes tsld049.htm
97.12.10 03:11 B C:\doit\slides\wdes\tsld050.htm --> arctic.cps.msu.edu /user/cd/cps291/src/doit/slides/wdes tsld050.htm
97.12.10 03:11 B C:\doit\slides\wdes\tsld051.htm --> arctic.cps.msu.edu /user/cd/cps291/src/doit/slides/wdes tsld051.htm
97.12.10 03:11 B C:\doit\slides\wdes\tsld052.htm --> arctic.cps.msu.edu /user/cd/cps291/src/doit/slides/wdes tsld052.htm
97.12.10 03:11 B C:\doit\slides\wdes\tsld053.htm --> arctic.cps.msu.edu /user/cd/cps291/src/doit/slides/wdes tsld053.htm
97.12.10 03:11 B C:\doit\slides\wdes\tsld054.htm --> arctic.cps.msu.edu /user/cd/cps291/src/doit/slides/wdes tsld054.htm
97.12.10 03:11 B C:\doit\slides\wdes\tsld055.htm --> arctic.cps.msu.edu /user/cd/cps291/src/doit/slides/wdes tsld055.htm
97.12.10 03:11 B C:\doit\slides\wdes\tsld056.htm --> arctic.cps.msu.edu /user/cd/cps291/src/doit/slides/wdes tsld056.htm
97.12.10 03:11 B C:\doit\slides\wdes\tsld057.htm --> arctic.cps.msu.edu /user/cd/cps291/src/doit/slides/wdes tsld057.htm
97.12.10 03:11 B C:\doit\slides\wdes\tsld058.htm --> arctic.cps.msu.edu /user/cd/cps291/src/doit/slides/wdes tsld058.htm
97.12.10 03:11 B C:\doit\slides\wdes\tsld059.htm --> arctic.cps.msu.edu /user/cd/cps291/src/doit/slides/wdes tsld059.htm
97.12.10 03:11 B C:\doit\slides\wdes\tsld060.htm --> arctic.cps.msu.edu /user/cd/cps291/src/doit/slides/wdes tsld060.htm
98.01.14 22:33 B C:\syncomat\htm_sld\wdes\ielogo.gif --> www.vu.msu.edu /home/egr124/stage/wdes ielogo.gif
98.01.14 22:33 B C:\syncomat\htm_sld\wdes\img001.GIF --> www.vu.msu.edu /home/egr124/stage/wdes img001.GIF
98.01.14 22:33 B C:\syncomat\htm_sld\wdes\img002.GIF --> www.vu.msu.edu /home/egr124/stage/wdes img002.GIF
98.01.14 22:33 B C:\syncomat\htm_sld\wdes\img003.GIF --> www.vu.msu.edu /home/egr124/stage/wdes img003.GIF
98.01.14 22:33 B C:\syncomat\htm_sld\wdes\img004.GIF --> www.vu.msu.edu /home/egr124/stage/wdes img004.GIF
98.01.14 22:33 B C:\syncomat\htm_sld\wdes\img005.GIF --> www.vu.msu.edu /home/egr124/stage/wdes img005.GIF
98.01.14 22:33 B C:\syncomat\htm_sld\wdes\img006.GIF --> www.vu.msu.edu /home/egr124/stage/wdes img006.GIF
98.01.14 22:33 B C:\syncomat\htm_sld\wdes\img007.GIF --> www.vu.msu.edu /home/egr124/stage/wdes img007.GIF
98.01.14 22:33 B C:\syncomat\htm_sld\wdes\img008.GIF --> www.vu.msu.edu /home/egr124/stage/wdes img008.GIF
98.01.14 22:33 B C:\syncomat\htm_sld\wdes\img009.GIF --> www.vu.msu.edu /home/egr124/stage/wdes img009.GIF
98.01.14 22:33 B C:\syncomat\htm_sld\wdes\img010.GIF --> www.vu.msu.edu /home/egr124/stage/wdes img010.GIF
98.01.14 22:33 B C:\syncomat\htm_sld\wdes\img011.GIF --> www.vu.msu.edu /home/egr124/stage/wdes img011.GIF
98.01.14 22:33 B C:\syncomat\htm_sld\wdes\img012.GIF --> www.vu.msu.edu /home/egr124/stage/wdes img012.GIF
98.01.14 22:33 B C:\syncomat\htm_sld\wdes\img013.GIF --> www.vu.msu.edu /home/egr124/stage/wdes img013.GIF
98.01.14 22:33 B C:\syncomat\htm_sld\wdes\img014.GIF --> www.vu.msu.edu /home/egr124/stage/wdes img014.GIF
98.01.14 22:33 B C:\syncomat\htm_sld\wdes\img015.GIF --> www.vu.msu.edu /home/egr124/stage/wdes img015.GIF
98.01.14 22:33 B C:\syncomat\htm_sld\wdes\img016.GIF --> www.vu.msu.edu /home/egr124/stage/wdes img016.GIF
98.01.14 22:33 B C:\syncomat\htm_sld\wdes\img017.GIF --> www.vu.msu.edu /home/egr124/stage/wdes img017.GIF
98.01.14 22:33 B C:\syncomat\htm_sld\wdes\img018.GIF --> www.vu.msu.edu /home/egr124/stage/wdes img018.GIF
98.01.14 22:33 B C:\syncomat\htm_sld\wdes\img019.GIF --> www.vu.msu.edu /home/egr124/stage/wdes img019.GIF
98.01.14 22:33 B C:\syncomat\htm_sld\wdes\img020.GIF --> www.vu.msu.edu /home/egr124/stage/wdes img020.GIF
98.01.14 22:33 B C:\syncomat\htm_sld\wdes\img021.GIF --> www.vu.msu.edu /home/egr124/stage/wdes img021.GIF
98.01.14 22:33 B C:\syncomat\htm_sld\wdes\img022.GIF --> www.vu.msu.edu /home/egr124/stage/wdes img022.GIF
98.01.14 22:33 B C:\syncomat\htm_sld\wdes\img023.GIF --> www.vu.msu.edu /home/egr124/stage/wdes img023.GIF
98.01.14 22:33 B C:\syncomat\htm_sld\wdes\img024.GIF --> www.vu.msu.edu /home/egr124/stage/wdes img024.GIF
98.01.14 22:33 B C:\syncomat\htm_sld\wdes\img025.GIF --> www.vu.msu.edu /home/egr124/stage/wdes img025.GIF
98.01.14 22:33 B C:\syncomat\htm_sld\wdes\img026.GIF --> www.vu.msu.edu /home/egr124/stage/wdes img026.GIF
98.01.14 22:33 B C:\syncomat\htm_sld\wdes\img027.GIF --> www.vu.msu.edu /home/egr124/stage/wdes img027.GIF
98.01.14 22:33 B C:\syncomat\htm_sld\wdes\img028.GIF --> www.vu.msu.edu /home/egr124/stage/wdes img028.GIF
98.01.14 22:33 B C:\syncomat\htm_sld\wdes\img029.GIF --> www.vu.msu.edu /home/egr124/stage/wdes img029.GIF
98.01.14 22:33 B C:\syncomat\htm_sld\wdes\img030.GIF --> www.vu.msu.edu /home/egr124/stage/wdes img030.GIF
98.01.14 22:33 B C:\syncomat\htm_sld\wdes\img031.GIF --> www.vu.msu.edu /home/egr124/stage/wdes img031.GIF
98.01.14 22:33 B C:\syncomat\htm_sld\wdes\img032.GIF --> www.vu.msu.edu /home/egr124/stage/wdes img032.GIF
98.01.14 22:33 B C:\syncomat\htm_sld\wdes\img033.GIF --> www.vu.msu.edu /home/egr124/stage/wdes img033.GIF
98.01.14 22:33 B C:\syncomat\htm_sld\wdes\img034.GIF --> www.vu.msu.edu /home/egr124/stage/wdes img034.GIF
98.01.14 22:33 B C:\syncomat\htm_sld\wdes\img035.GIF --> www.vu.msu.edu /home/egr124/stage/wdes img035.GIF
98.01.14 22:33 B C:\syncomat\htm_sld\wdes\img036.GIF --> www.vu.msu.edu /home/egr124/stage/wdes img036.GIF
98.01.14 22:33 B C:\syncomat\htm_sld\wdes\img037.GIF --> www.vu.msu.edu /home/egr124/stage/wdes img037.GIF
98.01.14 22:33 B C:\syncomat\htm_sld\wdes\img038.GIF --> www.vu.msu.edu /home/egr124/stage/wdes img038.GIF
98.01.14 22:33 B C:\syncomat\htm_sld\wdes\img039.GIF --> www.vu.msu.edu /home/egr124/stage/wdes img039.GIF
98.01.14 22:33 B C:\syncomat\htm_sld\wdes\img040.GIF --> www.vu.msu.edu /home/egr124/stage/wdes img040.GIF
98.01.14 22:33 B C:\syncomat\htm_sld\wdes\img041.GIF --> www.vu.msu.edu /home/egr124/stage/wdes img041.GIF
98.01.14 22:33 B C:\syncomat\htm_sld\wdes\img042.GIF --> www.vu.msu.edu /home/egr124/stage/wdes img042.GIF
98.01.14 22:33 B C:\syncomat\htm_sld\wdes\img043.GIF --> www.vu.msu.edu /home/egr124/stage/wdes img043.GIF
98.01.14 22:33 B C:\syncomat\htm_sld\wdes\img044.GIF --> www.vu.msu.edu /home/egr124/stage/wdes img044.GIF
98.01.14 22:33 B C:\syncomat\htm_sld\wdes\img045.GIF --> www.vu.msu.edu /home/egr124/stage/wdes img045.GIF
98.01.14 22:33 B C:\syncomat\htm_sld\wdes\img046.GIF --> www.vu.msu.edu /home/egr124/stage/wdes img046.GIF
98.01.14 22:33 B C:\syncomat\htm_sld\wdes\img047.GIF --> www.vu.msu.edu /home/egr124/stage/wdes img047.GIF
98.01.14 22:33 B C:\syncomat\htm_sld\wdes\img048.GIF --> www.vu.msu.edu /home/egr124/stage/wdes img048.GIF
98.01.14 22:33 B C:\syncomat\htm_sld\wdes\img049.GIF --> www.vu.msu.edu /home/egr124/stage/wdes img049.GIF
98.01.14 22:33 B C:\syncomat\htm_sld\wdes\img050.GIF --> www.vu.msu.edu /home/egr124/stage/wdes img050.GIF
98.01.14 22:33 B C:\syncomat\htm_sld\wdes\img051.GIF --> www.vu.msu.edu /home/egr124/stage/wdes img051.GIF
98.01.14 22:33 B C:\syncomat\htm_sld\wdes\img052.GIF --> www.vu.msu.edu /home/egr124/stage/wdes img052.GIF
98.01.14 22:34 B C:\syncomat\htm_sld\wdes\img053.GIF --> www.vu.msu.edu /home/egr124/stage/wdes img053.GIF
98.01.14 22:34 B C:\syncomat\htm_sld\wdes\img054.GIF --> www.vu.msu.edu /home/egr124/stage/wdes img054.GIF
98.01.14 22:34 B C:\syncomat\htm_sld\wdes\img055.GIF --> www.vu.msu.edu /home/egr124/stage/wdes img055.GIF
98.01.14 22:34 B C:\syncomat\htm_sld\wdes\img056.GIF --> www.vu.msu.edu /home/egr124/stage/wdes img056.GIF
98.01.14 22:34 B C:\syncomat\htm_sld\wdes\img057.GIF --> www.vu.msu.edu /home/egr124/stage/wdes img057.GIF
98.01.14 22:34 B C:\syncomat\htm_sld\wdes\img058.GIF --> www.vu.msu.edu /home/egr124/stage/wdes img058.GIF
98.01.14 22:34 B C:\syncomat\htm_sld\wdes\img059.GIF --> www.vu.msu.edu /home/egr124/stage/wdes img059.GIF
98.01.14 22:34 B C:\syncomat\htm_sld\wdes\img060.GIF --> www.vu.msu.edu /home/egr124/stage/wdes img060.GIF
98.01.14 22:34 B C:\syncomat\htm_sld\wdes\index.htm --> www.vu.msu.edu /home/egr124/stage/wdes index.htm
98.01.14 22:34 B C:\syncomat\htm_sld\wdes\pptani.gif --> www.vu.msu.edu /home/egr124/stage/wdes pptani.gif
98.01.14 22:34 B C:\syncomat\htm_sld\wdes\sld001.htm --> www.vu.msu.edu /home/egr124/stage/wdes sld001.htm
98.01.14 22:34 B C:\syncomat\htm_sld\wdes\sld002.htm --> www.vu.msu.edu /home/egr124/stage/wdes sld002.htm
98.01.14 22:34 B C:\syncomat\htm_sld\wdes\sld003.htm --> www.vu.msu.edu /home/egr124/stage/wdes sld003.htm
98.01.14 22:34 B C:\syncomat\htm_sld\wdes\sld004.htm --> www.vu.msu.edu /home/egr124/stage/wdes sld004.htm
98.01.14 22:34 B C:\syncomat\htm_sld\wdes\sld005.htm --> www.vu.msu.edu /home/egr124/stage/wdes sld005.htm
98.01.14 22:34 B C:\syncomat\htm_sld\wdes\sld006.htm --> www.vu.msu.edu /home/egr124/stage/wdes sld006.htm
98.01.14 22:34 B C:\syncomat\htm_sld\wdes\sld007.htm --> www.vu.msu.edu /home/egr124/stage/wdes sld007.htm
98.01.14 22:34 B C:\syncomat\htm_sld\wdes\sld008.htm --> www.vu.msu.edu /home/egr124/stage/wdes sld008.htm
98.01.14 22:34 B C:\syncomat\htm_sld\wdes\sld009.htm --> www.vu.msu.edu /home/egr124/stage/wdes sld009.htm
98.01.14 22:34 B C:\syncomat\htm_sld\wdes\sld010.htm --> www.vu.msu.edu /home/egr124/stage/wdes sld010.htm
98.01.14 22:34 B C:\syncomat\htm_sld\wdes\sld011.htm --> www.vu.msu.edu /home/egr124/stage/wdes sld011.htm
98.01.14 22:34 B C:\syncomat\htm_sld\wdes\sld012.htm --> www.vu.msu.edu /home/egr124/stage/wdes sld012.htm
98.01.14 22:34 B C:\syncomat\htm_sld\wdes\sld013.htm --> www.vu.msu.edu /home/egr124/stage/wdes sld013.htm
98.01.14 22:34 B C:\syncomat\htm_sld\wdes\sld014.htm --> www.vu.msu.edu /home/egr124/stage/wdes sld014.htm
98.01.14 22:34 B C:\syncomat\htm_sld\wdes\sld015.htm --> www.vu.msu.edu /home/egr124/stage/wdes sld015.htm
98.01.14 22:34 B C:\syncomat\htm_sld\wdes\sld016.htm --> www.vu.msu.edu /home/egr124/stage/wdes sld016.htm
98.01.14 22:34 B C:\syncomat\htm_sld\wdes\sld017.htm --> www.vu.msu.edu /home/egr124/stage/wdes sld017.htm
98.01.14 22:34 B C:\syncomat\htm_sld\wdes\sld018.htm --> www.vu.msu.edu /home/egr124/stage/wdes sld018.htm
98.01.14 22:34 B C:\syncomat\htm_sld\wdes\sld019.htm --> www.vu.msu.edu /home/egr124/stage/wdes sld019.htm
98.01.14 22:34 B C:\syncomat\htm_sld\wdes\sld020.htm --> www.vu.msu.edu /home/egr124/stage/wdes sld020.htm
98.01.14 22:34 B C:\syncomat\htm_sld\wdes\sld021.htm --> www.vu.msu.edu /home/egr124/stage/wdes sld021.htm
98.01.14 22:34 B C:\syncomat\htm_sld\wdes\sld022.htm --> www.vu.msu.edu /home/egr124/stage/wdes sld022.htm
98.01.14 22:34 B C:\syncomat\htm_sld\wdes\sld023.htm --> www.vu.msu.edu /home/egr124/stage/wdes sld023.htm
98.01.14 22:34 B C:\syncomat\htm_sld\wdes\sld024.htm --> www.vu.msu.edu /home/egr124/stage/wdes sld024.htm
98.01.14 22:34 B C:\syncomat\htm_sld\wdes\sld025.htm --> www.vu.msu.edu /home/egr124/stage/wdes sld025.htm
98.01.14 22:34 B C:\syncomat\htm_sld\wdes\sld026.htm --> www.vu.msu.edu /home/egr124/stage/wdes sld026.htm
98.01.14 22:34 B C:\syncomat\htm_sld\wdes\sld027.htm --> www.vu.msu.edu /home/egr124/stage/wdes sld027.htm
98.01.14 22:34 B C:\syncomat\htm_sld\wdes\sld028.htm --> www.vu.msu.edu /home/egr124/stage/wdes sld028.htm
98.01.14 22:34 B C:\syncomat\htm_sld\wdes\sld029.htm --> www.vu.msu.edu /home/egr124/stage/wdes sld029.htm
98.01.14 22:34 B C:\syncomat\htm_sld\wdes\sld030.htm --> www.vu.msu.edu /home/egr124/stage/wdes sld030.htm
98.01.14 22:34 B C:\syncomat\htm_sld\wdes\sld031.htm --> www.vu.msu.edu /home/egr124/stage/wdes sld031.htm
98.01.14 22:34 B C:\syncomat\htm_sld\wdes\sld032.htm --> www.vu.msu.edu /home/egr124/stage/wdes sld032.htm
98.01.14 22:34 B C:\syncomat\htm_sld\wdes\sld033.htm --> www.vu.msu.edu /home/egr124/stage/wdes sld033.htm
98.01.14 22:34 B C:\syncomat\htm_sld\wdes\sld034.htm --> www.vu.msu.edu /home/egr124/stage/wdes sld034.htm
98.01.14 22:34 B C:\syncomat\htm_sld\wdes\sld035.htm --> www.vu.msu.edu /home/egr124/stage/wdes sld035.htm
98.01.14 22:34 B C:\syncomat\htm_sld\wdes\sld036.htm --> www.vu.msu.edu /home/egr124/stage/wdes sld036.htm
98.01.14 22:34 B C:\syncomat\htm_sld\wdes\sld037.htm --> www.vu.msu.edu /home/egr124/stage/wdes sld037.htm
98.01.14 22:34 B C:\syncomat\htm_sld\wdes\sld038.htm --> www.vu.msu.edu /home/egr124/stage/wdes sld038.htm
98.01.14 22:34 B C:\syncomat\htm_sld\wdes\sld039.htm --> www.vu.msu.edu /home/egr124/stage/wdes sld039.htm
98.01.14 22:34 B C:\syncomat\htm_sld\wdes\sld040.htm --> www.vu.msu.edu /home/egr124/stage/wdes sld040.htm
98.01.14 22:34 B C:\syncomat\htm_sld\wdes\sld041.htm --> www.vu.msu.edu /home/egr124/stage/wdes sld041.htm
98.01.14 22:34 B C:\syncomat\htm_sld\wdes\sld042.htm --> www.vu.msu.edu /home/egr124/stage/wdes sld042.htm
98.01.14 22:34 B C:\syncomat\htm_sld\wdes\sld043.htm --> www.vu.msu.edu /home/egr124/stage/wdes sld043.htm
98.01.14 22:34 B C:\syncomat\htm_sld\wdes\sld044.htm --> www.vu.msu.edu /home/egr124/stage/wdes sld044.htm
98.01.14 22:34 B C:\syncomat\htm_sld\wdes\sld045.htm --> www.vu.msu.edu /home/egr124/stage/wdes sld045.htm
98.01.14 22:34 B C:\syncomat\htm_sld\wdes\sld046.htm --> www.vu.msu.edu /home/egr124/stage/wdes sld046.htm
98.01.14 22:34 B C:\syncomat\htm_sld\wdes\sld047.htm --> www.vu.msu.edu /home/egr124/stage/wdes sld047.htm
98.01.14 22:34 B C:\syncomat\htm_sld\wdes\sld048.htm --> www.vu.msu.edu /home/egr124/stage/wdes sld048.htm
98.01.14 22:34 B C:\syncomat\htm_sld\wdes\sld049.htm --> www.vu.msu.edu /home/egr124/stage/wdes sld049.htm
98.01.14 22:34 B C:\syncomat\htm_sld\wdes\sld050.htm --> www.vu.msu.edu /home/egr124/stage/wdes sld050.htm
98.01.14 22:34 B C:\syncomat\htm_sld\wdes\sld051.htm --> www.vu.msu.edu /home/egr124/stage/wdes sld051.htm
98.01.14 22:34 B C:\syncomat\htm_sld\wdes\sld052.htm --> www.vu.msu.edu /home/egr124/stage/wdes sld052.htm
98.01.14 22:34 B C:\syncomat\htm_sld\wdes\sld053.htm --> www.vu.msu.edu /home/egr124/stage/wdes sld053.htm
98.01.14 22:34 B C:\syncomat\htm_sld\wdes\sld054.htm --> www.vu.msu.edu /home/egr124/stage/wdes sld054.htm
98.01.14 22:34 B C:\syncomat\htm_sld\wdes\sld055.htm --> www.vu.msu.edu /home/egr124/stage/wdes sld055.htm
98.01.14 22:34 B C:\syncomat\htm_sld\wdes\sld056.htm --> www.vu.msu.edu /home/egr124/stage/wdes sld056.htm
98.01.14 22:34 B C:\syncomat\htm_sld\wdes\sld057.htm --> www.vu.msu.edu /home/egr124/stage/wdes sld057.htm
98.01.14 22:34 B C:\syncomat\htm_sld\wdes\sld058.htm --> www.vu.msu.edu /home/egr124/stage/wdes sld058.htm
98.01.14 22:34 B C:\syncomat\htm_sld\wdes\sld059.htm --> www.vu.msu.edu /home/egr124/stage/wdes sld059.htm
98.01.14 22:34 B C:\syncomat\htm_sld\wdes\sld060.htm --> www.vu.msu.edu /home/egr124/stage/wdes sld060.htm
98.01.14 22:34 B C:\syncomat\htm_sld\wdes\space.gif --> www.vu.msu.edu /home/egr124/stage/wdes space.gif
98.01.14 22:34 B C:\syncomat\htm_sld\wdes\tsld001.htm --> www.vu.msu.edu /home/egr124/stage/wdes tsld001.htm
98.01.14 22:34 B C:\syncomat\htm_sld\wdes\tsld002.htm --> www.vu.msu.edu /home/egr124/stage/wdes tsld002.htm
98.01.14 22:34 B C:\syncomat\htm_sld\wdes\tsld003.htm --> www.vu.msu.edu /home/egr124/stage/wdes tsld003.htm
98.01.14 22:34 B C:\syncomat\htm_sld\wdes\tsld004.htm --> www.vu.msu.edu /home/egr124/stage/wdes tsld004.htm
98.01.14 22:34 B C:\syncomat\htm_sld\wdes\tsld005.htm --> www.vu.msu.edu /home/egr124/stage/wdes tsld005.htm
98.01.14 22:34 B C:\syncomat\htm_sld\wdes\tsld006.htm --> www.vu.msu.edu /home/egr124/stage/wdes tsld006.htm
98.01.14 22:34 B C:\syncomat\htm_sld\wdes\tsld007.htm --> www.vu.msu.edu /home/egr124/stage/wdes tsld007.htm
98.01.14 22:34 B C:\syncomat\htm_sld\wdes\tsld008.htm --> www.vu.msu.edu /home/egr124/stage/wdes tsld008.htm
98.01.14 22:34 B C:\syncomat\htm_sld\wdes\tsld009.htm --> www.vu.msu.edu /home/egr124/stage/wdes tsld009.htm
98.01.14 22:34 B C:\syncomat\htm_sld\wdes\tsld010.htm --> www.vu.msu.edu /home/egr124/stage/wdes tsld010.htm
98.01.14 22:34 B C:\syncomat\htm_sld\wdes\tsld011.htm --> www.vu.msu.edu /home/egr124/stage/wdes tsld011.htm
98.01.14 22:34 B C:\syncomat\htm_sld\wdes\tsld012.htm --> www.vu.msu.edu /home/egr124/stage/wdes tsld012.htm
98.01.14 22:34 B C:\syncomat\htm_sld\wdes\tsld013.htm --> www.vu.msu.edu /home/egr124/stage/wdes tsld013.htm
98.01.14 22:34 B C:\syncomat\htm_sld\wdes\tsld014.htm --> www.vu.msu.edu /home/egr124/stage/wdes tsld014.htm
98.01.14 22:34 B C:\syncomat\htm_sld\wdes\tsld015.htm --> www.vu.msu.edu /home/egr124/stage/wdes tsld015.htm
98.01.14 22:34 B C:\syncomat\htm_sld\wdes\tsld016.htm --> www.vu.msu.edu /home/egr124/stage/wdes tsld016.htm
98.01.14 22:34 B C:\syncomat\htm_sld\wdes\tsld017.htm --> www.vu.msu.edu /home/egr124/stage/wdes tsld017.htm
98.01.14 22:34 B C:\syncomat\htm_sld\wdes\tsld018.htm --> www.vu.msu.edu /home/egr124/stage/wdes tsld018.htm
98.01.14 22:34 B C:\syncomat\htm_sld\wdes\tsld019.htm --> www.vu.msu.edu /home/egr124/stage/wdes tsld019.htm
98.01.14 22:34 B C:\syncomat\htm_sld\wdes\tsld020.htm --> www.vu.msu.edu /home/egr124/stage/wdes tsld020.htm
98.01.14 22:34 B C:\syncomat\htm_sld\wdes\tsld021.htm --> www.vu.msu.edu /home/egr124/stage/wdes tsld021.htm
98.01.14 22:34 B C:\syncomat\htm_sld\wdes\tsld022.htm --> www.vu.msu.edu /home/egr124/stage/wdes tsld022.htm
98.01.14 22:34 B C:\syncomat\htm_sld\wdes\tsld023.htm --> www.vu.msu.edu /home/egr124/stage/wdes tsld023.htm
98.01.14 22:34 B C:\syncomat\htm_sld\wdes\tsld024.htm --> www.vu.msu.edu /home/egr124/stage/wdes tsld024.htm
98.01.14 22:34 B C:\syncomat\htm_sld\wdes\tsld025.htm --> www.vu.msu.edu /home/egr124/stage/wdes tsld025.htm
98.01.14 22:34 B C:\syncomat\htm_sld\wdes\tsld026.htm --> www.vu.msu.edu /home/egr124/stage/wdes tsld026.htm
98.01.14 22:34 B C:\syncomat\htm_sld\wdes\tsld027.htm --> www.vu.msu.edu /home/egr124/stage/wdes tsld027.htm
98.01.14 22:34 B C:\syncomat\htm_sld\wdes\tsld028.htm --> www.vu.msu.edu /home/egr124/stage/wdes tsld028.htm
98.01.14 22:34 B C:\syncomat\htm_sld\wdes\tsld029.htm --> www.vu.msu.edu /home/egr124/stage/wdes tsld029.htm
98.01.14 22:34 B C:\syncomat\htm_sld\wdes\tsld030.htm --> www.vu.msu.edu /home/egr124/stage/wdes tsld030.htm
98.01.14 22:34 B C:\syncomat\htm_sld\wdes\tsld031.htm --> www.vu.msu.edu /home/egr124/stage/wdes tsld031.htm
98.01.14 22:34 B C:\syncomat\htm_sld\wdes\tsld032.htm --> www.vu.msu.edu /home/egr124/stage/wdes tsld032.htm
98.01.14 22:34 B C:\syncomat\htm_sld\wdes\tsld033.htm --> www.vu.msu.edu /home/egr124/stage/wdes tsld033.htm
98.01.14 22:34 B C:\syncomat\htm_sld\wdes\tsld034.htm --> www.vu.msu.edu /home/egr124/stage/wdes tsld034.htm
98.01.14 22:34 B C:\syncomat\htm_sld\wdes\tsld035.htm --> www.vu.msu.edu /home/egr124/stage/wdes tsld035.htm
98.01.14 22:34 B C:\syncomat\htm_sld\wdes\tsld036.htm --> www.vu.msu.edu /home/egr124/stage/wdes tsld036.htm
98.01.14 22:34 B C:\syncomat\htm_sld\wdes\tsld037.htm --> www.vu.msu.edu /home/egr124/stage/wdes tsld037.htm
98.01.14 22:34 B C:\syncomat\htm_sld\wdes\tsld038.htm --> www.vu.msu.edu /home/egr124/stage/wdes tsld038.htm
98.01.14 22:34 B C:\syncomat\htm_sld\wdes\tsld039.htm --> www.vu.msu.edu /home/egr124/stage/wdes tsld039.htm
98.01.14 22:34 B C:\syncomat\htm_sld\wdes\tsld040.htm --> www.vu.msu.edu /home/egr124/stage/wdes tsld040.htm
98.01.14 22:34 B C:\syncomat\htm_sld\wdes\tsld041.htm --> www.vu.msu.edu /home/egr124/stage/wdes tsld041.htm
98.01.14 22:34 B C:\syncomat\htm_sld\wdes\tsld042.htm --> www.vu.msu.edu /home/egr124/stage/wdes tsld042.htm
98.01.14 22:34 B C:\syncomat\htm_sld\wdes\tsld043.htm --> www.vu.msu.edu /home/egr124/stage/wdes tsld043.htm
98.01.14 22:34 B C:\syncomat\htm_sld\wdes\tsld044.htm --> www.vu.msu.edu /home/egr124/stage/wdes tsld044.htm
98.01.14 22:34 B C:\syncomat\htm_sld\wdes\tsld045.htm --> www.vu.msu.edu /home/egr124/stage/wdes tsld045.htm
98.01.14 22:34 B C:\syncomat\htm_sld\wdes\tsld046.htm --> www.vu.msu.edu /home/egr124/stage/wdes tsld046.htm
98.01.14 22:34 B C:\syncomat\htm_sld\wdes\tsld047.htm --> www.vu.msu.edu /home/egr124/stage/wdes tsld047.htm
98.01.14 22:34 B C:\syncomat\htm_sld\wdes\tsld048.htm --> www.vu.msu.edu /home/egr124/stage/wdes tsld048.htm
98.01.14 22:34 B C:\syncomat\htm_sld\wdes\tsld049.htm --> www.vu.msu.edu /home/egr124/stage/wdes tsld049.htm
98.01.14 22:34 B C:\syncomat\htm_sld\wdes\tsld050.htm --> www.vu.msu.edu /home/egr124/stage/wdes tsld050.htm
98.01.14 22:34 B C:\syncomat\htm_sld\wdes\tsld051.htm --> www.vu.msu.edu /home/egr124/stage/wdes tsld051.htm
98.01.14 22:34 B C:\syncomat\htm_sld\wdes\tsld052.htm --> www.vu.msu.edu /home/egr124/stage/wdes tsld052.htm
98.01.14 22:34 B C:\syncomat\htm_sld\wdes\tsld053.htm --> www.vu.msu.edu /home/egr124/stage/wdes tsld053.htm
98.01.14 22:34 B C:\syncomat\htm_sld\wdes\tsld054.htm --> www.vu.msu.edu /home/egr124/stage/wdes tsld054.htm
98.01.14 22:34 B C:\syncomat\htm_sld\wdes\tsld055.htm --> www.vu.msu.edu /home/egr124/stage/wdes tsld055.htm
98.01.14 22:34 B C:\syncomat\htm_sld\wdes\tsld056.htm --> www.vu.msu.edu /home/egr124/stage/wdes tsld056.htm
98.01.14 22:34 B C:\syncomat\htm_sld\wdes\tsld057.htm --> www.vu.msu.edu /home/egr124/stage/wdes tsld057.htm
98.01.14 22:34 B C:\syncomat\htm_sld\wdes\tsld058.htm --> www.vu.msu.edu /home/egr124/stage/wdes tsld058.htm
98.01.14 22:34 B C:\syncomat\htm_sld\wdes\tsld059.htm --> www.vu.msu.edu /home/egr124/stage/wdes tsld059.htm
98.01.14 22:34 B C:\syncomat\htm_sld\wdes\tsld060.htm --> www.vu.msu.edu /home/egr124/stage/wdes tsld060.htm
98.01.14 22:34 B C:\syncomat\htm_sld\wdes\WS_FTP.LOG --> www.vu.msu.edu /home/egr124/stage/wdes WS_FTP.LOG
98.03.12 23:03 B D:\syncomat\htm_sld\wdes\ielogo.gif --> cps.msu.edu /user/cd/cps291/syncomat/htm_sld/wdes ielogo.gif
98.03.12 23:03 B D:\syncomat\htm_sld\wdes\img001.GIF --> cps.msu.edu /user/cd/cps291/syncomat/htm_sld/wdes img001.GIF
98.03.12 23:03 B D:\syncomat\htm_sld\wdes\img002.GIF --> cps.msu.edu /user/cd/cps291/syncomat/htm_sld/wdes img002.GIF
98.03.12 23:03 B D:\syncomat\htm_sld\wdes\img003.GIF --> cps.msu.edu /user/cd/cps291/syncomat/htm_sld/wdes img003.GIF
98.03.12 23:03 B D:\syncomat\htm_sld\wdes\img004.GIF --> cps.msu.edu /user/cd/cps291/syncomat/htm_sld/wdes img004.GIF
98.03.12 23:03 B D:\syncomat\htm_sld\wdes\img005.GIF --> cps.msu.edu /user/cd/cps291/syncomat/htm_sld/wdes img005.GIF
98.03.12 23:03 B D:\syncomat\htm_sld\wdes\img006.GIF --> cps.msu.edu /user/cd/cps291/syncomat/htm_sld/wdes img006.GIF
98.03.12 23:03 B D:\syncomat\htm_sld\wdes\img007.GIF --> cps.msu.edu /user/cd/cps291/syncomat/htm_sld/wdes img007.GIF
98.03.12 23:03 B D:\syncomat\htm_sld\wdes\img008.GIF --> cps.msu.edu /user/cd/cps291/syncomat/htm_sld/wdes img008.GIF
98.03.12 23:03 B D:\syncomat\htm_sld\wdes\img009.GIF --> cps.msu.edu /user/cd/cps291/syncomat/htm_sld/wdes img009.GIF
98.03.12 23:03 B D:\syncomat\htm_sld\wdes\img010.GIF --> cps.msu.edu /user/cd/cps291/syncomat/htm_sld/wdes img010.GIF
98.03.12 23:03 B D:\syncomat\htm_sld\wdes\img011.GIF --> cps.msu.edu /user/cd/cps291/syncomat/htm_sld/wdes img011.GIF
98.03.12 23:03 B D:\syncomat\htm_sld\wdes\img012.GIF --> cps.msu.edu /user/cd/cps291/syncomat/htm_sld/wdes img012.GIF
98.03.12 23:03 B D:\syncomat\htm_sld\wdes\img013.GIF --> cps.msu.edu /user/cd/cps291/syncomat/htm_sld/wdes img013.GIF
98.03.12 23:03 B D:\syncomat\htm_sld\wdes\img014.GIF --> cps.msu.edu /user/cd/cps291/syncomat/htm_sld/wdes img014.GIF
98.03.12 23:03 B D:\syncomat\htm_sld\wdes\img015.GIF --> cps.msu.edu /user/cd/cps291/syncomat/htm_sld/wdes img015.GIF
98.03.12 23:03 B D:\syncomat\htm_sld\wdes\img016.GIF --> cps.msu.edu /user/cd/cps291/syncomat/htm_sld/wdes img016.GIF
98.03.12 23:03 B D:\syncomat\htm_sld\wdes\img017.GIF --> cps.msu.edu /user/cd/cps291/syncomat/htm_sld/wdes img017.GIF
98.03.12 23:03 B D:\syncomat\htm_sld\wdes\img018.GIF --> cps.msu.edu /user/cd/cps291/syncomat/htm_sld/wdes img018.GIF
98.03.12 23:03 B D:\syncomat\htm_sld\wdes\img019.GIF --> cps.msu.edu /user/cd/cps291/syncomat/htm_sld/wdes img019.GIF
98.03.12 23:03 B D:\syncomat\htm_sld\wdes\img020.GIF --> cps.msu.edu /user/cd/cps291/syncomat/htm_sld/wdes img020.GIF
98.03.12 23:03 B D:\syncomat\htm_sld\wdes\img021.GIF --> cps.msu.edu /user/cd/cps291/syncomat/htm_sld/wdes img021.GIF
98.03.12 23:03 B D:\syncomat\htm_sld\wdes\img022.GIF --> cps.msu.edu /user/cd/cps291/syncomat/htm_sld/wdes img022.GIF
98.03.12 23:03 B D:\syncomat\htm_sld\wdes\img023.GIF --> cps.msu.edu /user/cd/cps291/syncomat/htm_sld/wdes img023.GIF
98.03.12 23:03 B D:\syncomat\htm_sld\wdes\img024.GIF --> cps.msu.edu /user/cd/cps291/syncomat/htm_sld/wdes img024.GIF
98.03.12 23:03 B D:\syncomat\htm_sld\wdes\img025.GIF --> cps.msu.edu /user/cd/cps291/syncomat/htm_sld/wdes img025.GIF
98.03.12 23:03 B D:\syncomat\htm_sld\wdes\img026.GIF --> cps.msu.edu /user/cd/cps291/syncomat/htm_sld/wdes img026.GIF
98.03.12 23:03 B D:\syncomat\htm_sld\wdes\img027.GIF --> cps.msu.edu /user/cd/cps291/syncomat/htm_sld/wdes img027.GIF
98.03.12 23:03 B D:\syncomat\htm_sld\wdes\img028.GIF --> cps.msu.edu /user/cd/cps291/syncomat/htm_sld/wdes img028.GIF
98.03.12 23:03 B D:\syncomat\htm_sld\wdes\img029.GIF --> cps.msu.edu /user/cd/cps291/syncomat/htm_sld/wdes img029.GIF
98.03.12 23:03 B D:\syncomat\htm_sld\wdes\img030.GIF --> cps.msu.edu /user/cd/cps291/syncomat/htm_sld/wdes img030.GIF
98.03.12 23:03 B D:\syncomat\htm_sld\wdes\img031.GIF --> cps.msu.edu /user/cd/cps291/syncomat/htm_sld/wdes img031.GIF
98.03.12 23:03 B D:\syncomat\htm_sld\wdes\img032.GIF --> cps.msu.edu /user/cd/cps291/syncomat/htm_sld/wdes img032.GIF
98.03.12 23:03 B D:\syncomat\htm_sld\wdes\img033.GIF --> cps.msu.edu /user/cd/cps291/syncomat/htm_sld/wdes img033.GIF
98.03.12 23:03 B D:\syncomat\htm_sld\wdes\img034.GIF --> cps.msu.edu /user/cd/cps291/syncomat/htm_sld/wdes img034.GIF
98.03.12 23:03 B D:\syncomat\htm_sld\wdes\img035.GIF --> cps.msu.edu /user/cd/cps291/syncomat/htm_sld/wdes img035.GIF
98.03.12 23:03 B D:\syncomat\htm_sld\wdes\img036.GIF --> cps.msu.edu /user/cd/cps291/syncomat/htm_sld/wdes img036.GIF
98.03.12 23:03 B D:\syncomat\htm_sld\wdes\img037.GIF --> cps.msu.edu /user/cd/cps291/syncomat/htm_sld/wdes img037.GIF
98.03.12 23:03 B D:\syncomat\htm_sld\wdes\img038.GIF --> cps.msu.edu /user/cd/cps291/syncomat/htm_sld/wdes img038.GIF
98.03.12 23:03 B D:\syncomat\htm_sld\wdes\img039.GIF --> cps.msu.edu /user/cd/cps291/syncomat/htm_sld/wdes img039.GIF
98.03.12 23:03 B D:\syncomat\htm_sld\wdes\img040.GIF --> cps.msu.edu /user/cd/cps291/syncomat/htm_sld/wdes img040.GIF
98.03.12 23:03 B D:\syncomat\htm_sld\wdes\img041.GIF --> cps.msu.edu /user/cd/cps291/syncomat/htm_sld/wdes img041.GIF
98.03.12 23:03 B D:\syncomat\htm_sld\wdes\img042.GIF --> cps.msu.edu /user/cd/cps291/syncomat/htm_sld/wdes img042.GIF
98.03.12 23:03 B D:\syncomat\htm_sld\wdes\img043.GIF --> cps.msu.edu /user/cd/cps291/syncomat/htm_sld/wdes img043.GIF
98.03.12 23:03 B D:\syncomat\htm_sld\wdes\img044.GIF --> cps.msu.edu /user/cd/cps291/syncomat/htm_sld/wdes img044.GIF
98.03.12 23:03 B D:\syncomat\htm_sld\wdes\img045.GIF --> cps.msu.edu /user/cd/cps291/syncomat/htm_sld/wdes img045.GIF
98.03.12 23:03 B D:\syncomat\htm_sld\wdes\img046.GIF --> cps.msu.edu /user/cd/cps291/syncomat/htm_sld/wdes img046.GIF
98.03.12 23:03 B D:\syncomat\htm_sld\wdes\img047.GIF --> cps.msu.edu /user/cd/cps291/syncomat/htm_sld/wdes img047.GIF
98.03.12 23:03 B D:\syncomat\htm_sld\wdes\img048.GIF --> cps.msu.edu /user/cd/cps291/syncomat/htm_sld/wdes img048.GIF
98.03.12 23:03 B D:\syncomat\htm_sld\wdes\img049.GIF --> cps.msu.edu /user/cd/cps291/syncomat/htm_sld/wdes img049.GIF
98.03.12 23:03 B D:\syncomat\htm_sld\wdes\img050.GIF --> cps.msu.edu /user/cd/cps291/syncomat/htm_sld/wdes img050.GIF
98.03.12 23:03 B D:\syncomat\htm_sld\wdes\img051.GIF --> cps.msu.edu /user/cd/cps291/syncomat/htm_sld/wdes img051.GIF
98.03.12 23:03 B D:\syncomat\htm_sld\wdes\img052.GIF --> cps.msu.edu /user/cd/cps291/syncomat/htm_sld/wdes img052.GIF
98.03.12 23:03 B D:\syncomat\htm_sld\wdes\img053.GIF --> cps.msu.edu /user/cd/cps291/syncomat/htm_sld/wdes img053.GIF
98.03.12 23:03 B D:\syncomat\htm_sld\wdes\img054.GIF --> cps.msu.edu /user/cd/cps291/syncomat/htm_sld/wdes img054.GIF
98.03.12 23:03 B D:\syncomat\htm_sld\wdes\img055.GIF --> cps.msu.edu /user/cd/cps291/syncomat/htm_sld/wdes img055.GIF
98.03.12 23:03 B D:\syncomat\htm_sld\wdes\img056.GIF --> cps.msu.edu /user/cd/cps291/syncomat/htm_sld/wdes img056.GIF
98.03.12 23:03 B D:\syncomat\htm_sld\wdes\img057.GIF --> cps.msu.edu /user/cd/cps291/syncomat/htm_sld/wdes img057.GIF
98.03.12 23:03 B D:\syncomat\htm_sld\wdes\img058.GIF --> cps.msu.edu /user/cd/cps291/syncomat/htm_sld/wdes img058.GIF
98.03.12 23:03 B D:\syncomat\htm_sld\wdes\img059.GIF --> cps.msu.edu /user/cd/cps291/syncomat/htm_sld/wdes img059.GIF
98.03.12 23:03 B D:\syncomat\htm_sld\wdes\img060.GIF --> cps.msu.edu /user/cd/cps291/syncomat/htm_sld/wdes img060.GIF
98.03.12 23:03 B D:\syncomat\htm_sld\wdes\index.htm --> cps.msu.edu /user/cd/cps291/syncomat/htm_sld/wdes index.htm
98.03.12 23:03 B D:\syncomat\htm_sld\wdes\pptani.gif --> cps.msu.edu /user/cd/cps291/syncomat/htm_sld/wdes pptani.gif
98.03.12 23:03 B D:\syncomat\htm_sld\wdes\sld001.htm --> cps.msu.edu /user/cd/cps291/syncomat/htm_sld/wdes sld001.htm
98.03.12 23:04 B D:\syncomat\htm_sld\wdes\sld002.htm --> cps.msu.edu /user/cd/cps291/syncomat/htm_sld/wdes sld002.htm
98.03.12 23:04 B D:\syncomat\htm_sld\wdes\sld003.htm --> cps.msu.edu /user/cd/cps291/syncomat/htm_sld/wdes sld003.htm
98.03.12 23:04 B D:\syncomat\htm_sld\wdes\sld004.htm --> cps.msu.edu /user/cd/cps291/syncomat/htm_sld/wdes sld004.htm
98.03.12 23:04 B D:\syncomat\htm_sld\wdes\sld005.htm --> cps.msu.edu /user/cd/cps291/syncomat/htm_sld/wdes sld005.htm
98.03.12 23:04 B D:\syncomat\htm_sld\wdes\sld006.htm --> cps.msu.edu /user/cd/cps291/syncomat/htm_sld/wdes sld006.htm
98.03.12 23:04 B D:\syncomat\htm_sld\wdes\sld007.htm --> cps.msu.edu /user/cd/cps291/syncomat/htm_sld/wdes sld007.htm
98.03.12 23:04 B D:\syncomat\htm_sld\wdes\sld008.htm --> cps.msu.edu /user/cd/cps291/syncomat/htm_sld/wdes sld008.htm
98.03.12 23:04 B D:\syncomat\htm_sld\wdes\sld009.htm --> cps.msu.edu /user/cd/cps291/syncomat/htm_sld/wdes sld009.htm
98.03.12 23:04 B D:\syncomat\htm_sld\wdes\sld010.htm --> cps.msu.edu /user/cd/cps291/syncomat/htm_sld/wdes sld010.htm
98.03.12 23:04 B D:\syncomat\htm_sld\wdes\sld011.htm --> cps.msu.edu /user/cd/cps291/syncomat/htm_sld/wdes sld011.htm
98.03.12 23:04 B D:\syncomat\htm_sld\wdes\sld012.htm --> cps.msu.edu /user/cd/cps291/syncomat/htm_sld/wdes sld012.htm
98.03.12 23:04 B D:\syncomat\htm_sld\wdes\sld013.htm --> cps.msu.edu /user/cd/cps291/syncomat/htm_sld/wdes sld013.htm
98.03.12 23:04 B D:\syncomat\htm_sld\wdes\sld014.htm --> cps.msu.edu /user/cd/cps291/syncomat/htm_sld/wdes sld014.htm
98.03.12 23:04 B D:\syncomat\htm_sld\wdes\sld015.htm --> cps.msu.edu /user/cd/cps291/syncomat/htm_sld/wdes sld015.htm
98.03.12 23:04 B D:\syncomat\htm_sld\wdes\sld016.htm --> cps.msu.edu /user/cd/cps291/syncomat/htm_sld/wdes sld016.htm
98.03.12 23:04 B D:\syncomat\htm_sld\wdes\sld017.htm --> cps.msu.edu /user/cd/cps291/syncomat/htm_sld/wdes sld017.htm
98.03.12 23:04 B D:\syncomat\htm_sld\wdes\sld018.htm --> cps.msu.edu /user/cd/cps291/syncomat/htm_sld/wdes sld018.htm
98.03.12 23:04 B D:\syncomat\htm_sld\wdes\sld019.htm --> cps.msu.edu /user/cd/cps291/syncomat/htm_sld/wdes sld019.htm
98.03.12 23:04 B D:\syncomat\htm_sld\wdes\sld020.htm --> cps.msu.edu /user/cd/cps291/syncomat/htm_sld/wdes sld020.htm
98.03.12 23:04 B D:\syncomat\htm_sld\wdes\sld021.htm --> cps.msu.edu /user/cd/cps291/syncomat/htm_sld/wdes sld021.htm
98.03.12 23:04 B D:\syncomat\htm_sld\wdes\sld022.htm --> cps.msu.edu /user/cd/cps291/syncomat/htm_sld/wdes sld022.htm
98.03.12 23:04 B D:\syncomat\htm_sld\wdes\sld023.htm --> cps.msu.edu /user/cd/cps291/syncomat/htm_sld/wdes sld023.htm
98.03.12 23:04 B D:\syncomat\htm_sld\wdes\sld024.htm --> cps.msu.edu /user/cd/cps291/syncomat/htm_sld/wdes sld024.htm
98.03.12 23:04 B D:\syncomat\htm_sld\wdes\sld025.htm --> cps.msu.edu /user/cd/cps291/syncomat/htm_sld/wdes sld025.htm
98.03.12 23:04 B D:\syncomat\htm_sld\wdes\sld026.htm --> cps.msu.edu /user/cd/cps291/syncomat/htm_sld/wdes sld026.htm
98.03.12 23:04 B D:\syncomat\htm_sld\wdes\sld027.htm --> cps.msu.edu /user/cd/cps291/syncomat/htm_sld/wdes sld027.htm
98.03.12 23:04 B D:\syncomat\htm_sld\wdes\sld028.htm --> cps.msu.edu /user/cd/cps291/syncomat/htm_sld/wdes sld028.htm
98.03.12 23:04 B D:\syncomat\htm_sld\wdes\sld029.htm --> cps.msu.edu /user/cd/cps291/syncomat/htm_sld/wdes sld029.htm
98.03.12 23:04 B D:\syncomat\htm_sld\wdes\sld030.htm --> cps.msu.edu /user/cd/cps291/syncomat/htm_sld/wdes sld030.htm
98.03.12 23:04 B D:\syncomat\htm_sld\wdes\sld031.htm --> cps.msu.edu /user/cd/cps291/syncomat/htm_sld/wdes sld031.htm
98.03.12 23:04 B D:\syncomat\htm_sld\wdes\sld032.htm --> cps.msu.edu /user/cd/cps291/syncomat/htm_sld/wdes sld032.htm
98.03.12 23:04 B D:\syncomat\htm_sld\wdes\sld033.htm --> cps.msu.edu /user/cd/cps291/syncomat/htm_sld/wdes sld033.htm
98.03.12 23:04 B D:\syncomat\htm_sld\wdes\sld034.htm --> cps.msu.edu /user/cd/cps291/syncomat/htm_sld/wdes sld034.htm
98.03.12 23:04 B D:\syncomat\htm_sld\wdes\sld035.htm --> cps.msu.edu /user/cd/cps291/syncomat/htm_sld/wdes sld035.htm
98.03.12 23:04 B D:\syncomat\htm_sld\wdes\sld036.htm --> cps.msu.edu /user/cd/cps291/syncomat/htm_sld/wdes sld036.htm
98.03.12 23:04 B D:\syncomat\htm_sld\wdes\sld037.htm --> cps.msu.edu /user/cd/cps291/syncomat/htm_sld/wdes sld037.htm
98.03.12 23:04 B D:\syncomat\htm_sld\wdes\sld038.htm --> cps.msu.edu /user/cd/cps291/syncomat/htm_sld/wdes sld038.htm
98.03.12 23:04 B D:\syncomat\htm_sld\wdes\sld039.htm --> cps.msu.edu /user/cd/cps291/syncomat/htm_sld/wdes sld039.htm
98.03.12 23:04 B D:\syncomat\htm_sld\wdes\sld040.htm --> cps.msu.edu /user/cd/cps291/syncomat/htm_sld/wdes sld040.htm
98.03.12 23:04 B D:\syncomat\htm_sld\wdes\sld041.htm --> cps.msu.edu /user/cd/cps291/syncomat/htm_sld/wdes sld041.htm
98.03.12 23:04 B D:\syncomat\htm_sld\wdes\sld042.htm --> cps.msu.edu /user/cd/cps291/syncomat/htm_sld/wdes sld042.htm
98.03.12 23:04 B D:\syncomat\htm_sld\wdes\sld043.htm --> cps.msu.edu /user/cd/cps291/syncomat/htm_sld/wdes sld043.htm
98.03.12 23:04 B D:\syncomat\htm_sld\wdes\sld044.htm --> cps.msu.edu /user/cd/cps291/syncomat/htm_sld/wdes sld044.htm
98.03.12 23:04 B D:\syncomat\htm_sld\wdes\sld045.htm --> cps.msu.edu /user/cd/cps291/syncomat/htm_sld/wdes sld045.htm
98.03.12 23:04 B D:\syncomat\htm_sld\wdes\sld046.htm --> cps.msu.edu /user/cd/cps291/syncomat/htm_sld/wdes sld046.htm
98.03.12 23:04 B D:\syncomat\htm_sld\wdes\sld047.htm --> cps.msu.edu /user/cd/cps291/syncomat/htm_sld/wdes sld047.htm
98.03.12 23:04 B D:\syncomat\htm_sld\wdes\sld048.htm --> cps.msu.edu /user/cd/cps291/syncomat/htm_sld/wdes sld048.htm
98.03.12 23:04 B D:\syncomat\htm_sld\wdes\sld049.htm --> cps.msu.edu /user/cd/cps291/syncomat/htm_sld/wdes sld049.htm
98.03.12 23:04 B D:\syncomat\htm_sld\wdes\sld050.htm --> cps.msu.edu /user/cd/cps291/syncomat/htm_sld/wdes sld050.htm
98.03.12 23:04 B D:\syncomat\htm_sld\wdes\sld051.htm --> cps.msu.edu /user/cd/cps291/syncomat/htm_sld/wdes sld051.htm
98.03.12 23:04 B D:\syncomat\htm_sld\wdes\sld052.htm --> cps.msu.edu /user/cd/cps291/syncomat/htm_sld/wdes sld052.htm
98.03.12 23:04 B D:\syncomat\htm_sld\wdes\sld053.htm --> cps.msu.edu /user/cd/cps291/syncomat/htm_sld/wdes sld053.htm
98.03.12 23:04 B D:\syncomat\htm_sld\wdes\sld054.htm --> cps.msu.edu /user/cd/cps291/syncomat/htm_sld/wdes sld054.htm
98.03.12 23:04 B D:\syncomat\htm_sld\wdes\sld055.htm --> cps.msu.edu /user/cd/cps291/syncomat/htm_sld/wdes sld055.htm
98.03.12 23:04 B D:\syncomat\htm_sld\wdes\sld056.htm --> cps.msu.edu /user/cd/cps291/syncomat/htm_sld/wdes sld056.htm
98.03.12 23:04 B D:\syncomat\htm_sld\wdes\sld057.htm --> cps.msu.edu /user/cd/cps291/syncomat/htm_sld/wdes sld057.htm
98.03.12 23:04 B D:\syncomat\htm_sld\wdes\sld058.htm --> cps.msu.edu /user/cd/cps291/syncomat/htm_sld/wdes sld058.htm
98.03.12 23:04 B D:\syncomat\htm_sld\wdes\sld059.htm --> cps.msu.edu /user/cd/cps291/syncomat/htm_sld/wdes sld059.htm
98.03.12 23:04 B D:\syncomat\htm_sld\wdes\sld060.htm --> cps.msu.edu /user/cd/cps291/syncomat/htm_sld/wdes sld060.htm
98.03.12 23:04 B D:\syncomat\htm_sld\wdes\space.gif --> cps.msu.edu /user/cd/cps291/syncomat/htm_sld/wdes space.gif
98.03.12 23:04 B D:\syncomat\htm_sld\wdes\tsld001.htm --> cps.msu.edu /user/cd/cps291/syncomat/htm_sld/wdes tsld001.htm
98.03.12 23:04 B D:\syncomat\htm_sld\wdes\tsld002.htm --> cps.msu.edu /user/cd/cps291/syncomat/htm_sld/wdes tsld002.htm
98.03.12 23:04 B D:\syncomat\htm_sld\wdes\tsld003.htm --> cps.msu.edu /user/cd/cps291/syncomat/htm_sld/wdes tsld003.htm
98.03.12 23:04 B D:\syncomat\htm_sld\wdes\tsld004.htm --> cps.msu.edu /user/cd/cps291/syncomat/htm_sld/wdes tsld004.htm
98.03.12 23:04 B D:\syncomat\htm_sld\wdes\tsld005.htm --> cps.msu.edu /user/cd/cps291/syncomat/htm_sld/wdes tsld005.htm
98.03.12 23:04 B D:\syncomat\htm_sld\wdes\tsld006.htm --> cps.msu.edu /user/cd/cps291/syncomat/htm_sld/wdes tsld006.htm
98.03.12 23:04 B D:\syncomat\htm_sld\wdes\tsld007.htm --> cps.msu.edu /user/cd/cps291/syncomat/htm_sld/wdes tsld007.htm
98.03.12 23:04 B D:\syncomat\htm_sld\wdes\tsld008.htm --> cps.msu.edu /user/cd/cps291/syncomat/htm_sld/wdes tsld008.htm
98.03.12 23:04 B D:\syncomat\htm_sld\wdes\tsld009.htm --> cps.msu.edu /user/cd/cps291/syncomat/htm_sld/wdes tsld009.htm
98.03.12 23:04 B D:\syncomat\htm_sld\wdes\tsld010.htm --> cps.msu.edu /user/cd/cps291/syncomat/htm_sld/wdes tsld010.htm
98.03.12 23:04 B D:\syncomat\htm_sld\wdes\tsld011.htm --> cps.msu.edu /user/cd/cps291/syncomat/htm_sld/wdes tsld011.htm
98.03.12 23:04 B D:\syncomat\htm_sld\wdes\tsld012.htm --> cps.msu.edu /user/cd/cps291/syncomat/htm_sld/wdes tsld012.htm
98.03.12 23:04 B D:\syncomat\htm_sld\wdes\tsld013.htm --> cps.msu.edu /user/cd/cps291/syncomat/htm_sld/wdes tsld013.htm
98.03.12 23:04 B D:\syncomat\htm_sld\wdes\tsld014.htm --> cps.msu.edu /user/cd/cps291/syncomat/htm_sld/wdes tsld014.htm
98.03.12 23:04 B D:\syncomat\htm_sld\wdes\tsld015.htm --> cps.msu.edu /user/cd/cps291/syncomat/htm_sld/wdes tsld015.htm
98.03.12 23:04 B D:\syncomat\htm_sld\wdes\tsld016.htm --> cps.msu.edu /user/cd/cps291/syncomat/htm_sld/wdes tsld016.htm
98.03.12 23:04 B D:\syncomat\htm_sld\wdes\tsld017.htm --> cps.msu.edu /user/cd/cps291/syncomat/htm_sld/wdes tsld017.htm
98.03.12 23:04 B D:\syncomat\htm_sld\wdes\tsld018.htm --> cps.msu.edu /user/cd/cps291/syncomat/htm_sld/wdes tsld018.htm
98.03.12 23:04 B D:\syncomat\htm_sld\wdes\tsld019.htm --> cps.msu.edu /user/cd/cps291/syncomat/htm_sld/wdes tsld019.htm
98.03.12 23:04 B D:\syncomat\htm_sld\wdes\tsld020.htm --> cps.msu.edu /user/cd/cps291/syncomat/htm_sld/wdes tsld020.htm
98.03.12 23:04 B D:\syncomat\htm_sld\wdes\tsld021.htm --> cps.msu.edu /user/cd/cps291/syncomat/htm_sld/wdes tsld021.htm
98.03.12 23:04 B D:\syncomat\htm_sld\wdes\tsld022.htm --> cps.msu.edu /user/cd/cps291/syncomat/htm_sld/wdes tsld022.htm
98.03.12 23:04 B D:\syncomat\htm_sld\wdes\tsld023.htm --> cps.msu.edu /user/cd/cps291/syncomat/htm_sld/wdes tsld023.htm
98.03.12 23:04 B D:\syncomat\htm_sld\wdes\tsld024.htm --> cps.msu.edu /user/cd/cps291/syncomat/htm_sld/wdes tsld024.htm
98.03.12 23:04 B D:\syncomat\htm_sld\wdes\tsld025.htm --> cps.msu.edu /user/cd/cps291/syncomat/htm_sld/wdes tsld025.htm
98.03.12 23:04 B D:\syncomat\htm_sld\wdes\tsld026.htm --> cps.msu.edu /user/cd/cps291/syncomat/htm_sld/wdes tsld026.htm
98.03.12 23:04 B D:\syncomat\htm_sld\wdes\tsld027.htm --> cps.msu.edu /user/cd/cps291/syncomat/htm_sld/wdes tsld027.htm
98.03.12 23:04 B D:\syncomat\htm_sld\wdes\tsld028.htm --> cps.msu.edu /user/cd/cps291/syncomat/htm_sld/wdes tsld028.htm
98.03.12 23:04 B D:\syncomat\htm_sld\wdes\tsld029.htm --> cps.msu.edu /user/cd/cps291/syncomat/htm_sld/wdes tsld029.htm
98.03.12 23:04 B D:\syncomat\htm_sld\wdes\tsld030.htm --> cps.msu.edu /user/cd/cps291/syncomat/htm_sld/wdes tsld030.htm
98.03.12 23:04 B D:\syncomat\htm_sld\wdes\tsld031.htm --> cps.msu.edu /user/cd/cps291/syncomat/htm_sld/wdes tsld031.htm
98.03.12 23:04 B D:\syncomat\htm_sld\wdes\tsld032.htm --> cps.msu.edu /user/cd/cps291/syncomat/htm_sld/wdes tsld032.htm
98.03.12 23:04 B D:\syncomat\htm_sld\wdes\tsld033.htm --> cps.msu.edu /user/cd/cps291/syncomat/htm_sld/wdes tsld033.htm
98.03.12 23:04 B D:\syncomat\htm_sld\wdes\tsld034.htm --> cps.msu.edu /user/cd/cps291/syncomat/htm_sld/wdes tsld034.htm
98.03.12 23:04 B D:\syncomat\htm_sld\wdes\tsld035.htm --> cps.msu.edu /user/cd/cps291/syncomat/htm_sld/wdes tsld035.htm
98.03.12 23:04 B D:\syncomat\htm_sld\wdes\tsld036.htm --> cps.msu.edu /user/cd/cps291/syncomat/htm_sld/wdes tsld036.htm
98.03.12 23:04 B D:\syncomat\htm_sld\wdes\tsld037.htm --> cps.msu.edu /user/cd/cps291/syncomat/htm_sld/wdes tsld037.htm
98.03.12 23:04 B D:\syncomat\htm_sld\wdes\tsld038.htm --> cps.msu.edu /user/cd/cps291/syncomat/htm_sld/wdes tsld038.htm
98.03.12 23:04 B D:\syncomat\htm_sld\wdes\tsld039.htm --> cps.msu.edu /user/cd/cps291/syncomat/htm_sld/wdes tsld039.htm
98.03.12 23:04 B D:\syncomat\htm_sld\wdes\tsld040.htm --> cps.msu.edu /user/cd/cps291/syncomat/htm_sld/wdes tsld040.htm
98.03.12 23:04 B D:\syncomat\htm_sld\wdes\tsld041.htm --> cps.msu.edu /user/cd/cps291/syncomat/htm_sld/wdes tsld041.htm
98.03.12 23:04 B D:\syncomat\htm_sld\wdes\tsld042.htm --> cps.msu.edu /user/cd/cps291/syncomat/htm_sld/wdes tsld042.htm
98.03.12 23:04 B D:\syncomat\htm_sld\wdes\tsld043.htm --> cps.msu.edu /user/cd/cps291/syncomat/htm_sld/wdes tsld043.htm
98.03.12 23:04 B D:\syncomat\htm_sld\wdes\tsld044.htm --> cps.msu.edu /user/cd/cps291/syncomat/htm_sld/wdes tsld044.htm
98.03.12 23:04 B D:\syncomat\htm_sld\wdes\tsld045.htm --> cps.msu.edu /user/cd/cps291/syncomat/htm_sld/wdes tsld045.htm
98.03.12 23:04 B D:\syncomat\htm_sld\wdes\tsld046.htm --> cps.msu.edu /user/cd/cps291/syncomat/htm_sld/wdes tsld046.htm
98.03.12 23:04 B D:\syncomat\htm_sld\wdes\tsld047.htm --> cps.msu.edu /user/cd/cps291/syncomat/htm_sld/wdes tsld047.htm
98.03.12 23:04 B D:\syncomat\htm_sld\wdes\tsld048.htm --> cps.msu.edu /user/cd/cps291/syncomat/htm_sld/wdes tsld048.htm
98.03.12 23:04 B D:\syncomat\htm_sld\wdes\tsld049.htm --> cps.msu.edu /user/cd/cps291/syncomat/htm_sld/wdes tsld049.htm
98.03.12 23:04 B D:\syncomat\htm_sld\wdes\tsld050.htm --> cps.msu.edu /user/cd/cps291/syncomat/htm_sld/wdes tsld050.htm
98.03.12 23:04 B D:\syncomat\htm_sld\wdes\tsld051.htm --> cps.msu.edu /user/cd/cps291/syncomat/htm_sld/wdes tsld051.htm
98.03.12 23:04 B D:\syncomat\htm_sld\wdes\tsld052.htm --> cps.msu.edu /user/cd/cps291/syncomat/htm_sld/wdes tsld052.htm
98.03.12 23:04 B D:\syncomat\htm_sld\wdes\tsld053.htm --> cps.msu.edu /user/cd/cps291/syncomat/htm_sld/wdes tsld053.htm
98.03.12 23:04 B D:\syncomat\htm_sld\wdes\tsld054.htm --> cps.msu.edu /user/cd/cps291/syncomat/htm_sld/wdes tsld054.htm
98.03.12 23:04 B D:\syncomat\htm_sld\wdes\tsld055.htm --> cps.msu.edu /user/cd/cps291/syncomat/htm_sld/wdes tsld055.htm
98.03.12 23:04 B D:\syncomat\htm_sld\wdes\tsld056.htm --> cps.msu.edu /user/cd/cps291/syncomat/htm_sld/wdes tsld056.htm
98.03.12 23:04 B D:\syncomat\htm_sld\wdes\tsld057.htm --> cps.msu.edu /user/cd/cps291/syncomat/htm_sld/wdes tsld057.htm
98.03.12 23:04 B D:\syncomat\htm_sld\wdes\tsld058.htm --> cps.msu.edu /user/cd/cps291/syncomat/htm_sld/wdes tsld058.htm
98.03.12 23:04 B D:\syncomat\htm_sld\wdes\tsld059.htm --> cps.msu.edu /user/cd/cps291/syncomat/htm_sld/wdes tsld059.htm
98.03.12 23:04 B D:\syncomat\htm_sld\wdes\tsld060.htm --> cps.msu.edu /user/cd/cps291/syncomat/htm_sld/wdes tsld060.htm
98.03.12 23:04 B D:\syncomat\htm_sld\wdes\WS_FTP.LOG --> cps.msu.edu /user/cd/cps291/syncomat/htm_sld/wdes WS_FTP.LOG
