98.02.01 19:57 B D:\cdrom\images\navcal.gif <-- www.vu.msu.edu /afs/msu/course/vu/egr124/cdrom/images navcal.gif
98.02.01 19:57 B D:\cdrom\images\navdisc.gif <-- www.vu.msu.edu /afs/msu/course/vu/egr124/cdrom/images navdisc.gif
98.02.01 19:57 B D:\cdrom\images\navgrad.gif <-- www.vu.msu.edu /afs/msu/course/vu/egr124/cdrom/images navgrad.gif
98.02.01 19:57 B D:\cdrom\images\navhelp.gif <-- www.vu.msu.edu /afs/msu/course/vu/egr124/cdrom/images navhelp.gif
98.02.01 19:57 B D:\cdrom\images\navover.gif <-- www.vu.msu.edu /afs/msu/course/vu/egr124/cdrom/images navover.gif
98.02.01 19:57 B D:\cdrom\images\navres.gif <-- www.vu.msu.edu /afs/msu/course/vu/egr124/cdrom/images navres.gif
98.02.02 01:40 B D:\cdrom\images\navcal.gif --> arctic.cps.msu.edu /user/cd/cps291/images navcal.gif
98.02.02 01:40 B D:\cdrom\images\navdisc.gif --> arctic.cps.msu.edu /user/cd/cps291/images navdisc.gif
98.02.02 01:40 B D:\cdrom\images\navgrad.gif --> arctic.cps.msu.edu /user/cd/cps291/images navgrad.gif
98.02.02 01:40 B D:\cdrom\images\navhelp.gif --> arctic.cps.msu.edu /user/cd/cps291/images navhelp.gif
98.02.02 01:40 B D:\cdrom\images\navover.gif --> arctic.cps.msu.edu /user/cd/cps291/images navover.gif
98.02.02 01:40 B D:\cdrom\images\navres.gif --> arctic.cps.msu.edu /user/cd/cps291/images navres.gif
98.02.02 01:40 B D:\cdrom\images\WS_FTP.LOG --> arctic.cps.msu.edu /user/cd/cps291/images WS_FTP.LOG
98.03.12 22:32 B D:\cdrom\images\navcal.gif <-- www.vu.msu.edu /afs/msu/course/vu/egr124/cdrom/images navcal.gif
98.03.12 22:32 B D:\cdrom\images\navdisc.gif <-- www.vu.msu.edu /afs/msu/course/vu/egr124/cdrom/images navdisc.gif
98.03.12 22:32 B D:\cdrom\images\navgrad.gif <-- www.vu.msu.edu /afs/msu/course/vu/egr124/cdrom/images navgrad.gif
98.03.12 22:32 B D:\cdrom\images\navhelp.gif <-- www.vu.msu.edu /afs/msu/course/vu/egr124/cdrom/images navhelp.gif
98.03.12 22:32 B D:\cdrom\images\navover.gif <-- www.vu.msu.edu /afs/msu/course/vu/egr124/cdrom/images navover.gif
98.03.12 22:32 B D:\cdrom\images\navres.gif <-- www.vu.msu.edu /afs/msu/course/vu/egr124/cdrom/images navres.gif
98.03.12 23:12 B D:\cdrom\images\navcal.gif --> cps.msu.edu /user/cd/cps291/images navcal.gif
98.03.12 23:12 B D:\cdrom\images\navdisc.gif --> cps.msu.edu /user/cd/cps291/images navdisc.gif
98.03.12 23:12 B D:\cdrom\images\navgrad.gif --> cps.msu.edu /user/cd/cps291/images navgrad.gif
98.03.12 23:12 B D:\cdrom\images\navhelp.gif --> cps.msu.edu /user/cd/cps291/images navhelp.gif
98.03.12 23:12 B D:\cdrom\images\navover.gif --> cps.msu.edu /user/cd/cps291/images navover.gif
98.03.12 23:12 B D:\cdrom\images\navres.gif --> cps.msu.edu /user/cd/cps291/images navres.gif
98.03.12 23:12 B D:\cdrom\images\WS_FTP.LOG --> cps.msu.edu /user/cd/cps291/images WS_FTP.LOG
98.03.13 00:01 B D:\cdrom\images\navcal.gif --> cps.msu.edu /user/cd/cps291/images navcal.gif
98.03.13 00:01 B D:\cdrom\images\navdisc.gif --> cps.msu.edu /user/cd/cps291/images navdisc.gif
98.03.13 00:01 B D:\cdrom\images\navgrad.gif --> cps.msu.edu /user/cd/cps291/images navgrad.gif
98.03.13 00:01 B D:\cdrom\images\navhelp.gif --> cps.msu.edu /user/cd/cps291/images navhelp.gif
98.03.13 00:01 B D:\cdrom\images\navover.gif --> cps.msu.edu /user/cd/cps291/images navover.gif
98.03.13 00:01 B D:\cdrom\images\navres.gif --> cps.msu.edu /user/cd/cps291/images navres.gif
98.03.13 00:01 B D:\cdrom\images\WS_FTP.LOG --> cps.msu.edu /user/cd/cps291/images WS_FTP.LOG
98.03.13 08:59 B D:\cdrom\images\navcal.gif --> cps.msu.edu /user/cd/cps291/images navcal.gif
98.03.13 08:59 B D:\cdrom\images\navdisc.gif --> cps.msu.edu /user/cd/cps291/images navdisc.gif
98.03.13 08:59 B D:\cdrom\images\navgrad.gif --> cps.msu.edu /user/cd/cps291/images navgrad.gif
98.03.13 08:59 B D:\cdrom\images\navhelp.gif --> cps.msu.edu /user/cd/cps291/images navhelp.gif
98.03.13 08:59 B D:\cdrom\images\navover.gif --> cps.msu.edu /user/cd/cps291/images navover.gif
98.03.13 08:59 B D:\cdrom\images\navres.gif --> cps.msu.edu /user/cd/cps291/images navres.gif
98.03.13 08:59 B D:\cdrom\images\WS_FTP.LOG --> cps.msu.edu /user/cd/cps291/images WS_FTP.LOG
