97.11.25 22:01 B C:\doit\media\hist\hist1.rm <-- www.vu.msu.edu /home/cps291/stage hist1.rm
97.11.25 22:01 B C:\doit\media\hist\hist2.rm <-- www.vu.msu.edu /home/cps291/stage hist2.rm
97.11.25 22:01 B C:\doit\media\hist\hist3.rm <-- www.vu.msu.edu /home/cps291/stage hist3.rm
97.11.25 22:02 B C:\doit\media\hist\hist4.rm <-- www.vu.msu.edu /home/cps291/stage hist4.rm
97.11.25 22:02 B C:\doit\media\hist\hist5.rm <-- www.vu.msu.edu /home/cps291/stage hist5.rm
97.11.25 22:03 B C:\doit\media\hist\history1.ra <-- www.vu.msu.edu /afs/msu/course/vu/cps291/preview/lectures/history history1.ra
97.11.25 22:04 B C:\doit\media\hist\history2.ra <-- www.vu.msu.edu /afs/msu/course/vu/cps291/preview/lectures/history history2.ra
97.11.25 22:04 B C:\doit\media\hist\history3.ra <-- www.vu.msu.edu /afs/msu/course/vu/cps291/preview/lectures/history history3.ra
97.11.25 22:04 B C:\doit\media\hist\history4.ra <-- www.vu.msu.edu /afs/msu/course/vu/cps291/preview/lectures/history history4.ra
97.11.25 22:04 B C:\doit\media\hist\history5.ra <-- www.vu.msu.edu /afs/msu/course/vu/cps291/preview/lectures/history history5.ra
97.11.25 22:04 B C:\doit\media\hist\history1.rat <-- www.vu.msu.edu /afs/msu/course/vu/cps291/preview/lectures/history history1.rat
97.11.25 22:04 B C:\doit\media\hist\history2.rat <-- www.vu.msu.edu /afs/msu/course/vu/cps291/preview/lectures/history history2.rat
97.11.25 22:04 B C:\doit\media\hist\history3.rat <-- www.vu.msu.edu /afs/msu/course/vu/cps291/preview/lectures/history history3.rat
97.11.25 22:04 B C:\doit\media\hist\history4.rat <-- www.vu.msu.edu /afs/msu/course/vu/cps291/preview/lectures/history history4.rat
97.11.25 22:04 B C:\doit\media\hist\history5.rat <-- www.vu.msu.edu /afs/msu/course/vu/cps291/preview/lectures/history history5.rat
97.11.27 02:27 B C:\doit\media\hist\hist1.ra --> www.vu.msu.edu /home/cps291/stage/doit/media/hist hist1.ra
97.11.27 02:27 B C:\doit\media\hist\hist1.rm --> www.vu.msu.edu /home/cps291/stage/doit/media/hist hist1.rm
97.11.27 02:27 B C:\doit\media\hist\hist1.txt --> www.vu.msu.edu /home/cps291/stage/doit/media/hist hist1.txt
97.11.27 02:27 B C:\doit\media\hist\hist2.ra --> www.vu.msu.edu /home/cps291/stage/doit/media/hist hist2.ra
97.11.27 02:27 B C:\doit\media\hist\hist2.rm --> www.vu.msu.edu /home/cps291/stage/doit/media/hist hist2.rm
97.11.27 02:27 B C:\doit\media\hist\hist2.txt --> www.vu.msu.edu /home/cps291/stage/doit/media/hist hist2.txt
97.11.27 02:27 B C:\doit\media\hist\hist3.ra --> www.vu.msu.edu /home/cps291/stage/doit/media/hist hist3.ra
97.11.27 02:27 B C:\doit\media\hist\hist3.rm --> www.vu.msu.edu /home/cps291/stage/doit/media/hist hist3.rm
97.11.27 02:27 B C:\doit\media\hist\hist3.txt --> www.vu.msu.edu /home/cps291/stage/doit/media/hist hist3.txt
97.11.27 02:27 B C:\doit\media\hist\hist4.ra --> www.vu.msu.edu /home/cps291/stage/doit/media/hist hist4.ra
97.11.27 02:28 B C:\doit\media\hist\hist4.rm --> www.vu.msu.edu /home/cps291/stage/doit/media/hist hist4.rm
97.11.27 02:28 B C:\doit\media\hist\hist4.txt --> www.vu.msu.edu /home/cps291/stage/doit/media/hist hist4.txt
97.11.27 02:28 B C:\doit\media\hist\hist5.ra --> www.vu.msu.edu /home/cps291/stage/doit/media/hist hist5.ra
97.11.27 02:28 B C:\doit\media\hist\hist5.rm --> www.vu.msu.edu /home/cps291/stage/doit/media/hist hist5.rm
97.11.27 02:28 B C:\doit\media\hist\hist5.txt --> www.vu.msu.edu /home/cps291/stage/doit/media/hist hist5.txt
97.11.27 02:28 B C:\doit\media\hist\history1.rat --> www.vu.msu.edu /home/cps291/stage/doit/media/hist history1.rat
97.11.27 02:28 B C:\doit\media\hist\history2.rat --> www.vu.msu.edu /home/cps291/stage/doit/media/hist history2.rat
97.11.27 02:28 B C:\doit\media\hist\history3.rat --> www.vu.msu.edu /home/cps291/stage/doit/media/hist history3.rat
97.11.27 02:28 B C:\doit\media\hist\history4.rat --> www.vu.msu.edu /home/cps291/stage/doit/media/hist history4.rat
97.11.27 02:28 B C:\doit\media\hist\history5.rat --> www.vu.msu.edu /home/cps291/stage/doit/media/hist history5.rat
97.11.27 02:28 B C:\doit\media\hist\WS_FTP.LOG --> www.vu.msu.edu /home/cps291/stage/doit/media/hist WS_FTP.LOG
97.11.27 02:41 B C:\doit\media\hist\hist1.ra --> www.vu.msu.edu /home/cps291/stage/doit/media/hist hist1.ra
97.11.27 02:42 B C:\doit\media\hist\hist1.rm --> www.vu.msu.edu /home/cps291/stage/doit/media/hist hist1.rm
97.11.27 02:42 B C:\doit\media\hist\hist1.txt --> www.vu.msu.edu /home/cps291/stage/doit/media/hist hist1.txt
97.11.27 02:42 B C:\doit\media\hist\hist2.ra --> www.vu.msu.edu /home/cps291/stage/doit/media/hist hist2.ra
97.11.27 02:42 B C:\doit\media\hist\hist2.rm --> www.vu.msu.edu /home/cps291/stage/doit/media/hist hist2.rm
97.11.27 02:42 B C:\doit\media\hist\hist2.txt --> www.vu.msu.edu /home/cps291/stage/doit/media/hist hist2.txt
97.11.27 02:42 B C:\doit\media\hist\hist3.ra --> www.vu.msu.edu /home/cps291/stage/doit/media/hist hist3.ra
97.11.27 02:42 B C:\doit\media\hist\hist3.rm --> www.vu.msu.edu /home/cps291/stage/doit/media/hist hist3.rm
97.11.27 02:42 B C:\doit\media\hist\hist3.txt --> www.vu.msu.edu /home/cps291/stage/doit/media/hist hist3.txt
97.11.27 02:42 B C:\doit\media\hist\hist4.ra --> www.vu.msu.edu /home/cps291/stage/doit/media/hist hist4.ra
97.11.27 02:43 B C:\doit\media\hist\hist4.rm --> www.vu.msu.edu /home/cps291/stage/doit/media/hist hist4.rm
97.11.27 02:43 B C:\doit\media\hist\hist4.txt --> www.vu.msu.edu /home/cps291/stage/doit/media/hist hist4.txt
97.11.27 02:43 B C:\doit\media\hist\hist5.ra --> www.vu.msu.edu /home/cps291/stage/doit/media/hist hist5.ra
97.11.27 02:43 B C:\doit\media\hist\hist5.rm --> www.vu.msu.edu /home/cps291/stage/doit/media/hist hist5.rm
97.11.27 02:43 B C:\doit\media\hist\hist5.txt --> www.vu.msu.edu /home/cps291/stage/doit/media/hist hist5.txt
97.11.27 02:43 B C:\doit\media\hist\history1.rat --> www.vu.msu.edu /home/cps291/stage/doit/media/hist history1.rat
97.11.27 02:43 B C:\doit\media\hist\history2.rat --> www.vu.msu.edu /home/cps291/stage/doit/media/hist history2.rat
97.11.27 02:43 B C:\doit\media\hist\history3.rat --> www.vu.msu.edu /home/cps291/stage/doit/media/hist history3.rat
97.11.27 02:43 B C:\doit\media\hist\history4.rat --> www.vu.msu.edu /home/cps291/stage/doit/media/hist history4.rat
97.11.27 02:43 B C:\doit\media\hist\history5.rat --> www.vu.msu.edu /home/cps291/stage/doit/media/hist history5.rat
97.11.27 02:43 B C:\doit\media\hist\WS_FTP.LOG --> www.vu.msu.edu /home/cps291/stage/doit/media/hist WS_FTP.LOG
97.12.09 10:10 B C:\doit\media\hist\hist1.ra --> arctic.cps.msu.edu /user/cd/cps291/doit/media/hist hist1.ra
97.12.09 10:10 B C:\doit\media\hist\hist1.rm --> arctic.cps.msu.edu /user/cd/cps291/doit/media/hist hist1.rm
97.12.09 10:10 B C:\doit\media\hist\hist1.txt --> arctic.cps.msu.edu /user/cd/cps291/doit/media/hist hist1.txt
97.12.09 10:10 B C:\doit\media\hist\hist2.ra --> arctic.cps.msu.edu /user/cd/cps291/doit/media/hist hist2.ra
97.12.09 10:10 B C:\doit\media\hist\hist2.rm --> arctic.cps.msu.edu /user/cd/cps291/doit/media/hist hist2.rm
97.12.09 10:10 B C:\doit\media\hist\hist2.txt --> arctic.cps.msu.edu /user/cd/cps291/doit/media/hist hist2.txt
97.12.09 10:10 B C:\doit\media\hist\hist3.ra --> arctic.cps.msu.edu /user/cd/cps291/doit/media/hist hist3.ra
97.12.09 10:11 B C:\doit\media\hist\hist3.rm --> arctic.cps.msu.edu /user/cd/cps291/doit/media/hist hist3.rm
97.12.09 10:11 B C:\doit\media\hist\hist3.txt --> arctic.cps.msu.edu /user/cd/cps291/doit/media/hist hist3.txt
97.12.09 10:11 B C:\doit\media\hist\hist4.ra --> arctic.cps.msu.edu /user/cd/cps291/doit/media/hist hist4.ra
97.12.09 10:11 B C:\doit\media\hist\hist4.rm --> arctic.cps.msu.edu /user/cd/cps291/doit/media/hist hist4.rm
97.12.09 10:11 B C:\doit\media\hist\hist4.txt --> arctic.cps.msu.edu /user/cd/cps291/doit/media/hist hist4.txt
97.12.09 10:11 B C:\doit\media\hist\hist5.ra --> arctic.cps.msu.edu /user/cd/cps291/doit/media/hist hist5.ra
97.12.09 10:11 B C:\doit\media\hist\hist5.rm --> arctic.cps.msu.edu /user/cd/cps291/doit/media/hist hist5.rm
97.12.09 10:11 B C:\doit\media\hist\hist5.txt --> arctic.cps.msu.edu /user/cd/cps291/doit/media/hist hist5.txt
97.12.09 10:11 B C:\doit\media\hist\history1.rat --> arctic.cps.msu.edu /user/cd/cps291/doit/media/hist history1.rat
97.12.09 10:11 B C:\doit\media\hist\history2.rat --> arctic.cps.msu.edu /user/cd/cps291/doit/media/hist history2.rat
97.12.09 10:11 B C:\doit\media\hist\history3.rat --> arctic.cps.msu.edu /user/cd/cps291/doit/media/hist history3.rat
97.12.09 10:11 B C:\doit\media\hist\history4.rat --> arctic.cps.msu.edu /user/cd/cps291/doit/media/hist history4.rat
97.12.09 10:11 B C:\doit\media\hist\history5.rat --> arctic.cps.msu.edu /user/cd/cps291/doit/media/hist history5.rat
97.12.09 10:11 B C:\doit\media\hist\WS_FTP.LOG --> arctic.cps.msu.edu /user/cd/cps291/doit/media/hist WS_FTP.LOG
97.12.10 02:58 B C:\doit\media\hist\hist1.ra --> arctic.cps.msu.edu /user/cd/cps291/src/doit/media/hist hist1.ra
97.12.10 02:58 B C:\doit\media\hist\hist1.rm --> arctic.cps.msu.edu /user/cd/cps291/src/doit/media/hist hist1.rm
97.12.10 02:58 B C:\doit\media\hist\hist1.txt --> arctic.cps.msu.edu /user/cd/cps291/src/doit/media/hist hist1.txt
97.12.10 02:58 B C:\doit\media\hist\hist2.ra --> arctic.cps.msu.edu /user/cd/cps291/src/doit/media/hist hist2.ra
97.12.10 02:58 B C:\doit\media\hist\hist2.rm --> arctic.cps.msu.edu /user/cd/cps291/src/doit/media/hist hist2.rm
97.12.10 02:58 B C:\doit\media\hist\hist2.txt --> arctic.cps.msu.edu /user/cd/cps291/src/doit/media/hist hist2.txt
97.12.10 02:58 B C:\doit\media\hist\hist3.ra --> arctic.cps.msu.edu /user/cd/cps291/src/doit/media/hist hist3.ra
97.12.10 02:59 B C:\doit\media\hist\hist3.rm --> arctic.cps.msu.edu /user/cd/cps291/src/doit/media/hist hist3.rm
97.12.10 02:59 B C:\doit\media\hist\hist3.txt --> arctic.cps.msu.edu /user/cd/cps291/src/doit/media/hist hist3.txt
97.12.10 02:59 B C:\doit\media\hist\hist4.ra --> arctic.cps.msu.edu /user/cd/cps291/src/doit/media/hist hist4.ra
97.12.10 02:59 B C:\doit\media\hist\hist4.rm --> arctic.cps.msu.edu /user/cd/cps291/src/doit/media/hist hist4.rm
97.12.10 02:59 B C:\doit\media\hist\hist4.txt --> arctic.cps.msu.edu /user/cd/cps291/src/doit/media/hist hist4.txt
97.12.10 02:59 B C:\doit\media\hist\hist5.ra --> arctic.cps.msu.edu /user/cd/cps291/src/doit/media/hist hist5.ra
97.12.10 02:59 B C:\doit\media\hist\hist5.rm --> arctic.cps.msu.edu /user/cd/cps291/src/doit/media/hist hist5.rm
97.12.10 02:59 B C:\doit\media\hist\hist5.txt --> arctic.cps.msu.edu /user/cd/cps291/src/doit/media/hist hist5.txt
97.12.10 02:59 B C:\doit\media\hist\history1.rat --> arctic.cps.msu.edu /user/cd/cps291/src/doit/media/hist history1.rat
97.12.10 02:59 B C:\doit\media\hist\history2.rat --> arctic.cps.msu.edu /user/cd/cps291/src/doit/media/hist history2.rat
97.12.10 02:59 B C:\doit\media\hist\history3.rat --> arctic.cps.msu.edu /user/cd/cps291/src/doit/media/hist history3.rat
97.12.10 02:59 B C:\doit\media\hist\history4.rat --> arctic.cps.msu.edu /user/cd/cps291/src/doit/media/hist history4.rat
97.12.10 02:59 B C:\doit\media\hist\history5.rat --> arctic.cps.msu.edu /user/cd/cps291/src/doit/media/hist history5.rat
97.12.10 02:59 B C:\doit\media\hist\WS_FTP.LOG --> arctic.cps.msu.edu /user/cd/cps291/src/doit/media/hist WS_FTP.LOG
98.02.02 10:05 B D:\syncomat\media\hist\hist1.ra --> arctic.cps.msu.edu /user/cd/cps291/syncomat/media/hist hist1.ra
98.02.02 10:05 B D:\syncomat\media\hist\hist1.rm --> arctic.cps.msu.edu /user/cd/cps291/syncomat/media/hist hist1.rm
98.02.02 10:05 B D:\syncomat\media\hist\hist1.txt --> arctic.cps.msu.edu /user/cd/cps291/syncomat/media/hist hist1.txt
98.02.02 10:06 B D:\syncomat\media\hist\hist2.ra --> arctic.cps.msu.edu /user/cd/cps291/syncomat/media/hist hist2.ra
98.02.02 10:06 B D:\syncomat\media\hist\hist2.rm --> arctic.cps.msu.edu /user/cd/cps291/syncomat/media/hist hist2.rm
98.02.02 10:06 B D:\syncomat\media\hist\hist2.txt --> arctic.cps.msu.edu /user/cd/cps291/syncomat/media/hist hist2.txt
98.02.02 10:07 B D:\syncomat\media\hist\hist3.ra --> arctic.cps.msu.edu /user/cd/cps291/syncomat/media/hist hist3.ra
98.02.02 10:07 B D:\syncomat\media\hist\hist3.rm --> arctic.cps.msu.edu /user/cd/cps291/syncomat/media/hist hist3.rm
98.02.02 10:07 B D:\syncomat\media\hist\hist3.txt --> arctic.cps.msu.edu /user/cd/cps291/syncomat/media/hist hist3.txt
98.02.02 10:08 B D:\syncomat\media\hist\hist4.ra --> arctic.cps.msu.edu /user/cd/cps291/syncomat/media/hist hist4.ra
98.02.02 10:08 B D:\syncomat\media\hist\hist4.rm --> arctic.cps.msu.edu /user/cd/cps291/syncomat/media/hist hist4.rm
98.02.02 10:08 B D:\syncomat\media\hist\hist4.txt --> arctic.cps.msu.edu /user/cd/cps291/syncomat/media/hist hist4.txt
98.02.02 10:08 B D:\syncomat\media\hist\hist5.ra --> arctic.cps.msu.edu /user/cd/cps291/syncomat/media/hist hist5.ra
98.02.02 10:09 B D:\syncomat\media\hist\hist5.rm --> arctic.cps.msu.edu /user/cd/cps291/syncomat/media/hist hist5.rm
98.02.02 10:09 B D:\syncomat\media\hist\hist5.txt --> arctic.cps.msu.edu /user/cd/cps291/syncomat/media/hist hist5.txt
98.02.02 10:09 B D:\syncomat\media\hist\history1.rat --> arctic.cps.msu.edu /user/cd/cps291/syncomat/media/hist history1.rat
98.02.02 10:09 B D:\syncomat\media\hist\history2.rat --> arctic.cps.msu.edu /user/cd/cps291/syncomat/media/hist history2.rat
98.02.02 10:09 B D:\syncomat\media\hist\history3.rat --> arctic.cps.msu.edu /user/cd/cps291/syncomat/media/hist history3.rat
98.02.02 10:09 B D:\syncomat\media\hist\history4.rat --> arctic.cps.msu.edu /user/cd/cps291/syncomat/media/hist history4.rat
98.02.02 10:09 B D:\syncomat\media\hist\history5.rat --> arctic.cps.msu.edu /user/cd/cps291/syncomat/media/hist history5.rat
98.02.02 10:09 B D:\syncomat\media\hist\WS_FTP.LOG --> arctic.cps.msu.edu /user/cd/cps291/syncomat/media/hist WS_FTP.LOG
