98.02.01 21:57 B C:\syncomat\copy\film\index.crs <-- www.vu.msu.edu /afs/msu/course/vu/egr124/preview/lectures/film index.crs
98.02.01 21:57 B C:\syncomat\copy\film\index.htm <-- www.vu.msu.edu /afs/msu/course/vu/egr124/preview/lectures/film index.htm
98.03.12 23:22 B D:\cdrom\lectures\film\aaindex.htm --> cps.msu.edu /user/cd/cps291/lectures/film aaindex.htm
98.03.12 23:22 B D:\cdrom\lectures\film\af001.htm --> cps.msu.edu /user/cd/cps291/lectures/film af001.htm
98.03.12 23:22 B D:\cdrom\lectures\film\af002.htm --> cps.msu.edu /user/cd/cps291/lectures/film af002.htm
98.03.12 23:22 B D:\cdrom\lectures\film\af003.htm --> cps.msu.edu /user/cd/cps291/lectures/film af003.htm
98.03.12 23:22 B D:\cdrom\lectures\film\af004.htm --> cps.msu.edu /user/cd/cps291/lectures/film af004.htm
98.03.12 23:22 B D:\cdrom\lectures\film\af005.htm --> cps.msu.edu /user/cd/cps291/lectures/film af005.htm
98.03.12 23:22 B D:\cdrom\lectures\film\af006.htm --> cps.msu.edu /user/cd/cps291/lectures/film af006.htm
98.03.12 23:22 B D:\cdrom\lectures\film\an001.htm --> cps.msu.edu /user/cd/cps291/lectures/film an001.htm
98.03.12 23:22 B D:\cdrom\lectures\film\an002.htm --> cps.msu.edu /user/cd/cps291/lectures/film an002.htm
98.03.12 23:22 B D:\cdrom\lectures\film\an003.htm --> cps.msu.edu /user/cd/cps291/lectures/film an003.htm
98.03.12 23:22 B D:\cdrom\lectures\film\an004.htm --> cps.msu.edu /user/cd/cps291/lectures/film an004.htm
98.03.12 23:22 B D:\cdrom\lectures\film\an005.htm --> cps.msu.edu /user/cd/cps291/lectures/film an005.htm
98.03.12 23:22 B D:\cdrom\lectures\film\an006.htm --> cps.msu.edu /user/cd/cps291/lectures/film an006.htm
98.03.12 23:22 B D:\cdrom\lectures\film\ar001.rpm --> cps.msu.edu /user/cd/cps291/lectures/film ar001.rpm
98.03.12 23:22 B D:\cdrom\lectures\film\ar002.rpm --> cps.msu.edu /user/cd/cps291/lectures/film ar002.rpm
98.03.12 23:22 B D:\cdrom\lectures\film\ar003.rpm --> cps.msu.edu /user/cd/cps291/lectures/film ar003.rpm
98.03.12 23:22 B D:\cdrom\lectures\film\ar004.rpm --> cps.msu.edu /user/cd/cps291/lectures/film ar004.rpm
98.03.12 23:22 B D:\cdrom\lectures\film\ar005.rpm --> cps.msu.edu /user/cd/cps291/lectures/film ar005.rpm
98.03.12 23:22 B D:\cdrom\lectures\film\ar006.rpm --> cps.msu.edu /user/cd/cps291/lectures/film ar006.rpm
98.03.12 23:22 B D:\cdrom\lectures\film\cache.htm --> cps.msu.edu /user/cd/cps291/lectures/film cache.htm
98.03.12 23:22 B D:\cdrom\lectures\film\empty.rpm --> cps.msu.edu /user/cd/cps291/lectures/film empty.rpm
98.03.12 23:22 B D:\cdrom\lectures\film\film1.ra --> cps.msu.edu /user/cd/cps291/lectures/film film1.ra
98.03.12 23:22 B D:\cdrom\lectures\film\film1.rat --> cps.msu.edu /user/cd/cps291/lectures/film film1.rat
98.03.12 23:22 B D:\cdrom\lectures\film\film1.rm --> cps.msu.edu /user/cd/cps291/lectures/film film1.rm
98.03.12 23:22 B D:\cdrom\lectures\film\film1a.ram --> cps.msu.edu /user/cd/cps291/lectures/film film1a.ram
98.03.12 23:22 B D:\cdrom\lectures\film\film1a.rpm --> cps.msu.edu /user/cd/cps291/lectures/film film1a.rpm
98.03.12 23:22 B D:\cdrom\lectures\film\film1af.htm --> cps.msu.edu /user/cd/cps291/lectures/film film1af.htm
98.03.12 23:22 B D:\cdrom\lectures\film\film1an.htm --> cps.msu.edu /user/cd/cps291/lectures/film film1an.htm
98.03.12 23:22 B D:\cdrom\lectures\film\film1ap.ram --> cps.msu.edu /user/cd/cps291/lectures/film film1ap.ram
98.03.12 23:22 B D:\cdrom\lectures\film\film1v.ram --> cps.msu.edu /user/cd/cps291/lectures/film film1v.ram
98.03.12 23:22 B D:\cdrom\lectures\film\film1v.rpm --> cps.msu.edu /user/cd/cps291/lectures/film film1v.rpm
98.03.12 23:22 B D:\cdrom\lectures\film\film1vf.htm --> cps.msu.edu /user/cd/cps291/lectures/film film1vf.htm
98.03.12 23:22 B D:\cdrom\lectures\film\film1vn.htm --> cps.msu.edu /user/cd/cps291/lectures/film film1vn.htm
98.03.12 23:22 B D:\cdrom\lectures\film\film1vp.ram --> cps.msu.edu /user/cd/cps291/lectures/film film1vp.ram
98.03.12 23:22 B D:\cdrom\lectures\film\getreal.jpg --> cps.msu.edu /user/cd/cps291/lectures/film getreal.jpg
98.03.12 23:22 B D:\cdrom\lectures\film\img001.gif --> cps.msu.edu /user/cd/cps291/lectures/film img001.gif
98.03.12 23:22 B D:\cdrom\lectures\film\img002.gif --> cps.msu.edu /user/cd/cps291/lectures/film img002.gif
98.03.12 23:22 B D:\cdrom\lectures\film\img003.gif --> cps.msu.edu /user/cd/cps291/lectures/film img003.gif
98.03.12 23:22 B D:\cdrom\lectures\film\img004.gif --> cps.msu.edu /user/cd/cps291/lectures/film img004.gif
98.03.12 23:22 B D:\cdrom\lectures\film\img005.gif --> cps.msu.edu /user/cd/cps291/lectures/film img005.gif
98.03.12 23:22 B D:\cdrom\lectures\film\img006.gif --> cps.msu.edu /user/cd/cps291/lectures/film img006.gif
98.03.12 23:22 B D:\cdrom\lectures\film\img1.jpg --> cps.msu.edu /user/cd/cps291/lectures/film img1.jpg
98.03.12 23:22 B D:\cdrom\lectures\film\img2.jpg --> cps.msu.edu /user/cd/cps291/lectures/film img2.jpg
98.03.12 23:22 B D:\cdrom\lectures\film\img3.jpg --> cps.msu.edu /user/cd/cps291/lectures/film img3.jpg
98.03.12 23:22 B D:\cdrom\lectures\film\img4.jpg --> cps.msu.edu /user/cd/cps291/lectures/film img4.jpg
98.03.12 23:22 B D:\cdrom\lectures\film\img5.jpg --> cps.msu.edu /user/cd/cps291/lectures/film img5.jpg
98.03.12 23:22 B D:\cdrom\lectures\film\img6.jpg --> cps.msu.edu /user/cd/cps291/lectures/film img6.jpg
98.03.12 23:22 B D:\cdrom\lectures\film\index.crs --> cps.msu.edu /user/cd/cps291/lectures/film index.crs
98.03.12 23:22 B D:\cdrom\lectures\film\index.htm --> cps.msu.edu /user/cd/cps291/lectures/film index.htm
98.03.12 23:22 B D:\cdrom\lectures\film\inst160.gif --> cps.msu.edu /user/cd/cps291/lectures/film inst160.gif
98.03.12 23:22 B D:\cdrom\lectures\film\jlist.htm --> cps.msu.edu /user/cd/cps291/lectures/film jlist.htm
98.03.12 23:22 B D:\cdrom\lectures\film\list.htm --> cps.msu.edu /user/cd/cps291/lectures/film list.htm
98.03.12 23:22 B D:\cdrom\lectures\film\log.log --> cps.msu.edu /user/cd/cps291/lectures/film log.log
98.03.12 23:22 B D:\cdrom\lectures\film\makeind.mnu --> cps.msu.edu /user/cd/cps291/lectures/film makeind.mnu
98.03.12 23:22 B D:\cdrom\lectures\film\makeind.sed --> cps.msu.edu /user/cd/cps291/lectures/film makeind.sed
98.03.12 23:22 B D:\cdrom\lectures\film\navcal.gif --> cps.msu.edu /user/cd/cps291/lectures/film navcal.gif
98.03.12 23:22 B D:\cdrom\lectures\film\process.bat --> cps.msu.edu /user/cd/cps291/lectures/film process.bat
98.03.12 23:22 B D:\cdrom\lectures\film\sld001.htm --> cps.msu.edu /user/cd/cps291/lectures/film sld001.htm
98.03.12 23:22 B D:\cdrom\lectures\film\sld002.htm --> cps.msu.edu /user/cd/cps291/lectures/film sld002.htm
98.03.12 23:22 B D:\cdrom\lectures\film\sld003.htm --> cps.msu.edu /user/cd/cps291/lectures/film sld003.htm
98.03.12 23:22 B D:\cdrom\lectures\film\sld004.htm --> cps.msu.edu /user/cd/cps291/lectures/film sld004.htm
98.03.12 23:22 B D:\cdrom\lectures\film\sld005.htm --> cps.msu.edu /user/cd/cps291/lectures/film sld005.htm
98.03.12 23:22 B D:\cdrom\lectures\film\sld006.htm --> cps.msu.edu /user/cd/cps291/lectures/film sld006.htm
98.03.12 23:22 B D:\cdrom\lectures\film\tlist.htm --> cps.msu.edu /user/cd/cps291/lectures/film tlist.htm
98.03.12 23:22 B D:\cdrom\lectures\film\tmp.tmp --> cps.msu.edu /user/cd/cps291/lectures/film tmp.tmp
98.03.12 23:22 B D:\cdrom\lectures\film\top.htm --> cps.msu.edu /user/cd/cps291/lectures/film top.htm
98.03.12 23:22 B D:\cdrom\lectures\film\tsld001.htm --> cps.msu.edu /user/cd/cps291/lectures/film tsld001.htm
98.03.12 23:22 B D:\cdrom\lectures\film\tsld002.htm --> cps.msu.edu /user/cd/cps291/lectures/film tsld002.htm
98.03.12 23:22 B D:\cdrom\lectures\film\tsld003.htm --> cps.msu.edu /user/cd/cps291/lectures/film tsld003.htm
98.03.12 23:22 B D:\cdrom\lectures\film\tsld004.htm --> cps.msu.edu /user/cd/cps291/lectures/film tsld004.htm
98.03.12 23:22 B D:\cdrom\lectures\film\tsld005.htm --> cps.msu.edu /user/cd/cps291/lectures/film tsld005.htm
98.03.12 23:22 B D:\cdrom\lectures\film\tsld006.htm --> cps.msu.edu /user/cd/cps291/lectures/film tsld006.htm
98.03.12 23:22 B D:\cdrom\lectures\film\vf001.htm --> cps.msu.edu /user/cd/cps291/lectures/film vf001.htm
98.03.12 23:22 B D:\cdrom\lectures\film\vf002.htm --> cps.msu.edu /user/cd/cps291/lectures/film vf002.htm
98.03.12 23:22 B D:\cdrom\lectures\film\vf003.htm --> cps.msu.edu /user/cd/cps291/lectures/film vf003.htm
98.03.12 23:22 B D:\cdrom\lectures\film\vf004.htm --> cps.msu.edu /user/cd/cps291/lectures/film vf004.htm
98.03.12 23:22 B D:\cdrom\lectures\film\vf005.htm --> cps.msu.edu /user/cd/cps291/lectures/film vf005.htm
98.03.12 23:22 B D:\cdrom\lectures\film\vf006.htm --> cps.msu.edu /user/cd/cps291/lectures/film vf006.htm
98.03.12 23:22 B D:\cdrom\lectures\film\vn001.htm --> cps.msu.edu /user/cd/cps291/lectures/film vn001.htm
98.03.12 23:22 B D:\cdrom\lectures\film\vn002.htm --> cps.msu.edu /user/cd/cps291/lectures/film vn002.htm
98.03.12 23:22 B D:\cdrom\lectures\film\vn003.htm --> cps.msu.edu /user/cd/cps291/lectures/film vn003.htm
98.03.12 23:22 B D:\cdrom\lectures\film\vn004.htm --> cps.msu.edu /user/cd/cps291/lectures/film vn004.htm
98.03.12 23:22 B D:\cdrom\lectures\film\vn005.htm --> cps.msu.edu /user/cd/cps291/lectures/film vn005.htm
98.03.12 23:22 B D:\cdrom\lectures\film\vn006.htm --> cps.msu.edu /user/cd/cps291/lectures/film vn006.htm
98.03.12 23:22 B D:\cdrom\lectures\film\vr001.rpm --> cps.msu.edu /user/cd/cps291/lectures/film vr001.rpm
98.03.12 23:22 B D:\cdrom\lectures\film\vr002.rpm --> cps.msu.edu /user/cd/cps291/lectures/film vr002.rpm
98.03.12 23:22 B D:\cdrom\lectures\film\vr003.rpm --> cps.msu.edu /user/cd/cps291/lectures/film vr003.rpm
98.03.12 23:22 B D:\cdrom\lectures\film\vr004.rpm --> cps.msu.edu /user/cd/cps291/lectures/film vr004.rpm
98.03.12 23:22 B D:\cdrom\lectures\film\vr005.rpm --> cps.msu.edu /user/cd/cps291/lectures/film vr005.rpm
98.03.12 23:22 B D:\cdrom\lectures\film\vr006.rpm --> cps.msu.edu /user/cd/cps291/lectures/film vr006.rpm
98.03.12 23:23 B D:\cdrom\lectures\film\WS_FTP.LOG --> cps.msu.edu /user/cd/cps291/lectures/film WS_FTP.LOG
98.03.13 09:07 B D:\cdrom\lectures\film\aaindex.htm --> cps.msu.edu /user/cd/cps291/lectures/film aaindex.htm
98.03.13 09:07 B D:\cdrom\lectures\film\af001.htm --> cps.msu.edu /user/cd/cps291/lectures/film af001.htm
98.03.13 09:07 B D:\cdrom\lectures\film\af002.htm --> cps.msu.edu /user/cd/cps291/lectures/film af002.htm
98.03.13 09:07 B D:\cdrom\lectures\film\af003.htm --> cps.msu.edu /user/cd/cps291/lectures/film af003.htm
98.03.13 09:07 B D:\cdrom\lectures\film\af004.htm --> cps.msu.edu /user/cd/cps291/lectures/film af004.htm
98.03.13 09:07 B D:\cdrom\lectures\film\af005.htm --> cps.msu.edu /user/cd/cps291/lectures/film af005.htm
98.03.13 09:07 B D:\cdrom\lectures\film\af006.htm --> cps.msu.edu /user/cd/cps291/lectures/film af006.htm
98.03.13 09:08 B D:\cdrom\lectures\film\an001.htm --> cps.msu.edu /user/cd/cps291/lectures/film an001.htm
98.03.13 09:08 B D:\cdrom\lectures\film\an002.htm --> cps.msu.edu /user/cd/cps291/lectures/film an002.htm
98.03.13 09:08 B D:\cdrom\lectures\film\an003.htm --> cps.msu.edu /user/cd/cps291/lectures/film an003.htm
98.03.13 09:08 B D:\cdrom\lectures\film\an004.htm --> cps.msu.edu /user/cd/cps291/lectures/film an004.htm
98.03.13 09:08 B D:\cdrom\lectures\film\an005.htm --> cps.msu.edu /user/cd/cps291/lectures/film an005.htm
98.03.13 09:08 B D:\cdrom\lectures\film\an006.htm --> cps.msu.edu /user/cd/cps291/lectures/film an006.htm
98.03.13 09:08 B D:\cdrom\lectures\film\ar001.rpm --> cps.msu.edu /user/cd/cps291/lectures/film ar001.rpm
98.03.13 09:08 B D:\cdrom\lectures\film\ar002.rpm --> cps.msu.edu /user/cd/cps291/lectures/film ar002.rpm
98.03.13 09:08 B D:\cdrom\lectures\film\ar003.rpm --> cps.msu.edu /user/cd/cps291/lectures/film ar003.rpm
98.03.13 09:08 B D:\cdrom\lectures\film\ar004.rpm --> cps.msu.edu /user/cd/cps291/lectures/film ar004.rpm
98.03.13 09:08 B D:\cdrom\lectures\film\ar005.rpm --> cps.msu.edu /user/cd/cps291/lectures/film ar005.rpm
98.03.13 09:08 B D:\cdrom\lectures\film\ar006.rpm --> cps.msu.edu /user/cd/cps291/lectures/film ar006.rpm
98.03.13 09:08 B D:\cdrom\lectures\film\cache.htm --> cps.msu.edu /user/cd/cps291/lectures/film cache.htm
98.03.13 09:08 B D:\cdrom\lectures\film\empty.rpm --> cps.msu.edu /user/cd/cps291/lectures/film empty.rpm
98.03.13 09:08 B D:\cdrom\lectures\film\film1.ra --> cps.msu.edu /user/cd/cps291/lectures/film film1.ra
98.03.13 09:08 B D:\cdrom\lectures\film\film1.rat --> cps.msu.edu /user/cd/cps291/lectures/film film1.rat
98.03.13 09:08 B D:\cdrom\lectures\film\film1.rm --> cps.msu.edu /user/cd/cps291/lectures/film film1.rm
98.03.13 09:08 B D:\cdrom\lectures\film\film1a.ram --> cps.msu.edu /user/cd/cps291/lectures/film film1a.ram
98.03.13 09:08 B D:\cdrom\lectures\film\film1a.rpm --> cps.msu.edu /user/cd/cps291/lectures/film film1a.rpm
98.03.13 09:08 B D:\cdrom\lectures\film\film1af.htm --> cps.msu.edu /user/cd/cps291/lectures/film film1af.htm
98.03.13 09:08 B D:\cdrom\lectures\film\film1an.htm --> cps.msu.edu /user/cd/cps291/lectures/film film1an.htm
98.03.13 09:08 B D:\cdrom\lectures\film\film1ap.ram --> cps.msu.edu /user/cd/cps291/lectures/film film1ap.ram
98.03.13 09:08 B D:\cdrom\lectures\film\film1v.ram --> cps.msu.edu /user/cd/cps291/lectures/film film1v.ram
98.03.13 09:08 B D:\cdrom\lectures\film\film1v.rpm --> cps.msu.edu /user/cd/cps291/lectures/film film1v.rpm
98.03.13 09:08 B D:\cdrom\lectures\film\film1vf.htm --> cps.msu.edu /user/cd/cps291/lectures/film film1vf.htm
98.03.13 09:08 B D:\cdrom\lectures\film\film1vn.htm --> cps.msu.edu /user/cd/cps291/lectures/film film1vn.htm
98.03.13 09:08 B D:\cdrom\lectures\film\film1vp.ram --> cps.msu.edu /user/cd/cps291/lectures/film film1vp.ram
98.03.13 09:08 B D:\cdrom\lectures\film\getreal.jpg --> cps.msu.edu /user/cd/cps291/lectures/film getreal.jpg
98.03.13 09:08 B D:\cdrom\lectures\film\img001.gif --> cps.msu.edu /user/cd/cps291/lectures/film img001.gif
98.03.13 09:08 B D:\cdrom\lectures\film\img002.gif --> cps.msu.edu /user/cd/cps291/lectures/film img002.gif
98.03.13 09:08 B D:\cdrom\lectures\film\img003.gif --> cps.msu.edu /user/cd/cps291/lectures/film img003.gif
98.03.13 09:08 B D:\cdrom\lectures\film\img004.gif --> cps.msu.edu /user/cd/cps291/lectures/film img004.gif
98.03.13 09:08 B D:\cdrom\lectures\film\img005.gif --> cps.msu.edu /user/cd/cps291/lectures/film img005.gif
98.03.13 09:08 B D:\cdrom\lectures\film\img006.gif --> cps.msu.edu /user/cd/cps291/lectures/film img006.gif
98.03.13 09:08 B D:\cdrom\lectures\film\img1.jpg --> cps.msu.edu /user/cd/cps291/lectures/film img1.jpg
98.03.13 09:08 B D:\cdrom\lectures\film\img2.jpg --> cps.msu.edu /user/cd/cps291/lectures/film img2.jpg
98.03.13 09:08 B D:\cdrom\lectures\film\img3.jpg --> cps.msu.edu /user/cd/cps291/lectures/film img3.jpg
98.03.13 09:08 B D:\cdrom\lectures\film\img4.jpg --> cps.msu.edu /user/cd/cps291/lectures/film img4.jpg
98.03.13 09:08 B D:\cdrom\lectures\film\img5.jpg --> cps.msu.edu /user/cd/cps291/lectures/film img5.jpg
98.03.13 09:08 B D:\cdrom\lectures\film\img6.jpg --> cps.msu.edu /user/cd/cps291/lectures/film img6.jpg
98.03.13 09:08 B D:\cdrom\lectures\film\index.crs --> cps.msu.edu /user/cd/cps291/lectures/film index.crs
98.03.13 09:08 B D:\cdrom\lectures\film\index.htm --> cps.msu.edu /user/cd/cps291/lectures/film index.htm
98.03.13 09:08 B D:\cdrom\lectures\film\inst160.gif --> cps.msu.edu /user/cd/cps291/lectures/film inst160.gif
98.03.13 09:08 B D:\cdrom\lectures\film\jlist.htm --> cps.msu.edu /user/cd/cps291/lectures/film jlist.htm
98.03.13 09:08 B D:\cdrom\lectures\film\list.htm --> cps.msu.edu /user/cd/cps291/lectures/film list.htm
98.03.13 09:08 B D:\cdrom\lectures\film\log.log --> cps.msu.edu /user/cd/cps291/lectures/film log.log
98.03.13 09:08 B D:\cdrom\lectures\film\makeind.mnu --> cps.msu.edu /user/cd/cps291/lectures/film makeind.mnu
98.03.13 09:08 B D:\cdrom\lectures\film\makeind.sed --> cps.msu.edu /user/cd/cps291/lectures/film makeind.sed
98.03.13 09:08 B D:\cdrom\lectures\film\navcal.gif --> cps.msu.edu /user/cd/cps291/lectures/film navcal.gif
98.03.13 09:08 B D:\cdrom\lectures\film\process.bat --> cps.msu.edu /user/cd/cps291/lectures/film process.bat
98.03.13 09:08 B D:\cdrom\lectures\film\sld001.htm --> cps.msu.edu /user/cd/cps291/lectures/film sld001.htm
98.03.13 09:08 B D:\cdrom\lectures\film\sld002.htm --> cps.msu.edu /user/cd/cps291/lectures/film sld002.htm
98.03.13 09:08 B D:\cdrom\lectures\film\sld003.htm --> cps.msu.edu /user/cd/cps291/lectures/film sld003.htm
98.03.13 09:08 B D:\cdrom\lectures\film\sld004.htm --> cps.msu.edu /user/cd/cps291/lectures/film sld004.htm
98.03.13 09:08 B D:\cdrom\lectures\film\sld005.htm --> cps.msu.edu /user/cd/cps291/lectures/film sld005.htm
98.03.13 09:08 B D:\cdrom\lectures\film\sld006.htm --> cps.msu.edu /user/cd/cps291/lectures/film sld006.htm
98.03.13 09:08 B D:\cdrom\lectures\film\tlist.htm --> cps.msu.edu /user/cd/cps291/lectures/film tlist.htm
98.03.13 09:08 B D:\cdrom\lectures\film\tmp.tmp --> cps.msu.edu /user/cd/cps291/lectures/film tmp.tmp
98.03.13 09:08 B D:\cdrom\lectures\film\top.htm --> cps.msu.edu /user/cd/cps291/lectures/film top.htm
98.03.13 09:08 B D:\cdrom\lectures\film\tsld001.htm --> cps.msu.edu /user/cd/cps291/lectures/film tsld001.htm
98.03.13 09:08 B D:\cdrom\lectures\film\tsld002.htm --> cps.msu.edu /user/cd/cps291/lectures/film tsld002.htm
98.03.13 09:08 B D:\cdrom\lectures\film\tsld003.htm --> cps.msu.edu /user/cd/cps291/lectures/film tsld003.htm
98.03.13 09:08 B D:\cdrom\lectures\film\tsld004.htm --> cps.msu.edu /user/cd/cps291/lectures/film tsld004.htm
98.03.13 09:08 B D:\cdrom\lectures\film\tsld005.htm --> cps.msu.edu /user/cd/cps291/lectures/film tsld005.htm
98.03.13 09:08 B D:\cdrom\lectures\film\tsld006.htm --> cps.msu.edu /user/cd/cps291/lectures/film tsld006.htm
98.03.13 09:08 B D:\cdrom\lectures\film\vf001.htm --> cps.msu.edu /user/cd/cps291/lectures/film vf001.htm
98.03.13 09:08 B D:\cdrom\lectures\film\vf002.htm --> cps.msu.edu /user/cd/cps291/lectures/film vf002.htm
98.03.13 09:08 B D:\cdrom\lectures\film\vf003.htm --> cps.msu.edu /user/cd/cps291/lectures/film vf003.htm
98.03.13 09:08 B D:\cdrom\lectures\film\vf004.htm --> cps.msu.edu /user/cd/cps291/lectures/film vf004.htm
98.03.13 09:08 B D:\cdrom\lectures\film\vf005.htm --> cps.msu.edu /user/cd/cps291/lectures/film vf005.htm
98.03.13 09:08 B D:\cdrom\lectures\film\vf006.htm --> cps.msu.edu /user/cd/cps291/lectures/film vf006.htm
98.03.13 09:08 B D:\cdrom\lectures\film\vn001.htm --> cps.msu.edu /user/cd/cps291/lectures/film vn001.htm
98.03.13 09:08 B D:\cdrom\lectures\film\vn002.htm --> cps.msu.edu /user/cd/cps291/lectures/film vn002.htm
98.03.13 09:08 B D:\cdrom\lectures\film\vn003.htm --> cps.msu.edu /user/cd/cps291/lectures/film vn003.htm
98.03.13 09:08 B D:\cdrom\lectures\film\vn004.htm --> cps.msu.edu /user/cd/cps291/lectures/film vn004.htm
98.03.13 09:08 B D:\cdrom\lectures\film\vn005.htm --> cps.msu.edu /user/cd/cps291/lectures/film vn005.htm
98.03.13 09:08 B D:\cdrom\lectures\film\vn006.htm --> cps.msu.edu /user/cd/cps291/lectures/film vn006.htm
98.03.13 09:08 B D:\cdrom\lectures\film\vr001.rpm --> cps.msu.edu /user/cd/cps291/lectures/film vr001.rpm
98.03.13 09:08 B D:\cdrom\lectures\film\vr002.rpm --> cps.msu.edu /user/cd/cps291/lectures/film vr002.rpm
98.03.13 09:08 B D:\cdrom\lectures\film\vr003.rpm --> cps.msu.edu /user/cd/cps291/lectures/film vr003.rpm
98.03.13 09:08 B D:\cdrom\lectures\film\vr004.rpm --> cps.msu.edu /user/cd/cps291/lectures/film vr004.rpm
98.03.13 09:08 B D:\cdrom\lectures\film\vr005.rpm --> cps.msu.edu /user/cd/cps291/lectures/film vr005.rpm
98.03.13 09:08 B D:\cdrom\lectures\film\vr006.rpm --> cps.msu.edu /user/cd/cps291/lectures/film vr006.rpm
98.03.13 09:08 B D:\cdrom\lectures\film\WS_FTP.LOG --> cps.msu.edu /user/cd/cps291/lectures/film WS_FTP.LOG
