98.09.17 11:09 B D:\syncomat\style\cps230\af000.htm <-- Scully /home/ub/crs/tmp/cps230 af000.htm
98.09.17 11:09 B D:\syncomat\style\cps230\an000.htm <-- Scully /home/ub/crs/tmp/cps230 an000.htm
98.09.17 11:09 B D:\syncomat\style\cps230\ar000.ram <-- Scully /home/ub/crs/tmp/cps230 ar000.ram
98.09.17 11:09 B D:\syncomat\style\cps230\ar000.rpm <-- Scully /home/ub/crs/tmp/cps230 ar000.rpm
98.09.17 11:09 B D:\syncomat\style\cps230\astr0.ram <-- Scully /home/ub/crs/tmp/cps230 astr0.ram
98.09.17 11:09 B D:\syncomat\style\cps230\athumb.htm <-- Scully /home/ub/crs/tmp/cps230 athumb.htm
98.09.17 11:09 B D:\syncomat\style\cps230\cache.htm <-- Scully /home/ub/crs/tmp/cps230 cache.htm
98.09.17 11:09 B D:\syncomat\style\cps230\index.htm <-- Scully /home/ub/crs/tmp/cps230 index.htm
98.09.17 11:09 B D:\syncomat\style\cps230\sld000.htm <-- Scully /home/ub/crs/tmp/cps230 sld000.htm
98.09.17 11:09 B D:\syncomat\style\cps230\vf000.htm <-- Scully /home/ub/crs/tmp/cps230 vf000.htm
98.09.17 11:09 B D:\syncomat\style\cps230\vn000.htm <-- Scully /home/ub/crs/tmp/cps230 vn000.htm
98.09.17 11:09 B D:\syncomat\style\cps230\vr000.ram <-- Scully /home/ub/crs/tmp/cps230 vr000.ram
98.09.17 11:09 B D:\syncomat\style\cps230\vr000.rpm <-- Scully /home/ub/crs/tmp/cps230 vr000.rpm
98.09.17 11:09 B D:\syncomat\style\cps230\vstr0.ram <-- Scully /home/ub/crs/tmp/cps230 vstr0.ram
98.09.17 11:09 B D:\syncomat\style\cps230\vthumb.htm <-- Scully /home/ub/crs/tmp/cps230 vthumb.htm
98.09.21 17:39 B D:\syncomat\style\standard\af000.htm --> scully.egr.msu.edu /home/ub/crs/tmp/standard af000.htm
98.09.21 17:40 B D:\syncomat\style\standard\an000.htm --> scully.egr.msu.edu /home/ub/crs/tmp/standard an000.htm
98.09.21 17:40 B D:\syncomat\style\standard\ar000.ram --> scully.egr.msu.edu /home/ub/crs/tmp/standard ar000.ram
98.09.21 17:40 B D:\syncomat\style\standard\ar000.rpm --> scully.egr.msu.edu /home/ub/crs/tmp/standard ar000.rpm
98.09.21 17:40 B D:\syncomat\style\standard\astr0.ram --> scully.egr.msu.edu /home/ub/crs/tmp/standard astr0.ram
98.09.21 17:40 B D:\syncomat\style\standard\athumb.htm --> scully.egr.msu.edu /home/ub/crs/tmp/standard athumb.htm
98.09.21 17:40 B D:\syncomat\style\standard\cache.htm --> scully.egr.msu.edu /home/ub/crs/tmp/standard cache.htm
98.09.21 17:40 B D:\syncomat\style\standard\index.htm --> scully.egr.msu.edu /home/ub/crs/tmp/standard index.htm
98.09.21 17:40 B D:\syncomat\style\standard\problems.htm --> scully.egr.msu.edu /home/ub/crs/tmp/standard problems.htm
98.09.21 17:40 B D:\syncomat\style\standard\sld000.htm --> scully.egr.msu.edu /home/ub/crs/tmp/standard sld000.htm
98.09.21 17:40 B D:\syncomat\style\standard\vf000.htm --> scully.egr.msu.edu /home/ub/crs/tmp/standard vf000.htm
98.09.21 17:40 B D:\syncomat\style\standard\vn000.htm --> scully.egr.msu.edu /home/ub/crs/tmp/standard vn000.htm
98.09.21 17:40 B D:\syncomat\style\standard\vr000.ram --> scully.egr.msu.edu /home/ub/crs/tmp/standard vr000.ram
98.09.21 17:40 B D:\syncomat\style\standard\vr000.rpm --> scully.egr.msu.edu /home/ub/crs/tmp/standard vr000.rpm
98.09.21 17:40 B D:\syncomat\style\standard\vstr0.ram --> scully.egr.msu.edu /home/ub/crs/tmp/standard vstr0.ram
98.09.21 17:40 B D:\syncomat\style\standard\vthumb.htm --> scully.egr.msu.edu /home/ub/crs/tmp/standard vthumb.htm
98.09.21 17:40 B D:\syncomat\style\standard\WS_FTP.LOG --> scully.egr.msu.edu /home/ub/crs/tmp/standard WS_FTP.LOG
98.09.23 18:50 B D:\syncomat\style\standard\af000.htm --> scully.egr.msu.edu /home/ub/crs/tmp/standard af000.htm
98.09.23 18:50 B D:\syncomat\style\standard\an000.htm --> scully.egr.msu.edu /home/ub/crs/tmp/standard an000.htm
98.09.23 18:50 B D:\syncomat\style\standard\ar000.ram --> scully.egr.msu.edu /home/ub/crs/tmp/standard ar000.ram
98.09.23 18:50 B D:\syncomat\style\standard\ar000.rpm --> scully.egr.msu.edu /home/ub/crs/tmp/standard ar000.rpm
98.09.23 18:50 B D:\syncomat\style\standard\astr0.ram --> scully.egr.msu.edu /home/ub/crs/tmp/standard astr0.ram
98.09.23 18:50 B D:\syncomat\style\standard\athumb.htm --> scully.egr.msu.edu /home/ub/crs/tmp/standard athumb.htm
98.09.23 18:50 B D:\syncomat\style\standard\cache.htm --> scully.egr.msu.edu /home/ub/crs/tmp/standard cache.htm
98.09.23 18:50 B D:\syncomat\style\standard\index.htm --> scully.egr.msu.edu /home/ub/crs/tmp/standard index.htm
98.09.23 18:50 B D:\syncomat\style\standard\problems.htm --> scully.egr.msu.edu /home/ub/crs/tmp/standard problems.htm
98.09.23 18:50 B D:\syncomat\style\standard\sld000.htm --> scully.egr.msu.edu /home/ub/crs/tmp/standard sld000.htm
98.09.23 18:50 B D:\syncomat\style\standard\vf000.htm --> scully.egr.msu.edu /home/ub/crs/tmp/standard vf000.htm
98.09.23 18:50 B D:\syncomat\style\standard\vn000.htm --> scully.egr.msu.edu /home/ub/crs/tmp/standard vn000.htm
98.09.23 18:50 B D:\syncomat\style\standard\vr000.ram --> scully.egr.msu.edu /home/ub/crs/tmp/standard vr000.ram
98.09.23 18:50 B D:\syncomat\style\standard\vr000.rpm --> scully.egr.msu.edu /home/ub/crs/tmp/standard vr000.rpm
98.09.23 18:50 B D:\syncomat\style\standard\vstr0.ram --> scully.egr.msu.edu /home/ub/crs/tmp/standard vstr0.ram
98.09.23 18:50 B D:\syncomat\style\standard\vthumb.htm --> scully.egr.msu.edu /home/ub/crs/tmp/standard vthumb.htm
98.09.23 18:50 B D:\syncomat\style\standard\WS_FTP.LOG --> scully.egr.msu.edu /home/ub/crs/tmp/standard WS_FTP.LOG
