97.11.13 17:28 B C:\doit\media\bas\bas1.ra --> www.vu.msu.edu /home/cps291/stage/doit/media/bas bas1.ra
97.11.13 17:28 B C:\doit\media\bas\bas1.rm --> www.vu.msu.edu /home/cps291/stage/doit/media/bas bas1.rm
97.11.13 17:28 B C:\doit\media\bas\bas1.txt --> www.vu.msu.edu /home/cps291/stage/doit/media/bas bas1.txt
97.11.13 17:28 B C:\doit\media\bas\bas2.ra --> www.vu.msu.edu /home/cps291/stage/doit/media/bas bas2.ra
97.11.13 17:28 B C:\doit\media\bas\bas2.rm --> www.vu.msu.edu /home/cps291/stage/doit/media/bas bas2.rm
97.11.13 17:28 B C:\doit\media\bas\bas2.txt --> www.vu.msu.edu /home/cps291/stage/doit/media/bas bas2.txt
97.11.13 17:28 B C:\doit\media\bas\bas3.ra --> www.vu.msu.edu /home/cps291/stage/doit/media/bas bas3.ra
97.11.13 17:29 B C:\doit\media\bas\bas3.rm --> www.vu.msu.edu /home/cps291/stage/doit/media/bas bas3.rm
97.11.13 17:29 B C:\doit\media\bas\bas3.txt --> www.vu.msu.edu /home/cps291/stage/doit/media/bas bas3.txt
97.11.13 17:29 B C:\doit\media\bas\bas4.ra --> www.vu.msu.edu /home/cps291/stage/doit/media/bas bas4.ra
97.11.13 17:29 B C:\doit\media\bas\bas4.rm --> www.vu.msu.edu /home/cps291/stage/doit/media/bas bas4.rm
97.11.13 17:29 B C:\doit\media\bas\bas4.txt --> www.vu.msu.edu /home/cps291/stage/doit/media/bas bas4.txt
97.11.27 02:24 B C:\doit\media\bas\bas1.ra --> www.vu.msu.edu /home/cps291/stage/doit/media/bas bas1.ra
97.11.27 02:25 B C:\doit\media\bas\bas1.rm --> www.vu.msu.edu /home/cps291/stage/doit/media/bas bas1.rm
97.11.27 02:25 B C:\doit\media\bas\bas1.txt --> www.vu.msu.edu /home/cps291/stage/doit/media/bas bas1.txt
97.11.27 02:25 B C:\doit\media\bas\bas2.ra --> www.vu.msu.edu /home/cps291/stage/doit/media/bas bas2.ra
97.11.27 02:25 B C:\doit\media\bas\bas2.rm --> www.vu.msu.edu /home/cps291/stage/doit/media/bas bas2.rm
97.11.27 02:25 B C:\doit\media\bas\bas2.txt --> www.vu.msu.edu /home/cps291/stage/doit/media/bas bas2.txt
97.11.27 02:25 B C:\doit\media\bas\bas3.ra --> www.vu.msu.edu /home/cps291/stage/doit/media/bas bas3.ra
97.11.27 02:25 B C:\doit\media\bas\bas3.rm --> www.vu.msu.edu /home/cps291/stage/doit/media/bas bas3.rm
97.11.27 02:25 B C:\doit\media\bas\bas3.txt --> www.vu.msu.edu /home/cps291/stage/doit/media/bas bas3.txt
97.11.27 02:25 B C:\doit\media\bas\bas4.ra --> www.vu.msu.edu /home/cps291/stage/doit/media/bas bas4.ra
97.11.27 02:26 B C:\doit\media\bas\bas4.rm --> www.vu.msu.edu /home/cps291/stage/doit/media/bas bas4.rm
97.11.27 02:26 B C:\doit\media\bas\bas4.txt --> www.vu.msu.edu /home/cps291/stage/doit/media/bas bas4.txt
97.11.27 02:26 B C:\doit\media\bas\WS_FTP.LOG --> www.vu.msu.edu /home/cps291/stage/doit/media/bas WS_FTP.LOG
97.11.27 02:38 B C:\doit\media\bas\bas1.ra --> www.vu.msu.edu /home/cps291/stage/doit/media/bas bas1.ra
97.11.27 02:39 B C:\doit\media\bas\bas1.rm --> www.vu.msu.edu /home/cps291/stage/doit/media/bas bas1.rm
97.11.27 02:39 B C:\doit\media\bas\bas1.txt --> www.vu.msu.edu /home/cps291/stage/doit/media/bas bas1.txt
97.11.27 02:39 B C:\doit\media\bas\bas2.ra --> www.vu.msu.edu /home/cps291/stage/doit/media/bas bas2.ra
97.11.27 02:39 B C:\doit\media\bas\bas2.rm --> www.vu.msu.edu /home/cps291/stage/doit/media/bas bas2.rm
97.11.27 02:39 B C:\doit\media\bas\bas2.txt --> www.vu.msu.edu /home/cps291/stage/doit/media/bas bas2.txt
97.11.27 02:39 B C:\doit\media\bas\bas3.ra --> www.vu.msu.edu /home/cps291/stage/doit/media/bas bas3.ra
97.11.27 02:39 B C:\doit\media\bas\bas3.rm --> www.vu.msu.edu /home/cps291/stage/doit/media/bas bas3.rm
97.11.27 02:39 B C:\doit\media\bas\bas3.txt --> www.vu.msu.edu /home/cps291/stage/doit/media/bas bas3.txt
97.11.27 02:40 B C:\doit\media\bas\bas4.ra --> www.vu.msu.edu /home/cps291/stage/doit/media/bas bas4.ra
97.11.27 02:40 B C:\doit\media\bas\bas4.rm --> www.vu.msu.edu /home/cps291/stage/doit/media/bas bas4.rm
97.11.27 02:40 B C:\doit\media\bas\bas4.txt --> www.vu.msu.edu /home/cps291/stage/doit/media/bas bas4.txt
97.11.27 02:40 B C:\doit\media\bas\WS_FTP.LOG --> www.vu.msu.edu /home/cps291/stage/doit/media/bas WS_FTP.LOG
97.12.09 10:06 B C:\doit\media\bas\bas1.ra --> arctic.cps.msu.edu /user/cd/cps291/doit/media/bas bas1.ra
97.12.09 10:06 B C:\doit\media\bas\bas1.rm --> arctic.cps.msu.edu /user/cd/cps291/doit/media/bas bas1.rm
97.12.09 10:06 B C:\doit\media\bas\bas1.txt --> arctic.cps.msu.edu /user/cd/cps291/doit/media/bas bas1.txt
97.12.09 10:07 B C:\doit\media\bas\bas2.ra --> arctic.cps.msu.edu /user/cd/cps291/doit/media/bas bas2.ra
97.12.09 10:07 B C:\doit\media\bas\bas2.rm --> arctic.cps.msu.edu /user/cd/cps291/doit/media/bas bas2.rm
97.12.09 10:07 B C:\doit\media\bas\bas2.txt --> arctic.cps.msu.edu /user/cd/cps291/doit/media/bas bas2.txt
97.12.09 10:07 B C:\doit\media\bas\bas3.ra --> arctic.cps.msu.edu /user/cd/cps291/doit/media/bas bas3.ra
97.12.09 10:07 B C:\doit\media\bas\bas3.rm --> arctic.cps.msu.edu /user/cd/cps291/doit/media/bas bas3.rm
97.12.09 10:07 B C:\doit\media\bas\bas3.txt --> arctic.cps.msu.edu /user/cd/cps291/doit/media/bas bas3.txt
97.12.09 10:08 B C:\doit\media\bas\bas4.ra --> arctic.cps.msu.edu /user/cd/cps291/doit/media/bas bas4.ra
97.12.09 10:08 B C:\doit\media\bas\bas4.rm --> arctic.cps.msu.edu /user/cd/cps291/doit/media/bas bas4.rm
97.12.09 10:08 B C:\doit\media\bas\bas4.txt --> arctic.cps.msu.edu /user/cd/cps291/doit/media/bas bas4.txt
97.12.09 10:08 B C:\doit\media\bas\WS_FTP.LOG --> arctic.cps.msu.edu /user/cd/cps291/doit/media/bas WS_FTP.LOG
97.12.10 02:55 B C:\doit\media\bas\bas1.ra --> arctic.cps.msu.edu /user/cd/cps291/src/doit/media/bas bas1.ra
97.12.10 02:55 B C:\doit\media\bas\bas1.rm --> arctic.cps.msu.edu /user/cd/cps291/src/doit/media/bas bas1.rm
97.12.10 02:55 B C:\doit\media\bas\bas1.txt --> arctic.cps.msu.edu /user/cd/cps291/src/doit/media/bas bas1.txt
97.12.10 02:55 B C:\doit\media\bas\bas2.ra --> arctic.cps.msu.edu /user/cd/cps291/src/doit/media/bas bas2.ra
97.12.10 02:56 B C:\doit\media\bas\bas2.rm --> arctic.cps.msu.edu /user/cd/cps291/src/doit/media/bas bas2.rm
97.12.10 02:56 B C:\doit\media\bas\bas2.txt --> arctic.cps.msu.edu /user/cd/cps291/src/doit/media/bas bas2.txt
97.12.10 02:56 B C:\doit\media\bas\bas3.ra --> arctic.cps.msu.edu /user/cd/cps291/src/doit/media/bas bas3.ra
97.12.10 02:56 B C:\doit\media\bas\bas3.rm --> arctic.cps.msu.edu /user/cd/cps291/src/doit/media/bas bas3.rm
97.12.10 02:56 B C:\doit\media\bas\bas3.txt --> arctic.cps.msu.edu /user/cd/cps291/src/doit/media/bas bas3.txt
97.12.10 02:56 B C:\doit\media\bas\bas4.ra --> arctic.cps.msu.edu /user/cd/cps291/src/doit/media/bas bas4.ra
97.12.10 02:56 B C:\doit\media\bas\bas4.rm --> arctic.cps.msu.edu /user/cd/cps291/src/doit/media/bas bas4.rm
97.12.10 02:56 B C:\doit\media\bas\bas4.txt --> arctic.cps.msu.edu /user/cd/cps291/src/doit/media/bas bas4.txt
97.12.10 02:56 B C:\doit\media\bas\WS_FTP.LOG --> arctic.cps.msu.edu /user/cd/cps291/src/doit/media/bas WS_FTP.LOG
98.02.02 09:55 B D:\syncomat\media\bas\bas1.ra --> arctic.cps.msu.edu /user/cd/cps291/syncomat/media/bas bas1.ra
98.02.02 09:55 B D:\syncomat\media\bas\bas1.rm --> arctic.cps.msu.edu /user/cd/cps291/syncomat/media/bas bas1.rm
98.02.02 09:55 B D:\syncomat\media\bas\bas1.txt --> arctic.cps.msu.edu /user/cd/cps291/syncomat/media/bas bas1.txt
98.02.02 09:56 B D:\syncomat\media\bas\bas2.ra --> arctic.cps.msu.edu /user/cd/cps291/syncomat/media/bas bas2.ra
98.02.02 09:57 B D:\syncomat\media\bas\bas2.rm --> arctic.cps.msu.edu /user/cd/cps291/syncomat/media/bas bas2.rm
98.02.02 09:57 B D:\syncomat\media\bas\bas2.txt --> arctic.cps.msu.edu /user/cd/cps291/syncomat/media/bas bas2.txt
98.02.02 09:57 B D:\syncomat\media\bas\bas3.ra --> arctic.cps.msu.edu /user/cd/cps291/syncomat/media/bas bas3.ra
98.02.02 09:58 B D:\syncomat\media\bas\bas3.rm --> arctic.cps.msu.edu /user/cd/cps291/syncomat/media/bas bas3.rm
98.02.02 09:58 B D:\syncomat\media\bas\bas3.txt --> arctic.cps.msu.edu /user/cd/cps291/syncomat/media/bas bas3.txt
98.02.02 09:59 B D:\syncomat\media\bas\bas4.ra --> arctic.cps.msu.edu /user/cd/cps291/syncomat/media/bas bas4.ra
98.02.02 09:59 B D:\syncomat\media\bas\bas4.rm --> arctic.cps.msu.edu /user/cd/cps291/syncomat/media/bas bas4.rm
98.02.02 09:59 B D:\syncomat\media\bas\bas4.txt --> arctic.cps.msu.edu /user/cd/cps291/syncomat/media/bas bas4.txt
98.02.02 09:59 B D:\syncomat\media\bas\WS_FTP.LOG --> arctic.cps.msu.edu /user/cd/cps291/syncomat/media/bas WS_FTP.LOG
