98.03.12 22:32 B D:\cdrom\multi\local\anet.htm <-- www.vu.msu.edu /afs/msu/course/vu/egr124/cdrom/multi/local anet.htm
98.03.12 22:32 B D:\cdrom\multi\local\anet.ram <-- www.vu.msu.edu /afs/msu/course/vu/egr124/cdrom/multi/local anet.ram
98.03.12 22:32 B D:\cdrom\multi\local\aneta.htm <-- www.vu.msu.edu /afs/msu/course/vu/egr124/cdrom/multi/local aneta.htm
98.03.12 22:32 B D:\cdrom\multi\local\aneta.ram <-- www.vu.msu.edu /afs/msu/course/vu/egr124/cdrom/multi/local aneta.ram
98.03.12 22:32 B D:\cdrom\multi\local\bern.htm <-- www.vu.msu.edu /afs/msu/course/vu/egr124/cdrom/multi/local bern.htm
98.03.12 22:32 B D:\cdrom\multi\local\bern.ram <-- www.vu.msu.edu /afs/msu/course/vu/egr124/cdrom/multi/local bern.ram
98.03.12 22:32 B D:\cdrom\multi\local\berna.htm <-- www.vu.msu.edu /afs/msu/course/vu/egr124/cdrom/multi/local berna.htm
98.03.12 22:32 B D:\cdrom\multi\local\berna.ram <-- www.vu.msu.edu /afs/msu/course/vu/egr124/cdrom/multi/local berna.ram
98.03.12 22:32 B D:\cdrom\multi\local\davis.htm <-- www.vu.msu.edu /afs/msu/course/vu/egr124/cdrom/multi/local davis.htm
98.03.12 22:32 B D:\cdrom\multi\local\davis.ram <-- www.vu.msu.edu /afs/msu/course/vu/egr124/cdrom/multi/local davis.ram
98.03.12 22:32 B D:\cdrom\multi\local\davisa.htm <-- www.vu.msu.edu /afs/msu/course/vu/egr124/cdrom/multi/local davisa.htm
98.03.12 22:32 B D:\cdrom\multi\local\davisa.ram <-- www.vu.msu.edu /afs/msu/course/vu/egr124/cdrom/multi/local davisa.ram
98.03.12 22:32 B D:\cdrom\multi\local\farley.htm <-- www.vu.msu.edu /afs/msu/course/vu/egr124/cdrom/multi/local farley.htm
98.03.12 22:32 B D:\cdrom\multi\local\farley.ram <-- www.vu.msu.edu /afs/msu/course/vu/egr124/cdrom/multi/local farley.ram
98.03.12 22:32 B D:\cdrom\multi\local\farleya.htm <-- www.vu.msu.edu /afs/msu/course/vu/egr124/cdrom/multi/local farleya.htm
98.03.12 22:32 B D:\cdrom\multi\local\farleya.ram <-- www.vu.msu.edu /afs/msu/course/vu/egr124/cdrom/multi/local farleya.ram
98.03.12 22:32 B D:\cdrom\multi\local\hughes.htm <-- www.vu.msu.edu /afs/msu/course/vu/egr124/cdrom/multi/local hughes.htm
98.03.12 22:32 B D:\cdrom\multi\local\hughes.ram <-- www.vu.msu.edu /afs/msu/course/vu/egr124/cdrom/multi/local hughes.ram
98.03.12 22:32 B D:\cdrom\multi\local\hughesa.htm <-- www.vu.msu.edu /afs/msu/course/vu/egr124/cdrom/multi/local hughesa.htm
98.03.12 22:32 B D:\cdrom\multi\local\hughesa.ram <-- www.vu.msu.edu /afs/msu/course/vu/egr124/cdrom/multi/local hughesa.ram
98.03.12 22:32 B D:\cdrom\multi\local\index.htm <-- www.vu.msu.edu /afs/msu/course/vu/egr124/cdrom/multi/local index.htm
98.03.12 22:32 B D:\cdrom\multi\local\isaak.htm <-- www.vu.msu.edu /afs/msu/course/vu/egr124/cdrom/multi/local isaak.htm
98.03.12 22:32 B D:\cdrom\multi\local\isaak.ram <-- www.vu.msu.edu /afs/msu/course/vu/egr124/cdrom/multi/local isaak.ram
98.03.12 22:32 B D:\cdrom\multi\local\isaaka.htm <-- www.vu.msu.edu /afs/msu/course/vu/egr124/cdrom/multi/local isaaka.htm
98.03.12 22:32 B D:\cdrom\multi\local\isaaka.ram <-- www.vu.msu.edu /afs/msu/course/vu/egr124/cdrom/multi/local isaaka.ram
98.03.12 22:32 B D:\cdrom\multi\local\jenes.htm <-- www.vu.msu.edu /afs/msu/course/vu/egr124/cdrom/multi/local jenes.htm
98.03.12 22:32 B D:\cdrom\multi\local\jenes.ram <-- www.vu.msu.edu /afs/msu/course/vu/egr124/cdrom/multi/local jenes.ram
98.03.12 22:32 B D:\cdrom\multi\local\jenesa.htm <-- www.vu.msu.edu /afs/msu/course/vu/egr124/cdrom/multi/local jenesa.htm
98.03.12 22:32 B D:\cdrom\multi\local\jenesa.ram <-- www.vu.msu.edu /afs/msu/course/vu/egr124/cdrom/multi/local jenesa.ram
98.03.12 22:32 B D:\cdrom\multi\local\lebow.htm <-- www.vu.msu.edu /afs/msu/course/vu/egr124/cdrom/multi/local lebow.htm
98.03.12 22:32 B D:\cdrom\multi\local\lebow.ram <-- www.vu.msu.edu /afs/msu/course/vu/egr124/cdrom/multi/local lebow.ram
98.03.12 22:32 B D:\cdrom\multi\local\lebowa.htm <-- www.vu.msu.edu /afs/msu/course/vu/egr124/cdrom/multi/local lebowa.htm
98.03.12 22:32 B D:\cdrom\multi\local\lebowa.ram <-- www.vu.msu.edu /afs/msu/course/vu/egr124/cdrom/multi/local lebowa.ram
98.03.12 22:32 B D:\cdrom\multi\local\lindow.htm <-- www.vu.msu.edu /afs/msu/course/vu/egr124/cdrom/multi/local lindow.htm
98.03.12 22:32 B D:\cdrom\multi\local\lindow.ram <-- www.vu.msu.edu /afs/msu/course/vu/egr124/cdrom/multi/local lindow.ram
98.03.12 22:32 B D:\cdrom\multi\local\lindowa.htm <-- www.vu.msu.edu /afs/msu/course/vu/egr124/cdrom/multi/local lindowa.htm
98.03.12 22:32 B D:\cdrom\multi\local\lindowa.ram <-- www.vu.msu.edu /afs/msu/course/vu/egr124/cdrom/multi/local lindowa.ram
98.03.12 22:32 B D:\cdrom\multi\local\nando.htm <-- www.vu.msu.edu /afs/msu/course/vu/egr124/cdrom/multi/local nando.htm
98.03.12 22:32 B D:\cdrom\multi\local\nando.ram <-- www.vu.msu.edu /afs/msu/course/vu/egr124/cdrom/multi/local nando.ram
98.03.12 22:32 B D:\cdrom\multi\local\nandoa.htm <-- www.vu.msu.edu /afs/msu/course/vu/egr124/cdrom/multi/local nandoa.htm
98.03.12 22:32 B D:\cdrom\multi\local\nandoa.ram <-- www.vu.msu.edu /afs/msu/course/vu/egr124/cdrom/multi/local nandoa.ram
98.03.12 22:32 B D:\cdrom\multi\local\sher.htm <-- www.vu.msu.edu /afs/msu/course/vu/egr124/cdrom/multi/local sher.htm
98.03.12 22:32 B D:\cdrom\multi\local\sher.ram <-- www.vu.msu.edu /afs/msu/course/vu/egr124/cdrom/multi/local sher.ram
98.03.12 22:32 B D:\cdrom\multi\local\shera.htm <-- www.vu.msu.edu /afs/msu/course/vu/egr124/cdrom/multi/local shera.htm
98.03.12 22:32 B D:\cdrom\multi\local\shera.ram <-- www.vu.msu.edu /afs/msu/course/vu/egr124/cdrom/multi/local shera.ram
98.03.12 22:32 B D:\cdrom\multi\local\skel.htm <-- www.vu.msu.edu /afs/msu/course/vu/egr124/cdrom/multi/local skel.htm
98.03.12 22:32 B D:\cdrom\multi\local\skela.htm <-- www.vu.msu.edu /afs/msu/course/vu/egr124/cdrom/multi/local skela.htm
98.03.12 22:32 B D:\cdrom\multi\local\smarr28.htm <-- www.vu.msu.edu /afs/msu/course/vu/egr124/cdrom/multi/local smarr28.htm
98.03.12 22:32 B D:\cdrom\multi\local\smarr28.ram <-- www.vu.msu.edu /afs/msu/course/vu/egr124/cdrom/multi/local smarr28.ram
98.03.12 22:32 B D:\cdrom\multi\local\smarr56.htm <-- www.vu.msu.edu /afs/msu/course/vu/egr124/cdrom/multi/local smarr56.htm
98.03.12 22:32 B D:\cdrom\multi\local\smarr56.ram <-- www.vu.msu.edu /afs/msu/course/vu/egr124/cdrom/multi/local smarr56.ram
98.03.12 22:32 B D:\cdrom\multi\local\stand.htm <-- www.vu.msu.edu /afs/msu/course/vu/egr124/cdrom/multi/local stand.htm
98.03.12 22:32 B D:\cdrom\multi\local\stand.ram <-- www.vu.msu.edu /afs/msu/course/vu/egr124/cdrom/multi/local stand.ram
98.03.12 22:32 B D:\cdrom\multi\local\standa.htm <-- www.vu.msu.edu /afs/msu/course/vu/egr124/cdrom/multi/local standa.htm
98.03.12 22:32 B D:\cdrom\multi\local\standa.ram <-- www.vu.msu.edu /afs/msu/course/vu/egr124/cdrom/multi/local standa.ram
98.03.12 22:32 B D:\cdrom\multi\local\stoug.htm <-- www.vu.msu.edu /afs/msu/course/vu/egr124/cdrom/multi/local stoug.htm
98.03.12 22:32 B D:\cdrom\multi\local\stoug.ram <-- www.vu.msu.edu /afs/msu/course/vu/egr124/cdrom/multi/local stoug.ram
98.03.12 22:32 B D:\cdrom\multi\local\stouga.htm <-- www.vu.msu.edu /afs/msu/course/vu/egr124/cdrom/multi/local stouga.htm
98.03.12 22:32 B D:\cdrom\multi\local\stouga.ram <-- www.vu.msu.edu /afs/msu/course/vu/egr124/cdrom/multi/local stouga.ram
98.03.12 22:32 B D:\cdrom\multi\local\worlds.htm <-- www.vu.msu.edu /afs/msu/course/vu/egr124/cdrom/multi/local worlds.htm
98.03.12 22:32 B D:\cdrom\multi\local\worlds.ram <-- www.vu.msu.edu /afs/msu/course/vu/egr124/cdrom/multi/local worlds.ram
98.03.12 22:32 B D:\cdrom\multi\local\worldsa.htm <-- www.vu.msu.edu /afs/msu/course/vu/egr124/cdrom/multi/local worldsa.htm
98.03.12 22:32 B D:\cdrom\multi\local\worldsa.ram <-- www.vu.msu.edu /afs/msu/course/vu/egr124/cdrom/multi/local worldsa.ram
98.03.13 09:36 B D:\cdrom\multi\local\anet.htm --> cps.msu.edu /user/cd/cps291/multi/local anet.htm
98.03.13 09:36 B D:\cdrom\multi\local\anet.ram --> cps.msu.edu /user/cd/cps291/multi/local anet.ram
98.03.13 09:36 B D:\cdrom\multi\local\aneta.htm --> cps.msu.edu /user/cd/cps291/multi/local aneta.htm
98.03.13 09:36 B D:\cdrom\multi\local\aneta.ram --> cps.msu.edu /user/cd/cps291/multi/local aneta.ram
98.03.13 09:36 B D:\cdrom\multi\local\bern.htm --> cps.msu.edu /user/cd/cps291/multi/local bern.htm
98.03.13 09:36 B D:\cdrom\multi\local\bern.ram --> cps.msu.edu /user/cd/cps291/multi/local bern.ram
98.03.13 09:36 B D:\cdrom\multi\local\berna.htm --> cps.msu.edu /user/cd/cps291/multi/local berna.htm
98.03.13 09:36 B D:\cdrom\multi\local\berna.ram --> cps.msu.edu /user/cd/cps291/multi/local berna.ram
98.03.13 09:36 B D:\cdrom\multi\local\davis.htm --> cps.msu.edu /user/cd/cps291/multi/local davis.htm
98.03.13 09:36 B D:\cdrom\multi\local\davis.ram --> cps.msu.edu /user/cd/cps291/multi/local davis.ram
98.03.13 09:36 B D:\cdrom\multi\local\davisa.htm --> cps.msu.edu /user/cd/cps291/multi/local davisa.htm
98.03.13 09:36 B D:\cdrom\multi\local\davisa.ram --> cps.msu.edu /user/cd/cps291/multi/local davisa.ram
98.03.13 09:36 B D:\cdrom\multi\local\farley.htm --> cps.msu.edu /user/cd/cps291/multi/local farley.htm
98.03.13 09:36 B D:\cdrom\multi\local\farley.ram --> cps.msu.edu /user/cd/cps291/multi/local farley.ram
98.03.13 09:36 B D:\cdrom\multi\local\farleya.htm --> cps.msu.edu /user/cd/cps291/multi/local farleya.htm
98.03.13 09:36 B D:\cdrom\multi\local\farleya.ram --> cps.msu.edu /user/cd/cps291/multi/local farleya.ram
98.03.13 09:36 B D:\cdrom\multi\local\hughes.htm --> cps.msu.edu /user/cd/cps291/multi/local hughes.htm
98.03.13 09:36 B D:\cdrom\multi\local\hughes.ram --> cps.msu.edu /user/cd/cps291/multi/local hughes.ram
98.03.13 09:36 B D:\cdrom\multi\local\hughesa.htm --> cps.msu.edu /user/cd/cps291/multi/local hughesa.htm
98.03.13 09:36 B D:\cdrom\multi\local\hughesa.ram --> cps.msu.edu /user/cd/cps291/multi/local hughesa.ram
98.03.13 09:36 B D:\cdrom\multi\local\isaak.htm --> cps.msu.edu /user/cd/cps291/multi/local isaak.htm
98.03.13 09:36 B D:\cdrom\multi\local\isaak.ram --> cps.msu.edu /user/cd/cps291/multi/local isaak.ram
98.03.13 09:36 B D:\cdrom\multi\local\isaaka.htm --> cps.msu.edu /user/cd/cps291/multi/local isaaka.htm
98.03.13 09:36 B D:\cdrom\multi\local\isaaka.ram --> cps.msu.edu /user/cd/cps291/multi/local isaaka.ram
98.03.13 09:36 B D:\cdrom\multi\local\jenes.htm --> cps.msu.edu /user/cd/cps291/multi/local jenes.htm
98.03.13 09:36 B D:\cdrom\multi\local\jenes.ram --> cps.msu.edu /user/cd/cps291/multi/local jenes.ram
98.03.13 09:36 B D:\cdrom\multi\local\jenesa.htm --> cps.msu.edu /user/cd/cps291/multi/local jenesa.htm
98.03.13 09:36 B D:\cdrom\multi\local\jenesa.ram --> cps.msu.edu /user/cd/cps291/multi/local jenesa.ram
98.03.13 09:36 B D:\cdrom\multi\local\lebow.htm --> cps.msu.edu /user/cd/cps291/multi/local lebow.htm
98.03.13 09:36 B D:\cdrom\multi\local\lebow.ram --> cps.msu.edu /user/cd/cps291/multi/local lebow.ram
98.03.13 09:36 B D:\cdrom\multi\local\lebowa.htm --> cps.msu.edu /user/cd/cps291/multi/local lebowa.htm
98.03.13 09:36 B D:\cdrom\multi\local\lebowa.ram --> cps.msu.edu /user/cd/cps291/multi/local lebowa.ram
98.03.13 09:36 B D:\cdrom\multi\local\lindow.htm --> cps.msu.edu /user/cd/cps291/multi/local lindow.htm
98.03.13 09:36 B D:\cdrom\multi\local\lindow.ram --> cps.msu.edu /user/cd/cps291/multi/local lindow.ram
98.03.13 09:36 B D:\cdrom\multi\local\lindowa.htm --> cps.msu.edu /user/cd/cps291/multi/local lindowa.htm
98.03.13 09:36 B D:\cdrom\multi\local\lindowa.ram --> cps.msu.edu /user/cd/cps291/multi/local lindowa.ram
98.03.13 09:36 B D:\cdrom\multi\local\nando.htm --> cps.msu.edu /user/cd/cps291/multi/local nando.htm
98.03.13 09:36 B D:\cdrom\multi\local\nando.ram --> cps.msu.edu /user/cd/cps291/multi/local nando.ram
98.03.13 09:36 B D:\cdrom\multi\local\nandoa.htm --> cps.msu.edu /user/cd/cps291/multi/local nandoa.htm
98.03.13 09:36 B D:\cdrom\multi\local\nandoa.ram --> cps.msu.edu /user/cd/cps291/multi/local nandoa.ram
98.03.13 09:36 B D:\cdrom\multi\local\sher.htm --> cps.msu.edu /user/cd/cps291/multi/local sher.htm
98.03.13 09:36 B D:\cdrom\multi\local\sher.ram --> cps.msu.edu /user/cd/cps291/multi/local sher.ram
98.03.13 09:36 B D:\cdrom\multi\local\shera.htm --> cps.msu.edu /user/cd/cps291/multi/local shera.htm
98.03.13 09:36 B D:\cdrom\multi\local\shera.ram --> cps.msu.edu /user/cd/cps291/multi/local shera.ram
98.03.13 09:36 B D:\cdrom\multi\local\skel.htm --> cps.msu.edu /user/cd/cps291/multi/local skel.htm
98.03.13 09:36 B D:\cdrom\multi\local\skela.htm --> cps.msu.edu /user/cd/cps291/multi/local skela.htm
98.03.13 09:36 B D:\cdrom\multi\local\smarr28.htm --> cps.msu.edu /user/cd/cps291/multi/local smarr28.htm
98.03.13 09:36 B D:\cdrom\multi\local\smarr28.ram --> cps.msu.edu /user/cd/cps291/multi/local smarr28.ram
98.03.13 09:36 B D:\cdrom\multi\local\smarr56.htm --> cps.msu.edu /user/cd/cps291/multi/local smarr56.htm
98.03.13 09:36 B D:\cdrom\multi\local\smarr56.ram --> cps.msu.edu /user/cd/cps291/multi/local smarr56.ram
98.03.13 09:36 B D:\cdrom\multi\local\stand.htm --> cps.msu.edu /user/cd/cps291/multi/local stand.htm
98.03.13 09:36 B D:\cdrom\multi\local\stand.ram --> cps.msu.edu /user/cd/cps291/multi/local stand.ram
98.03.13 09:36 B D:\cdrom\multi\local\standa.htm --> cps.msu.edu /user/cd/cps291/multi/local standa.htm
98.03.13 09:36 B D:\cdrom\multi\local\standa.ram --> cps.msu.edu /user/cd/cps291/multi/local standa.ram
98.03.13 09:36 B D:\cdrom\multi\local\stoug.htm --> cps.msu.edu /user/cd/cps291/multi/local stoug.htm
98.03.13 09:36 B D:\cdrom\multi\local\stoug.ram --> cps.msu.edu /user/cd/cps291/multi/local stoug.ram
98.03.13 09:36 B D:\cdrom\multi\local\stouga.htm --> cps.msu.edu /user/cd/cps291/multi/local stouga.htm
98.03.13 09:36 B D:\cdrom\multi\local\stouga.ram --> cps.msu.edu /user/cd/cps291/multi/local stouga.ram
98.03.13 09:36 B D:\cdrom\multi\local\worlds.htm --> cps.msu.edu /user/cd/cps291/multi/local worlds.htm
98.03.13 09:36 B D:\cdrom\multi\local\worlds.ram --> cps.msu.edu /user/cd/cps291/multi/local worlds.ram
98.03.13 09:36 B D:\cdrom\multi\local\worldsa.htm --> cps.msu.edu /user/cd/cps291/multi/local worldsa.htm
98.03.13 09:36 B D:\cdrom\multi\local\worldsa.ram --> cps.msu.edu /user/cd/cps291/multi/local worldsa.ram
98.03.13 09:36 B D:\cdrom\multi\local\WS_FTP.LOG --> cps.msu.edu /user/cd/cps291/multi/local WS_FTP.LOG
