97.12.10 03:07 B C:\doit\slides\bnet\ielogo.gif --> arctic.cps.msu.edu /user/cd/cps291/src/doit/slides/bnet ielogo.gif
97.12.10 03:07 B C:\doit\slides\bnet\img001.GIF --> arctic.cps.msu.edu /user/cd/cps291/src/doit/slides/bnet img001.GIF
97.12.10 03:07 B C:\doit\slides\bnet\img002.GIF --> arctic.cps.msu.edu /user/cd/cps291/src/doit/slides/bnet img002.GIF
97.12.10 03:07 B C:\doit\slides\bnet\img003.GIF --> arctic.cps.msu.edu /user/cd/cps291/src/doit/slides/bnet img003.GIF
97.12.10 03:07 B C:\doit\slides\bnet\img004.GIF --> arctic.cps.msu.edu /user/cd/cps291/src/doit/slides/bnet img004.GIF
97.12.10 03:07 B C:\doit\slides\bnet\img005.GIF --> arctic.cps.msu.edu /user/cd/cps291/src/doit/slides/bnet img005.GIF
97.12.10 03:07 B C:\doit\slides\bnet\img006.GIF --> arctic.cps.msu.edu /user/cd/cps291/src/doit/slides/bnet img006.GIF
97.12.10 03:07 B C:\doit\slides\bnet\img007.GIF --> arctic.cps.msu.edu /user/cd/cps291/src/doit/slides/bnet img007.GIF
97.12.10 03:07 B C:\doit\slides\bnet\img008.GIF --> arctic.cps.msu.edu /user/cd/cps291/src/doit/slides/bnet img008.GIF
97.12.10 03:07 B C:\doit\slides\bnet\img009.GIF --> arctic.cps.msu.edu /user/cd/cps291/src/doit/slides/bnet img009.GIF
97.12.10 03:07 B C:\doit\slides\bnet\img010.GIF --> arctic.cps.msu.edu /user/cd/cps291/src/doit/slides/bnet img010.GIF
97.12.10 03:07 B C:\doit\slides\bnet\img011.GIF --> arctic.cps.msu.edu /user/cd/cps291/src/doit/slides/bnet img011.GIF
97.12.10 03:07 B C:\doit\slides\bnet\img012.GIF --> arctic.cps.msu.edu /user/cd/cps291/src/doit/slides/bnet img012.GIF
97.12.10 03:07 B C:\doit\slides\bnet\img013.GIF --> arctic.cps.msu.edu /user/cd/cps291/src/doit/slides/bnet img013.GIF
97.12.10 03:07 B C:\doit\slides\bnet\img014.GIF --> arctic.cps.msu.edu /user/cd/cps291/src/doit/slides/bnet img014.GIF
97.12.10 03:07 B C:\doit\slides\bnet\img015.GIF --> arctic.cps.msu.edu /user/cd/cps291/src/doit/slides/bnet img015.GIF
97.12.10 03:07 B C:\doit\slides\bnet\img016.GIF --> arctic.cps.msu.edu /user/cd/cps291/src/doit/slides/bnet img016.GIF
97.12.10 03:07 B C:\doit\slides\bnet\img017.GIF --> arctic.cps.msu.edu /user/cd/cps291/src/doit/slides/bnet img017.GIF
97.12.10 03:07 B C:\doit\slides\bnet\img018.GIF --> arctic.cps.msu.edu /user/cd/cps291/src/doit/slides/bnet img018.GIF
97.12.10 03:07 B C:\doit\slides\bnet\img019.GIF --> arctic.cps.msu.edu /user/cd/cps291/src/doit/slides/bnet img019.GIF
97.12.10 03:07 B C:\doit\slides\bnet\img020.GIF --> arctic.cps.msu.edu /user/cd/cps291/src/doit/slides/bnet img020.GIF
97.12.10 03:07 B C:\doit\slides\bnet\img021.GIF --> arctic.cps.msu.edu /user/cd/cps291/src/doit/slides/bnet img021.GIF
97.12.10 03:07 B C:\doit\slides\bnet\img022.GIF --> arctic.cps.msu.edu /user/cd/cps291/src/doit/slides/bnet img022.GIF
97.12.10 03:07 B C:\doit\slides\bnet\img023.GIF --> arctic.cps.msu.edu /user/cd/cps291/src/doit/slides/bnet img023.GIF
97.12.10 03:07 B C:\doit\slides\bnet\img024.GIF --> arctic.cps.msu.edu /user/cd/cps291/src/doit/slides/bnet img024.GIF
97.12.10 03:07 B C:\doit\slides\bnet\img025.GIF --> arctic.cps.msu.edu /user/cd/cps291/src/doit/slides/bnet img025.GIF
97.12.10 03:07 B C:\doit\slides\bnet\img026.GIF --> arctic.cps.msu.edu /user/cd/cps291/src/doit/slides/bnet img026.GIF
97.12.10 03:07 B C:\doit\slides\bnet\img027.GIF --> arctic.cps.msu.edu /user/cd/cps291/src/doit/slides/bnet img027.GIF
97.12.10 03:07 B C:\doit\slides\bnet\img028.GIF --> arctic.cps.msu.edu /user/cd/cps291/src/doit/slides/bnet img028.GIF
97.12.10 03:07 B C:\doit\slides\bnet\img029.GIF --> arctic.cps.msu.edu /user/cd/cps291/src/doit/slides/bnet img029.GIF
97.12.10 03:07 B C:\doit\slides\bnet\img030.GIF --> arctic.cps.msu.edu /user/cd/cps291/src/doit/slides/bnet img030.GIF
97.12.10 03:08 B C:\doit\slides\bnet\img031.GIF --> arctic.cps.msu.edu /user/cd/cps291/src/doit/slides/bnet img031.GIF
97.12.10 03:08 B C:\doit\slides\bnet\img032.GIF --> arctic.cps.msu.edu /user/cd/cps291/src/doit/slides/bnet img032.GIF
97.12.10 03:08 B C:\doit\slides\bnet\img033.GIF --> arctic.cps.msu.edu /user/cd/cps291/src/doit/slides/bnet img033.GIF
97.12.10 03:08 B C:\doit\slides\bnet\img034.GIF --> arctic.cps.msu.edu /user/cd/cps291/src/doit/slides/bnet img034.GIF
97.12.10 03:08 B C:\doit\slides\bnet\img035.GIF --> arctic.cps.msu.edu /user/cd/cps291/src/doit/slides/bnet img035.GIF
97.12.10 03:08 B C:\doit\slides\bnet\img036.GIF --> arctic.cps.msu.edu /user/cd/cps291/src/doit/slides/bnet img036.GIF
97.12.10 03:08 B C:\doit\slides\bnet\img037.GIF --> arctic.cps.msu.edu /user/cd/cps291/src/doit/slides/bnet img037.GIF
97.12.10 03:08 B C:\doit\slides\bnet\img038.GIF --> arctic.cps.msu.edu /user/cd/cps291/src/doit/slides/bnet img038.GIF
97.12.10 03:08 B C:\doit\slides\bnet\img039.GIF --> arctic.cps.msu.edu /user/cd/cps291/src/doit/slides/bnet img039.GIF
97.12.10 03:08 B C:\doit\slides\bnet\img040.GIF --> arctic.cps.msu.edu /user/cd/cps291/src/doit/slides/bnet img040.GIF
97.12.10 03:08 B C:\doit\slides\bnet\index.htm --> arctic.cps.msu.edu /user/cd/cps291/src/doit/slides/bnet index.htm
97.12.10 03:08 B C:\doit\slides\bnet\pptani.gif --> arctic.cps.msu.edu /user/cd/cps291/src/doit/slides/bnet pptani.gif
97.12.10 03:08 B C:\doit\slides\bnet\sld001.htm --> arctic.cps.msu.edu /user/cd/cps291/src/doit/slides/bnet sld001.htm
97.12.10 03:08 B C:\doit\slides\bnet\sld002.htm --> arctic.cps.msu.edu /user/cd/cps291/src/doit/slides/bnet sld002.htm
97.12.10 03:08 B C:\doit\slides\bnet\sld003.htm --> arctic.cps.msu.edu /user/cd/cps291/src/doit/slides/bnet sld003.htm
97.12.10 03:08 B C:\doit\slides\bnet\sld004.htm --> arctic.cps.msu.edu /user/cd/cps291/src/doit/slides/bnet sld004.htm
97.12.10 03:08 B C:\doit\slides\bnet\sld005.htm --> arctic.cps.msu.edu /user/cd/cps291/src/doit/slides/bnet sld005.htm
97.12.10 03:08 B C:\doit\slides\bnet\sld006.htm --> arctic.cps.msu.edu /user/cd/cps291/src/doit/slides/bnet sld006.htm
97.12.10 03:08 B C:\doit\slides\bnet\sld007.htm --> arctic.cps.msu.edu /user/cd/cps291/src/doit/slides/bnet sld007.htm
97.12.10 03:08 B C:\doit\slides\bnet\sld008.htm --> arctic.cps.msu.edu /user/cd/cps291/src/doit/slides/bnet sld008.htm
97.12.10 03:08 B C:\doit\slides\bnet\sld009.htm --> arctic.cps.msu.edu /user/cd/cps291/src/doit/slides/bnet sld009.htm
97.12.10 03:08 B C:\doit\slides\bnet\sld010.htm --> arctic.cps.msu.edu /user/cd/cps291/src/doit/slides/bnet sld010.htm
97.12.10 03:08 B C:\doit\slides\bnet\sld011.htm --> arctic.cps.msu.edu /user/cd/cps291/src/doit/slides/bnet sld011.htm
97.12.10 03:08 B C:\doit\slides\bnet\sld012.htm --> arctic.cps.msu.edu /user/cd/cps291/src/doit/slides/bnet sld012.htm
97.12.10 03:08 B C:\doit\slides\bnet\sld013.htm --> arctic.cps.msu.edu /user/cd/cps291/src/doit/slides/bnet sld013.htm
97.12.10 03:08 B C:\doit\slides\bnet\sld014.htm --> arctic.cps.msu.edu /user/cd/cps291/src/doit/slides/bnet sld014.htm
97.12.10 03:08 B C:\doit\slides\bnet\sld015.htm --> arctic.cps.msu.edu /user/cd/cps291/src/doit/slides/bnet sld015.htm
97.12.10 03:08 B C:\doit\slides\bnet\sld016.htm --> arctic.cps.msu.edu /user/cd/cps291/src/doit/slides/bnet sld016.htm
97.12.10 03:08 B C:\doit\slides\bnet\sld017.htm --> arctic.cps.msu.edu /user/cd/cps291/src/doit/slides/bnet sld017.htm
97.12.10 03:08 B C:\doit\slides\bnet\sld018.htm --> arctic.cps.msu.edu /user/cd/cps291/src/doit/slides/bnet sld018.htm
97.12.10 03:08 B C:\doit\slides\bnet\sld019.htm --> arctic.cps.msu.edu /user/cd/cps291/src/doit/slides/bnet sld019.htm
97.12.10 03:08 B C:\doit\slides\bnet\sld020.htm --> arctic.cps.msu.edu /user/cd/cps291/src/doit/slides/bnet sld020.htm
97.12.10 03:08 B C:\doit\slides\bnet\sld021.htm --> arctic.cps.msu.edu /user/cd/cps291/src/doit/slides/bnet sld021.htm
97.12.10 03:08 B C:\doit\slides\bnet\sld022.htm --> arctic.cps.msu.edu /user/cd/cps291/src/doit/slides/bnet sld022.htm
97.12.10 03:08 B C:\doit\slides\bnet\sld023.htm --> arctic.cps.msu.edu /user/cd/cps291/src/doit/slides/bnet sld023.htm
97.12.10 03:08 B C:\doit\slides\bnet\sld024.htm --> arctic.cps.msu.edu /user/cd/cps291/src/doit/slides/bnet sld024.htm
97.12.10 03:08 B C:\doit\slides\bnet\sld025.htm --> arctic.cps.msu.edu /user/cd/cps291/src/doit/slides/bnet sld025.htm
97.12.10 03:08 B C:\doit\slides\bnet\sld026.htm --> arctic.cps.msu.edu /user/cd/cps291/src/doit/slides/bnet sld026.htm
97.12.10 03:08 B C:\doit\slides\bnet\sld027.htm --> arctic.cps.msu.edu /user/cd/cps291/src/doit/slides/bnet sld027.htm
97.12.10 03:08 B C:\doit\slides\bnet\sld028.htm --> arctic.cps.msu.edu /user/cd/cps291/src/doit/slides/bnet sld028.htm
97.12.10 03:08 B C:\doit\slides\bnet\sld029.htm --> arctic.cps.msu.edu /user/cd/cps291/src/doit/slides/bnet sld029.htm
97.12.10 03:08 B C:\doit\slides\bnet\sld030.htm --> arctic.cps.msu.edu /user/cd/cps291/src/doit/slides/bnet sld030.htm
97.12.10 03:08 B C:\doit\slides\bnet\sld031.htm --> arctic.cps.msu.edu /user/cd/cps291/src/doit/slides/bnet sld031.htm
97.12.10 03:08 B C:\doit\slides\bnet\sld032.htm --> arctic.cps.msu.edu /user/cd/cps291/src/doit/slides/bnet sld032.htm
97.12.10 03:08 B C:\doit\slides\bnet\sld033.htm --> arctic.cps.msu.edu /user/cd/cps291/src/doit/slides/bnet sld033.htm
97.12.10 03:08 B C:\doit\slides\bnet\sld034.htm --> arctic.cps.msu.edu /user/cd/cps291/src/doit/slides/bnet sld034.htm
97.12.10 03:08 B C:\doit\slides\bnet\sld035.htm --> arctic.cps.msu.edu /user/cd/cps291/src/doit/slides/bnet sld035.htm
97.12.10 03:08 B C:\doit\slides\bnet\sld036.htm --> arctic.cps.msu.edu /user/cd/cps291/src/doit/slides/bnet sld036.htm
97.12.10 03:08 B C:\doit\slides\bnet\sld037.htm --> arctic.cps.msu.edu /user/cd/cps291/src/doit/slides/bnet sld037.htm
97.12.10 03:08 B C:\doit\slides\bnet\sld038.htm --> arctic.cps.msu.edu /user/cd/cps291/src/doit/slides/bnet sld038.htm
97.12.10 03:08 B C:\doit\slides\bnet\sld039.htm --> arctic.cps.msu.edu /user/cd/cps291/src/doit/slides/bnet sld039.htm
97.12.10 03:08 B C:\doit\slides\bnet\sld040.htm --> arctic.cps.msu.edu /user/cd/cps291/src/doit/slides/bnet sld040.htm
97.12.10 03:08 B C:\doit\slides\bnet\space.gif --> arctic.cps.msu.edu /user/cd/cps291/src/doit/slides/bnet space.gif
97.12.10 03:08 B C:\doit\slides\bnet\tsld001.htm --> arctic.cps.msu.edu /user/cd/cps291/src/doit/slides/bnet tsld001.htm
97.12.10 03:08 B C:\doit\slides\bnet\tsld002.htm --> arctic.cps.msu.edu /user/cd/cps291/src/doit/slides/bnet tsld002.htm
97.12.10 03:08 B C:\doit\slides\bnet\tsld003.htm --> arctic.cps.msu.edu /user/cd/cps291/src/doit/slides/bnet tsld003.htm
97.12.10 03:08 B C:\doit\slides\bnet\tsld004.htm --> arctic.cps.msu.edu /user/cd/cps291/src/doit/slides/bnet tsld004.htm
97.12.10 03:08 B C:\doit\slides\bnet\tsld005.htm --> arctic.cps.msu.edu /user/cd/cps291/src/doit/slides/bnet tsld005.htm
97.12.10 03:08 B C:\doit\slides\bnet\tsld006.htm --> arctic.cps.msu.edu /user/cd/cps291/src/doit/slides/bnet tsld006.htm
97.12.10 03:08 B C:\doit\slides\bnet\tsld007.htm --> arctic.cps.msu.edu /user/cd/cps291/src/doit/slides/bnet tsld007.htm
97.12.10 03:08 B C:\doit\slides\bnet\tsld008.htm --> arctic.cps.msu.edu /user/cd/cps291/src/doit/slides/bnet tsld008.htm
97.12.10 03:08 B C:\doit\slides\bnet\tsld009.htm --> arctic.cps.msu.edu /user/cd/cps291/src/doit/slides/bnet tsld009.htm
97.12.10 03:08 B C:\doit\slides\bnet\tsld010.htm --> arctic.cps.msu.edu /user/cd/cps291/src/doit/slides/bnet tsld010.htm
97.12.10 03:08 B C:\doit\slides\bnet\tsld011.htm --> arctic.cps.msu.edu /user/cd/cps291/src/doit/slides/bnet tsld011.htm
97.12.10 03:08 B C:\doit\slides\bnet\tsld012.htm --> arctic.cps.msu.edu /user/cd/cps291/src/doit/slides/bnet tsld012.htm
97.12.10 03:08 B C:\doit\slides\bnet\tsld013.htm --> arctic.cps.msu.edu /user/cd/cps291/src/doit/slides/bnet tsld013.htm
97.12.10 03:08 B C:\doit\slides\bnet\tsld014.htm --> arctic.cps.msu.edu /user/cd/cps291/src/doit/slides/bnet tsld014.htm
97.12.10 03:08 B C:\doit\slides\bnet\tsld015.htm --> arctic.cps.msu.edu /user/cd/cps291/src/doit/slides/bnet tsld015.htm
97.12.10 03:08 B C:\doit\slides\bnet\tsld016.htm --> arctic.cps.msu.edu /user/cd/cps291/src/doit/slides/bnet tsld016.htm
97.12.10 03:08 B C:\doit\slides\bnet\tsld017.htm --> arctic.cps.msu.edu /user/cd/cps291/src/doit/slides/bnet tsld017.htm
97.12.10 03:08 B C:\doit\slides\bnet\tsld018.htm --> arctic.cps.msu.edu /user/cd/cps291/src/doit/slides/bnet tsld018.htm
97.12.10 03:08 B C:\doit\slides\bnet\tsld019.htm --> arctic.cps.msu.edu /user/cd/cps291/src/doit/slides/bnet tsld019.htm
97.12.10 03:08 B C:\doit\slides\bnet\tsld020.htm --> arctic.cps.msu.edu /user/cd/cps291/src/doit/slides/bnet tsld020.htm
97.12.10 03:08 B C:\doit\slides\bnet\tsld021.htm --> arctic.cps.msu.edu /user/cd/cps291/src/doit/slides/bnet tsld021.htm
97.12.10 03:08 B C:\doit\slides\bnet\tsld022.htm --> arctic.cps.msu.edu /user/cd/cps291/src/doit/slides/bnet tsld022.htm
97.12.10 03:08 B C:\doit\slides\bnet\tsld023.htm --> arctic.cps.msu.edu /user/cd/cps291/src/doit/slides/bnet tsld023.htm
97.12.10 03:08 B C:\doit\slides\bnet\tsld024.htm --> arctic.cps.msu.edu /user/cd/cps291/src/doit/slides/bnet tsld024.htm
97.12.10 03:08 B C:\doit\slides\bnet\tsld025.htm --> arctic.cps.msu.edu /user/cd/cps291/src/doit/slides/bnet tsld025.htm
97.12.10 03:08 B C:\doit\slides\bnet\tsld026.htm --> arctic.cps.msu.edu /user/cd/cps291/src/doit/slides/bnet tsld026.htm
97.12.10 03:08 B C:\doit\slides\bnet\tsld027.htm --> arctic.cps.msu.edu /user/cd/cps291/src/doit/slides/bnet tsld027.htm
97.12.10 03:08 B C:\doit\slides\bnet\tsld028.htm --> arctic.cps.msu.edu /user/cd/cps291/src/doit/slides/bnet tsld028.htm
97.12.10 03:08 B C:\doit\slides\bnet\tsld029.htm --> arctic.cps.msu.edu /user/cd/cps291/src/doit/slides/bnet tsld029.htm
97.12.10 03:08 B C:\doit\slides\bnet\tsld030.htm --> arctic.cps.msu.edu /user/cd/cps291/src/doit/slides/bnet tsld030.htm
97.12.10 03:08 B C:\doit\slides\bnet\tsld031.htm --> arctic.cps.msu.edu /user/cd/cps291/src/doit/slides/bnet tsld031.htm
97.12.10 03:08 B C:\doit\slides\bnet\tsld032.htm --> arctic.cps.msu.edu /user/cd/cps291/src/doit/slides/bnet tsld032.htm
97.12.10 03:08 B C:\doit\slides\bnet\tsld033.htm --> arctic.cps.msu.edu /user/cd/cps291/src/doit/slides/bnet tsld033.htm
97.12.10 03:08 B C:\doit\slides\bnet\tsld034.htm --> arctic.cps.msu.edu /user/cd/cps291/src/doit/slides/bnet tsld034.htm
97.12.10 03:08 B C:\doit\slides\bnet\tsld035.htm --> arctic.cps.msu.edu /user/cd/cps291/src/doit/slides/bnet tsld035.htm
97.12.10 03:08 B C:\doit\slides\bnet\tsld036.htm --> arctic.cps.msu.edu /user/cd/cps291/src/doit/slides/bnet tsld036.htm
97.12.10 03:08 B C:\doit\slides\bnet\tsld037.htm --> arctic.cps.msu.edu /user/cd/cps291/src/doit/slides/bnet tsld037.htm
97.12.10 03:08 B C:\doit\slides\bnet\tsld038.htm --> arctic.cps.msu.edu /user/cd/cps291/src/doit/slides/bnet tsld038.htm
97.12.10 03:08 B C:\doit\slides\bnet\tsld039.htm --> arctic.cps.msu.edu /user/cd/cps291/src/doit/slides/bnet tsld039.htm
97.12.10 03:08 B C:\doit\slides\bnet\tsld040.htm --> arctic.cps.msu.edu /user/cd/cps291/src/doit/slides/bnet tsld040.htm
98.03.12 22:58 B D:\syncomat\htm_sld\bnet\ielogo.gif --> cps.msu.edu /user/cd/cps291/syncomat/htm_sld/bnet ielogo.gif
98.03.12 22:58 B D:\syncomat\htm_sld\bnet\img001.GIF --> cps.msu.edu /user/cd/cps291/syncomat/htm_sld/bnet img001.GIF
98.03.12 22:58 B D:\syncomat\htm_sld\bnet\img002.GIF --> cps.msu.edu /user/cd/cps291/syncomat/htm_sld/bnet img002.GIF
98.03.12 22:58 B D:\syncomat\htm_sld\bnet\img003.GIF --> cps.msu.edu /user/cd/cps291/syncomat/htm_sld/bnet img003.GIF
98.03.12 22:58 B D:\syncomat\htm_sld\bnet\img004.GIF --> cps.msu.edu /user/cd/cps291/syncomat/htm_sld/bnet img004.GIF
98.03.12 22:58 B D:\syncomat\htm_sld\bnet\img005.GIF --> cps.msu.edu /user/cd/cps291/syncomat/htm_sld/bnet img005.GIF
98.03.12 22:58 B D:\syncomat\htm_sld\bnet\img006.GIF --> cps.msu.edu /user/cd/cps291/syncomat/htm_sld/bnet img006.GIF
98.03.12 22:58 B D:\syncomat\htm_sld\bnet\img007.GIF --> cps.msu.edu /user/cd/cps291/syncomat/htm_sld/bnet img007.GIF
98.03.12 22:58 B D:\syncomat\htm_sld\bnet\img008.GIF --> cps.msu.edu /user/cd/cps291/syncomat/htm_sld/bnet img008.GIF
98.03.12 22:58 B D:\syncomat\htm_sld\bnet\img009.GIF --> cps.msu.edu /user/cd/cps291/syncomat/htm_sld/bnet img009.GIF
98.03.12 22:58 B D:\syncomat\htm_sld\bnet\img010.GIF --> cps.msu.edu /user/cd/cps291/syncomat/htm_sld/bnet img010.GIF
98.03.12 22:58 B D:\syncomat\htm_sld\bnet\img011.GIF --> cps.msu.edu /user/cd/cps291/syncomat/htm_sld/bnet img011.GIF
98.03.12 22:58 B D:\syncomat\htm_sld\bnet\img012.GIF --> cps.msu.edu /user/cd/cps291/syncomat/htm_sld/bnet img012.GIF
98.03.12 22:58 B D:\syncomat\htm_sld\bnet\img013.GIF --> cps.msu.edu /user/cd/cps291/syncomat/htm_sld/bnet img013.GIF
98.03.12 22:58 B D:\syncomat\htm_sld\bnet\img014.GIF --> cps.msu.edu /user/cd/cps291/syncomat/htm_sld/bnet img014.GIF
98.03.12 22:58 B D:\syncomat\htm_sld\bnet\img015.GIF --> cps.msu.edu /user/cd/cps291/syncomat/htm_sld/bnet img015.GIF
98.03.12 22:58 B D:\syncomat\htm_sld\bnet\img016.GIF --> cps.msu.edu /user/cd/cps291/syncomat/htm_sld/bnet img016.GIF
98.03.12 22:58 B D:\syncomat\htm_sld\bnet\img017.GIF --> cps.msu.edu /user/cd/cps291/syncomat/htm_sld/bnet img017.GIF
98.03.12 22:58 B D:\syncomat\htm_sld\bnet\img018.GIF --> cps.msu.edu /user/cd/cps291/syncomat/htm_sld/bnet img018.GIF
98.03.12 22:58 B D:\syncomat\htm_sld\bnet\img019.GIF --> cps.msu.edu /user/cd/cps291/syncomat/htm_sld/bnet img019.GIF
98.03.12 22:58 B D:\syncomat\htm_sld\bnet\img020.GIF --> cps.msu.edu /user/cd/cps291/syncomat/htm_sld/bnet img020.GIF
98.03.12 22:58 B D:\syncomat\htm_sld\bnet\img021.GIF --> cps.msu.edu /user/cd/cps291/syncomat/htm_sld/bnet img021.GIF
98.03.12 22:58 B D:\syncomat\htm_sld\bnet\img022.GIF --> cps.msu.edu /user/cd/cps291/syncomat/htm_sld/bnet img022.GIF
98.03.12 22:58 B D:\syncomat\htm_sld\bnet\img023.GIF --> cps.msu.edu /user/cd/cps291/syncomat/htm_sld/bnet img023.GIF
98.03.12 22:58 B D:\syncomat\htm_sld\bnet\img024.GIF --> cps.msu.edu /user/cd/cps291/syncomat/htm_sld/bnet img024.GIF
98.03.12 22:58 B D:\syncomat\htm_sld\bnet\img025.GIF --> cps.msu.edu /user/cd/cps291/syncomat/htm_sld/bnet img025.GIF
98.03.12 22:58 B D:\syncomat\htm_sld\bnet\img026.GIF --> cps.msu.edu /user/cd/cps291/syncomat/htm_sld/bnet img026.GIF
98.03.12 22:58 B D:\syncomat\htm_sld\bnet\img027.GIF --> cps.msu.edu /user/cd/cps291/syncomat/htm_sld/bnet img027.GIF
98.03.12 22:58 B D:\syncomat\htm_sld\bnet\img028.GIF --> cps.msu.edu /user/cd/cps291/syncomat/htm_sld/bnet img028.GIF
98.03.12 22:58 B D:\syncomat\htm_sld\bnet\img029.GIF --> cps.msu.edu /user/cd/cps291/syncomat/htm_sld/bnet img029.GIF
98.03.12 22:58 B D:\syncomat\htm_sld\bnet\img030.GIF --> cps.msu.edu /user/cd/cps291/syncomat/htm_sld/bnet img030.GIF
98.03.12 22:58 B D:\syncomat\htm_sld\bnet\img031.GIF --> cps.msu.edu /user/cd/cps291/syncomat/htm_sld/bnet img031.GIF
98.03.12 22:58 B D:\syncomat\htm_sld\bnet\img032.GIF --> cps.msu.edu /user/cd/cps291/syncomat/htm_sld/bnet img032.GIF
98.03.12 22:58 B D:\syncomat\htm_sld\bnet\img033.GIF --> cps.msu.edu /user/cd/cps291/syncomat/htm_sld/bnet img033.GIF
98.03.12 22:58 B D:\syncomat\htm_sld\bnet\img034.GIF --> cps.msu.edu /user/cd/cps291/syncomat/htm_sld/bnet img034.GIF
98.03.12 22:58 B D:\syncomat\htm_sld\bnet\img035.GIF --> cps.msu.edu /user/cd/cps291/syncomat/htm_sld/bnet img035.GIF
98.03.12 22:58 B D:\syncomat\htm_sld\bnet\img036.GIF --> cps.msu.edu /user/cd/cps291/syncomat/htm_sld/bnet img036.GIF
98.03.12 22:58 B D:\syncomat\htm_sld\bnet\img037.GIF --> cps.msu.edu /user/cd/cps291/syncomat/htm_sld/bnet img037.GIF
98.03.12 22:58 B D:\syncomat\htm_sld\bnet\img038.GIF --> cps.msu.edu /user/cd/cps291/syncomat/htm_sld/bnet img038.GIF
98.03.12 22:58 B D:\syncomat\htm_sld\bnet\img039.GIF --> cps.msu.edu /user/cd/cps291/syncomat/htm_sld/bnet img039.GIF
98.03.12 22:58 B D:\syncomat\htm_sld\bnet\img040.GIF --> cps.msu.edu /user/cd/cps291/syncomat/htm_sld/bnet img040.GIF
98.03.12 22:58 B D:\syncomat\htm_sld\bnet\index.htm --> cps.msu.edu /user/cd/cps291/syncomat/htm_sld/bnet index.htm
98.03.12 22:58 B D:\syncomat\htm_sld\bnet\pptani.gif --> cps.msu.edu /user/cd/cps291/syncomat/htm_sld/bnet pptani.gif
98.03.12 22:58 B D:\syncomat\htm_sld\bnet\sld001.htm --> cps.msu.edu /user/cd/cps291/syncomat/htm_sld/bnet sld001.htm
98.03.12 22:58 B D:\syncomat\htm_sld\bnet\sld002.htm --> cps.msu.edu /user/cd/cps291/syncomat/htm_sld/bnet sld002.htm
98.03.12 22:58 B D:\syncomat\htm_sld\bnet\sld003.htm --> cps.msu.edu /user/cd/cps291/syncomat/htm_sld/bnet sld003.htm
98.03.12 22:58 B D:\syncomat\htm_sld\bnet\sld004.htm --> cps.msu.edu /user/cd/cps291/syncomat/htm_sld/bnet sld004.htm
98.03.12 22:58 B D:\syncomat\htm_sld\bnet\sld005.htm --> cps.msu.edu /user/cd/cps291/syncomat/htm_sld/bnet sld005.htm
98.03.12 22:58 B D:\syncomat\htm_sld\bnet\sld006.htm --> cps.msu.edu /user/cd/cps291/syncomat/htm_sld/bnet sld006.htm
98.03.12 22:58 B D:\syncomat\htm_sld\bnet\sld007.htm --> cps.msu.edu /user/cd/cps291/syncomat/htm_sld/bnet sld007.htm
98.03.12 22:58 B D:\syncomat\htm_sld\bnet\sld008.htm --> cps.msu.edu /user/cd/cps291/syncomat/htm_sld/bnet sld008.htm
98.03.12 22:58 B D:\syncomat\htm_sld\bnet\sld009.htm --> cps.msu.edu /user/cd/cps291/syncomat/htm_sld/bnet sld009.htm
98.03.12 22:58 B D:\syncomat\htm_sld\bnet\sld010.htm --> cps.msu.edu /user/cd/cps291/syncomat/htm_sld/bnet sld010.htm
98.03.12 22:58 B D:\syncomat\htm_sld\bnet\sld011.htm --> cps.msu.edu /user/cd/cps291/syncomat/htm_sld/bnet sld011.htm
98.03.12 22:58 B D:\syncomat\htm_sld\bnet\sld012.htm --> cps.msu.edu /user/cd/cps291/syncomat/htm_sld/bnet sld012.htm
98.03.12 22:58 B D:\syncomat\htm_sld\bnet\sld013.htm --> cps.msu.edu /user/cd/cps291/syncomat/htm_sld/bnet sld013.htm
98.03.12 22:58 B D:\syncomat\htm_sld\bnet\sld014.htm --> cps.msu.edu /user/cd/cps291/syncomat/htm_sld/bnet sld014.htm
98.03.12 22:58 B D:\syncomat\htm_sld\bnet\sld015.htm --> cps.msu.edu /user/cd/cps291/syncomat/htm_sld/bnet sld015.htm
98.03.12 22:58 B D:\syncomat\htm_sld\bnet\sld016.htm --> cps.msu.edu /user/cd/cps291/syncomat/htm_sld/bnet sld016.htm
98.03.12 22:58 B D:\syncomat\htm_sld\bnet\sld017.htm --> cps.msu.edu /user/cd/cps291/syncomat/htm_sld/bnet sld017.htm
98.03.12 22:58 B D:\syncomat\htm_sld\bnet\sld018.htm --> cps.msu.edu /user/cd/cps291/syncomat/htm_sld/bnet sld018.htm
98.03.12 22:58 B D:\syncomat\htm_sld\bnet\sld019.htm --> cps.msu.edu /user/cd/cps291/syncomat/htm_sld/bnet sld019.htm
98.03.12 22:58 B D:\syncomat\htm_sld\bnet\sld020.htm --> cps.msu.edu /user/cd/cps291/syncomat/htm_sld/bnet sld020.htm
98.03.12 22:58 B D:\syncomat\htm_sld\bnet\sld021.htm --> cps.msu.edu /user/cd/cps291/syncomat/htm_sld/bnet sld021.htm
98.03.12 22:58 B D:\syncomat\htm_sld\bnet\sld022.htm --> cps.msu.edu /user/cd/cps291/syncomat/htm_sld/bnet sld022.htm
98.03.12 22:58 B D:\syncomat\htm_sld\bnet\sld023.htm --> cps.msu.edu /user/cd/cps291/syncomat/htm_sld/bnet sld023.htm
98.03.12 22:58 B D:\syncomat\htm_sld\bnet\sld024.htm --> cps.msu.edu /user/cd/cps291/syncomat/htm_sld/bnet sld024.htm
98.03.12 22:58 B D:\syncomat\htm_sld\bnet\sld025.htm --> cps.msu.edu /user/cd/cps291/syncomat/htm_sld/bnet sld025.htm
98.03.12 22:58 B D:\syncomat\htm_sld\bnet\sld026.htm --> cps.msu.edu /user/cd/cps291/syncomat/htm_sld/bnet sld026.htm
98.03.12 22:58 B D:\syncomat\htm_sld\bnet\sld027.htm --> cps.msu.edu /user/cd/cps291/syncomat/htm_sld/bnet sld027.htm
98.03.12 22:58 B D:\syncomat\htm_sld\bnet\sld028.htm --> cps.msu.edu /user/cd/cps291/syncomat/htm_sld/bnet sld028.htm
98.03.12 22:58 B D:\syncomat\htm_sld\bnet\sld029.htm --> cps.msu.edu /user/cd/cps291/syncomat/htm_sld/bnet sld029.htm
98.03.12 22:58 B D:\syncomat\htm_sld\bnet\sld030.htm --> cps.msu.edu /user/cd/cps291/syncomat/htm_sld/bnet sld030.htm
98.03.12 22:58 B D:\syncomat\htm_sld\bnet\sld031.htm --> cps.msu.edu /user/cd/cps291/syncomat/htm_sld/bnet sld031.htm
98.03.12 22:58 B D:\syncomat\htm_sld\bnet\sld032.htm --> cps.msu.edu /user/cd/cps291/syncomat/htm_sld/bnet sld032.htm
98.03.12 22:58 B D:\syncomat\htm_sld\bnet\sld033.htm --> cps.msu.edu /user/cd/cps291/syncomat/htm_sld/bnet sld033.htm
98.03.12 22:58 B D:\syncomat\htm_sld\bnet\sld034.htm --> cps.msu.edu /user/cd/cps291/syncomat/htm_sld/bnet sld034.htm
98.03.12 22:58 B D:\syncomat\htm_sld\bnet\sld035.htm --> cps.msu.edu /user/cd/cps291/syncomat/htm_sld/bnet sld035.htm
98.03.12 22:58 B D:\syncomat\htm_sld\bnet\sld036.htm --> cps.msu.edu /user/cd/cps291/syncomat/htm_sld/bnet sld036.htm
98.03.12 22:58 B D:\syncomat\htm_sld\bnet\sld037.htm --> cps.msu.edu /user/cd/cps291/syncomat/htm_sld/bnet sld037.htm
98.03.12 22:58 B D:\syncomat\htm_sld\bnet\sld038.htm --> cps.msu.edu /user/cd/cps291/syncomat/htm_sld/bnet sld038.htm
98.03.12 22:58 B D:\syncomat\htm_sld\bnet\sld039.htm --> cps.msu.edu /user/cd/cps291/syncomat/htm_sld/bnet sld039.htm
98.03.12 22:58 B D:\syncomat\htm_sld\bnet\sld040.htm --> cps.msu.edu /user/cd/cps291/syncomat/htm_sld/bnet sld040.htm
98.03.12 22:58 B D:\syncomat\htm_sld\bnet\space.gif --> cps.msu.edu /user/cd/cps291/syncomat/htm_sld/bnet space.gif
98.03.12 22:58 B D:\syncomat\htm_sld\bnet\tsld001.htm --> cps.msu.edu /user/cd/cps291/syncomat/htm_sld/bnet tsld001.htm
98.03.12 22:58 B D:\syncomat\htm_sld\bnet\tsld002.htm --> cps.msu.edu /user/cd/cps291/syncomat/htm_sld/bnet tsld002.htm
98.03.12 22:58 B D:\syncomat\htm_sld\bnet\tsld003.htm --> cps.msu.edu /user/cd/cps291/syncomat/htm_sld/bnet tsld003.htm
98.03.12 22:58 B D:\syncomat\htm_sld\bnet\tsld004.htm --> cps.msu.edu /user/cd/cps291/syncomat/htm_sld/bnet tsld004.htm
98.03.12 22:58 B D:\syncomat\htm_sld\bnet\tsld005.htm --> cps.msu.edu /user/cd/cps291/syncomat/htm_sld/bnet tsld005.htm
98.03.12 22:58 B D:\syncomat\htm_sld\bnet\tsld006.htm --> cps.msu.edu /user/cd/cps291/syncomat/htm_sld/bnet tsld006.htm
98.03.12 22:58 B D:\syncomat\htm_sld\bnet\tsld007.htm --> cps.msu.edu /user/cd/cps291/syncomat/htm_sld/bnet tsld007.htm
98.03.12 22:58 B D:\syncomat\htm_sld\bnet\tsld008.htm --> cps.msu.edu /user/cd/cps291/syncomat/htm_sld/bnet tsld008.htm
98.03.12 22:58 B D:\syncomat\htm_sld\bnet\tsld009.htm --> cps.msu.edu /user/cd/cps291/syncomat/htm_sld/bnet tsld009.htm
98.03.12 22:58 B D:\syncomat\htm_sld\bnet\tsld010.htm --> cps.msu.edu /user/cd/cps291/syncomat/htm_sld/bnet tsld010.htm
98.03.12 22:58 B D:\syncomat\htm_sld\bnet\tsld011.htm --> cps.msu.edu /user/cd/cps291/syncomat/htm_sld/bnet tsld011.htm
98.03.12 22:58 B D:\syncomat\htm_sld\bnet\tsld012.htm --> cps.msu.edu /user/cd/cps291/syncomat/htm_sld/bnet tsld012.htm
98.03.12 22:58 B D:\syncomat\htm_sld\bnet\tsld013.htm --> cps.msu.edu /user/cd/cps291/syncomat/htm_sld/bnet tsld013.htm
98.03.12 22:58 B D:\syncomat\htm_sld\bnet\tsld014.htm --> cps.msu.edu /user/cd/cps291/syncomat/htm_sld/bnet tsld014.htm
98.03.12 22:58 B D:\syncomat\htm_sld\bnet\tsld015.htm --> cps.msu.edu /user/cd/cps291/syncomat/htm_sld/bnet tsld015.htm
98.03.12 22:58 B D:\syncomat\htm_sld\bnet\tsld016.htm --> cps.msu.edu /user/cd/cps291/syncomat/htm_sld/bnet tsld016.htm
98.03.12 22:58 B D:\syncomat\htm_sld\bnet\tsld017.htm --> cps.msu.edu /user/cd/cps291/syncomat/htm_sld/bnet tsld017.htm
98.03.12 22:58 B D:\syncomat\htm_sld\bnet\tsld018.htm --> cps.msu.edu /user/cd/cps291/syncomat/htm_sld/bnet tsld018.htm
98.03.12 22:58 B D:\syncomat\htm_sld\bnet\tsld019.htm --> cps.msu.edu /user/cd/cps291/syncomat/htm_sld/bnet tsld019.htm
98.03.12 22:58 B D:\syncomat\htm_sld\bnet\tsld020.htm --> cps.msu.edu /user/cd/cps291/syncomat/htm_sld/bnet tsld020.htm
98.03.12 22:58 B D:\syncomat\htm_sld\bnet\tsld021.htm --> cps.msu.edu /user/cd/cps291/syncomat/htm_sld/bnet tsld021.htm
98.03.12 22:58 B D:\syncomat\htm_sld\bnet\tsld022.htm --> cps.msu.edu /user/cd/cps291/syncomat/htm_sld/bnet tsld022.htm
98.03.12 22:58 B D:\syncomat\htm_sld\bnet\tsld023.htm --> cps.msu.edu /user/cd/cps291/syncomat/htm_sld/bnet tsld023.htm
98.03.12 22:58 B D:\syncomat\htm_sld\bnet\tsld024.htm --> cps.msu.edu /user/cd/cps291/syncomat/htm_sld/bnet tsld024.htm
98.03.12 22:58 B D:\syncomat\htm_sld\bnet\tsld025.htm --> cps.msu.edu /user/cd/cps291/syncomat/htm_sld/bnet tsld025.htm
98.03.12 22:58 B D:\syncomat\htm_sld\bnet\tsld026.htm --> cps.msu.edu /user/cd/cps291/syncomat/htm_sld/bnet tsld026.htm
98.03.12 22:58 B D:\syncomat\htm_sld\bnet\tsld027.htm --> cps.msu.edu /user/cd/cps291/syncomat/htm_sld/bnet tsld027.htm
98.03.12 22:58 B D:\syncomat\htm_sld\bnet\tsld028.htm --> cps.msu.edu /user/cd/cps291/syncomat/htm_sld/bnet tsld028.htm
98.03.12 22:58 B D:\syncomat\htm_sld\bnet\tsld029.htm --> cps.msu.edu /user/cd/cps291/syncomat/htm_sld/bnet tsld029.htm
98.03.12 22:58 B D:\syncomat\htm_sld\bnet\tsld030.htm --> cps.msu.edu /user/cd/cps291/syncomat/htm_sld/bnet tsld030.htm
98.03.12 22:58 B D:\syncomat\htm_sld\bnet\tsld031.htm --> cps.msu.edu /user/cd/cps291/syncomat/htm_sld/bnet tsld031.htm
98.03.12 22:58 B D:\syncomat\htm_sld\bnet\tsld032.htm --> cps.msu.edu /user/cd/cps291/syncomat/htm_sld/bnet tsld032.htm
98.03.12 22:58 B D:\syncomat\htm_sld\bnet\tsld033.htm --> cps.msu.edu /user/cd/cps291/syncomat/htm_sld/bnet tsld033.htm
98.03.12 22:58 B D:\syncomat\htm_sld\bnet\tsld034.htm --> cps.msu.edu /user/cd/cps291/syncomat/htm_sld/bnet tsld034.htm
98.03.12 22:58 B D:\syncomat\htm_sld\bnet\tsld035.htm --> cps.msu.edu /user/cd/cps291/syncomat/htm_sld/bnet tsld035.htm
98.03.12 22:58 B D:\syncomat\htm_sld\bnet\tsld036.htm --> cps.msu.edu /user/cd/cps291/syncomat/htm_sld/bnet tsld036.htm
98.03.12 22:58 B D:\syncomat\htm_sld\bnet\tsld037.htm --> cps.msu.edu /user/cd/cps291/syncomat/htm_sld/bnet tsld037.htm
98.03.12 22:58 B D:\syncomat\htm_sld\bnet\tsld038.htm --> cps.msu.edu /user/cd/cps291/syncomat/htm_sld/bnet tsld038.htm
98.03.12 22:58 B D:\syncomat\htm_sld\bnet\tsld039.htm --> cps.msu.edu /user/cd/cps291/syncomat/htm_sld/bnet tsld039.htm
98.03.12 22:58 B D:\syncomat\htm_sld\bnet\tsld040.htm --> cps.msu.edu /user/cd/cps291/syncomat/htm_sld/bnet tsld040.htm
98.03.12 22:58 B D:\syncomat\htm_sld\bnet\WS_FTP.LOG --> cps.msu.edu /user/cd/cps291/syncomat/htm_sld/bnet WS_FTP.LOG
