98.02.01 20:02 B D:\cdrom\help\dialup\Image1.jpg <-- www.vu.msu.edu /afs/msu/course/vu/egr124/cdrom/help/dialup Image1.jpg
98.02.01 20:02 B D:\cdrom\help\dialup\Image2.gif <-- www.vu.msu.edu /afs/msu/course/vu/egr124/cdrom/help/dialup Image2.gif
98.02.01 20:02 B D:\cdrom\help\dialup\Image3.gif <-- www.vu.msu.edu /afs/msu/course/vu/egr124/cdrom/help/dialup Image3.gif
98.02.01 20:02 B D:\cdrom\help\dialup\Image4.jpg <-- www.vu.msu.edu /afs/msu/course/vu/egr124/cdrom/help/dialup Image4.jpg
98.02.01 20:02 B D:\cdrom\help\dialup\Image5.jpg <-- www.vu.msu.edu /afs/msu/course/vu/egr124/cdrom/help/dialup Image5.jpg
98.02.01 20:02 B D:\cdrom\help\dialup\Image6.jpg <-- www.vu.msu.edu /afs/msu/course/vu/egr124/cdrom/help/dialup Image6.jpg
98.02.01 20:02 B D:\cdrom\help\dialup\Image7.jpg <-- www.vu.msu.edu /afs/msu/course/vu/egr124/cdrom/help/dialup Image7.jpg
98.02.01 20:02 B D:\cdrom\help\dialup\index.htm <-- www.vu.msu.edu /afs/msu/course/vu/egr124/cdrom/help/dialup index.htm
98.02.01 20:17 B D:\cdrom\help\dialup\Image1.jpg <-- www.vu.msu.edu /afs/msu/course/vu/egr124/cdrom/help/dialup Image1.jpg
98.02.01 20:17 B D:\cdrom\help\dialup\Image2.gif <-- www.vu.msu.edu /afs/msu/course/vu/egr124/cdrom/help/dialup Image2.gif
98.02.01 20:17 B D:\cdrom\help\dialup\Image3.gif <-- www.vu.msu.edu /afs/msu/course/vu/egr124/cdrom/help/dialup Image3.gif
98.02.01 20:17 B D:\cdrom\help\dialup\Image4.jpg <-- www.vu.msu.edu /afs/msu/course/vu/egr124/cdrom/help/dialup Image4.jpg
98.02.01 20:17 B D:\cdrom\help\dialup\Image5.jpg <-- www.vu.msu.edu /afs/msu/course/vu/egr124/cdrom/help/dialup Image5.jpg
98.02.01 20:18 B D:\cdrom\help\dialup\Image6.jpg <-- www.vu.msu.edu /afs/msu/course/vu/egr124/cdrom/help/dialup Image6.jpg
98.02.01 20:18 B D:\cdrom\help\dialup\Image7.jpg <-- www.vu.msu.edu /afs/msu/course/vu/egr124/cdrom/help/dialup Image7.jpg
98.02.01 20:18 B D:\cdrom\help\dialup\index.htm <-- www.vu.msu.edu /afs/msu/course/vu/egr124/cdrom/help/dialup index.htm
98.02.02 01:39 B D:\cdrom\help\dialup\Image1.jpg --> arctic.cps.msu.edu /user/cd/cps291/help/dialup Image1.jpg
98.02.02 01:39 B D:\cdrom\help\dialup\Image2.gif --> arctic.cps.msu.edu /user/cd/cps291/help/dialup Image2.gif
98.02.02 01:39 B D:\cdrom\help\dialup\Image3.gif --> arctic.cps.msu.edu /user/cd/cps291/help/dialup Image3.gif
98.02.02 01:39 B D:\cdrom\help\dialup\Image4.jpg --> arctic.cps.msu.edu /user/cd/cps291/help/dialup Image4.jpg
98.02.02 01:39 B D:\cdrom\help\dialup\Image5.jpg --> arctic.cps.msu.edu /user/cd/cps291/help/dialup Image5.jpg
98.02.02 01:40 B D:\cdrom\help\dialup\Image6.jpg --> arctic.cps.msu.edu /user/cd/cps291/help/dialup Image6.jpg
98.02.02 01:40 B D:\cdrom\help\dialup\Image7.jpg --> arctic.cps.msu.edu /user/cd/cps291/help/dialup Image7.jpg
98.02.02 01:40 B D:\cdrom\help\dialup\index.htm --> arctic.cps.msu.edu /user/cd/cps291/help/dialup index.htm
98.02.02 01:40 B D:\cdrom\help\dialup\WS_FTP.LOG --> arctic.cps.msu.edu /user/cd/cps291/help/dialup WS_FTP.LOG
98.03.12 22:30 B D:\cdrom\help\dialup\Image1.jpg <-- www.vu.msu.edu /afs/msu/course/vu/egr124/cdrom/help/dialup Image1.jpg
98.03.12 22:30 B D:\cdrom\help\dialup\Image2.gif <-- www.vu.msu.edu /afs/msu/course/vu/egr124/cdrom/help/dialup Image2.gif
98.03.12 22:30 B D:\cdrom\help\dialup\Image3.gif <-- www.vu.msu.edu /afs/msu/course/vu/egr124/cdrom/help/dialup Image3.gif
98.03.12 22:30 B D:\cdrom\help\dialup\Image4.jpg <-- www.vu.msu.edu /afs/msu/course/vu/egr124/cdrom/help/dialup Image4.jpg
98.03.12 22:30 B D:\cdrom\help\dialup\Image5.jpg <-- www.vu.msu.edu /afs/msu/course/vu/egr124/cdrom/help/dialup Image5.jpg
98.03.12 22:30 B D:\cdrom\help\dialup\Image6.jpg <-- www.vu.msu.edu /afs/msu/course/vu/egr124/cdrom/help/dialup Image6.jpg
98.03.12 22:30 B D:\cdrom\help\dialup\Image7.jpg <-- www.vu.msu.edu /afs/msu/course/vu/egr124/cdrom/help/dialup Image7.jpg
98.03.12 22:30 B D:\cdrom\help\dialup\index.htm <-- www.vu.msu.edu /afs/msu/course/vu/egr124/cdrom/help/dialup index.htm
98.03.12 23:11 B D:\cdrom\help\dialup\Image1.jpg --> cps.msu.edu /user/cd/cps291/help/dialup Image1.jpg
98.03.12 23:11 B D:\cdrom\help\dialup\Image2.gif --> cps.msu.edu /user/cd/cps291/help/dialup Image2.gif
98.03.12 23:11 B D:\cdrom\help\dialup\Image3.gif --> cps.msu.edu /user/cd/cps291/help/dialup Image3.gif
98.03.12 23:11 B D:\cdrom\help\dialup\Image4.jpg --> cps.msu.edu /user/cd/cps291/help/dialup Image4.jpg
98.03.12 23:11 B D:\cdrom\help\dialup\Image5.jpg --> cps.msu.edu /user/cd/cps291/help/dialup Image5.jpg
98.03.12 23:11 B D:\cdrom\help\dialup\Image6.jpg --> cps.msu.edu /user/cd/cps291/help/dialup Image6.jpg
98.03.12 23:11 B D:\cdrom\help\dialup\Image7.jpg --> cps.msu.edu /user/cd/cps291/help/dialup Image7.jpg
98.03.12 23:11 B D:\cdrom\help\dialup\index.htm --> cps.msu.edu /user/cd/cps291/help/dialup index.htm
98.03.12 23:11 B D:\cdrom\help\dialup\WS_FTP.LOG --> cps.msu.edu /user/cd/cps291/help/dialup WS_FTP.LOG
98.03.13 00:01 B D:\cdrom\help\dialup\Image1.jpg --> cps.msu.edu /user/cd/cps291/help/dialup Image1.jpg
98.03.13 00:01 B D:\cdrom\help\dialup\Image2.gif --> cps.msu.edu /user/cd/cps291/help/dialup Image2.gif
98.03.13 00:01 B D:\cdrom\help\dialup\Image3.gif --> cps.msu.edu /user/cd/cps291/help/dialup Image3.gif
98.03.13 00:01 B D:\cdrom\help\dialup\Image4.jpg --> cps.msu.edu /user/cd/cps291/help/dialup Image4.jpg
98.03.13 00:01 B D:\cdrom\help\dialup\Image5.jpg --> cps.msu.edu /user/cd/cps291/help/dialup Image5.jpg
98.03.13 00:01 B D:\cdrom\help\dialup\Image6.jpg --> cps.msu.edu /user/cd/cps291/help/dialup Image6.jpg
98.03.13 00:01 B D:\cdrom\help\dialup\Image7.jpg --> cps.msu.edu /user/cd/cps291/help/dialup Image7.jpg
98.03.13 00:01 B D:\cdrom\help\dialup\index.htm --> cps.msu.edu /user/cd/cps291/help/dialup index.htm
98.03.13 00:01 B D:\cdrom\help\dialup\WS_FTP.LOG --> cps.msu.edu /user/cd/cps291/help/dialup WS_FTP.LOG
98.03.13 08:58 B D:\cdrom\help\dialup\Image1.jpg --> cps.msu.edu /user/cd/cps291/help/dialup Image1.jpg
98.03.13 08:58 B D:\cdrom\help\dialup\Image2.gif --> cps.msu.edu /user/cd/cps291/help/dialup Image2.gif
98.03.13 08:58 B D:\cdrom\help\dialup\Image3.gif --> cps.msu.edu /user/cd/cps291/help/dialup Image3.gif
98.03.13 08:58 B D:\cdrom\help\dialup\Image4.jpg --> cps.msu.edu /user/cd/cps291/help/dialup Image4.jpg
98.03.13 08:58 B D:\cdrom\help\dialup\Image5.jpg --> cps.msu.edu /user/cd/cps291/help/dialup Image5.jpg
98.03.13 08:58 B D:\cdrom\help\dialup\Image6.jpg --> cps.msu.edu /user/cd/cps291/help/dialup Image6.jpg
98.03.13 08:58 B D:\cdrom\help\dialup\Image7.jpg --> cps.msu.edu /user/cd/cps291/help/dialup Image7.jpg
98.03.13 08:58 B D:\cdrom\help\dialup\index.htm --> cps.msu.edu /user/cd/cps291/help/dialup index.htm
98.03.13 08:58 B D:\cdrom\help\dialup\WS_FTP.LOG --> cps.msu.edu /user/cd/cps291/help/dialup WS_FTP.LOG
