98.02.24 00:37 B C:\syncomat\copy\tcp\index.crs <-- www.vu.msu.edu /home/egr124/stage index.crs
98.02.24 00:37 B C:\syncomat\copy\tcp\index.htm <-- www.vu.msu.edu /home/egr124/stage index.htm
98.03.12 23:36 B D:\cdrom\lectures\tcp\aaindex.crs --> cps.msu.edu /user/cd/cps291/lectures/tcp aaindex.crs
98.03.12 23:36 B D:\cdrom\lectures\tcp\aaindex.htm --> cps.msu.edu /user/cd/cps291/lectures/tcp aaindex.htm
98.03.12 23:36 B D:\cdrom\lectures\tcp\af001.htm --> cps.msu.edu /user/cd/cps291/lectures/tcp af001.htm
98.03.12 23:36 B D:\cdrom\lectures\tcp\af002.htm --> cps.msu.edu /user/cd/cps291/lectures/tcp af002.htm
98.03.12 23:36 B D:\cdrom\lectures\tcp\af003.htm --> cps.msu.edu /user/cd/cps291/lectures/tcp af003.htm
98.03.12 23:36 B D:\cdrom\lectures\tcp\af004.htm --> cps.msu.edu /user/cd/cps291/lectures/tcp af004.htm
98.03.12 23:36 B D:\cdrom\lectures\tcp\af005.htm --> cps.msu.edu /user/cd/cps291/lectures/tcp af005.htm
98.03.12 23:36 B D:\cdrom\lectures\tcp\af006.htm --> cps.msu.edu /user/cd/cps291/lectures/tcp af006.htm
98.03.12 23:36 B D:\cdrom\lectures\tcp\af007.htm --> cps.msu.edu /user/cd/cps291/lectures/tcp af007.htm
98.03.12 23:36 B D:\cdrom\lectures\tcp\af008.htm --> cps.msu.edu /user/cd/cps291/lectures/tcp af008.htm
98.03.12 23:36 B D:\cdrom\lectures\tcp\af009.htm --> cps.msu.edu /user/cd/cps291/lectures/tcp af009.htm
98.03.12 23:36 B D:\cdrom\lectures\tcp\af010.htm --> cps.msu.edu /user/cd/cps291/lectures/tcp af010.htm
98.03.12 23:36 B D:\cdrom\lectures\tcp\af011.htm --> cps.msu.edu /user/cd/cps291/lectures/tcp af011.htm
98.03.12 23:36 B D:\cdrom\lectures\tcp\af012.htm --> cps.msu.edu /user/cd/cps291/lectures/tcp af012.htm
98.03.12 23:36 B D:\cdrom\lectures\tcp\af013.htm --> cps.msu.edu /user/cd/cps291/lectures/tcp af013.htm
98.03.12 23:36 B D:\cdrom\lectures\tcp\af014.htm --> cps.msu.edu /user/cd/cps291/lectures/tcp af014.htm
98.03.12 23:36 B D:\cdrom\lectures\tcp\af015.htm --> cps.msu.edu /user/cd/cps291/lectures/tcp af015.htm
98.03.12 23:36 B D:\cdrom\lectures\tcp\af016.htm --> cps.msu.edu /user/cd/cps291/lectures/tcp af016.htm
98.03.12 23:36 B D:\cdrom\lectures\tcp\af017.htm --> cps.msu.edu /user/cd/cps291/lectures/tcp af017.htm
98.03.12 23:36 B D:\cdrom\lectures\tcp\af018.htm --> cps.msu.edu /user/cd/cps291/lectures/tcp af018.htm
98.03.12 23:36 B D:\cdrom\lectures\tcp\af019.htm --> cps.msu.edu /user/cd/cps291/lectures/tcp af019.htm
98.03.12 23:36 B D:\cdrom\lectures\tcp\af020.htm --> cps.msu.edu /user/cd/cps291/lectures/tcp af020.htm
98.03.12 23:36 B D:\cdrom\lectures\tcp\af021.htm --> cps.msu.edu /user/cd/cps291/lectures/tcp af021.htm
98.03.12 23:36 B D:\cdrom\lectures\tcp\af022.htm --> cps.msu.edu /user/cd/cps291/lectures/tcp af022.htm
98.03.12 23:36 B D:\cdrom\lectures\tcp\af023.htm --> cps.msu.edu /user/cd/cps291/lectures/tcp af023.htm
98.03.12 23:36 B D:\cdrom\lectures\tcp\af024.htm --> cps.msu.edu /user/cd/cps291/lectures/tcp af024.htm
98.03.12 23:36 B D:\cdrom\lectures\tcp\af025.htm --> cps.msu.edu /user/cd/cps291/lectures/tcp af025.htm
98.03.12 23:36 B D:\cdrom\lectures\tcp\af026.htm --> cps.msu.edu /user/cd/cps291/lectures/tcp af026.htm
98.03.12 23:36 B D:\cdrom\lectures\tcp\af027.htm --> cps.msu.edu /user/cd/cps291/lectures/tcp af027.htm
98.03.12 23:36 B D:\cdrom\lectures\tcp\af028.htm --> cps.msu.edu /user/cd/cps291/lectures/tcp af028.htm
98.03.12 23:36 B D:\cdrom\lectures\tcp\af029.htm --> cps.msu.edu /user/cd/cps291/lectures/tcp af029.htm
98.03.12 23:36 B D:\cdrom\lectures\tcp\af030.htm --> cps.msu.edu /user/cd/cps291/lectures/tcp af030.htm
98.03.12 23:36 B D:\cdrom\lectures\tcp\af031.htm --> cps.msu.edu /user/cd/cps291/lectures/tcp af031.htm
98.03.12 23:36 B D:\cdrom\lectures\tcp\af032.htm --> cps.msu.edu /user/cd/cps291/lectures/tcp af032.htm
98.03.12 23:36 B D:\cdrom\lectures\tcp\af033.htm --> cps.msu.edu /user/cd/cps291/lectures/tcp af033.htm
98.03.12 23:36 B D:\cdrom\lectures\tcp\af034.htm --> cps.msu.edu /user/cd/cps291/lectures/tcp af034.htm
98.03.12 23:36 B D:\cdrom\lectures\tcp\af035.htm --> cps.msu.edu /user/cd/cps291/lectures/tcp af035.htm
98.03.12 23:36 B D:\cdrom\lectures\tcp\af036.htm --> cps.msu.edu /user/cd/cps291/lectures/tcp af036.htm
98.03.12 23:36 B D:\cdrom\lectures\tcp\af037.htm --> cps.msu.edu /user/cd/cps291/lectures/tcp af037.htm
98.03.12 23:36 B D:\cdrom\lectures\tcp\af038.htm --> cps.msu.edu /user/cd/cps291/lectures/tcp af038.htm
98.03.12 23:36 B D:\cdrom\lectures\tcp\an001.htm --> cps.msu.edu /user/cd/cps291/lectures/tcp an001.htm
98.03.12 23:36 B D:\cdrom\lectures\tcp\an002.htm --> cps.msu.edu /user/cd/cps291/lectures/tcp an002.htm
98.03.12 23:36 B D:\cdrom\lectures\tcp\an003.htm --> cps.msu.edu /user/cd/cps291/lectures/tcp an003.htm
98.03.12 23:36 B D:\cdrom\lectures\tcp\an004.htm --> cps.msu.edu /user/cd/cps291/lectures/tcp an004.htm
98.03.12 23:36 B D:\cdrom\lectures\tcp\an005.htm --> cps.msu.edu /user/cd/cps291/lectures/tcp an005.htm
98.03.12 23:36 B D:\cdrom\lectures\tcp\an006.htm --> cps.msu.edu /user/cd/cps291/lectures/tcp an006.htm
98.03.12 23:36 B D:\cdrom\lectures\tcp\an007.htm --> cps.msu.edu /user/cd/cps291/lectures/tcp an007.htm
98.03.12 23:36 B D:\cdrom\lectures\tcp\an008.htm --> cps.msu.edu /user/cd/cps291/lectures/tcp an008.htm
98.03.12 23:36 B D:\cdrom\lectures\tcp\an009.htm --> cps.msu.edu /user/cd/cps291/lectures/tcp an009.htm
98.03.12 23:36 B D:\cdrom\lectures\tcp\an010.htm --> cps.msu.edu /user/cd/cps291/lectures/tcp an010.htm
98.03.12 23:36 B D:\cdrom\lectures\tcp\an011.htm --> cps.msu.edu /user/cd/cps291/lectures/tcp an011.htm
98.03.12 23:36 B D:\cdrom\lectures\tcp\an012.htm --> cps.msu.edu /user/cd/cps291/lectures/tcp an012.htm
98.03.12 23:36 B D:\cdrom\lectures\tcp\an013.htm --> cps.msu.edu /user/cd/cps291/lectures/tcp an013.htm
98.03.12 23:36 B D:\cdrom\lectures\tcp\an014.htm --> cps.msu.edu /user/cd/cps291/lectures/tcp an014.htm
98.03.12 23:36 B D:\cdrom\lectures\tcp\an015.htm --> cps.msu.edu /user/cd/cps291/lectures/tcp an015.htm
98.03.12 23:36 B D:\cdrom\lectures\tcp\an016.htm --> cps.msu.edu /user/cd/cps291/lectures/tcp an016.htm
98.03.12 23:36 B D:\cdrom\lectures\tcp\an017.htm --> cps.msu.edu /user/cd/cps291/lectures/tcp an017.htm
98.03.12 23:36 B D:\cdrom\lectures\tcp\an018.htm --> cps.msu.edu /user/cd/cps291/lectures/tcp an018.htm
98.03.12 23:36 B D:\cdrom\lectures\tcp\an019.htm --> cps.msu.edu /user/cd/cps291/lectures/tcp an019.htm
98.03.12 23:36 B D:\cdrom\lectures\tcp\an020.htm --> cps.msu.edu /user/cd/cps291/lectures/tcp an020.htm
98.03.12 23:36 B D:\cdrom\lectures\tcp\an021.htm --> cps.msu.edu /user/cd/cps291/lectures/tcp an021.htm
98.03.12 23:36 B D:\cdrom\lectures\tcp\an022.htm --> cps.msu.edu /user/cd/cps291/lectures/tcp an022.htm
98.03.12 23:36 B D:\cdrom\lectures\tcp\an023.htm --> cps.msu.edu /user/cd/cps291/lectures/tcp an023.htm
98.03.12 23:36 B D:\cdrom\lectures\tcp\an024.htm --> cps.msu.edu /user/cd/cps291/lectures/tcp an024.htm
98.03.12 23:36 B D:\cdrom\lectures\tcp\an025.htm --> cps.msu.edu /user/cd/cps291/lectures/tcp an025.htm
98.03.12 23:36 B D:\cdrom\lectures\tcp\an026.htm --> cps.msu.edu /user/cd/cps291/lectures/tcp an026.htm
98.03.12 23:36 B D:\cdrom\lectures\tcp\an027.htm --> cps.msu.edu /user/cd/cps291/lectures/tcp an027.htm
98.03.12 23:36 B D:\cdrom\lectures\tcp\an028.htm --> cps.msu.edu /user/cd/cps291/lectures/tcp an028.htm
98.03.12 23:36 B D:\cdrom\lectures\tcp\an029.htm --> cps.msu.edu /user/cd/cps291/lectures/tcp an029.htm
98.03.12 23:36 B D:\cdrom\lectures\tcp\an030.htm --> cps.msu.edu /user/cd/cps291/lectures/tcp an030.htm
98.03.12 23:36 B D:\cdrom\lectures\tcp\an031.htm --> cps.msu.edu /user/cd/cps291/lectures/tcp an031.htm
98.03.12 23:36 B D:\cdrom\lectures\tcp\an032.htm --> cps.msu.edu /user/cd/cps291/lectures/tcp an032.htm
98.03.12 23:36 B D:\cdrom\lectures\tcp\an033.htm --> cps.msu.edu /user/cd/cps291/lectures/tcp an033.htm
98.03.12 23:36 B D:\cdrom\lectures\tcp\an034.htm --> cps.msu.edu /user/cd/cps291/lectures/tcp an034.htm
98.03.12 23:36 B D:\cdrom\lectures\tcp\an035.htm --> cps.msu.edu /user/cd/cps291/lectures/tcp an035.htm
98.03.12 23:36 B D:\cdrom\lectures\tcp\an036.htm --> cps.msu.edu /user/cd/cps291/lectures/tcp an036.htm
98.03.12 23:36 B D:\cdrom\lectures\tcp\an037.htm --> cps.msu.edu /user/cd/cps291/lectures/tcp an037.htm
98.03.12 23:36 B D:\cdrom\lectures\tcp\an038.htm --> cps.msu.edu /user/cd/cps291/lectures/tcp an038.htm
98.03.12 23:36 B D:\cdrom\lectures\tcp\ar001.rpm --> cps.msu.edu /user/cd/cps291/lectures/tcp ar001.rpm
98.03.12 23:36 B D:\cdrom\lectures\tcp\ar002.rpm --> cps.msu.edu /user/cd/cps291/lectures/tcp ar002.rpm
98.03.12 23:36 B D:\cdrom\lectures\tcp\ar003.rpm --> cps.msu.edu /user/cd/cps291/lectures/tcp ar003.rpm
98.03.12 23:36 B D:\cdrom\lectures\tcp\ar004.rpm --> cps.msu.edu /user/cd/cps291/lectures/tcp ar004.rpm
98.03.12 23:36 B D:\cdrom\lectures\tcp\ar005.rpm --> cps.msu.edu /user/cd/cps291/lectures/tcp ar005.rpm
98.03.12 23:36 B D:\cdrom\lectures\tcp\ar006.rpm --> cps.msu.edu /user/cd/cps291/lectures/tcp ar006.rpm
98.03.12 23:36 B D:\cdrom\lectures\tcp\ar007.rpm --> cps.msu.edu /user/cd/cps291/lectures/tcp ar007.rpm
98.03.12 23:36 B D:\cdrom\lectures\tcp\ar008.rpm --> cps.msu.edu /user/cd/cps291/lectures/tcp ar008.rpm
98.03.12 23:36 B D:\cdrom\lectures\tcp\ar009.rpm --> cps.msu.edu /user/cd/cps291/lectures/tcp ar009.rpm
98.03.12 23:36 B D:\cdrom\lectures\tcp\ar010.rpm --> cps.msu.edu /user/cd/cps291/lectures/tcp ar010.rpm
98.03.12 23:36 B D:\cdrom\lectures\tcp\ar011.rpm --> cps.msu.edu /user/cd/cps291/lectures/tcp ar011.rpm
98.03.12 23:36 B D:\cdrom\lectures\tcp\ar012.rpm --> cps.msu.edu /user/cd/cps291/lectures/tcp ar012.rpm
98.03.12 23:36 B D:\cdrom\lectures\tcp\ar013.rpm --> cps.msu.edu /user/cd/cps291/lectures/tcp ar013.rpm
98.03.12 23:36 B D:\cdrom\lectures\tcp\ar014.rpm --> cps.msu.edu /user/cd/cps291/lectures/tcp ar014.rpm
98.03.12 23:36 B D:\cdrom\lectures\tcp\ar015.rpm --> cps.msu.edu /user/cd/cps291/lectures/tcp ar015.rpm
98.03.12 23:36 B D:\cdrom\lectures\tcp\ar016.rpm --> cps.msu.edu /user/cd/cps291/lectures/tcp ar016.rpm
98.03.12 23:36 B D:\cdrom\lectures\tcp\ar017.rpm --> cps.msu.edu /user/cd/cps291/lectures/tcp ar017.rpm
98.03.12 23:36 B D:\cdrom\lectures\tcp\ar018.rpm --> cps.msu.edu /user/cd/cps291/lectures/tcp ar018.rpm
98.03.12 23:36 B D:\cdrom\lectures\tcp\ar019.rpm --> cps.msu.edu /user/cd/cps291/lectures/tcp ar019.rpm
98.03.12 23:36 B D:\cdrom\lectures\tcp\ar020.rpm --> cps.msu.edu /user/cd/cps291/lectures/tcp ar020.rpm
98.03.12 23:36 B D:\cdrom\lectures\tcp\ar021.rpm --> cps.msu.edu /user/cd/cps291/lectures/tcp ar021.rpm
98.03.12 23:36 B D:\cdrom\lectures\tcp\ar022.rpm --> cps.msu.edu /user/cd/cps291/lectures/tcp ar022.rpm
98.03.12 23:36 B D:\cdrom\lectures\tcp\ar023.rpm --> cps.msu.edu /user/cd/cps291/lectures/tcp ar023.rpm
98.03.12 23:36 B D:\cdrom\lectures\tcp\ar024.rpm --> cps.msu.edu /user/cd/cps291/lectures/tcp ar024.rpm
98.03.12 23:36 B D:\cdrom\lectures\tcp\ar025.rpm --> cps.msu.edu /user/cd/cps291/lectures/tcp ar025.rpm
98.03.12 23:36 B D:\cdrom\lectures\tcp\ar026.rpm --> cps.msu.edu /user/cd/cps291/lectures/tcp ar026.rpm
98.03.12 23:36 B D:\cdrom\lectures\tcp\ar027.rpm --> cps.msu.edu /user/cd/cps291/lectures/tcp ar027.rpm
98.03.12 23:36 B D:\cdrom\lectures\tcp\ar028.rpm --> cps.msu.edu /user/cd/cps291/lectures/tcp ar028.rpm
98.03.12 23:36 B D:\cdrom\lectures\tcp\ar029.rpm --> cps.msu.edu /user/cd/cps291/lectures/tcp ar029.rpm
98.03.12 23:36 B D:\cdrom\lectures\tcp\ar030.rpm --> cps.msu.edu /user/cd/cps291/lectures/tcp ar030.rpm
98.03.12 23:36 B D:\cdrom\lectures\tcp\ar031.rpm --> cps.msu.edu /user/cd/cps291/lectures/tcp ar031.rpm
98.03.12 23:36 B D:\cdrom\lectures\tcp\ar032.rpm --> cps.msu.edu /user/cd/cps291/lectures/tcp ar032.rpm
98.03.12 23:36 B D:\cdrom\lectures\tcp\ar033.rpm --> cps.msu.edu /user/cd/cps291/lectures/tcp ar033.rpm
98.03.12 23:36 B D:\cdrom\lectures\tcp\ar034.rpm --> cps.msu.edu /user/cd/cps291/lectures/tcp ar034.rpm
98.03.12 23:36 B D:\cdrom\lectures\tcp\ar035.rpm --> cps.msu.edu /user/cd/cps291/lectures/tcp ar035.rpm
98.03.12 23:36 B D:\cdrom\lectures\tcp\ar036.rpm --> cps.msu.edu /user/cd/cps291/lectures/tcp ar036.rpm
98.03.12 23:36 B D:\cdrom\lectures\tcp\ar037.rpm --> cps.msu.edu /user/cd/cps291/lectures/tcp ar037.rpm
98.03.12 23:36 B D:\cdrom\lectures\tcp\ar038.rpm --> cps.msu.edu /user/cd/cps291/lectures/tcp ar038.rpm
98.03.12 23:36 B D:\cdrom\lectures\tcp\cache.htm --> cps.msu.edu /user/cd/cps291/lectures/tcp cache.htm
98.03.12 23:36 B D:\cdrom\lectures\tcp\empty.rpm --> cps.msu.edu /user/cd/cps291/lectures/tcp empty.rpm
98.03.12 23:36 B D:\cdrom\lectures\tcp\getreal.jpg --> cps.msu.edu /user/cd/cps291/lectures/tcp getreal.jpg
98.03.12 23:36 B D:\cdrom\lectures\tcp\img001.gif --> cps.msu.edu /user/cd/cps291/lectures/tcp img001.gif
98.03.12 23:36 B D:\cdrom\lectures\tcp\img002.gif --> cps.msu.edu /user/cd/cps291/lectures/tcp img002.gif
98.03.12 23:36 B D:\cdrom\lectures\tcp\img003.gif --> cps.msu.edu /user/cd/cps291/lectures/tcp img003.gif
98.03.12 23:36 B D:\cdrom\lectures\tcp\img004.gif --> cps.msu.edu /user/cd/cps291/lectures/tcp img004.gif
98.03.12 23:36 B D:\cdrom\lectures\tcp\img005.gif --> cps.msu.edu /user/cd/cps291/lectures/tcp img005.gif
98.03.12 23:36 B D:\cdrom\lectures\tcp\img006.gif --> cps.msu.edu /user/cd/cps291/lectures/tcp img006.gif
98.03.12 23:36 B D:\cdrom\lectures\tcp\img007.gif --> cps.msu.edu /user/cd/cps291/lectures/tcp img007.gif
98.03.12 23:36 B D:\cdrom\lectures\tcp\img008.gif --> cps.msu.edu /user/cd/cps291/lectures/tcp img008.gif
98.03.12 23:36 B D:\cdrom\lectures\tcp\img009.gif --> cps.msu.edu /user/cd/cps291/lectures/tcp img009.gif
98.03.12 23:36 B D:\cdrom\lectures\tcp\img010.gif --> cps.msu.edu /user/cd/cps291/lectures/tcp img010.gif
98.03.12 23:36 B D:\cdrom\lectures\tcp\img011.gif --> cps.msu.edu /user/cd/cps291/lectures/tcp img011.gif
98.03.12 23:36 B D:\cdrom\lectures\tcp\img012.gif --> cps.msu.edu /user/cd/cps291/lectures/tcp img012.gif
98.03.12 23:36 B D:\cdrom\lectures\tcp\img013.gif --> cps.msu.edu /user/cd/cps291/lectures/tcp img013.gif
98.03.12 23:36 B D:\cdrom\lectures\tcp\img014.gif --> cps.msu.edu /user/cd/cps291/lectures/tcp img014.gif
98.03.12 23:36 B D:\cdrom\lectures\tcp\img015.gif --> cps.msu.edu /user/cd/cps291/lectures/tcp img015.gif
98.03.12 23:36 B D:\cdrom\lectures\tcp\img016.gif --> cps.msu.edu /user/cd/cps291/lectures/tcp img016.gif
98.03.12 23:36 B D:\cdrom\lectures\tcp\img017.gif --> cps.msu.edu /user/cd/cps291/lectures/tcp img017.gif
98.03.12 23:36 B D:\cdrom\lectures\tcp\img018.gif --> cps.msu.edu /user/cd/cps291/lectures/tcp img018.gif
98.03.12 23:36 B D:\cdrom\lectures\tcp\img019.gif --> cps.msu.edu /user/cd/cps291/lectures/tcp img019.gif
98.03.12 23:36 B D:\cdrom\lectures\tcp\img020.gif --> cps.msu.edu /user/cd/cps291/lectures/tcp img020.gif
98.03.12 23:36 B D:\cdrom\lectures\tcp\img021.gif --> cps.msu.edu /user/cd/cps291/lectures/tcp img021.gif
98.03.12 23:36 B D:\cdrom\lectures\tcp\img022.gif --> cps.msu.edu /user/cd/cps291/lectures/tcp img022.gif
98.03.12 23:36 B D:\cdrom\lectures\tcp\img023.gif --> cps.msu.edu /user/cd/cps291/lectures/tcp img023.gif
98.03.12 23:36 B D:\cdrom\lectures\tcp\img024.gif --> cps.msu.edu /user/cd/cps291/lectures/tcp img024.gif
98.03.12 23:36 B D:\cdrom\lectures\tcp\img025.gif --> cps.msu.edu /user/cd/cps291/lectures/tcp img025.gif
98.03.12 23:36 B D:\cdrom\lectures\tcp\img026.gif --> cps.msu.edu /user/cd/cps291/lectures/tcp img026.gif
98.03.12 23:37 B D:\cdrom\lectures\tcp\img027.gif --> cps.msu.edu /user/cd/cps291/lectures/tcp img027.gif
98.03.12 23:37 B D:\cdrom\lectures\tcp\img028.gif --> cps.msu.edu /user/cd/cps291/lectures/tcp img028.gif
98.03.12 23:37 B D:\cdrom\lectures\tcp\img029.gif --> cps.msu.edu /user/cd/cps291/lectures/tcp img029.gif
98.03.12 23:37 B D:\cdrom\lectures\tcp\img030.gif --> cps.msu.edu /user/cd/cps291/lectures/tcp img030.gif
98.03.12 23:37 B D:\cdrom\lectures\tcp\img031.gif --> cps.msu.edu /user/cd/cps291/lectures/tcp img031.gif
98.03.12 23:37 B D:\cdrom\lectures\tcp\img032.gif --> cps.msu.edu /user/cd/cps291/lectures/tcp img032.gif
98.03.12 23:37 B D:\cdrom\lectures\tcp\img033.gif --> cps.msu.edu /user/cd/cps291/lectures/tcp img033.gif
98.03.12 23:37 B D:\cdrom\lectures\tcp\img034.gif --> cps.msu.edu /user/cd/cps291/lectures/tcp img034.gif
98.03.12 23:37 B D:\cdrom\lectures\tcp\img035.gif --> cps.msu.edu /user/cd/cps291/lectures/tcp img035.gif
98.03.12 23:37 B D:\cdrom\lectures\tcp\img036.gif --> cps.msu.edu /user/cd/cps291/lectures/tcp img036.gif
98.03.12 23:37 B D:\cdrom\lectures\tcp\img037.gif --> cps.msu.edu /user/cd/cps291/lectures/tcp img037.gif
98.03.12 23:37 B D:\cdrom\lectures\tcp\img038.gif --> cps.msu.edu /user/cd/cps291/lectures/tcp img038.gif
98.03.12 23:37 B D:\cdrom\lectures\tcp\img1.jpg --> cps.msu.edu /user/cd/cps291/lectures/tcp img1.jpg
98.03.12 23:37 B D:\cdrom\lectures\tcp\img10.jpg --> cps.msu.edu /user/cd/cps291/lectures/tcp img10.jpg
98.03.12 23:37 B D:\cdrom\lectures\tcp\img11.jpg --> cps.msu.edu /user/cd/cps291/lectures/tcp img11.jpg
98.03.12 23:37 B D:\cdrom\lectures\tcp\img12.jpg --> cps.msu.edu /user/cd/cps291/lectures/tcp img12.jpg
98.03.12 23:37 B D:\cdrom\lectures\tcp\img13.jpg --> cps.msu.edu /user/cd/cps291/lectures/tcp img13.jpg
98.03.12 23:37 B D:\cdrom\lectures\tcp\img14.jpg --> cps.msu.edu /user/cd/cps291/lectures/tcp img14.jpg
98.03.12 23:37 B D:\cdrom\lectures\tcp\img15.jpg --> cps.msu.edu /user/cd/cps291/lectures/tcp img15.jpg
98.03.12 23:37 B D:\cdrom\lectures\tcp\img16.jpg --> cps.msu.edu /user/cd/cps291/lectures/tcp img16.jpg
98.03.12 23:37 B D:\cdrom\lectures\tcp\img17.jpg --> cps.msu.edu /user/cd/cps291/lectures/tcp img17.jpg
98.03.12 23:37 B D:\cdrom\lectures\tcp\img18.jpg --> cps.msu.edu /user/cd/cps291/lectures/tcp img18.jpg
98.03.12 23:37 B D:\cdrom\lectures\tcp\img19.jpg --> cps.msu.edu /user/cd/cps291/lectures/tcp img19.jpg
98.03.12 23:37 B D:\cdrom\lectures\tcp\img2.jpg --> cps.msu.edu /user/cd/cps291/lectures/tcp img2.jpg
98.03.12 23:37 B D:\cdrom\lectures\tcp\img20.jpg --> cps.msu.edu /user/cd/cps291/lectures/tcp img20.jpg
98.03.12 23:37 B D:\cdrom\lectures\tcp\img21.jpg --> cps.msu.edu /user/cd/cps291/lectures/tcp img21.jpg
98.03.12 23:37 B D:\cdrom\lectures\tcp\img22.jpg --> cps.msu.edu /user/cd/cps291/lectures/tcp img22.jpg
98.03.12 23:37 B D:\cdrom\lectures\tcp\img23.jpg --> cps.msu.edu /user/cd/cps291/lectures/tcp img23.jpg
98.03.12 23:37 B D:\cdrom\lectures\tcp\img24.jpg --> cps.msu.edu /user/cd/cps291/lectures/tcp img24.jpg
98.03.12 23:37 B D:\cdrom\lectures\tcp\img25.jpg --> cps.msu.edu /user/cd/cps291/lectures/tcp img25.jpg
98.03.12 23:37 B D:\cdrom\lectures\tcp\img26.jpg --> cps.msu.edu /user/cd/cps291/lectures/tcp img26.jpg
98.03.12 23:37 B D:\cdrom\lectures\tcp\img27.jpg --> cps.msu.edu /user/cd/cps291/lectures/tcp img27.jpg
98.03.12 23:37 B D:\cdrom\lectures\tcp\img28.jpg --> cps.msu.edu /user/cd/cps291/lectures/tcp img28.jpg
98.03.12 23:37 B D:\cdrom\lectures\tcp\img29.jpg --> cps.msu.edu /user/cd/cps291/lectures/tcp img29.jpg
98.03.12 23:37 B D:\cdrom\lectures\tcp\img3.jpg --> cps.msu.edu /user/cd/cps291/lectures/tcp img3.jpg
98.03.12 23:37 B D:\cdrom\lectures\tcp\img30.jpg --> cps.msu.edu /user/cd/cps291/lectures/tcp img30.jpg
98.03.12 23:37 B D:\cdrom\lectures\tcp\img31.jpg --> cps.msu.edu /user/cd/cps291/lectures/tcp img31.jpg
98.03.12 23:37 B D:\cdrom\lectures\tcp\img32.jpg --> cps.msu.edu /user/cd/cps291/lectures/tcp img32.jpg
98.03.12 23:37 B D:\cdrom\lectures\tcp\img33.jpg --> cps.msu.edu /user/cd/cps291/lectures/tcp img33.jpg
98.03.12 23:37 B D:\cdrom\lectures\tcp\img34.jpg --> cps.msu.edu /user/cd/cps291/lectures/tcp img34.jpg
98.03.12 23:37 B D:\cdrom\lectures\tcp\img35.jpg --> cps.msu.edu /user/cd/cps291/lectures/tcp img35.jpg
98.03.12 23:37 B D:\cdrom\lectures\tcp\img36.jpg --> cps.msu.edu /user/cd/cps291/lectures/tcp img36.jpg
98.03.12 23:37 B D:\cdrom\lectures\tcp\img37.jpg --> cps.msu.edu /user/cd/cps291/lectures/tcp img37.jpg
98.03.12 23:37 B D:\cdrom\lectures\tcp\img38.jpg --> cps.msu.edu /user/cd/cps291/lectures/tcp img38.jpg
98.03.12 23:37 B D:\cdrom\lectures\tcp\img4.jpg --> cps.msu.edu /user/cd/cps291/lectures/tcp img4.jpg
98.03.12 23:37 B D:\cdrom\lectures\tcp\img5.jpg --> cps.msu.edu /user/cd/cps291/lectures/tcp img5.jpg
98.03.12 23:37 B D:\cdrom\lectures\tcp\img6.jpg --> cps.msu.edu /user/cd/cps291/lectures/tcp img6.jpg
98.03.12 23:37 B D:\cdrom\lectures\tcp\img7.jpg --> cps.msu.edu /user/cd/cps291/lectures/tcp img7.jpg
98.03.12 23:37 B D:\cdrom\lectures\tcp\img8.jpg --> cps.msu.edu /user/cd/cps291/lectures/tcp img8.jpg
98.03.12 23:37 B D:\cdrom\lectures\tcp\img9.jpg --> cps.msu.edu /user/cd/cps291/lectures/tcp img9.jpg
98.03.12 23:37 B D:\cdrom\lectures\tcp\index.crs --> cps.msu.edu /user/cd/cps291/lectures/tcp index.crs
98.03.12 23:37 B D:\cdrom\lectures\tcp\index.htm --> cps.msu.edu /user/cd/cps291/lectures/tcp index.htm
98.03.12 23:37 B D:\cdrom\lectures\tcp\inst160.gif --> cps.msu.edu /user/cd/cps291/lectures/tcp inst160.gif
98.03.12 23:37 B D:\cdrom\lectures\tcp\jlist.htm --> cps.msu.edu /user/cd/cps291/lectures/tcp jlist.htm
98.03.12 23:37 B D:\cdrom\lectures\tcp\list.htm --> cps.msu.edu /user/cd/cps291/lectures/tcp list.htm
98.03.12 23:37 B D:\cdrom\lectures\tcp\log.log --> cps.msu.edu /user/cd/cps291/lectures/tcp log.log
98.03.12 23:37 B D:\cdrom\lectures\tcp\makeind.mnu --> cps.msu.edu /user/cd/cps291/lectures/tcp makeind.mnu
98.03.12 23:37 B D:\cdrom\lectures\tcp\makeind.sed --> cps.msu.edu /user/cd/cps291/lectures/tcp makeind.sed
98.03.12 23:37 B D:\cdrom\lectures\tcp\navcal.gif --> cps.msu.edu /user/cd/cps291/lectures/tcp navcal.gif
98.03.12 23:37 B D:\cdrom\lectures\tcp\process.bat --> cps.msu.edu /user/cd/cps291/lectures/tcp process.bat
98.03.12 23:37 B D:\cdrom\lectures\tcp\sld001.htm --> cps.msu.edu /user/cd/cps291/lectures/tcp sld001.htm
98.03.12 23:37 B D:\cdrom\lectures\tcp\sld002.htm --> cps.msu.edu /user/cd/cps291/lectures/tcp sld002.htm
98.03.12 23:37 B D:\cdrom\lectures\tcp\sld003.htm --> cps.msu.edu /user/cd/cps291/lectures/tcp sld003.htm
98.03.12 23:37 B D:\cdrom\lectures\tcp\sld004.htm --> cps.msu.edu /user/cd/cps291/lectures/tcp sld004.htm
98.03.12 23:37 B D:\cdrom\lectures\tcp\sld005.htm --> cps.msu.edu /user/cd/cps291/lectures/tcp sld005.htm
98.03.12 23:37 B D:\cdrom\lectures\tcp\sld006.htm --> cps.msu.edu /user/cd/cps291/lectures/tcp sld006.htm
98.03.12 23:37 B D:\cdrom\lectures\tcp\sld007.htm --> cps.msu.edu /user/cd/cps291/lectures/tcp sld007.htm
98.03.12 23:37 B D:\cdrom\lectures\tcp\sld008.htm --> cps.msu.edu /user/cd/cps291/lectures/tcp sld008.htm
98.03.12 23:37 B D:\cdrom\lectures\tcp\sld009.htm --> cps.msu.edu /user/cd/cps291/lectures/tcp sld009.htm
98.03.12 23:37 B D:\cdrom\lectures\tcp\sld010.htm --> cps.msu.edu /user/cd/cps291/lectures/tcp sld010.htm
98.03.12 23:37 B D:\cdrom\lectures\tcp\sld011.htm --> cps.msu.edu /user/cd/cps291/lectures/tcp sld011.htm
98.03.12 23:37 B D:\cdrom\lectures\tcp\sld012.htm --> cps.msu.edu /user/cd/cps291/lectures/tcp sld012.htm
98.03.12 23:37 B D:\cdrom\lectures\tcp\sld013.htm --> cps.msu.edu /user/cd/cps291/lectures/tcp sld013.htm
98.03.12 23:37 B D:\cdrom\lectures\tcp\sld014.htm --> cps.msu.edu /user/cd/cps291/lectures/tcp sld014.htm
98.03.12 23:37 B D:\cdrom\lectures\tcp\sld015.htm --> cps.msu.edu /user/cd/cps291/lectures/tcp sld015.htm
98.03.12 23:37 B D:\cdrom\lectures\tcp\sld016.htm --> cps.msu.edu /user/cd/cps291/lectures/tcp sld016.htm
98.03.12 23:37 B D:\cdrom\lectures\tcp\sld017.htm --> cps.msu.edu /user/cd/cps291/lectures/tcp sld017.htm
98.03.12 23:37 B D:\cdrom\lectures\tcp\sld018.htm --> cps.msu.edu /user/cd/cps291/lectures/tcp sld018.htm
98.03.12 23:37 B D:\cdrom\lectures\tcp\sld019.htm --> cps.msu.edu /user/cd/cps291/lectures/tcp sld019.htm
98.03.12 23:37 B D:\cdrom\lectures\tcp\sld020.htm --> cps.msu.edu /user/cd/cps291/lectures/tcp sld020.htm
98.03.12 23:37 B D:\cdrom\lectures\tcp\sld021.htm --> cps.msu.edu /user/cd/cps291/lectures/tcp sld021.htm
98.03.12 23:37 B D:\cdrom\lectures\tcp\sld022.htm --> cps.msu.edu /user/cd/cps291/lectures/tcp sld022.htm
98.03.12 23:37 B D:\cdrom\lectures\tcp\sld023.htm --> cps.msu.edu /user/cd/cps291/lectures/tcp sld023.htm
98.03.12 23:37 B D:\cdrom\lectures\tcp\sld024.htm --> cps.msu.edu /user/cd/cps291/lectures/tcp sld024.htm
98.03.12 23:37 B D:\cdrom\lectures\tcp\sld025.htm --> cps.msu.edu /user/cd/cps291/lectures/tcp sld025.htm
98.03.12 23:37 B D:\cdrom\lectures\tcp\sld026.htm --> cps.msu.edu /user/cd/cps291/lectures/tcp sld026.htm
98.03.12 23:37 B D:\cdrom\lectures\tcp\sld027.htm --> cps.msu.edu /user/cd/cps291/lectures/tcp sld027.htm
98.03.12 23:37 B D:\cdrom\lectures\tcp\sld028.htm --> cps.msu.edu /user/cd/cps291/lectures/tcp sld028.htm
98.03.12 23:37 B D:\cdrom\lectures\tcp\sld029.htm --> cps.msu.edu /user/cd/cps291/lectures/tcp sld029.htm
98.03.12 23:37 B D:\cdrom\lectures\tcp\sld030.htm --> cps.msu.edu /user/cd/cps291/lectures/tcp sld030.htm
98.03.12 23:37 B D:\cdrom\lectures\tcp\sld031.htm --> cps.msu.edu /user/cd/cps291/lectures/tcp sld031.htm
98.03.12 23:37 B D:\cdrom\lectures\tcp\sld032.htm --> cps.msu.edu /user/cd/cps291/lectures/tcp sld032.htm
98.03.12 23:37 B D:\cdrom\lectures\tcp\sld033.htm --> cps.msu.edu /user/cd/cps291/lectures/tcp sld033.htm
98.03.12 23:37 B D:\cdrom\lectures\tcp\sld034.htm --> cps.msu.edu /user/cd/cps291/lectures/tcp sld034.htm
98.03.12 23:37 B D:\cdrom\lectures\tcp\sld035.htm --> cps.msu.edu /user/cd/cps291/lectures/tcp sld035.htm
98.03.12 23:37 B D:\cdrom\lectures\tcp\sld036.htm --> cps.msu.edu /user/cd/cps291/lectures/tcp sld036.htm
98.03.12 23:37 B D:\cdrom\lectures\tcp\sld037.htm --> cps.msu.edu /user/cd/cps291/lectures/tcp sld037.htm
98.03.12 23:37 B D:\cdrom\lectures\tcp\sld038.htm --> cps.msu.edu /user/cd/cps291/lectures/tcp sld038.htm
98.03.12 23:37 B D:\cdrom\lectures\tcp\tcp1.ra --> cps.msu.edu /user/cd/cps291/lectures/tcp tcp1.ra
98.03.12 23:37 B D:\cdrom\lectures\tcp\tcp1.rat --> cps.msu.edu /user/cd/cps291/lectures/tcp tcp1.rat
98.03.12 23:38 B D:\cdrom\lectures\tcp\tcp1.rm --> cps.msu.edu /user/cd/cps291/lectures/tcp tcp1.rm
98.03.12 23:38 B D:\cdrom\lectures\tcp\tcp1a.ram --> cps.msu.edu /user/cd/cps291/lectures/tcp tcp1a.ram
98.03.12 23:38 B D:\cdrom\lectures\tcp\tcp1a.rpm --> cps.msu.edu /user/cd/cps291/lectures/tcp tcp1a.rpm
98.03.12 23:38 B D:\cdrom\lectures\tcp\tcp1af.htm --> cps.msu.edu /user/cd/cps291/lectures/tcp tcp1af.htm
98.03.12 23:38 B D:\cdrom\lectures\tcp\tcp1an.htm --> cps.msu.edu /user/cd/cps291/lectures/tcp tcp1an.htm
98.03.12 23:38 B D:\cdrom\lectures\tcp\tcp1ap.ram --> cps.msu.edu /user/cd/cps291/lectures/tcp tcp1ap.ram
98.03.12 23:38 B D:\cdrom\lectures\tcp\tcp1v.ram --> cps.msu.edu /user/cd/cps291/lectures/tcp tcp1v.ram
98.03.12 23:38 B D:\cdrom\lectures\tcp\tcp1v.rpm --> cps.msu.edu /user/cd/cps291/lectures/tcp tcp1v.rpm
98.03.12 23:38 B D:\cdrom\lectures\tcp\tcp1vf.htm --> cps.msu.edu /user/cd/cps291/lectures/tcp tcp1vf.htm
98.03.12 23:38 B D:\cdrom\lectures\tcp\tcp1vn.htm --> cps.msu.edu /user/cd/cps291/lectures/tcp tcp1vn.htm
98.03.12 23:38 B D:\cdrom\lectures\tcp\tcp1vp.ram --> cps.msu.edu /user/cd/cps291/lectures/tcp tcp1vp.ram
98.03.12 23:38 B D:\cdrom\lectures\tcp\tcp2.ra --> cps.msu.edu /user/cd/cps291/lectures/tcp tcp2.ra
98.03.12 23:38 B D:\cdrom\lectures\tcp\tcp2.rat --> cps.msu.edu /user/cd/cps291/lectures/tcp tcp2.rat
98.03.12 23:38 B D:\cdrom\lectures\tcp\tcp2.rm --> cps.msu.edu /user/cd/cps291/lectures/tcp tcp2.rm
98.03.12 23:38 B D:\cdrom\lectures\tcp\tcp2a.ram --> cps.msu.edu /user/cd/cps291/lectures/tcp tcp2a.ram
98.03.12 23:38 B D:\cdrom\lectures\tcp\tcp2a.rpm --> cps.msu.edu /user/cd/cps291/lectures/tcp tcp2a.rpm
98.03.12 23:38 B D:\cdrom\lectures\tcp\tcp2af.htm --> cps.msu.edu /user/cd/cps291/lectures/tcp tcp2af.htm
98.03.12 23:38 B D:\cdrom\lectures\tcp\tcp2an.htm --> cps.msu.edu /user/cd/cps291/lectures/tcp tcp2an.htm
98.03.12 23:38 B D:\cdrom\lectures\tcp\tcp2ap.ram --> cps.msu.edu /user/cd/cps291/lectures/tcp tcp2ap.ram
98.03.12 23:38 B D:\cdrom\lectures\tcp\tcp2v.ram --> cps.msu.edu /user/cd/cps291/lectures/tcp tcp2v.ram
98.03.12 23:38 B D:\cdrom\lectures\tcp\tcp2v.rpm --> cps.msu.edu /user/cd/cps291/lectures/tcp tcp2v.rpm
98.03.12 23:38 B D:\cdrom\lectures\tcp\tcp2vf.htm --> cps.msu.edu /user/cd/cps291/lectures/tcp tcp2vf.htm
98.03.12 23:38 B D:\cdrom\lectures\tcp\tcp2vn.htm --> cps.msu.edu /user/cd/cps291/lectures/tcp tcp2vn.htm
98.03.12 23:38 B D:\cdrom\lectures\tcp\tcp2vp.ram --> cps.msu.edu /user/cd/cps291/lectures/tcp tcp2vp.ram
98.03.12 23:38 B D:\cdrom\lectures\tcp\tcp3.ra --> cps.msu.edu /user/cd/cps291/lectures/tcp tcp3.ra
98.03.12 23:38 B D:\cdrom\lectures\tcp\tcp3.rat --> cps.msu.edu /user/cd/cps291/lectures/tcp tcp3.rat
98.03.12 23:38 B D:\cdrom\lectures\tcp\tcp3.rm --> cps.msu.edu /user/cd/cps291/lectures/tcp tcp3.rm
98.03.12 23:38 B D:\cdrom\lectures\tcp\tcp3a.ram --> cps.msu.edu /user/cd/cps291/lectures/tcp tcp3a.ram
98.03.12 23:38 B D:\cdrom\lectures\tcp\tcp3a.rpm --> cps.msu.edu /user/cd/cps291/lectures/tcp tcp3a.rpm
98.03.12 23:38 B D:\cdrom\lectures\tcp\tcp3af.htm --> cps.msu.edu /user/cd/cps291/lectures/tcp tcp3af.htm
98.03.12 23:38 B D:\cdrom\lectures\tcp\tcp3an.htm --> cps.msu.edu /user/cd/cps291/lectures/tcp tcp3an.htm
98.03.12 23:38 B D:\cdrom\lectures\tcp\tcp3ap.ram --> cps.msu.edu /user/cd/cps291/lectures/tcp tcp3ap.ram
98.03.12 23:38 B D:\cdrom\lectures\tcp\tcp3v.ram --> cps.msu.edu /user/cd/cps291/lectures/tcp tcp3v.ram
98.03.12 23:38 B D:\cdrom\lectures\tcp\tcp3v.rpm --> cps.msu.edu /user/cd/cps291/lectures/tcp tcp3v.rpm
98.03.12 23:38 B D:\cdrom\lectures\tcp\tcp3vf.htm --> cps.msu.edu /user/cd/cps291/lectures/tcp tcp3vf.htm
98.03.12 23:38 B D:\cdrom\lectures\tcp\tcp3vn.htm --> cps.msu.edu /user/cd/cps291/lectures/tcp tcp3vn.htm
98.03.12 23:38 B D:\cdrom\lectures\tcp\tcp3vp.ram --> cps.msu.edu /user/cd/cps291/lectures/tcp tcp3vp.ram
98.03.12 23:38 B D:\cdrom\lectures\tcp\tlist.htm --> cps.msu.edu /user/cd/cps291/lectures/tcp tlist.htm
98.03.12 23:38 B D:\cdrom\lectures\tcp\tmp.tmp --> cps.msu.edu /user/cd/cps291/lectures/tcp tmp.tmp
98.03.12 23:38 B D:\cdrom\lectures\tcp\top.htm --> cps.msu.edu /user/cd/cps291/lectures/tcp top.htm
98.03.12 23:38 B D:\cdrom\lectures\tcp\tsld001.htm --> cps.msu.edu /user/cd/cps291/lectures/tcp tsld001.htm
98.03.12 23:38 B D:\cdrom\lectures\tcp\tsld002.htm --> cps.msu.edu /user/cd/cps291/lectures/tcp tsld002.htm
98.03.12 23:38 B D:\cdrom\lectures\tcp\tsld003.htm --> cps.msu.edu /user/cd/cps291/lectures/tcp tsld003.htm
98.03.12 23:38 B D:\cdrom\lectures\tcp\tsld004.htm --> cps.msu.edu /user/cd/cps291/lectures/tcp tsld004.htm
98.03.12 23:38 B D:\cdrom\lectures\tcp\tsld005.htm --> cps.msu.edu /user/cd/cps291/lectures/tcp tsld005.htm
98.03.12 23:38 B D:\cdrom\lectures\tcp\tsld006.htm --> cps.msu.edu /user/cd/cps291/lectures/tcp tsld006.htm
98.03.12 23:38 B D:\cdrom\lectures\tcp\tsld007.htm --> cps.msu.edu /user/cd/cps291/lectures/tcp tsld007.htm
98.03.12 23:38 B D:\cdrom\lectures\tcp\tsld008.htm --> cps.msu.edu /user/cd/cps291/lectures/tcp tsld008.htm
98.03.12 23:38 B D:\cdrom\lectures\tcp\tsld009.htm --> cps.msu.edu /user/cd/cps291/lectures/tcp tsld009.htm
98.03.12 23:38 B D:\cdrom\lectures\tcp\tsld010.htm --> cps.msu.edu /user/cd/cps291/lectures/tcp tsld010.htm
98.03.12 23:38 B D:\cdrom\lectures\tcp\tsld011.htm --> cps.msu.edu /user/cd/cps291/lectures/tcp tsld011.htm
98.03.12 23:38 B D:\cdrom\lectures\tcp\tsld012.htm --> cps.msu.edu /user/cd/cps291/lectures/tcp tsld012.htm
98.03.12 23:38 B D:\cdrom\lectures\tcp\tsld013.htm --> cps.msu.edu /user/cd/cps291/lectures/tcp tsld013.htm
98.03.12 23:38 B D:\cdrom\lectures\tcp\tsld014.htm --> cps.msu.edu /user/cd/cps291/lectures/tcp tsld014.htm
98.03.12 23:38 B D:\cdrom\lectures\tcp\tsld015.htm --> cps.msu.edu /user/cd/cps291/lectures/tcp tsld015.htm
98.03.12 23:38 B D:\cdrom\lectures\tcp\tsld016.htm --> cps.msu.edu /user/cd/cps291/lectures/tcp tsld016.htm
98.03.12 23:38 B D:\cdrom\lectures\tcp\tsld017.htm --> cps.msu.edu /user/cd/cps291/lectures/tcp tsld017.htm
98.03.12 23:38 B D:\cdrom\lectures\tcp\tsld018.htm --> cps.msu.edu /user/cd/cps291/lectures/tcp tsld018.htm
98.03.12 23:38 B D:\cdrom\lectures\tcp\tsld019.htm --> cps.msu.edu /user/cd/cps291/lectures/tcp tsld019.htm
98.03.12 23:38 B D:\cdrom\lectures\tcp\tsld020.htm --> cps.msu.edu /user/cd/cps291/lectures/tcp tsld020.htm
98.03.12 23:38 B D:\cdrom\lectures\tcp\tsld021.htm --> cps.msu.edu /user/cd/cps291/lectures/tcp tsld021.htm
98.03.12 23:38 B D:\cdrom\lectures\tcp\tsld022.htm --> cps.msu.edu /user/cd/cps291/lectures/tcp tsld022.htm
98.03.12 23:38 B D:\cdrom\lectures\tcp\tsld023.htm --> cps.msu.edu /user/cd/cps291/lectures/tcp tsld023.htm
98.03.12 23:38 B D:\cdrom\lectures\tcp\tsld024.htm --> cps.msu.edu /user/cd/cps291/lectures/tcp tsld024.htm
98.03.12 23:38 B D:\cdrom\lectures\tcp\tsld025.htm --> cps.msu.edu /user/cd/cps291/lectures/tcp tsld025.htm
98.03.12 23:38 B D:\cdrom\lectures\tcp\tsld026.htm --> cps.msu.edu /user/cd/cps291/lectures/tcp tsld026.htm
98.03.12 23:38 B D:\cdrom\lectures\tcp\tsld027.htm --> cps.msu.edu /user/cd/cps291/lectures/tcp tsld027.htm
98.03.12 23:38 B D:\cdrom\lectures\tcp\tsld028.htm --> cps.msu.edu /user/cd/cps291/lectures/tcp tsld028.htm
98.03.12 23:38 B D:\cdrom\lectures\tcp\tsld029.htm --> cps.msu.edu /user/cd/cps291/lectures/tcp tsld029.htm
98.03.12 23:38 B D:\cdrom\lectures\tcp\tsld030.htm --> cps.msu.edu /user/cd/cps291/lectures/tcp tsld030.htm
98.03.12 23:38 B D:\cdrom\lectures\tcp\tsld031.htm --> cps.msu.edu /user/cd/cps291/lectures/tcp tsld031.htm
98.03.12 23:38 B D:\cdrom\lectures\tcp\tsld032.htm --> cps.msu.edu /user/cd/cps291/lectures/tcp tsld032.htm
98.03.12 23:38 B D:\cdrom\lectures\tcp\tsld033.htm --> cps.msu.edu /user/cd/cps291/lectures/tcp tsld033.htm
98.03.12 23:38 B D:\cdrom\lectures\tcp\tsld034.htm --> cps.msu.edu /user/cd/cps291/lectures/tcp tsld034.htm
98.03.12 23:38 B D:\cdrom\lectures\tcp\tsld035.htm --> cps.msu.edu /user/cd/cps291/lectures/tcp tsld035.htm
98.03.12 23:38 B D:\cdrom\lectures\tcp\tsld036.htm --> cps.msu.edu /user/cd/cps291/lectures/tcp tsld036.htm
98.03.12 23:38 B D:\cdrom\lectures\tcp\tsld037.htm --> cps.msu.edu /user/cd/cps291/lectures/tcp tsld037.htm
98.03.12 23:38 B D:\cdrom\lectures\tcp\tsld038.htm --> cps.msu.edu /user/cd/cps291/lectures/tcp tsld038.htm
98.03.12 23:38 B D:\cdrom\lectures\tcp\vf001.htm --> cps.msu.edu /user/cd/cps291/lectures/tcp vf001.htm
98.03.12 23:38 B D:\cdrom\lectures\tcp\vf002.htm --> cps.msu.edu /user/cd/cps291/lectures/tcp vf002.htm
98.03.12 23:38 B D:\cdrom\lectures\tcp\vf003.htm --> cps.msu.edu /user/cd/cps291/lectures/tcp vf003.htm
98.03.12 23:38 B D:\cdrom\lectures\tcp\vf004.htm --> cps.msu.edu /user/cd/cps291/lectures/tcp vf004.htm
98.03.12 23:38 B D:\cdrom\lectures\tcp\vf005.htm --> cps.msu.edu /user/cd/cps291/lectures/tcp vf005.htm
98.03.12 23:38 B D:\cdrom\lectures\tcp\vf006.htm --> cps.msu.edu /user/cd/cps291/lectures/tcp vf006.htm
98.03.12 23:38 B D:\cdrom\lectures\tcp\vf007.htm --> cps.msu.edu /user/cd/cps291/lectures/tcp vf007.htm
98.03.12 23:38 B D:\cdrom\lectures\tcp\vf008.htm --> cps.msu.edu /user/cd/cps291/lectures/tcp vf008.htm
98.03.12 23:38 B D:\cdrom\lectures\tcp\vf009.htm --> cps.msu.edu /user/cd/cps291/lectures/tcp vf009.htm
98.03.12 23:38 B D:\cdrom\lectures\tcp\vf010.htm --> cps.msu.edu /user/cd/cps291/lectures/tcp vf010.htm
98.03.12 23:38 B D:\cdrom\lectures\tcp\vf011.htm --> cps.msu.edu /user/cd/cps291/lectures/tcp vf011.htm
98.03.12 23:38 B D:\cdrom\lectures\tcp\vf012.htm --> cps.msu.edu /user/cd/cps291/lectures/tcp vf012.htm
98.03.12 23:38 B D:\cdrom\lectures\tcp\vf013.htm --> cps.msu.edu /user/cd/cps291/lectures/tcp vf013.htm
98.03.12 23:38 B D:\cdrom\lectures\tcp\vf014.htm --> cps.msu.edu /user/cd/cps291/lectures/tcp vf014.htm
98.03.12 23:38 B D:\cdrom\lectures\tcp\vf015.htm --> cps.msu.edu /user/cd/cps291/lectures/tcp vf015.htm
98.03.12 23:38 B D:\cdrom\lectures\tcp\vf016.htm --> cps.msu.edu /user/cd/cps291/lectures/tcp vf016.htm
98.03.12 23:38 B D:\cdrom\lectures\tcp\vf017.htm --> cps.msu.edu /user/cd/cps291/lectures/tcp vf017.htm
98.03.12 23:38 B D:\cdrom\lectures\tcp\vf018.htm --> cps.msu.edu /user/cd/cps291/lectures/tcp vf018.htm
98.03.12 23:38 B D:\cdrom\lectures\tcp\vf019.htm --> cps.msu.edu /user/cd/cps291/lectures/tcp vf019.htm
98.03.12 23:39 B D:\cdrom\lectures\tcp\vf020.htm --> cps.msu.edu /user/cd/cps291/lectures/tcp vf020.htm
98.03.12 23:39 B D:\cdrom\lectures\tcp\vf021.htm --> cps.msu.edu /user/cd/cps291/lectures/tcp vf021.htm
98.03.12 23:39 B D:\cdrom\lectures\tcp\vf022.htm --> cps.msu.edu /user/cd/cps291/lectures/tcp vf022.htm
98.03.12 23:39 B D:\cdrom\lectures\tcp\vf023.htm --> cps.msu.edu /user/cd/cps291/lectures/tcp vf023.htm
98.03.12 23:39 B D:\cdrom\lectures\tcp\vf024.htm --> cps.msu.edu /user/cd/cps291/lectures/tcp vf024.htm
98.03.12 23:39 B D:\cdrom\lectures\tcp\vf025.htm --> cps.msu.edu /user/cd/cps291/lectures/tcp vf025.htm
98.03.12 23:39 B D:\cdrom\lectures\tcp\vf026.htm --> cps.msu.edu /user/cd/cps291/lectures/tcp vf026.htm
98.03.12 23:39 B D:\cdrom\lectures\tcp\vf027.htm --> cps.msu.edu /user/cd/cps291/lectures/tcp vf027.htm
98.03.12 23:39 B D:\cdrom\lectures\tcp\vf028.htm --> cps.msu.edu /user/cd/cps291/lectures/tcp vf028.htm
98.03.12 23:39 B D:\cdrom\lectures\tcp\vf029.htm --> cps.msu.edu /user/cd/cps291/lectures/tcp vf029.htm
98.03.12 23:39 B D:\cdrom\lectures\tcp\vf030.htm --> cps.msu.edu /user/cd/cps291/lectures/tcp vf030.htm
98.03.12 23:39 B D:\cdrom\lectures\tcp\vf031.htm --> cps.msu.edu /user/cd/cps291/lectures/tcp vf031.htm
98.03.12 23:39 B D:\cdrom\lectures\tcp\vf032.htm --> cps.msu.edu /user/cd/cps291/lectures/tcp vf032.htm
98.03.12 23:39 B D:\cdrom\lectures\tcp\vf033.htm --> cps.msu.edu /user/cd/cps291/lectures/tcp vf033.htm
98.03.12 23:39 B D:\cdrom\lectures\tcp\vf034.htm --> cps.msu.edu /user/cd/cps291/lectures/tcp vf034.htm
98.03.12 23:39 B D:\cdrom\lectures\tcp\vf035.htm --> cps.msu.edu /user/cd/cps291/lectures/tcp vf035.htm
98.03.12 23:39 B D:\cdrom\lectures\tcp\vf036.htm --> cps.msu.edu /user/cd/cps291/lectures/tcp vf036.htm
98.03.12 23:39 B D:\cdrom\lectures\tcp\vf037.htm --> cps.msu.edu /user/cd/cps291/lectures/tcp vf037.htm
98.03.12 23:39 B D:\cdrom\lectures\tcp\vf038.htm --> cps.msu.edu /user/cd/cps291/lectures/tcp vf038.htm
98.03.12 23:39 B D:\cdrom\lectures\tcp\vn001.htm --> cps.msu.edu /user/cd/cps291/lectures/tcp vn001.htm
98.03.12 23:39 B D:\cdrom\lectures\tcp\vn002.htm --> cps.msu.edu /user/cd/cps291/lectures/tcp vn002.htm
98.03.12 23:39 B D:\cdrom\lectures\tcp\vn003.htm --> cps.msu.edu /user/cd/cps291/lectures/tcp vn003.htm
98.03.12 23:39 B D:\cdrom\lectures\tcp\vn004.htm --> cps.msu.edu /user/cd/cps291/lectures/tcp vn004.htm
98.03.12 23:39 B D:\cdrom\lectures\tcp\vn005.htm --> cps.msu.edu /user/cd/cps291/lectures/tcp vn005.htm
98.03.12 23:39 B D:\cdrom\lectures\tcp\vn006.htm --> cps.msu.edu /user/cd/cps291/lectures/tcp vn006.htm
98.03.12 23:39 B D:\cdrom\lectures\tcp\vn007.htm --> cps.msu.edu /user/cd/cps291/lectures/tcp vn007.htm
98.03.12 23:39 B D:\cdrom\lectures\tcp\vn008.htm --> cps.msu.edu /user/cd/cps291/lectures/tcp vn008.htm
98.03.12 23:39 B D:\cdrom\lectures\tcp\vn009.htm --> cps.msu.edu /user/cd/cps291/lectures/tcp vn009.htm
98.03.12 23:39 B D:\cdrom\lectures\tcp\vn010.htm --> cps.msu.edu /user/cd/cps291/lectures/tcp vn010.htm
98.03.12 23:39 B D:\cdrom\lectures\tcp\vn011.htm --> cps.msu.edu /user/cd/cps291/lectures/tcp vn011.htm
98.03.12 23:39 B D:\cdrom\lectures\tcp\vn012.htm --> cps.msu.edu /user/cd/cps291/lectures/tcp vn012.htm
98.03.12 23:39 B D:\cdrom\lectures\tcp\vn013.htm --> cps.msu.edu /user/cd/cps291/lectures/tcp vn013.htm
98.03.12 23:39 B D:\cdrom\lectures\tcp\vn014.htm --> cps.msu.edu /user/cd/cps291/lectures/tcp vn014.htm
98.03.12 23:39 B D:\cdrom\lectures\tcp\vn015.htm --> cps.msu.edu /user/cd/cps291/lectures/tcp vn015.htm
98.03.12 23:39 B D:\cdrom\lectures\tcp\vn016.htm --> cps.msu.edu /user/cd/cps291/lectures/tcp vn016.htm
98.03.12 23:39 B D:\cdrom\lectures\tcp\vn017.htm --> cps.msu.edu /user/cd/cps291/lectures/tcp vn017.htm
98.03.12 23:39 B D:\cdrom\lectures\tcp\vn018.htm --> cps.msu.edu /user/cd/cps291/lectures/tcp vn018.htm
98.03.12 23:39 B D:\cdrom\lectures\tcp\vn019.htm --> cps.msu.edu /user/cd/cps291/lectures/tcp vn019.htm
98.03.12 23:39 B D:\cdrom\lectures\tcp\vn020.htm --> cps.msu.edu /user/cd/cps291/lectures/tcp vn020.htm
98.03.12 23:39 B D:\cdrom\lectures\tcp\vn021.htm --> cps.msu.edu /user/cd/cps291/lectures/tcp vn021.htm
98.03.12 23:39 B D:\cdrom\lectures\tcp\vn022.htm --> cps.msu.edu /user/cd/cps291/lectures/tcp vn022.htm
98.03.12 23:39 B D:\cdrom\lectures\tcp\vn023.htm --> cps.msu.edu /user/cd/cps291/lectures/tcp vn023.htm
98.03.12 23:39 B D:\cdrom\lectures\tcp\vn024.htm --> cps.msu.edu /user/cd/cps291/lectures/tcp vn024.htm
98.03.12 23:39 B D:\cdrom\lectures\tcp\vn025.htm --> cps.msu.edu /user/cd/cps291/lectures/tcp vn025.htm
98.03.12 23:39 B D:\cdrom\lectures\tcp\vn026.htm --> cps.msu.edu /user/cd/cps291/lectures/tcp vn026.htm
98.03.12 23:39 B D:\cdrom\lectures\tcp\vn027.htm --> cps.msu.edu /user/cd/cps291/lectures/tcp vn027.htm
98.03.12 23:39 B D:\cdrom\lectures\tcp\vn028.htm --> cps.msu.edu /user/cd/cps291/lectures/tcp vn028.htm
98.03.12 23:39 B D:\cdrom\lectures\tcp\vn029.htm --> cps.msu.edu /user/cd/cps291/lectures/tcp vn029.htm
98.03.12 23:39 B D:\cdrom\lectures\tcp\vn030.htm --> cps.msu.edu /user/cd/cps291/lectures/tcp vn030.htm
98.03.12 23:39 B D:\cdrom\lectures\tcp\vn031.htm --> cps.msu.edu /user/cd/cps291/lectures/tcp vn031.htm
98.03.12 23:39 B D:\cdrom\lectures\tcp\vn032.htm --> cps.msu.edu /user/cd/cps291/lectures/tcp vn032.htm
98.03.12 23:39 B D:\cdrom\lectures\tcp\vn033.htm --> cps.msu.edu /user/cd/cps291/lectures/tcp vn033.htm
98.03.12 23:39 B D:\cdrom\lectures\tcp\vn034.htm --> cps.msu.edu /user/cd/cps291/lectures/tcp vn034.htm
98.03.12 23:39 B D:\cdrom\lectures\tcp\vn035.htm --> cps.msu.edu /user/cd/cps291/lectures/tcp vn035.htm
98.03.12 23:39 B D:\cdrom\lectures\tcp\vn036.htm --> cps.msu.edu /user/cd/cps291/lectures/tcp vn036.htm
98.03.12 23:39 B D:\cdrom\lectures\tcp\vn037.htm --> cps.msu.edu /user/cd/cps291/lectures/tcp vn037.htm
98.03.12 23:39 B D:\cdrom\lectures\tcp\vn038.htm --> cps.msu.edu /user/cd/cps291/lectures/tcp vn038.htm
98.03.12 23:39 B D:\cdrom\lectures\tcp\vr001.rpm --> cps.msu.edu /user/cd/cps291/lectures/tcp vr001.rpm
98.03.12 23:39 B D:\cdrom\lectures\tcp\vr002.rpm --> cps.msu.edu /user/cd/cps291/lectures/tcp vr002.rpm
98.03.12 23:39 B D:\cdrom\lectures\tcp\vr003.rpm --> cps.msu.edu /user/cd/cps291/lectures/tcp vr003.rpm
98.03.12 23:39 B D:\cdrom\lectures\tcp\vr004.rpm --> cps.msu.edu /user/cd/cps291/lectures/tcp vr004.rpm
98.03.12 23:39 B D:\cdrom\lectures\tcp\vr005.rpm --> cps.msu.edu /user/cd/cps291/lectures/tcp vr005.rpm
98.03.12 23:39 B D:\cdrom\lectures\tcp\vr006.rpm --> cps.msu.edu /user/cd/cps291/lectures/tcp vr006.rpm
98.03.12 23:39 B D:\cdrom\lectures\tcp\vr007.rpm --> cps.msu.edu /user/cd/cps291/lectures/tcp vr007.rpm
98.03.12 23:39 B D:\cdrom\lectures\tcp\vr008.rpm --> cps.msu.edu /user/cd/cps291/lectures/tcp vr008.rpm
98.03.12 23:39 B D:\cdrom\lectures\tcp\vr009.rpm --> cps.msu.edu /user/cd/cps291/lectures/tcp vr009.rpm
98.03.12 23:39 B D:\cdrom\lectures\tcp\vr010.rpm --> cps.msu.edu /user/cd/cps291/lectures/tcp vr010.rpm
98.03.12 23:39 B D:\cdrom\lectures\tcp\vr011.rpm --> cps.msu.edu /user/cd/cps291/lectures/tcp vr011.rpm
98.03.12 23:39 B D:\cdrom\lectures\tcp\vr012.rpm --> cps.msu.edu /user/cd/cps291/lectures/tcp vr012.rpm
98.03.12 23:39 B D:\cdrom\lectures\tcp\vr013.rpm --> cps.msu.edu /user/cd/cps291/lectures/tcp vr013.rpm
98.03.12 23:39 B D:\cdrom\lectures\tcp\vr014.rpm --> cps.msu.edu /user/cd/cps291/lectures/tcp vr014.rpm
98.03.12 23:39 B D:\cdrom\lectures\tcp\vr015.rpm --> cps.msu.edu /user/cd/cps291/lectures/tcp vr015.rpm
98.03.12 23:39 B D:\cdrom\lectures\tcp\vr016.rpm --> cps.msu.edu /user/cd/cps291/lectures/tcp vr016.rpm
98.03.12 23:39 B D:\cdrom\lectures\tcp\vr017.rpm --> cps.msu.edu /user/cd/cps291/lectures/tcp vr017.rpm
98.03.12 23:39 B D:\cdrom\lectures\tcp\vr018.rpm --> cps.msu.edu /user/cd/cps291/lectures/tcp vr018.rpm
98.03.12 23:39 B D:\cdrom\lectures\tcp\vr019.rpm --> cps.msu.edu /user/cd/cps291/lectures/tcp vr019.rpm
98.03.12 23:39 B D:\cdrom\lectures\tcp\vr020.rpm --> cps.msu.edu /user/cd/cps291/lectures/tcp vr020.rpm
98.03.12 23:39 B D:\cdrom\lectures\tcp\vr021.rpm --> cps.msu.edu /user/cd/cps291/lectures/tcp vr021.rpm
98.03.12 23:39 B D:\cdrom\lectures\tcp\vr022.rpm --> cps.msu.edu /user/cd/cps291/lectures/tcp vr022.rpm
98.03.12 23:39 B D:\cdrom\lectures\tcp\vr023.rpm --> cps.msu.edu /user/cd/cps291/lectures/tcp vr023.rpm
98.03.12 23:39 B D:\cdrom\lectures\tcp\vr024.rpm --> cps.msu.edu /user/cd/cps291/lectures/tcp vr024.rpm
98.03.12 23:39 B D:\cdrom\lectures\tcp\vr025.rpm --> cps.msu.edu /user/cd/cps291/lectures/tcp vr025.rpm
98.03.12 23:39 B D:\cdrom\lectures\tcp\vr026.rpm --> cps.msu.edu /user/cd/cps291/lectures/tcp vr026.rpm
98.03.12 23:39 B D:\cdrom\lectures\tcp\vr027.rpm --> cps.msu.edu /user/cd/cps291/lectures/tcp vr027.rpm
98.03.12 23:39 B D:\cdrom\lectures\tcp\vr028.rpm --> cps.msu.edu /user/cd/cps291/lectures/tcp vr028.rpm
98.03.12 23:39 B D:\cdrom\lectures\tcp\vr029.rpm --> cps.msu.edu /user/cd/cps291/lectures/tcp vr029.rpm
98.03.12 23:39 B D:\cdrom\lectures\tcp\vr030.rpm --> cps.msu.edu /user/cd/cps291/lectures/tcp vr030.rpm
98.03.12 23:39 B D:\cdrom\lectures\tcp\vr031.rpm --> cps.msu.edu /user/cd/cps291/lectures/tcp vr031.rpm
98.03.12 23:39 B D:\cdrom\lectures\tcp\vr032.rpm --> cps.msu.edu /user/cd/cps291/lectures/tcp vr032.rpm
98.03.12 23:39 B D:\cdrom\lectures\tcp\vr033.rpm --> cps.msu.edu /user/cd/cps291/lectures/tcp vr033.rpm
98.03.12 23:39 B D:\cdrom\lectures\tcp\vr034.rpm --> cps.msu.edu /user/cd/cps291/lectures/tcp vr034.rpm
98.03.12 23:39 B D:\cdrom\lectures\tcp\vr035.rpm --> cps.msu.edu /user/cd/cps291/lectures/tcp vr035.rpm
98.03.12 23:39 B D:\cdrom\lectures\tcp\vr036.rpm --> cps.msu.edu /user/cd/cps291/lectures/tcp vr036.rpm
98.03.12 23:39 B D:\cdrom\lectures\tcp\vr037.rpm --> cps.msu.edu /user/cd/cps291/lectures/tcp vr037.rpm
98.03.12 23:39 B D:\cdrom\lectures\tcp\vr038.rpm --> cps.msu.edu /user/cd/cps291/lectures/tcp vr038.rpm
98.03.12 23:39 B D:\cdrom\lectures\tcp\WS_FTP.LOG --> cps.msu.edu /user/cd/cps291/lectures/tcp WS_FTP.LOG
98.03.13 09:20 B D:\cdrom\lectures\tcp\aaindex.crs --> cps.msu.edu /user/cd/cps291/lectures/tcp aaindex.crs
98.03.13 09:20 B D:\cdrom\lectures\tcp\aaindex.htm --> cps.msu.edu /user/cd/cps291/lectures/tcp aaindex.htm
98.03.13 09:20 B D:\cdrom\lectures\tcp\af001.htm --> cps.msu.edu /user/cd/cps291/lectures/tcp af001.htm
98.03.13 09:20 B D:\cdrom\lectures\tcp\af002.htm --> cps.msu.edu /user/cd/cps291/lectures/tcp af002.htm
98.03.13 09:20 B D:\cdrom\lectures\tcp\af003.htm --> cps.msu.edu /user/cd/cps291/lectures/tcp af003.htm
98.03.13 09:20 B D:\cdrom\lectures\tcp\af004.htm --> cps.msu.edu /user/cd/cps291/lectures/tcp af004.htm
98.03.13 09:20 B D:\cdrom\lectures\tcp\af005.htm --> cps.msu.edu /user/cd/cps291/lectures/tcp af005.htm
98.03.13 09:20 B D:\cdrom\lectures\tcp\af006.htm --> cps.msu.edu /user/cd/cps291/lectures/tcp af006.htm
98.03.13 09:20 B D:\cdrom\lectures\tcp\af007.htm --> cps.msu.edu /user/cd/cps291/lectures/tcp af007.htm
98.03.13 09:20 B D:\cdrom\lectures\tcp\af008.htm --> cps.msu.edu /user/cd/cps291/lectures/tcp af008.htm
98.03.13 09:20 B D:\cdrom\lectures\tcp\af009.htm --> cps.msu.edu /user/cd/cps291/lectures/tcp af009.htm
98.03.13 09:20 B D:\cdrom\lectures\tcp\af010.htm --> cps.msu.edu /user/cd/cps291/lectures/tcp af010.htm
98.03.13 09:20 B D:\cdrom\lectures\tcp\af011.htm --> cps.msu.edu /user/cd/cps291/lectures/tcp af011.htm
98.03.13 09:20 B D:\cdrom\lectures\tcp\af012.htm --> cps.msu.edu /user/cd/cps291/lectures/tcp af012.htm
98.03.13 09:20 B D:\cdrom\lectures\tcp\af013.htm --> cps.msu.edu /user/cd/cps291/lectures/tcp af013.htm
98.03.13 09:20 B D:\cdrom\lectures\tcp\af014.htm --> cps.msu.edu /user/cd/cps291/lectures/tcp af014.htm
98.03.13 09:20 B D:\cdrom\lectures\tcp\af015.htm --> cps.msu.edu /user/cd/cps291/lectures/tcp af015.htm
98.03.13 09:20 B D:\cdrom\lectures\tcp\af016.htm --> cps.msu.edu /user/cd/cps291/lectures/tcp af016.htm
98.03.13 09:20 B D:\cdrom\lectures\tcp\af017.htm --> cps.msu.edu /user/cd/cps291/lectures/tcp af017.htm
98.03.13 09:20 B D:\cdrom\lectures\tcp\af018.htm --> cps.msu.edu /user/cd/cps291/lectures/tcp af018.htm
98.03.13 09:20 B D:\cdrom\lectures\tcp\af019.htm --> cps.msu.edu /user/cd/cps291/lectures/tcp af019.htm
98.03.13 09:20 B D:\cdrom\lectures\tcp\af020.htm --> cps.msu.edu /user/cd/cps291/lectures/tcp af020.htm
98.03.13 09:20 B D:\cdrom\lectures\tcp\af021.htm --> cps.msu.edu /user/cd/cps291/lectures/tcp af021.htm
98.03.13 09:20 B D:\cdrom\lectures\tcp\af022.htm --> cps.msu.edu /user/cd/cps291/lectures/tcp af022.htm
98.03.13 09:20 B D:\cdrom\lectures\tcp\af023.htm --> cps.msu.edu /user/cd/cps291/lectures/tcp af023.htm
98.03.13 09:20 B D:\cdrom\lectures\tcp\af024.htm --> cps.msu.edu /user/cd/cps291/lectures/tcp af024.htm
98.03.13 09:20 B D:\cdrom\lectures\tcp\af025.htm --> cps.msu.edu /user/cd/cps291/lectures/tcp af025.htm
98.03.13 09:20 B D:\cdrom\lectures\tcp\af026.htm --> cps.msu.edu /user/cd/cps291/lectures/tcp af026.htm
98.03.13 09:20 B D:\cdrom\lectures\tcp\af027.htm --> cps.msu.edu /user/cd/cps291/lectures/tcp af027.htm
98.03.13 09:20 B D:\cdrom\lectures\tcp\af028.htm --> cps.msu.edu /user/cd/cps291/lectures/tcp af028.htm
98.03.13 09:20 B D:\cdrom\lectures\tcp\af029.htm --> cps.msu.edu /user/cd/cps291/lectures/tcp af029.htm
98.03.13 09:20 B D:\cdrom\lectures\tcp\af030.htm --> cps.msu.edu /user/cd/cps291/lectures/tcp af030.htm
98.03.13 09:20 B D:\cdrom\lectures\tcp\af031.htm --> cps.msu.edu /user/cd/cps291/lectures/tcp af031.htm
98.03.13 09:20 B D:\cdrom\lectures\tcp\af032.htm --> cps.msu.edu /user/cd/cps291/lectures/tcp af032.htm
98.03.13 09:20 B D:\cdrom\lectures\tcp\af033.htm --> cps.msu.edu /user/cd/cps291/lectures/tcp af033.htm
98.03.13 09:20 B D:\cdrom\lectures\tcp\af034.htm --> cps.msu.edu /user/cd/cps291/lectures/tcp af034.htm
98.03.13 09:20 B D:\cdrom\lectures\tcp\af035.htm --> cps.msu.edu /user/cd/cps291/lectures/tcp af035.htm
98.03.13 09:20 B D:\cdrom\lectures\tcp\af036.htm --> cps.msu.edu /user/cd/cps291/lectures/tcp af036.htm
98.03.13 09:20 B D:\cdrom\lectures\tcp\af037.htm --> cps.msu.edu /user/cd/cps291/lectures/tcp af037.htm
98.03.13 09:20 B D:\cdrom\lectures\tcp\af038.htm --> cps.msu.edu /user/cd/cps291/lectures/tcp af038.htm
98.03.13 09:20 B D:\cdrom\lectures\tcp\an001.htm --> cps.msu.edu /user/cd/cps291/lectures/tcp an001.htm
98.03.13 09:20 B D:\cdrom\lectures\tcp\an002.htm --> cps.msu.edu /user/cd/cps291/lectures/tcp an002.htm
98.03.13 09:20 B D:\cdrom\lectures\tcp\an003.htm --> cps.msu.edu /user/cd/cps291/lectures/tcp an003.htm
98.03.13 09:20 B D:\cdrom\lectures\tcp\an004.htm --> cps.msu.edu /user/cd/cps291/lectures/tcp an004.htm
98.03.13 09:20 B D:\cdrom\lectures\tcp\an005.htm --> cps.msu.edu /user/cd/cps291/lectures/tcp an005.htm
98.03.13 09:20 B D:\cdrom\lectures\tcp\an006.htm --> cps.msu.edu /user/cd/cps291/lectures/tcp an006.htm
98.03.13 09:20 B D:\cdrom\lectures\tcp\an007.htm --> cps.msu.edu /user/cd/cps291/lectures/tcp an007.htm
98.03.13 09:20 B D:\cdrom\lectures\tcp\an008.htm --> cps.msu.edu /user/cd/cps291/lectures/tcp an008.htm
98.03.13 09:20 B D:\cdrom\lectures\tcp\an009.htm --> cps.msu.edu /user/cd/cps291/lectures/tcp an009.htm
98.03.13 09:20 B D:\cdrom\lectures\tcp\an010.htm --> cps.msu.edu /user/cd/cps291/lectures/tcp an010.htm
98.03.13 09:20 B D:\cdrom\lectures\tcp\an011.htm --> cps.msu.edu /user/cd/cps291/lectures/tcp an011.htm
98.03.13 09:20 B D:\cdrom\lectures\tcp\an012.htm --> cps.msu.edu /user/cd/cps291/lectures/tcp an012.htm
98.03.13 09:20 B D:\cdrom\lectures\tcp\an013.htm --> cps.msu.edu /user/cd/cps291/lectures/tcp an013.htm
98.03.13 09:20 B D:\cdrom\lectures\tcp\an014.htm --> cps.msu.edu /user/cd/cps291/lectures/tcp an014.htm
98.03.13 09:20 B D:\cdrom\lectures\tcp\an015.htm --> cps.msu.edu /user/cd/cps291/lectures/tcp an015.htm
98.03.13 09:20 B D:\cdrom\lectures\tcp\an016.htm --> cps.msu.edu /user/cd/cps291/lectures/tcp an016.htm
98.03.13 09:20 B D:\cdrom\lectures\tcp\an017.htm --> cps.msu.edu /user/cd/cps291/lectures/tcp an017.htm
98.03.13 09:20 B D:\cdrom\lectures\tcp\an018.htm --> cps.msu.edu /user/cd/cps291/lectures/tcp an018.htm
98.03.13 09:20 B D:\cdrom\lectures\tcp\an019.htm --> cps.msu.edu /user/cd/cps291/lectures/tcp an019.htm
98.03.13 09:20 B D:\cdrom\lectures\tcp\an020.htm --> cps.msu.edu /user/cd/cps291/lectures/tcp an020.htm
98.03.13 09:20 B D:\cdrom\lectures\tcp\an021.htm --> cps.msu.edu /user/cd/cps291/lectures/tcp an021.htm
98.03.13 09:20 B D:\cdrom\lectures\tcp\an022.htm --> cps.msu.edu /user/cd/cps291/lectures/tcp an022.htm
98.03.13 09:20 B D:\cdrom\lectures\tcp\an023.htm --> cps.msu.edu /user/cd/cps291/lectures/tcp an023.htm
98.03.13 09:20 B D:\cdrom\lectures\tcp\an024.htm --> cps.msu.edu /user/cd/cps291/lectures/tcp an024.htm
98.03.13 09:20 B D:\cdrom\lectures\tcp\an025.htm --> cps.msu.edu /user/cd/cps291/lectures/tcp an025.htm
98.03.13 09:20 B D:\cdrom\lectures\tcp\an026.htm --> cps.msu.edu /user/cd/cps291/lectures/tcp an026.htm
98.03.13 09:20 B D:\cdrom\lectures\tcp\an027.htm --> cps.msu.edu /user/cd/cps291/lectures/tcp an027.htm
98.03.13 09:20 B D:\cdrom\lectures\tcp\an028.htm --> cps.msu.edu /user/cd/cps291/lectures/tcp an028.htm
98.03.13 09:20 B D:\cdrom\lectures\tcp\an029.htm --> cps.msu.edu /user/cd/cps291/lectures/tcp an029.htm
98.03.13 09:20 B D:\cdrom\lectures\tcp\an030.htm --> cps.msu.edu /user/cd/cps291/lectures/tcp an030.htm
98.03.13 09:21 B D:\cdrom\lectures\tcp\an031.htm --> cps.msu.edu /user/cd/cps291/lectures/tcp an031.htm
98.03.13 09:21 B D:\cdrom\lectures\tcp\an032.htm --> cps.msu.edu /user/cd/cps291/lectures/tcp an032.htm
98.03.13 09:21 B D:\cdrom\lectures\tcp\an033.htm --> cps.msu.edu /user/cd/cps291/lectures/tcp an033.htm
98.03.13 09:21 B D:\cdrom\lectures\tcp\an034.htm --> cps.msu.edu /user/cd/cps291/lectures/tcp an034.htm
98.03.13 09:21 B D:\cdrom\lectures\tcp\an035.htm --> cps.msu.edu /user/cd/cps291/lectures/tcp an035.htm
98.03.13 09:21 B D:\cdrom\lectures\tcp\an036.htm --> cps.msu.edu /user/cd/cps291/lectures/tcp an036.htm
98.03.13 09:21 B D:\cdrom\lectures\tcp\an037.htm --> cps.msu.edu /user/cd/cps291/lectures/tcp an037.htm
98.03.13 09:21 B D:\cdrom\lectures\tcp\an038.htm --> cps.msu.edu /user/cd/cps291/lectures/tcp an038.htm
98.03.13 09:21 B D:\cdrom\lectures\tcp\ar001.rpm --> cps.msu.edu /user/cd/cps291/lectures/tcp ar001.rpm
98.03.13 09:21 B D:\cdrom\lectures\tcp\ar002.rpm --> cps.msu.edu /user/cd/cps291/lectures/tcp ar002.rpm
98.03.13 09:21 B D:\cdrom\lectures\tcp\ar003.rpm --> cps.msu.edu /user/cd/cps291/lectures/tcp ar003.rpm
98.03.13 09:21 B D:\cdrom\lectures\tcp\ar004.rpm --> cps.msu.edu /user/cd/cps291/lectures/tcp ar004.rpm
98.03.13 09:21 B D:\cdrom\lectures\tcp\ar005.rpm --> cps.msu.edu /user/cd/cps291/lectures/tcp ar005.rpm
98.03.13 09:21 B D:\cdrom\lectures\tcp\ar006.rpm --> cps.msu.edu /user/cd/cps291/lectures/tcp ar006.rpm
98.03.13 09:21 B D:\cdrom\lectures\tcp\ar007.rpm --> cps.msu.edu /user/cd/cps291/lectures/tcp ar007.rpm
98.03.13 09:21 B D:\cdrom\lectures\tcp\ar008.rpm --> cps.msu.edu /user/cd/cps291/lectures/tcp ar008.rpm
98.03.13 09:21 B D:\cdrom\lectures\tcp\ar009.rpm --> cps.msu.edu /user/cd/cps291/lectures/tcp ar009.rpm
98.03.13 09:21 B D:\cdrom\lectures\tcp\ar010.rpm --> cps.msu.edu /user/cd/cps291/lectures/tcp ar010.rpm
98.03.13 09:21 B D:\cdrom\lectures\tcp\ar011.rpm --> cps.msu.edu /user/cd/cps291/lectures/tcp ar011.rpm
98.03.13 09:21 B D:\cdrom\lectures\tcp\ar012.rpm --> cps.msu.edu /user/cd/cps291/lectures/tcp ar012.rpm
98.03.13 09:21 B D:\cdrom\lectures\tcp\ar013.rpm --> cps.msu.edu /user/cd/cps291/lectures/tcp ar013.rpm
98.03.13 09:21 B D:\cdrom\lectures\tcp\ar014.rpm --> cps.msu.edu /user/cd/cps291/lectures/tcp ar014.rpm
98.03.13 09:21 B D:\cdrom\lectures\tcp\ar015.rpm --> cps.msu.edu /user/cd/cps291/lectures/tcp ar015.rpm
98.03.13 09:21 B D:\cdrom\lectures\tcp\ar016.rpm --> cps.msu.edu /user/cd/cps291/lectures/tcp ar016.rpm
98.03.13 09:21 B D:\cdrom\lectures\tcp\ar017.rpm --> cps.msu.edu /user/cd/cps291/lectures/tcp ar017.rpm
98.03.13 09:21 B D:\cdrom\lectures\tcp\ar018.rpm --> cps.msu.edu /user/cd/cps291/lectures/tcp ar018.rpm
98.03.13 09:21 B D:\cdrom\lectures\tcp\ar019.rpm --> cps.msu.edu /user/cd/cps291/lectures/tcp ar019.rpm
98.03.13 09:21 B D:\cdrom\lectures\tcp\ar020.rpm --> cps.msu.edu /user/cd/cps291/lectures/tcp ar020.rpm
98.03.13 09:21 B D:\cdrom\lectures\tcp\ar021.rpm --> cps.msu.edu /user/cd/cps291/lectures/tcp ar021.rpm
98.03.13 09:21 B D:\cdrom\lectures\tcp\ar022.rpm --> cps.msu.edu /user/cd/cps291/lectures/tcp ar022.rpm
98.03.13 09:21 B D:\cdrom\lectures\tcp\ar023.rpm --> cps.msu.edu /user/cd/cps291/lectures/tcp ar023.rpm
98.03.13 09:21 B D:\cdrom\lectures\tcp\ar024.rpm --> cps.msu.edu /user/cd/cps291/lectures/tcp ar024.rpm
98.03.13 09:21 B D:\cdrom\lectures\tcp\ar025.rpm --> cps.msu.edu /user/cd/cps291/lectures/tcp ar025.rpm
98.03.13 09:21 B D:\cdrom\lectures\tcp\ar026.rpm --> cps.msu.edu /user/cd/cps291/lectures/tcp ar026.rpm
98.03.13 09:21 B D:\cdrom\lectures\tcp\ar027.rpm --> cps.msu.edu /user/cd/cps291/lectures/tcp ar027.rpm
98.03.13 09:21 B D:\cdrom\lectures\tcp\ar028.rpm --> cps.msu.edu /user/cd/cps291/lectures/tcp ar028.rpm
98.03.13 09:21 B D:\cdrom\lectures\tcp\ar029.rpm --> cps.msu.edu /user/cd/cps291/lectures/tcp ar029.rpm
98.03.13 09:21 B D:\cdrom\lectures\tcp\ar030.rpm --> cps.msu.edu /user/cd/cps291/lectures/tcp ar030.rpm
98.03.13 09:21 B D:\cdrom\lectures\tcp\ar031.rpm --> cps.msu.edu /user/cd/cps291/lectures/tcp ar031.rpm
98.03.13 09:21 B D:\cdrom\lectures\tcp\ar032.rpm --> cps.msu.edu /user/cd/cps291/lectures/tcp ar032.rpm
98.03.13 09:21 B D:\cdrom\lectures\tcp\ar033.rpm --> cps.msu.edu /user/cd/cps291/lectures/tcp ar033.rpm
98.03.13 09:21 B D:\cdrom\lectures\tcp\ar034.rpm --> cps.msu.edu /user/cd/cps291/lectures/tcp ar034.rpm
98.03.13 09:21 B D:\cdrom\lectures\tcp\ar035.rpm --> cps.msu.edu /user/cd/cps291/lectures/tcp ar035.rpm
98.03.13 09:21 B D:\cdrom\lectures\tcp\ar036.rpm --> cps.msu.edu /user/cd/cps291/lectures/tcp ar036.rpm
98.03.13 09:21 B D:\cdrom\lectures\tcp\ar037.rpm --> cps.msu.edu /user/cd/cps291/lectures/tcp ar037.rpm
98.03.13 09:21 B D:\cdrom\lectures\tcp\ar038.rpm --> cps.msu.edu /user/cd/cps291/lectures/tcp ar038.rpm
98.03.13 09:21 B D:\cdrom\lectures\tcp\cache.htm --> cps.msu.edu /user/cd/cps291/lectures/tcp cache.htm
98.03.13 09:21 B D:\cdrom\lectures\tcp\empty.rpm --> cps.msu.edu /user/cd/cps291/lectures/tcp empty.rpm
98.03.13 09:21 B D:\cdrom\lectures\tcp\getreal.jpg --> cps.msu.edu /user/cd/cps291/lectures/tcp getreal.jpg
98.03.13 09:21 B D:\cdrom\lectures\tcp\img001.gif --> cps.msu.edu /user/cd/cps291/lectures/tcp img001.gif
98.03.13 09:21 B D:\cdrom\lectures\tcp\img002.gif --> cps.msu.edu /user/cd/cps291/lectures/tcp img002.gif
98.03.13 09:21 B D:\cdrom\lectures\tcp\img003.gif --> cps.msu.edu /user/cd/cps291/lectures/tcp img003.gif
98.03.13 09:21 B D:\cdrom\lectures\tcp\img004.gif --> cps.msu.edu /user/cd/cps291/lectures/tcp img004.gif
98.03.13 09:21 B D:\cdrom\lectures\tcp\img005.gif --> cps.msu.edu /user/cd/cps291/lectures/tcp img005.gif
98.03.13 09:21 B D:\cdrom\lectures\tcp\img006.gif --> cps.msu.edu /user/cd/cps291/lectures/tcp img006.gif
98.03.13 09:21 B D:\cdrom\lectures\tcp\img007.gif --> cps.msu.edu /user/cd/cps291/lectures/tcp img007.gif
98.03.13 09:21 B D:\cdrom\lectures\tcp\img008.gif --> cps.msu.edu /user/cd/cps291/lectures/tcp img008.gif
98.03.13 09:21 B D:\cdrom\lectures\tcp\img009.gif --> cps.msu.edu /user/cd/cps291/lectures/tcp img009.gif
98.03.13 09:21 B D:\cdrom\lectures\tcp\img010.gif --> cps.msu.edu /user/cd/cps291/lectures/tcp img010.gif
98.03.13 09:21 B D:\cdrom\lectures\tcp\img011.gif --> cps.msu.edu /user/cd/cps291/lectures/tcp img011.gif
98.03.13 09:21 B D:\cdrom\lectures\tcp\img012.gif --> cps.msu.edu /user/cd/cps291/lectures/tcp img012.gif
98.03.13 09:21 B D:\cdrom\lectures\tcp\img013.gif --> cps.msu.edu /user/cd/cps291/lectures/tcp img013.gif
98.03.13 09:21 B D:\cdrom\lectures\tcp\img014.gif --> cps.msu.edu /user/cd/cps291/lectures/tcp img014.gif
98.03.13 09:21 B D:\cdrom\lectures\tcp\img015.gif --> cps.msu.edu /user/cd/cps291/lectures/tcp img015.gif
98.03.13 09:21 B D:\cdrom\lectures\tcp\img016.gif --> cps.msu.edu /user/cd/cps291/lectures/tcp img016.gif
98.03.13 09:21 B D:\cdrom\lectures\tcp\img017.gif --> cps.msu.edu /user/cd/cps291/lectures/tcp img017.gif
98.03.13 09:21 B D:\cdrom\lectures\tcp\img018.gif --> cps.msu.edu /user/cd/cps291/lectures/tcp img018.gif
98.03.13 09:21 B D:\cdrom\lectures\tcp\img019.gif --> cps.msu.edu /user/cd/cps291/lectures/tcp img019.gif
98.03.13 09:21 B D:\cdrom\lectures\tcp\img020.gif --> cps.msu.edu /user/cd/cps291/lectures/tcp img020.gif
98.03.13 09:21 B D:\cdrom\lectures\tcp\img021.gif --> cps.msu.edu /user/cd/cps291/lectures/tcp img021.gif
98.03.13 09:21 B D:\cdrom\lectures\tcp\img022.gif --> cps.msu.edu /user/cd/cps291/lectures/tcp img022.gif
98.03.13 09:21 B D:\cdrom\lectures\tcp\img023.gif --> cps.msu.edu /user/cd/cps291/lectures/tcp img023.gif
98.03.13 09:21 B D:\cdrom\lectures\tcp\img024.gif --> cps.msu.edu /user/cd/cps291/lectures/tcp img024.gif
98.03.13 09:21 B D:\cdrom\lectures\tcp\img025.gif --> cps.msu.edu /user/cd/cps291/lectures/tcp img025.gif
98.03.13 09:21 B D:\cdrom\lectures\tcp\img026.gif --> cps.msu.edu /user/cd/cps291/lectures/tcp img026.gif
98.03.13 09:21 B D:\cdrom\lectures\tcp\img027.gif --> cps.msu.edu /user/cd/cps291/lectures/tcp img027.gif
98.03.13 09:21 B D:\cdrom\lectures\tcp\img028.gif --> cps.msu.edu /user/cd/cps291/lectures/tcp img028.gif
98.03.13 09:21 B D:\cdrom\lectures\tcp\img029.gif --> cps.msu.edu /user/cd/cps291/lectures/tcp img029.gif
98.03.13 09:21 B D:\cdrom\lectures\tcp\img030.gif --> cps.msu.edu /user/cd/cps291/lectures/tcp img030.gif
98.03.13 09:21 B D:\cdrom\lectures\tcp\img031.gif --> cps.msu.edu /user/cd/cps291/lectures/tcp img031.gif
98.03.13 09:21 B D:\cdrom\lectures\tcp\img032.gif --> cps.msu.edu /user/cd/cps291/lectures/tcp img032.gif
98.03.13 09:21 B D:\cdrom\lectures\tcp\img033.gif --> cps.msu.edu /user/cd/cps291/lectures/tcp img033.gif
98.03.13 09:21 B D:\cdrom\lectures\tcp\img034.gif --> cps.msu.edu /user/cd/cps291/lectures/tcp img034.gif
98.03.13 09:21 B D:\cdrom\lectures\tcp\img035.gif --> cps.msu.edu /user/cd/cps291/lectures/tcp img035.gif
98.03.13 09:21 B D:\cdrom\lectures\tcp\img036.gif --> cps.msu.edu /user/cd/cps291/lectures/tcp img036.gif
98.03.13 09:21 B D:\cdrom\lectures\tcp\img037.gif --> cps.msu.edu /user/cd/cps291/lectures/tcp img037.gif
98.03.13 09:21 B D:\cdrom\lectures\tcp\img038.gif --> cps.msu.edu /user/cd/cps291/lectures/tcp img038.gif
98.03.13 09:21 B D:\cdrom\lectures\tcp\img1.jpg --> cps.msu.edu /user/cd/cps291/lectures/tcp img1.jpg
98.03.13 09:21 B D:\cdrom\lectures\tcp\img10.jpg --> cps.msu.edu /user/cd/cps291/lectures/tcp img10.jpg
98.03.13 09:21 B D:\cdrom\lectures\tcp\img11.jpg --> cps.msu.edu /user/cd/cps291/lectures/tcp img11.jpg
98.03.13 09:21 B D:\cdrom\lectures\tcp\img12.jpg --> cps.msu.edu /user/cd/cps291/lectures/tcp img12.jpg
98.03.13 09:21 B D:\cdrom\lectures\tcp\img13.jpg --> cps.msu.edu /user/cd/cps291/lectures/tcp img13.jpg
98.03.13 09:21 B D:\cdrom\lectures\tcp\img14.jpg --> cps.msu.edu /user/cd/cps291/lectures/tcp img14.jpg
98.03.13 09:21 B D:\cdrom\lectures\tcp\img15.jpg --> cps.msu.edu /user/cd/cps291/lectures/tcp img15.jpg
98.03.13 09:21 B D:\cdrom\lectures\tcp\img16.jpg --> cps.msu.edu /user/cd/cps291/lectures/tcp img16.jpg
98.03.13 09:21 B D:\cdrom\lectures\tcp\img17.jpg --> cps.msu.edu /user/cd/cps291/lectures/tcp img17.jpg
98.03.13 09:21 B D:\cdrom\lectures\tcp\img18.jpg --> cps.msu.edu /user/cd/cps291/lectures/tcp img18.jpg
98.03.13 09:21 B D:\cdrom\lectures\tcp\img19.jpg --> cps.msu.edu /user/cd/cps291/lectures/tcp img19.jpg
98.03.13 09:21 B D:\cdrom\lectures\tcp\img2.jpg --> cps.msu.edu /user/cd/cps291/lectures/tcp img2.jpg
98.03.13 09:21 B D:\cdrom\lectures\tcp\img20.jpg --> cps.msu.edu /user/cd/cps291/lectures/tcp img20.jpg
98.03.13 09:21 B D:\cdrom\lectures\tcp\img21.jpg --> cps.msu.edu /user/cd/cps291/lectures/tcp img21.jpg
98.03.13 09:21 B D:\cdrom\lectures\tcp\img22.jpg --> cps.msu.edu /user/cd/cps291/lectures/tcp img22.jpg
98.03.13 09:21 B D:\cdrom\lectures\tcp\img23.jpg --> cps.msu.edu /user/cd/cps291/lectures/tcp img23.jpg
98.03.13 09:21 B D:\cdrom\lectures\tcp\img24.jpg --> cps.msu.edu /user/cd/cps291/lectures/tcp img24.jpg
98.03.13 09:21 B D:\cdrom\lectures\tcp\img25.jpg --> cps.msu.edu /user/cd/cps291/lectures/tcp img25.jpg
98.03.13 09:21 B D:\cdrom\lectures\tcp\img26.jpg --> cps.msu.edu /user/cd/cps291/lectures/tcp img26.jpg
98.03.13 09:21 B D:\cdrom\lectures\tcp\img27.jpg --> cps.msu.edu /user/cd/cps291/lectures/tcp img27.jpg
98.03.13 09:21 B D:\cdrom\lectures\tcp\img28.jpg --> cps.msu.edu /user/cd/cps291/lectures/tcp img28.jpg
98.03.13 09:21 B D:\cdrom\lectures\tcp\img29.jpg --> cps.msu.edu /user/cd/cps291/lectures/tcp img29.jpg
98.03.13 09:21 B D:\cdrom\lectures\tcp\img3.jpg --> cps.msu.edu /user/cd/cps291/lectures/tcp img3.jpg
98.03.13 09:21 B D:\cdrom\lectures\tcp\img30.jpg --> cps.msu.edu /user/cd/cps291/lectures/tcp img30.jpg
98.03.13 09:21 B D:\cdrom\lectures\tcp\img31.jpg --> cps.msu.edu /user/cd/cps291/lectures/tcp img31.jpg
98.03.13 09:21 B D:\cdrom\lectures\tcp\img32.jpg --> cps.msu.edu /user/cd/cps291/lectures/tcp img32.jpg
98.03.13 09:21 B D:\cdrom\lectures\tcp\img33.jpg --> cps.msu.edu /user/cd/cps291/lectures/tcp img33.jpg
98.03.13 09:21 B D:\cdrom\lectures\tcp\img34.jpg --> cps.msu.edu /user/cd/cps291/lectures/tcp img34.jpg
98.03.13 09:21 B D:\cdrom\lectures\tcp\img35.jpg --> cps.msu.edu /user/cd/cps291/lectures/tcp img35.jpg
98.03.13 09:21 B D:\cdrom\lectures\tcp\img36.jpg --> cps.msu.edu /user/cd/cps291/lectures/tcp img36.jpg
98.03.13 09:21 B D:\cdrom\lectures\tcp\img37.jpg --> cps.msu.edu /user/cd/cps291/lectures/tcp img37.jpg
98.03.13 09:21 B D:\cdrom\lectures\tcp\img38.jpg --> cps.msu.edu /user/cd/cps291/lectures/tcp img38.jpg
98.03.13 09:21 B D:\cdrom\lectures\tcp\img4.jpg --> cps.msu.edu /user/cd/cps291/lectures/tcp img4.jpg
98.03.13 09:21 B D:\cdrom\lectures\tcp\img5.jpg --> cps.msu.edu /user/cd/cps291/lectures/tcp img5.jpg
98.03.13 09:21 B D:\cdrom\lectures\tcp\img6.jpg --> cps.msu.edu /user/cd/cps291/lectures/tcp img6.jpg
98.03.13 09:21 B D:\cdrom\lectures\tcp\img7.jpg --> cps.msu.edu /user/cd/cps291/lectures/tcp img7.jpg
98.03.13 09:21 B D:\cdrom\lectures\tcp\img8.jpg --> cps.msu.edu /user/cd/cps291/lectures/tcp img8.jpg
98.03.13 09:21 B D:\cdrom\lectures\tcp\img9.jpg --> cps.msu.edu /user/cd/cps291/lectures/tcp img9.jpg
98.03.13 09:21 B D:\cdrom\lectures\tcp\index.crs --> cps.msu.edu /user/cd/cps291/lectures/tcp index.crs
98.03.13 09:21 B D:\cdrom\lectures\tcp\index.htm --> cps.msu.edu /user/cd/cps291/lectures/tcp index.htm
98.03.13 09:21 B D:\cdrom\lectures\tcp\inst160.gif --> cps.msu.edu /user/cd/cps291/lectures/tcp inst160.gif
98.03.13 09:21 B D:\cdrom\lectures\tcp\jlist.htm --> cps.msu.edu /user/cd/cps291/lectures/tcp jlist.htm
98.03.13 09:21 B D:\cdrom\lectures\tcp\list.htm --> cps.msu.edu /user/cd/cps291/lectures/tcp list.htm
98.03.13 09:21 B D:\cdrom\lectures\tcp\log.log --> cps.msu.edu /user/cd/cps291/lectures/tcp log.log
98.03.13 09:21 B D:\cdrom\lectures\tcp\makeind.mnu --> cps.msu.edu /user/cd/cps291/lectures/tcp makeind.mnu
98.03.13 09:21 B D:\cdrom\lectures\tcp\makeind.sed --> cps.msu.edu /user/cd/cps291/lectures/tcp makeind.sed
98.03.13 09:21 B D:\cdrom\lectures\tcp\navcal.gif --> cps.msu.edu /user/cd/cps291/lectures/tcp navcal.gif
98.03.13 09:21 B D:\cdrom\lectures\tcp\process.bat --> cps.msu.edu /user/cd/cps291/lectures/tcp process.bat
98.03.13 09:21 B D:\cdrom\lectures\tcp\sld001.htm --> cps.msu.edu /user/cd/cps291/lectures/tcp sld001.htm
98.03.13 09:21 B D:\cdrom\lectures\tcp\sld002.htm --> cps.msu.edu /user/cd/cps291/lectures/tcp sld002.htm
98.03.13 09:21 B D:\cdrom\lectures\tcp\sld003.htm --> cps.msu.edu /user/cd/cps291/lectures/tcp sld003.htm
98.03.13 09:21 B D:\cdrom\lectures\tcp\sld004.htm --> cps.msu.edu /user/cd/cps291/lectures/tcp sld004.htm
98.03.13 09:21 B D:\cdrom\lectures\tcp\sld005.htm --> cps.msu.edu /user/cd/cps291/lectures/tcp sld005.htm
98.03.13 09:21 B D:\cdrom\lectures\tcp\sld006.htm --> cps.msu.edu /user/cd/cps291/lectures/tcp sld006.htm
98.03.13 09:21 B D:\cdrom\lectures\tcp\sld007.htm --> cps.msu.edu /user/cd/cps291/lectures/tcp sld007.htm
98.03.13 09:21 B D:\cdrom\lectures\tcp\sld008.htm --> cps.msu.edu /user/cd/cps291/lectures/tcp sld008.htm
98.03.13 09:21 B D:\cdrom\lectures\tcp\sld009.htm --> cps.msu.edu /user/cd/cps291/lectures/tcp sld009.htm
98.03.13 09:21 B D:\cdrom\lectures\tcp\sld010.htm --> cps.msu.edu /user/cd/cps291/lectures/tcp sld010.htm
98.03.13 09:21 B D:\cdrom\lectures\tcp\sld011.htm --> cps.msu.edu /user/cd/cps291/lectures/tcp sld011.htm
98.03.13 09:21 B D:\cdrom\lectures\tcp\sld012.htm --> cps.msu.edu /user/cd/cps291/lectures/tcp sld012.htm
98.03.13 09:21 B D:\cdrom\lectures\tcp\sld013.htm --> cps.msu.edu /user/cd/cps291/lectures/tcp sld013.htm
98.03.13 09:21 B D:\cdrom\lectures\tcp\sld014.htm --> cps.msu.edu /user/cd/cps291/lectures/tcp sld014.htm
98.03.13 09:21 B D:\cdrom\lectures\tcp\sld015.htm --> cps.msu.edu /user/cd/cps291/lectures/tcp sld015.htm
98.03.13 09:21 B D:\cdrom\lectures\tcp\sld016.htm --> cps.msu.edu /user/cd/cps291/lectures/tcp sld016.htm
98.03.13 09:21 B D:\cdrom\lectures\tcp\sld017.htm --> cps.msu.edu /user/cd/cps291/lectures/tcp sld017.htm
98.03.13 09:21 B D:\cdrom\lectures\tcp\sld018.htm --> cps.msu.edu /user/cd/cps291/lectures/tcp sld018.htm
98.03.13 09:21 B D:\cdrom\lectures\tcp\sld019.htm --> cps.msu.edu /user/cd/cps291/lectures/tcp sld019.htm
98.03.13 09:21 B D:\cdrom\lectures\tcp\sld020.htm --> cps.msu.edu /user/cd/cps291/lectures/tcp sld020.htm
98.03.13 09:21 B D:\cdrom\lectures\tcp\sld021.htm --> cps.msu.edu /user/cd/cps291/lectures/tcp sld021.htm
98.03.13 09:21 B D:\cdrom\lectures\tcp\sld022.htm --> cps.msu.edu /user/cd/cps291/lectures/tcp sld022.htm
98.03.13 09:21 B D:\cdrom\lectures\tcp\sld023.htm --> cps.msu.edu /user/cd/cps291/lectures/tcp sld023.htm
98.03.13 09:21 B D:\cdrom\lectures\tcp\sld024.htm --> cps.msu.edu /user/cd/cps291/lectures/tcp sld024.htm
98.03.13 09:21 B D:\cdrom\lectures\tcp\sld025.htm --> cps.msu.edu /user/cd/cps291/lectures/tcp sld025.htm
98.03.13 09:21 B D:\cdrom\lectures\tcp\sld026.htm --> cps.msu.edu /user/cd/cps291/lectures/tcp sld026.htm
98.03.13 09:21 B D:\cdrom\lectures\tcp\sld027.htm --> cps.msu.edu /user/cd/cps291/lectures/tcp sld027.htm
98.03.13 09:21 B D:\cdrom\lectures\tcp\sld028.htm --> cps.msu.edu /user/cd/cps291/lectures/tcp sld028.htm
98.03.13 09:21 B D:\cdrom\lectures\tcp\sld029.htm --> cps.msu.edu /user/cd/cps291/lectures/tcp sld029.htm
98.03.13 09:21 B D:\cdrom\lectures\tcp\sld030.htm --> cps.msu.edu /user/cd/cps291/lectures/tcp sld030.htm
98.03.13 09:21 B D:\cdrom\lectures\tcp\sld031.htm --> cps.msu.edu /user/cd/cps291/lectures/tcp sld031.htm
98.03.13 09:21 B D:\cdrom\lectures\tcp\sld032.htm --> cps.msu.edu /user/cd/cps291/lectures/tcp sld032.htm
98.03.13 09:21 B D:\cdrom\lectures\tcp\sld033.htm --> cps.msu.edu /user/cd/cps291/lectures/tcp sld033.htm
98.03.13 09:21 B D:\cdrom\lectures\tcp\sld034.htm --> cps.msu.edu /user/cd/cps291/lectures/tcp sld034.htm
98.03.13 09:21 B D:\cdrom\lectures\tcp\sld035.htm --> cps.msu.edu /user/cd/cps291/lectures/tcp sld035.htm
98.03.13 09:21 B D:\cdrom\lectures\tcp\sld036.htm --> cps.msu.edu /user/cd/cps291/lectures/tcp sld036.htm
98.03.13 09:21 B D:\cdrom\lectures\tcp\sld037.htm --> cps.msu.edu /user/cd/cps291/lectures/tcp sld037.htm
98.03.13 09:21 B D:\cdrom\lectures\tcp\sld038.htm --> cps.msu.edu /user/cd/cps291/lectures/tcp sld038.htm
98.03.13 09:22 B D:\cdrom\lectures\tcp\tcp1.ra --> cps.msu.edu /user/cd/cps291/lectures/tcp tcp1.ra
98.03.13 09:22 B D:\cdrom\lectures\tcp\tcp1.rat --> cps.msu.edu /user/cd/cps291/lectures/tcp tcp1.rat
98.03.13 09:22 B D:\cdrom\lectures\tcp\tcp1.rm --> cps.msu.edu /user/cd/cps291/lectures/tcp tcp1.rm
98.03.13 09:22 B D:\cdrom\lectures\tcp\tcp1a.ram --> cps.msu.edu /user/cd/cps291/lectures/tcp tcp1a.ram
98.03.13 09:22 B D:\cdrom\lectures\tcp\tcp1a.rpm --> cps.msu.edu /user/cd/cps291/lectures/tcp tcp1a.rpm
98.03.13 09:22 B D:\cdrom\lectures\tcp\tcp1af.htm --> cps.msu.edu /user/cd/cps291/lectures/tcp tcp1af.htm
98.03.13 09:22 B D:\cdrom\lectures\tcp\tcp1an.htm --> cps.msu.edu /user/cd/cps291/lectures/tcp tcp1an.htm
98.03.13 09:22 B D:\cdrom\lectures\tcp\tcp1ap.ram --> cps.msu.edu /user/cd/cps291/lectures/tcp tcp1ap.ram
98.03.13 09:22 B D:\cdrom\lectures\tcp\tcp1v.ram --> cps.msu.edu /user/cd/cps291/lectures/tcp tcp1v.ram
98.03.13 09:22 B D:\cdrom\lectures\tcp\tcp1v.rpm --> cps.msu.edu /user/cd/cps291/lectures/tcp tcp1v.rpm
98.03.13 09:22 B D:\cdrom\lectures\tcp\tcp1vf.htm --> cps.msu.edu /user/cd/cps291/lectures/tcp tcp1vf.htm
98.03.13 09:22 B D:\cdrom\lectures\tcp\tcp1vn.htm --> cps.msu.edu /user/cd/cps291/lectures/tcp tcp1vn.htm
98.03.13 09:22 B D:\cdrom\lectures\tcp\tcp1vp.ram --> cps.msu.edu /user/cd/cps291/lectures/tcp tcp1vp.ram
98.03.13 09:22 B D:\cdrom\lectures\tcp\tcp2.ra --> cps.msu.edu /user/cd/cps291/lectures/tcp tcp2.ra
98.03.13 09:22 B D:\cdrom\lectures\tcp\tcp2.rat --> cps.msu.edu /user/cd/cps291/lectures/tcp tcp2.rat
98.03.13 09:23 B D:\cdrom\lectures\tcp\tcp2.rm --> cps.msu.edu /user/cd/cps291/lectures/tcp tcp2.rm
98.03.13 09:23 B D:\cdrom\lectures\tcp\tcp2a.ram --> cps.msu.edu /user/cd/cps291/lectures/tcp tcp2a.ram
98.03.13 09:23 B D:\cdrom\lectures\tcp\tcp2a.rpm --> cps.msu.edu /user/cd/cps291/lectures/tcp tcp2a.rpm
98.03.13 09:23 B D:\cdrom\lectures\tcp\tcp2af.htm --> cps.msu.edu /user/cd/cps291/lectures/tcp tcp2af.htm
98.03.13 09:23 B D:\cdrom\lectures\tcp\tcp2an.htm --> cps.msu.edu /user/cd/cps291/lectures/tcp tcp2an.htm
98.03.13 09:23 B D:\cdrom\lectures\tcp\tcp2ap.ram --> cps.msu.edu /user/cd/cps291/lectures/tcp tcp2ap.ram
98.03.13 09:23 B D:\cdrom\lectures\tcp\tcp2v.ram --> cps.msu.edu /user/cd/cps291/lectures/tcp tcp2v.ram
98.03.13 09:23 B D:\cdrom\lectures\tcp\tcp2v.rpm --> cps.msu.edu /user/cd/cps291/lectures/tcp tcp2v.rpm
98.03.13 09:23 B D:\cdrom\lectures\tcp\tcp2vf.htm --> cps.msu.edu /user/cd/cps291/lectures/tcp tcp2vf.htm
98.03.13 09:23 B D:\cdrom\lectures\tcp\tcp2vn.htm --> cps.msu.edu /user/cd/cps291/lectures/tcp tcp2vn.htm
98.03.13 09:23 B D:\cdrom\lectures\tcp\tcp2vp.ram --> cps.msu.edu /user/cd/cps291/lectures/tcp tcp2vp.ram
98.03.13 09:23 B D:\cdrom\lectures\tcp\tcp3.ra --> cps.msu.edu /user/cd/cps291/lectures/tcp tcp3.ra
98.03.13 09:23 B D:\cdrom\lectures\tcp\tcp3.rat --> cps.msu.edu /user/cd/cps291/lectures/tcp tcp3.rat
98.03.13 09:23 B D:\cdrom\lectures\tcp\tcp3.rm --> cps.msu.edu /user/cd/cps291/lectures/tcp tcp3.rm
98.03.13 09:23 B D:\cdrom\lectures\tcp\tcp3a.ram --> cps.msu.edu /user/cd/cps291/lectures/tcp tcp3a.ram
98.03.13 09:23 B D:\cdrom\lectures\tcp\tcp3a.rpm --> cps.msu.edu /user/cd/cps291/lectures/tcp tcp3a.rpm
98.03.13 09:23 B D:\cdrom\lectures\tcp\tcp3af.htm --> cps.msu.edu /user/cd/cps291/lectures/tcp tcp3af.htm
98.03.13 09:23 B D:\cdrom\lectures\tcp\tcp3an.htm --> cps.msu.edu /user/cd/cps291/lectures/tcp tcp3an.htm
98.03.13 09:23 B D:\cdrom\lectures\tcp\tcp3ap.ram --> cps.msu.edu /user/cd/cps291/lectures/tcp tcp3ap.ram
98.03.13 09:23 B D:\cdrom\lectures\tcp\tcp3v.ram --> cps.msu.edu /user/cd/cps291/lectures/tcp tcp3v.ram
98.03.13 09:23 B D:\cdrom\lectures\tcp\tcp3v.rpm --> cps.msu.edu /user/cd/cps291/lectures/tcp tcp3v.rpm
98.03.13 09:23 B D:\cdrom\lectures\tcp\tcp3vf.htm --> cps.msu.edu /user/cd/cps291/lectures/tcp tcp3vf.htm
98.03.13 09:23 B D:\cdrom\lectures\tcp\tcp3vn.htm --> cps.msu.edu /user/cd/cps291/lectures/tcp tcp3vn.htm
98.03.13 09:23 B D:\cdrom\lectures\tcp\tcp3vp.ram --> cps.msu.edu /user/cd/cps291/lectures/tcp tcp3vp.ram
98.03.13 09:23 B D:\cdrom\lectures\tcp\tlist.htm --> cps.msu.edu /user/cd/cps291/lectures/tcp tlist.htm
98.03.13 09:23 B D:\cdrom\lectures\tcp\tmp.tmp --> cps.msu.edu /user/cd/cps291/lectures/tcp tmp.tmp
98.03.13 09:23 B D:\cdrom\lectures\tcp\top.htm --> cps.msu.edu /user/cd/cps291/lectures/tcp top.htm
98.03.13 09:23 B D:\cdrom\lectures\tcp\tsld001.htm --> cps.msu.edu /user/cd/cps291/lectures/tcp tsld001.htm
98.03.13 09:23 B D:\cdrom\lectures\tcp\tsld002.htm --> cps.msu.edu /user/cd/cps291/lectures/tcp tsld002.htm
98.03.13 09:23 B D:\cdrom\lectures\tcp\tsld003.htm --> cps.msu.edu /user/cd/cps291/lectures/tcp tsld003.htm
98.03.13 09:23 B D:\cdrom\lectures\tcp\tsld004.htm --> cps.msu.edu /user/cd/cps291/lectures/tcp tsld004.htm
98.03.13 09:23 B D:\cdrom\lectures\tcp\tsld005.htm --> cps.msu.edu /user/cd/cps291/lectures/tcp tsld005.htm
98.03.13 09:23 B D:\cdrom\lectures\tcp\tsld006.htm --> cps.msu.edu /user/cd/cps291/lectures/tcp tsld006.htm
98.03.13 09:23 B D:\cdrom\lectures\tcp\tsld007.htm --> cps.msu.edu /user/cd/cps291/lectures/tcp tsld007.htm
98.03.13 09:23 B D:\cdrom\lectures\tcp\tsld008.htm --> cps.msu.edu /user/cd/cps291/lectures/tcp tsld008.htm
98.03.13 09:23 B D:\cdrom\lectures\tcp\tsld009.htm --> cps.msu.edu /user/cd/cps291/lectures/tcp tsld009.htm
98.03.13 09:23 B D:\cdrom\lectures\tcp\tsld010.htm --> cps.msu.edu /user/cd/cps291/lectures/tcp tsld010.htm
98.03.13 09:23 B D:\cdrom\lectures\tcp\tsld011.htm --> cps.msu.edu /user/cd/cps291/lectures/tcp tsld011.htm
98.03.13 09:23 B D:\cdrom\lectures\tcp\tsld012.htm --> cps.msu.edu /user/cd/cps291/lectures/tcp tsld012.htm
98.03.13 09:23 B D:\cdrom\lectures\tcp\tsld013.htm --> cps.msu.edu /user/cd/cps291/lectures/tcp tsld013.htm
98.03.13 09:23 B D:\cdrom\lectures\tcp\tsld014.htm --> cps.msu.edu /user/cd/cps291/lectures/tcp tsld014.htm
98.03.13 09:23 B D:\cdrom\lectures\tcp\tsld015.htm --> cps.msu.edu /user/cd/cps291/lectures/tcp tsld015.htm
98.03.13 09:23 B D:\cdrom\lectures\tcp\tsld016.htm --> cps.msu.edu /user/cd/cps291/lectures/tcp tsld016.htm
98.03.13 09:23 B D:\cdrom\lectures\tcp\tsld017.htm --> cps.msu.edu /user/cd/cps291/lectures/tcp tsld017.htm
98.03.13 09:23 B D:\cdrom\lectures\tcp\tsld018.htm --> cps.msu.edu /user/cd/cps291/lectures/tcp tsld018.htm
98.03.13 09:23 B D:\cdrom\lectures\tcp\tsld019.htm --> cps.msu.edu /user/cd/cps291/lectures/tcp tsld019.htm
98.03.13 09:23 B D:\cdrom\lectures\tcp\tsld020.htm --> cps.msu.edu /user/cd/cps291/lectures/tcp tsld020.htm
98.03.13 09:23 B D:\cdrom\lectures\tcp\tsld021.htm --> cps.msu.edu /user/cd/cps291/lectures/tcp tsld021.htm
98.03.13 09:23 B D:\cdrom\lectures\tcp\tsld022.htm --> cps.msu.edu /user/cd/cps291/lectures/tcp tsld022.htm
98.03.13 09:23 B D:\cdrom\lectures\tcp\tsld023.htm --> cps.msu.edu /user/cd/cps291/lectures/tcp tsld023.htm
98.03.13 09:23 B D:\cdrom\lectures\tcp\tsld024.htm --> cps.msu.edu /user/cd/cps291/lectures/tcp tsld024.htm
98.03.13 09:23 B D:\cdrom\lectures\tcp\tsld025.htm --> cps.msu.edu /user/cd/cps291/lectures/tcp tsld025.htm
98.03.13 09:23 B D:\cdrom\lectures\tcp\tsld026.htm --> cps.msu.edu /user/cd/cps291/lectures/tcp tsld026.htm
98.03.13 09:23 B D:\cdrom\lectures\tcp\tsld027.htm --> cps.msu.edu /user/cd/cps291/lectures/tcp tsld027.htm
98.03.13 09:23 B D:\cdrom\lectures\tcp\tsld028.htm --> cps.msu.edu /user/cd/cps291/lectures/tcp tsld028.htm
98.03.13 09:23 B D:\cdrom\lectures\tcp\tsld029.htm --> cps.msu.edu /user/cd/cps291/lectures/tcp tsld029.htm
98.03.13 09:23 B D:\cdrom\lectures\tcp\tsld030.htm --> cps.msu.edu /user/cd/cps291/lectures/tcp tsld030.htm
98.03.13 09:23 B D:\cdrom\lectures\tcp\tsld031.htm --> cps.msu.edu /user/cd/cps291/lectures/tcp tsld031.htm
98.03.13 09:23 B D:\cdrom\lectures\tcp\tsld032.htm --> cps.msu.edu /user/cd/cps291/lectures/tcp tsld032.htm
98.03.13 09:23 B D:\cdrom\lectures\tcp\tsld033.htm --> cps.msu.edu /user/cd/cps291/lectures/tcp tsld033.htm
98.03.13 09:23 B D:\cdrom\lectures\tcp\tsld034.htm --> cps.msu.edu /user/cd/cps291/lectures/tcp tsld034.htm
98.03.13 09:23 B D:\cdrom\lectures\tcp\tsld035.htm --> cps.msu.edu /user/cd/cps291/lectures/tcp tsld035.htm
98.03.13 09:23 B D:\cdrom\lectures\tcp\tsld036.htm --> cps.msu.edu /user/cd/cps291/lectures/tcp tsld036.htm
98.03.13 09:23 B D:\cdrom\lectures\tcp\tsld037.htm --> cps.msu.edu /user/cd/cps291/lectures/tcp tsld037.htm
98.03.13 09:23 B D:\cdrom\lectures\tcp\tsld038.htm --> cps.msu.edu /user/cd/cps291/lectures/tcp tsld038.htm
98.03.13 09:23 B D:\cdrom\lectures\tcp\vf001.htm --> cps.msu.edu /user/cd/cps291/lectures/tcp vf001.htm
98.03.13 09:23 B D:\cdrom\lectures\tcp\vf002.htm --> cps.msu.edu /user/cd/cps291/lectures/tcp vf002.htm
98.03.13 09:23 B D:\cdrom\lectures\tcp\vf003.htm --> cps.msu.edu /user/cd/cps291/lectures/tcp vf003.htm
98.03.13 09:23 B D:\cdrom\lectures\tcp\vf004.htm --> cps.msu.edu /user/cd/cps291/lectures/tcp vf004.htm
98.03.13 09:23 B D:\cdrom\lectures\tcp\vf005.htm --> cps.msu.edu /user/cd/cps291/lectures/tcp vf005.htm
98.03.13 09:23 B D:\cdrom\lectures\tcp\vf006.htm --> cps.msu.edu /user/cd/cps291/lectures/tcp vf006.htm
98.03.13 09:23 B D:\cdrom\lectures\tcp\vf007.htm --> cps.msu.edu /user/cd/cps291/lectures/tcp vf007.htm
98.03.13 09:23 B D:\cdrom\lectures\tcp\vf008.htm --> cps.msu.edu /user/cd/cps291/lectures/tcp vf008.htm
98.03.13 09:23 B D:\cdrom\lectures\tcp\vf009.htm --> cps.msu.edu /user/cd/cps291/lectures/tcp vf009.htm
98.03.13 09:23 B D:\cdrom\lectures\tcp\vf010.htm --> cps.msu.edu /user/cd/cps291/lectures/tcp vf010.htm
98.03.13 09:23 B D:\cdrom\lectures\tcp\vf011.htm --> cps.msu.edu /user/cd/cps291/lectures/tcp vf011.htm
98.03.13 09:23 B D:\cdrom\lectures\tcp\vf012.htm --> cps.msu.edu /user/cd/cps291/lectures/tcp vf012.htm
98.03.13 09:23 B D:\cdrom\lectures\tcp\vf013.htm --> cps.msu.edu /user/cd/cps291/lectures/tcp vf013.htm
98.03.13 09:23 B D:\cdrom\lectures\tcp\vf014.htm --> cps.msu.edu /user/cd/cps291/lectures/tcp vf014.htm
98.03.13 09:23 B D:\cdrom\lectures\tcp\vf015.htm --> cps.msu.edu /user/cd/cps291/lectures/tcp vf015.htm
98.03.13 09:23 B D:\cdrom\lectures\tcp\vf016.htm --> cps.msu.edu /user/cd/cps291/lectures/tcp vf016.htm
98.03.13 09:23 B D:\cdrom\lectures\tcp\vf017.htm --> cps.msu.edu /user/cd/cps291/lectures/tcp vf017.htm
98.03.13 09:23 B D:\cdrom\lectures\tcp\vf018.htm --> cps.msu.edu /user/cd/cps291/lectures/tcp vf018.htm
98.03.13 09:23 B D:\cdrom\lectures\tcp\vf019.htm --> cps.msu.edu /user/cd/cps291/lectures/tcp vf019.htm
98.03.13 09:23 B D:\cdrom\lectures\tcp\vf020.htm --> cps.msu.edu /user/cd/cps291/lectures/tcp vf020.htm
98.03.13 09:23 B D:\cdrom\lectures\tcp\vf021.htm --> cps.msu.edu /user/cd/cps291/lectures/tcp vf021.htm
98.03.13 09:23 B D:\cdrom\lectures\tcp\vf022.htm --> cps.msu.edu /user/cd/cps291/lectures/tcp vf022.htm
98.03.13 09:23 B D:\cdrom\lectures\tcp\vf023.htm --> cps.msu.edu /user/cd/cps291/lectures/tcp vf023.htm
98.03.13 09:23 B D:\cdrom\lectures\tcp\vf024.htm --> cps.msu.edu /user/cd/cps291/lectures/tcp vf024.htm
98.03.13 09:23 B D:\cdrom\lectures\tcp\vf025.htm --> cps.msu.edu /user/cd/cps291/lectures/tcp vf025.htm
98.03.13 09:23 B D:\cdrom\lectures\tcp\vf026.htm --> cps.msu.edu /user/cd/cps291/lectures/tcp vf026.htm
98.03.13 09:23 B D:\cdrom\lectures\tcp\vf027.htm --> cps.msu.edu /user/cd/cps291/lectures/tcp vf027.htm
98.03.13 09:23 B D:\cdrom\lectures\tcp\vf028.htm --> cps.msu.edu /user/cd/cps291/lectures/tcp vf028.htm
98.03.13 09:23 B D:\cdrom\lectures\tcp\vf029.htm --> cps.msu.edu /user/cd/cps291/lectures/tcp vf029.htm
98.03.13 09:23 B D:\cdrom\lectures\tcp\vf030.htm --> cps.msu.edu /user/cd/cps291/lectures/tcp vf030.htm
98.03.13 09:23 B D:\cdrom\lectures\tcp\vf031.htm --> cps.msu.edu /user/cd/cps291/lectures/tcp vf031.htm
98.03.13 09:23 B D:\cdrom\lectures\tcp\vf032.htm --> cps.msu.edu /user/cd/cps291/lectures/tcp vf032.htm
98.03.13 09:23 B D:\cdrom\lectures\tcp\vf033.htm --> cps.msu.edu /user/cd/cps291/lectures/tcp vf033.htm
98.03.13 09:23 B D:\cdrom\lectures\tcp\vf034.htm --> cps.msu.edu /user/cd/cps291/lectures/tcp vf034.htm
98.03.13 09:23 B D:\cdrom\lectures\tcp\vf035.htm --> cps.msu.edu /user/cd/cps291/lectures/tcp vf035.htm
98.03.13 09:23 B D:\cdrom\lectures\tcp\vf036.htm --> cps.msu.edu /user/cd/cps291/lectures/tcp vf036.htm
98.03.13 09:23 B D:\cdrom\lectures\tcp\vf037.htm --> cps.msu.edu /user/cd/cps291/lectures/tcp vf037.htm
98.03.13 09:23 B D:\cdrom\lectures\tcp\vf038.htm --> cps.msu.edu /user/cd/cps291/lectures/tcp vf038.htm
98.03.13 09:23 B D:\cdrom\lectures\tcp\vn001.htm --> cps.msu.edu /user/cd/cps291/lectures/tcp vn001.htm
98.03.13 09:23 B D:\cdrom\lectures\tcp\vn002.htm --> cps.msu.edu /user/cd/cps291/lectures/tcp vn002.htm
98.03.13 09:23 B D:\cdrom\lectures\tcp\vn003.htm --> cps.msu.edu /user/cd/cps291/lectures/tcp vn003.htm
98.03.13 09:23 B D:\cdrom\lectures\tcp\vn004.htm --> cps.msu.edu /user/cd/cps291/lectures/tcp vn004.htm
98.03.13 09:23 B D:\cdrom\lectures\tcp\vn005.htm --> cps.msu.edu /user/cd/cps291/lectures/tcp vn005.htm
98.03.13 09:23 B D:\cdrom\lectures\tcp\vn006.htm --> cps.msu.edu /user/cd/cps291/lectures/tcp vn006.htm
98.03.13 09:23 B D:\cdrom\lectures\tcp\vn007.htm --> cps.msu.edu /user/cd/cps291/lectures/tcp vn007.htm
98.03.13 09:23 B D:\cdrom\lectures\tcp\vn008.htm --> cps.msu.edu /user/cd/cps291/lectures/tcp vn008.htm
98.03.13 09:23 B D:\cdrom\lectures\tcp\vn009.htm --> cps.msu.edu /user/cd/cps291/lectures/tcp vn009.htm
98.03.13 09:23 B D:\cdrom\lectures\tcp\vn010.htm --> cps.msu.edu /user/cd/cps291/lectures/tcp vn010.htm
98.03.13 09:23 B D:\cdrom\lectures\tcp\vn011.htm --> cps.msu.edu /user/cd/cps291/lectures/tcp vn011.htm
98.03.13 09:23 B D:\cdrom\lectures\tcp\vn012.htm --> cps.msu.edu /user/cd/cps291/lectures/tcp vn012.htm
98.03.13 09:23 B D:\cdrom\lectures\tcp\vn013.htm --> cps.msu.edu /user/cd/cps291/lectures/tcp vn013.htm
98.03.13 09:23 B D:\cdrom\lectures\tcp\vn014.htm --> cps.msu.edu /user/cd/cps291/lectures/tcp vn014.htm
98.03.13 09:23 B D:\cdrom\lectures\tcp\vn015.htm --> cps.msu.edu /user/cd/cps291/lectures/tcp vn015.htm
98.03.13 09:23 B D:\cdrom\lectures\tcp\vn016.htm --> cps.msu.edu /user/cd/cps291/lectures/tcp vn016.htm
98.03.13 09:23 B D:\cdrom\lectures\tcp\vn017.htm --> cps.msu.edu /user/cd/cps291/lectures/tcp vn017.htm
98.03.13 09:23 B D:\cdrom\lectures\tcp\vn018.htm --> cps.msu.edu /user/cd/cps291/lectures/tcp vn018.htm
98.03.13 09:23 B D:\cdrom\lectures\tcp\vn019.htm --> cps.msu.edu /user/cd/cps291/lectures/tcp vn019.htm
98.03.13 09:23 B D:\cdrom\lectures\tcp\vn020.htm --> cps.msu.edu /user/cd/cps291/lectures/tcp vn020.htm
98.03.13 09:23 B D:\cdrom\lectures\tcp\vn021.htm --> cps.msu.edu /user/cd/cps291/lectures/tcp vn021.htm
98.03.13 09:23 B D:\cdrom\lectures\tcp\vn022.htm --> cps.msu.edu /user/cd/cps291/lectures/tcp vn022.htm
98.03.13 09:23 B D:\cdrom\lectures\tcp\vn023.htm --> cps.msu.edu /user/cd/cps291/lectures/tcp vn023.htm
98.03.13 09:23 B D:\cdrom\lectures\tcp\vn024.htm --> cps.msu.edu /user/cd/cps291/lectures/tcp vn024.htm
98.03.13 09:24 B D:\cdrom\lectures\tcp\vn025.htm --> cps.msu.edu /user/cd/cps291/lectures/tcp vn025.htm
98.03.13 09:24 B D:\cdrom\lectures\tcp\vn026.htm --> cps.msu.edu /user/cd/cps291/lectures/tcp vn026.htm
98.03.13 09:24 B D:\cdrom\lectures\tcp\vn027.htm --> cps.msu.edu /user/cd/cps291/lectures/tcp vn027.htm
98.03.13 09:24 B D:\cdrom\lectures\tcp\vn028.htm --> cps.msu.edu /user/cd/cps291/lectures/tcp vn028.htm
98.03.13 09:24 B D:\cdrom\lectures\tcp\vn029.htm --> cps.msu.edu /user/cd/cps291/lectures/tcp vn029.htm
98.03.13 09:24 B D:\cdrom\lectures\tcp\vn030.htm --> cps.msu.edu /user/cd/cps291/lectures/tcp vn030.htm
98.03.13 09:24 B D:\cdrom\lectures\tcp\vn031.htm --> cps.msu.edu /user/cd/cps291/lectures/tcp vn031.htm
98.03.13 09:24 B D:\cdrom\lectures\tcp\vn032.htm --> cps.msu.edu /user/cd/cps291/lectures/tcp vn032.htm
98.03.13 09:24 B D:\cdrom\lectures\tcp\vn033.htm --> cps.msu.edu /user/cd/cps291/lectures/tcp vn033.htm
98.03.13 09:24 B D:\cdrom\lectures\tcp\vn034.htm --> cps.msu.edu /user/cd/cps291/lectures/tcp vn034.htm
98.03.13 09:24 B D:\cdrom\lectures\tcp\vn035.htm --> cps.msu.edu /user/cd/cps291/lectures/tcp vn035.htm
98.03.13 09:24 B D:\cdrom\lectures\tcp\vn036.htm --> cps.msu.edu /user/cd/cps291/lectures/tcp vn036.htm
98.03.13 09:24 B D:\cdrom\lectures\tcp\vn037.htm --> cps.msu.edu /user/cd/cps291/lectures/tcp vn037.htm
98.03.13 09:24 B D:\cdrom\lectures\tcp\vn038.htm --> cps.msu.edu /user/cd/cps291/lectures/tcp vn038.htm
98.03.13 09:24 B D:\cdrom\lectures\tcp\vr001.rpm --> cps.msu.edu /user/cd/cps291/lectures/tcp vr001.rpm
98.03.13 09:24 B D:\cdrom\lectures\tcp\vr002.rpm --> cps.msu.edu /user/cd/cps291/lectures/tcp vr002.rpm
98.03.13 09:24 B D:\cdrom\lectures\tcp\vr003.rpm --> cps.msu.edu /user/cd/cps291/lectures/tcp vr003.rpm
98.03.13 09:24 B D:\cdrom\lectures\tcp\vr004.rpm --> cps.msu.edu /user/cd/cps291/lectures/tcp vr004.rpm
98.03.13 09:24 B D:\cdrom\lectures\tcp\vr005.rpm --> cps.msu.edu /user/cd/cps291/lectures/tcp vr005.rpm
98.03.13 09:24 B D:\cdrom\lectures\tcp\vr006.rpm --> cps.msu.edu /user/cd/cps291/lectures/tcp vr006.rpm
98.03.13 09:24 B D:\cdrom\lectures\tcp\vr007.rpm --> cps.msu.edu /user/cd/cps291/lectures/tcp vr007.rpm
98.03.13 09:24 B D:\cdrom\lectures\tcp\vr008.rpm --> cps.msu.edu /user/cd/cps291/lectures/tcp vr008.rpm
98.03.13 09:24 B D:\cdrom\lectures\tcp\vr009.rpm --> cps.msu.edu /user/cd/cps291/lectures/tcp vr009.rpm
98.03.13 09:24 B D:\cdrom\lectures\tcp\vr010.rpm --> cps.msu.edu /user/cd/cps291/lectures/tcp vr010.rpm
98.03.13 09:24 B D:\cdrom\lectures\tcp\vr011.rpm --> cps.msu.edu /user/cd/cps291/lectures/tcp vr011.rpm
98.03.13 09:24 B D:\cdrom\lectures\tcp\vr012.rpm --> cps.msu.edu /user/cd/cps291/lectures/tcp vr012.rpm
98.03.13 09:24 B D:\cdrom\lectures\tcp\vr013.rpm --> cps.msu.edu /user/cd/cps291/lectures/tcp vr013.rpm
98.03.13 09:24 B D:\cdrom\lectures\tcp\vr014.rpm --> cps.msu.edu /user/cd/cps291/lectures/tcp vr014.rpm
98.03.13 09:24 B D:\cdrom\lectures\tcp\vr015.rpm --> cps.msu.edu /user/cd/cps291/lectures/tcp vr015.rpm
98.03.13 09:24 B D:\cdrom\lectures\tcp\vr016.rpm --> cps.msu.edu /user/cd/cps291/lectures/tcp vr016.rpm
98.03.13 09:24 B D:\cdrom\lectures\tcp\vr017.rpm --> cps.msu.edu /user/cd/cps291/lectures/tcp vr017.rpm
98.03.13 09:24 B D:\cdrom\lectures\tcp\vr018.rpm --> cps.msu.edu /user/cd/cps291/lectures/tcp vr018.rpm
98.03.13 09:24 B D:\cdrom\lectures\tcp\vr019.rpm --> cps.msu.edu /user/cd/cps291/lectures/tcp vr019.rpm
98.03.13 09:24 B D:\cdrom\lectures\tcp\vr020.rpm --> cps.msu.edu /user/cd/cps291/lectures/tcp vr020.rpm
98.03.13 09:24 B D:\cdrom\lectures\tcp\vr021.rpm --> cps.msu.edu /user/cd/cps291/lectures/tcp vr021.rpm
98.03.13 09:24 B D:\cdrom\lectures\tcp\vr022.rpm --> cps.msu.edu /user/cd/cps291/lectures/tcp vr022.rpm
98.03.13 09:24 B D:\cdrom\lectures\tcp\vr023.rpm --> cps.msu.edu /user/cd/cps291/lectures/tcp vr023.rpm
98.03.13 09:24 B D:\cdrom\lectures\tcp\vr024.rpm --> cps.msu.edu /user/cd/cps291/lectures/tcp vr024.rpm
98.03.13 09:24 B D:\cdrom\lectures\tcp\vr025.rpm --> cps.msu.edu /user/cd/cps291/lectures/tcp vr025.rpm
98.03.13 09:24 B D:\cdrom\lectures\tcp\vr026.rpm --> cps.msu.edu /user/cd/cps291/lectures/tcp vr026.rpm
98.03.13 09:24 B D:\cdrom\lectures\tcp\vr027.rpm --> cps.msu.edu /user/cd/cps291/lectures/tcp vr027.rpm
98.03.13 09:24 B D:\cdrom\lectures\tcp\vr028.rpm --> cps.msu.edu /user/cd/cps291/lectures/tcp vr028.rpm
98.03.13 09:24 B D:\cdrom\lectures\tcp\vr029.rpm --> cps.msu.edu /user/cd/cps291/lectures/tcp vr029.rpm
98.03.13 09:24 B D:\cdrom\lectures\tcp\vr030.rpm --> cps.msu.edu /user/cd/cps291/lectures/tcp vr030.rpm
98.03.13 09:24 B D:\cdrom\lectures\tcp\vr031.rpm --> cps.msu.edu /user/cd/cps291/lectures/tcp vr031.rpm
98.03.13 09:24 B D:\cdrom\lectures\tcp\vr032.rpm --> cps.msu.edu /user/cd/cps291/lectures/tcp vr032.rpm
98.03.13 09:24 B D:\cdrom\lectures\tcp\vr033.rpm --> cps.msu.edu /user/cd/cps291/lectures/tcp vr033.rpm
98.03.13 09:24 B D:\cdrom\lectures\tcp\vr034.rpm --> cps.msu.edu /user/cd/cps291/lectures/tcp vr034.rpm
98.03.13 09:24 B D:\cdrom\lectures\tcp\vr035.rpm --> cps.msu.edu /user/cd/cps291/lectures/tcp vr035.rpm
98.03.13 09:24 B D:\cdrom\lectures\tcp\vr036.rpm --> cps.msu.edu /user/cd/cps291/lectures/tcp vr036.rpm
98.03.13 09:24 B D:\cdrom\lectures\tcp\vr037.rpm --> cps.msu.edu /user/cd/cps291/lectures/tcp vr037.rpm
98.03.13 09:24 B D:\cdrom\lectures\tcp\vr038.rpm --> cps.msu.edu /user/cd/cps291/lectures/tcp vr038.rpm
98.03.13 09:24 B D:\cdrom\lectures\tcp\WS_FTP.LOG --> cps.msu.edu /user/cd/cps291/lectures/tcp WS_FTP.LOG
