97.11.27 02:36 B C:\doit\slides\gaunt\ielogo.gif --> www.vu.msu.edu /home/cps291/stage/doit/slides/gaunt ielogo.gif
97.11.27 02:36 B C:\doit\slides\gaunt\img001.GIF --> www.vu.msu.edu /home/cps291/stage/doit/slides/gaunt img001.GIF
97.11.27 02:36 B C:\doit\slides\gaunt\img002.GIF --> www.vu.msu.edu /home/cps291/stage/doit/slides/gaunt img002.GIF
97.11.27 02:36 B C:\doit\slides\gaunt\img003.GIF --> www.vu.msu.edu /home/cps291/stage/doit/slides/gaunt img003.GIF
97.11.27 02:36 B C:\doit\slides\gaunt\img004.GIF --> www.vu.msu.edu /home/cps291/stage/doit/slides/gaunt img004.GIF
97.11.27 02:36 B C:\doit\slides\gaunt\img005.GIF --> www.vu.msu.edu /home/cps291/stage/doit/slides/gaunt img005.GIF
97.11.27 02:36 B C:\doit\slides\gaunt\index.htm --> www.vu.msu.edu /home/cps291/stage/doit/slides/gaunt index.htm
97.11.27 02:36 B C:\doit\slides\gaunt\pptani.gif --> www.vu.msu.edu /home/cps291/stage/doit/slides/gaunt pptani.gif
97.11.27 02:36 B C:\doit\slides\gaunt\sld001.htm --> www.vu.msu.edu /home/cps291/stage/doit/slides/gaunt sld001.htm
97.11.27 02:36 B C:\doit\slides\gaunt\sld002.htm --> www.vu.msu.edu /home/cps291/stage/doit/slides/gaunt sld002.htm
97.11.27 02:36 B C:\doit\slides\gaunt\sld003.htm --> www.vu.msu.edu /home/cps291/stage/doit/slides/gaunt sld003.htm
97.11.27 02:36 B C:\doit\slides\gaunt\sld004.htm --> www.vu.msu.edu /home/cps291/stage/doit/slides/gaunt sld004.htm
97.11.27 02:36 B C:\doit\slides\gaunt\sld005.htm --> www.vu.msu.edu /home/cps291/stage/doit/slides/gaunt sld005.htm
97.11.27 02:36 B C:\doit\slides\gaunt\space.gif --> www.vu.msu.edu /home/cps291/stage/doit/slides/gaunt space.gif
97.11.27 02:36 B C:\doit\slides\gaunt\tsld001.htm --> www.vu.msu.edu /home/cps291/stage/doit/slides/gaunt tsld001.htm
97.11.27 02:36 B C:\doit\slides\gaunt\tsld002.htm --> www.vu.msu.edu /home/cps291/stage/doit/slides/gaunt tsld002.htm
97.11.27 02:36 B C:\doit\slides\gaunt\tsld003.htm --> www.vu.msu.edu /home/cps291/stage/doit/slides/gaunt tsld003.htm
97.11.27 02:36 B C:\doit\slides\gaunt\tsld004.htm --> www.vu.msu.edu /home/cps291/stage/doit/slides/gaunt tsld004.htm
97.11.27 02:36 B C:\doit\slides\gaunt\tsld005.htm --> www.vu.msu.edu /home/cps291/stage/doit/slides/gaunt tsld005.htm
97.11.27 02:52 B C:\doit\slides\gaunt\ielogo.gif --> www.vu.msu.edu /home/cps291/stage/doit/slides/gaunt ielogo.gif
97.11.27 02:52 B C:\doit\slides\gaunt\img001.GIF --> www.vu.msu.edu /home/cps291/stage/doit/slides/gaunt img001.GIF
97.11.27 02:52 B C:\doit\slides\gaunt\img002.GIF --> www.vu.msu.edu /home/cps291/stage/doit/slides/gaunt img002.GIF
97.11.27 02:52 B C:\doit\slides\gaunt\img003.GIF --> www.vu.msu.edu /home/cps291/stage/doit/slides/gaunt img003.GIF
97.11.27 02:52 B C:\doit\slides\gaunt\img004.GIF --> www.vu.msu.edu /home/cps291/stage/doit/slides/gaunt img004.GIF
97.11.27 02:52 B C:\doit\slides\gaunt\img005.GIF --> www.vu.msu.edu /home/cps291/stage/doit/slides/gaunt img005.GIF
97.11.27 02:52 B C:\doit\slides\gaunt\index.htm --> www.vu.msu.edu /home/cps291/stage/doit/slides/gaunt index.htm
97.11.27 02:52 B C:\doit\slides\gaunt\pptani.gif --> www.vu.msu.edu /home/cps291/stage/doit/slides/gaunt pptani.gif
97.11.27 02:52 B C:\doit\slides\gaunt\sld001.htm --> www.vu.msu.edu /home/cps291/stage/doit/slides/gaunt sld001.htm
97.11.27 02:52 B C:\doit\slides\gaunt\sld002.htm --> www.vu.msu.edu /home/cps291/stage/doit/slides/gaunt sld002.htm
97.11.27 02:52 B C:\doit\slides\gaunt\sld003.htm --> www.vu.msu.edu /home/cps291/stage/doit/slides/gaunt sld003.htm
97.11.27 02:52 B C:\doit\slides\gaunt\sld004.htm --> www.vu.msu.edu /home/cps291/stage/doit/slides/gaunt sld004.htm
97.11.27 02:52 B C:\doit\slides\gaunt\sld005.htm --> www.vu.msu.edu /home/cps291/stage/doit/slides/gaunt sld005.htm
97.11.27 02:52 B C:\doit\slides\gaunt\space.gif --> www.vu.msu.edu /home/cps291/stage/doit/slides/gaunt space.gif
97.11.27 02:52 B C:\doit\slides\gaunt\tsld001.htm --> www.vu.msu.edu /home/cps291/stage/doit/slides/gaunt tsld001.htm
97.11.27 02:52 B C:\doit\slides\gaunt\tsld002.htm --> www.vu.msu.edu /home/cps291/stage/doit/slides/gaunt tsld002.htm
97.11.27 02:52 B C:\doit\slides\gaunt\tsld003.htm --> www.vu.msu.edu /home/cps291/stage/doit/slides/gaunt tsld003.htm
97.11.27 02:52 B C:\doit\slides\gaunt\tsld004.htm --> www.vu.msu.edu /home/cps291/stage/doit/slides/gaunt tsld004.htm
97.11.27 02:52 B C:\doit\slides\gaunt\tsld005.htm --> www.vu.msu.edu /home/cps291/stage/doit/slides/gaunt tsld005.htm
97.11.27 02:52 B C:\doit\slides\gaunt\WS_FTP.LOG --> www.vu.msu.edu /home/cps291/stage/doit/slides/gaunt WS_FTP.LOG
97.12.09 10:22 B C:\doit\slides\gaunt\ielogo.gif --> arctic.cps.msu.edu /user/cd/cps291/doit/slides/gaunt ielogo.gif
97.12.09 10:22 B C:\doit\slides\gaunt\img001.GIF --> arctic.cps.msu.edu /user/cd/cps291/doit/slides/gaunt img001.GIF
97.12.09 10:22 B C:\doit\slides\gaunt\img002.GIF --> arctic.cps.msu.edu /user/cd/cps291/doit/slides/gaunt img002.GIF
97.12.09 10:22 B C:\doit\slides\gaunt\img003.GIF --> arctic.cps.msu.edu /user/cd/cps291/doit/slides/gaunt img003.GIF
97.12.09 10:22 B C:\doit\slides\gaunt\img004.GIF --> arctic.cps.msu.edu /user/cd/cps291/doit/slides/gaunt img004.GIF
97.12.09 10:22 B C:\doit\slides\gaunt\img005.GIF --> arctic.cps.msu.edu /user/cd/cps291/doit/slides/gaunt img005.GIF
97.12.09 10:22 B C:\doit\slides\gaunt\index.htm --> arctic.cps.msu.edu /user/cd/cps291/doit/slides/gaunt index.htm
97.12.09 10:22 B C:\doit\slides\gaunt\pptani.gif --> arctic.cps.msu.edu /user/cd/cps291/doit/slides/gaunt pptani.gif
97.12.09 10:22 B C:\doit\slides\gaunt\sld001.htm --> arctic.cps.msu.edu /user/cd/cps291/doit/slides/gaunt sld001.htm
97.12.09 10:22 B C:\doit\slides\gaunt\sld002.htm --> arctic.cps.msu.edu /user/cd/cps291/doit/slides/gaunt sld002.htm
97.12.09 10:22 B C:\doit\slides\gaunt\sld003.htm --> arctic.cps.msu.edu /user/cd/cps291/doit/slides/gaunt sld003.htm
97.12.09 10:22 B C:\doit\slides\gaunt\sld004.htm --> arctic.cps.msu.edu /user/cd/cps291/doit/slides/gaunt sld004.htm
97.12.09 10:22 B C:\doit\slides\gaunt\sld005.htm --> arctic.cps.msu.edu /user/cd/cps291/doit/slides/gaunt sld005.htm
97.12.09 10:22 B C:\doit\slides\gaunt\space.gif --> arctic.cps.msu.edu /user/cd/cps291/doit/slides/gaunt space.gif
97.12.09 10:22 B C:\doit\slides\gaunt\tsld001.htm --> arctic.cps.msu.edu /user/cd/cps291/doit/slides/gaunt tsld001.htm
97.12.09 10:22 B C:\doit\slides\gaunt\tsld002.htm --> arctic.cps.msu.edu /user/cd/cps291/doit/slides/gaunt tsld002.htm
97.12.09 10:22 B C:\doit\slides\gaunt\tsld003.htm --> arctic.cps.msu.edu /user/cd/cps291/doit/slides/gaunt tsld003.htm
97.12.09 10:22 B C:\doit\slides\gaunt\tsld004.htm --> arctic.cps.msu.edu /user/cd/cps291/doit/slides/gaunt tsld004.htm
97.12.09 10:22 B C:\doit\slides\gaunt\tsld005.htm --> arctic.cps.msu.edu /user/cd/cps291/doit/slides/gaunt tsld005.htm
97.12.09 10:22 B C:\doit\slides\gaunt\WS_FTP.LOG --> arctic.cps.msu.edu /user/cd/cps291/doit/slides/gaunt WS_FTP.LOG
97.12.10 03:08 B C:\doit\slides\gaunt\ielogo.gif --> arctic.cps.msu.edu /user/cd/cps291/src/doit/slides/gaunt ielogo.gif
97.12.10 03:08 B C:\doit\slides\gaunt\img001.GIF --> arctic.cps.msu.edu /user/cd/cps291/src/doit/slides/gaunt img001.GIF
97.12.10 03:08 B C:\doit\slides\gaunt\img002.GIF --> arctic.cps.msu.edu /user/cd/cps291/src/doit/slides/gaunt img002.GIF
97.12.10 03:08 B C:\doit\slides\gaunt\img003.GIF --> arctic.cps.msu.edu /user/cd/cps291/src/doit/slides/gaunt img003.GIF
97.12.10 03:08 B C:\doit\slides\gaunt\img004.GIF --> arctic.cps.msu.edu /user/cd/cps291/src/doit/slides/gaunt img004.GIF
97.12.10 03:08 B C:\doit\slides\gaunt\img005.GIF --> arctic.cps.msu.edu /user/cd/cps291/src/doit/slides/gaunt img005.GIF
97.12.10 03:08 B C:\doit\slides\gaunt\index.htm --> arctic.cps.msu.edu /user/cd/cps291/src/doit/slides/gaunt index.htm
97.12.10 03:08 B C:\doit\slides\gaunt\pptani.gif --> arctic.cps.msu.edu /user/cd/cps291/src/doit/slides/gaunt pptani.gif
97.12.10 03:08 B C:\doit\slides\gaunt\sld001.htm --> arctic.cps.msu.edu /user/cd/cps291/src/doit/slides/gaunt sld001.htm
97.12.10 03:08 B C:\doit\slides\gaunt\sld002.htm --> arctic.cps.msu.edu /user/cd/cps291/src/doit/slides/gaunt sld002.htm
97.12.10 03:08 B C:\doit\slides\gaunt\sld003.htm --> arctic.cps.msu.edu /user/cd/cps291/src/doit/slides/gaunt sld003.htm
97.12.10 03:08 B C:\doit\slides\gaunt\sld004.htm --> arctic.cps.msu.edu /user/cd/cps291/src/doit/slides/gaunt sld004.htm
97.12.10 03:08 B C:\doit\slides\gaunt\sld005.htm --> arctic.cps.msu.edu /user/cd/cps291/src/doit/slides/gaunt sld005.htm
97.12.10 03:08 B C:\doit\slides\gaunt\space.gif --> arctic.cps.msu.edu /user/cd/cps291/src/doit/slides/gaunt space.gif
97.12.10 03:08 B C:\doit\slides\gaunt\tsld001.htm --> arctic.cps.msu.edu /user/cd/cps291/src/doit/slides/gaunt tsld001.htm
97.12.10 03:08 B C:\doit\slides\gaunt\tsld002.htm --> arctic.cps.msu.edu /user/cd/cps291/src/doit/slides/gaunt tsld002.htm
97.12.10 03:08 B C:\doit\slides\gaunt\tsld003.htm --> arctic.cps.msu.edu /user/cd/cps291/src/doit/slides/gaunt tsld003.htm
97.12.10 03:08 B C:\doit\slides\gaunt\tsld004.htm --> arctic.cps.msu.edu /user/cd/cps291/src/doit/slides/gaunt tsld004.htm
97.12.10 03:08 B C:\doit\slides\gaunt\tsld005.htm --> arctic.cps.msu.edu /user/cd/cps291/src/doit/slides/gaunt tsld005.htm
97.12.10 03:08 B C:\doit\slides\gaunt\WS_FTP.LOG --> arctic.cps.msu.edu /user/cd/cps291/src/doit/slides/gaunt WS_FTP.LOG
98.03.12 22:59 B D:\syncomat\htm_sld\gaunt\ielogo.gif --> cps.msu.edu /user/cd/cps291/syncomat/htm_sld/gaunt ielogo.gif
98.03.12 22:59 B D:\syncomat\htm_sld\gaunt\img001.GIF --> cps.msu.edu /user/cd/cps291/syncomat/htm_sld/gaunt img001.GIF
98.03.12 22:59 B D:\syncomat\htm_sld\gaunt\img002.GIF --> cps.msu.edu /user/cd/cps291/syncomat/htm_sld/gaunt img002.GIF
98.03.12 22:59 B D:\syncomat\htm_sld\gaunt\img003.GIF --> cps.msu.edu /user/cd/cps291/syncomat/htm_sld/gaunt img003.GIF
98.03.12 22:59 B D:\syncomat\htm_sld\gaunt\img004.GIF --> cps.msu.edu /user/cd/cps291/syncomat/htm_sld/gaunt img004.GIF
98.03.12 22:59 B D:\syncomat\htm_sld\gaunt\img005.GIF --> cps.msu.edu /user/cd/cps291/syncomat/htm_sld/gaunt img005.GIF
98.03.12 22:59 B D:\syncomat\htm_sld\gaunt\index.htm --> cps.msu.edu /user/cd/cps291/syncomat/htm_sld/gaunt index.htm
98.03.12 22:59 B D:\syncomat\htm_sld\gaunt\pptani.gif --> cps.msu.edu /user/cd/cps291/syncomat/htm_sld/gaunt pptani.gif
98.03.12 22:59 B D:\syncomat\htm_sld\gaunt\sld001.htm --> cps.msu.edu /user/cd/cps291/syncomat/htm_sld/gaunt sld001.htm
98.03.12 22:59 B D:\syncomat\htm_sld\gaunt\sld002.htm --> cps.msu.edu /user/cd/cps291/syncomat/htm_sld/gaunt sld002.htm
98.03.12 22:59 B D:\syncomat\htm_sld\gaunt\sld003.htm --> cps.msu.edu /user/cd/cps291/syncomat/htm_sld/gaunt sld003.htm
98.03.12 22:59 B D:\syncomat\htm_sld\gaunt\sld004.htm --> cps.msu.edu /user/cd/cps291/syncomat/htm_sld/gaunt sld004.htm
98.03.12 22:59 B D:\syncomat\htm_sld\gaunt\sld005.htm --> cps.msu.edu /user/cd/cps291/syncomat/htm_sld/gaunt sld005.htm
98.03.12 22:59 B D:\syncomat\htm_sld\gaunt\space.gif --> cps.msu.edu /user/cd/cps291/syncomat/htm_sld/gaunt space.gif
98.03.12 22:59 B D:\syncomat\htm_sld\gaunt\tsld001.htm --> cps.msu.edu /user/cd/cps291/syncomat/htm_sld/gaunt tsld001.htm
98.03.12 22:59 B D:\syncomat\htm_sld\gaunt\tsld002.htm --> cps.msu.edu /user/cd/cps291/syncomat/htm_sld/gaunt tsld002.htm
98.03.12 22:59 B D:\syncomat\htm_sld\gaunt\tsld003.htm --> cps.msu.edu /user/cd/cps291/syncomat/htm_sld/gaunt tsld003.htm
98.03.12 22:59 B D:\syncomat\htm_sld\gaunt\tsld004.htm --> cps.msu.edu /user/cd/cps291/syncomat/htm_sld/gaunt tsld004.htm
98.03.12 22:59 B D:\syncomat\htm_sld\gaunt\tsld005.htm --> cps.msu.edu /user/cd/cps291/syncomat/htm_sld/gaunt tsld005.htm
98.03.12 22:59 B D:\syncomat\htm_sld\gaunt\WS_FTP.LOG --> cps.msu.edu /user/cd/cps291/syncomat/htm_sld/gaunt WS_FTP.LOG
