98.02.02 03:57 B D:\cdrom\setup\AsycFilt.dl_ --> arctic.cps.msu.edu /user/cd/cps291/setup AsycFilt.dl_
98.02.02 03:57 B D:\cdrom\setup\AXDist.ex_ --> arctic.cps.msu.edu /user/cd/cps291/setup AXDist.ex_
98.02.02 03:57 B D:\cdrom\setup\ComCat.dl_ --> arctic.cps.msu.edu /user/cd/cps291/setup ComCat.dl_
98.02.02 03:57 B D:\cdrom\setup\COMCT232.OC_ --> arctic.cps.msu.edu /user/cd/cps291/setup COMCT232.OC_
98.02.02 03:57 B D:\cdrom\setup\COMCTL32.OC_ --> arctic.cps.msu.edu /user/cd/cps291/setup COMCTL32.OC_
98.02.02 03:57 B D:\cdrom\setup\COMDLG32.OC_ --> arctic.cps.msu.edu /user/cd/cps291/setup COMDLG32.OC_
98.02.02 03:57 B D:\cdrom\setup\Ctl3d32.dl_ --> arctic.cps.msu.edu /user/cd/cps291/setup Ctl3d32.dl_
98.02.02 03:57 B D:\cdrom\setup\DAO350.DL_ --> arctic.cps.msu.edu /user/cd/cps291/setup DAO350.DL_
98.02.02 03:57 B D:\cdrom\setup\DBGRID32.OC_ --> arctic.cps.msu.edu /user/cd/cps291/setup DBGRID32.OC_
98.02.02 03:57 B D:\cdrom\setup\DBLIST32.OC_ --> arctic.cps.msu.edu /user/cd/cps291/setup DBLIST32.OC_
98.02.02 03:58 B D:\cdrom\setup\MCI32.OC_ --> arctic.cps.msu.edu /user/cd/cps291/setup MCI32.OC_
98.02.02 03:58 B D:\cdrom\setup\MSCHART.OC_ --> arctic.cps.msu.edu /user/cd/cps291/setup MSCHART.OC_
98.02.02 03:58 B D:\cdrom\setup\MSCOMM32.OC_ --> arctic.cps.msu.edu /user/cd/cps291/setup MSCOMM32.OC_
98.02.02 03:58 B D:\cdrom\setup\MSFLXGRD.OC_ --> arctic.cps.msu.edu /user/cd/cps291/setup MSFLXGRD.OC_
98.02.02 03:58 B D:\cdrom\setup\MSINET.OC_ --> arctic.cps.msu.edu /user/cd/cps291/setup MSINET.OC_
98.02.02 03:58 B D:\cdrom\setup\MSJet35.dl_ --> arctic.cps.msu.edu /user/cd/cps291/setup MSJet35.dl_
98.02.02 03:58 B D:\cdrom\setup\MSJInt35.dl_ --> arctic.cps.msu.edu /user/cd/cps291/setup MSJInt35.dl_
98.02.02 03:58 B D:\cdrom\setup\MSJtEr35.dl_ --> arctic.cps.msu.edu /user/cd/cps291/setup MSJtEr35.dl_
98.02.02 03:58 B D:\cdrom\setup\MSMAPI32.OC_ --> arctic.cps.msu.edu /user/cd/cps291/setup MSMAPI32.OC_
98.02.02 03:58 B D:\cdrom\setup\MSMASK32.OC_ --> arctic.cps.msu.edu /user/cd/cps291/setup MSMASK32.OC_
98.02.02 03:58 B D:\cdrom\setup\MSRD2x35.dl_ --> arctic.cps.msu.edu /user/cd/cps291/setup MSRD2x35.dl_
98.02.02 03:58 B D:\cdrom\setup\MsRepl35.dl_ --> arctic.cps.msu.edu /user/cd/cps291/setup MsRepl35.dl_
98.02.02 03:59 B D:\cdrom\setup\MSVBVM50.dl_ --> arctic.cps.msu.edu /user/cd/cps291/setup MSVBVM50.dl_
98.02.02 03:59 B D:\cdrom\setup\MSVCRT40.dl_ --> arctic.cps.msu.edu /user/cd/cps291/setup MSVCRT40.dl_
98.02.02 03:59 B D:\cdrom\setup\MSWINSCK.OC_ --> arctic.cps.msu.edu /user/cd/cps291/setup MSWINSCK.OC_
98.02.02 03:59 B D:\cdrom\setup\ODBCJI32.dl_ --> arctic.cps.msu.edu /user/cd/cps291/setup ODBCJI32.dl_
98.02.02 03:59 B D:\cdrom\setup\ODBCJt32.dl_ --> arctic.cps.msu.edu /user/cd/cps291/setup ODBCJt32.dl_
98.02.02 03:59 B D:\cdrom\setup\ODBCTL32.dl_ --> arctic.cps.msu.edu /user/cd/cps291/setup ODBCTL32.dl_
98.02.02 03:59 B D:\cdrom\setup\OleAut32.dl_ --> arctic.cps.msu.edu /user/cd/cps291/setup OleAut32.dl_
98.02.02 03:59 B D:\cdrom\setup\OlePro32.dl_ --> arctic.cps.msu.edu /user/cd/cps291/setup OlePro32.dl_
98.02.02 03:59 B D:\cdrom\setup\PICCLP32.OC_ --> arctic.cps.msu.edu /user/cd/cps291/setup PICCLP32.OC_
98.02.02 03:59 B D:\cdrom\setup\RichEd32.dl_ --> arctic.cps.msu.edu /user/cd/cps291/setup RichEd32.dl_
98.02.02 03:59 B D:\cdrom\setup\RICHTX32.OC_ --> arctic.cps.msu.edu /user/cd/cps291/setup RICHTX32.OC_
98.02.02 03:59 B D:\cdrom\setup\SETUP.EXE --> arctic.cps.msu.edu /user/cd/cps291/setup SETUP.EXE
98.02.02 03:59 B D:\cdrom\setup\SETUP.LST --> arctic.cps.msu.edu /user/cd/cps291/setup SETUP.LST
98.02.02 03:59 B D:\cdrom\setup\setup1.ex_ --> arctic.cps.msu.edu /user/cd/cps291/setup setup1.ex_
98.02.02 03:59 B D:\cdrom\setup\ST5UNST.EX_ --> arctic.cps.msu.edu /user/cd/cps291/setup ST5UNST.EX_
98.02.02 03:59 B D:\cdrom\setup\StdOle2.tl_ --> arctic.cps.msu.edu /user/cd/cps291/setup StdOle2.tl_
98.02.02 03:59 B D:\cdrom\setup\SyncOMat.ex_ --> arctic.cps.msu.edu /user/cd/cps291/setup SyncOMat.ex_
98.02.02 03:59 B D:\cdrom\setup\SyncOMat.fr_ --> arctic.cps.msu.edu /user/cd/cps291/setup SyncOMat.fr_
98.02.02 03:59 B D:\cdrom\setup\SYSINFO.OC_ --> arctic.cps.msu.edu /user/cd/cps291/setup SYSINFO.OC_
98.02.02 03:59 B D:\cdrom\setup\TABCTL32.OC_ --> arctic.cps.msu.edu /user/cd/cps291/setup TABCTL32.OC_
98.02.02 03:59 B D:\cdrom\setup\VB5DB.dl_ --> arctic.cps.msu.edu /user/cd/cps291/setup VB5DB.dl_
98.02.02 03:59 B D:\cdrom\setup\VB5StKit.dl_ --> arctic.cps.msu.edu /user/cd/cps291/setup VB5StKit.dl_
98.02.02 03:59 B D:\cdrom\setup\VBAJet32.dl_ --> arctic.cps.msu.edu /user/cd/cps291/setup VBAJet32.dl_
98.02.02 03:59 B D:\cdrom\setup\Wint351.ex_ --> arctic.cps.msu.edu /user/cd/cps291/setup Wint351.ex_
98.03.13 09:42 B D:\cdrom\setup\AsycFilt.dl_ --> cps.msu.edu /user/cd/cps291/setup AsycFilt.dl_
98.03.13 09:42 B D:\cdrom\setup\AXDist.ex_ --> cps.msu.edu /user/cd/cps291/setup AXDist.ex_
98.03.13 09:42 B D:\cdrom\setup\ComCat.dl_ --> cps.msu.edu /user/cd/cps291/setup ComCat.dl_
98.03.13 09:42 B D:\cdrom\setup\COMCT232.OC_ --> cps.msu.edu /user/cd/cps291/setup COMCT232.OC_
98.03.13 09:42 B D:\cdrom\setup\COMCTL32.OC_ --> cps.msu.edu /user/cd/cps291/setup COMCTL32.OC_
98.03.13 09:42 B D:\cdrom\setup\COMDLG32.OC_ --> cps.msu.edu /user/cd/cps291/setup COMDLG32.OC_
98.03.13 09:42 B D:\cdrom\setup\Ctl3d32.dl_ --> cps.msu.edu /user/cd/cps291/setup Ctl3d32.dl_
98.03.13 09:42 B D:\cdrom\setup\DAO350.DL_ --> cps.msu.edu /user/cd/cps291/setup DAO350.DL_
98.03.13 09:42 B D:\cdrom\setup\DBGRID32.OC_ --> cps.msu.edu /user/cd/cps291/setup DBGRID32.OC_
98.03.13 09:42 B D:\cdrom\setup\DBLIST32.OC_ --> cps.msu.edu /user/cd/cps291/setup DBLIST32.OC_
98.03.13 09:42 B D:\cdrom\setup\MCI32.OC_ --> cps.msu.edu /user/cd/cps291/setup MCI32.OC_
98.03.13 09:42 B D:\cdrom\setup\MSCHART.OC_ --> cps.msu.edu /user/cd/cps291/setup MSCHART.OC_
98.03.13 09:42 B D:\cdrom\setup\MSCOMM32.OC_ --> cps.msu.edu /user/cd/cps291/setup MSCOMM32.OC_
98.03.13 09:42 B D:\cdrom\setup\MSFLXGRD.OC_ --> cps.msu.edu /user/cd/cps291/setup MSFLXGRD.OC_
98.03.13 09:42 B D:\cdrom\setup\MSINET.OC_ --> cps.msu.edu /user/cd/cps291/setup MSINET.OC_
98.03.13 09:42 B D:\cdrom\setup\MSJet35.dl_ --> cps.msu.edu /user/cd/cps291/setup MSJet35.dl_
98.03.13 09:42 B D:\cdrom\setup\MSJInt35.dl_ --> cps.msu.edu /user/cd/cps291/setup MSJInt35.dl_
98.03.13 09:42 B D:\cdrom\setup\MSJtEr35.dl_ --> cps.msu.edu /user/cd/cps291/setup MSJtEr35.dl_
98.03.13 09:42 B D:\cdrom\setup\MSMAPI32.OC_ --> cps.msu.edu /user/cd/cps291/setup MSMAPI32.OC_
98.03.13 09:42 B D:\cdrom\setup\MSMASK32.OC_ --> cps.msu.edu /user/cd/cps291/setup MSMASK32.OC_
98.03.13 09:42 B D:\cdrom\setup\MSRD2x35.dl_ --> cps.msu.edu /user/cd/cps291/setup MSRD2x35.dl_
98.03.13 09:42 B D:\cdrom\setup\MsRepl35.dl_ --> cps.msu.edu /user/cd/cps291/setup MsRepl35.dl_
98.03.13 09:42 B D:\cdrom\setup\MSVBVM50.dl_ --> cps.msu.edu /user/cd/cps291/setup MSVBVM50.dl_
98.03.13 09:42 B D:\cdrom\setup\MSVCRT40.dl_ --> cps.msu.edu /user/cd/cps291/setup MSVCRT40.dl_
98.03.13 09:42 B D:\cdrom\setup\MSWINSCK.OC_ --> cps.msu.edu /user/cd/cps291/setup MSWINSCK.OC_
98.03.13 09:42 B D:\cdrom\setup\ODBCJI32.dl_ --> cps.msu.edu /user/cd/cps291/setup ODBCJI32.dl_
98.03.13 09:42 B D:\cdrom\setup\ODBCJt32.dl_ --> cps.msu.edu /user/cd/cps291/setup ODBCJt32.dl_
98.03.13 09:42 B D:\cdrom\setup\ODBCTL32.dl_ --> cps.msu.edu /user/cd/cps291/setup ODBCTL32.dl_
98.03.13 09:42 B D:\cdrom\setup\OleAut32.dl_ --> cps.msu.edu /user/cd/cps291/setup OleAut32.dl_
98.03.13 09:42 B D:\cdrom\setup\OlePro32.dl_ --> cps.msu.edu /user/cd/cps291/setup OlePro32.dl_
98.03.13 09:42 B D:\cdrom\setup\PICCLP32.OC_ --> cps.msu.edu /user/cd/cps291/setup PICCLP32.OC_
98.03.13 09:42 B D:\cdrom\setup\RichEd32.dl_ --> cps.msu.edu /user/cd/cps291/setup RichEd32.dl_
98.03.13 09:42 B D:\cdrom\setup\RICHTX32.OC_ --> cps.msu.edu /user/cd/cps291/setup RICHTX32.OC_
98.03.13 09:42 B D:\cdrom\setup\SETUP.EXE --> cps.msu.edu /user/cd/cps291/setup SETUP.EXE
98.03.13 09:42 B D:\cdrom\setup\SETUP.LST --> cps.msu.edu /user/cd/cps291/setup SETUP.LST
98.03.13 09:42 B D:\cdrom\setup\setup1.ex_ --> cps.msu.edu /user/cd/cps291/setup setup1.ex_
98.03.13 09:42 B D:\cdrom\setup\ST5UNST.EX_ --> cps.msu.edu /user/cd/cps291/setup ST5UNST.EX_
98.03.13 09:42 B D:\cdrom\setup\StdOle2.tl_ --> cps.msu.edu /user/cd/cps291/setup StdOle2.tl_
98.03.13 09:42 B D:\cdrom\setup\SyncOMat.ex_ --> cps.msu.edu /user/cd/cps291/setup SyncOMat.ex_
98.03.13 09:42 B D:\cdrom\setup\SyncOMat.fr_ --> cps.msu.edu /user/cd/cps291/setup SyncOMat.fr_
98.03.13 09:42 B D:\cdrom\setup\SYSINFO.OC_ --> cps.msu.edu /user/cd/cps291/setup SYSINFO.OC_
98.03.13 09:42 B D:\cdrom\setup\TABCTL32.OC_ --> cps.msu.edu /user/cd/cps291/setup TABCTL32.OC_
98.03.13 09:42 B D:\cdrom\setup\VB5DB.dl_ --> cps.msu.edu /user/cd/cps291/setup VB5DB.dl_
98.03.13 09:42 B D:\cdrom\setup\VB5StKit.dl_ --> cps.msu.edu /user/cd/cps291/setup VB5StKit.dl_
98.03.13 09:42 B D:\cdrom\setup\VBAJet32.dl_ --> cps.msu.edu /user/cd/cps291/setup VBAJet32.dl_
98.03.13 09:42 B D:\cdrom\setup\Wint351.ex_ --> cps.msu.edu /user/cd/cps291/setup Wint351.ex_
98.03.13 09:42 B D:\cdrom\setup\WS_FTP.LOG --> cps.msu.edu /user/cd/cps291/setup WS_FTP.LOG
