98.02.01 20:04 B D:\cdrom\overview\calendar.crs <-- www.vu.msu.edu /afs/msu/course/vu/egr124/cdrom/overview calendar.crs
98.02.01 20:04 B D:\cdrom\overview\calendar.htm <-- www.vu.msu.edu /afs/msu/course/vu/egr124/cdrom/overview calendar.htm
98.02.01 20:04 B D:\cdrom\overview\clistf.htm <-- www.vu.msu.edu /afs/msu/course/vu/egr124/cdrom/overview clistf.htm
98.02.01 20:04 B D:\cdrom\overview\future.htm <-- www.vu.msu.edu /afs/msu/course/vu/egr124/cdrom/overview future.htm
98.02.01 20:04 B D:\cdrom\overview\glistf.htm <-- www.vu.msu.edu /afs/msu/course/vu/egr124/cdrom/overview glistf.htm
98.02.01 20:04 B D:\cdrom\overview\hs.htm <-- www.vu.msu.edu /afs/msu/course/vu/egr124/cdrom/overview hs.htm
98.02.01 20:04 B D:\cdrom\overview\index.crs <-- www.vu.msu.edu /afs/msu/course/vu/egr124/cdrom/overview index.crs
98.02.01 20:04 B D:\cdrom\overview\index.htm <-- www.vu.msu.edu /afs/msu/course/vu/egr124/cdrom/overview index.htm
98.02.01 20:04 B D:\cdrom\overview\makeind.mnu <-- www.vu.msu.edu /afs/msu/course/vu/egr124/cdrom/overview makeind.mnu
98.02.01 20:04 B D:\cdrom\overview\makeind.sed <-- www.vu.msu.edu /afs/msu/course/vu/egr124/cdrom/overview makeind.sed
98.02.01 20:05 B D:\cdrom\overview\overview.htm <-- www.vu.msu.edu /afs/msu/course/vu/egr124/cdrom/overview overview.htm
98.02.01 20:05 B D:\cdrom\overview\prereq.crs <-- www.vu.msu.edu /afs/msu/course/vu/egr124/cdrom/overview prereq.crs
98.02.01 20:05 B D:\cdrom\overview\prereq.htm <-- www.vu.msu.edu /afs/msu/course/vu/egr124/cdrom/overview prereq.htm
98.02.01 20:05 B D:\cdrom\overview\signup.crs <-- www.vu.msu.edu /afs/msu/course/vu/egr124/cdrom/overview signup.crs
98.02.01 20:05 B D:\cdrom\overview\signup.htm <-- www.vu.msu.edu /afs/msu/course/vu/egr124/cdrom/overview signup.htm
98.02.01 20:05 B D:\cdrom\overview\skel.htm <-- www.vu.msu.edu /afs/msu/course/vu/egr124/cdrom/overview skel.htm
98.02.01 20:05 B D:\cdrom\overview\syllabus.crs <-- www.vu.msu.edu /afs/msu/course/vu/egr124/cdrom/overview syllabus.crs
98.02.01 20:05 B D:\cdrom\overview\syllabus.htm <-- www.vu.msu.edu /afs/msu/course/vu/egr124/cdrom/overview syllabus.htm
98.02.01 20:05 B D:\cdrom\overview\techreq.htm <-- www.vu.msu.edu /afs/msu/course/vu/egr124/cdrom/overview techreq.htm
98.02.01 20:05 B D:\cdrom\overview\thanks.crs <-- www.vu.msu.edu /afs/msu/course/vu/egr124/cdrom/overview thanks.crs
98.02.01 20:05 B D:\cdrom\overview\thanks.htm <-- www.vu.msu.edu /afs/msu/course/vu/egr124/cdrom/overview thanks.htm
98.02.01 20:05 B D:\cdrom\overview\thoughts.crs <-- www.vu.msu.edu /afs/msu/course/vu/egr124/cdrom/overview thoughts.crs
98.02.01 20:05 B D:\cdrom\overview\thoughts.htm <-- www.vu.msu.edu /afs/msu/course/vu/egr124/cdrom/overview thoughts.htm
98.02.01 20:05 B D:\cdrom\overview\top.htm <-- www.vu.msu.edu /afs/msu/course/vu/egr124/cdrom/overview top.htm
98.02.01 20:05 B D:\cdrom\overview\tv.crs <-- www.vu.msu.edu /afs/msu/course/vu/egr124/cdrom/overview tv.crs
98.02.01 20:05 B D:\cdrom\overview\tv.htm <-- www.vu.msu.edu /afs/msu/course/vu/egr124/cdrom/overview tv.htm
98.02.01 20:05 B D:\cdrom\overview\whoswho.crs <-- www.vu.msu.edu /afs/msu/course/vu/egr124/cdrom/overview whoswho.crs
98.02.01 20:05 B D:\cdrom\overview\whoswho.htm <-- www.vu.msu.edu /afs/msu/course/vu/egr124/cdrom/overview whoswho.htm
98.02.02 03:56 B D:\cdrom\overview\calendar.crs --> arctic.cps.msu.edu /user/cd/cps291/overview calendar.crs
98.02.02 03:56 B D:\cdrom\overview\calendar.htm --> arctic.cps.msu.edu /user/cd/cps291/overview calendar.htm
98.02.02 03:56 B D:\cdrom\overview\clistf.htm --> arctic.cps.msu.edu /user/cd/cps291/overview clistf.htm
98.02.02 03:56 B D:\cdrom\overview\future.htm --> arctic.cps.msu.edu /user/cd/cps291/overview future.htm
98.02.02 03:56 B D:\cdrom\overview\glistf.htm --> arctic.cps.msu.edu /user/cd/cps291/overview glistf.htm
98.02.02 03:56 B D:\cdrom\overview\hs.htm --> arctic.cps.msu.edu /user/cd/cps291/overview hs.htm
98.02.02 03:56 B D:\cdrom\overview\index.crs --> arctic.cps.msu.edu /user/cd/cps291/overview index.crs
98.02.02 03:56 B D:\cdrom\overview\index.htm --> arctic.cps.msu.edu /user/cd/cps291/overview index.htm
98.02.02 03:56 B D:\cdrom\overview\makeind.mnu --> arctic.cps.msu.edu /user/cd/cps291/overview makeind.mnu
98.02.02 03:56 B D:\cdrom\overview\makeind.sed --> arctic.cps.msu.edu /user/cd/cps291/overview makeind.sed
98.02.02 03:56 B D:\cdrom\overview\overview.htm --> arctic.cps.msu.edu /user/cd/cps291/overview overview.htm
98.02.02 03:56 B D:\cdrom\overview\prereq.crs --> arctic.cps.msu.edu /user/cd/cps291/overview prereq.crs
98.02.02 03:57 B D:\cdrom\overview\prereq.htm --> arctic.cps.msu.edu /user/cd/cps291/overview prereq.htm
98.02.02 03:57 B D:\cdrom\overview\signup.crs --> arctic.cps.msu.edu /user/cd/cps291/overview signup.crs
98.02.02 03:57 B D:\cdrom\overview\signup.htm --> arctic.cps.msu.edu /user/cd/cps291/overview signup.htm
98.02.02 03:57 B D:\cdrom\overview\skel.htm --> arctic.cps.msu.edu /user/cd/cps291/overview skel.htm
98.02.02 03:57 B D:\cdrom\overview\syllabus.crs --> arctic.cps.msu.edu /user/cd/cps291/overview syllabus.crs
98.02.02 03:57 B D:\cdrom\overview\syllabus.htm --> arctic.cps.msu.edu /user/cd/cps291/overview syllabus.htm
98.02.02 03:57 B D:\cdrom\overview\techreq.htm --> arctic.cps.msu.edu /user/cd/cps291/overview techreq.htm
98.02.02 03:57 B D:\cdrom\overview\thanks.crs --> arctic.cps.msu.edu /user/cd/cps291/overview thanks.crs
98.02.02 03:57 B D:\cdrom\overview\thanks.htm --> arctic.cps.msu.edu /user/cd/cps291/overview thanks.htm
98.02.02 03:57 B D:\cdrom\overview\thoughts.crs --> arctic.cps.msu.edu /user/cd/cps291/overview thoughts.crs
98.02.02 03:57 B D:\cdrom\overview\thoughts.htm --> arctic.cps.msu.edu /user/cd/cps291/overview thoughts.htm
98.02.02 03:57 B D:\cdrom\overview\top.htm --> arctic.cps.msu.edu /user/cd/cps291/overview top.htm
98.02.02 03:57 B D:\cdrom\overview\tv.crs --> arctic.cps.msu.edu /user/cd/cps291/overview tv.crs
98.02.02 03:57 B D:\cdrom\overview\tv.htm --> arctic.cps.msu.edu /user/cd/cps291/overview tv.htm
98.02.02 03:57 B D:\cdrom\overview\whoswho.crs --> arctic.cps.msu.edu /user/cd/cps291/overview whoswho.crs
98.02.02 03:57 B D:\cdrom\overview\whoswho.htm --> arctic.cps.msu.edu /user/cd/cps291/overview whoswho.htm
98.02.02 03:57 B D:\cdrom\overview\WS_FTP.LOG --> arctic.cps.msu.edu /user/cd/cps291/overview WS_FTP.LOG
98.02.02 09:52 B D:\cdrom\overview\calendar.crs <-- www.vu.msu.edu /afs/msu/course/vu/egr124/cdrom/overview calendar.crs
98.02.02 09:52 B D:\cdrom\overview\calendar.htm <-- www.vu.msu.edu /afs/msu/course/vu/egr124/cdrom/overview calendar.htm
98.02.02 09:52 B D:\cdrom\overview\clistf.htm <-- www.vu.msu.edu /afs/msu/course/vu/egr124/cdrom/overview clistf.htm
98.02.02 09:52 B D:\cdrom\overview\future.htm <-- www.vu.msu.edu /afs/msu/course/vu/egr124/cdrom/overview future.htm
98.02.02 09:52 B D:\cdrom\overview\glistf.htm <-- www.vu.msu.edu /afs/msu/course/vu/egr124/cdrom/overview glistf.htm
98.02.02 09:52 B D:\cdrom\overview\hs.htm <-- www.vu.msu.edu /afs/msu/course/vu/egr124/cdrom/overview hs.htm
98.02.02 09:52 B D:\cdrom\overview\index.crs <-- www.vu.msu.edu /afs/msu/course/vu/egr124/cdrom/overview index.crs
98.02.02 09:52 B D:\cdrom\overview\index.htm <-- www.vu.msu.edu /afs/msu/course/vu/egr124/cdrom/overview index.htm
98.02.02 09:52 B D:\cdrom\overview\makeind.mnu <-- www.vu.msu.edu /afs/msu/course/vu/egr124/cdrom/overview makeind.mnu
98.02.02 09:52 B D:\cdrom\overview\makeind.sed <-- www.vu.msu.edu /afs/msu/course/vu/egr124/cdrom/overview makeind.sed
98.02.02 09:52 B D:\cdrom\overview\overview.htm <-- www.vu.msu.edu /afs/msu/course/vu/egr124/cdrom/overview overview.htm
98.02.02 09:52 B D:\cdrom\overview\prereq.crs <-- www.vu.msu.edu /afs/msu/course/vu/egr124/cdrom/overview prereq.crs
98.02.02 09:52 B D:\cdrom\overview\prereq.htm <-- www.vu.msu.edu /afs/msu/course/vu/egr124/cdrom/overview prereq.htm
98.02.02 09:52 B D:\cdrom\overview\signup.crs <-- www.vu.msu.edu /afs/msu/course/vu/egr124/cdrom/overview signup.crs
98.02.02 09:52 B D:\cdrom\overview\signup.htm <-- www.vu.msu.edu /afs/msu/course/vu/egr124/cdrom/overview signup.htm
98.02.02 09:52 B D:\cdrom\overview\skel.htm <-- www.vu.msu.edu /afs/msu/course/vu/egr124/cdrom/overview skel.htm
98.02.02 09:52 B D:\cdrom\overview\syllabus.crs <-- www.vu.msu.edu /afs/msu/course/vu/egr124/cdrom/overview syllabus.crs
98.02.02 09:52 B D:\cdrom\overview\syllabus.htm <-- www.vu.msu.edu /afs/msu/course/vu/egr124/cdrom/overview syllabus.htm
98.02.02 09:52 B D:\cdrom\overview\techreq.htm <-- www.vu.msu.edu /afs/msu/course/vu/egr124/cdrom/overview techreq.htm
98.02.02 09:52 B D:\cdrom\overview\thanks.crs <-- www.vu.msu.edu /afs/msu/course/vu/egr124/cdrom/overview thanks.crs
98.02.02 09:52 B D:\cdrom\overview\thanks.htm <-- www.vu.msu.edu /afs/msu/course/vu/egr124/cdrom/overview thanks.htm
98.02.02 09:52 B D:\cdrom\overview\thoughts.crs <-- www.vu.msu.edu /afs/msu/course/vu/egr124/cdrom/overview thoughts.crs
98.02.02 09:52 B D:\cdrom\overview\thoughts.htm <-- www.vu.msu.edu /afs/msu/course/vu/egr124/cdrom/overview thoughts.htm
98.02.02 09:52 B D:\cdrom\overview\top.htm <-- www.vu.msu.edu /afs/msu/course/vu/egr124/cdrom/overview top.htm
98.02.02 09:52 B D:\cdrom\overview\tv.crs <-- www.vu.msu.edu /afs/msu/course/vu/egr124/cdrom/overview tv.crs
98.02.02 09:52 B D:\cdrom\overview\tv.htm <-- www.vu.msu.edu /afs/msu/course/vu/egr124/cdrom/overview tv.htm
98.02.02 09:52 B D:\cdrom\overview\whoswho.crs <-- www.vu.msu.edu /afs/msu/course/vu/egr124/cdrom/overview whoswho.crs
98.02.02 09:52 B D:\cdrom\overview\whoswho.htm <-- www.vu.msu.edu /afs/msu/course/vu/egr124/cdrom/overview whoswho.htm
98.02.02 09:53 B D:\cdrom\overview\calendar.crs --> arctic.cps.msu.edu /user/cd/cps291/overview calendar.crs
98.02.02 09:53 B D:\cdrom\overview\calendar.htm --> arctic.cps.msu.edu /user/cd/cps291/overview calendar.htm
98.02.02 09:53 B D:\cdrom\overview\clistf.htm --> arctic.cps.msu.edu /user/cd/cps291/overview clistf.htm
98.02.02 09:53 B D:\cdrom\overview\future.htm --> arctic.cps.msu.edu /user/cd/cps291/overview future.htm
98.02.02 09:53 B D:\cdrom\overview\glistf.htm --> arctic.cps.msu.edu /user/cd/cps291/overview glistf.htm
98.02.02 09:53 B D:\cdrom\overview\hs.htm --> arctic.cps.msu.edu /user/cd/cps291/overview hs.htm
98.02.02 09:53 B D:\cdrom\overview\index.crs --> arctic.cps.msu.edu /user/cd/cps291/overview index.crs
98.02.02 09:53 B D:\cdrom\overview\index.htm --> arctic.cps.msu.edu /user/cd/cps291/overview index.htm
98.02.02 09:53 B D:\cdrom\overview\makeind.mnu --> arctic.cps.msu.edu /user/cd/cps291/overview makeind.mnu
98.02.02 09:53 B D:\cdrom\overview\makeind.sed --> arctic.cps.msu.edu /user/cd/cps291/overview makeind.sed
98.02.02 09:53 B D:\cdrom\overview\overview.htm --> arctic.cps.msu.edu /user/cd/cps291/overview overview.htm
98.02.02 09:53 B D:\cdrom\overview\prereq.crs --> arctic.cps.msu.edu /user/cd/cps291/overview prereq.crs
98.02.02 09:53 B D:\cdrom\overview\prereq.htm --> arctic.cps.msu.edu /user/cd/cps291/overview prereq.htm
98.02.02 09:53 B D:\cdrom\overview\signup.crs --> arctic.cps.msu.edu /user/cd/cps291/overview signup.crs
98.02.02 09:53 B D:\cdrom\overview\signup.htm --> arctic.cps.msu.edu /user/cd/cps291/overview signup.htm
98.02.02 09:53 B D:\cdrom\overview\skel.htm --> arctic.cps.msu.edu /user/cd/cps291/overview skel.htm
98.02.02 09:53 B D:\cdrom\overview\syllabus.crs --> arctic.cps.msu.edu /user/cd/cps291/overview syllabus.crs
98.02.02 09:53 B D:\cdrom\overview\syllabus.htm --> arctic.cps.msu.edu /user/cd/cps291/overview syllabus.htm
98.02.02 09:53 B D:\cdrom\overview\techreq.htm --> arctic.cps.msu.edu /user/cd/cps291/overview techreq.htm
98.02.02 09:53 B D:\cdrom\overview\thanks.crs --> arctic.cps.msu.edu /user/cd/cps291/overview thanks.crs
98.02.02 09:53 B D:\cdrom\overview\thanks.htm --> arctic.cps.msu.edu /user/cd/cps291/overview thanks.htm
98.02.02 09:53 B D:\cdrom\overview\thoughts.crs --> arctic.cps.msu.edu /user/cd/cps291/overview thoughts.crs
98.02.02 09:53 B D:\cdrom\overview\thoughts.htm --> arctic.cps.msu.edu /user/cd/cps291/overview thoughts.htm
98.02.02 09:53 B D:\cdrom\overview\top.htm --> arctic.cps.msu.edu /user/cd/cps291/overview top.htm
98.02.02 09:53 B D:\cdrom\overview\tv.crs --> arctic.cps.msu.edu /user/cd/cps291/overview tv.crs
98.02.02 09:53 B D:\cdrom\overview\tv.htm --> arctic.cps.msu.edu /user/cd/cps291/overview tv.htm
98.02.02 09:53 B D:\cdrom\overview\whoswho.crs --> arctic.cps.msu.edu /user/cd/cps291/overview whoswho.crs
98.02.02 09:53 B D:\cdrom\overview\whoswho.htm --> arctic.cps.msu.edu /user/cd/cps291/overview whoswho.htm
98.02.02 09:53 B D:\cdrom\overview\WS_FTP.LOG --> arctic.cps.msu.edu /user/cd/cps291/overview WS_FTP.LOG
98.03.12 22:36 B D:\cdrom\overview\calendar.crs <-- www.vu.msu.edu /afs/msu/course/vu/egr124/cdrom/overview calendar.crs
98.03.12 22:36 B D:\cdrom\overview\calendar.htm <-- www.vu.msu.edu /afs/msu/course/vu/egr124/cdrom/overview calendar.htm
98.03.12 22:36 B D:\cdrom\overview\clistf.htm <-- www.vu.msu.edu /afs/msu/course/vu/egr124/cdrom/overview clistf.htm
98.03.12 22:36 B D:\cdrom\overview\future.htm <-- www.vu.msu.edu /afs/msu/course/vu/egr124/cdrom/overview future.htm
98.03.12 22:36 B D:\cdrom\overview\glistf.htm <-- www.vu.msu.edu /afs/msu/course/vu/egr124/cdrom/overview glistf.htm
98.03.12 22:36 B D:\cdrom\overview\hs.htm <-- www.vu.msu.edu /afs/msu/course/vu/egr124/cdrom/overview hs.htm
98.03.12 22:36 B D:\cdrom\overview\index.crs <-- www.vu.msu.edu /afs/msu/course/vu/egr124/cdrom/overview index.crs
98.03.12 22:36 B D:\cdrom\overview\index.htm <-- www.vu.msu.edu /afs/msu/course/vu/egr124/cdrom/overview index.htm
98.03.12 22:36 B D:\cdrom\overview\makeind.mnu <-- www.vu.msu.edu /afs/msu/course/vu/egr124/cdrom/overview makeind.mnu
98.03.12 22:36 B D:\cdrom\overview\makeind.sed <-- www.vu.msu.edu /afs/msu/course/vu/egr124/cdrom/overview makeind.sed
98.03.12 22:36 B D:\cdrom\overview\overview.htm <-- www.vu.msu.edu /afs/msu/course/vu/egr124/cdrom/overview overview.htm
98.03.12 22:36 B D:\cdrom\overview\prereq.crs <-- www.vu.msu.edu /afs/msu/course/vu/egr124/cdrom/overview prereq.crs
98.03.12 22:36 B D:\cdrom\overview\prereq.htm <-- www.vu.msu.edu /afs/msu/course/vu/egr124/cdrom/overview prereq.htm
98.03.12 22:36 B D:\cdrom\overview\signup.crs <-- www.vu.msu.edu /afs/msu/course/vu/egr124/cdrom/overview signup.crs
98.03.12 22:36 B D:\cdrom\overview\signup.htm <-- www.vu.msu.edu /afs/msu/course/vu/egr124/cdrom/overview signup.htm
98.03.12 22:36 B D:\cdrom\overview\skel.htm <-- www.vu.msu.edu /afs/msu/course/vu/egr124/cdrom/overview skel.htm
98.03.12 22:36 B D:\cdrom\overview\syllabus.crs <-- www.vu.msu.edu /afs/msu/course/vu/egr124/cdrom/overview syllabus.crs
98.03.12 22:36 B D:\cdrom\overview\syllabus.htm <-- www.vu.msu.edu /afs/msu/course/vu/egr124/cdrom/overview syllabus.htm
98.03.12 22:36 B D:\cdrom\overview\techreq.htm <-- www.vu.msu.edu /afs/msu/course/vu/egr124/cdrom/overview techreq.htm
98.03.12 22:36 B D:\cdrom\overview\thanks.crs <-- www.vu.msu.edu /afs/msu/course/vu/egr124/cdrom/overview thanks.crs
98.03.12 22:36 B D:\cdrom\overview\thanks.htm <-- www.vu.msu.edu /afs/msu/course/vu/egr124/cdrom/overview thanks.htm
98.03.12 22:36 B D:\cdrom\overview\thoughts.crs <-- www.vu.msu.edu /afs/msu/course/vu/egr124/cdrom/overview thoughts.crs
98.03.12 22:36 B D:\cdrom\overview\thoughts.htm <-- www.vu.msu.edu /afs/msu/course/vu/egr124/cdrom/overview thoughts.htm
98.03.12 22:36 B D:\cdrom\overview\top.htm <-- www.vu.msu.edu /afs/msu/course/vu/egr124/cdrom/overview top.htm
98.03.12 22:36 B D:\cdrom\overview\tv.crs <-- www.vu.msu.edu /afs/msu/course/vu/egr124/cdrom/overview tv.crs
98.03.12 22:36 B D:\cdrom\overview\tv.htm <-- www.vu.msu.edu /afs/msu/course/vu/egr124/cdrom/overview tv.htm
98.03.12 22:36 B D:\cdrom\overview\whoswho.crs <-- www.vu.msu.edu /afs/msu/course/vu/egr124/cdrom/overview whoswho.crs
98.03.12 22:36 B D:\cdrom\overview\whoswho.htm <-- www.vu.msu.edu /afs/msu/course/vu/egr124/cdrom/overview whoswho.htm
98.03.13 09:41 B D:\cdrom\overview\calendar.crs --> cps.msu.edu /user/cd/cps291/overview calendar.crs
98.03.13 09:41 B D:\cdrom\overview\calendar.htm --> cps.msu.edu /user/cd/cps291/overview calendar.htm
98.03.13 09:41 B D:\cdrom\overview\clistf.htm --> cps.msu.edu /user/cd/cps291/overview clistf.htm
98.03.13 09:41 B D:\cdrom\overview\future.htm --> cps.msu.edu /user/cd/cps291/overview future.htm
98.03.13 09:41 B D:\cdrom\overview\glistf.htm --> cps.msu.edu /user/cd/cps291/overview glistf.htm
98.03.13 09:41 B D:\cdrom\overview\hs.htm --> cps.msu.edu /user/cd/cps291/overview hs.htm
98.03.13 09:41 B D:\cdrom\overview\index.crs --> cps.msu.edu /user/cd/cps291/overview index.crs
98.03.13 09:41 B D:\cdrom\overview\index.htm --> cps.msu.edu /user/cd/cps291/overview index.htm
98.03.13 09:41 B D:\cdrom\overview\makeind.mnu --> cps.msu.edu /user/cd/cps291/overview makeind.mnu
98.03.13 09:41 B D:\cdrom\overview\makeind.sed --> cps.msu.edu /user/cd/cps291/overview makeind.sed
98.03.13 09:41 B D:\cdrom\overview\overview.htm --> cps.msu.edu /user/cd/cps291/overview overview.htm
98.03.13 09:41 B D:\cdrom\overview\prereq.crs --> cps.msu.edu /user/cd/cps291/overview prereq.crs
98.03.13 09:41 B D:\cdrom\overview\prereq.htm --> cps.msu.edu /user/cd/cps291/overview prereq.htm
98.03.13 09:41 B D:\cdrom\overview\signup.crs --> cps.msu.edu /user/cd/cps291/overview signup.crs
98.03.13 09:41 B D:\cdrom\overview\signup.htm --> cps.msu.edu /user/cd/cps291/overview signup.htm
98.03.13 09:41 B D:\cdrom\overview\skel.htm --> cps.msu.edu /user/cd/cps291/overview skel.htm
98.03.13 09:41 B D:\cdrom\overview\syllabus.crs --> cps.msu.edu /user/cd/cps291/overview syllabus.crs
98.03.13 09:41 B D:\cdrom\overview\syllabus.htm --> cps.msu.edu /user/cd/cps291/overview syllabus.htm
98.03.13 09:41 B D:\cdrom\overview\techreq.htm --> cps.msu.edu /user/cd/cps291/overview techreq.htm
98.03.13 09:41 B D:\cdrom\overview\thanks.crs --> cps.msu.edu /user/cd/cps291/overview thanks.crs
98.03.13 09:41 B D:\cdrom\overview\thanks.htm --> cps.msu.edu /user/cd/cps291/overview thanks.htm
98.03.13 09:41 B D:\cdrom\overview\thoughts.crs --> cps.msu.edu /user/cd/cps291/overview thoughts.crs
98.03.13 09:41 B D:\cdrom\overview\thoughts.htm --> cps.msu.edu /user/cd/cps291/overview thoughts.htm
98.03.13 09:41 B D:\cdrom\overview\top.htm --> cps.msu.edu /user/cd/cps291/overview top.htm
98.03.13 09:41 B D:\cdrom\overview\tv.crs --> cps.msu.edu /user/cd/cps291/overview tv.crs
98.03.13 09:41 B D:\cdrom\overview\tv.htm --> cps.msu.edu /user/cd/cps291/overview tv.htm
98.03.13 09:41 B D:\cdrom\overview\whoswho.crs --> cps.msu.edu /user/cd/cps291/overview whoswho.crs
98.03.13 09:41 B D:\cdrom\overview\whoswho.htm --> cps.msu.edu /user/cd/cps291/overview whoswho.htm
98.03.13 09:41 B D:\cdrom\overview\WS_FTP.LOG --> cps.msu.edu /user/cd/cps291/overview WS_FTP.LOG
