98.02.01 20:02 B D:\cdrom\help\macra\expand.gif <-- www.vu.msu.edu /afs/msu/course/vu/egr124/cdrom/help/macra expand.gif
98.02.01 20:02 B D:\cdrom\help\macra\index.htm <-- www.vu.msu.edu /afs/msu/course/vu/egr124/cdrom/help/macra index.htm
98.02.01 20:02 B D:\cdrom\help\macra\install1.gif <-- www.vu.msu.edu /afs/msu/course/vu/egr124/cdrom/help/macra install1.gif
98.02.01 20:18 B D:\cdrom\help\macra\expand.gif <-- www.vu.msu.edu /afs/msu/course/vu/egr124/cdrom/help/macra expand.gif
98.02.01 20:18 B D:\cdrom\help\macra\index.htm <-- www.vu.msu.edu /afs/msu/course/vu/egr124/cdrom/help/macra index.htm
98.02.01 20:18 B D:\cdrom\help\macra\install1.gif <-- www.vu.msu.edu /afs/msu/course/vu/egr124/cdrom/help/macra install1.gif
98.02.02 01:40 B D:\cdrom\help\macra\expand.gif --> arctic.cps.msu.edu /user/cd/cps291/help/macra expand.gif
98.02.02 01:40 B D:\cdrom\help\macra\index.htm --> arctic.cps.msu.edu /user/cd/cps291/help/macra index.htm
98.02.02 01:40 B D:\cdrom\help\macra\install1.gif --> arctic.cps.msu.edu /user/cd/cps291/help/macra install1.gif
98.02.02 01:40 B D:\cdrom\help\macra\WS_FTP.LOG --> arctic.cps.msu.edu /user/cd/cps291/help/macra WS_FTP.LOG
98.03.12 22:31 B D:\cdrom\help\macra\expand.gif <-- www.vu.msu.edu /afs/msu/course/vu/egr124/cdrom/help/macra expand.gif
98.03.12 22:31 B D:\cdrom\help\macra\index.htm <-- www.vu.msu.edu /afs/msu/course/vu/egr124/cdrom/help/macra index.htm
98.03.12 22:31 B D:\cdrom\help\macra\install1.gif <-- www.vu.msu.edu /afs/msu/course/vu/egr124/cdrom/help/macra install1.gif
98.03.12 23:11 B D:\cdrom\help\macra\expand.gif --> cps.msu.edu /user/cd/cps291/help/macra expand.gif
98.03.12 23:11 B D:\cdrom\help\macra\index.htm --> cps.msu.edu /user/cd/cps291/help/macra index.htm
98.03.12 23:11 B D:\cdrom\help\macra\install1.gif --> cps.msu.edu /user/cd/cps291/help/macra install1.gif
98.03.12 23:11 B D:\cdrom\help\macra\WS_FTP.LOG --> cps.msu.edu /user/cd/cps291/help/macra WS_FTP.LOG
98.03.13 00:01 B D:\cdrom\help\macra\expand.gif --> cps.msu.edu /user/cd/cps291/help/macra expand.gif
98.03.13 00:01 B D:\cdrom\help\macra\index.htm --> cps.msu.edu /user/cd/cps291/help/macra index.htm
98.03.13 00:01 B D:\cdrom\help\macra\install1.gif --> cps.msu.edu /user/cd/cps291/help/macra install1.gif
98.03.13 00:01 B D:\cdrom\help\macra\WS_FTP.LOG --> cps.msu.edu /user/cd/cps291/help/macra WS_FTP.LOG
98.03.13 08:58 B D:\cdrom\help\macra\expand.gif --> cps.msu.edu /user/cd/cps291/help/macra expand.gif
98.03.13 08:58 B D:\cdrom\help\macra\index.htm --> cps.msu.edu /user/cd/cps291/help/macra index.htm
98.03.13 08:58 B D:\cdrom\help\macra\install1.gif --> cps.msu.edu /user/cd/cps291/help/macra install1.gif
98.03.13 08:58 B D:\cdrom\help\macra\WS_FTP.LOG --> cps.msu.edu /user/cd/cps291/help/macra WS_FTP.LOG
