97.11.13 17:46 B C:\doit\slides\film\ielogo.gif --> www.vu.msu.edu /home/cps291/stage/doit/slides/film ielogo.gif
97.11.13 17:46 B C:\doit\slides\film\img001.GIF --> www.vu.msu.edu /home/cps291/stage/doit/slides/film img001.GIF
97.11.13 17:46 B C:\doit\slides\film\img002.GIF --> www.vu.msu.edu /home/cps291/stage/doit/slides/film img002.GIF
97.11.13 17:46 B C:\doit\slides\film\img003.GIF --> www.vu.msu.edu /home/cps291/stage/doit/slides/film img003.GIF
97.11.13 17:46 B C:\doit\slides\film\img004.GIF --> www.vu.msu.edu /home/cps291/stage/doit/slides/film img004.GIF
97.11.13 17:46 B C:\doit\slides\film\img005.GIF --> www.vu.msu.edu /home/cps291/stage/doit/slides/film img005.GIF
97.11.13 17:46 B C:\doit\slides\film\img006.GIF --> www.vu.msu.edu /home/cps291/stage/doit/slides/film img006.GIF
97.11.13 17:46 B C:\doit\slides\film\index.htm --> www.vu.msu.edu /home/cps291/stage/doit/slides/film index.htm
97.11.13 17:46 B C:\doit\slides\film\pptani.gif --> www.vu.msu.edu /home/cps291/stage/doit/slides/film pptani.gif
97.11.13 17:46 B C:\doit\slides\film\sld001.htm --> www.vu.msu.edu /home/cps291/stage/doit/slides/film sld001.htm
97.11.13 17:46 B C:\doit\slides\film\sld002.htm --> www.vu.msu.edu /home/cps291/stage/doit/slides/film sld002.htm
97.11.13 17:46 B C:\doit\slides\film\sld003.htm --> www.vu.msu.edu /home/cps291/stage/doit/slides/film sld003.htm
97.11.13 17:46 B C:\doit\slides\film\sld004.htm --> www.vu.msu.edu /home/cps291/stage/doit/slides/film sld004.htm
97.11.13 17:46 B C:\doit\slides\film\sld005.htm --> www.vu.msu.edu /home/cps291/stage/doit/slides/film sld005.htm
97.11.13 17:46 B C:\doit\slides\film\sld006.htm --> www.vu.msu.edu /home/cps291/stage/doit/slides/film sld006.htm
97.11.13 17:46 B C:\doit\slides\film\space.gif --> www.vu.msu.edu /home/cps291/stage/doit/slides/film space.gif
97.11.13 17:47 B C:\doit\slides\film\tsld001.htm --> www.vu.msu.edu /home/cps291/stage/doit/slides/film tsld001.htm
97.11.13 17:47 B C:\doit\slides\film\tsld002.htm --> www.vu.msu.edu /home/cps291/stage/doit/slides/film tsld002.htm
97.11.13 17:47 B C:\doit\slides\film\tsld003.htm --> www.vu.msu.edu /home/cps291/stage/doit/slides/film tsld003.htm
97.11.13 17:47 B C:\doit\slides\film\tsld004.htm --> www.vu.msu.edu /home/cps291/stage/doit/slides/film tsld004.htm
97.11.13 17:47 B C:\doit\slides\film\tsld005.htm --> www.vu.msu.edu /home/cps291/stage/doit/slides/film tsld005.htm
97.11.13 17:47 B C:\doit\slides\film\tsld006.htm --> www.vu.msu.edu /home/cps291/stage/doit/slides/film tsld006.htm
97.11.27 02:36 B C:\doit\slides\film\ielogo.gif --> www.vu.msu.edu /home/cps291/stage/doit/slides/film ielogo.gif
97.11.27 02:36 B C:\doit\slides\film\img001.GIF --> www.vu.msu.edu /home/cps291/stage/doit/slides/film img001.GIF
97.11.27 02:36 B C:\doit\slides\film\img002.GIF --> www.vu.msu.edu /home/cps291/stage/doit/slides/film img002.GIF
97.11.27 02:36 B C:\doit\slides\film\img003.GIF --> www.vu.msu.edu /home/cps291/stage/doit/slides/film img003.GIF
97.11.27 02:36 B C:\doit\slides\film\img004.GIF --> www.vu.msu.edu /home/cps291/stage/doit/slides/film img004.GIF
97.11.27 02:36 B C:\doit\slides\film\img005.GIF --> www.vu.msu.edu /home/cps291/stage/doit/slides/film img005.GIF
97.11.27 02:36 B C:\doit\slides\film\img006.GIF --> www.vu.msu.edu /home/cps291/stage/doit/slides/film img006.GIF
97.11.27 02:36 B C:\doit\slides\film\index.htm --> www.vu.msu.edu /home/cps291/stage/doit/slides/film index.htm
97.11.27 02:36 B C:\doit\slides\film\pptani.gif --> www.vu.msu.edu /home/cps291/stage/doit/slides/film pptani.gif
97.11.27 02:36 B C:\doit\slides\film\sld001.htm --> www.vu.msu.edu /home/cps291/stage/doit/slides/film sld001.htm
97.11.27 02:36 B C:\doit\slides\film\sld002.htm --> www.vu.msu.edu /home/cps291/stage/doit/slides/film sld002.htm
97.11.27 02:36 B C:\doit\slides\film\sld003.htm --> www.vu.msu.edu /home/cps291/stage/doit/slides/film sld003.htm
97.11.27 02:36 B C:\doit\slides\film\sld004.htm --> www.vu.msu.edu /home/cps291/stage/doit/slides/film sld004.htm
97.11.27 02:36 B C:\doit\slides\film\sld005.htm --> www.vu.msu.edu /home/cps291/stage/doit/slides/film sld005.htm
97.11.27 02:36 B C:\doit\slides\film\sld006.htm --> www.vu.msu.edu /home/cps291/stage/doit/slides/film sld006.htm
97.11.27 02:36 B C:\doit\slides\film\space.gif --> www.vu.msu.edu /home/cps291/stage/doit/slides/film space.gif
97.11.27 02:36 B C:\doit\slides\film\tsld001.htm --> www.vu.msu.edu /home/cps291/stage/doit/slides/film tsld001.htm
97.11.27 02:36 B C:\doit\slides\film\tsld002.htm --> www.vu.msu.edu /home/cps291/stage/doit/slides/film tsld002.htm
97.11.27 02:36 B C:\doit\slides\film\tsld003.htm --> www.vu.msu.edu /home/cps291/stage/doit/slides/film tsld003.htm
97.11.27 02:36 B C:\doit\slides\film\tsld004.htm --> www.vu.msu.edu /home/cps291/stage/doit/slides/film tsld004.htm
97.11.27 02:36 B C:\doit\slides\film\tsld005.htm --> www.vu.msu.edu /home/cps291/stage/doit/slides/film tsld005.htm
97.11.27 02:36 B C:\doit\slides\film\tsld006.htm --> www.vu.msu.edu /home/cps291/stage/doit/slides/film tsld006.htm
97.11.27 02:36 B C:\doit\slides\film\WS_FTP.LOG --> www.vu.msu.edu /home/cps291/stage/doit/slides/film WS_FTP.LOG
97.11.27 02:52 B C:\doit\slides\film\ielogo.gif --> www.vu.msu.edu /home/cps291/stage/doit/slides/film ielogo.gif
97.11.27 02:52 B C:\doit\slides\film\img001.GIF --> www.vu.msu.edu /home/cps291/stage/doit/slides/film img001.GIF
97.11.27 02:52 B C:\doit\slides\film\img002.GIF --> www.vu.msu.edu /home/cps291/stage/doit/slides/film img002.GIF
97.11.27 02:52 B C:\doit\slides\film\img003.GIF --> www.vu.msu.edu /home/cps291/stage/doit/slides/film img003.GIF
97.11.27 02:52 B C:\doit\slides\film\img004.GIF --> www.vu.msu.edu /home/cps291/stage/doit/slides/film img004.GIF
97.11.27 02:52 B C:\doit\slides\film\img005.GIF --> www.vu.msu.edu /home/cps291/stage/doit/slides/film img005.GIF
97.11.27 02:52 B C:\doit\slides\film\img006.GIF --> www.vu.msu.edu /home/cps291/stage/doit/slides/film img006.GIF
97.11.27 02:52 B C:\doit\slides\film\index.htm --> www.vu.msu.edu /home/cps291/stage/doit/slides/film index.htm
97.11.27 02:52 B C:\doit\slides\film\pptani.gif --> www.vu.msu.edu /home/cps291/stage/doit/slides/film pptani.gif
97.11.27 02:52 B C:\doit\slides\film\sld001.htm --> www.vu.msu.edu /home/cps291/stage/doit/slides/film sld001.htm
97.11.27 02:52 B C:\doit\slides\film\sld002.htm --> www.vu.msu.edu /home/cps291/stage/doit/slides/film sld002.htm
97.11.27 02:52 B C:\doit\slides\film\sld003.htm --> www.vu.msu.edu /home/cps291/stage/doit/slides/film sld003.htm
97.11.27 02:52 B C:\doit\slides\film\sld004.htm --> www.vu.msu.edu /home/cps291/stage/doit/slides/film sld004.htm
97.11.27 02:52 B C:\doit\slides\film\sld005.htm --> www.vu.msu.edu /home/cps291/stage/doit/slides/film sld005.htm
97.11.27 02:52 B C:\doit\slides\film\sld006.htm --> www.vu.msu.edu /home/cps291/stage/doit/slides/film sld006.htm
97.11.27 02:52 B C:\doit\slides\film\space.gif --> www.vu.msu.edu /home/cps291/stage/doit/slides/film space.gif
97.11.27 02:52 B C:\doit\slides\film\tsld001.htm --> www.vu.msu.edu /home/cps291/stage/doit/slides/film tsld001.htm
97.11.27 02:52 B C:\doit\slides\film\tsld002.htm --> www.vu.msu.edu /home/cps291/stage/doit/slides/film tsld002.htm
97.11.27 02:52 B C:\doit\slides\film\tsld003.htm --> www.vu.msu.edu /home/cps291/stage/doit/slides/film tsld003.htm
97.11.27 02:52 B C:\doit\slides\film\tsld004.htm --> www.vu.msu.edu /home/cps291/stage/doit/slides/film tsld004.htm
97.11.27 02:52 B C:\doit\slides\film\tsld005.htm --> www.vu.msu.edu /home/cps291/stage/doit/slides/film tsld005.htm
97.11.27 02:52 B C:\doit\slides\film\tsld006.htm --> www.vu.msu.edu /home/cps291/stage/doit/slides/film tsld006.htm
97.11.27 02:52 B C:\doit\slides\film\WS_FTP.LOG --> www.vu.msu.edu /home/cps291/stage/doit/slides/film WS_FTP.LOG
97.12.09 10:21 B C:\doit\slides\film\ielogo.gif --> arctic.cps.msu.edu /user/cd/cps291/doit/slides/film ielogo.gif
97.12.09 10:21 B C:\doit\slides\film\img001.GIF --> arctic.cps.msu.edu /user/cd/cps291/doit/slides/film img001.GIF
97.12.09 10:21 B C:\doit\slides\film\img002.GIF --> arctic.cps.msu.edu /user/cd/cps291/doit/slides/film img002.GIF
97.12.09 10:21 B C:\doit\slides\film\img003.GIF --> arctic.cps.msu.edu /user/cd/cps291/doit/slides/film img003.GIF
97.12.09 10:21 B C:\doit\slides\film\img004.GIF --> arctic.cps.msu.edu /user/cd/cps291/doit/slides/film img004.GIF
97.12.09 10:21 B C:\doit\slides\film\img005.GIF --> arctic.cps.msu.edu /user/cd/cps291/doit/slides/film img005.GIF
97.12.09 10:21 B C:\doit\slides\film\img006.GIF --> arctic.cps.msu.edu /user/cd/cps291/doit/slides/film img006.GIF
97.12.09 10:21 B C:\doit\slides\film\index.htm --> arctic.cps.msu.edu /user/cd/cps291/doit/slides/film index.htm
97.12.09 10:21 B C:\doit\slides\film\pptani.gif --> arctic.cps.msu.edu /user/cd/cps291/doit/slides/film pptani.gif
97.12.09 10:21 B C:\doit\slides\film\sld001.htm --> arctic.cps.msu.edu /user/cd/cps291/doit/slides/film sld001.htm
97.12.09 10:21 B C:\doit\slides\film\sld002.htm --> arctic.cps.msu.edu /user/cd/cps291/doit/slides/film sld002.htm
97.12.09 10:21 B C:\doit\slides\film\sld003.htm --> arctic.cps.msu.edu /user/cd/cps291/doit/slides/film sld003.htm
97.12.09 10:21 B C:\doit\slides\film\sld004.htm --> arctic.cps.msu.edu /user/cd/cps291/doit/slides/film sld004.htm
97.12.09 10:21 B C:\doit\slides\film\sld005.htm --> arctic.cps.msu.edu /user/cd/cps291/doit/slides/film sld005.htm
97.12.09 10:21 B C:\doit\slides\film\sld006.htm --> arctic.cps.msu.edu /user/cd/cps291/doit/slides/film sld006.htm
97.12.09 10:21 B C:\doit\slides\film\space.gif --> arctic.cps.msu.edu /user/cd/cps291/doit/slides/film space.gif
97.12.09 10:21 B C:\doit\slides\film\tsld001.htm --> arctic.cps.msu.edu /user/cd/cps291/doit/slides/film tsld001.htm
97.12.09 10:21 B C:\doit\slides\film\tsld002.htm --> arctic.cps.msu.edu /user/cd/cps291/doit/slides/film tsld002.htm
97.12.09 10:21 B C:\doit\slides\film\tsld003.htm --> arctic.cps.msu.edu /user/cd/cps291/doit/slides/film tsld003.htm
97.12.09 10:21 B C:\doit\slides\film\tsld004.htm --> arctic.cps.msu.edu /user/cd/cps291/doit/slides/film tsld004.htm
97.12.09 10:21 B C:\doit\slides\film\tsld005.htm --> arctic.cps.msu.edu /user/cd/cps291/doit/slides/film tsld005.htm
97.12.09 10:22 B C:\doit\slides\film\tsld006.htm --> arctic.cps.msu.edu /user/cd/cps291/doit/slides/film tsld006.htm
97.12.09 10:22 B C:\doit\slides\film\WS_FTP.LOG --> arctic.cps.msu.edu /user/cd/cps291/doit/slides/film WS_FTP.LOG
97.12.10 03:08 B C:\doit\slides\film\ielogo.gif --> arctic.cps.msu.edu /user/cd/cps291/src/doit/slides/film ielogo.gif
97.12.10 03:08 B C:\doit\slides\film\img001.GIF --> arctic.cps.msu.edu /user/cd/cps291/src/doit/slides/film img001.GIF
97.12.10 03:08 B C:\doit\slides\film\img002.GIF --> arctic.cps.msu.edu /user/cd/cps291/src/doit/slides/film img002.GIF
97.12.10 03:08 B C:\doit\slides\film\img003.GIF --> arctic.cps.msu.edu /user/cd/cps291/src/doit/slides/film img003.GIF
97.12.10 03:08 B C:\doit\slides\film\img004.GIF --> arctic.cps.msu.edu /user/cd/cps291/src/doit/slides/film img004.GIF
97.12.10 03:08 B C:\doit\slides\film\img005.GIF --> arctic.cps.msu.edu /user/cd/cps291/src/doit/slides/film img005.GIF
97.12.10 03:08 B C:\doit\slides\film\img006.GIF --> arctic.cps.msu.edu /user/cd/cps291/src/doit/slides/film img006.GIF
97.12.10 03:08 B C:\doit\slides\film\index.htm --> arctic.cps.msu.edu /user/cd/cps291/src/doit/slides/film index.htm
97.12.10 03:08 B C:\doit\slides\film\pptani.gif --> arctic.cps.msu.edu /user/cd/cps291/src/doit/slides/film pptani.gif
97.12.10 03:08 B C:\doit\slides\film\sld001.htm --> arctic.cps.msu.edu /user/cd/cps291/src/doit/slides/film sld001.htm
97.12.10 03:08 B C:\doit\slides\film\sld002.htm --> arctic.cps.msu.edu /user/cd/cps291/src/doit/slides/film sld002.htm
97.12.10 03:08 B C:\doit\slides\film\sld003.htm --> arctic.cps.msu.edu /user/cd/cps291/src/doit/slides/film sld003.htm
97.12.10 03:08 B C:\doit\slides\film\sld004.htm --> arctic.cps.msu.edu /user/cd/cps291/src/doit/slides/film sld004.htm
97.12.10 03:08 B C:\doit\slides\film\sld005.htm --> arctic.cps.msu.edu /user/cd/cps291/src/doit/slides/film sld005.htm
97.12.10 03:08 B C:\doit\slides\film\sld006.htm --> arctic.cps.msu.edu /user/cd/cps291/src/doit/slides/film sld006.htm
97.12.10 03:08 B C:\doit\slides\film\space.gif --> arctic.cps.msu.edu /user/cd/cps291/src/doit/slides/film space.gif
97.12.10 03:08 B C:\doit\slides\film\tsld001.htm --> arctic.cps.msu.edu /user/cd/cps291/src/doit/slides/film tsld001.htm
97.12.10 03:08 B C:\doit\slides\film\tsld002.htm --> arctic.cps.msu.edu /user/cd/cps291/src/doit/slides/film tsld002.htm
97.12.10 03:08 B C:\doit\slides\film\tsld003.htm --> arctic.cps.msu.edu /user/cd/cps291/src/doit/slides/film tsld003.htm
97.12.10 03:08 B C:\doit\slides\film\tsld004.htm --> arctic.cps.msu.edu /user/cd/cps291/src/doit/slides/film tsld004.htm
97.12.10 03:08 B C:\doit\slides\film\tsld005.htm --> arctic.cps.msu.edu /user/cd/cps291/src/doit/slides/film tsld005.htm
97.12.10 03:08 B C:\doit\slides\film\tsld006.htm --> arctic.cps.msu.edu /user/cd/cps291/src/doit/slides/film tsld006.htm
97.12.10 03:08 B C:\doit\slides\film\WS_FTP.LOG --> arctic.cps.msu.edu /user/cd/cps291/src/doit/slides/film WS_FTP.LOG
98.03.12 22:59 B D:\syncomat\htm_sld\film\film1.txt --> cps.msu.edu /user/cd/cps291/syncomat/htm_sld/film film1.txt
98.03.12 22:59 B D:\syncomat\htm_sld\film\ielogo.gif --> cps.msu.edu /user/cd/cps291/syncomat/htm_sld/film ielogo.gif
98.03.12 22:59 B D:\syncomat\htm_sld\film\img001.GIF --> cps.msu.edu /user/cd/cps291/syncomat/htm_sld/film img001.GIF
98.03.12 22:59 B D:\syncomat\htm_sld\film\img002.GIF --> cps.msu.edu /user/cd/cps291/syncomat/htm_sld/film img002.GIF
98.03.12 22:59 B D:\syncomat\htm_sld\film\img003.GIF --> cps.msu.edu /user/cd/cps291/syncomat/htm_sld/film img003.GIF
98.03.12 22:59 B D:\syncomat\htm_sld\film\img004.GIF --> cps.msu.edu /user/cd/cps291/syncomat/htm_sld/film img004.GIF
98.03.12 22:59 B D:\syncomat\htm_sld\film\img005.GIF --> cps.msu.edu /user/cd/cps291/syncomat/htm_sld/film img005.GIF
98.03.12 22:59 B D:\syncomat\htm_sld\film\img006.GIF --> cps.msu.edu /user/cd/cps291/syncomat/htm_sld/film img006.GIF
98.03.12 22:59 B D:\syncomat\htm_sld\film\index.htm --> cps.msu.edu /user/cd/cps291/syncomat/htm_sld/film index.htm
98.03.12 22:59 B D:\syncomat\htm_sld\film\pptani.gif --> cps.msu.edu /user/cd/cps291/syncomat/htm_sld/film pptani.gif
98.03.12 22:59 B D:\syncomat\htm_sld\film\sld001.htm --> cps.msu.edu /user/cd/cps291/syncomat/htm_sld/film sld001.htm
98.03.12 22:59 B D:\syncomat\htm_sld\film\sld002.htm --> cps.msu.edu /user/cd/cps291/syncomat/htm_sld/film sld002.htm
98.03.12 22:59 B D:\syncomat\htm_sld\film\sld003.htm --> cps.msu.edu /user/cd/cps291/syncomat/htm_sld/film sld003.htm
98.03.12 22:59 B D:\syncomat\htm_sld\film\sld004.htm --> cps.msu.edu /user/cd/cps291/syncomat/htm_sld/film sld004.htm
98.03.12 22:59 B D:\syncomat\htm_sld\film\sld005.htm --> cps.msu.edu /user/cd/cps291/syncomat/htm_sld/film sld005.htm
98.03.12 22:59 B D:\syncomat\htm_sld\film\sld006.htm --> cps.msu.edu /user/cd/cps291/syncomat/htm_sld/film sld006.htm
98.03.12 22:59 B D:\syncomat\htm_sld\film\space.gif --> cps.msu.edu /user/cd/cps291/syncomat/htm_sld/film space.gif
98.03.12 22:59 B D:\syncomat\htm_sld\film\tsld001.htm --> cps.msu.edu /user/cd/cps291/syncomat/htm_sld/film tsld001.htm
98.03.12 22:59 B D:\syncomat\htm_sld\film\tsld002.htm --> cps.msu.edu /user/cd/cps291/syncomat/htm_sld/film tsld002.htm
98.03.12 22:59 B D:\syncomat\htm_sld\film\tsld003.htm --> cps.msu.edu /user/cd/cps291/syncomat/htm_sld/film tsld003.htm
98.03.12 22:59 B D:\syncomat\htm_sld\film\tsld004.htm --> cps.msu.edu /user/cd/cps291/syncomat/htm_sld/film tsld004.htm
98.03.12 22:59 B D:\syncomat\htm_sld\film\tsld005.htm --> cps.msu.edu /user/cd/cps291/syncomat/htm_sld/film tsld005.htm
98.03.12 22:59 B D:\syncomat\htm_sld\film\tsld006.htm --> cps.msu.edu /user/cd/cps291/syncomat/htm_sld/film tsld006.htm
98.03.12 22:59 B D:\syncomat\htm_sld\film\WS_FTP.LOG --> cps.msu.edu /user/cd/cps291/syncomat/htm_sld/film WS_FTP.LOG
