97.11.13 17:31 B C:\doit\media\html\html1.ra --> www.vu.msu.edu /home/cps291/stage/doit/media/html html1.ra
97.11.13 17:31 B C:\doit\media\html\html1.rm --> www.vu.msu.edu /home/cps291/stage/doit/media/html html1.rm
97.11.13 17:31 B C:\doit\media\html\html1.txt --> www.vu.msu.edu /home/cps291/stage/doit/media/html html1.txt
97.11.13 17:31 B C:\doit\media\html\html2.ra --> www.vu.msu.edu /home/cps291/stage/doit/media/html html2.ra
97.11.13 17:31 B C:\doit\media\html\html2.rm --> www.vu.msu.edu /home/cps291/stage/doit/media/html html2.rm
97.11.13 17:31 B C:\doit\media\html\html2.txt --> www.vu.msu.edu /home/cps291/stage/doit/media/html html2.txt
97.11.13 17:32 B C:\doit\media\html\html3.ra --> www.vu.msu.edu /home/cps291/stage/doit/media/html html3.ra
97.11.13 17:32 B C:\doit\media\html\html3.rm --> www.vu.msu.edu /home/cps291/stage/doit/media/html html3.rm
97.11.13 17:32 B C:\doit\media\html\html3.txt --> www.vu.msu.edu /home/cps291/stage/doit/media/html html3.txt
97.11.13 17:32 B C:\doit\media\html\html4.ra --> www.vu.msu.edu /home/cps291/stage/doit/media/html html4.ra
97.11.13 17:32 B C:\doit\media\html\html4.rm --> www.vu.msu.edu /home/cps291/stage/doit/media/html html4.rm
97.11.13 17:32 B C:\doit\media\html\html4.txt --> www.vu.msu.edu /home/cps291/stage/doit/media/html html4.txt
97.11.27 02:28 B C:\doit\media\html\html1.ra --> www.vu.msu.edu /home/cps291/stage/doit/media/html html1.ra
97.11.27 02:28 B C:\doit\media\html\html1.rm --> www.vu.msu.edu /home/cps291/stage/doit/media/html html1.rm
97.11.27 02:28 B C:\doit\media\html\html1.txt --> www.vu.msu.edu /home/cps291/stage/doit/media/html html1.txt
97.11.27 02:28 B C:\doit\media\html\html2.ra --> www.vu.msu.edu /home/cps291/stage/doit/media/html html2.ra
97.11.27 02:28 B C:\doit\media\html\html2.rm --> www.vu.msu.edu /home/cps291/stage/doit/media/html html2.rm
97.11.27 02:28 B C:\doit\media\html\html2.txt --> www.vu.msu.edu /home/cps291/stage/doit/media/html html2.txt
97.11.27 02:28 B C:\doit\media\html\html3.ra --> www.vu.msu.edu /home/cps291/stage/doit/media/html html3.ra
97.11.27 02:28 B C:\doit\media\html\html3.rm --> www.vu.msu.edu /home/cps291/stage/doit/media/html html3.rm
97.11.27 02:28 B C:\doit\media\html\html3.txt --> www.vu.msu.edu /home/cps291/stage/doit/media/html html3.txt
97.11.27 02:28 B C:\doit\media\html\html4.ra --> www.vu.msu.edu /home/cps291/stage/doit/media/html html4.ra
97.11.27 02:28 B C:\doit\media\html\html4.rm --> www.vu.msu.edu /home/cps291/stage/doit/media/html html4.rm
97.11.27 02:28 B C:\doit\media\html\html4.txt --> www.vu.msu.edu /home/cps291/stage/doit/media/html html4.txt
97.11.27 02:28 B C:\doit\media\html\WS_FTP.LOG --> www.vu.msu.edu /home/cps291/stage/doit/media/html WS_FTP.LOG
97.11.27 02:43 B C:\doit\media\html\html1.ra --> www.vu.msu.edu /home/cps291/stage/doit/media/html html1.ra
97.11.27 02:43 B C:\doit\media\html\html1.rm --> www.vu.msu.edu /home/cps291/stage/doit/media/html html1.rm
97.11.27 02:43 B C:\doit\media\html\html1.txt --> www.vu.msu.edu /home/cps291/stage/doit/media/html html1.txt
97.11.27 02:43 B C:\doit\media\html\html2.ra --> www.vu.msu.edu /home/cps291/stage/doit/media/html html2.ra
97.11.27 02:43 B C:\doit\media\html\html2.rm --> www.vu.msu.edu /home/cps291/stage/doit/media/html html2.rm
97.11.27 02:43 B C:\doit\media\html\html2.txt --> www.vu.msu.edu /home/cps291/stage/doit/media/html html2.txt
97.11.27 02:44 B C:\doit\media\html\html3.ra --> www.vu.msu.edu /home/cps291/stage/doit/media/html html3.ra
97.11.27 02:44 B C:\doit\media\html\html3.rm --> www.vu.msu.edu /home/cps291/stage/doit/media/html html3.rm
97.11.27 02:44 B C:\doit\media\html\html3.txt --> www.vu.msu.edu /home/cps291/stage/doit/media/html html3.txt
97.11.27 02:44 B C:\doit\media\html\html4.ra --> www.vu.msu.edu /home/cps291/stage/doit/media/html html4.ra
97.11.27 02:44 B C:\doit\media\html\html4.rm --> www.vu.msu.edu /home/cps291/stage/doit/media/html html4.rm
97.11.27 02:44 B C:\doit\media\html\html4.txt --> www.vu.msu.edu /home/cps291/stage/doit/media/html html4.txt
97.11.27 02:44 B C:\doit\media\html\WS_FTP.LOG --> www.vu.msu.edu /home/cps291/stage/doit/media/html WS_FTP.LOG
97.12.09 10:11 B C:\doit\media\html\html1.ra --> arctic.cps.msu.edu /user/cd/cps291/doit/media/html html1.ra
97.12.09 10:11 B C:\doit\media\html\html1.rm --> arctic.cps.msu.edu /user/cd/cps291/doit/media/html html1.rm
97.12.09 10:11 B C:\doit\media\html\html1.txt --> arctic.cps.msu.edu /user/cd/cps291/doit/media/html html1.txt
97.12.09 10:11 B C:\doit\media\html\html2.ra --> arctic.cps.msu.edu /user/cd/cps291/doit/media/html html2.ra
97.12.09 10:12 B C:\doit\media\html\html2.rm --> arctic.cps.msu.edu /user/cd/cps291/doit/media/html html2.rm
97.12.09 10:12 B C:\doit\media\html\html2.txt --> arctic.cps.msu.edu /user/cd/cps291/doit/media/html html2.txt
97.12.09 10:12 B C:\doit\media\html\html3.ra --> arctic.cps.msu.edu /user/cd/cps291/doit/media/html html3.ra
97.12.09 10:12 B C:\doit\media\html\html3.rm --> arctic.cps.msu.edu /user/cd/cps291/doit/media/html html3.rm
97.12.09 10:12 B C:\doit\media\html\html3.txt --> arctic.cps.msu.edu /user/cd/cps291/doit/media/html html3.txt
97.12.09 10:12 B C:\doit\media\html\html4.ra --> arctic.cps.msu.edu /user/cd/cps291/doit/media/html html4.ra
97.12.09 10:12 B C:\doit\media\html\html4.rm --> arctic.cps.msu.edu /user/cd/cps291/doit/media/html html4.rm
97.12.09 10:12 B C:\doit\media\html\html4.txt --> arctic.cps.msu.edu /user/cd/cps291/doit/media/html html4.txt
97.12.09 10:12 B C:\doit\media\html\WS_FTP.LOG --> arctic.cps.msu.edu /user/cd/cps291/doit/media/html WS_FTP.LOG
97.12.10 02:59 B C:\doit\media\html\html1.ra --> arctic.cps.msu.edu /user/cd/cps291/src/doit/media/html html1.ra
97.12.10 02:59 B C:\doit\media\html\html1.rm --> arctic.cps.msu.edu /user/cd/cps291/src/doit/media/html html1.rm
97.12.10 02:59 B C:\doit\media\html\html1.txt --> arctic.cps.msu.edu /user/cd/cps291/src/doit/media/html html1.txt
97.12.10 02:59 B C:\doit\media\html\html2.ra --> arctic.cps.msu.edu /user/cd/cps291/src/doit/media/html html2.ra
97.12.10 03:00 B C:\doit\media\html\html2.rm --> arctic.cps.msu.edu /user/cd/cps291/src/doit/media/html html2.rm
97.12.10 03:00 B C:\doit\media\html\html2.txt --> arctic.cps.msu.edu /user/cd/cps291/src/doit/media/html html2.txt
97.12.10 03:00 B C:\doit\media\html\html3.ra --> arctic.cps.msu.edu /user/cd/cps291/src/doit/media/html html3.ra
97.12.10 03:00 B C:\doit\media\html\html3.rm --> arctic.cps.msu.edu /user/cd/cps291/src/doit/media/html html3.rm
97.12.10 03:00 B C:\doit\media\html\html3.txt --> arctic.cps.msu.edu /user/cd/cps291/src/doit/media/html html3.txt
97.12.10 03:00 B C:\doit\media\html\html4.ra --> arctic.cps.msu.edu /user/cd/cps291/src/doit/media/html html4.ra
97.12.10 03:00 B C:\doit\media\html\html4.rm --> arctic.cps.msu.edu /user/cd/cps291/src/doit/media/html html4.rm
97.12.10 03:00 B C:\doit\media\html\html4.txt --> arctic.cps.msu.edu /user/cd/cps291/src/doit/media/html html4.txt
97.12.10 03:00 B C:\doit\media\html\WS_FTP.LOG --> arctic.cps.msu.edu /user/cd/cps291/src/doit/media/html WS_FTP.LOG
98.02.02 10:09 B D:\syncomat\media\html\html1.ra --> arctic.cps.msu.edu /user/cd/cps291/syncomat/media/html html1.ra
98.02.02 10:10 B D:\syncomat\media\html\html1.rm --> arctic.cps.msu.edu /user/cd/cps291/syncomat/media/html html1.rm
98.02.02 10:10 B D:\syncomat\media\html\html1.txt --> arctic.cps.msu.edu /user/cd/cps291/syncomat/media/html html1.txt
98.02.02 10:10 B D:\syncomat\media\html\html2.ra --> arctic.cps.msu.edu /user/cd/cps291/syncomat/media/html html2.ra
98.02.02 10:12 B D:\syncomat\media\html\html2.rm --> arctic.cps.msu.edu /user/cd/cps291/syncomat/media/html html2.rm
98.02.02 10:12 B D:\syncomat\media\html\html2.txt --> arctic.cps.msu.edu /user/cd/cps291/syncomat/media/html html2.txt
98.02.02 10:12 B D:\syncomat\media\html\html3.ra --> arctic.cps.msu.edu /user/cd/cps291/syncomat/media/html html3.ra
98.02.02 10:12 B D:\syncomat\media\html\html3.rm --> arctic.cps.msu.edu /user/cd/cps291/syncomat/media/html html3.rm
98.02.02 10:12 B D:\syncomat\media\html\html3.txt --> arctic.cps.msu.edu /user/cd/cps291/syncomat/media/html html3.txt
98.02.02 10:13 B D:\syncomat\media\html\html4.ra --> arctic.cps.msu.edu /user/cd/cps291/syncomat/media/html html4.ra
98.02.02 10:13 B D:\syncomat\media\html\html4.rm --> arctic.cps.msu.edu /user/cd/cps291/syncomat/media/html html4.rm
98.02.02 10:13 B D:\syncomat\media\html\html4.txt --> arctic.cps.msu.edu /user/cd/cps291/syncomat/media/html html4.txt
98.02.02 10:13 B D:\syncomat\media\html\WS_FTP.LOG --> arctic.cps.msu.edu /user/cd/cps291/syncomat/media/html WS_FTP.LOG
