98.02.01 20:03 B D:\cdrom\help\uninst\index.htm <-- www.vu.msu.edu /afs/msu/course/vu/egr124/cdrom/help/uninst index.htm
98.02.01 20:03 B D:\cdrom\help\uninst\uninst1.gif <-- www.vu.msu.edu /afs/msu/course/vu/egr124/cdrom/help/uninst uninst1.gif
98.02.01 20:03 B D:\cdrom\help\uninst\uninst2.gif <-- www.vu.msu.edu /afs/msu/course/vu/egr124/cdrom/help/uninst uninst2.gif
98.02.01 20:03 B D:\cdrom\help\uninst\uninst3.gif <-- www.vu.msu.edu /afs/msu/course/vu/egr124/cdrom/help/uninst uninst3.gif
98.02.01 20:03 B D:\cdrom\help\uninst\uninst4.gif <-- www.vu.msu.edu /afs/msu/course/vu/egr124/cdrom/help/uninst uninst4.gif
98.02.01 20:03 B D:\cdrom\help\uninst\uninst5.gif <-- www.vu.msu.edu /afs/msu/course/vu/egr124/cdrom/help/uninst uninst5.gif
98.02.01 20:03 B D:\cdrom\help\uninst\uninst6.gif <-- www.vu.msu.edu /afs/msu/course/vu/egr124/cdrom/help/uninst uninst6.gif
98.02.01 20:18 B D:\cdrom\help\uninst\index.htm <-- www.vu.msu.edu /afs/msu/course/vu/egr124/cdrom/help/uninst index.htm
98.02.01 20:18 B D:\cdrom\help\uninst\uninst1.gif <-- www.vu.msu.edu /afs/msu/course/vu/egr124/cdrom/help/uninst uninst1.gif
98.02.01 20:18 B D:\cdrom\help\uninst\uninst2.gif <-- www.vu.msu.edu /afs/msu/course/vu/egr124/cdrom/help/uninst uninst2.gif
98.02.01 20:18 B D:\cdrom\help\uninst\uninst3.gif <-- www.vu.msu.edu /afs/msu/course/vu/egr124/cdrom/help/uninst uninst3.gif
98.02.01 20:18 B D:\cdrom\help\uninst\uninst4.gif <-- www.vu.msu.edu /afs/msu/course/vu/egr124/cdrom/help/uninst uninst4.gif
98.02.01 20:18 B D:\cdrom\help\uninst\uninst5.gif <-- www.vu.msu.edu /afs/msu/course/vu/egr124/cdrom/help/uninst uninst5.gif
98.02.01 20:18 B D:\cdrom\help\uninst\uninst6.gif <-- www.vu.msu.edu /afs/msu/course/vu/egr124/cdrom/help/uninst uninst6.gif
98.02.02 01:40 B D:\cdrom\help\uninst\index.htm --> arctic.cps.msu.edu /user/cd/cps291/help/uninst index.htm
98.02.02 01:40 B D:\cdrom\help\uninst\uninst1.gif --> arctic.cps.msu.edu /user/cd/cps291/help/uninst uninst1.gif
98.02.02 01:40 B D:\cdrom\help\uninst\uninst2.gif --> arctic.cps.msu.edu /user/cd/cps291/help/uninst uninst2.gif
98.02.02 01:40 B D:\cdrom\help\uninst\uninst3.gif --> arctic.cps.msu.edu /user/cd/cps291/help/uninst uninst3.gif
98.02.02 01:40 B D:\cdrom\help\uninst\uninst4.gif --> arctic.cps.msu.edu /user/cd/cps291/help/uninst uninst4.gif
98.02.02 01:40 B D:\cdrom\help\uninst\uninst5.gif --> arctic.cps.msu.edu /user/cd/cps291/help/uninst uninst5.gif
98.02.02 01:40 B D:\cdrom\help\uninst\uninst6.gif --> arctic.cps.msu.edu /user/cd/cps291/help/uninst uninst6.gif
98.02.02 01:40 B D:\cdrom\help\uninst\WS_FTP.LOG --> arctic.cps.msu.edu /user/cd/cps291/help/uninst WS_FTP.LOG
98.03.12 22:31 B D:\cdrom\help\uninst\index.htm <-- www.vu.msu.edu /afs/msu/course/vu/egr124/cdrom/help/uninst index.htm
98.03.12 22:31 B D:\cdrom\help\uninst\uninst1.gif <-- www.vu.msu.edu /afs/msu/course/vu/egr124/cdrom/help/uninst uninst1.gif
98.03.12 22:31 B D:\cdrom\help\uninst\uninst2.gif <-- www.vu.msu.edu /afs/msu/course/vu/egr124/cdrom/help/uninst uninst2.gif
98.03.12 22:31 B D:\cdrom\help\uninst\uninst3.gif <-- www.vu.msu.edu /afs/msu/course/vu/egr124/cdrom/help/uninst uninst3.gif
98.03.12 22:31 B D:\cdrom\help\uninst\uninst4.gif <-- www.vu.msu.edu /afs/msu/course/vu/egr124/cdrom/help/uninst uninst4.gif
98.03.12 22:31 B D:\cdrom\help\uninst\uninst5.gif <-- www.vu.msu.edu /afs/msu/course/vu/egr124/cdrom/help/uninst uninst5.gif
98.03.12 22:31 B D:\cdrom\help\uninst\uninst6.gif <-- www.vu.msu.edu /afs/msu/course/vu/egr124/cdrom/help/uninst uninst6.gif
98.03.12 23:12 B D:\cdrom\help\uninst\index.htm --> cps.msu.edu /user/cd/cps291/help/uninst index.htm
98.03.12 23:12 B D:\cdrom\help\uninst\uninst1.gif --> cps.msu.edu /user/cd/cps291/help/uninst uninst1.gif
98.03.12 23:12 B D:\cdrom\help\uninst\uninst2.gif --> cps.msu.edu /user/cd/cps291/help/uninst uninst2.gif
98.03.12 23:12 B D:\cdrom\help\uninst\uninst3.gif --> cps.msu.edu /user/cd/cps291/help/uninst uninst3.gif
98.03.12 23:12 B D:\cdrom\help\uninst\uninst4.gif --> cps.msu.edu /user/cd/cps291/help/uninst uninst4.gif
98.03.12 23:12 B D:\cdrom\help\uninst\uninst5.gif --> cps.msu.edu /user/cd/cps291/help/uninst uninst5.gif
98.03.12 23:12 B D:\cdrom\help\uninst\uninst6.gif --> cps.msu.edu /user/cd/cps291/help/uninst uninst6.gif
98.03.12 23:12 B D:\cdrom\help\uninst\WS_FTP.LOG --> cps.msu.edu /user/cd/cps291/help/uninst WS_FTP.LOG
98.03.13 00:01 B D:\cdrom\help\uninst\index.htm --> cps.msu.edu /user/cd/cps291/help/uninst index.htm
98.03.13 00:01 B D:\cdrom\help\uninst\uninst1.gif --> cps.msu.edu /user/cd/cps291/help/uninst uninst1.gif
98.03.13 00:01 B D:\cdrom\help\uninst\uninst2.gif --> cps.msu.edu /user/cd/cps291/help/uninst uninst2.gif
98.03.13 00:01 B D:\cdrom\help\uninst\uninst3.gif --> cps.msu.edu /user/cd/cps291/help/uninst uninst3.gif
98.03.13 00:01 B D:\cdrom\help\uninst\uninst4.gif --> cps.msu.edu /user/cd/cps291/help/uninst uninst4.gif
98.03.13 00:01 B D:\cdrom\help\uninst\uninst5.gif --> cps.msu.edu /user/cd/cps291/help/uninst uninst5.gif
98.03.13 00:01 B D:\cdrom\help\uninst\uninst6.gif --> cps.msu.edu /user/cd/cps291/help/uninst uninst6.gif
98.03.13 00:01 B D:\cdrom\help\uninst\WS_FTP.LOG --> cps.msu.edu /user/cd/cps291/help/uninst WS_FTP.LOG
98.03.13 08:58 B D:\cdrom\help\uninst\index.htm --> cps.msu.edu /user/cd/cps291/help/uninst index.htm
98.03.13 08:58 B D:\cdrom\help\uninst\uninst1.gif --> cps.msu.edu /user/cd/cps291/help/uninst uninst1.gif
98.03.13 08:58 B D:\cdrom\help\uninst\uninst2.gif --> cps.msu.edu /user/cd/cps291/help/uninst uninst2.gif
98.03.13 08:58 B D:\cdrom\help\uninst\uninst3.gif --> cps.msu.edu /user/cd/cps291/help/uninst uninst3.gif
98.03.13 08:58 B D:\cdrom\help\uninst\uninst4.gif --> cps.msu.edu /user/cd/cps291/help/uninst uninst4.gif
98.03.13 08:58 B D:\cdrom\help\uninst\uninst5.gif --> cps.msu.edu /user/cd/cps291/help/uninst uninst5.gif
98.03.13 08:58 B D:\cdrom\help\uninst\uninst6.gif --> cps.msu.edu /user/cd/cps291/help/uninst uninst6.gif
98.03.13 08:58 B D:\cdrom\help\uninst\WS_FTP.LOG --> cps.msu.edu /user/cd/cps291/help/uninst WS_FTP.LOG
