98.06.12 11:18 B D:\syncomat\synccd\tosc\cache.htm --> scully.egr.msu.edu /web/tosc/tosc cache.htm
98.06.12 11:18 B D:\syncomat\synccd\tosc\empty.rpm --> scully.egr.msu.edu /web/tosc/tosc empty.rpm
98.06.12 11:18 B D:\syncomat\synccd\tosc\getreal.jpg --> scully.egr.msu.edu /web/tosc/tosc getreal.jpg
98.06.12 11:18 B D:\syncomat\synccd\tosc\img001.gif --> scully.egr.msu.edu /web/tosc/tosc img001.gif
98.06.12 11:18 B D:\syncomat\synccd\tosc\img002.gif --> scully.egr.msu.edu /web/tosc/tosc img002.gif
98.06.12 11:18 B D:\syncomat\synccd\tosc\img003.gif --> scully.egr.msu.edu /web/tosc/tosc img003.gif
98.06.12 11:18 B D:\syncomat\synccd\tosc\img004.gif --> scully.egr.msu.edu /web/tosc/tosc img004.gif
98.06.12 11:18 B D:\syncomat\synccd\tosc\img005.gif --> scully.egr.msu.edu /web/tosc/tosc img005.gif
98.06.12 11:18 B D:\syncomat\synccd\tosc\img006.gif --> scully.egr.msu.edu /web/tosc/tosc img006.gif
98.06.12 11:18 B D:\syncomat\synccd\tosc\img007.gif --> scully.egr.msu.edu /web/tosc/tosc img007.gif
98.06.12 11:18 B D:\syncomat\synccd\tosc\img008.gif --> scully.egr.msu.edu /web/tosc/tosc img008.gif
98.06.12 11:18 B D:\syncomat\synccd\tosc\img009.gif --> scully.egr.msu.edu /web/tosc/tosc img009.gif
98.06.12 11:18 B D:\syncomat\synccd\tosc\img010.gif --> scully.egr.msu.edu /web/tosc/tosc img010.gif
98.06.12 11:18 B D:\syncomat\synccd\tosc\img011.gif --> scully.egr.msu.edu /web/tosc/tosc img011.gif
98.06.12 11:18 B D:\syncomat\synccd\tosc\img012.gif --> scully.egr.msu.edu /web/tosc/tosc img012.gif
98.06.12 11:18 B D:\syncomat\synccd\tosc\img013.gif --> scully.egr.msu.edu /web/tosc/tosc img013.gif
98.06.12 11:18 B D:\syncomat\synccd\tosc\img014.gif --> scully.egr.msu.edu /web/tosc/tosc img014.gif
98.06.12 11:18 B D:\syncomat\synccd\tosc\img015.gif --> scully.egr.msu.edu /web/tosc/tosc img015.gif
98.06.12 11:18 B D:\syncomat\synccd\tosc\img016.gif --> scully.egr.msu.edu /web/tosc/tosc img016.gif
98.06.12 11:18 B D:\syncomat\synccd\tosc\img017.gif --> scully.egr.msu.edu /web/tosc/tosc img017.gif
98.06.12 11:18 B D:\syncomat\synccd\tosc\index.crs --> scully.egr.msu.edu /web/tosc/tosc index.crs
98.06.12 11:18 B D:\syncomat\synccd\tosc\index.htm --> scully.egr.msu.edu /web/tosc/tosc index.htm
98.06.12 11:18 B D:\syncomat\synccd\tosc\inst160.gif --> scully.egr.msu.edu /web/tosc/tosc inst160.gif
98.06.12 11:18 B D:\syncomat\synccd\tosc\log.log --> scully.egr.msu.edu /web/tosc/tosc log.log
98.06.12 11:18 B D:\syncomat\synccd\tosc\makeind.mnu --> scully.egr.msu.edu /web/tosc/tosc makeind.mnu
98.06.12 11:18 B D:\syncomat\synccd\tosc\makeind.sed --> scully.egr.msu.edu /web/tosc/tosc makeind.sed
98.06.12 11:18 B D:\syncomat\synccd\tosc\navcal.gif --> scully.egr.msu.edu /web/tosc/tosc navcal.gif
98.06.12 11:18 B D:\syncomat\synccd\tosc\process.bat --> scully.egr.msu.edu /web/tosc/tosc process.bat
98.06.12 11:18 B D:\syncomat\synccd\tosc\sld001.htm --> scully.egr.msu.edu /web/tosc/tosc sld001.htm
98.06.12 11:18 B D:\syncomat\synccd\tosc\sld002.htm --> scully.egr.msu.edu /web/tosc/tosc sld002.htm
98.06.12 11:18 B D:\syncomat\synccd\tosc\sld003.htm --> scully.egr.msu.edu /web/tosc/tosc sld003.htm
98.06.12 11:18 B D:\syncomat\synccd\tosc\sld004.htm --> scully.egr.msu.edu /web/tosc/tosc sld004.htm
98.06.12 11:18 B D:\syncomat\synccd\tosc\sld005.htm --> scully.egr.msu.edu /web/tosc/tosc sld005.htm
98.06.12 11:18 B D:\syncomat\synccd\tosc\sld006.htm --> scully.egr.msu.edu /web/tosc/tosc sld006.htm
98.06.12 11:18 B D:\syncomat\synccd\tosc\sld007.htm --> scully.egr.msu.edu /web/tosc/tosc sld007.htm
98.06.12 11:18 B D:\syncomat\synccd\tosc\sld008.htm --> scully.egr.msu.edu /web/tosc/tosc sld008.htm
98.06.12 11:18 B D:\syncomat\synccd\tosc\sld009.htm --> scully.egr.msu.edu /web/tosc/tosc sld009.htm
98.06.12 11:18 B D:\syncomat\synccd\tosc\sld010.htm --> scully.egr.msu.edu /web/tosc/tosc sld010.htm
98.06.12 11:18 B D:\syncomat\synccd\tosc\sld011.htm --> scully.egr.msu.edu /web/tosc/tosc sld011.htm
98.06.12 11:18 B D:\syncomat\synccd\tosc\sld012.htm --> scully.egr.msu.edu /web/tosc/tosc sld012.htm
98.06.12 11:18 B D:\syncomat\synccd\tosc\sld013.htm --> scully.egr.msu.edu /web/tosc/tosc sld013.htm
98.06.12 11:18 B D:\syncomat\synccd\tosc\sld014.htm --> scully.egr.msu.edu /web/tosc/tosc sld014.htm
98.06.12 11:18 B D:\syncomat\synccd\tosc\sld015.htm --> scully.egr.msu.edu /web/tosc/tosc sld015.htm
98.06.12 11:18 B D:\syncomat\synccd\tosc\sld016.htm --> scully.egr.msu.edu /web/tosc/tosc sld016.htm
98.06.12 11:18 B D:\syncomat\synccd\tosc\sld017.htm --> scully.egr.msu.edu /web/tosc/tosc sld017.htm
98.06.12 11:18 B D:\syncomat\synccd\tosc\tlist.htm --> scully.egr.msu.edu /web/tosc/tosc tlist.htm
98.06.12 11:18 B D:\syncomat\synccd\tosc\top.htm --> scully.egr.msu.edu /web/tosc/tosc top.htm
98.06.12 11:18 B D:\syncomat\synccd\tosc\tosc1.rat --> scully.egr.msu.edu /web/tosc/tosc tosc1.rat
98.06.12 11:18 B D:\syncomat\synccd\tosc\tosc1.rm --> scully.egr.msu.edu /web/tosc/tosc tosc1.rm
98.06.12 11:18 B D:\syncomat\synccd\tosc\tsld001.htm --> scully.egr.msu.edu /web/tosc/tosc tsld001.htm
98.06.12 11:18 B D:\syncomat\synccd\tosc\tsld002.htm --> scully.egr.msu.edu /web/tosc/tosc tsld002.htm
98.06.12 11:18 B D:\syncomat\synccd\tosc\tsld003.htm --> scully.egr.msu.edu /web/tosc/tosc tsld003.htm
98.06.12 11:18 B D:\syncomat\synccd\tosc\tsld004.htm --> scully.egr.msu.edu /web/tosc/tosc tsld004.htm
98.06.12 11:18 B D:\syncomat\synccd\tosc\tsld005.htm --> scully.egr.msu.edu /web/tosc/tosc tsld005.htm
98.06.12 11:18 B D:\syncomat\synccd\tosc\tsld006.htm --> scully.egr.msu.edu /web/tosc/tosc tsld006.htm
98.06.12 11:18 B D:\syncomat\synccd\tosc\tsld007.htm --> scully.egr.msu.edu /web/tosc/tosc tsld007.htm
98.06.12 11:18 B D:\syncomat\synccd\tosc\tsld008.htm --> scully.egr.msu.edu /web/tosc/tosc tsld008.htm
98.06.12 11:18 B D:\syncomat\synccd\tosc\tsld009.htm --> scully.egr.msu.edu /web/tosc/tosc tsld009.htm
98.06.12 11:18 B D:\syncomat\synccd\tosc\tsld010.htm --> scully.egr.msu.edu /web/tosc/tosc tsld010.htm
98.06.12 11:18 B D:\syncomat\synccd\tosc\tsld011.htm --> scully.egr.msu.edu /web/tosc/tosc tsld011.htm
98.06.12 11:18 B D:\syncomat\synccd\tosc\tsld012.htm --> scully.egr.msu.edu /web/tosc/tosc tsld012.htm
98.06.12 11:18 B D:\syncomat\synccd\tosc\tsld013.htm --> scully.egr.msu.edu /web/tosc/tosc tsld013.htm
98.06.12 11:18 B D:\syncomat\synccd\tosc\tsld014.htm --> scully.egr.msu.edu /web/tosc/tosc tsld014.htm
98.06.12 11:18 B D:\syncomat\synccd\tosc\tsld015.htm --> scully.egr.msu.edu /web/tosc/tosc tsld015.htm
98.06.12 11:18 B D:\syncomat\synccd\tosc\tsld016.htm --> scully.egr.msu.edu /web/tosc/tosc tsld016.htm
98.06.12 11:18 B D:\syncomat\synccd\tosc\tsld017.htm --> scully.egr.msu.edu /web/tosc/tosc tsld017.htm
98.06.12 11:18 B D:\syncomat\synccd\tosc\vf001.htm --> scully.egr.msu.edu /web/tosc/tosc vf001.htm
98.06.12 11:18 B D:\syncomat\synccd\tosc\vf002.htm --> scully.egr.msu.edu /web/tosc/tosc vf002.htm
98.06.12 11:18 B D:\syncomat\synccd\tosc\vf003.htm --> scully.egr.msu.edu /web/tosc/tosc vf003.htm
98.06.12 11:18 B D:\syncomat\synccd\tosc\vf004.htm --> scully.egr.msu.edu /web/tosc/tosc vf004.htm
98.06.12 11:18 B D:\syncomat\synccd\tosc\vf005.htm --> scully.egr.msu.edu /web/tosc/tosc vf005.htm
98.06.12 11:18 B D:\syncomat\synccd\tosc\vf006.htm --> scully.egr.msu.edu /web/tosc/tosc vf006.htm
98.06.12 11:18 B D:\syncomat\synccd\tosc\vf007.htm --> scully.egr.msu.edu /web/tosc/tosc vf007.htm
98.06.12 11:18 B D:\syncomat\synccd\tosc\vf008.htm --> scully.egr.msu.edu /web/tosc/tosc vf008.htm
98.06.12 11:18 B D:\syncomat\synccd\tosc\vf009.htm --> scully.egr.msu.edu /web/tosc/tosc vf009.htm
98.06.12 11:18 B D:\syncomat\synccd\tosc\vf010.htm --> scully.egr.msu.edu /web/tosc/tosc vf010.htm
98.06.12 11:18 B D:\syncomat\synccd\tosc\vf011.htm --> scully.egr.msu.edu /web/tosc/tosc vf011.htm
98.06.12 11:18 B D:\syncomat\synccd\tosc\vf012.htm --> scully.egr.msu.edu /web/tosc/tosc vf012.htm
98.06.12 11:18 B D:\syncomat\synccd\tosc\vf013.htm --> scully.egr.msu.edu /web/tosc/tosc vf013.htm
98.06.12 11:18 B D:\syncomat\synccd\tosc\vf014.htm --> scully.egr.msu.edu /web/tosc/tosc vf014.htm
98.06.12 11:18 B D:\syncomat\synccd\tosc\vf015.htm --> scully.egr.msu.edu /web/tosc/tosc vf015.htm
98.06.12 11:18 B D:\syncomat\synccd\tosc\vf016.htm --> scully.egr.msu.edu /web/tosc/tosc vf016.htm
98.06.12 11:18 B D:\syncomat\synccd\tosc\vf017.htm --> scully.egr.msu.edu /web/tosc/tosc vf017.htm
98.06.12 11:18 B D:\syncomat\synccd\tosc\vn001.htm --> scully.egr.msu.edu /web/tosc/tosc vn001.htm
98.06.12 11:18 B D:\syncomat\synccd\tosc\vn002.htm --> scully.egr.msu.edu /web/tosc/tosc vn002.htm
98.06.12 11:18 B D:\syncomat\synccd\tosc\vn003.htm --> scully.egr.msu.edu /web/tosc/tosc vn003.htm
98.06.12 11:18 B D:\syncomat\synccd\tosc\vn004.htm --> scully.egr.msu.edu /web/tosc/tosc vn004.htm
98.06.12 11:18 B D:\syncomat\synccd\tosc\vn005.htm --> scully.egr.msu.edu /web/tosc/tosc vn005.htm
98.06.12 11:18 B D:\syncomat\synccd\tosc\vn006.htm --> scully.egr.msu.edu /web/tosc/tosc vn006.htm
98.06.12 11:18 B D:\syncomat\synccd\tosc\vn007.htm --> scully.egr.msu.edu /web/tosc/tosc vn007.htm
98.06.12 11:18 B D:\syncomat\synccd\tosc\vn008.htm --> scully.egr.msu.edu /web/tosc/tosc vn008.htm
98.06.12 11:18 B D:\syncomat\synccd\tosc\vn009.htm --> scully.egr.msu.edu /web/tosc/tosc vn009.htm
98.06.12 11:18 B D:\syncomat\synccd\tosc\vn010.htm --> scully.egr.msu.edu /web/tosc/tosc vn010.htm
98.06.12 11:18 B D:\syncomat\synccd\tosc\vn011.htm --> scully.egr.msu.edu /web/tosc/tosc vn011.htm
98.06.12 11:18 B D:\syncomat\synccd\tosc\vn012.htm --> scully.egr.msu.edu /web/tosc/tosc vn012.htm
98.06.12 11:18 B D:\syncomat\synccd\tosc\vn013.htm --> scully.egr.msu.edu /web/tosc/tosc vn013.htm
98.06.12 11:18 B D:\syncomat\synccd\tosc\vn014.htm --> scully.egr.msu.edu /web/tosc/tosc vn014.htm
98.06.12 11:18 B D:\syncomat\synccd\tosc\vn015.htm --> scully.egr.msu.edu /web/tosc/tosc vn015.htm
98.06.12 11:18 B D:\syncomat\synccd\tosc\vn016.htm --> scully.egr.msu.edu /web/tosc/tosc vn016.htm
98.06.12 11:18 B D:\syncomat\synccd\tosc\vn017.htm --> scully.egr.msu.edu /web/tosc/tosc vn017.htm
98.06.12 11:18 B D:\syncomat\synccd\tosc\vr001.ram --> scully.egr.msu.edu /web/tosc/tosc vr001.ram
98.06.12 11:18 B D:\syncomat\synccd\tosc\vr001.rpm --> scully.egr.msu.edu /web/tosc/tosc vr001.rpm
98.06.12 11:18 B D:\syncomat\synccd\tosc\vr002.ram --> scully.egr.msu.edu /web/tosc/tosc vr002.ram
98.06.12 11:18 B D:\syncomat\synccd\tosc\vr002.rpm --> scully.egr.msu.edu /web/tosc/tosc vr002.rpm
98.06.12 11:18 B D:\syncomat\synccd\tosc\vr003.ram --> scully.egr.msu.edu /web/tosc/tosc vr003.ram
98.06.12 11:18 B D:\syncomat\synccd\tosc\vr003.rpm --> scully.egr.msu.edu /web/tosc/tosc vr003.rpm
98.06.12 11:18 B D:\syncomat\synccd\tosc\vr004.ram --> scully.egr.msu.edu /web/tosc/tosc vr004.ram
98.06.12 11:18 B D:\syncomat\synccd\tosc\vr004.rpm --> scully.egr.msu.edu /web/tosc/tosc vr004.rpm
98.06.12 11:18 B D:\syncomat\synccd\tosc\vr005.ram --> scully.egr.msu.edu /web/tosc/tosc vr005.ram
98.06.12 11:18 B D:\syncomat\synccd\tosc\vr005.rpm --> scully.egr.msu.edu /web/tosc/tosc vr005.rpm
98.06.12 11:18 B D:\syncomat\synccd\tosc\vr006.ram --> scully.egr.msu.edu /web/tosc/tosc vr006.ram
98.06.12 11:18 B D:\syncomat\synccd\tosc\vr006.rpm --> scully.egr.msu.edu /web/tosc/tosc vr006.rpm
98.06.12 11:18 B D:\syncomat\synccd\tosc\vr007.ram --> scully.egr.msu.edu /web/tosc/tosc vr007.ram
98.06.12 11:18 B D:\syncomat\synccd\tosc\vr007.rpm --> scully.egr.msu.edu /web/tosc/tosc vr007.rpm
98.06.12 11:18 B D:\syncomat\synccd\tosc\vr008.ram --> scully.egr.msu.edu /web/tosc/tosc vr008.ram
98.06.12 11:18 B D:\syncomat\synccd\tosc\vr008.rpm --> scully.egr.msu.edu /web/tosc/tosc vr008.rpm
98.06.12 11:18 B D:\syncomat\synccd\tosc\vr009.ram --> scully.egr.msu.edu /web/tosc/tosc vr009.ram
98.06.12 11:18 B D:\syncomat\synccd\tosc\vr009.rpm --> scully.egr.msu.edu /web/tosc/tosc vr009.rpm
98.06.12 11:18 B D:\syncomat\synccd\tosc\vr010.ram --> scully.egr.msu.edu /web/tosc/tosc vr010.ram
98.06.12 11:18 B D:\syncomat\synccd\tosc\vr010.rpm --> scully.egr.msu.edu /web/tosc/tosc vr010.rpm
98.06.12 11:18 B D:\syncomat\synccd\tosc\vr011.ram --> scully.egr.msu.edu /web/tosc/tosc vr011.ram
98.06.12 11:18 B D:\syncomat\synccd\tosc\vr011.rpm --> scully.egr.msu.edu /web/tosc/tosc vr011.rpm
98.06.12 11:18 B D:\syncomat\synccd\tosc\vr012.ram --> scully.egr.msu.edu /web/tosc/tosc vr012.ram
98.06.12 11:18 B D:\syncomat\synccd\tosc\vr012.rpm --> scully.egr.msu.edu /web/tosc/tosc vr012.rpm
98.06.12 11:18 B D:\syncomat\synccd\tosc\vr013.ram --> scully.egr.msu.edu /web/tosc/tosc vr013.ram
98.06.12 11:18 B D:\syncomat\synccd\tosc\vr013.rpm --> scully.egr.msu.edu /web/tosc/tosc vr013.rpm
98.06.12 11:18 B D:\syncomat\synccd\tosc\vr014.ram --> scully.egr.msu.edu /web/tosc/tosc vr014.ram
98.06.12 11:18 B D:\syncomat\synccd\tosc\vr014.rpm --> scully.egr.msu.edu /web/tosc/tosc vr014.rpm
98.06.12 11:18 B D:\syncomat\synccd\tosc\vr015.ram --> scully.egr.msu.edu /web/tosc/tosc vr015.ram
98.06.12 11:18 B D:\syncomat\synccd\tosc\vr015.rpm --> scully.egr.msu.edu /web/tosc/tosc vr015.rpm
98.06.12 11:18 B D:\syncomat\synccd\tosc\vr016.ram --> scully.egr.msu.edu /web/tosc/tosc vr016.ram
98.06.12 11:18 B D:\syncomat\synccd\tosc\vr016.rpm --> scully.egr.msu.edu /web/tosc/tosc vr016.rpm
98.06.12 11:18 B D:\syncomat\synccd\tosc\vr017.ram --> scully.egr.msu.edu /web/tosc/tosc vr017.ram
98.06.12 11:18 B D:\syncomat\synccd\tosc\vr017.rpm --> scully.egr.msu.edu /web/tosc/tosc vr017.rpm
98.06.12 11:18 B D:\syncomat\synccd\tosc\vstr1.ram --> scully.egr.msu.edu /web/tosc/tosc vstr1.ram
98.06.12 11:18 B D:\syncomat\synccd\tosc\vthumb.htm --> scully.egr.msu.edu /web/tosc/tosc vthumb.htm
98.06.12 11:18 B D:\syncomat\synccd\tosc\xrecur1 --> scully.egr.msu.edu /web/tosc/tosc xrecur1
