97.11.27 02:54 B C:\doit\slides\tcp\ielogo.gif --> www.vu.msu.edu /home/cps291/stage/doit/slides/tcp ielogo.gif
97.11.27 02:54 B C:\doit\slides\tcp\img001.GIF --> www.vu.msu.edu /home/cps291/stage/doit/slides/tcp img001.GIF
97.11.27 02:54 B C:\doit\slides\tcp\img002.GIF --> www.vu.msu.edu /home/cps291/stage/doit/slides/tcp img002.GIF
97.11.27 02:54 B C:\doit\slides\tcp\img003.GIF --> www.vu.msu.edu /home/cps291/stage/doit/slides/tcp img003.GIF
97.11.27 02:54 B C:\doit\slides\tcp\img004.GIF --> www.vu.msu.edu /home/cps291/stage/doit/slides/tcp img004.GIF
97.11.27 02:54 B C:\doit\slides\tcp\img005.GIF --> www.vu.msu.edu /home/cps291/stage/doit/slides/tcp img005.GIF
97.11.27 02:54 B C:\doit\slides\tcp\img006.GIF --> www.vu.msu.edu /home/cps291/stage/doit/slides/tcp img006.GIF
97.11.27 02:54 B C:\doit\slides\tcp\img007.GIF --> www.vu.msu.edu /home/cps291/stage/doit/slides/tcp img007.GIF
97.11.27 02:54 B C:\doit\slides\tcp\img008.GIF --> www.vu.msu.edu /home/cps291/stage/doit/slides/tcp img008.GIF
97.11.27 02:54 B C:\doit\slides\tcp\img009.GIF --> www.vu.msu.edu /home/cps291/stage/doit/slides/tcp img009.GIF
97.11.27 02:54 B C:\doit\slides\tcp\img010.GIF --> www.vu.msu.edu /home/cps291/stage/doit/slides/tcp img010.GIF
97.11.27 02:54 B C:\doit\slides\tcp\img011.GIF --> www.vu.msu.edu /home/cps291/stage/doit/slides/tcp img011.GIF
97.11.27 02:54 B C:\doit\slides\tcp\img012.GIF --> www.vu.msu.edu /home/cps291/stage/doit/slides/tcp img012.GIF
97.11.27 02:54 B C:\doit\slides\tcp\img013.GIF --> www.vu.msu.edu /home/cps291/stage/doit/slides/tcp img013.GIF
97.11.27 02:54 B C:\doit\slides\tcp\img014.GIF --> www.vu.msu.edu /home/cps291/stage/doit/slides/tcp img014.GIF
97.11.27 02:54 B C:\doit\slides\tcp\img015.GIF --> www.vu.msu.edu /home/cps291/stage/doit/slides/tcp img015.GIF
97.11.27 02:54 B C:\doit\slides\tcp\img016.GIF --> www.vu.msu.edu /home/cps291/stage/doit/slides/tcp img016.GIF
97.11.27 02:54 B C:\doit\slides\tcp\img017.GIF --> www.vu.msu.edu /home/cps291/stage/doit/slides/tcp img017.GIF
97.11.27 02:54 B C:\doit\slides\tcp\img018.GIF --> www.vu.msu.edu /home/cps291/stage/doit/slides/tcp img018.GIF
97.11.27 02:54 B C:\doit\slides\tcp\img019.GIF --> www.vu.msu.edu /home/cps291/stage/doit/slides/tcp img019.GIF
97.11.27 02:54 B C:\doit\slides\tcp\img020.GIF --> www.vu.msu.edu /home/cps291/stage/doit/slides/tcp img020.GIF
97.11.27 02:54 B C:\doit\slides\tcp\img021.GIF --> www.vu.msu.edu /home/cps291/stage/doit/slides/tcp img021.GIF
97.11.27 02:54 B C:\doit\slides\tcp\img022.GIF --> www.vu.msu.edu /home/cps291/stage/doit/slides/tcp img022.GIF
97.11.27 02:54 B C:\doit\slides\tcp\img023.GIF --> www.vu.msu.edu /home/cps291/stage/doit/slides/tcp img023.GIF
97.11.27 02:54 B C:\doit\slides\tcp\img024.GIF --> www.vu.msu.edu /home/cps291/stage/doit/slides/tcp img024.GIF
97.11.27 02:54 B C:\doit\slides\tcp\img025.GIF --> www.vu.msu.edu /home/cps291/stage/doit/slides/tcp img025.GIF
97.11.27 02:54 B C:\doit\slides\tcp\img026.GIF --> www.vu.msu.edu /home/cps291/stage/doit/slides/tcp img026.GIF
97.11.27 02:54 B C:\doit\slides\tcp\img027.GIF --> www.vu.msu.edu /home/cps291/stage/doit/slides/tcp img027.GIF
97.11.27 02:54 B C:\doit\slides\tcp\img028.GIF --> www.vu.msu.edu /home/cps291/stage/doit/slides/tcp img028.GIF
97.11.27 02:54 B C:\doit\slides\tcp\img029.GIF --> www.vu.msu.edu /home/cps291/stage/doit/slides/tcp img029.GIF
97.11.27 02:54 B C:\doit\slides\tcp\img030.GIF --> www.vu.msu.edu /home/cps291/stage/doit/slides/tcp img030.GIF
97.11.27 02:54 B C:\doit\slides\tcp\img031.GIF --> www.vu.msu.edu /home/cps291/stage/doit/slides/tcp img031.GIF
97.11.27 02:54 B C:\doit\slides\tcp\img032.GIF --> www.vu.msu.edu /home/cps291/stage/doit/slides/tcp img032.GIF
97.11.27 02:54 B C:\doit\slides\tcp\img033.GIF --> www.vu.msu.edu /home/cps291/stage/doit/slides/tcp img033.GIF
97.11.27 02:54 B C:\doit\slides\tcp\img034.GIF --> www.vu.msu.edu /home/cps291/stage/doit/slides/tcp img034.GIF
97.11.27 02:54 B C:\doit\slides\tcp\img035.GIF --> www.vu.msu.edu /home/cps291/stage/doit/slides/tcp img035.GIF
97.11.27 02:54 B C:\doit\slides\tcp\img036.GIF --> www.vu.msu.edu /home/cps291/stage/doit/slides/tcp img036.GIF
97.11.27 02:54 B C:\doit\slides\tcp\img037.GIF --> www.vu.msu.edu /home/cps291/stage/doit/slides/tcp img037.GIF
97.11.27 02:54 B C:\doit\slides\tcp\img038.GIF --> www.vu.msu.edu /home/cps291/stage/doit/slides/tcp img038.GIF
97.11.27 02:54 B C:\doit\slides\tcp\index.htm --> www.vu.msu.edu /home/cps291/stage/doit/slides/tcp index.htm
97.11.27 02:54 B C:\doit\slides\tcp\pptani.gif --> www.vu.msu.edu /home/cps291/stage/doit/slides/tcp pptani.gif
97.11.27 02:54 B C:\doit\slides\tcp\sld001.htm --> www.vu.msu.edu /home/cps291/stage/doit/slides/tcp sld001.htm
97.11.27 02:54 B C:\doit\slides\tcp\sld002.htm --> www.vu.msu.edu /home/cps291/stage/doit/slides/tcp sld002.htm
97.11.27 02:54 B C:\doit\slides\tcp\sld003.htm --> www.vu.msu.edu /home/cps291/stage/doit/slides/tcp sld003.htm
97.11.27 02:54 B C:\doit\slides\tcp\sld004.htm --> www.vu.msu.edu /home/cps291/stage/doit/slides/tcp sld004.htm
97.11.27 02:54 B C:\doit\slides\tcp\sld005.htm --> www.vu.msu.edu /home/cps291/stage/doit/slides/tcp sld005.htm
97.11.27 02:54 B C:\doit\slides\tcp\sld006.htm --> www.vu.msu.edu /home/cps291/stage/doit/slides/tcp sld006.htm
97.11.27 02:54 B C:\doit\slides\tcp\sld007.htm --> www.vu.msu.edu /home/cps291/stage/doit/slides/tcp sld007.htm
97.11.27 02:54 B C:\doit\slides\tcp\sld008.htm --> www.vu.msu.edu /home/cps291/stage/doit/slides/tcp sld008.htm
97.11.27 02:54 B C:\doit\slides\tcp\sld009.htm --> www.vu.msu.edu /home/cps291/stage/doit/slides/tcp sld009.htm
97.11.27 02:54 B C:\doit\slides\tcp\sld010.htm --> www.vu.msu.edu /home/cps291/stage/doit/slides/tcp sld010.htm
97.11.27 02:54 B C:\doit\slides\tcp\sld011.htm --> www.vu.msu.edu /home/cps291/stage/doit/slides/tcp sld011.htm
97.11.27 02:54 B C:\doit\slides\tcp\sld012.htm --> www.vu.msu.edu /home/cps291/stage/doit/slides/tcp sld012.htm
97.11.27 02:54 B C:\doit\slides\tcp\sld013.htm --> www.vu.msu.edu /home/cps291/stage/doit/slides/tcp sld013.htm
97.11.27 02:54 B C:\doit\slides\tcp\sld014.htm --> www.vu.msu.edu /home/cps291/stage/doit/slides/tcp sld014.htm
97.11.27 02:54 B C:\doit\slides\tcp\sld015.htm --> www.vu.msu.edu /home/cps291/stage/doit/slides/tcp sld015.htm
97.11.27 02:54 B C:\doit\slides\tcp\sld016.htm --> www.vu.msu.edu /home/cps291/stage/doit/slides/tcp sld016.htm
97.11.27 02:54 B C:\doit\slides\tcp\sld017.htm --> www.vu.msu.edu /home/cps291/stage/doit/slides/tcp sld017.htm
97.11.27 02:54 B C:\doit\slides\tcp\sld018.htm --> www.vu.msu.edu /home/cps291/stage/doit/slides/tcp sld018.htm
97.11.27 02:54 B C:\doit\slides\tcp\sld019.htm --> www.vu.msu.edu /home/cps291/stage/doit/slides/tcp sld019.htm
97.11.27 02:54 B C:\doit\slides\tcp\sld020.htm --> www.vu.msu.edu /home/cps291/stage/doit/slides/tcp sld020.htm
97.11.27 02:54 B C:\doit\slides\tcp\sld021.htm --> www.vu.msu.edu /home/cps291/stage/doit/slides/tcp sld021.htm
97.11.27 02:54 B C:\doit\slides\tcp\sld022.htm --> www.vu.msu.edu /home/cps291/stage/doit/slides/tcp sld022.htm
97.11.27 02:54 B C:\doit\slides\tcp\sld023.htm --> www.vu.msu.edu /home/cps291/stage/doit/slides/tcp sld023.htm
97.11.27 02:54 B C:\doit\slides\tcp\sld024.htm --> www.vu.msu.edu /home/cps291/stage/doit/slides/tcp sld024.htm
97.11.27 02:54 B C:\doit\slides\tcp\sld025.htm --> www.vu.msu.edu /home/cps291/stage/doit/slides/tcp sld025.htm
97.11.27 02:54 B C:\doit\slides\tcp\sld026.htm --> www.vu.msu.edu /home/cps291/stage/doit/slides/tcp sld026.htm
97.11.27 02:54 B C:\doit\slides\tcp\sld027.htm --> www.vu.msu.edu /home/cps291/stage/doit/slides/tcp sld027.htm
97.11.27 02:54 B C:\doit\slides\tcp\sld028.htm --> www.vu.msu.edu /home/cps291/stage/doit/slides/tcp sld028.htm
97.11.27 02:54 B C:\doit\slides\tcp\sld029.htm --> www.vu.msu.edu /home/cps291/stage/doit/slides/tcp sld029.htm
97.11.27 02:54 B C:\doit\slides\tcp\sld030.htm --> www.vu.msu.edu /home/cps291/stage/doit/slides/tcp sld030.htm
97.11.27 02:54 B C:\doit\slides\tcp\sld031.htm --> www.vu.msu.edu /home/cps291/stage/doit/slides/tcp sld031.htm
97.11.27 02:54 B C:\doit\slides\tcp\sld032.htm --> www.vu.msu.edu /home/cps291/stage/doit/slides/tcp sld032.htm
97.11.27 02:54 B C:\doit\slides\tcp\sld033.htm --> www.vu.msu.edu /home/cps291/stage/doit/slides/tcp sld033.htm
97.11.27 02:54 B C:\doit\slides\tcp\sld034.htm --> www.vu.msu.edu /home/cps291/stage/doit/slides/tcp sld034.htm
97.11.27 02:54 B C:\doit\slides\tcp\sld035.htm --> www.vu.msu.edu /home/cps291/stage/doit/slides/tcp sld035.htm
97.11.27 02:54 B C:\doit\slides\tcp\sld036.htm --> www.vu.msu.edu /home/cps291/stage/doit/slides/tcp sld036.htm
97.11.27 02:54 B C:\doit\slides\tcp\sld037.htm --> www.vu.msu.edu /home/cps291/stage/doit/slides/tcp sld037.htm
97.11.27 02:54 B C:\doit\slides\tcp\sld038.htm --> www.vu.msu.edu /home/cps291/stage/doit/slides/tcp sld038.htm
97.11.27 02:54 B C:\doit\slides\tcp\space.gif --> www.vu.msu.edu /home/cps291/stage/doit/slides/tcp space.gif
97.11.27 02:54 B C:\doit\slides\tcp\tsld001.htm --> www.vu.msu.edu /home/cps291/stage/doit/slides/tcp tsld001.htm
97.11.27 02:54 B C:\doit\slides\tcp\tsld002.htm --> www.vu.msu.edu /home/cps291/stage/doit/slides/tcp tsld002.htm
97.11.27 02:54 B C:\doit\slides\tcp\tsld003.htm --> www.vu.msu.edu /home/cps291/stage/doit/slides/tcp tsld003.htm
97.11.27 02:54 B C:\doit\slides\tcp\tsld004.htm --> www.vu.msu.edu /home/cps291/stage/doit/slides/tcp tsld004.htm
97.11.27 02:54 B C:\doit\slides\tcp\tsld005.htm --> www.vu.msu.edu /home/cps291/stage/doit/slides/tcp tsld005.htm
97.11.27 02:54 B C:\doit\slides\tcp\tsld006.htm --> www.vu.msu.edu /home/cps291/stage/doit/slides/tcp tsld006.htm
97.11.27 02:54 B C:\doit\slides\tcp\tsld007.htm --> www.vu.msu.edu /home/cps291/stage/doit/slides/tcp tsld007.htm
97.11.27 02:54 B C:\doit\slides\tcp\tsld008.htm --> www.vu.msu.edu /home/cps291/stage/doit/slides/tcp tsld008.htm
97.11.27 02:54 B C:\doit\slides\tcp\tsld009.htm --> www.vu.msu.edu /home/cps291/stage/doit/slides/tcp tsld009.htm
97.11.27 02:54 B C:\doit\slides\tcp\tsld010.htm --> www.vu.msu.edu /home/cps291/stage/doit/slides/tcp tsld010.htm
97.11.27 02:54 B C:\doit\slides\tcp\tsld011.htm --> www.vu.msu.edu /home/cps291/stage/doit/slides/tcp tsld011.htm
97.11.27 02:54 B C:\doit\slides\tcp\tsld012.htm --> www.vu.msu.edu /home/cps291/stage/doit/slides/tcp tsld012.htm
97.11.27 02:54 B C:\doit\slides\tcp\tsld013.htm --> www.vu.msu.edu /home/cps291/stage/doit/slides/tcp tsld013.htm
97.11.27 02:54 B C:\doit\slides\tcp\tsld014.htm --> www.vu.msu.edu /home/cps291/stage/doit/slides/tcp tsld014.htm
97.11.27 02:54 B C:\doit\slides\tcp\tsld015.htm --> www.vu.msu.edu /home/cps291/stage/doit/slides/tcp tsld015.htm
97.11.27 02:54 B C:\doit\slides\tcp\tsld016.htm --> www.vu.msu.edu /home/cps291/stage/doit/slides/tcp tsld016.htm
97.11.27 02:54 B C:\doit\slides\tcp\tsld017.htm --> www.vu.msu.edu /home/cps291/stage/doit/slides/tcp tsld017.htm
97.11.27 02:54 B C:\doit\slides\tcp\tsld018.htm --> www.vu.msu.edu /home/cps291/stage/doit/slides/tcp tsld018.htm
97.11.27 02:54 B C:\doit\slides\tcp\tsld019.htm --> www.vu.msu.edu /home/cps291/stage/doit/slides/tcp tsld019.htm
97.11.27 02:54 B C:\doit\slides\tcp\tsld020.htm --> www.vu.msu.edu /home/cps291/stage/doit/slides/tcp tsld020.htm
97.11.27 02:54 B C:\doit\slides\tcp\tsld021.htm --> www.vu.msu.edu /home/cps291/stage/doit/slides/tcp tsld021.htm
97.11.27 02:54 B C:\doit\slides\tcp\tsld022.htm --> www.vu.msu.edu /home/cps291/stage/doit/slides/tcp tsld022.htm
97.11.27 02:54 B C:\doit\slides\tcp\tsld023.htm --> www.vu.msu.edu /home/cps291/stage/doit/slides/tcp tsld023.htm
97.11.27 02:54 B C:\doit\slides\tcp\tsld024.htm --> www.vu.msu.edu /home/cps291/stage/doit/slides/tcp tsld024.htm
97.11.27 02:54 B C:\doit\slides\tcp\tsld025.htm --> www.vu.msu.edu /home/cps291/stage/doit/slides/tcp tsld025.htm
97.11.27 02:54 B C:\doit\slides\tcp\tsld026.htm --> www.vu.msu.edu /home/cps291/stage/doit/slides/tcp tsld026.htm
97.11.27 02:54 B C:\doit\slides\tcp\tsld027.htm --> www.vu.msu.edu /home/cps291/stage/doit/slides/tcp tsld027.htm
97.11.27 02:54 B C:\doit\slides\tcp\tsld028.htm --> www.vu.msu.edu /home/cps291/stage/doit/slides/tcp tsld028.htm
97.11.27 02:54 B C:\doit\slides\tcp\tsld029.htm --> www.vu.msu.edu /home/cps291/stage/doit/slides/tcp tsld029.htm
97.11.27 02:54 B C:\doit\slides\tcp\tsld030.htm --> www.vu.msu.edu /home/cps291/stage/doit/slides/tcp tsld030.htm
97.11.27 02:54 B C:\doit\slides\tcp\tsld031.htm --> www.vu.msu.edu /home/cps291/stage/doit/slides/tcp tsld031.htm
97.11.27 02:54 B C:\doit\slides\tcp\tsld032.htm --> www.vu.msu.edu /home/cps291/stage/doit/slides/tcp tsld032.htm
97.11.27 02:54 B C:\doit\slides\tcp\tsld033.htm --> www.vu.msu.edu /home/cps291/stage/doit/slides/tcp tsld033.htm
97.11.27 02:54 B C:\doit\slides\tcp\tsld034.htm --> www.vu.msu.edu /home/cps291/stage/doit/slides/tcp tsld034.htm
97.11.27 02:54 B C:\doit\slides\tcp\tsld035.htm --> www.vu.msu.edu /home/cps291/stage/doit/slides/tcp tsld035.htm
97.11.27 02:54 B C:\doit\slides\tcp\tsld036.htm --> www.vu.msu.edu /home/cps291/stage/doit/slides/tcp tsld036.htm
97.11.27 02:54 B C:\doit\slides\tcp\tsld037.htm --> www.vu.msu.edu /home/cps291/stage/doit/slides/tcp tsld037.htm
97.11.27 02:54 B C:\doit\slides\tcp\tsld038.htm --> www.vu.msu.edu /home/cps291/stage/doit/slides/tcp tsld038.htm
97.12.09 10:24 B C:\doit\slides\tcp\ielogo.gif --> arctic.cps.msu.edu /user/cd/cps291/doit/slides/tcp ielogo.gif
97.12.09 10:24 B C:\doit\slides\tcp\img001.GIF --> arctic.cps.msu.edu /user/cd/cps291/doit/slides/tcp img001.GIF
97.12.09 10:24 B C:\doit\slides\tcp\img002.GIF --> arctic.cps.msu.edu /user/cd/cps291/doit/slides/tcp img002.GIF
97.12.09 10:24 B C:\doit\slides\tcp\img003.GIF --> arctic.cps.msu.edu /user/cd/cps291/doit/slides/tcp img003.GIF
97.12.09 10:24 B C:\doit\slides\tcp\img004.GIF --> arctic.cps.msu.edu /user/cd/cps291/doit/slides/tcp img004.GIF
97.12.09 10:24 B C:\doit\slides\tcp\img005.GIF --> arctic.cps.msu.edu /user/cd/cps291/doit/slides/tcp img005.GIF
97.12.09 10:24 B C:\doit\slides\tcp\img006.GIF --> arctic.cps.msu.edu /user/cd/cps291/doit/slides/tcp img006.GIF
97.12.09 10:24 B C:\doit\slides\tcp\img007.GIF --> arctic.cps.msu.edu /user/cd/cps291/doit/slides/tcp img007.GIF
97.12.09 10:24 B C:\doit\slides\tcp\img008.GIF --> arctic.cps.msu.edu /user/cd/cps291/doit/slides/tcp img008.GIF
97.12.09 10:24 B C:\doit\slides\tcp\img009.GIF --> arctic.cps.msu.edu /user/cd/cps291/doit/slides/tcp img009.GIF
97.12.09 10:24 B C:\doit\slides\tcp\img010.GIF --> arctic.cps.msu.edu /user/cd/cps291/doit/slides/tcp img010.GIF
97.12.09 10:24 B C:\doit\slides\tcp\img011.GIF --> arctic.cps.msu.edu /user/cd/cps291/doit/slides/tcp img011.GIF
97.12.09 10:24 B C:\doit\slides\tcp\img012.GIF --> arctic.cps.msu.edu /user/cd/cps291/doit/slides/tcp img012.GIF
97.12.09 10:24 B C:\doit\slides\tcp\img013.GIF --> arctic.cps.msu.edu /user/cd/cps291/doit/slides/tcp img013.GIF
97.12.09 10:24 B C:\doit\slides\tcp\img014.GIF --> arctic.cps.msu.edu /user/cd/cps291/doit/slides/tcp img014.GIF
97.12.09 10:24 B C:\doit\slides\tcp\img015.GIF --> arctic.cps.msu.edu /user/cd/cps291/doit/slides/tcp img015.GIF
97.12.09 10:24 B C:\doit\slides\tcp\img016.GIF --> arctic.cps.msu.edu /user/cd/cps291/doit/slides/tcp img016.GIF
97.12.09 10:24 B C:\doit\slides\tcp\img017.GIF --> arctic.cps.msu.edu /user/cd/cps291/doit/slides/tcp img017.GIF
97.12.09 10:24 B C:\doit\slides\tcp\img018.GIF --> arctic.cps.msu.edu /user/cd/cps291/doit/slides/tcp img018.GIF
97.12.09 10:24 B C:\doit\slides\tcp\img019.GIF --> arctic.cps.msu.edu /user/cd/cps291/doit/slides/tcp img019.GIF
97.12.09 10:24 B C:\doit\slides\tcp\img020.GIF --> arctic.cps.msu.edu /user/cd/cps291/doit/slides/tcp img020.GIF
97.12.09 10:24 B C:\doit\slides\tcp\img021.GIF --> arctic.cps.msu.edu /user/cd/cps291/doit/slides/tcp img021.GIF
97.12.09 10:24 B C:\doit\slides\tcp\img022.GIF --> arctic.cps.msu.edu /user/cd/cps291/doit/slides/tcp img022.GIF
97.12.09 10:24 B C:\doit\slides\tcp\img023.GIF --> arctic.cps.msu.edu /user/cd/cps291/doit/slides/tcp img023.GIF
97.12.09 10:24 B C:\doit\slides\tcp\img024.GIF --> arctic.cps.msu.edu /user/cd/cps291/doit/slides/tcp img024.GIF
97.12.09 10:24 B C:\doit\slides\tcp\img025.GIF --> arctic.cps.msu.edu /user/cd/cps291/doit/slides/tcp img025.GIF
97.12.09 10:24 B C:\doit\slides\tcp\img026.GIF --> arctic.cps.msu.edu /user/cd/cps291/doit/slides/tcp img026.GIF
97.12.09 10:24 B C:\doit\slides\tcp\img027.GIF --> arctic.cps.msu.edu /user/cd/cps291/doit/slides/tcp img027.GIF
97.12.09 10:24 B C:\doit\slides\tcp\img028.GIF --> arctic.cps.msu.edu /user/cd/cps291/doit/slides/tcp img028.GIF
97.12.09 10:24 B C:\doit\slides\tcp\img029.GIF --> arctic.cps.msu.edu /user/cd/cps291/doit/slides/tcp img029.GIF
97.12.09 10:24 B C:\doit\slides\tcp\img030.GIF --> arctic.cps.msu.edu /user/cd/cps291/doit/slides/tcp img030.GIF
97.12.09 10:24 B C:\doit\slides\tcp\img031.GIF --> arctic.cps.msu.edu /user/cd/cps291/doit/slides/tcp img031.GIF
97.12.09 10:24 B C:\doit\slides\tcp\img032.GIF --> arctic.cps.msu.edu /user/cd/cps291/doit/slides/tcp img032.GIF
97.12.09 10:24 B C:\doit\slides\tcp\img033.GIF --> arctic.cps.msu.edu /user/cd/cps291/doit/slides/tcp img033.GIF
97.12.09 10:24 B C:\doit\slides\tcp\img034.GIF --> arctic.cps.msu.edu /user/cd/cps291/doit/slides/tcp img034.GIF
97.12.09 10:24 B C:\doit\slides\tcp\img035.GIF --> arctic.cps.msu.edu /user/cd/cps291/doit/slides/tcp img035.GIF
97.12.09 10:24 B C:\doit\slides\tcp\img036.GIF --> arctic.cps.msu.edu /user/cd/cps291/doit/slides/tcp img036.GIF
97.12.09 10:24 B C:\doit\slides\tcp\img037.GIF --> arctic.cps.msu.edu /user/cd/cps291/doit/slides/tcp img037.GIF
97.12.09 10:24 B C:\doit\slides\tcp\img038.GIF --> arctic.cps.msu.edu /user/cd/cps291/doit/slides/tcp img038.GIF
97.12.09 10:24 B C:\doit\slides\tcp\index.htm --> arctic.cps.msu.edu /user/cd/cps291/doit/slides/tcp index.htm
97.12.09 10:24 B C:\doit\slides\tcp\pptani.gif --> arctic.cps.msu.edu /user/cd/cps291/doit/slides/tcp pptani.gif
97.12.09 10:24 B C:\doit\slides\tcp\sld001.htm --> arctic.cps.msu.edu /user/cd/cps291/doit/slides/tcp sld001.htm
97.12.09 10:24 B C:\doit\slides\tcp\sld002.htm --> arctic.cps.msu.edu /user/cd/cps291/doit/slides/tcp sld002.htm
97.12.09 10:24 B C:\doit\slides\tcp\sld003.htm --> arctic.cps.msu.edu /user/cd/cps291/doit/slides/tcp sld003.htm
97.12.09 10:24 B C:\doit\slides\tcp\sld004.htm --> arctic.cps.msu.edu /user/cd/cps291/doit/slides/tcp sld004.htm
97.12.09 10:24 B C:\doit\slides\tcp\sld005.htm --> arctic.cps.msu.edu /user/cd/cps291/doit/slides/tcp sld005.htm
97.12.09 10:24 B C:\doit\slides\tcp\sld006.htm --> arctic.cps.msu.edu /user/cd/cps291/doit/slides/tcp sld006.htm
97.12.09 10:24 B C:\doit\slides\tcp\sld007.htm --> arctic.cps.msu.edu /user/cd/cps291/doit/slides/tcp sld007.htm
97.12.09 10:24 B C:\doit\slides\tcp\sld008.htm --> arctic.cps.msu.edu /user/cd/cps291/doit/slides/tcp sld008.htm
97.12.09 10:24 B C:\doit\slides\tcp\sld009.htm --> arctic.cps.msu.edu /user/cd/cps291/doit/slides/tcp sld009.htm
97.12.09 10:24 B C:\doit\slides\tcp\sld010.htm --> arctic.cps.msu.edu /user/cd/cps291/doit/slides/tcp sld010.htm
97.12.09 10:24 B C:\doit\slides\tcp\sld011.htm --> arctic.cps.msu.edu /user/cd/cps291/doit/slides/tcp sld011.htm
97.12.09 10:24 B C:\doit\slides\tcp\sld012.htm --> arctic.cps.msu.edu /user/cd/cps291/doit/slides/tcp sld012.htm
97.12.09 10:24 B C:\doit\slides\tcp\sld013.htm --> arctic.cps.msu.edu /user/cd/cps291/doit/slides/tcp sld013.htm
97.12.09 10:24 B C:\doit\slides\tcp\sld014.htm --> arctic.cps.msu.edu /user/cd/cps291/doit/slides/tcp sld014.htm
97.12.09 10:24 B C:\doit\slides\tcp\sld015.htm --> arctic.cps.msu.edu /user/cd/cps291/doit/slides/tcp sld015.htm
97.12.09 10:24 B C:\doit\slides\tcp\sld016.htm --> arctic.cps.msu.edu /user/cd/cps291/doit/slides/tcp sld016.htm
97.12.09 10:24 B C:\doit\slides\tcp\sld017.htm --> arctic.cps.msu.edu /user/cd/cps291/doit/slides/tcp sld017.htm
97.12.09 10:24 B C:\doit\slides\tcp\sld018.htm --> arctic.cps.msu.edu /user/cd/cps291/doit/slides/tcp sld018.htm
97.12.09 10:24 B C:\doit\slides\tcp\sld019.htm --> arctic.cps.msu.edu /user/cd/cps291/doit/slides/tcp sld019.htm
97.12.09 10:24 B C:\doit\slides\tcp\sld020.htm --> arctic.cps.msu.edu /user/cd/cps291/doit/slides/tcp sld020.htm
97.12.09 10:24 B C:\doit\slides\tcp\sld021.htm --> arctic.cps.msu.edu /user/cd/cps291/doit/slides/tcp sld021.htm
97.12.09 10:24 B C:\doit\slides\tcp\sld022.htm --> arctic.cps.msu.edu /user/cd/cps291/doit/slides/tcp sld022.htm
97.12.09 10:24 B C:\doit\slides\tcp\sld023.htm --> arctic.cps.msu.edu /user/cd/cps291/doit/slides/tcp sld023.htm
97.12.09 10:24 B C:\doit\slides\tcp\sld024.htm --> arctic.cps.msu.edu /user/cd/cps291/doit/slides/tcp sld024.htm
97.12.09 10:24 B C:\doit\slides\tcp\sld025.htm --> arctic.cps.msu.edu /user/cd/cps291/doit/slides/tcp sld025.htm
97.12.09 10:24 B C:\doit\slides\tcp\sld026.htm --> arctic.cps.msu.edu /user/cd/cps291/doit/slides/tcp sld026.htm
97.12.09 10:24 B C:\doit\slides\tcp\sld027.htm --> arctic.cps.msu.edu /user/cd/cps291/doit/slides/tcp sld027.htm
97.12.09 10:24 B C:\doit\slides\tcp\sld028.htm --> arctic.cps.msu.edu /user/cd/cps291/doit/slides/tcp sld028.htm
97.12.09 10:24 B C:\doit\slides\tcp\sld029.htm --> arctic.cps.msu.edu /user/cd/cps291/doit/slides/tcp sld029.htm
97.12.09 10:24 B C:\doit\slides\tcp\sld030.htm --> arctic.cps.msu.edu /user/cd/cps291/doit/slides/tcp sld030.htm
97.12.09 10:24 B C:\doit\slides\tcp\sld031.htm --> arctic.cps.msu.edu /user/cd/cps291/doit/slides/tcp sld031.htm
97.12.09 10:24 B C:\doit\slides\tcp\sld032.htm --> arctic.cps.msu.edu /user/cd/cps291/doit/slides/tcp sld032.htm
97.12.09 10:24 B C:\doit\slides\tcp\sld033.htm --> arctic.cps.msu.edu /user/cd/cps291/doit/slides/tcp sld033.htm
97.12.09 10:24 B C:\doit\slides\tcp\sld034.htm --> arctic.cps.msu.edu /user/cd/cps291/doit/slides/tcp sld034.htm
97.12.09 10:24 B C:\doit\slides\tcp\sld035.htm --> arctic.cps.msu.edu /user/cd/cps291/doit/slides/tcp sld035.htm
97.12.09 10:24 B C:\doit\slides\tcp\sld036.htm --> arctic.cps.msu.edu /user/cd/cps291/doit/slides/tcp sld036.htm
97.12.09 10:24 B C:\doit\slides\tcp\sld037.htm --> arctic.cps.msu.edu /user/cd/cps291/doit/slides/tcp sld037.htm
97.12.09 10:24 B C:\doit\slides\tcp\sld038.htm --> arctic.cps.msu.edu /user/cd/cps291/doit/slides/tcp sld038.htm
97.12.09 10:24 B C:\doit\slides\tcp\space.gif --> arctic.cps.msu.edu /user/cd/cps291/doit/slides/tcp space.gif
97.12.09 10:24 B C:\doit\slides\tcp\tsld001.htm --> arctic.cps.msu.edu /user/cd/cps291/doit/slides/tcp tsld001.htm
97.12.09 10:24 B C:\doit\slides\tcp\tsld002.htm --> arctic.cps.msu.edu /user/cd/cps291/doit/slides/tcp tsld002.htm
97.12.09 10:24 B C:\doit\slides\tcp\tsld003.htm --> arctic.cps.msu.edu /user/cd/cps291/doit/slides/tcp tsld003.htm
97.12.09 10:24 B C:\doit\slides\tcp\tsld004.htm --> arctic.cps.msu.edu /user/cd/cps291/doit/slides/tcp tsld004.htm
97.12.09 10:24 B C:\doit\slides\tcp\tsld005.htm --> arctic.cps.msu.edu /user/cd/cps291/doit/slides/tcp tsld005.htm
97.12.09 10:24 B C:\doit\slides\tcp\tsld006.htm --> arctic.cps.msu.edu /user/cd/cps291/doit/slides/tcp tsld006.htm
97.12.09 10:24 B C:\doit\slides\tcp\tsld007.htm --> arctic.cps.msu.edu /user/cd/cps291/doit/slides/tcp tsld007.htm
97.12.09 10:24 B C:\doit\slides\tcp\tsld008.htm --> arctic.cps.msu.edu /user/cd/cps291/doit/slides/tcp tsld008.htm
97.12.09 10:24 B C:\doit\slides\tcp\tsld009.htm --> arctic.cps.msu.edu /user/cd/cps291/doit/slides/tcp tsld009.htm
97.12.09 10:24 B C:\doit\slides\tcp\tsld010.htm --> arctic.cps.msu.edu /user/cd/cps291/doit/slides/tcp tsld010.htm
97.12.09 10:24 B C:\doit\slides\tcp\tsld011.htm --> arctic.cps.msu.edu /user/cd/cps291/doit/slides/tcp tsld011.htm
97.12.09 10:24 B C:\doit\slides\tcp\tsld012.htm --> arctic.cps.msu.edu /user/cd/cps291/doit/slides/tcp tsld012.htm
97.12.09 10:24 B C:\doit\slides\tcp\tsld013.htm --> arctic.cps.msu.edu /user/cd/cps291/doit/slides/tcp tsld013.htm
97.12.09 10:24 B C:\doit\slides\tcp\tsld014.htm --> arctic.cps.msu.edu /user/cd/cps291/doit/slides/tcp tsld014.htm
97.12.09 10:24 B C:\doit\slides\tcp\tsld015.htm --> arctic.cps.msu.edu /user/cd/cps291/doit/slides/tcp tsld015.htm
97.12.09 10:24 B C:\doit\slides\tcp\tsld016.htm --> arctic.cps.msu.edu /user/cd/cps291/doit/slides/tcp tsld016.htm
97.12.09 10:24 B C:\doit\slides\tcp\tsld017.htm --> arctic.cps.msu.edu /user/cd/cps291/doit/slides/tcp tsld017.htm
97.12.09 10:24 B C:\doit\slides\tcp\tsld018.htm --> arctic.cps.msu.edu /user/cd/cps291/doit/slides/tcp tsld018.htm
97.12.09 10:24 B C:\doit\slides\tcp\tsld019.htm --> arctic.cps.msu.edu /user/cd/cps291/doit/slides/tcp tsld019.htm
97.12.09 10:24 B C:\doit\slides\tcp\tsld020.htm --> arctic.cps.msu.edu /user/cd/cps291/doit/slides/tcp tsld020.htm
97.12.09 10:24 B C:\doit\slides\tcp\tsld021.htm --> arctic.cps.msu.edu /user/cd/cps291/doit/slides/tcp tsld021.htm
97.12.09 10:24 B C:\doit\slides\tcp\tsld022.htm --> arctic.cps.msu.edu /user/cd/cps291/doit/slides/tcp tsld022.htm
97.12.09 10:24 B C:\doit\slides\tcp\tsld023.htm --> arctic.cps.msu.edu /user/cd/cps291/doit/slides/tcp tsld023.htm
97.12.09 10:24 B C:\doit\slides\tcp\tsld024.htm --> arctic.cps.msu.edu /user/cd/cps291/doit/slides/tcp tsld024.htm
97.12.09 10:24 B C:\doit\slides\tcp\tsld025.htm --> arctic.cps.msu.edu /user/cd/cps291/doit/slides/tcp tsld025.htm
97.12.09 10:24 B C:\doit\slides\tcp\tsld026.htm --> arctic.cps.msu.edu /user/cd/cps291/doit/slides/tcp tsld026.htm
97.12.09 10:24 B C:\doit\slides\tcp\tsld027.htm --> arctic.cps.msu.edu /user/cd/cps291/doit/slides/tcp tsld027.htm
97.12.09 10:24 B C:\doit\slides\tcp\tsld028.htm --> arctic.cps.msu.edu /user/cd/cps291/doit/slides/tcp tsld028.htm
97.12.09 10:24 B C:\doit\slides\tcp\tsld029.htm --> arctic.cps.msu.edu /user/cd/cps291/doit/slides/tcp tsld029.htm
97.12.09 10:24 B C:\doit\slides\tcp\tsld030.htm --> arctic.cps.msu.edu /user/cd/cps291/doit/slides/tcp tsld030.htm
97.12.09 10:24 B C:\doit\slides\tcp\tsld031.htm --> arctic.cps.msu.edu /user/cd/cps291/doit/slides/tcp tsld031.htm
97.12.09 10:24 B C:\doit\slides\tcp\tsld032.htm --> arctic.cps.msu.edu /user/cd/cps291/doit/slides/tcp tsld032.htm
97.12.09 10:24 B C:\doit\slides\tcp\tsld033.htm --> arctic.cps.msu.edu /user/cd/cps291/doit/slides/tcp tsld033.htm
97.12.09 10:24 B C:\doit\slides\tcp\tsld034.htm --> arctic.cps.msu.edu /user/cd/cps291/doit/slides/tcp tsld034.htm
97.12.09 10:24 B C:\doit\slides\tcp\tsld035.htm --> arctic.cps.msu.edu /user/cd/cps291/doit/slides/tcp tsld035.htm
97.12.09 10:24 B C:\doit\slides\tcp\tsld036.htm --> arctic.cps.msu.edu /user/cd/cps291/doit/slides/tcp tsld036.htm
97.12.09 10:24 B C:\doit\slides\tcp\tsld037.htm --> arctic.cps.msu.edu /user/cd/cps291/doit/slides/tcp tsld037.htm
97.12.09 10:24 B C:\doit\slides\tcp\tsld038.htm --> arctic.cps.msu.edu /user/cd/cps291/doit/slides/tcp tsld038.htm
97.12.09 10:24 B C:\doit\slides\tcp\WS_FTP.LOG --> arctic.cps.msu.edu /user/cd/cps291/doit/slides/tcp WS_FTP.LOG
97.12.10 03:10 B C:\doit\slides\tcp\ielogo.gif --> arctic.cps.msu.edu /user/cd/cps291/src/doit/slides/tcp ielogo.gif
97.12.10 03:10 B C:\doit\slides\tcp\img001.GIF --> arctic.cps.msu.edu /user/cd/cps291/src/doit/slides/tcp img001.GIF
97.12.10 03:10 B C:\doit\slides\tcp\img002.GIF --> arctic.cps.msu.edu /user/cd/cps291/src/doit/slides/tcp img002.GIF
97.12.10 03:10 B C:\doit\slides\tcp\img003.GIF --> arctic.cps.msu.edu /user/cd/cps291/src/doit/slides/tcp img003.GIF
97.12.10 03:10 B C:\doit\slides\tcp\img004.GIF --> arctic.cps.msu.edu /user/cd/cps291/src/doit/slides/tcp img004.GIF
97.12.10 03:10 B C:\doit\slides\tcp\img005.GIF --> arctic.cps.msu.edu /user/cd/cps291/src/doit/slides/tcp img005.GIF
97.12.10 03:10 B C:\doit\slides\tcp\img006.GIF --> arctic.cps.msu.edu /user/cd/cps291/src/doit/slides/tcp img006.GIF
97.12.10 03:10 B C:\doit\slides\tcp\img007.GIF --> arctic.cps.msu.edu /user/cd/cps291/src/doit/slides/tcp img007.GIF
97.12.10 03:10 B C:\doit\slides\tcp\img008.GIF --> arctic.cps.msu.edu /user/cd/cps291/src/doit/slides/tcp img008.GIF
97.12.10 03:10 B C:\doit\slides\tcp\img009.GIF --> arctic.cps.msu.edu /user/cd/cps291/src/doit/slides/tcp img009.GIF
97.12.10 03:10 B C:\doit\slides\tcp\img010.GIF --> arctic.cps.msu.edu /user/cd/cps291/src/doit/slides/tcp img010.GIF
97.12.10 03:10 B C:\doit\slides\tcp\img011.GIF --> arctic.cps.msu.edu /user/cd/cps291/src/doit/slides/tcp img011.GIF
97.12.10 03:10 B C:\doit\slides\tcp\img012.GIF --> arctic.cps.msu.edu /user/cd/cps291/src/doit/slides/tcp img012.GIF
97.12.10 03:10 B C:\doit\slides\tcp\img013.GIF --> arctic.cps.msu.edu /user/cd/cps291/src/doit/slides/tcp img013.GIF
97.12.10 03:10 B C:\doit\slides\tcp\img014.GIF --> arctic.cps.msu.edu /user/cd/cps291/src/doit/slides/tcp img014.GIF
97.12.10 03:10 B C:\doit\slides\tcp\img015.GIF --> arctic.cps.msu.edu /user/cd/cps291/src/doit/slides/tcp img015.GIF
97.12.10 03:10 B C:\doit\slides\tcp\img016.GIF --> arctic.cps.msu.edu /user/cd/cps291/src/doit/slides/tcp img016.GIF
97.12.10 03:10 B C:\doit\slides\tcp\img017.GIF --> arctic.cps.msu.edu /user/cd/cps291/src/doit/slides/tcp img017.GIF
97.12.10 03:10 B C:\doit\slides\tcp\img018.GIF --> arctic.cps.msu.edu /user/cd/cps291/src/doit/slides/tcp img018.GIF
97.12.10 03:10 B C:\doit\slides\tcp\img019.GIF --> arctic.cps.msu.edu /user/cd/cps291/src/doit/slides/tcp img019.GIF
97.12.10 03:10 B C:\doit\slides\tcp\img020.GIF --> arctic.cps.msu.edu /user/cd/cps291/src/doit/slides/tcp img020.GIF
97.12.10 03:10 B C:\doit\slides\tcp\img021.GIF --> arctic.cps.msu.edu /user/cd/cps291/src/doit/slides/tcp img021.GIF
97.12.10 03:10 B C:\doit\slides\tcp\img022.GIF --> arctic.cps.msu.edu /user/cd/cps291/src/doit/slides/tcp img022.GIF
97.12.10 03:10 B C:\doit\slides\tcp\img023.GIF --> arctic.cps.msu.edu /user/cd/cps291/src/doit/slides/tcp img023.GIF
97.12.10 03:10 B C:\doit\slides\tcp\img024.GIF --> arctic.cps.msu.edu /user/cd/cps291/src/doit/slides/tcp img024.GIF
97.12.10 03:10 B C:\doit\slides\tcp\img025.GIF --> arctic.cps.msu.edu /user/cd/cps291/src/doit/slides/tcp img025.GIF
97.12.10 03:10 B C:\doit\slides\tcp\img026.GIF --> arctic.cps.msu.edu /user/cd/cps291/src/doit/slides/tcp img026.GIF
97.12.10 03:10 B C:\doit\slides\tcp\img027.GIF --> arctic.cps.msu.edu /user/cd/cps291/src/doit/slides/tcp img027.GIF
97.12.10 03:10 B C:\doit\slides\tcp\img028.GIF --> arctic.cps.msu.edu /user/cd/cps291/src/doit/slides/tcp img028.GIF
97.12.10 03:10 B C:\doit\slides\tcp\img029.GIF --> arctic.cps.msu.edu /user/cd/cps291/src/doit/slides/tcp img029.GIF
97.12.10 03:10 B C:\doit\slides\tcp\img030.GIF --> arctic.cps.msu.edu /user/cd/cps291/src/doit/slides/tcp img030.GIF
97.12.10 03:10 B C:\doit\slides\tcp\img031.GIF --> arctic.cps.msu.edu /user/cd/cps291/src/doit/slides/tcp img031.GIF
97.12.10 03:10 B C:\doit\slides\tcp\img032.GIF --> arctic.cps.msu.edu /user/cd/cps291/src/doit/slides/tcp img032.GIF
97.12.10 03:10 B C:\doit\slides\tcp\img033.GIF --> arctic.cps.msu.edu /user/cd/cps291/src/doit/slides/tcp img033.GIF
97.12.10 03:10 B C:\doit\slides\tcp\img034.GIF --> arctic.cps.msu.edu /user/cd/cps291/src/doit/slides/tcp img034.GIF
97.12.10 03:10 B C:\doit\slides\tcp\img035.GIF --> arctic.cps.msu.edu /user/cd/cps291/src/doit/slides/tcp img035.GIF
97.12.10 03:10 B C:\doit\slides\tcp\img036.GIF --> arctic.cps.msu.edu /user/cd/cps291/src/doit/slides/tcp img036.GIF
97.12.10 03:10 B C:\doit\slides\tcp\img037.GIF --> arctic.cps.msu.edu /user/cd/cps291/src/doit/slides/tcp img037.GIF
97.12.10 03:10 B C:\doit\slides\tcp\img038.GIF --> arctic.cps.msu.edu /user/cd/cps291/src/doit/slides/tcp img038.GIF
97.12.10 03:10 B C:\doit\slides\tcp\index.htm --> arctic.cps.msu.edu /user/cd/cps291/src/doit/slides/tcp index.htm
97.12.10 03:10 B C:\doit\slides\tcp\pptani.gif --> arctic.cps.msu.edu /user/cd/cps291/src/doit/slides/tcp pptani.gif
97.12.10 03:10 B C:\doit\slides\tcp\sld001.htm --> arctic.cps.msu.edu /user/cd/cps291/src/doit/slides/tcp sld001.htm
97.12.10 03:10 B C:\doit\slides\tcp\sld002.htm --> arctic.cps.msu.edu /user/cd/cps291/src/doit/slides/tcp sld002.htm
97.12.10 03:10 B C:\doit\slides\tcp\sld003.htm --> arctic.cps.msu.edu /user/cd/cps291/src/doit/slides/tcp sld003.htm
97.12.10 03:10 B C:\doit\slides\tcp\sld004.htm --> arctic.cps.msu.edu /user/cd/cps291/src/doit/slides/tcp sld004.htm
97.12.10 03:10 B C:\doit\slides\tcp\sld005.htm --> arctic.cps.msu.edu /user/cd/cps291/src/doit/slides/tcp sld005.htm
97.12.10 03:10 B C:\doit\slides\tcp\sld006.htm --> arctic.cps.msu.edu /user/cd/cps291/src/doit/slides/tcp sld006.htm
97.12.10 03:10 B C:\doit\slides\tcp\sld007.htm --> arctic.cps.msu.edu /user/cd/cps291/src/doit/slides/tcp sld007.htm
97.12.10 03:10 B C:\doit\slides\tcp\sld008.htm --> arctic.cps.msu.edu /user/cd/cps291/src/doit/slides/tcp sld008.htm
97.12.10 03:10 B C:\doit\slides\tcp\sld009.htm --> arctic.cps.msu.edu /user/cd/cps291/src/doit/slides/tcp sld009.htm
97.12.10 03:10 B C:\doit\slides\tcp\sld010.htm --> arctic.cps.msu.edu /user/cd/cps291/src/doit/slides/tcp sld010.htm
97.12.10 03:10 B C:\doit\slides\tcp\sld011.htm --> arctic.cps.msu.edu /user/cd/cps291/src/doit/slides/tcp sld011.htm
97.12.10 03:10 B C:\doit\slides\tcp\sld012.htm --> arctic.cps.msu.edu /user/cd/cps291/src/doit/slides/tcp sld012.htm
97.12.10 03:10 B C:\doit\slides\tcp\sld013.htm --> arctic.cps.msu.edu /user/cd/cps291/src/doit/slides/tcp sld013.htm
97.12.10 03:10 B C:\doit\slides\tcp\sld014.htm --> arctic.cps.msu.edu /user/cd/cps291/src/doit/slides/tcp sld014.htm
97.12.10 03:10 B C:\doit\slides\tcp\sld015.htm --> arctic.cps.msu.edu /user/cd/cps291/src/doit/slides/tcp sld015.htm
97.12.10 03:10 B C:\doit\slides\tcp\sld016.htm --> arctic.cps.msu.edu /user/cd/cps291/src/doit/slides/tcp sld016.htm
97.12.10 03:10 B C:\doit\slides\tcp\sld017.htm --> arctic.cps.msu.edu /user/cd/cps291/src/doit/slides/tcp sld017.htm
97.12.10 03:10 B C:\doit\slides\tcp\sld018.htm --> arctic.cps.msu.edu /user/cd/cps291/src/doit/slides/tcp sld018.htm
97.12.10 03:10 B C:\doit\slides\tcp\sld019.htm --> arctic.cps.msu.edu /user/cd/cps291/src/doit/slides/tcp sld019.htm
97.12.10 03:10 B C:\doit\slides\tcp\sld020.htm --> arctic.cps.msu.edu /user/cd/cps291/src/doit/slides/tcp sld020.htm
97.12.10 03:10 B C:\doit\slides\tcp\sld021.htm --> arctic.cps.msu.edu /user/cd/cps291/src/doit/slides/tcp sld021.htm
97.12.10 03:10 B C:\doit\slides\tcp\sld022.htm --> arctic.cps.msu.edu /user/cd/cps291/src/doit/slides/tcp sld022.htm
97.12.10 03:10 B C:\doit\slides\tcp\sld023.htm --> arctic.cps.msu.edu /user/cd/cps291/src/doit/slides/tcp sld023.htm
97.12.10 03:10 B C:\doit\slides\tcp\sld024.htm --> arctic.cps.msu.edu /user/cd/cps291/src/doit/slides/tcp sld024.htm
97.12.10 03:10 B C:\doit\slides\tcp\sld025.htm --> arctic.cps.msu.edu /user/cd/cps291/src/doit/slides/tcp sld025.htm
97.12.10 03:10 B C:\doit\slides\tcp\sld026.htm --> arctic.cps.msu.edu /user/cd/cps291/src/doit/slides/tcp sld026.htm
97.12.10 03:10 B C:\doit\slides\tcp\sld027.htm --> arctic.cps.msu.edu /user/cd/cps291/src/doit/slides/tcp sld027.htm
97.12.10 03:10 B C:\doit\slides\tcp\sld028.htm --> arctic.cps.msu.edu /user/cd/cps291/src/doit/slides/tcp sld028.htm
97.12.10 03:10 B C:\doit\slides\tcp\sld029.htm --> arctic.cps.msu.edu /user/cd/cps291/src/doit/slides/tcp sld029.htm
97.12.10 03:10 B C:\doit\slides\tcp\sld030.htm --> arctic.cps.msu.edu /user/cd/cps291/src/doit/slides/tcp sld030.htm
97.12.10 03:10 B C:\doit\slides\tcp\sld031.htm --> arctic.cps.msu.edu /user/cd/cps291/src/doit/slides/tcp sld031.htm
97.12.10 03:10 B C:\doit\slides\tcp\sld032.htm --> arctic.cps.msu.edu /user/cd/cps291/src/doit/slides/tcp sld032.htm
97.12.10 03:10 B C:\doit\slides\tcp\sld033.htm --> arctic.cps.msu.edu /user/cd/cps291/src/doit/slides/tcp sld033.htm
97.12.10 03:10 B C:\doit\slides\tcp\sld034.htm --> arctic.cps.msu.edu /user/cd/cps291/src/doit/slides/tcp sld034.htm
97.12.10 03:10 B C:\doit\slides\tcp\sld035.htm --> arctic.cps.msu.edu /user/cd/cps291/src/doit/slides/tcp sld035.htm
97.12.10 03:10 B C:\doit\slides\tcp\sld036.htm --> arctic.cps.msu.edu /user/cd/cps291/src/doit/slides/tcp sld036.htm
97.12.10 03:10 B C:\doit\slides\tcp\sld037.htm --> arctic.cps.msu.edu /user/cd/cps291/src/doit/slides/tcp sld037.htm
97.12.10 03:10 B C:\doit\slides\tcp\sld038.htm --> arctic.cps.msu.edu /user/cd/cps291/src/doit/slides/tcp sld038.htm
97.12.10 03:10 B C:\doit\slides\tcp\space.gif --> arctic.cps.msu.edu /user/cd/cps291/src/doit/slides/tcp space.gif
97.12.10 03:10 B C:\doit\slides\tcp\tsld001.htm --> arctic.cps.msu.edu /user/cd/cps291/src/doit/slides/tcp tsld001.htm
97.12.10 03:10 B C:\doit\slides\tcp\tsld002.htm --> arctic.cps.msu.edu /user/cd/cps291/src/doit/slides/tcp tsld002.htm
97.12.10 03:10 B C:\doit\slides\tcp\tsld003.htm --> arctic.cps.msu.edu /user/cd/cps291/src/doit/slides/tcp tsld003.htm
97.12.10 03:10 B C:\doit\slides\tcp\tsld004.htm --> arctic.cps.msu.edu /user/cd/cps291/src/doit/slides/tcp tsld004.htm
97.12.10 03:10 B C:\doit\slides\tcp\tsld005.htm --> arctic.cps.msu.edu /user/cd/cps291/src/doit/slides/tcp tsld005.htm
97.12.10 03:10 B C:\doit\slides\tcp\tsld006.htm --> arctic.cps.msu.edu /user/cd/cps291/src/doit/slides/tcp tsld006.htm
97.12.10 03:10 B C:\doit\slides\tcp\tsld007.htm --> arctic.cps.msu.edu /user/cd/cps291/src/doit/slides/tcp tsld007.htm
97.12.10 03:10 B C:\doit\slides\tcp\tsld008.htm --> arctic.cps.msu.edu /user/cd/cps291/src/doit/slides/tcp tsld008.htm
97.12.10 03:10 B C:\doit\slides\tcp\tsld009.htm --> arctic.cps.msu.edu /user/cd/cps291/src/doit/slides/tcp tsld009.htm
97.12.10 03:10 B C:\doit\slides\tcp\tsld010.htm --> arctic.cps.msu.edu /user/cd/cps291/src/doit/slides/tcp tsld010.htm
97.12.10 03:10 B C:\doit\slides\tcp\tsld011.htm --> arctic.cps.msu.edu /user/cd/cps291/src/doit/slides/tcp tsld011.htm
97.12.10 03:10 B C:\doit\slides\tcp\tsld012.htm --> arctic.cps.msu.edu /user/cd/cps291/src/doit/slides/tcp tsld012.htm
97.12.10 03:10 B C:\doit\slides\tcp\tsld013.htm --> arctic.cps.msu.edu /user/cd/cps291/src/doit/slides/tcp tsld013.htm
97.12.10 03:10 B C:\doit\slides\tcp\tsld014.htm --> arctic.cps.msu.edu /user/cd/cps291/src/doit/slides/tcp tsld014.htm
97.12.10 03:10 B C:\doit\slides\tcp\tsld015.htm --> arctic.cps.msu.edu /user/cd/cps291/src/doit/slides/tcp tsld015.htm
97.12.10 03:10 B C:\doit\slides\tcp\tsld016.htm --> arctic.cps.msu.edu /user/cd/cps291/src/doit/slides/tcp tsld016.htm
97.12.10 03:10 B C:\doit\slides\tcp\tsld017.htm --> arctic.cps.msu.edu /user/cd/cps291/src/doit/slides/tcp tsld017.htm
97.12.10 03:10 B C:\doit\slides\tcp\tsld018.htm --> arctic.cps.msu.edu /user/cd/cps291/src/doit/slides/tcp tsld018.htm
97.12.10 03:10 B C:\doit\slides\tcp\tsld019.htm --> arctic.cps.msu.edu /user/cd/cps291/src/doit/slides/tcp tsld019.htm
97.12.10 03:10 B C:\doit\slides\tcp\tsld020.htm --> arctic.cps.msu.edu /user/cd/cps291/src/doit/slides/tcp tsld020.htm
97.12.10 03:10 B C:\doit\slides\tcp\tsld021.htm --> arctic.cps.msu.edu /user/cd/cps291/src/doit/slides/tcp tsld021.htm
97.12.10 03:10 B C:\doit\slides\tcp\tsld022.htm --> arctic.cps.msu.edu /user/cd/cps291/src/doit/slides/tcp tsld022.htm
97.12.10 03:10 B C:\doit\slides\tcp\tsld023.htm --> arctic.cps.msu.edu /user/cd/cps291/src/doit/slides/tcp tsld023.htm
97.12.10 03:10 B C:\doit\slides\tcp\tsld024.htm --> arctic.cps.msu.edu /user/cd/cps291/src/doit/slides/tcp tsld024.htm
97.12.10 03:10 B C:\doit\slides\tcp\tsld025.htm --> arctic.cps.msu.edu /user/cd/cps291/src/doit/slides/tcp tsld025.htm
97.12.10 03:10 B C:\doit\slides\tcp\tsld026.htm --> arctic.cps.msu.edu /user/cd/cps291/src/doit/slides/tcp tsld026.htm
97.12.10 03:10 B C:\doit\slides\tcp\tsld027.htm --> arctic.cps.msu.edu /user/cd/cps291/src/doit/slides/tcp tsld027.htm
97.12.10 03:10 B C:\doit\slides\tcp\tsld028.htm --> arctic.cps.msu.edu /user/cd/cps291/src/doit/slides/tcp tsld028.htm
97.12.10 03:10 B C:\doit\slides\tcp\tsld029.htm --> arctic.cps.msu.edu /user/cd/cps291/src/doit/slides/tcp tsld029.htm
97.12.10 03:10 B C:\doit\slides\tcp\tsld030.htm --> arctic.cps.msu.edu /user/cd/cps291/src/doit/slides/tcp tsld030.htm
97.12.10 03:10 B C:\doit\slides\tcp\tsld031.htm --> arctic.cps.msu.edu /user/cd/cps291/src/doit/slides/tcp tsld031.htm
97.12.10 03:10 B C:\doit\slides\tcp\tsld032.htm --> arctic.cps.msu.edu /user/cd/cps291/src/doit/slides/tcp tsld032.htm
97.12.10 03:10 B C:\doit\slides\tcp\tsld033.htm --> arctic.cps.msu.edu /user/cd/cps291/src/doit/slides/tcp tsld033.htm
97.12.10 03:10 B C:\doit\slides\tcp\tsld034.htm --> arctic.cps.msu.edu /user/cd/cps291/src/doit/slides/tcp tsld034.htm
97.12.10 03:10 B C:\doit\slides\tcp\tsld035.htm --> arctic.cps.msu.edu /user/cd/cps291/src/doit/slides/tcp tsld035.htm
97.12.10 03:10 B C:\doit\slides\tcp\tsld036.htm --> arctic.cps.msu.edu /user/cd/cps291/src/doit/slides/tcp tsld036.htm
97.12.10 03:10 B C:\doit\slides\tcp\tsld037.htm --> arctic.cps.msu.edu /user/cd/cps291/src/doit/slides/tcp tsld037.htm
97.12.10 03:10 B C:\doit\slides\tcp\tsld038.htm --> arctic.cps.msu.edu /user/cd/cps291/src/doit/slides/tcp tsld038.htm
97.12.10 03:10 B C:\doit\slides\tcp\WS_FTP.LOG --> arctic.cps.msu.edu /user/cd/cps291/src/doit/slides/tcp WS_FTP.LOG
98.03.12 23:02 B D:\syncomat\htm_sld\tcp\ielogo.gif --> cps.msu.edu /user/cd/cps291/syncomat/htm_sld/tcp ielogo.gif
98.03.12 23:02 B D:\syncomat\htm_sld\tcp\img001.GIF --> cps.msu.edu /user/cd/cps291/syncomat/htm_sld/tcp img001.GIF
98.03.12 23:02 B D:\syncomat\htm_sld\tcp\img002.GIF --> cps.msu.edu /user/cd/cps291/syncomat/htm_sld/tcp img002.GIF
98.03.12 23:02 B D:\syncomat\htm_sld\tcp\img003.GIF --> cps.msu.edu /user/cd/cps291/syncomat/htm_sld/tcp img003.GIF
98.03.12 23:02 B D:\syncomat\htm_sld\tcp\img004.GIF --> cps.msu.edu /user/cd/cps291/syncomat/htm_sld/tcp img004.GIF
98.03.12 23:02 B D:\syncomat\htm_sld\tcp\img005.GIF --> cps.msu.edu /user/cd/cps291/syncomat/htm_sld/tcp img005.GIF
98.03.12 23:02 B D:\syncomat\htm_sld\tcp\img006.GIF --> cps.msu.edu /user/cd/cps291/syncomat/htm_sld/tcp img006.GIF
98.03.12 23:02 B D:\syncomat\htm_sld\tcp\img007.GIF --> cps.msu.edu /user/cd/cps291/syncomat/htm_sld/tcp img007.GIF
98.03.12 23:02 B D:\syncomat\htm_sld\tcp\img008.GIF --> cps.msu.edu /user/cd/cps291/syncomat/htm_sld/tcp img008.GIF
98.03.12 23:02 B D:\syncomat\htm_sld\tcp\img009.GIF --> cps.msu.edu /user/cd/cps291/syncomat/htm_sld/tcp img009.GIF
98.03.12 23:02 B D:\syncomat\htm_sld\tcp\img010.GIF --> cps.msu.edu /user/cd/cps291/syncomat/htm_sld/tcp img010.GIF
98.03.12 23:02 B D:\syncomat\htm_sld\tcp\img011.GIF --> cps.msu.edu /user/cd/cps291/syncomat/htm_sld/tcp img011.GIF
98.03.12 23:02 B D:\syncomat\htm_sld\tcp\img012.GIF --> cps.msu.edu /user/cd/cps291/syncomat/htm_sld/tcp img012.GIF
98.03.12 23:02 B D:\syncomat\htm_sld\tcp\img013.GIF --> cps.msu.edu /user/cd/cps291/syncomat/htm_sld/tcp img013.GIF
98.03.12 23:02 B D:\syncomat\htm_sld\tcp\img014.GIF --> cps.msu.edu /user/cd/cps291/syncomat/htm_sld/tcp img014.GIF
98.03.12 23:02 B D:\syncomat\htm_sld\tcp\img015.GIF --> cps.msu.edu /user/cd/cps291/syncomat/htm_sld/tcp img015.GIF
98.03.12 23:02 B D:\syncomat\htm_sld\tcp\img016.GIF --> cps.msu.edu /user/cd/cps291/syncomat/htm_sld/tcp img016.GIF
98.03.12 23:02 B D:\syncomat\htm_sld\tcp\img017.GIF --> cps.msu.edu /user/cd/cps291/syncomat/htm_sld/tcp img017.GIF
98.03.12 23:02 B D:\syncomat\htm_sld\tcp\img018.GIF --> cps.msu.edu /user/cd/cps291/syncomat/htm_sld/tcp img018.GIF
98.03.12 23:02 B D:\syncomat\htm_sld\tcp\img019.GIF --> cps.msu.edu /user/cd/cps291/syncomat/htm_sld/tcp img019.GIF
98.03.12 23:02 B D:\syncomat\htm_sld\tcp\img020.GIF --> cps.msu.edu /user/cd/cps291/syncomat/htm_sld/tcp img020.GIF
98.03.12 23:02 B D:\syncomat\htm_sld\tcp\img021.GIF --> cps.msu.edu /user/cd/cps291/syncomat/htm_sld/tcp img021.GIF
98.03.12 23:02 B D:\syncomat\htm_sld\tcp\img022.GIF --> cps.msu.edu /user/cd/cps291/syncomat/htm_sld/tcp img022.GIF
98.03.12 23:02 B D:\syncomat\htm_sld\tcp\img023.GIF --> cps.msu.edu /user/cd/cps291/syncomat/htm_sld/tcp img023.GIF
98.03.12 23:02 B D:\syncomat\htm_sld\tcp\img024.GIF --> cps.msu.edu /user/cd/cps291/syncomat/htm_sld/tcp img024.GIF
98.03.12 23:02 B D:\syncomat\htm_sld\tcp\img025.GIF --> cps.msu.edu /user/cd/cps291/syncomat/htm_sld/tcp img025.GIF
98.03.12 23:02 B D:\syncomat\htm_sld\tcp\img026.GIF --> cps.msu.edu /user/cd/cps291/syncomat/htm_sld/tcp img026.GIF
98.03.12 23:02 B D:\syncomat\htm_sld\tcp\img027.GIF --> cps.msu.edu /user/cd/cps291/syncomat/htm_sld/tcp img027.GIF
98.03.12 23:02 B D:\syncomat\htm_sld\tcp\img028.GIF --> cps.msu.edu /user/cd/cps291/syncomat/htm_sld/tcp img028.GIF
98.03.12 23:02 B D:\syncomat\htm_sld\tcp\img029.GIF --> cps.msu.edu /user/cd/cps291/syncomat/htm_sld/tcp img029.GIF
98.03.12 23:02 B D:\syncomat\htm_sld\tcp\img030.GIF --> cps.msu.edu /user/cd/cps291/syncomat/htm_sld/tcp img030.GIF
98.03.12 23:02 B D:\syncomat\htm_sld\tcp\img031.GIF --> cps.msu.edu /user/cd/cps291/syncomat/htm_sld/tcp img031.GIF
98.03.12 23:02 B D:\syncomat\htm_sld\tcp\img032.GIF --> cps.msu.edu /user/cd/cps291/syncomat/htm_sld/tcp img032.GIF
98.03.12 23:02 B D:\syncomat\htm_sld\tcp\img033.GIF --> cps.msu.edu /user/cd/cps291/syncomat/htm_sld/tcp img033.GIF
98.03.12 23:02 B D:\syncomat\htm_sld\tcp\img034.GIF --> cps.msu.edu /user/cd/cps291/syncomat/htm_sld/tcp img034.GIF
98.03.12 23:02 B D:\syncomat\htm_sld\tcp\img035.GIF --> cps.msu.edu /user/cd/cps291/syncomat/htm_sld/tcp img035.GIF
98.03.12 23:02 B D:\syncomat\htm_sld\tcp\img036.GIF --> cps.msu.edu /user/cd/cps291/syncomat/htm_sld/tcp img036.GIF
98.03.12 23:02 B D:\syncomat\htm_sld\tcp\img037.GIF --> cps.msu.edu /user/cd/cps291/syncomat/htm_sld/tcp img037.GIF
98.03.12 23:02 B D:\syncomat\htm_sld\tcp\img038.GIF --> cps.msu.edu /user/cd/cps291/syncomat/htm_sld/tcp img038.GIF
98.03.12 23:02 B D:\syncomat\htm_sld\tcp\index.htm --> cps.msu.edu /user/cd/cps291/syncomat/htm_sld/tcp index.htm
98.03.12 23:02 B D:\syncomat\htm_sld\tcp\pptani.gif --> cps.msu.edu /user/cd/cps291/syncomat/htm_sld/tcp pptani.gif
98.03.12 23:02 B D:\syncomat\htm_sld\tcp\sld001.htm --> cps.msu.edu /user/cd/cps291/syncomat/htm_sld/tcp sld001.htm
98.03.12 23:02 B D:\syncomat\htm_sld\tcp\sld002.htm --> cps.msu.edu /user/cd/cps291/syncomat/htm_sld/tcp sld002.htm
98.03.12 23:02 B D:\syncomat\htm_sld\tcp\sld003.htm --> cps.msu.edu /user/cd/cps291/syncomat/htm_sld/tcp sld003.htm
98.03.12 23:02 B D:\syncomat\htm_sld\tcp\sld004.htm --> cps.msu.edu /user/cd/cps291/syncomat/htm_sld/tcp sld004.htm
98.03.12 23:02 B D:\syncomat\htm_sld\tcp\sld005.htm --> cps.msu.edu /user/cd/cps291/syncomat/htm_sld/tcp sld005.htm
98.03.12 23:03 B D:\syncomat\htm_sld\tcp\sld006.htm --> cps.msu.edu /user/cd/cps291/syncomat/htm_sld/tcp sld006.htm
98.03.12 23:03 B D:\syncomat\htm_sld\tcp\sld007.htm --> cps.msu.edu /user/cd/cps291/syncomat/htm_sld/tcp sld007.htm
98.03.12 23:03 B D:\syncomat\htm_sld\tcp\sld008.htm --> cps.msu.edu /user/cd/cps291/syncomat/htm_sld/tcp sld008.htm
98.03.12 23:03 B D:\syncomat\htm_sld\tcp\sld009.htm --> cps.msu.edu /user/cd/cps291/syncomat/htm_sld/tcp sld009.htm
98.03.12 23:03 B D:\syncomat\htm_sld\tcp\sld010.htm --> cps.msu.edu /user/cd/cps291/syncomat/htm_sld/tcp sld010.htm
98.03.12 23:03 B D:\syncomat\htm_sld\tcp\sld011.htm --> cps.msu.edu /user/cd/cps291/syncomat/htm_sld/tcp sld011.htm
98.03.12 23:03 B D:\syncomat\htm_sld\tcp\sld012.htm --> cps.msu.edu /user/cd/cps291/syncomat/htm_sld/tcp sld012.htm
98.03.12 23:03 B D:\syncomat\htm_sld\tcp\sld013.htm --> cps.msu.edu /user/cd/cps291/syncomat/htm_sld/tcp sld013.htm
98.03.12 23:03 B D:\syncomat\htm_sld\tcp\sld014.htm --> cps.msu.edu /user/cd/cps291/syncomat/htm_sld/tcp sld014.htm
98.03.12 23:03 B D:\syncomat\htm_sld\tcp\sld015.htm --> cps.msu.edu /user/cd/cps291/syncomat/htm_sld/tcp sld015.htm
98.03.12 23:03 B D:\syncomat\htm_sld\tcp\sld016.htm --> cps.msu.edu /user/cd/cps291/syncomat/htm_sld/tcp sld016.htm
98.03.12 23:03 B D:\syncomat\htm_sld\tcp\sld017.htm --> cps.msu.edu /user/cd/cps291/syncomat/htm_sld/tcp sld017.htm
98.03.12 23:03 B D:\syncomat\htm_sld\tcp\sld018.htm --> cps.msu.edu /user/cd/cps291/syncomat/htm_sld/tcp sld018.htm
98.03.12 23:03 B D:\syncomat\htm_sld\tcp\sld019.htm --> cps.msu.edu /user/cd/cps291/syncomat/htm_sld/tcp sld019.htm
98.03.12 23:03 B D:\syncomat\htm_sld\tcp\sld020.htm --> cps.msu.edu /user/cd/cps291/syncomat/htm_sld/tcp sld020.htm
98.03.12 23:03 B D:\syncomat\htm_sld\tcp\sld021.htm --> cps.msu.edu /user/cd/cps291/syncomat/htm_sld/tcp sld021.htm
98.03.12 23:03 B D:\syncomat\htm_sld\tcp\sld022.htm --> cps.msu.edu /user/cd/cps291/syncomat/htm_sld/tcp sld022.htm
98.03.12 23:03 B D:\syncomat\htm_sld\tcp\sld023.htm --> cps.msu.edu /user/cd/cps291/syncomat/htm_sld/tcp sld023.htm
98.03.12 23:03 B D:\syncomat\htm_sld\tcp\sld024.htm --> cps.msu.edu /user/cd/cps291/syncomat/htm_sld/tcp sld024.htm
98.03.12 23:03 B D:\syncomat\htm_sld\tcp\sld025.htm --> cps.msu.edu /user/cd/cps291/syncomat/htm_sld/tcp sld025.htm
98.03.12 23:03 B D:\syncomat\htm_sld\tcp\sld026.htm --> cps.msu.edu /user/cd/cps291/syncomat/htm_sld/tcp sld026.htm
98.03.12 23:03 B D:\syncomat\htm_sld\tcp\sld027.htm --> cps.msu.edu /user/cd/cps291/syncomat/htm_sld/tcp sld027.htm
98.03.12 23:03 B D:\syncomat\htm_sld\tcp\sld028.htm --> cps.msu.edu /user/cd/cps291/syncomat/htm_sld/tcp sld028.htm
98.03.12 23:03 B D:\syncomat\htm_sld\tcp\sld029.htm --> cps.msu.edu /user/cd/cps291/syncomat/htm_sld/tcp sld029.htm
98.03.12 23:03 B D:\syncomat\htm_sld\tcp\sld030.htm --> cps.msu.edu /user/cd/cps291/syncomat/htm_sld/tcp sld030.htm
98.03.12 23:03 B D:\syncomat\htm_sld\tcp\sld031.htm --> cps.msu.edu /user/cd/cps291/syncomat/htm_sld/tcp sld031.htm
98.03.12 23:03 B D:\syncomat\htm_sld\tcp\sld032.htm --> cps.msu.edu /user/cd/cps291/syncomat/htm_sld/tcp sld032.htm
98.03.12 23:03 B D:\syncomat\htm_sld\tcp\sld033.htm --> cps.msu.edu /user/cd/cps291/syncomat/htm_sld/tcp sld033.htm
98.03.12 23:03 B D:\syncomat\htm_sld\tcp\sld034.htm --> cps.msu.edu /user/cd/cps291/syncomat/htm_sld/tcp sld034.htm
98.03.12 23:03 B D:\syncomat\htm_sld\tcp\sld035.htm --> cps.msu.edu /user/cd/cps291/syncomat/htm_sld/tcp sld035.htm
98.03.12 23:03 B D:\syncomat\htm_sld\tcp\sld036.htm --> cps.msu.edu /user/cd/cps291/syncomat/htm_sld/tcp sld036.htm
98.03.12 23:03 B D:\syncomat\htm_sld\tcp\sld037.htm --> cps.msu.edu /user/cd/cps291/syncomat/htm_sld/tcp sld037.htm
98.03.12 23:03 B D:\syncomat\htm_sld\tcp\sld038.htm --> cps.msu.edu /user/cd/cps291/syncomat/htm_sld/tcp sld038.htm
98.03.12 23:03 B D:\syncomat\htm_sld\tcp\space.gif --> cps.msu.edu /user/cd/cps291/syncomat/htm_sld/tcp space.gif
98.03.12 23:03 B D:\syncomat\htm_sld\tcp\tsld001.htm --> cps.msu.edu /user/cd/cps291/syncomat/htm_sld/tcp tsld001.htm
98.03.12 23:03 B D:\syncomat\htm_sld\tcp\tsld002.htm --> cps.msu.edu /user/cd/cps291/syncomat/htm_sld/tcp tsld002.htm
98.03.12 23:03 B D:\syncomat\htm_sld\tcp\tsld003.htm --> cps.msu.edu /user/cd/cps291/syncomat/htm_sld/tcp tsld003.htm
98.03.12 23:03 B D:\syncomat\htm_sld\tcp\tsld004.htm --> cps.msu.edu /user/cd/cps291/syncomat/htm_sld/tcp tsld004.htm
98.03.12 23:03 B D:\syncomat\htm_sld\tcp\tsld005.htm --> cps.msu.edu /user/cd/cps291/syncomat/htm_sld/tcp tsld005.htm
98.03.12 23:03 B D:\syncomat\htm_sld\tcp\tsld006.htm --> cps.msu.edu /user/cd/cps291/syncomat/htm_sld/tcp tsld006.htm
98.03.12 23:03 B D:\syncomat\htm_sld\tcp\tsld007.htm --> cps.msu.edu /user/cd/cps291/syncomat/htm_sld/tcp tsld007.htm
98.03.12 23:03 B D:\syncomat\htm_sld\tcp\tsld008.htm --> cps.msu.edu /user/cd/cps291/syncomat/htm_sld/tcp tsld008.htm
98.03.12 23:03 B D:\syncomat\htm_sld\tcp\tsld009.htm --> cps.msu.edu /user/cd/cps291/syncomat/htm_sld/tcp tsld009.htm
98.03.12 23:03 B D:\syncomat\htm_sld\tcp\tsld010.htm --> cps.msu.edu /user/cd/cps291/syncomat/htm_sld/tcp tsld010.htm
98.03.12 23:03 B D:\syncomat\htm_sld\tcp\tsld011.htm --> cps.msu.edu /user/cd/cps291/syncomat/htm_sld/tcp tsld011.htm
98.03.12 23:03 B D:\syncomat\htm_sld\tcp\tsld012.htm --> cps.msu.edu /user/cd/cps291/syncomat/htm_sld/tcp tsld012.htm
98.03.12 23:03 B D:\syncomat\htm_sld\tcp\tsld013.htm --> cps.msu.edu /user/cd/cps291/syncomat/htm_sld/tcp tsld013.htm
98.03.12 23:03 B D:\syncomat\htm_sld\tcp\tsld014.htm --> cps.msu.edu /user/cd/cps291/syncomat/htm_sld/tcp tsld014.htm
98.03.12 23:03 B D:\syncomat\htm_sld\tcp\tsld015.htm --> cps.msu.edu /user/cd/cps291/syncomat/htm_sld/tcp tsld015.htm
98.03.12 23:03 B D:\syncomat\htm_sld\tcp\tsld016.htm --> cps.msu.edu /user/cd/cps291/syncomat/htm_sld/tcp tsld016.htm
98.03.12 23:03 B D:\syncomat\htm_sld\tcp\tsld017.htm --> cps.msu.edu /user/cd/cps291/syncomat/htm_sld/tcp tsld017.htm
98.03.12 23:03 B D:\syncomat\htm_sld\tcp\tsld018.htm --> cps.msu.edu /user/cd/cps291/syncomat/htm_sld/tcp tsld018.htm
98.03.12 23:03 B D:\syncomat\htm_sld\tcp\tsld019.htm --> cps.msu.edu /user/cd/cps291/syncomat/htm_sld/tcp tsld019.htm
98.03.12 23:03 B D:\syncomat\htm_sld\tcp\tsld020.htm --> cps.msu.edu /user/cd/cps291/syncomat/htm_sld/tcp tsld020.htm
98.03.12 23:03 B D:\syncomat\htm_sld\tcp\tsld021.htm --> cps.msu.edu /user/cd/cps291/syncomat/htm_sld/tcp tsld021.htm
98.03.12 23:03 B D:\syncomat\htm_sld\tcp\tsld022.htm --> cps.msu.edu /user/cd/cps291/syncomat/htm_sld/tcp tsld022.htm
98.03.12 23:03 B D:\syncomat\htm_sld\tcp\tsld023.htm --> cps.msu.edu /user/cd/cps291/syncomat/htm_sld/tcp tsld023.htm
98.03.12 23:03 B D:\syncomat\htm_sld\tcp\tsld024.htm --> cps.msu.edu /user/cd/cps291/syncomat/htm_sld/tcp tsld024.htm
98.03.12 23:03 B D:\syncomat\htm_sld\tcp\tsld025.htm --> cps.msu.edu /user/cd/cps291/syncomat/htm_sld/tcp tsld025.htm
98.03.12 23:03 B D:\syncomat\htm_sld\tcp\tsld026.htm --> cps.msu.edu /user/cd/cps291/syncomat/htm_sld/tcp tsld026.htm
98.03.12 23:03 B D:\syncomat\htm_sld\tcp\tsld027.htm --> cps.msu.edu /user/cd/cps291/syncomat/htm_sld/tcp tsld027.htm
98.03.12 23:03 B D:\syncomat\htm_sld\tcp\tsld028.htm --> cps.msu.edu /user/cd/cps291/syncomat/htm_sld/tcp tsld028.htm
98.03.12 23:03 B D:\syncomat\htm_sld\tcp\tsld029.htm --> cps.msu.edu /user/cd/cps291/syncomat/htm_sld/tcp tsld029.htm
98.03.12 23:03 B D:\syncomat\htm_sld\tcp\tsld030.htm --> cps.msu.edu /user/cd/cps291/syncomat/htm_sld/tcp tsld030.htm
98.03.12 23:03 B D:\syncomat\htm_sld\tcp\tsld031.htm --> cps.msu.edu /user/cd/cps291/syncomat/htm_sld/tcp tsld031.htm
98.03.12 23:03 B D:\syncomat\htm_sld\tcp\tsld032.htm --> cps.msu.edu /user/cd/cps291/syncomat/htm_sld/tcp tsld032.htm
98.03.12 23:03 B D:\syncomat\htm_sld\tcp\tsld033.htm --> cps.msu.edu /user/cd/cps291/syncomat/htm_sld/tcp tsld033.htm
98.03.12 23:03 B D:\syncomat\htm_sld\tcp\tsld034.htm --> cps.msu.edu /user/cd/cps291/syncomat/htm_sld/tcp tsld034.htm
98.03.12 23:03 B D:\syncomat\htm_sld\tcp\tsld035.htm --> cps.msu.edu /user/cd/cps291/syncomat/htm_sld/tcp tsld035.htm
98.03.12 23:03 B D:\syncomat\htm_sld\tcp\tsld036.htm --> cps.msu.edu /user/cd/cps291/syncomat/htm_sld/tcp tsld036.htm
98.03.12 23:03 B D:\syncomat\htm_sld\tcp\tsld037.htm --> cps.msu.edu /user/cd/cps291/syncomat/htm_sld/tcp tsld037.htm
98.03.12 23:03 B D:\syncomat\htm_sld\tcp\tsld038.htm --> cps.msu.edu /user/cd/cps291/syncomat/htm_sld/tcp tsld038.htm
98.03.12 23:03 B D:\syncomat\htm_sld\tcp\WS_FTP.LOG --> cps.msu.edu /user/cd/cps291/syncomat/htm_sld/tcp WS_FTP.LOG
